[
  {
    "raw_dockerfile": "FROM python:3.7-alpine\n\n# Build dependencies\nRUN apk add build-base gcc\n\n# Layer caching\nCOPY requirements.txt /\nRUN pip install -r /requirements.txt\n\nCOPY . /EvilOSX\nWORKDIR /EvilOSX\n\nCMD [\"python\", \"start.py\"]",
    "raw_stdout_log": "Sending build context to Docker daemon  1.613MB\r\r\nStep 1/7 : FROM python:3.7-alpine\n3.7-alpine: Pulling from library/python\ndf20fa9351a1: Already exists\n36b3adc4ff6f: Already exists\nd4f879c74e1d: Pulling fs layer\n6064e23ad526: Pulling fs layer\nff64a3b3d6f3: Pulling fs layer\n6064e23ad526: Download complete\nff64a3b3d6f3: Verifying Checksum\nff64a3b3d6f3: Download complete\nd4f879c74e1d: Verifying Checksum\nd4f879c74e1d: Download complete\nd4f879c74e1d: Pull complete\n6064e23ad526: Pull complete\nff64a3b3d6f3: Pull complete\nDigest: sha256:3bb2acc9bd988159abe35442a208895de22b76ecdbf565c636edbf01551d9905\nStatus: Downloaded newer image for python:3.7-alpine\n ---> 6ca3e0b1ab69\nStep 2/7 : RUN apk add build-base gcc\n ---> Running in b3a6e094b5bc\nfetch http://dl-cdn.alpinelinux.org/alpine/v3.12/main/x86_64/APKINDEX.tar.gz\nfetch http://dl-cdn.alpinelinux.org/alpine/v3.12/community/x86_64/APKINDEX.tar.gz\n(1/20) Installing libgcc (9.3.0-r2)\n(2/20) Installing libstdc++ (9.3.0-r2)\n(3/20) Installing binutils (2.34-r1)\n(4/20) Installing libmagic (5.38-r0)\n(5/20) Installing file (5.38-r0)\n(6/20) Installing gmp (6.2.0-r0)\n(7/20) Installing isl (0.18-r0)\n(8/20) Installing libgomp (9.3.0-r2)\n(9/20) Installing libatomic (9.3.0-r2)\n(10/20) Installing libgphobos (9.3.0-r2)\n(11/20) Installing mpfr4 (4.0.2-r4)\n(12/20) Installing mpc1 (1.1.0-r1)\n(13/20) Installing gcc (9.3.0-r2)\n(14/20) Installing musl-dev (1.1.24-r9)\n(15/20) Installing libc-dev (0.7.2-r3)\n(16/20) Installing g++ (9.3.0-r2)\n(17/20) Installing make (4.3-r0)\n(18/20) Installing fortify-headers (1.1-r0)\n(19/20) Installing patch (2.7.6-r6)\n(20/20) Installing build-base (0.5-r2)\nExecuting busybox-1.31.1-r16.trigger\nOK: 212 MiB in 55 packages\nRemoving intermediate container b3a6e094b5bc\n ---> c2cb69a4d03c\nStep 3/7 : COPY requirements.txt /\n ---> d4649377eed1\nStep 4/7 : RUN pip install -r /requirements.txt\n ---> Running in fc0bd192494e\nCollecting urwid\n  Downloading urwid-2.1.0.tar.gz (630 kB)\nCollecting pycryptodomex\n  Downloading pycryptodomex-3.9.8.tar.gz (15.6 MB)\n\u001b[91mERROR: Could not find a version that satisfies the requirement pyside2 (from -r /requirements.txt (line 3)) (from versions: none)\n\u001b[0m\u001b[91mERROR: No matching distribution found for pyside2 (from -r /requirements.txt (line 3))\n\u001b[0m",
    "raw_stderr_log": "The command '/bin/sh -c pip install -r /requirements.txt' returned a non-zero code: 1",
    "html_url": "https://github.com/Marten4n6/EvilOSX",
    "repo_commit": "ce817d0d17b85dee7393c6a29dd045a21d8ca80a",
    "repo_id": 121546909
  },
  {
    "raw_dockerfile": "FROM python:3.6\n\nRUN apt-get update && \\\n\tapt-get -y install dbus python-dbus-dev python3-dbus zip\n\nCOPY requirements.txt /requirements.txt\nRUN pip install -r /requirements.txt",
    "raw_stdout_log": "Sending build context to Docker daemon  144.9kB\r\r\nStep 1/4 : FROM python:3.6\n3.6: Pulling from library/python\ne9afc4f90ab0: Already exists\n989e6b19a265: Already exists\naf14b6c2f878: Already exists\n5573c4b30949: Already exists\n11a88e764313: Already exists\n5fbfb8c90ca7: Pulling fs layer\n75c8e90441d4: Pulling fs layer\nefb90023ffe8: Pulling fs layer\nad8248c33afb: Pulling fs layer\nad8248c33afb: Waiting\nefb90023ffe8: Download complete\n5fbfb8c90ca7: Download complete\nad8248c33afb: Download complete\n75c8e90441d4: Verifying Checksum\n75c8e90441d4: Download complete\n5fbfb8c90ca7: Pull complete\n75c8e90441d4: Pull complete\nefb90023ffe8: Pull complete\nad8248c33afb: Pull complete\nDigest: sha256:a3d3ec8d429ddfeff5303f77049b22e1fca8d945d2a30b68920d67d793bdac89\nStatus: Downloaded newer image for python:3.6\n ---> e0373ff33a19\nStep 2/4 : RUN apt-get update && \tapt-get -y install dbus python-dbus-dev python3-dbus zip\n ---> Running in 48d8ed7ae959\nGet:1 http://security.debian.org/debian-security buster/updates InRelease [65.4 kB]\nGet:2 http://deb.debian.org/debian buster InRelease [121 kB]\nGet:3 http://security.debian.org/debian-security buster/updates/main amd64 Packages [208 kB]\nGet:4 http://deb.debian.org/debian buster-updates InRelease [51.9 kB]\nGet:5 http://deb.debian.org/debian buster/main amd64 Packages [7905 kB]\nGet:6 http://deb.debian.org/debian buster-updates/main amd64 Packages [7868 B]\nFetched 8360 kB in 3s (2786 kB/s)\nReading package lists...\nReading package lists...\nBuilding dependency tree...\nReading state information...\nThe following additional packages will be installed:\n  libapparmor1 libdbus-1-3 libdbus-1-dev python3-gi\nSuggested packages:\n  default-dbus-session-bus | dbus-session-bus python-dbus-doc python3-dbus-dbg\nThe following NEW packages will be installed:\n  dbus libapparmor1 libdbus-1-3 libdbus-1-dev python-dbus-dev python3-dbus\n  python3-gi zip\n0 upgraded, 8 newly installed, 0 to remove and 14 not upgraded.\nNeed to get 1332 kB of archives.\nAfter this operation, 4352 kB of additional disk space will be used.\nGet:1 http://deb.debian.org/debian buster/main amd64 libapparmor1 amd64 2.13.2-10 [94.7 kB]\nGet:2 http://deb.debian.org/debian buster/main amd64 libdbus-1-3 amd64 1.12.16-1 [214 kB]\nGet:3 http://deb.debian.org/debian buster/main amd64 dbus amd64 1.12.16-1 [235 kB]\nGet:4 http://deb.debian.org/debian buster/main amd64 libdbus-1-dev amd64 1.12.16-1 [250 kB]\nGet:5 http://deb.debian.org/debian buster/main amd64 python-dbus-dev all 1.2.8-3 [21.8 kB]\nGet:6 http://deb.debian.org/debian buster/main amd64 python3-dbus amd64 1.2.8-3 [103 kB]\nGet:7 http://deb.debian.org/debian buster/main amd64 python3-gi amd64 3.30.4-1 [180 kB]\nGet:8 http://deb.debian.org/debian buster/main amd64 zip amd64 3.0-11+b1 [234 kB]\n\u001b[91mdebconf: delaying package configuration, since apt-utils is not installed\n\u001b[0mFetched 1332 kB in 0s (3082 kB/s)\nSelecting previously unselected package libapparmor1:amd64.\r\n(Reading database ... \r(Reading database ... 5%\r(Reading database ... 10%\r(Reading database ... 15%\r(Reading database ... 20%\r(Reading database ... 25%\r(Reading database ... 30%\r(Reading database ... 35%\r(Reading database ... 40%\r(Reading database ... 45%\r(Reading database ... 50%\r(Reading database ... 55%\r(Reading database ... 60%\r(Reading database ... 65%\r(Reading database ... 70%\r(Reading database ... 75%\r(Reading database ... 80%\r(Reading database ... 85%\r(Reading database ... 90%\r(Reading database ... 95%\r(Reading database ... 100%\r(Reading database ... 24603 files and directories currently installed.)\r\nPreparing to unpack .../0-libapparmor1_2.13.2-10_amd64.deb ...\r\nUnpacking libapparmor1:amd64 (2.13.2-10) ...\r\nSelecting previously unselected package libdbus-1-3:amd64.\r\nPreparing to unpack .../1-libdbus-1-3_1.12.16-1_amd64.deb ...\r\nUnpacking libdbus-1-3:amd64 (1.12.16-1) ...\r\nSelecting previously unselected package dbus.\r\nPreparing to unpack .../2-dbus_1.12.16-1_amd64.deb ...\r\nUnpacking dbus (1.12.16-1) ...\r\nSelecting previously unselected package libdbus-1-dev:amd64.\r\nPreparing to unpack .../3-libdbus-1-dev_1.12.16-1_amd64.deb ...\r\nUnpacking libdbus-1-dev:amd64 (1.12.16-1) ...\r\nSelecting previously unselected package python-dbus-dev.\r\nPreparing to unpack .../4-python-dbus-dev_1.2.8-3_all.deb ...\r\nUnpacking python-dbus-dev (1.2.8-3) ...\r\nSelecting previously unselected package python3-dbus.\r\nPreparing to unpack .../5-python3-dbus_1.2.8-3_amd64.deb ...\r\nUnpacking python3-dbus (1.2.8-3) ...\r\nSelecting previously unselected package python3-gi.\r\nPreparing to unpack .../6-python3-gi_3.30.4-1_amd64.deb ...\r\nUnpacking python3-gi (3.30.4-1) ...\r\nSelecting previously unselected package zip.\r\nPreparing to unpack .../7-zip_3.0-11+b1_amd64.deb ...\r\nUnpacking zip (3.0-11+b1) ...\r\nSetting up libapparmor1:amd64 (2.13.2-10) ...\r\nSetting up zip (3.0-11+b1) ...\r\nSetting up libdbus-1-3:amd64 (1.12.16-1) ...\r\nSetting up dbus (1.12.16-1) ...\r\ninvoke-rc.d: could not determine current runlevel\r\ninvoke-rc.d: policy-rc.d denied execution of start.\r\nSetting up python3-gi (3.30.4-1) ...\r\nSetting up python3-dbus (1.2.8-3) ...\r\nSetting up libdbus-1-dev:amd64 (1.12.16-1) ...\r\nSetting up python-dbus-dev (1.2.8-3) ...\r\nProcessing triggers for libc-bin (2.28-10) ...\r\nRemoving intermediate container 48d8ed7ae959\n ---> 23814566e35c\nStep 3/4 : COPY requirements.txt /requirements.txt\n ---> 4f328cd2f58f\nStep 4/4 : RUN pip install -r /requirements.txt\n ---> Running in 6f26264cd90b\nCollecting aspy.yaml==1.1.0\n  Downloading aspy.yaml-1.1.0-py2.py3-none-any.whl (2.5 kB)\nCollecting attrs==17.4.0\n  Downloading attrs-17.4.0-py2.py3-none-any.whl (31 kB)\nCollecting autopep8==1.3.5\n  Downloading autopep8-1.3.5.tar.gz (109 kB)\nCollecting cached-property==1.4.2\n  Downloading cached_property-1.4.2-py2.py3-none-any.whl (10 kB)\nCollecting certifi==2018.1.18\n  Downloading certifi-2018.1.18-py2.py3-none-any.whl (151 kB)\nCollecting cfgv==1.0.0\n  Downloading cfgv-1.0.0-py2.py3-none-any.whl (4.4 kB)\nCollecting chardet==3.0.4\n  Downloading chardet-3.0.4-py2.py3-none-any.whl (133 kB)\nCollecting click==6.7\n  Downloading click-6.7-py2.py3-none-any.whl (71 kB)\nCollecting coverage==4.5.1\n  Downloading coverage-4.5.1-cp36-cp36m-manylinux1_x86_64.whl (202 kB)\nCollecting Flask==1.0\n  Downloading Flask-1.0-py2.py3-none-any.whl (97 kB)\nCollecting flask-lambda-python36==0.1.0\n  Downloading flask_lambda_python36-0.1.0-py36-none-any.whl (3.5 kB)\nCollecting http-prompt==0.11.2\n  Downloading http_prompt-0.11.2-py2.py3-none-any.whl (25 kB)\nCollecting httpie==1.0.3\n  Downloading httpie-1.0.3-py2.py3-none-any.whl (59 kB)\nCollecting identify==1.0.10\n  Downloading identify-1.0.10-py2.py3-none-any.whl (6.5 kB)\nCollecting idna==2.6\n  Downloading idna-2.6-py2.py3-none-any.whl (56 kB)\nCollecting itsdangerous==0.24\n  Downloading itsdangerous-0.24.tar.gz (46 kB)\nCollecting Jinja2==2.10\n  Downloading Jinja2-2.10-py2.py3-none-any.whl (126 kB)\nCollecting MarkupSafe==1.0\n  Downloading MarkupSafe-1.0.tar.gz (14 kB)\n\u001b[91m    ERROR: Command errored out with exit status 1:\n     command: /usr/local/bin/python -c 'import sys, setuptools, tokenize; sys.argv[0] = '\"'\"'/tmp/pip-install-s6y2_wc1/MarkupSafe/setup.py'\"'\"'; __file__='\"'\"'/tmp/pip-install-s6y2_wc1/MarkupSafe/setup.py'\"'\"';f=getattr(tokenize, '\"'\"'open'\"'\"', open)(__file__);code=f.read().replace('\"'\"'\\r\\n'\"'\"', '\"'\"'\\n'\"'\"');f.close();exec(compile(code, __file__, '\"'\"'exec'\"'\"'))' egg_info --egg-base /tmp/pip-pip-egg-info-ancseg05\n         cwd: /tmp/pip-install-s6y2_wc1/MarkupSafe/\n    Complete output (5 lines):\n    Traceback (most recent call last):\n      File \"<string>\", line 1, in <module>\n      File \"/tmp/pip-install-s6y2_wc1/MarkupSafe/setup.py\", line 6, in <module>\n        from setuptools import setup, Extension, Feature\n    ImportError: cannot import name 'Feature'\n    ----------------------------------------\n\u001b[0m\u001b[91mERROR: Command errored out with exit status 1: python setup.py egg_info Check the logs for full command output.\n\u001b[0m",
    "raw_stderr_log": "The command '/bin/sh -c pip install -r /requirements.txt' returned a non-zero code: 1",
    "html_url": "https://github.com/techjacker/python-serverless-api",
    "repo_commit": "b1b8b3d2d950a72f0ff8e83db2e4b47c1f95259e",
    "repo_id": 129121577
  },
  {
    "raw_dockerfile": "FROM python:3.7-alpine\n\n# Build dependencies\nRUN apk add build-base gcc\n\n# Layer caching\nCOPY requirements.txt /\nRUN pip install -r /requirements.txt\n\nCOPY . /EvilOSX\nWORKDIR /EvilOSX\n\nCMD [\"python\", \"start.py\"]",
    "raw_stdout_log": "Sending build context to Docker daemon  1.609MB\r\r\nStep 1/7 : FROM python:3.7-alpine\n3.7-alpine: Pulling from library/python\ndf20fa9351a1: Already exists\n36b3adc4ff6f: Pulling fs layer\n158d3630f7f4: Pulling fs layer\n656e733c2e63: Pulling fs layer\n069d7d2ffc1e: Pulling fs layer\n656e733c2e63: Waiting\n069d7d2ffc1e: Waiting\n36b3adc4ff6f: Download complete\n656e733c2e63: Verifying Checksum\n158d3630f7f4: Verifying Checksum\n158d3630f7f4: Download complete\n069d7d2ffc1e: Verifying Checksum\n069d7d2ffc1e: Download complete\n36b3adc4ff6f: Pull complete\n158d3630f7f4: Pull complete\n656e733c2e63: Pull complete\n069d7d2ffc1e: Pull complete\nDigest: sha256:4bc145d0bfababffd78b6106abd41000aa5dcc28cd0cfe5f988a415d1985667f\nStatus: Downloaded newer image for python:3.7-alpine\n ---> 6a5ca85ed89b\nStep 2/7 : RUN apk add build-base gcc\n ---> Running in 829dd471dce6\nfetch http://dl-cdn.alpinelinux.org/alpine/v3.12/main/x86_64/APKINDEX.tar.gz\nfetch http://dl-cdn.alpinelinux.org/alpine/v3.12/community/x86_64/APKINDEX.tar.gz\n(1/20) Installing libgcc (9.3.0-r2)\n(2/20) Installing libstdc++ (9.3.0-r2)\n(3/20) Installing binutils (2.34-r1)\n(4/20) Installing libmagic (5.38-r0)\n(5/20) Installing file (5.38-r0)\n(6/20) Installing gmp (6.2.0-r0)\n(7/20) Installing isl (0.18-r0)\n(8/20) Installing libgomp (9.3.0-r2)\n(9/20) Installing libatomic (9.3.0-r2)\n(10/20) Installing libgphobos (9.3.0-r2)\n(11/20) Installing mpfr4 (4.0.2-r4)\n(12/20) Installing mpc1 (1.1.0-r1)\n(13/20) Installing gcc (9.3.0-r2)\n(14/20) Installing musl-dev (1.1.24-r8)\n(15/20) Installing libc-dev (0.7.2-r3)\n(16/20) Installing g++ (9.3.0-r2)\n(17/20) Installing make (4.3-r0)\n(18/20) Installing fortify-headers (1.1-r0)\n(19/20) Installing patch (2.7.6-r6)\n(20/20) Installing build-base (0.5-r2)\nExecuting busybox-1.31.1-r16.trigger\nOK: 212 MiB in 55 packages\nRemoving intermediate container 829dd471dce6\n ---> 01c7713af503\nStep 3/7 : COPY requirements.txt /\n ---> 7186039ceca7\nStep 4/7 : RUN pip install -r /requirements.txt\n ---> Running in facf994ffab8\nCollecting urwid\n  Downloading urwid-2.1.0.tar.gz (630 kB)\nCollecting pycryptodomex\n  Downloading pycryptodomex-3.9.7.tar.gz (15.5 MB)\n\u001b[91mERROR: Could not find a version that satisfies the requirement pyside2 (from -r /requirements.txt (line 3)) (from versions: none)\n\u001b[0m\u001b[91mERROR: No matching distribution found for pyside2 (from -r /requirements.txt (line 3))\n\u001b[0m",
    "raw_stderr_log": "The command '/bin/sh -c pip install -r /requirements.txt' returned a non-zero code: 1",
    "html_url": "https://github.com/blackhatethicalhacking/EvilOSX",
    "repo_commit": "b159e2bff3348a06010effdfb276300fd985261a",
    "repo_id": 202870840
  },
  {
    "raw_dockerfile": "FROM python:2.7\nENV PYTHONUNBUFFERED 1\n\n# Requirements have to be pulled and installed here, otherwise caching won't work\nADD ./requirements /requirements\nADD ./requirements.txt /requirements.txt\n\nRUN pip install -r /requirements.txt\nRUN pip install -r /requirements/local.txt\n\nRUN groupadd -r django && useradd -r -g django django\nADD . /app\nRUN chown -R django /app\n\nADD ./compose/django/gunicorn.sh /gunicorn.sh\nADD ./compose/django/entrypoint.sh /entrypoint.sh\n\nRUN chmod +x /entrypoint.sh && chown django /entrypoint.sh\nRUN chmod +x /gunicorn.sh && chown django /gunicorn.sh\n\nWORKDIR /app\n\nENTRYPOINT [\"/entrypoint.sh\"]",
    "raw_stdout_log": "Sending build context to Docker daemon  13.04MB\r\r\nStep 1/15 : FROM python:2.7\n2.7: Pulling from library/python\n7e2b2a5af8f6: Pulling fs layer\n09b6f03ffac4: Pulling fs layer\ndc3f0c679f0f: Pulling fs layer\nfd4b47407fc3: Pulling fs layer\nb32f6bf7d96d: Pulling fs layer\n6f4489a7e4cf: Pulling fs layer\naf4b99ad9ef0: Pulling fs layer\n39db0bc48c26: Pulling fs layer\nacb4a89489fc: Pulling fs layer\n6f4489a7e4cf: Waiting\naf4b99ad9ef0: Waiting\n39db0bc48c26: Waiting\nfd4b47407fc3: Waiting\ndc3f0c679f0f: Verifying Checksum\ndc3f0c679f0f: Download complete\n09b6f03ffac4: Verifying Checksum\n09b6f03ffac4: Download complete\n7e2b2a5af8f6: Verifying Checksum\n7e2b2a5af8f6: Download complete\nfd4b47407fc3: Verifying Checksum\nfd4b47407fc3: Download complete\n6f4489a7e4cf: Verifying Checksum\n6f4489a7e4cf: Download complete\n39db0bc48c26: Verifying Checksum\n39db0bc48c26: Download complete\naf4b99ad9ef0: Verifying Checksum\naf4b99ad9ef0: Download complete\nacb4a89489fc: Verifying Checksum\nacb4a89489fc: Download complete\nb32f6bf7d96d: Verifying Checksum\nb32f6bf7d96d: Download complete\n7e2b2a5af8f6: Pull complete\n09b6f03ffac4: Pull complete\ndc3f0c679f0f: Pull complete\nfd4b47407fc3: Pull complete\nb32f6bf7d96d: Pull complete\n6f4489a7e4cf: Pull complete\naf4b99ad9ef0: Pull complete\n39db0bc48c26: Pull complete\nacb4a89489fc: Pull complete\nDigest: sha256:cfa62318c459b1fde9e0841c619906d15ada5910d625176e24bf692cf8a2601d\nStatus: Downloaded newer image for python:2.7\n ---> 68e7be49c28c\nStep 2/15 : ENV PYTHONUNBUFFERED 1\n ---> Running in b799fa11b9ce\nRemoving intermediate container b799fa11b9ce\n ---> fbc0a697495d\nStep 3/15 : ADD ./requirements /requirements\n ---> 6c1fba4a771d\nStep 4/15 : ADD ./requirements.txt /requirements.txt\n ---> 33a19f2fe8c4\nStep 5/15 : RUN pip install -r /requirements.txt\n ---> Running in ba84b68cb1ec\n\u001b[91mDEPRECATION: Python 2.7 reached the end of its life on January 1st, 2020. Please upgrade your Python as Python 2.7 is no longer maintained. A future version of pip will drop support for Python 2.7. More details about Python 2 support in pip, can be found at https://pip.pypa.io/en/latest/development/release-process/#python-2-support\n\u001b[0mCollecting Django==1.9.7\n  Downloading Django-1.9.7-py2.py3-none-any.whl (6.6 MB)\nCollecting html5lib==1.0b1\n  Downloading html5lib-1.0b1.tar.gz (882 kB)\nCollecting django-environ==0.4.0\n  Downloading django-environ-0.4.0.tar.gz (16 kB)\nCollecting django-secure==1.0.1\n  Downloading django-secure-1.0.1.tar.gz (23 kB)\nCollecting whitenoise==2.0.6\n  Downloading whitenoise-2.0.6-py2.py3-none-any.whl (17 kB)\nCollecting django-braces==1.8.1\n  Downloading django_braces-1.8.1-py2.py3-none-any.whl (20 kB)\nCollecting django-crispy-forms==1.5.2\n  Downloading django-crispy-forms-1.5.2.tar.gz (114 kB)\nCollecting django-floppyforms==1.6.0\n  Downloading django-floppyforms-1.6.0.tar.gz (2.4 MB)\nCollecting django-bootstrap3==6.2.2\n  Downloading django-bootstrap3-6.2.2.tar.gz (29 kB)\nCollecting django-model-utils==2.4\n  Downloading django-model-utils-2.4.tar.gz (31 kB)\nCollecting Pillow==3.0.0\n  Downloading Pillow-3.0.0.tar.gz (9.6 MB)\nCollecting django-allauth==0.24.1\n  Downloading django-allauth-0.24.1.tar.gz (336 kB)\nCollecting psycopg2==2.6.1\n  Downloading psycopg2-2.6.1.tar.gz (371 kB)\n\u001b[91m    ERROR: Command errored out with exit status 1:\n     command: /usr/local/bin/python -c 'import sys, setuptools, tokenize; sys.argv[0] = '\"'\"'/tmp/pip-install-KBZO5M/psycopg2/setup.py'\"'\"'; __file__='\"'\"'/tmp/pip-install-KBZO5M/psycopg2/setup.py'\"'\"';f=getattr(tokenize, '\"'\"'open'\"'\"', open)(__file__);code=f.read().replace('\"'\"'\\r\\n'\"'\"', '\"'\"'\\n'\"'\"');f.close();exec(compile(code, __file__, '\"'\"'exec'\"'\"'))' egg_info --egg-base /tmp/pip-install-KBZO5M/psycopg2/pip-egg-info\n         cwd: /tmp/pip-install-KBZO5M/psycopg2/\n    Complete output (7 lines):\n    running egg_info\n    creating /tmp/pip-install-KBZO5M/psycopg2/pip-egg-info/psycopg2.egg-info\n    writing /tmp/pip-install-KBZO5M/psycopg2/pip-egg-info/psycopg2.egg-info/PKG-INFO\n    writing top-level names to /tmp/pip-install-KBZO5M/psycopg2/pip-egg-info/psycopg2.egg-info/top_level.txt\n    writing dependency_links to /tmp/pip-install-KBZO5M/psycopg2/pip-egg-info/psycopg2.egg-info/dependency_links.txt\n    writing manifest file '/tmp/pip-install-KBZO5M/psycopg2/pip-egg-info/psycopg2.egg-info/SOURCES.txt'\n    Error: could not determine PostgreSQL version from '11.7'\n    ----------------------------------------\n\u001b[0m\u001b[91mERROR: Command errored out with exit status 1: python setup.py egg_info Check the logs for full command output.\n\u001b[0m\u001b[91mWARNING: You are using pip version 20.0.2; however, version 20.1.1 is available.\nYou should consider upgrading via the '/usr/local/bin/python -m pip install --upgrade pip' command.\n\u001b[0m",
    "raw_stderr_log": "The command '/bin/sh -c pip install -r /requirements.txt' returned a non-zero code: 1",
    "html_url": "https://github.com/ekratia/ekratia",
    "repo_commit": "24cb833de917ddf34235481fee9377eb7de31fb4",
    "repo_id": 35727187
  },
  {
    "raw_dockerfile": "# Dev environment\n#\n# Makes a virtualenv at /venv which might need updating but should\n# have a good base of dependencies.\n#\n# e.g.\n#\n# docker run --rm -t -i -v $PWD:$PWD jbothma/municipal-data:docker-dev-env bin/bash\n# root@079d0a9aae0d:/# cd /home/jdb/proj/code4sa/municipal_finance/django-app/\n# root@079d0a9aae0d:/home/jdb/proj/code4sa/municipal_finance/django-app# source /venv/bin/activate\n# root@079d0a9aae0d:/home/jdb/proj/code4sa/municipal_finance/django-app# export DATABASE_URL=postgres://municipal_finance@172.17.0.1/municipal_finance\n# root@079d0a9aae0d:/home/jdb/proj/code4sa/municipal_finance/django-app# python manage.py runserver 0.0.0.0:8000\n\n\n\nFROM python:3.6-alpine\n\nENV PYTHONUNBUFFERED 1\n\nRUN apk update \\\n  # psycopg2 dependencies\n  && apk add --virtual build-deps gcc python3-dev musl-dev \\\n  && apk add postgresql-dev \\\n  # Pillow dependencies\n  && apk add jpeg-dev zlib-dev freetype-dev lcms2-dev openjpeg-dev tiff-dev tk-dev tcl-dev \\\n  # CFFI dependencies\n  && apk add libffi-dev py-cffi \\\n  # Translations dependencies\n  && apk add gettext \\\n  # https://docs.djangoproject.com/en/dev/ref/django-admin/#dbshell\n  && apk add postgresql-client\n\nADD requirements.txt /requirements.txt\n\nRUN pip install -r /requirements.txt\n\nCMD [\"/bin/bash\"]",
    "raw_stdout_log": "Sending build context to Docker daemon  170.8MB\r\r\nStep 1/6 : FROM python:3.6-alpine\n3.6-alpine: Pulling from library/python\ndf20fa9351a1: Already exists\n36b3adc4ff6f: Already exists\n221505d965db: Pulling fs layer\n90964838235d: Pulling fs layer\nb147bf3b3f5e: Pulling fs layer\n90964838235d: Verifying Checksum\n90964838235d: Download complete\nb147bf3b3f5e: Download complete\n221505d965db: Download complete\n221505d965db: Pull complete\n90964838235d: Pull complete\nb147bf3b3f5e: Pull complete\nDigest: sha256:b83faa3488a43b064fc644b867cedfe42c6284a8bef12f0071e48b407dc2089f\nStatus: Downloaded newer image for python:3.6-alpine\n ---> efea7dd49338\nStep 2/6 : ENV PYTHONUNBUFFERED 1\n ---> Running in f036445fcfcb\nRemoving intermediate container f036445fcfcb\n ---> 4dc2b1cbca81\nStep 3/6 : RUN apk update   && apk add --virtual build-deps gcc python3-dev musl-dev   && apk add postgresql-dev   && apk add jpeg-dev zlib-dev freetype-dev lcms2-dev openjpeg-dev tiff-dev tk-dev tcl-dev   && apk add libffi-dev py-cffi   && apk add gettext   && apk add postgresql-client\n ---> Running in 3b271aa0b1d5\nfetch http://dl-cdn.alpinelinux.org/alpine/v3.12/main/x86_64/APKINDEX.tar.gz\nfetch http://dl-cdn.alpinelinux.org/alpine/v3.12/community/x86_64/APKINDEX.tar.gz\nv3.12.0-91-g01f12d5e9e [http://dl-cdn.alpinelinux.org/alpine/v3.12/main]\nv3.12.0-89-g636a7dc328 [http://dl-cdn.alpinelinux.org/alpine/v3.12/community]\nOK: 12738 distinct packages available\n(1/17) Upgrading musl (1.1.24-r8 -> 1.1.24-r9)\n(2/17) Installing libgcc (9.3.0-r2)\n(3/17) Installing libstdc++ (9.3.0-r2)\n(4/17) Installing binutils (2.34-r1)\n(5/17) Installing gmp (6.2.0-r0)\n(6/17) Installing isl (0.18-r0)\n(7/17) Installing libgomp (9.3.0-r2)\n(8/17) Installing libatomic (9.3.0-r2)\n(9/17) Installing libgphobos (9.3.0-r2)\n(10/17) Installing mpfr4 (4.0.2-r4)\n(11/17) Installing mpc1 (1.1.0-r1)\n(12/17) Installing gcc (9.3.0-r2)\n(13/17) Installing pkgconf (1.7.2-r0)\n(14/17) Installing python3 (3.8.3-r0)\n(15/17) Installing python3-dev (3.8.3-r0)\n(16/17) Installing musl-dev (1.1.24-r9)\n(17/17) Installing build-deps (20200624.064657)\nExecuting busybox-1.31.1-r16.trigger\nOK: 237 MiB in 50 packages\n(1/15) Installing libxml2 (2.9.10-r4)\n(2/15) Installing llvm10-libs (10.0.0-r2)\n(3/15) Installing clang-libs (10.0.0-r2)\n(4/15) Installing clang (10.0.0-r2)\n(5/15) Installing llvm10 (10.0.0-r2)\n(6/15) Installing openssl-dev (1.1.1g-r0)\n(7/15) Installing icu-libs (67.1-r0)\n(8/15) Installing icu (67.1-r0)\n(9/15) Installing icu-dev (67.1-r0)\n(10/15) Installing db (5.3.28-r1)\n(11/15) Installing libsasl (2.1.27-r6)\n(12/15) Installing libldap (2.4.50-r0)\n(13/15) Installing libpq (12.3-r2)\n(14/15) Installing postgresql-libs (12.3-r2)\n(15/15) Installing postgresql-dev (12.3-r2)\nExecuting busybox-1.31.1-r16.trigger\nOK: 445 MiB in 65 packages\n(1/56) Installing brotli-libs (1.0.7-r5)\n(2/56) Installing libpng (1.6.37-r1)\n(3/56) Installing freetype (2.10.2-r0)\n(4/56) Installing brotli-dev (1.0.7-r5)\n(5/56) Installing zlib-dev (1.2.11-r3)\n(6/56) Installing libpng-dev (1.6.37-r1)\n(7/56) Installing freetype-dev (2.10.2-r0)\n(8/56) Installing libjpeg-turbo (2.0.4-r2)\n(9/56) Installing libjpeg-turbo-dev (2.0.4-r2)\n(10/56) Installing jpeg-dev (9d-r0)\n(11/56) Installing tiff (4.1.0-r0)\n(12/56) Installing libtiffxx (4.1.0-r0)\n(13/56) Installing tiff-dev (4.1.0-r0)\n(14/56) Installing lcms2 (2.9-r1)\n(15/56) Installing lcms2-dev (2.9-r1)\n(16/56) Installing openjpeg (2.3.1-r4)\n(17/56) Installing openjpeg-dev (2.3.1-r4)\n(18/56) Installing tcl (8.6.10-r0)\n(19/56) Installing tcl-dev (8.6.10-r0)\n(20/56) Installing libxau (1.0.9-r0)\n(21/56) Installing xorgproto (2020.1-r0)\n(22/56) Installing libxau-dev (1.0.9-r0)\n(23/56) Installing xcb-proto (1.14-r0)\n(24/56) Installing libbsd (0.10.0-r0)\n(25/56) Installing libxdmcp (1.1.3-r0)\n(26/56) Installing libxcb (1.14-r1)\n(27/56) Installing libxdmcp-dev (1.1.3-r0)\n(28/56) Installing libxcb-dev (1.14-r1)\n(29/56) Installing xtrans (1.4.0-r1)\n(30/56) Installing libx11 (1.6.9-r0)\n(31/56) Installing libx11-dev (1.6.9-r0)\n(32/56) Installing libxrender (0.9.10-r3)\n(33/56) Installing libuuid (2.35.2-r0)\n(34/56) Installing fontconfig (2.13.1-r2)\n(35/56) Installing libxft (2.3.3-r0)\n(36/56) Installing expat-dev (2.2.9-r1)\n(37/56) Installing libblkid (2.35.2-r0)\n(38/56) Installing blkid (2.35.2-r0)\n(39/56) Installing libcap-ng (0.7.10-r0)\n(40/56) Installing setpriv (2.35.2-r0)\n(41/56) Installing libmount (2.35.2-r0)\n(42/56) Installing libsmartcols (2.35.2-r0)\n(43/56) Installing findmnt (2.35.2-r0)\n(44/56) Installing mcookie (2.35.2-r0)\n(45/56) Installing hexdump (2.35.2-r0)\n(46/56) Installing lsblk (2.35.2-r0)\n(47/56) Installing libfdisk (2.35.2-r0)\n(48/56) Installing sfdisk (2.35.2-r0)\n(49/56) Installing cfdisk (2.35.2-r0)\n(50/56) Installing util-linux (2.35.2-r0)\n(51/56) Installing util-linux-dev (2.35.2-r0)\n(52/56) Installing fontconfig-dev (2.13.1-r2)\n(53/56) Installing libxrender-dev (0.9.10-r3)\n(54/56) Installing libxft-dev (2.3.3-r0)\n(55/56) Installing tk (8.6.10-r1)\n(56/56) Installing tk-dev (8.6.10-r1)\nExecuting busybox-1.31.1-r16.trigger\nOK: 483 MiB in 121 packages\n(1/4) Installing linux-headers (5.4.5-r1)\n(2/4) Installing libffi-dev (3.3-r2)\n(3/4) Installing py3-cparser (2.20-r0)\n(4/4) Installing py3-cffi (1.14.0-r2)\nOK: 492 MiB in 125 packages\n(1/3) Installing libunistring (0.9.10-r0)\n(2/3) Installing gettext-libs (0.20.2-r0)\n(3/3) Installing gettext (0.20.2-r0)\nExecuting busybox-1.31.1-r16.trigger\nOK: 496 MiB in 128 packages\n(1/2) Installing libedit (20191231.3.1-r0)\n(2/2) Installing postgresql-client (12.3-r2)\nExecuting busybox-1.31.1-r16.trigger\nOK: 498 MiB in 130 packages\nRemoving intermediate container 3b271aa0b1d5\n ---> c14d22b8997f\nStep 4/6 : ADD requirements.txt /requirements.txt\n ---> 60595d5334cc\nStep 5/6 : RUN pip install -r /requirements.txt\n ---> Running in 12e1af955d59\nCollecting arrow==0.15.5\n  Downloading arrow-0.15.5-py2.py3-none-any.whl (46 kB)\nCollecting babbage==0.3.3\n  Downloading babbage-0.3.3.tar.gz (17 kB)\nCollecting blessed==1.17.2\n  Downloading blessed-1.17.2-py2.py3-none-any.whl (76 kB)\nCollecting boto3==1.12.23\n  Downloading boto3-1.12.23-py2.py3-none-any.whl (128 kB)\nCollecting botocore==1.15.23\n  Downloading botocore-1.15.23-py2.py3-none-any.whl (6.0 MB)\nCollecting certifi==2019.11.28\n  Downloading certifi-2019.11.28-py2.py3-none-any.whl (156 kB)\nCollecting chardet==3.0.4\n  Downloading chardet-3.0.4-py2.py3-none-any.whl (133 kB)\nCollecting decorator==4.0.9\n  Downloading decorator-4.0.9-py2.py3-none-any.whl (22 kB)\nCollecting dj-database-url==0.4.1\n  Downloading dj-database-url-0.4.1.tar.gz (4.1 kB)\nCollecting Django==1.11.28\n  Downloading Django-1.11.28-py2.py3-none-any.whl (6.9 MB)\nCollecting django-cors-headers==2.1.0\n  Downloading django_cors_headers-2.1.0-py2.py3-none-any.whl (18 kB)\nCollecting django-elasticsearch-dsl==7.1.0\n  Downloading django_elasticsearch_dsl-7.1.0-py2.py3-none-any.whl (21 kB)\nCollecting django-elasticsearch-dsl-drf==0.20.5\n  Downloading django_elasticsearch_dsl_drf-0.20.5-py2.py3-none-any.whl (143 kB)\nCollecting django-extensions==1.6.1\n  Downloading django_extensions-1.6.1-py2.py3-none-any.whl (202 kB)\nCollecting django-nine==0.2.3\n  Downloading django_nine-0.2.3-py2.py3-none-any.whl (25 kB)\nCollecting django-picklefield==2.1.1\n  Downloading django_picklefield-2.1.1-py2.py3-none-any.whl (9.4 kB)\nCollecting django-pipeline==1.6.8\n  Downloading django_pipeline-1.6.8-py2.py3-none-any.whl (33 kB)\nCollecting django-q==1.0.2\n  Downloading django_q-1.0.2-py3-none-any.whl (62 kB)\nCollecting django-storages==1.9.1\n  Downloading django_storages-1.9.1-py2.py3-none-any.whl (42 kB)\nCollecting django-webpack-loader==0.6.0\n  Downloading django_webpack_loader-0.6.0-py2.py3-none-any.whl (17 kB)\nCollecting django-wkhtmltopdf==3.0.0\n  Downloading django_wkhtmltopdf-3.0.0-py2.py3-none-any.whl (14 kB)\nCollecting djangorestframework==3.10.3\n  Downloading djangorestframework-3.10.3-py3-none-any.whl (909 kB)\nCollecting docutils==0.15.2\n  Downloading docutils-0.15.2-py3-none-any.whl (547 kB)\nCollecting ecdsa==0.13.3\n  Downloading ecdsa-0.13.3-py2.py3-none-any.whl (52 kB)\nCollecting elasticsearch==7.1.0\n  Downloading elasticsearch-7.1.0-py2.py3-none-any.whl (83 kB)\nCollecting elasticsearch-dsl==7.1.0\n  Downloading elasticsearch_dsl-7.1.0-py2.py3-none-any.whl (53 kB)\nCollecting Flask==0.10.1\n  Downloading Flask-0.10.1.tar.gz (544 kB)\nCollecting futures==3.0.5\n  Downloading futures-3.0.5.tar.gz (25 kB)\nCollecting gevent==1.4.0\n  Downloading gevent-1.4.0.tar.gz (5.2 MB)\nCollecting grako==3.10.1\n  Downloading grako-3.10.1.tar.gz (128 kB)\nCollecting greenlet==0.4.15\n  Downloading greenlet-0.4.15.tar.gz (59 kB)\nCollecting gunicorn==19.9.0\n  Downloading gunicorn-19.9.0-py2.py3-none-any.whl (112 kB)\nCollecting idna==2.7\n  Downloading idna-2.7-py2.py3-none-any.whl (58 kB)\nCollecting ipdb==0.9.1\n  Downloading ipdb-0.9.1.tar.gz (8.0 kB)\nCollecting ipython==4.1.2\n  Downloading ipython-4.1.2-py3-none-any.whl (736 kB)\nCollecting ipython-genutils==0.1.0\n  Downloading ipython_genutils-0.1.0-py2.py3-none-any.whl (26 kB)\nCollecting itsdangerous==0.24\n  Downloading itsdangerous-0.24.tar.gz (46 kB)\nCollecting Jinja2==2.11.1\n  Downloading Jinja2-2.11.1-py2.py3-none-any.whl (126 kB)\nCollecting jmespath==0.9.5\n  Downloading jmespath-0.9.5-py2.py3-none-any.whl (24 kB)\nCollecting jsonschema==2.5.1\n  Downloading jsonschema-2.5.1-py2.py3-none-any.whl (38 kB)\nCollecting MarkupSafe==0.23\n  Downloading MarkupSafe-0.23.tar.gz (13 kB)\nCollecting normality==0.2.4\n  Downloading normality-0.2.4.tar.gz (2.3 kB)\nCollecting pathlib==1.0.1\n  Downloading pathlib-1.0.1.tar.gz (49 kB)\nCollecting pathlib2==2.1.0\n  Downloading pathlib2-2.1.0-py2.py3-none-any.whl (15 kB)\nCollecting pexpect==4.0.1\n  Downloading pexpect-4.0.1.tar.gz (143 kB)\nCollecting pickleshare==0.7.2\n  Downloading pickleshare-0.7.2-py2.py3-none-any.whl (6.7 kB)\nCollecting psycogreen==1.0\n  Downloading psycogreen-1.0.tar.gz (5.1 kB)\nCollecting psycopg2==2.7.3.1\n  Downloading psycopg2-2.7.3.1.tar.gz (425 kB)\nCollecting ptyprocess==0.5.1\n  Downloading ptyprocess-0.5.1-py2.py3-none-any.whl (12 kB)\nCollecting pycrypto==2.6.1\n  Downloading pycrypto-2.6.1.tar.gz (446 kB)\nCollecting pyScss==1.3.4\n  Downloading pyScss-1.3.4.tar.gz (120 kB)\n\u001b[91m    ERROR: Command errored out with exit status 1:\n     command: /usr/local/bin/python -c 'import sys, setuptools, tokenize; sys.argv[0] = '\"'\"'/tmp/pip-install-libkn3ml/pyScss/setup.py'\"'\"'; __file__='\"'\"'/tmp/pip-install-libkn3ml/pyScss/setup.py'\"'\"';f=getattr(tokenize, '\"'\"'open'\"'\"', open)(__file__);code=f.read().replace('\"'\"'\\r\\n'\"'\"', '\"'\"'\\n'\"'\"');f.close();exec(compile(code, __file__, '\"'\"'exec'\"'\"'))' egg_info --egg-base /tmp/pip-pip-egg-info-sj77xxvf\n         cwd: /tmp/pip-install-libkn3ml/pyScss/\n    Complete output (5 lines):\n    Traceback (most recent call last):\n      File \"<string>\", line 1, in <module>\n      File \"/tmp/pip-install-libkn3ml/pyScss/setup.py\", line 9, in <module>\n        from setuptools import setup, Extension, Feature\n    ImportError: cannot import name 'Feature'\n    ----------------------------------------\n\u001b[0m\u001b[91mERROR: Command errored out with exit status 1: python setup.py egg_info Check the logs for full command output.\n\u001b[0m",
    "raw_stderr_log": "The command '/bin/sh -c pip install -r /requirements.txt' returned a non-zero code: 1",
    "html_url": "https://github.com/OpenUpSA/municipal-data",
    "repo_commit": "599a95bb79b680f6c261d516323f7e783eeb3178",
    "repo_id": 55236579
  }
]