[
  {
    "raw_dockerfile": "FROM node:10-alpine\nENV NODE_ENV=production\n\n# Create app directory\nWORKDIR /usr/src/app\n\nCOPY package*.json ./\nRUN npm ci\n\nCOPY . .\nCMD [ \"node\", \"app.js\" ]",
    "raw_stdout_log": "Sending build context to Docker daemon  2.348MB\r\r\nStep 1/7 : FROM node:10-alpine\n10-alpine: Pulling from library/node\ncbdbe7a5bc2a: Already exists\n95feee427958: Pulling fs layer\n4123295e9f39: Pulling fs layer\na59140832df1: Pulling fs layer\na59140832df1: Verifying Checksum\na59140832df1: Download complete\n4123295e9f39: Verifying Checksum\n4123295e9f39: Download complete\n95feee427958: Verifying Checksum\n95feee427958: Download complete\n95feee427958: Pull complete\n4123295e9f39: Pull complete\na59140832df1: Pull complete\nDigest: sha256:177cdb2546eb321b7127aa1c45353c5b778959c9e30da29570ff85098786d776\nStatus: Downloaded newer image for node:10-alpine\n ---> 6bf4087f2679\nStep 2/7 : ENV NODE_ENV=production\n ---> Running in 053b6add829f\nRemoving intermediate container 053b6add829f\n ---> ed364c87b6b1\nStep 3/7 : WORKDIR /usr/src/app\nRemoving intermediate container 07c2be4d35a5\n ---> 1fc31392fd0e\nStep 4/7 : COPY package*.json ./\n ---> a4045004392a\nStep 5/7 : RUN npm ci\n ---> Running in d1b4b7ddd990\n\u001b[91mnpm\u001b[0m\u001b[91m ERR!\u001b[0m\u001b[91m cipm can only install packages with an existing package-lock.json or npm-shrinkwrap.json with lockfileVersion >= 1. Run an install with npm@5 or later to generate it, then try again.\n\u001b[0m\u001b[91m\nnpm \u001b[0m\u001b[91mERR!\u001b[0m\u001b[91m A complete log of this run can be found in:\nnpm\u001b[0m\u001b[91m ERR!     /root/.npm/_logs/2020-06-22T06_49_17_795Z-debug.log\n\u001b[0m",
    "raw_stderr_log": "The command '/bin/sh -c npm ci' returned a non-zero code: 1",
    "html_url": "https://github.com/sizzlorox/Idle-RPG-Bot",
    "repo_commit": "526c2518be325aa3d775e1d983d7b5cd9f40d74d",
    "repo_id": 112731567
  },
  {
    "raw_dockerfile": "FROM node:lts-alpine AS builder\n\nWORKDIR /app\nCOPY package*.json /app/\nRUN npm ci\nCOPY ./src/ /app/src/\nCOPY ./public/ /app/public/\nRUN npm run build\n\n\nFROM nginx:stable-alpine\n\nLABEL \\\n  org.label-schema.schema-version=\"1.0\" \\\n  org.label-schema.name=\"instantbox-frontend\" \\\n  org.label-schema.vcs-url=\"https://github.com/instantbox/instantbox-frontend\" \\\n  maintainer=\"Instantbox Team <team@instantbox.org>\"\n\nCOPY --from=builder /app/build/ /usr/share/nginx/html/\nCOPY ./nginx.conf /etc/nginx/conf.d/default.conf\n\nEXPOSE 80\n\nARG BUILD_DATE\nARG VCS_REF\nLABEL \\\n  org.label-schema.build-date=$BUILD_DATE \\\n  org.label-schema.vcs-ref=$VCS_REF",
    "raw_stdout_log": "Sending build context to Docker daemon  839.7kB\r\r\nStep 1/15 : FROM node:lts-alpine AS builder\nlts-alpine: Pulling from library/node\ncbdbe7a5bc2a: Already exists\n2e2b5366d6fa: Pulling fs layer\ne58676d46661: Pulling fs layer\n9acc70cf2ab6: Pulling fs layer\n9acc70cf2ab6: Download complete\ne58676d46661: Verifying Checksum\ne58676d46661: Download complete\n2e2b5366d6fa: Verifying Checksum\n2e2b5366d6fa: Download complete\n2e2b5366d6fa: Pull complete\ne58676d46661: Pull complete\n9acc70cf2ab6: Pull complete\nDigest: sha256:45694caf08b27f851b10f2ce30e986249d3b06590fefb7d327ba9a4fbd371d2b\nStatus: Downloaded newer image for node:lts-alpine\n ---> 06a4a7b5263d\nStep 2/15 : WORKDIR /app\nRemoving intermediate container f693a60228f3\n ---> 6e32369bf530\nStep 3/15 : COPY package*.json /app/\n ---> 1ab3d1d7d2f5\nStep 4/15 : RUN npm ci\n ---> Running in f3bfaa2790cb\n\n> fsevents@1.2.4 install /app/node_modules/fsevents\n> node install\n\n\n> styled-components@3.4.10 postinstall /app/node_modules/styled-components\n> node ./scripts/postinstall.js || exit 0\n\nUse styled-components at work? Consider supporting our development efforts at opencollective.com/styled-components\n\n> node-sass@4.11.0 install /app/node_modules/node-sass\n> node scripts/install.js\n\nDownloading binary from https://github.com/sass/node-sass/releases/download/v4.11.0/linux_musl-x64-72_binding.node\n\u001b[91mCannot download \"https://github.com/sass/node-sass/releases/download/v4.11.0/linux_musl-x64-72_binding.node\": \n\nHTTP error 404 Not Found\n\nHint: If github.com is not accessible in your location\n      try setting a proxy via HTTP_PROXY, e.g. \n\n      export HTTP_PROXY=http://example.com:1234\n\nor configure npm proxy via\n\n      npm config set proxy http://example.com:8080\n\u001b[0m\n> node-sass@4.11.0 postinstall /app/node_modules/node-sass\n> node scripts/build.js\n\nBuilding: /usr/local/bin/node /app/node_modules/node-gyp/bin/node-gyp.js rebuild --verbose --libsass_ext= --libsass_cflags= --libsass_ldflags= --libsass_library=\n\u001b[91mgyp\u001b[0m\u001b[91m info it worked if it ends with ok\n\u001b[0m\u001b[91mgyp verb\u001b[0m\u001b[91m \u001b[0m\u001b[91mcli [\n\u001b[0m\u001b[91mgyp verb \u001b[0m\u001b[91mcli   '/usr/local/bin/node',\n\u001b[0m\u001b[91mgyp \u001b[0m\u001b[91mverb\u001b[0m\u001b[91m cli\u001b[0m\u001b[91m   '/app/node_modules/node-gyp/bin/node-gyp.js',\n\u001b[0m\u001b[91mgyp verb\u001b[0m\u001b[91m cli\u001b[0m\u001b[91m   'rebuild',\ngyp\u001b[0m\u001b[91m verb\u001b[0m\u001b[91m cli\u001b[0m\u001b[91m   '--verbose',\ngyp\u001b[0m\u001b[91m verb cli\u001b[0m\u001b[91m   '--libsass_ext=',\ngyp\u001b[0m\u001b[91m verb\u001b[0m\u001b[91m \u001b[0m\u001b[91mcli   '--libsass_cflags=',\n\u001b[0m\u001b[91mgyp verb \u001b[0m\u001b[91mcli\u001b[0m\u001b[91m   '--libsass_ldflags=',\ngyp\u001b[0m\u001b[91m verb cli\u001b[0m\u001b[91m   '--libsass_library='\ngyp\u001b[0m\u001b[91m verb\u001b[0m\u001b[91m cli ]\n\u001b[0m\u001b[91mgyp info\u001b[0m\u001b[91m \u001b[0m\u001b[91musing node-gyp@3.8.0\n\u001b[0m\u001b[91mgyp info \u001b[0m\u001b[91musing node@12.18.1 | linux | x64\n\u001b[0m\u001b[91mgyp verb \u001b[0m\u001b[91mcommand\u001b[0m\u001b[91m rebuild []\n\u001b[0m\u001b[91mgyp verb command clean []\n\u001b[0m\u001b[91mgyp verb clean removing \"build\" directory\n\u001b[0m\u001b[91mgyp verb command configure []\n\u001b[0m\u001b[91mgyp verb check python checking for Python executable \"python2\" in the PATH\n\u001b[0m\u001b[91mgyp \u001b[0m\u001b[91mverb\u001b[0m\u001b[91m `which` failed\u001b[0m\u001b[91m Error: not found: python2\n\u001b[0m\u001b[91mgyp verb \u001b[0m\u001b[91m`which` failed     at getNotFoundError (/app/node_modules/which/which.js:13:12)\n\u001b[0m\u001b[91mgyp\u001b[0m\u001b[91m \u001b[0m\u001b[91mverb\u001b[0m\u001b[91m `which` failed     at F (/app/node_modules/which/which.js:68:19)\ngyp\u001b[0m\u001b[91m verb \u001b[0m\u001b[91m`which` failed     at E (/app/node_modules/which/which.js:80:29)\ngyp \u001b[0m\u001b[91mverb \u001b[0m\u001b[91m`which` failed     at /app/node_modules/which/which.js:89:16\ngyp \u001b[0m\u001b[91mverb `which` failed\u001b[0m\u001b[91m     at /app/node_modules/isexe/index.js:42:5\ngyp \u001b[0m\u001b[91mverb\u001b[0m\u001b[91m `which` failed     at /app/node_modules/isexe/mode.js:8:5\n\u001b[0m\u001b[91mgyp verb\u001b[0m\u001b[91m \u001b[0m\u001b[91m`which` failed     at FSReqCallback.oncomplete (fs.js:167:21)\ngyp\u001b[0m\u001b[91m \u001b[0m\u001b[91mverb `which` failed  python2 Error: not found: python2\n\u001b[0m\u001b[91mgyp \u001b[0m\u001b[91mverb `which` failed\u001b[0m\u001b[91m     at getNotFoundError (/app/node_modules/which/which.js:13:12)\n\u001b[0m\u001b[91mgyp \u001b[0m\u001b[91mverb \u001b[0m\u001b[91m`which` failed     at F (/app/node_modules/which/which.js:68:19)\ngyp \u001b[0m\u001b[91mverb `which` failed\u001b[0m\u001b[91m     at E (/app/node_modules/which/which.js:80:29)\n\u001b[0m\u001b[91mgyp \u001b[0m\u001b[91mverb `which` failed\u001b[0m\u001b[91m     at /app/node_modules/which/which.js:89:16\ngyp\u001b[0m\u001b[91m \u001b[0m\u001b[91mverb `which` failed\u001b[0m\u001b[91m     at /app/node_modules/isexe/index.js:42:5\n\u001b[0m\u001b[91mgyp\u001b[0m\u001b[91m \u001b[0m\u001b[91mverb\u001b[0m\u001b[91m `which` failed     at /app/node_modules/isexe/mode.js:8:5\ngyp\u001b[0m\u001b[91m verb\u001b[0m\u001b[91m `which` failed     at FSReqCallback.oncomplete (fs.js:167:21) {\n\u001b[0m\u001b[91mgyp verb \u001b[0m\u001b[91m`which` failed   code: 'ENOENT'\ngyp \u001b[0m\u001b[91mverb\u001b[0m\u001b[91m \u001b[0m\u001b[91m`which` failed }\n\u001b[0m\u001b[91mgyp \u001b[0m\u001b[91mverb \u001b[0m\u001b[91mcheck python checking for Python executable \"python\" in the PATH\n\u001b[0m\u001b[91mgyp verb\u001b[0m\u001b[91m `which` failed Error: not found: python\n\u001b[0m\u001b[91mgyp verb \u001b[0m\u001b[91m`which` failed     at getNotFoundError (/app/node_modules/which/which.js:13:12)\n\u001b[0m\u001b[91mgyp \u001b[0m\u001b[91mverb `which` failed     at F (/app/node_modules/which/which.js:68:19)\ngyp\u001b[0m\u001b[91m \u001b[0m\u001b[91mverb `which` failed\u001b[0m\u001b[91m     at E (/app/node_modules/which/which.js:80:29)\ngyp\u001b[0m\u001b[91m verb `which` failed\u001b[0m\u001b[91m     at /app/node_modules/which/which.js:89:16\ngyp \u001b[0m\u001b[91mverb `which` failed\u001b[0m\u001b[91m     at /app/node_modules/isexe/index.js:42:5\ngyp\u001b[0m\u001b[91m \u001b[0m\u001b[91mverb \u001b[0m\u001b[91m`which` failed     at /app/node_modules/isexe/mode.js:8:5\n\u001b[0m\u001b[91mgyp verb \u001b[0m\u001b[91m`which` failed\u001b[0m\u001b[91m     at FSReqCallback.oncomplete (fs.js:167:21)\ngyp \u001b[0m\u001b[91mverb `which` failed\u001b[0m\u001b[91m  python Error: not found: python\ngyp\u001b[0m\u001b[91m verb\u001b[0m\u001b[91m `which` failed\u001b[0m\u001b[91m     at getNotFoundError (/app/node_modules/which/which.js:13:12)\ngyp\u001b[0m\u001b[91m verb\u001b[0m\u001b[91m \u001b[0m\u001b[91m`which` failed\u001b[0m\u001b[91m     at F (/app/node_modules/which/which.js:68:19)\ngyp \u001b[0m\u001b[91mverb\u001b[0m\u001b[91m `which` failed     at E (/app/node_modules/which/which.js:80:29)\n\u001b[0m\u001b[91mgyp \u001b[0m\u001b[91mverb \u001b[0m\u001b[91m`which` failed     at /app/node_modules/which/which.js:89:16\ngyp\u001b[0m\u001b[91m verb `which` failed\u001b[0m\u001b[91m     at /app/node_modules/isexe/index.js:42:5\ngyp verb\u001b[0m\u001b[91m `which` failed\u001b[0m\u001b[91m     at /app/node_modules/isexe/mode.js:8:5\ngyp\u001b[0m\u001b[91m verb\u001b[0m\u001b[91m `which` failed     at FSReqCallback.oncomplete (fs.js:167:21) {\ngyp\u001b[0m\u001b[91m verb \u001b[0m\u001b[91m`which` failed   code: 'ENOENT'\n\u001b[0m\u001b[91mgyp verb \u001b[0m\u001b[91m`which` failed }\n\u001b[0m\u001b[91mgyp ERR! configure error \n\u001b[0m\u001b[91mgyp ERR! \u001b[0m\u001b[91mstack\u001b[0m\u001b[91m Error: Can't find Python executable \"python\", you can set the PYTHON env variable.\n\u001b[0m\u001b[91mgyp ERR!\u001b[0m\u001b[91m \u001b[0m\u001b[91mstack\u001b[0m\u001b[91m     at PythonFinder.failNoPython (/app/node_modules/node-gyp/lib/configure.js:484:19)\ngyp ERR! \u001b[0m\u001b[91mstack     at PythonFinder.<anonymous> (/app/node_modules/node-gyp/lib/configure.js:406:16)\ngyp ERR! stack\u001b[0m\u001b[91m     at F (/app/node_modules/which/which.js:68:16)\ngyp\u001b[0m\u001b[91m ERR! \u001b[0m\u001b[91mstack     at E (/app/node_modules/which/which.js:80:29)\n\u001b[0m\u001b[91mgyp ERR! stack\u001b[0m\u001b[91m     at /app/node_modules/which/which.js:89:16\ngyp\u001b[0m\u001b[91m ERR! stack\u001b[0m\u001b[91m     at /app/node_modules/isexe/index.js:42:5\ngyp\u001b[0m\u001b[91m ERR!\u001b[0m\u001b[91m stack     at /app/node_modules/isexe/mode.js:8:5\n\u001b[0m\u001b[91mgyp\u001b[0m\u001b[91m \u001b[0m\u001b[91mERR! stack     at FSReqCallback.oncomplete (fs.js:167:21)\n\u001b[0m\u001b[91mgyp ERR!\u001b[0m\u001b[91m System\u001b[0m\u001b[91m Linux 3.10.0-693.17.1.el7.x86_64\n\u001b[0m\u001b[91mgyp \u001b[0m\u001b[91mERR! command\u001b[0m\u001b[91m \"/usr/local/bin/node\" \"/app/node_modules/node-gyp/bin/node-gyp.js\" \"rebuild\" \"--verbose\" \"--libsass_ext=\" \"--libsass_cflags=\" \"--libsass_ldflags=\" \"--libsass_library=\"\n\u001b[0m\u001b[91mgyp ERR! \u001b[0m\u001b[91mcwd\u001b[0m\u001b[91m /app/node_modules/node-sass\ngyp\u001b[0m\u001b[91m ERR! \u001b[0m\u001b[91mnode -v\u001b[0m\u001b[91m v12.18.1\n\u001b[0m\u001b[91mgyp\u001b[0m\u001b[91m \u001b[0m\u001b[91mERR! \u001b[0m\u001b[91mnode-gyp -v v3.8.0\ngyp\u001b[0m\u001b[91m ERR! \u001b[0m\u001b[91mnot ok\u001b[0m\u001b[91m \n\u001b[0m\u001b[91mBuild failed with error code: 1\n\u001b[0m\u001b[91mnpm ERR! code ELIFECYCLE\nnpm\u001b[0m\u001b[91m \u001b[0m\u001b[91mERR! errno 1\n\u001b[0m\u001b[91mnpm ERR! node-sass@4.11.0 postinstall: `node scripts/build.js`\nnpm ERR! Exit status 1\nnpm\u001b[0m\u001b[91m \u001b[0m\u001b[91mERR!\u001b[0m\u001b[91m \nnpm\u001b[0m\u001b[91m ERR! Failed at the node-sass@4.11.0 postinstall script.\nnpm \u001b[0m\u001b[91mERR! This is probably not a problem with npm. There is likely additional logging output above.\n\u001b[0m\u001b[91m\nnpm\u001b[0m\u001b[91m ERR!\u001b[0m\u001b[91m A complete log of this run can be found in:\nnpm ERR!     /root/.npm/_logs/2020-06-30T18_21_47_751Z-debug.log\n\u001b[0m",
    "raw_stderr_log": "The command '/bin/sh -c npm ci' returned a non-zero code: 1",
    "html_url": "https://github.com/instantbox/instantbox-frontend",
    "repo_commit": "4b39ffe794dcd49889cd08abba812aee9efdb5cc",
    "repo_id": 161126139
  },
  {
    "raw_dockerfile": "FROM node:buster\n\n# Create app directory\nWORKDIR /app\n\n# Install app dependencies\n# RUN npm -g install serve\nRUN npm -g install gatsby-cli\n\nCOPY package*.json ./\n\nRUN npm ci\n\n# Bundle app source\nCOPY . .\n\n# Build static files\nRUN npm run build\n\n# serve on port 8080\n# CMD [\"serve\", \"-l\", \"tcp://0.0.0.0:8080\", \"public\"]\nCMD [\"gatsby\", \"serve\", \"--verbose\", \"--prefix-paths\", \"-p\", \"8080\", \"--host\", \"0.0.0.0\"]",
    "raw_stdout_log": "Sending build context to Docker daemon  129.2MB\r\r\nStep 1/8 : FROM node:buster\nbuster: Pulling from library/node\ne9afc4f90ab0: Already exists\n989e6b19a265: Already exists\naf14b6c2f878: Already exists\n5573c4b30949: Already exists\n11a88e764313: Already exists\n2a0455577994: Pulling fs layer\n40e51a12d830: Pulling fs layer\n07e46db37761: Pulling fs layer\nca6ad11a9dcf: Pulling fs layer\nca6ad11a9dcf: Waiting\n2a0455577994: Download complete\n07e46db37761: Verifying Checksum\n07e46db37761: Download complete\nca6ad11a9dcf: Verifying Checksum\nca6ad11a9dcf: Download complete\n40e51a12d830: Verifying Checksum\n40e51a12d830: Download complete\n2a0455577994: Pull complete\n40e51a12d830: Pull complete\n07e46db37761: Pull complete\nca6ad11a9dcf: Pull complete\nDigest: sha256:28502c5f5208dfe57ee0064cfa942102f2480178a5a0eb8b86b9f2b3385968d2\nStatus: Downloaded newer image for node:buster\n ---> 467c817255bf\nStep 2/8 : WORKDIR /app\nRemoving intermediate container 48a111cc6aa1\n ---> b7c3866a6cfd\nStep 3/8 : RUN npm -g install gatsby-cli\n ---> Running in 5d98dd7e951f\n\u001b[91mnpm WARN deprecated core-js@2.6.11: core-js@<3 is no longer maintained and not recommended for usage due to the number of issues. Please, upgrade your dependencies to the actual version of core-js@3.\n\u001b[0m\u001b[91mnpm WARN deprecated resolve-url@0.2.1: https://github.com/lydell/resolve-url#deprecated\n\u001b[0m\u001b[91mnpm WARN deprecated urix@0.1.0: Please see https://github.com/lydell/urix#deprecated\n\u001b[0m/usr/local/bin/gatsby -> /usr/local/lib/node_modules/gatsby-cli/lib/index.js\n\n> websocket@1.0.31 install /usr/local/lib/node_modules/gatsby-cli/node_modules/websocket\n> (node-gyp rebuild 2> builderror.log) || (exit 0)\n\n\u001b[91msh: 1: cannot create builderror.log: Permission denied\n\u001b[0m\n> core-js@2.6.11 postinstall /usr/local/lib/node_modules/gatsby-cli/node_modules/core-js\n> node -e \"try{require('./postinstall')}catch(e){}\"\n\n\u001b[96mThank you for using core-js (\u001b[94m https://github.com/zloirock/core-js \u001b[96m) for polyfilling JavaScript standard library!\u001b[0m\n\n\u001b[96mThe project needs your help! Please consider supporting of core-js on Open Collective or Patreon: \u001b[0m\n\u001b[96m>\u001b[94m https://opencollective.com/core-js \u001b[0m\n\u001b[96m>\u001b[94m https://www.patreon.com/zloirock \u001b[0m\n\n\u001b[96mAlso, the author of core-js (\u001b[94m https://github.com/zloirock \u001b[96m) is looking for a good job -)\u001b[0m\n\n\n> gatsby-telemetry@1.3.12 postinstall /usr/local/lib/node_modules/gatsby-cli/node_modules/gatsby-telemetry\n> node src/postinstall.js || true\n\n\n> gatsby-cli@2.12.47 postinstall /usr/local/lib/node_modules/gatsby-cli\n> node scripts/postinstall.js\n\nSuccess!\n\nWelcome to the Gatsby CLI! Please visit https://www.gatsbyjs.org/docs/gatsby-cli/ for more information.\n\n\u001b[91mnpm WARN acorn-dynamic-import@4.0.0 requires a peer of acorn@^6.0.0 but none is installed. You must install peer dependencies yourself.\n\u001b[0m\u001b[91m\n\u001b[0m+ gatsby-cli@2.12.47\nadded 996 packages from 691 contributors in 55.511s\nRemoving intermediate container 5d98dd7e951f\n ---> 9d4b9818b7ca\nStep 4/8 : COPY package*.json ./\n ---> 6173753f16a8\nStep 5/8 : RUN npm ci\n ---> Running in c3e8edafbfd6\n\u001b[91mnpm\u001b[0m\u001b[91m ERR! cipm can only install packages with an existing package-lock.json or npm-shrinkwrap.json with lockfileVersion >= 1. Run an install with npm@5 or later to generate it, then try again.\n\u001b[0m\u001b[91m\nnpm ERR!\u001b[0m\u001b[91m A complete log of this run can be found in:\nnpm ERR!\u001b[0m\u001b[91m     /root/.npm/_logs/2020-06-20T01_14_19_905Z-debug.log\n\u001b[0m",
    "raw_stderr_log": "The command '/bin/sh -c npm ci' returned a non-zero code: 1",
    "html_url": "https://github.com/LeuAlmeida/documentation",
    "repo_commit": "3d8006ab83a0db289c148c2dd9702033788b7455",
    "repo_id": 213686653
  },
  {
    "raw_dockerfile": "FROM node:buster\n\n# Create app directory\nWORKDIR /app\n\n# Install app dependencies\nRUN npm -g install gatsby-cli\n\nCOPY package*.json ./\n\nRUN npm ci\n\n# Bundle app source\nCOPY . .\n\n# Build static files\nRUN npm run build\n\n# serve on port 8080\nCMD [\"gatsby\", \"serve\", \"--verbose\", \"--prefix-paths\", \"-p\", \"8080\", \"--host\", \"0.0.0.0\"]",
    "raw_stdout_log": "Sending build context to Docker daemon  1.311MB\r\r\nStep 1/8 : FROM node:buster\nbuster: Pulling from library/node\ne9afc4f90ab0: Already exists\n989e6b19a265: Already exists\naf14b6c2f878: Already exists\n5573c4b30949: Already exists\n11a88e764313: Already exists\n2a0455577994: Pulling fs layer\n40e51a12d830: Pulling fs layer\n07e46db37761: Pulling fs layer\nca6ad11a9dcf: Pulling fs layer\nca6ad11a9dcf: Waiting\n2a0455577994: Verifying Checksum\n2a0455577994: Download complete\n07e46db37761: Download complete\nca6ad11a9dcf: Download complete\n40e51a12d830: Verifying Checksum\n40e51a12d830: Download complete\n2a0455577994: Pull complete\n40e51a12d830: Pull complete\n07e46db37761: Pull complete\nca6ad11a9dcf: Pull complete\nDigest: sha256:28502c5f5208dfe57ee0064cfa942102f2480178a5a0eb8b86b9f2b3385968d2\nStatus: Downloaded newer image for node:buster\n ---> 467c817255bf\nStep 2/8 : WORKDIR /app\nRemoving intermediate container 0dd99639820c\n ---> 584a03a63af1\nStep 3/8 : RUN npm -g install gatsby-cli\n ---> Running in 017cb85ee6d2\n\u001b[91mnpm WARN deprecated core-js@2.6.11: core-js@<3 is no longer maintained and not recommended for usage due to the number of issues. Please, upgrade your dependencies to the actual version of core-js@3.\n\u001b[0m\u001b[91mnpm WARN deprecated resolve-url@0.2.1: https://github.com/lydell/resolve-url#deprecated\n\u001b[0m\u001b[91mnpm WARN deprecated urix@0.1.0: Please see https://github.com/lydell/urix#deprecated\n\u001b[0m/usr/local/bin/gatsby -> /usr/local/lib/node_modules/gatsby-cli/cli.js\n\n> websocket@1.0.31 install /usr/local/lib/node_modules/gatsby-cli/node_modules/websocket\n> (node-gyp rebuild 2> builderror.log) || (exit 0)\n\n\u001b[91msh: 1: cannot create builderror.log: Permission denied\n\u001b[0m\n> core-js@2.6.11 postinstall /usr/local/lib/node_modules/gatsby-cli/node_modules/core-js\n> node -e \"try{require('./postinstall')}catch(e){}\"\n\n\u001b[96mThank you for using core-js (\u001b[94m https://github.com/zloirock/core-js \u001b[96m) for polyfilling JavaScript standard library!\u001b[0m\n\n\u001b[96mThe project needs your help! Please consider supporting of core-js on Open Collective or Patreon: \u001b[0m\n\u001b[96m>\u001b[94m https://opencollective.com/core-js \u001b[0m\n\u001b[96m>\u001b[94m https://www.patreon.com/zloirock \u001b[0m\n\n\u001b[96mAlso, the author of core-js (\u001b[94m https://github.com/zloirock \u001b[96m) is looking for a good job -)\u001b[0m\n\n\n> gatsby-telemetry@1.3.12 postinstall /usr/local/lib/node_modules/gatsby-cli/node_modules/gatsby-telemetry\n> node src/postinstall.js || true\n\n\n> gatsby-cli@2.12.48 postinstall /usr/local/lib/node_modules/gatsby-cli\n> node scripts/postinstall.js\n\nSuccess!\n\nWelcome to the Gatsby CLI! Please visit https://www.gatsbyjs.org/docs/gatsby-cli/ for more information.\n\n\u001b[91mnpm WARN\u001b[0m\u001b[91m acorn-dynamic-import@4.0.0 requires a peer of acorn@^6.0.0 but none is installed. You must install peer dependencies yourself.\n\u001b[0m\u001b[91m\n\u001b[0m+ gatsby-cli@2.12.48\nadded 996 packages from 691 contributors in 69.605s\nRemoving intermediate container 017cb85ee6d2\n ---> 7a3464812420\nStep 4/8 : COPY package*.json ./\n ---> 169fe0ee3b21\nStep 5/8 : RUN npm ci\n ---> Running in 18b7b2700dc7\n\n> styled-components@4.3.2 postinstall /app/node_modules/styled-components\n> node ./scripts/postinstall.js || exit 0\n\nUse styled-components at work? Consider supporting our development efforts at https://opencollective.com/styled-components\n\n> fsevents@1.2.7 install /app/node_modules/fsevents\n> node install\n\n\n> sharp@0.22.1 install /app/node_modules/sharp\n> (node install/libvips && node install/dll-copy && prebuild-install) || (node-gyp rebuild && node install/dll-copy)\n\n\u001b[91minfo\u001b[0m\u001b[91m sharp Downloading https://github.com/lovell/sharp-libvips/releases/download/v8.7.4/libvips-8.7.4-linux-x64.tar.gz\n\u001b[0m\u001b[91mprebuild-install WARN install No prebuilt binaries found (target=14.4.0 runtime=node arch=x64 libc= platform=linux)\n\u001b[0mmake: Entering directory '/app/node_modules/sharp/build'\n  TOUCH Release/obj.target/libvips-cpp.stamp\n  CXX(target) Release/obj.target/sharp/src/common.o\n  CXX(target) Release/obj.target/sharp/src/metadata.o\n  CXX(target) Release/obj.target/sharp/src/stats.o\n\u001b[91m../src/stats.cc: In member function 'virtual void StatsWorker::HandleOKCallback()':\n../src/stats.cc:130:37: error: no matching function for call to 'v8::Array::Set(int&, v8::Local<v8::Object>&)'\n         channels->Set(i, channelStat);\n                                     ^\n\u001b[0m\u001b[91mIn file included from /root/.cache/node-gyp/14.4.0/include/node/node.h:67,\n                 from ../src/stats.cc:19:\n/root/.cache/node-gyp/14.4.0/include/node/v8.h:3639:37: note: candidate: 'v8::Maybe<bool> v8::Object::Set(v8::Local<v8::Context>, v8::Local<v8::Value>, v8::Local<v8::Value>)'\n   V8_WARN_UNUSED_RESULT Maybe<bool> Set(Local<Context> context,\n                                     ^~~\n/root/.cache/node-gyp/14.4.0/include/node/v8.h:3639:37: note:   candidate expects 3 arguments, 2 provided\n/root/.cache/node-gyp/14.4.0/include/node/v8.h:3642:37: note: candidate: 'v8::Maybe<bool> v8::Object::Set(v8::Local<v8::Context>, uint32_t, v8::Local<v8::Value>)'\n   V8_WARN_UNUSED_RESULT Maybe<bool> Set(Local<Context> context, uint32_t index,\n                                     ^~~\n/root/.cache/node-gyp/14.4.0/include/node/v8.h:3642:37: note:   candidate expects 3 arguments, 2 provided\n\u001b[0m\u001b[91mmake: *** [sharp.target.mk:138: Release/obj.target/sharp/src/stats.o] Error 1\n\u001b[0mmake: Leaving directory '/app/node_modules/sharp/build'\n\u001b[91mgyp ERR! \u001b[0m\u001b[91mbuild error \n\u001b[0m\u001b[91mgyp\u001b[0m\u001b[91m ERR! \u001b[0m\u001b[91mstack Error: `make` failed with exit code: 2\ngyp\u001b[0m\u001b[91m \u001b[0m\u001b[91mERR! \u001b[0m\u001b[91mstack     at ChildProcess.onExit (/usr/local/lib/node_modules/npm/node_modules/node-gyp/lib/build.js:194:23)\n\u001b[0m\u001b[91mgyp \u001b[0m\u001b[91mERR! \u001b[0m\u001b[91mstack     at ChildProcess.emit (events.js:315:20)\ngyp ERR!\u001b[0m\u001b[91m stack\u001b[0m\u001b[91m     at Process.ChildProcess._handle.onexit (internal/child_process.js:276:12)\n\u001b[0m\u001b[91mgyp ERR!\u001b[0m\u001b[91m System Linux 3.10.0-693.17.1.el7.x86_64\n\u001b[0m\u001b[91mgyp ERR! command \"/usr/local/bin/node\" \"/usr/local/lib/node_modules/npm/node_modules/node-gyp/bin/node-gyp.js\" \"rebuild\"\ngyp ERR! cwd /app/node_modules/sharp\ngyp ERR! node -v v14.4.0\ngyp ERR! node-gyp -v v5.1.0\ngyp ERR! not ok \n\u001b[0m\u001b[91mnpm ERR! code ELIFECYCLE\n\u001b[0m\u001b[91mnpm ERR! errno 1\n\u001b[0m\u001b[91mnpm ERR! sharp@0.22.1 install: `(node install/libvips && node install/dll-copy && prebuild-install) || (node-gyp rebuild && node install/dll-copy)`\nnpm ERR!\u001b[0m\u001b[91m Exit status 1\nnpm \u001b[0m\u001b[91mERR!\u001b[0m\u001b[91m \nnpm ERR!\u001b[0m\u001b[91m Failed at the sharp@0.22.1 install script.\nnpm ERR!\u001b[0m\u001b[91m This is probably not a problem with npm. There is likely additional logging output above.\n\u001b[0m\u001b[91m\nnpm ERR! A complete log of this run can be found in:\nnpm\u001b[0m\u001b[91m ERR!     /root/.npm/_logs/2020-06-21T07_23_15_788Z-debug.log\n\u001b[0m",
    "raw_stderr_log": "The command '/bin/sh -c npm ci' returned a non-zero code: 1",
    "html_url": "https://github.com/tpage99/a11yfirst",
    "repo_commit": "3c819bf6d4f3afb70b8c47ac156c850782fd86bc",
    "repo_id": 216053998
  },
  {
    "raw_dockerfile": "FROM node:buster\n\n# Create app directory\nWORKDIR /app\n\n# Install app dependencies\n# RUN npm -g install serve\nRUN npm -g install gatsby-cli\n\nCOPY package*.json ./\n\nRUN npm ci\n\n# Bundle app source\nCOPY . .\n\n# Build static files\nRUN npm run build\n\n# serve on port 8080\n# CMD [\"serve\", \"-l\", \"tcp://0.0.0.0:8080\", \"public\"]\nCMD [\"gatsby\", \"serve\", \"--verbose\", \"--prefix-paths\", \"-p\", \"8080\", \"--host\", \"0.0.0.0\"]",
    "raw_stdout_log": "Sending build context to Docker daemon  8.015MB\r\r\nStep 1/8 : FROM node:buster\nbuster: Pulling from library/node\ne9afc4f90ab0: Already exists\n989e6b19a265: Already exists\naf14b6c2f878: Already exists\n5573c4b30949: Already exists\n11a88e764313: Already exists\n2a0455577994: Pulling fs layer\n40e51a12d830: Pulling fs layer\n07e46db37761: Pulling fs layer\nca6ad11a9dcf: Pulling fs layer\nca6ad11a9dcf: Waiting\n2a0455577994: Download complete\n07e46db37761: Verifying Checksum\n07e46db37761: Download complete\n40e51a12d830: Verifying Checksum\n40e51a12d830: Download complete\nca6ad11a9dcf: Download complete\n2a0455577994: Pull complete\n40e51a12d830: Pull complete\n07e46db37761: Pull complete\nca6ad11a9dcf: Pull complete\nDigest: sha256:28502c5f5208dfe57ee0064cfa942102f2480178a5a0eb8b86b9f2b3385968d2\nStatus: Downloaded newer image for node:buster\n ---> 467c817255bf\nStep 2/8 : WORKDIR /app\nRemoving intermediate container 37a061bfaea2\n ---> d047f43f73b4\nStep 3/8 : RUN npm -g install gatsby-cli\n ---> Running in 97de3bebb452\n\u001b[91mnpm WARN deprecated core-js@2.6.11: core-js@<3 is no longer maintained and not recommended for usage due to the number of issues. Please, upgrade your dependencies to the actual version of core-js@3.\n\u001b[0m\u001b[91mnpm WARN deprecated urix@0.1.0: Please see https://github.com/lydell/urix#deprecated\n\u001b[0m\u001b[91mnpm WARN deprecated resolve-url@0.2.1: https://github.com/lydell/resolve-url#deprecated\n\u001b[0m/usr/local/bin/gatsby -> /usr/local/lib/node_modules/gatsby-cli/cli.js\n\n> websocket@1.0.31 install /usr/local/lib/node_modules/gatsby-cli/node_modules/websocket\n> (node-gyp rebuild 2> builderror.log) || (exit 0)\n\n\u001b[91msh: 1: cannot create builderror.log: Permission denied\n\u001b[0m\n> core-js@2.6.11 postinstall /usr/local/lib/node_modules/gatsby-cli/node_modules/core-js\n> node -e \"try{require('./postinstall')}catch(e){}\"\n\n\u001b[96mThank you for using core-js (\u001b[94m https://github.com/zloirock/core-js \u001b[96m) for polyfilling JavaScript standard library!\u001b[0m\n\n\u001b[96mThe project needs your help! Please consider supporting of core-js on Open Collective or Patreon: \u001b[0m\n\u001b[96m>\u001b[94m https://opencollective.com/core-js \u001b[0m\n\u001b[96m>\u001b[94m https://www.patreon.com/zloirock \u001b[0m\n\n\u001b[96mAlso, the author of core-js (\u001b[94m https://github.com/zloirock \u001b[96m) is looking for a good job -)\u001b[0m\n\n\n> gatsby-telemetry@1.3.12 postinstall /usr/local/lib/node_modules/gatsby-cli/node_modules/gatsby-telemetry\n> node src/postinstall.js || true\n\n\n> gatsby-cli@2.12.48 postinstall /usr/local/lib/node_modules/gatsby-cli\n> node scripts/postinstall.js\n\nSuccess!\n\nWelcome to the Gatsby CLI! Please visit https://www.gatsbyjs.org/docs/gatsby-cli/ for more information.\n\n\u001b[91mnpm WARN acorn-dynamic-import@4.0.0 requires a peer of acorn@^6.0.0 but none is installed. You must install peer dependencies yourself.\n\u001b[0m\u001b[91m\n\u001b[0m+ gatsby-cli@2.12.48\nadded 996 packages from 691 contributors in 52.334s\nRemoving intermediate container 97de3bebb452\n ---> a25d9f5177f4\nStep 4/8 : COPY package*.json ./\n ---> 693b52969245\nStep 5/8 : RUN npm ci\n ---> Running in a4a22aa9f9db\n\u001b[91mnpm \u001b[0m\u001b[91mERR!\u001b[0m\u001b[91m cipm can only install packages when your package.json and package-lock.json or npm-shrinkwrap.json are in sync. Please update your lock file with `npm install` before continuing.\nnpm ERR!\u001b[0m\u001b[91m \nnpm ERR! \nnpm\u001b[0m\u001b[91m ERR!\u001b[0m\u001b[91m Missing: @emotion/core@^10.0.22\nnpm ERR! Missing: @emotion/styled@^10.0.23\nnpm\u001b[0m\u001b[91m ERR!\u001b[0m\u001b[91m Missing: @emotion/styled-base@^10.0.24\nnpm ERR!\u001b[0m\u001b[91m Missing: @mdx-js/mdx@^1.5.1\nnpm ERR! Missing: @mdx-js/react@^1.5.1\nnpm\u001b[0m\u001b[91m ERR!\u001b[0m\u001b[91m Missing: algoliasearch@^3.35.1\nnpm ERR!\u001b[0m\u001b[91m Missing: dotenv@^8.2.0\nnpm ERR!\u001b[0m\u001b[91m Missing: gatsby-link@^2.2.27\nnpm \u001b[0m\u001b[91mERR!\u001b[0m\u001b[91m Missing: graphql@^14.5.8\nnpm \u001b[0m\u001b[91mERR!\u001b[0m\u001b[91m Missing: is-absolute-url@^3.0.3\nnpm ERR! Missing: lodash.flatten@^4.4.0\nnpm ERR!\u001b[0m\u001b[91m Missing: react@^16.12.0\nnpm ERR! Missing: react-dom@^16.12.0\n\u001b[0m\u001b[91mnpm\u001b[0m\u001b[91m \u001b[0m\u001b[91mERR!\u001b[0m\u001b[91m \n\u001b[0m\u001b[91m\nnpm ERR! A complete log of this run can be found in:\nnpm\u001b[0m\u001b[91m ERR!\u001b[0m\u001b[91m     /root/.npm/_logs/2020-06-21T04_07_11_094Z-debug.log\n\u001b[0m",
    "raw_stderr_log": "The command '/bin/sh -c npm ci' returned a non-zero code: 1",
    "html_url": "https://github.com/FleekHQ/fleek-docs",
    "repo_commit": "191f73dde32929c063af15fec2ac5118dd3924ba",
    "repo_id": 239899010
  }
]