[
  {
    "raw_dockerfile": "###########\n#\n#      DOCKER CONTAINER FOR MIR Project 2017\n# MAINTAINED BY: Lamtharn (Hanoi) Hantrakul -- hanoi@smartear.io | hanoi7@gmail.com | lhantrakul3@gatech.edu\n# The purpose of this container is to provide a stable base image for our projected called \"Klustr\" by\n# Lamtharn (Hanoi) Hantrakul and Avneesh Sarwate\n#\n# Please add new pip/apt installs in this block. Don't forget a \"&& \\\" at the end\n# of all non-final lines. Thanks!\n#\n###########\n\n### Pull official Anaconda Python Distribution 4.4.0 (which has python 2.7)\nFROM continuumio/anaconda:4.4.0\n\n### Install custom libraries\n\n# Progress bar\nRUN pip install tqdm\n\n# Install Matplotlib\nRUN conda install matplotlib\n\n# Install Shapely for metrics related to shapes\nRUN pip install shapely\n\n# Install librosa\nRUN pip install librosa\n\n# Instructions for installing UMAP\nRUN conda install numpy scipy\nRUN conda install scikit-learn\nRUN conda install numba\nRUN pip install umap-learn\n\n# Set working directory to /klustr\nWORKDIR /klustr\n\n# Copy all current directory contents into the container at /klustr\nADD . /klustr",
    "raw_stdout_log": "Sending build context to Docker daemon  131.9MB\r\r\nStep 1/11 : FROM continuumio/anaconda:4.4.0\n4.4.0: Pulling from continuumio/anaconda\n8ad8b3f87b37: Pulling fs layer\n202ce535dd1f: Pulling fs layer\n6ac330463d02: Pulling fs layer\n7951003d30ae: Pulling fs layer\n7951003d30ae: Waiting\n8ad8b3f87b37: Verifying Checksum\n8ad8b3f87b37: Download complete\n7951003d30ae: Verifying Checksum\n7951003d30ae: Download complete\n8ad8b3f87b37: Pull complete\n202ce535dd1f: Verifying Checksum\n202ce535dd1f: Download complete\n6ac330463d02: Download complete\n202ce535dd1f: Pull complete\n6ac330463d02: Pull complete\n7951003d30ae: Pull complete\nDigest: sha256:31fe3427472c3197bb7954f15b10f322f8cef73b3de338d7032f9bfe014c9c60\nStatus: Downloaded newer image for continuumio/anaconda:4.4.0\n ---> 884e2a440794\nStep 2/11 : RUN pip install tqdm\n ---> Running in 28680c3e2498\nCollecting tqdm\n  Downloading https://files.pythonhosted.org/packages/f3/76/4697ce203a3d42b2ead61127b35e5fcc26bba9a35c03b32a2bd342a4c869/tqdm-4.46.1-py2.py3-none-any.whl (63kB)\nInstalling collected packages: tqdm\nSuccessfully installed tqdm-4.46.1\n\u001b[91mYou are using pip version 9.0.1, however version 20.1.1 is available.\nYou should consider upgrading via the 'pip install --upgrade pip' command.\n\u001b[0mRemoving intermediate container 28680c3e2498\n ---> 37309fa8590b\nStep 3/11 : RUN conda install matplotlib\n ---> Running in b416c7807b26\nFetching package metadata .........\nSolving package specifications: .\n\nPackage plan for installation in environment /opt/conda:\n\nThe following NEW packages will be INSTALLED:\n\n    _libgcc_mutex: 0.1-free     \n    blas:          1.0-mkl      \n\nThe following packages will be UPDATED:\n\n    conda:         4.3.21-py27_0 --> 4.3.30-py27h6ae6dc7_0\n\nProceed ([y]/n)? \n_libgcc_mutex-   0% |                              | ETA:  --:--:--   0.00  B/s\r_libgcc_mutex- 100% |###############################| ETA:  0:00:00   1.14 MB/s\r_libgcc_mutex- 100% |###############################| Time: 0:00:00   1.03 MB/s\r\nblas-1.0-mkl.t   0% |                              | ETA:  --:--:--   0.00  B/s\rblas-1.0-mkl.t 100% |###############################| Time: 0:00:00   2.39 MB/s\rblas-1.0-mkl.t 100% |###############################| Time: 0:00:00   2.07 MB/s\r\nconda-4.3.30-p   0% |                              | ETA:  --:--:--   0.00  B/s\rconda-4.3.30-p   3% |                               | Time: 0:00:00   5.17 MB/s\rconda-4.3.30-p   6% |#                              | Time: 0:00:00   8.66 MB/s\rconda-4.3.30-p   9% |##                             | Time: 0:00:00  11.36 MB/s\rconda-4.3.30-p  12% |###                            | Time: 0:00:00   6.21 MB/s\rconda-4.3.30-p  15% |####                           | Time: 0:00:00   7.41 MB/s\rconda-4.3.30-p  18% |#####                          | Time: 0:00:00   8.55 MB/s\rconda-4.3.30-p  22% |######                         | Time: 0:00:00   9.60 MB/s\rconda-4.3.30-p  25% |#######                        | Time: 0:00:00  10.57 MB/s\rconda-4.3.30-p  28% |########                       | Time: 0:00:00  11.42 MB/s\rconda-4.3.30-p  31% |#########                      | Time: 0:00:00  12.31 MB/s\rconda-4.3.30-p  34% |##########                     | Time: 0:00:00  11.81 MB/s\rconda-4.3.30-p  37% |###########                    | Time: 0:00:00   8.74 MB/s\rconda-4.3.30-p  41% |############                   | Time: 0:00:00   9.15 MB/s\rconda-4.3.30-p  44% |#############                  | Time: 0:00:00   9.62 MB/s\rconda-4.3.30-p  47% |##############                 | Time: 0:00:00  10.09 MB/s\rconda-4.3.30-p  50% |###############                | Time: 0:00:00  10.61 MB/s\rconda-4.3.30-p  53% |################               | Time: 0:00:00  11.09 MB/s\rconda-4.3.30-p  56% |#################              | Time: 0:00:00  11.58 MB/s\rconda-4.3.30-p  59% |##################             | Time: 0:00:00  12.05 MB/s\rconda-4.3.30-p  63% |###################            | Time: 0:00:00  12.49 MB/s\rconda-4.3.30-p  66% |####################           | Time: 0:00:00  12.86 MB/s\rconda-4.3.30-p  69% |#####################          | Time: 0:00:00  13.18 MB/s\rconda-4.3.30-p  72% |######################         | Time: 0:00:00  13.57 MB/s\rconda-4.3.30-p  75% |#######################        | Time: 0:00:00  13.93 MB/s\rconda-4.3.30-p  78% |########################       | Time: 0:00:00  14.31 MB/s\rconda-4.3.30-p  82% |#########################      | Time: 0:00:00  14.66 MB/s\rconda-4.3.30-p  85% |##########################     | Time: 0:00:00  15.03 MB/s\rconda-4.3.30-p  88% |###########################    | Time: 0:00:00  15.38 MB/s\rconda-4.3.30-p  91% |############################   | Time: 0:00:00  13.75 MB/s\rconda-4.3.30-p  94% |#############################  | Time: 0:00:00  14.04 MB/s\rconda-4.3.30-p  97% |############################## | Time: 0:00:00  14.35 MB/s\rconda-4.3.30-p 100% |###############################| Time: 0:00:00  14.52 MB/s\rconda-4.3.30-p 100% |###############################| Time: 0:00:00  14.35 MB/s\r\nRemoving intermediate container b416c7807b26\n ---> 3f11b254bf39\nStep 4/11 : RUN pip install shapely\n ---> Running in 3edd878209f8\nCollecting shapely\n  Downloading https://files.pythonhosted.org/packages/4f/d8/8fb04cee0dfce158e1842d6203e1893b7540b32985a1a15f718f6715f380/Shapely-1.7.0-cp27-cp27mu-manylinux1_x86_64.whl (1.8MB)\nInstalling collected packages: shapely\nSuccessfully installed shapely-1.7.0\n\u001b[91mYou are using pip version 9.0.1, however version 20.1.1 is available.\nYou should consider upgrading via the 'pip install --upgrade pip' command.\n\u001b[0mRemoving intermediate container 3edd878209f8\n ---> 47aa89f8e583\nStep 5/11 : RUN pip install librosa\n ---> Running in 6679d60290ba\nCollecting librosa\n  Downloading https://files.pythonhosted.org/packages/77/b5/1817862d64a7c231afd15419d8418ae1f000742cac275e85c74b219cbccb/librosa-0.7.2.tar.gz (1.6MB)\nCollecting audioread>=2.0.0 (from librosa)\n  Downloading https://files.pythonhosted.org/packages/2e/0b/940ea7861e0e9049f09dcfd72a90c9ae55f697c17c299a323f0148f913d2/audioread-2.1.8.tar.gz\nCollecting numpy>=1.15.0 (from librosa)\n  Downloading https://files.pythonhosted.org/packages/3a/5f/47e578b3ae79e2624e205445ab77a1848acdaa2929a00eeef6b16eaaeb20/numpy-1.16.6-cp27-cp27mu-manylinux1_x86_64.whl (17.0MB)\nCollecting scipy>=1.0.0 (from librosa)\n  Downloading https://files.pythonhosted.org/packages/24/40/11b12af7f322c1e20446c037c47344d89bab4922b8859419d82cf56d796d/scipy-1.2.3-cp27-cp27mu-manylinux1_x86_64.whl (24.8MB)\nRequirement already satisfied: scikit-learn!=0.19.0,>=0.14.0 in /opt/conda/lib/python2.7/site-packages (from librosa)\nCollecting joblib>=0.12 (from librosa)\n  Downloading https://files.pythonhosted.org/packages/28/5c/cf6a2b65a321c4a209efcdf64c2689efae2cb62661f8f6f4bb28547cf1bf/joblib-0.14.1-py2.py3-none-any.whl (294kB)\nRequirement already satisfied: decorator>=3.0.0 in /opt/conda/lib/python2.7/site-packages (from librosa)\nRequirement already satisfied: six>=1.3 in /opt/conda/lib/python2.7/site-packages (from librosa)\nCollecting resampy>=0.2.2 (from librosa)\n  Downloading https://files.pythonhosted.org/packages/79/75/e22272b9c2185fc8f3af6ce37229708b45e8b855fd4bc38b4d6b040fff65/resampy-0.2.2.tar.gz (323kB)\nCollecting numba>=0.43.0 (from librosa)\n  Downloading https://files.pythonhosted.org/packages/83/f2/938d6b0e6b0be158d7beb7cc6067243783d219e8e0a7474bbe69d0fb5472/numba-0.47.0-cp27-cp27mu-manylinux1_x86_64.whl (3.6MB)\nCollecting soundfile>=0.9.0 (from librosa)\n  Downloading https://files.pythonhosted.org/packages/eb/f2/3cbbbf3b96fb9fa91582c438b574cff3f45b29c772f94c400e2c99ef5db9/SoundFile-0.10.3.post1-py2.py3-none-any.whl\nRequirement already satisfied: funcsigs; python_version < \"3.3\" in /opt/conda/lib/python2.7/site-packages (from numba>=0.43.0->librosa)\nRequirement already satisfied: singledispatch; python_version < \"3.4\" in /opt/conda/lib/python2.7/site-packages (from numba>=0.43.0->librosa)\nRequirement already satisfied: setuptools in /opt/conda/lib/python2.7/site-packages/setuptools-27.2.0-py2.7.egg (from numba>=0.43.0->librosa)\nRequirement already satisfied: enum34; python_version < \"3.4\" in /opt/conda/lib/python2.7/site-packages (from numba>=0.43.0->librosa)\nCollecting llvmlite>=0.31.0dev0 (from numba>=0.43.0->librosa)\n  Downloading https://files.pythonhosted.org/packages/50/cc/04526507e80d546be5688ce0246e40277b61e7949c3347c6609b6a4154cf/llvmlite-0.32.1.tar.gz (104kB)\nRequirement already satisfied: cffi>=1.0 in /opt/conda/lib/python2.7/site-packages (from soundfile>=0.9.0->librosa)\nRequirement already satisfied: pycparser in /opt/conda/lib/python2.7/site-packages (from cffi>=1.0->soundfile>=0.9.0->librosa)\nBuilding wheels for collected packages: librosa, audioread, resampy, llvmlite\n  Running setup.py bdist_wheel for librosa: started\n  Running setup.py bdist_wheel for librosa: finished with status 'done'\n  Stored in directory: /root/.cache/pip/wheels/4c/6e/d7/bb93911540d2d1e44d690a1561871e5b6af82b69e80938abef\n  Running setup.py bdist_wheel for audioread: started\n  Running setup.py bdist_wheel for audioread: finished with status 'done'\n  Stored in directory: /root/.cache/pip/wheels/b9/64/09/0b6417df9d8ba8bc61a7d2553c5cebd714ec169644c88fc012\n  Running setup.py bdist_wheel for resampy: started\n  Running setup.py bdist_wheel for resampy: finished with status 'done'\n  Stored in directory: /root/.cache/pip/wheels/fa/c1/56/e0e12c6f7f3d2cdea9712b35136a2d40a7817c6210ec096485\n  Running setup.py bdist_wheel for llvmlite: started\n  Running setup.py bdist_wheel for llvmlite: finished with status 'error'\n  Complete output from command /opt/conda/bin/python -u -c \"import setuptools, tokenize;__file__='/tmp/pip-build-YCwvHm/llvmlite/setup.py';f=getattr(tokenize, 'open', open)(__file__);code=f.read().replace('\\r\\n', '\\n');f.close();exec(compile(code, __file__, 'exec'))\" bdist_wheel -d /tmp/tmpYm5Fnfpip-wheel- --python-tag cp27:\n  running bdist_wheel\n  /opt/conda/bin/python /tmp/pip-build-YCwvHm/llvmlite/ffi/build.py\n    File \"/tmp/pip-build-YCwvHm/llvmlite/ffi/build.py\", line 122\n      raise ValueError(msg.format(_ver_check_skip)) from e\n                                                       ^\n  SyntaxError: invalid syntax\n  error: command '/opt/conda/bin/python' failed with exit status 1\n  \n  ----------------------------------------\n\u001b[91m  Failed building wheel for llvmlite\n\u001b[0m  Running setup.py clean for llvmlite\nSuccessfully built librosa audioread resampy\nFailed to build llvmlite\nInstalling collected packages: audioread, numpy, scipy, joblib, llvmlite, numba, resampy, soundfile, librosa\n  Found existing installation: numpy 1.12.1\n    Uninstalling numpy-1.12.1:\n      Successfully uninstalled numpy-1.12.1\n  Found existing installation: scipy 0.19.0\n    Uninstalling scipy-0.19.0:\n      Successfully uninstalled scipy-0.19.0\n  Found existing installation: llvmlite 0.18.0\n    Uninstalling llvmlite-0.18.0:\n      Successfully uninstalled llvmlite-0.18.0\n  Running setup.py install for llvmlite: started\n    Running setup.py install for llvmlite: finished with status 'error'\n    Complete output from command /opt/conda/bin/python -u -c \"import setuptools, tokenize;__file__='/tmp/pip-build-YCwvHm/llvmlite/setup.py';f=getattr(tokenize, 'open', open)(__file__);code=f.read().replace('\\r\\n', '\\n');f.close();exec(compile(code, __file__, 'exec'))\" install --record /tmp/pip-QX44pW-record/install-record.txt --single-version-externally-managed --compile:\n    running install\n    running build\n    got version from file /tmp/pip-build-YCwvHm/llvmlite/llvmlite/_version.py {'version': '0.32.1', 'full': 'aa11b129c0b55973067422397821ae6d44fa5e70'}\n    running build_ext\n    /opt/conda/bin/python /tmp/pip-build-YCwvHm/llvmlite/ffi/build.py\n      File \"/tmp/pip-build-YCwvHm/llvmlite/ffi/build.py\", line 122\n        raise ValueError(msg.format(_ver_check_skip)) from e\n                                                         ^\n    SyntaxError: invalid syntax\n    error: command '/opt/conda/bin/python' failed with exit status 1\n    \n    ----------------------------------------\n  Rolling back uninstall of llvmlite\n\u001b[91mCommand \"/opt/conda/bin/python -u -c \"import setuptools, tokenize;__file__='/tmp/pip-build-YCwvHm/llvmlite/setup.py';f=getattr(tokenize, 'open', open)(__file__);code=f.read().replace('\\r\\n', '\\n');f.close();exec(compile(code, __file__, 'exec'))\" install --record /tmp/pip-QX44pW-record/install-record.txt --single-version-externally-managed --compile\" failed with error code 1 in /tmp/pip-build-YCwvHm/llvmlite/\n\u001b[0m\u001b[91mYou are using pip version 9.0.1, however version 20.1.1 is available.\nYou should consider upgrading via the 'pip install --upgrade pip' command.\n\u001b[0m",
    "raw_stderr_log": "The command '/bin/sh -c pip install librosa' returned a non-zero code: 1",
    "html_url": "https://github.com/lamtharnhantrakul/klustr",
    "repo_commit": "1de357dd12cc8d863c8f5769c0a768802e7f0850",
    "repo_id": 113396535
  },
  {
    "raw_dockerfile": "# build with `docker build -t localethereum/client-python .`\nFROM python:2.7.11\n\nRUN pip install pyethapp\nENTRYPOINT [\"/usr/local/bin/pyethapp\"]",
    "raw_stdout_log": "Sending build context to Docker daemon  661.5kB\r\r\nStep 1/3 : FROM python:2.7.11\n2.7.11: Pulling from library/python\n51f5c6a04d83: Pulling fs layer\n65e9ddd8bd7a: Pulling fs layer\nc41545ebedf5: Pulling fs layer\n04aed1875617: Pulling fs layer\ncf8af6bdf113: Pulling fs layer\nb9775a700f7f: Pulling fs layer\n31e5e3fda303: Pulling fs layer\ncf8af6bdf113: Waiting\nb9775a700f7f: Waiting\n31e5e3fda303: Waiting\n65e9ddd8bd7a: Verifying Checksum\n65e9ddd8bd7a: Download complete\nc41545ebedf5: Verifying Checksum\nc41545ebedf5: Download complete\n51f5c6a04d83: Verifying Checksum\n51f5c6a04d83: Download complete\ncf8af6bdf113: Verifying Checksum\ncf8af6bdf113: Download complete\n31e5e3fda303: Verifying Checksum\n31e5e3fda303: Download complete\nb9775a700f7f: Verifying Checksum\nb9775a700f7f: Download complete\n04aed1875617: Verifying Checksum\n04aed1875617: Download complete\n51f5c6a04d83: Pull complete\n65e9ddd8bd7a: Pull complete\nc41545ebedf5: Pull complete\n04aed1875617: Pull complete\ncf8af6bdf113: Pull complete\nb9775a700f7f: Pull complete\n31e5e3fda303: Pull complete\nDigest: sha256:53ececa6c98c67079fc019644b364608f7fa4ae06cff372a5cb2fc82c90961d4\nStatus: Downloaded newer image for python:2.7.11\n ---> a047e3d0ae2b\nStep 2/3 : RUN pip install pyethapp\n ---> Running in 16c6be67f329\nCollecting pyethapp\n  Downloading https://files.pythonhosted.org/packages/58/f3/a0120ca69af0d7bd2e8728c07ddf5fccc6250fe4cb2980c303e30b7a6d4f/pyethapp-1.5.0-py2.py3-none-any.whl (335kB)\nCollecting rlp>=0.4.4 (from pyethapp)\n  Downloading https://files.pythonhosted.org/packages/ed/3a/cdd814115fecd21e865a3202993b1c8c61e37ee5a4eb062ec5c8b31cf905/rlp-1.2.0-py2.py3-none-any.whl\nCollecting decorator (from pyethapp)\n  Downloading https://files.pythonhosted.org/packages/ed/1b/72a1821152d07cf1d8b6fce298aeb06a7eb90f4d6d41acec9861e7cc6df0/decorator-4.4.2-py2.py3-none-any.whl\nCollecting leveldb (from pyethapp)\n  Downloading https://files.pythonhosted.org/packages/48/6e/9da3c29c0cbeb5871241ef154f11196867712ee3adc4077a94fa5f7d9dbd/leveldb-0.201.tar.gz (236kB)\nCollecting scrypt (from pyethapp)\n  Downloading https://files.pythonhosted.org/packages/62/49/96ffc701ec272c48832b5cadb7c30e38ddd024798b50a80d5abed2711d62/scrypt-0.8.15-cp27-cp27mu-manylinux1_x86_64.whl (651kB)\nCollecting lmdb (from pyethapp)\n  Downloading https://files.pythonhosted.org/packages/c0/5c/d56dbc2532ecf14fa004c543927500c0f645eaca8bd7ec39420c7546396a/lmdb-0.98.tar.gz (869kB)\nCollecting werkzeug (from pyethapp)\n  Downloading https://files.pythonhosted.org/packages/cc/94/5f7079a0e00bd6863ef8f1da638721e9da21e5bacee597595b318f71d62e/Werkzeug-1.0.1-py2.py3-none-any.whl (298kB)\nCollecting ethereum>=1.5.1 (from pyethapp)\n  Downloading https://files.pythonhosted.org/packages/ca/48/bd2484ff00fad56bfabad46af8d91f0ab4c6844e389e00b00c7609b405e0/ethereum-2.3.2.tar.gz (155kB)\nRequirement already satisfied (use --upgrade to upgrade): wheel in /usr/local/lib/python2.7/site-packages (from pyethapp)\nCollecting gevent==1.1.0 (from pyethapp)\n  Downloading https://files.pythonhosted.org/packages/bf/20/89166d1a4b9d6f320ba4097237b5192f857703f31d7611a20b15e451a16e/gevent-1.1.0-cp27-cp27mu-manylinux1_x86_64.whl (1.3MB)\nCollecting CodernityDB (from pyethapp)\n  Downloading https://files.pythonhosted.org/packages/fb/14/ab1cdd890e93d4bb916fff9ea7482b88f1b4409e524cec5ec55188dd422a/CodernityDB-0.5.0.tar.gz (45kB)\nCollecting click (from pyethapp)\n  Downloading https://files.pythonhosted.org/packages/d2/3d/fa76db83bf75c4f8d338c2fd15c8d33fdd7ad23a9b5e57eb6c5de26b430e/click-7.1.2-py2.py3-none-any.whl (82kB)\nCollecting pbkdf2 (from pyethapp)\n  Downloading https://files.pythonhosted.org/packages/02/c0/6a2376ae81beb82eda645a091684c0b0becb86b972def7849ea9066e3d5e/pbkdf2-1.3.tar.gz\nCollecting pyyaml (from pyethapp)\n  Downloading https://files.pythonhosted.org/packages/64/c2/b80047c7ac2478f9501676c988a5411ed5572f35d1beff9cae07d321512c/PyYAML-5.3.1.tar.gz (269kB)\nCollecting pexpect (from pyethapp)\n  Downloading https://files.pythonhosted.org/packages/39/7b/88dbb785881c28a102619d46423cb853b46dbccc70d3ac362d99773a78ce/pexpect-4.8.0-py2.py3-none-any.whl (59kB)\nCollecting statistics (from pyethapp)\n  Downloading https://files.pythonhosted.org/packages/bb/3a/ae99a15e65636559d936dd2159d75af1619491e8cb770859fbc8aa62cef6/statistics-1.0.3.5.tar.gz\nCollecting requests (from pyethapp)\n  Downloading https://files.pythonhosted.org/packages/45/1e/0c169c6a5381e241ba7404532c16a21d86ab872c9bed8bdcd4c423954103/requests-2.24.0-py2.py3-none-any.whl (61kB)\nCollecting ipython<5.0.0,>=3.0.0 (from pyethapp)\n  Downloading https://files.pythonhosted.org/packages/ee/96/f0a5d737f7c2818caea3425d0351faf817c457f3c10e5e6e022d0c097435/ipython-4.2.1-py2-none-any.whl (737kB)\nCollecting gipc==0.4.0 (from pyethapp)\n  Downloading https://files.pythonhosted.org/packages/df/68/317f273ecff80ab2df856fab40d218b64674e7b043182235c7e9e8b49244/gipc-0.4.0.zip\nCollecting devp2p>=0.8.0 (from pyethapp)\n  Downloading https://files.pythonhosted.org/packages/be/69/80f0122014bac80e669960be46ea916bb8c062a203125917c43a49eba97f/devp2p-0.9.3.tar.gz (74kB)\nCollecting eth-utils<2,>=1.0.2 (from rlp>=0.4.4->pyethapp)\n  Downloading https://files.pythonhosted.org/packages/6f/7a/8c322fe5ed13f23acb7d81b7f4fd2428bce986cb30700846a69a6bcfdaea/eth-utils-1.9.0.tar.gz (978kB)\nCollecting coincurve>=7.0.0 (from ethereum>=1.5.1->pyethapp)\n  Downloading https://files.pythonhosted.org/packages/cb/1c/34dc916bea6b76b2d27accdcf9d048a3be085e8316eadcce0c616f2de687/coincurve-13.0.0-cp27-cp27mu-manylinux1_x86_64.whl (530kB)\nCollecting future (from ethereum>=1.5.1->pyethapp)\n  Downloading https://files.pythonhosted.org/packages/45/0b/38b06fd9b92dc2b68d58b75f900e97884c45bedd2ff83203d933cf5851c9/future-0.18.2.tar.gz (829kB)\nCollecting py_ecc (from ethereum>=1.5.1->pyethapp)\n  Downloading https://files.pythonhosted.org/packages/3b/e6/404477427047cc4f5121e3894fc59443b240a33753c98f98757c194a699b/py_ecc-4.0.0.tar.gz\nCollecting pyethash<1.0.0,>=0.1.27 (from ethereum>=1.5.1->pyethapp)\n  Downloading https://files.pythonhosted.org/packages/6c/40/5bb02ad7e2fae9b04cd0c391dda81213bc786c30c8381b018600cfc7ce62/pyethash-0.1.27.tar.gz\nCollecting pycryptodome>=3.4.7 (from ethereum>=1.5.1->pyethapp)\n  Downloading https://files.pythonhosted.org/packages/43/15/a3fb9f8a7a2d7f02b1966a40620b5272c8b8b862bbdc2c1bc578321742d6/pycryptodome-3.9.8-cp27-cp27mu-manylinux1_x86_64.whl (13.7MB)\nCollecting pysha3>=1.0.1 (from ethereum>=1.5.1->pyethapp)\n  Downloading https://files.pythonhosted.org/packages/c5/bb/7d793dfab828e01adb46e3c5976fe99acda12a954c728427cceb2acd7ee9/pysha3-1.0.2-cp27-cp27mu-manylinux1_x86_64.whl (127kB)\nCollecting repoze.lru (from ethereum>=1.5.1->pyethapp)\n  Downloading https://files.pythonhosted.org/packages/12/bc/595a77c4b5e204847fdf19268314ef59c85193a9dc9f83630fc459c0fee5/repoze.lru-0.7.tar.gz\nCollecting greenlet>=0.4.9 (from gevent==1.1.0->pyethapp)\n  Downloading https://files.pythonhosted.org/packages/07/dc/5981eba4d19681b1bcbc9ed12bef0d42ea5301e7b0e150724a5b443116f9/greenlet-0.4.16-cp27-cp27mu-manylinux1_x86_64.whl (42kB)\nCollecting ptyprocess>=0.5 (from pexpect->pyethapp)\n  Downloading https://files.pythonhosted.org/packages/d1/29/605c2cc68a9992d18dada28206eeada56ea4bd07a239669da41674648b6f/ptyprocess-0.6.0-py2.py3-none-any.whl\nCollecting docutils>=0.3 (from statistics->pyethapp)\n  Downloading https://files.pythonhosted.org/packages/81/44/8a15e45ffa96e6cf82956dd8d7af9e666357e16b0d93b253903475ee947f/docutils-0.16-py2.py3-none-any.whl (548kB)\nCollecting chardet<4,>=3.0.2 (from requests->pyethapp)\n  Downloading https://files.pythonhosted.org/packages/bc/a9/01ffebfb562e4274b6487b4bb1ddec7ca55ec7510b22e4c51f14098443b8/chardet-3.0.4-py2.py3-none-any.whl (133kB)\nCollecting urllib3!=1.25.0,!=1.25.1,<1.26,>=1.21.1 (from requests->pyethapp)\n  Downloading https://files.pythonhosted.org/packages/e1/e5/df302e8017440f111c11cc41a6b432838672f5a70aa29227bf58149dc72f/urllib3-1.25.9-py2.py3-none-any.whl (126kB)\nCollecting idna<3,>=2.5 (from requests->pyethapp)\n  Downloading https://files.pythonhosted.org/packages/a2/38/928ddce2273eaa564f6f50de919327bf3a00f091b5baba8dfa9460f3a8a8/idna-2.10-py2.py3-none-any.whl (58kB)\nCollecting certifi>=2017.4.17 (from requests->pyethapp)\n  Downloading https://files.pythonhosted.org/packages/5e/c4/6c4fe722df5343c33226f0b4e0bb042e4dc13483228b4718baf286f86d87/certifi-2020.6.20-py2.py3-none-any.whl (156kB)\nRequirement already satisfied (use --upgrade to upgrade): setuptools>=18.5 in /usr/local/lib/python2.7/site-packages (from ipython<5.0.0,>=3.0.0->pyethapp)\nCollecting backports.shutil-get-terminal-size; python_version == \"2.7\" (from ipython<5.0.0,>=3.0.0->pyethapp)\n  Downloading https://files.pythonhosted.org/packages/7d/cd/1750d6c35fe86d35f8562091737907f234b78fdffab42b29c72b1dd861f4/backports.shutil_get_terminal_size-1.0.0-py2.py3-none-any.whl\nCollecting traitlets (from ipython<5.0.0,>=3.0.0->pyethapp)\n  Downloading https://files.pythonhosted.org/packages/ca/ab/872a23e29cec3cf2594af7e857f18b687ad21039c1f9b922fac5b9b142d5/traitlets-4.3.3-py2.py3-none-any.whl (75kB)\nCollecting simplegeneric>0.8 (from ipython<5.0.0,>=3.0.0->pyethapp)\n  Downloading https://files.pythonhosted.org/packages/3d/57/4d9c9e3ae9a255cd4e1106bb57e24056d3d0709fc01b2e3e345898e49d5b/simplegeneric-0.8.1.zip\nCollecting pickleshare (from ipython<5.0.0,>=3.0.0->pyethapp)\n  Downloading https://files.pythonhosted.org/packages/9a/41/220f49aaea88bc6fa6cba8d05ecf24676326156c23b991e80b3f2fc24c77/pickleshare-0.7.5-py2.py3-none-any.whl\nCollecting pyelliptic==1.5.7 (from devp2p>=0.8.0->pyethapp)\n  Downloading https://files.pythonhosted.org/packages/2d/60/6c054410a768533706de3d67ecb3255b476e07148da53cc4b6ff212283eb/pyelliptic-1.5.7.tar.gz\nCollecting tox (from devp2p>=0.8.0->pyethapp)\n  Downloading https://files.pythonhosted.org/packages/ad/0d/773800b6649e1994e1726dc64b0e212896955f38f7d8dc7000bdea47930d/tox-3.16.1-py2.py3-none-any.whl (137kB)\nCollecting bitcoin (from devp2p>=0.8.0->pyethapp)\n  Downloading https://files.pythonhosted.org/packages/12/88/c9390638d5b2713d38ccea46c93e8ec084f052a15a94f9b1d4c66baabd24/bitcoin-1.1.42.tar.gz\nCollecting miniupnpc (from devp2p>=0.8.0->pyethapp)\n  Downloading https://files.pythonhosted.org/packages/0c/e8/dbb2747230dfd98a6138cb65b322072eade4d92e1006e518c8711f8f5b85/miniupnpc-2.0.2.tar.gz (67kB)\nCollecting coverage (from devp2p>=0.8.0->pyethapp)\n  Downloading https://files.pythonhosted.org/packages/28/7e/c44058c0123899b4255d7acf397cb300ac6eacbf44373f5012fd41fdc3ea/coverage-5.2-cp27-cp27mu-manylinux1_x86_64.whl (226kB)\nCollecting ipaddress (from devp2p>=0.8.0->pyethapp)\n  Downloading https://files.pythonhosted.org/packages/c2/f8/49697181b1651d8347d24c095ce46c7346c37335ddc7d255833e7cde674d/ipaddress-1.0.23-py2.py3-none-any.whl\nCollecting eth-hash<1.0.0,>=0.1.0 (from eth-utils<2,>=1.0.2->rlp>=0.4.4->pyethapp)\n  Downloading https://files.pythonhosted.org/packages/c7/f7/b7a29f683aa180fe70c070cc07a6750647e92d8ecca57c8cfa3f4f2318f2/eth-hash-0.2.0.tar.gz\n    Complete output from command python setup.py egg_info:\n    \n    Installed /tmp/pip-build-g5hsc1/eth-hash/.eggs/setuptools_markdown-0.4.1-py2.7.egg\n    Searching for pypandoc\n    Reading https://pypi.python.org/simple/pypandoc/\n    Best match: pypandoc 1.5\n    Downloading https://files.pythonhosted.org/packages/d6/b7/5050dc1769c8a93d3ec7c4bd55be161991c94b8b235f88bf7c764449e708/pypandoc-1.5.tar.gz#sha256=14a49977ab1fbc9b14ef3087dcb101f336851837fca55ca79cf33846cc4976ff\n    Processing pypandoc-1.5.tar.gz\n    Writing /tmp/easy_install-lNOG7D/pypandoc-1.5/setup.cfg\n    Running pypandoc-1.5/setup.py -q bdist_egg --dist-dir /tmp/easy_install-lNOG7D/pypandoc-1.5/egg-dist-tmp-22IrKX\n    /usr/local/lib/python2.7/distutils/dist.py:267: UserWarning: Unknown distribution option: 'long_description_content_type'\n      warnings.warn(msg)\n    zip_safe flag not set; analyzing archive contents...\n    pypandoc.__init__: module references __file__\n    creating /tmp/pip-build-g5hsc1/eth-hash/.eggs/pypandoc-1.5-py2.7.egg\n    Extracting pypandoc-1.5-py2.7.egg to /tmp/pip-build-g5hsc1/eth-hash/.eggs\n    \n    Installed /tmp/pip-build-g5hsc1/eth-hash/.eggs/pypandoc-1.5-py2.7.egg\n    /usr/local/lib/python2.7/distutils/dist.py:267: UserWarning: Unknown distribution option: 'python_requires'\n      warnings.warn(msg)\n    Maybe try:\n    \n        sudo apt-get install pandoc\n    See http://johnmacfarlane.net/pandoc/installing.html\n    for installation options\n    ---------------------------------------------------------------\n    \n    Traceback (most recent call last):\n      File \"<string>\", line 1, in <module>\n      File \"/tmp/pip-build-g5hsc1/eth-hash/setup.py\", line 72, in <module>\n        'Programming Language :: Python :: Implementation :: PyPy',\n      File \"/usr/local/lib/python2.7/distutils/core.py\", line 111, in setup\n        _setup_distribution = dist = klass(attrs)\n      File \"/usr/local/lib/python2.7/site-packages/setuptools/dist.py\", line 272, in __init__\n        _Distribution.__init__(self,attrs)\n      File \"/usr/local/lib/python2.7/distutils/dist.py\", line 287, in __init__\n        self.finalize_options()\n      File \"/usr/local/lib/python2.7/site-packages/setuptools/dist.py\", line 327, in finalize_options\n        ep.load()(self, ep.name, value)\n      File \"/tmp/pip-build-g5hsc1/eth-hash/.eggs/setuptools_markdown-0.4.1-py2.7.egg/setuptools_markdown.py\", line 45, in long_description_markdown_filename\n        output = open(markdown_filename).read()\n    IOError: [Errno 2] No such file or directory: '/tmp/pip-build-g5hsc1/eth-hash/README.md'\n    \n    ----------------------------------------\n\u001b[91mCommand \"python setup.py egg_info\" failed with error code 1 in /tmp/pip-build-g5hsc1/eth-hash/\n\u001b[0m\u001b[91mYou are using pip version 8.1.2, however version 20.1.1 is available.\nYou should consider upgrading via the 'pip install --upgrade pip' command.\n\u001b[0m",
    "raw_stderr_log": "The command '/bin/sh -c pip install pyethapp' returned a non-zero code: 1",
    "html_url": "https://github.com/konradkonrad/docker-pyeth-cluster",
    "repo_commit": "851bf1cd122370c7291ef8f8156df5b283d7b2ce",
    "repo_id": 40981827
  },
  {
    "raw_dockerfile": "FROM python:2.7\n\nWORKDIR /usr/src/app\n\nRUN pip install errbot crontab\nRUN mkdir /var/lib/err\n\nADD samples/config.py ./\nADD samples/demo.plug ./\nADD samples/demo.py ./\n# RUN pip install errcron -i https://testpypi.python.org/pypi\nADD errcron/ ./errcron\n\nCMD [\"errbot\", \"-T\"]",
    "raw_stdout_log": "Sending build context to Docker daemon  354.3kB\r\r\nStep 1/9 : FROM python:2.7\n2.7: Pulling from library/python\n7e2b2a5af8f6: Pulling fs layer\n09b6f03ffac4: Pulling fs layer\ndc3f0c679f0f: Pulling fs layer\nfd4b47407fc3: Pulling fs layer\nb32f6bf7d96d: Pulling fs layer\n6f4489a7e4cf: Pulling fs layer\naf4b99ad9ef0: Pulling fs layer\n39db0bc48c26: Pulling fs layer\nacb4a89489fc: Pulling fs layer\nfd4b47407fc3: Waiting\nb32f6bf7d96d: Waiting\n39db0bc48c26: Waiting\n6f4489a7e4cf: Waiting\naf4b99ad9ef0: Waiting\n09b6f03ffac4: Verifying Checksum\n09b6f03ffac4: Download complete\ndc3f0c679f0f: Verifying Checksum\ndc3f0c679f0f: Download complete\n7e2b2a5af8f6: Verifying Checksum\n7e2b2a5af8f6: Download complete\n7e2b2a5af8f6: Pull complete\n6f4489a7e4cf: Download complete\nfd4b47407fc3: Verifying Checksum\nfd4b47407fc3: Download complete\n09b6f03ffac4: Pull complete\nb32f6bf7d96d: Verifying Checksum\nb32f6bf7d96d: Download complete\ndc3f0c679f0f: Pull complete\n39db0bc48c26: Verifying Checksum\n39db0bc48c26: Download complete\nacb4a89489fc: Verifying Checksum\naf4b99ad9ef0: Verifying Checksum\naf4b99ad9ef0: Download complete\nfd4b47407fc3: Pull complete\nb32f6bf7d96d: Pull complete\n6f4489a7e4cf: Pull complete\naf4b99ad9ef0: Pull complete\n39db0bc48c26: Pull complete\nacb4a89489fc: Pull complete\nDigest: sha256:cfa62318c459b1fde9e0841c619906d15ada5910d625176e24bf692cf8a2601d\nStatus: Downloaded newer image for python:2.7\n ---> 68e7be49c28c\nStep 2/9 : WORKDIR /usr/src/app\nRemoving intermediate container 8999044cc47f\n ---> 0b9b9d85fe25\nStep 3/9 : RUN pip install errbot crontab\n ---> Running in e4efd50c6099\n\u001b[91mDEPRECATION: Python 2.7 reached the end of its life on January 1st, 2020. Please upgrade your Python as Python 2.7 is no longer maintained. A future version of pip will drop support for Python 2.7. More details about Python 2 support in pip, can be found at https://pip.pypa.io/en/latest/development/release-process/#python-2-support\n\u001b[0mCollecting errbot\n  Downloading errbot-6.1.4.tar.gz (207 kB)\n\u001b[91m    ERROR: Command errored out with exit status 1:\n     command: /usr/local/bin/python -c 'import sys, setuptools, tokenize; sys.argv[0] = '\"'\"'/tmp/pip-install-I01utR/errbot/setup.py'\"'\"'; __file__='\"'\"'/tmp/pip-install-I01utR/errbot/setup.py'\"'\"';f=getattr(tokenize, '\"'\"'open'\"'\"', open)(__file__);code=f.read().replace('\"'\"'\\r\\n'\"'\"', '\"'\"'\\n'\"'\"');f.close();exec(compile(code, __file__, '\"'\"'exec'\"'\"'))' egg_info --egg-base /tmp/pip-install-I01utR/errbot/pip-egg-info\n         cwd: /tmp/pip-install-I01utR/errbot/\n    Complete output (5 lines):\n    Traceback (most recent call last):\n      File \"<string>\", line 1, in <module>\n      File \"/tmp/pip-install-I01utR/errbot/setup.py\", line 25, in <module>\n        raise RuntimeError('Errbot requires Python 3.6 or later')\n    RuntimeError: Errbot requires Python 3.6 or later\n    ----------------------------------------\n\u001b[0m\u001b[91mERROR: Command errored out with exit status 1: python setup.py egg_info Check the logs for full command output.\n\u001b[0m\u001b[91mWARNING: You are using pip version 20.0.2; however, version 20.1.1 is available.\nYou should consider upgrading via the '/usr/local/bin/python -m pip install --upgrade pip' command.\n\u001b[0m",
    "raw_stderr_log": "The command '/bin/sh -c pip install errbot crontab' returned a non-zero code: 1",
    "html_url": "https://github.com/attakei/errcron",
    "repo_commit": "a3938fc7d051daefb6813588fcbeb9592bd00c9a",
    "repo_id": 58654398
  },
  {
    "raw_dockerfile": "FROM python:3.6\n\nRUN apt-get -y update && apt-get install -y redis-server cmake git\n\nRUN export LD_LIBRARY_PATH=$HOME/.local/lib/:$LD_LIBRARY_PATH\nRUN git clone --depth=1 https://github.com/lloyd/yajl.git\nWORKDIR /yajl/\nRUN ./configure --prefix=$HOME/.local/\nRUN cmake -DCMAKE_INSTALL_PREFIX=$HOME/.local/ && make && make install\nRUN ln -s /yajl/yajl-2.1.1/lib/libyajl.so.2.1.1 /usr/lib/x86_64-linux-gnu/libyajl.so\n\nEXPOSE 4500\n\nRUN pip install trellio\nCMD [\"python\",\"-m\",\"trellio.registry\"]",
    "raw_stdout_log": "Sending build context to Docker daemon  905.7kB\r\r\nStep 1/11 : FROM python:3.6\n3.6: Pulling from library/python\ne9afc4f90ab0: Already exists\n989e6b19a265: Already exists\naf14b6c2f878: Already exists\n5573c4b30949: Already exists\n11a88e764313: Already exists\n5fbfb8c90ca7: Already exists\n75c8e90441d4: Pulling fs layer\nefb90023ffe8: Pulling fs layer\nad8248c33afb: Pulling fs layer\nad8248c33afb: Verifying Checksum\nad8248c33afb: Download complete\n75c8e90441d4: Verifying Checksum\n75c8e90441d4: Download complete\n75c8e90441d4: Pull complete\nefb90023ffe8: Pull complete\nad8248c33afb: Pull complete\nDigest: sha256:a3d3ec8d429ddfeff5303f77049b22e1fca8d945d2a30b68920d67d793bdac89\nStatus: Downloaded newer image for python:3.6\n ---> e0373ff33a19\nStep 2/11 : RUN apt-get -y update && apt-get install -y redis-server cmake git\n ---> Running in 7a4e6d7ce22c\nGet:1 http://security.debian.org/debian-security buster/updates InRelease [65.4 kB]\nGet:2 http://deb.debian.org/debian buster InRelease [121 kB]\nGet:3 http://deb.debian.org/debian buster-updates InRelease [51.9 kB]\nGet:4 http://security.debian.org/debian-security buster/updates/main amd64 Packages [208 kB]\nGet:5 http://deb.debian.org/debian buster/main amd64 Packages [7905 kB]\nGet:6 http://deb.debian.org/debian buster-updates/main amd64 Packages [7868 B]\nFetched 8360 kB in 3s (2816 kB/s)\nReading package lists...\nReading package lists...\nBuilding dependency tree...\nReading state information...\ngit is already the newest version (1:2.20.1-2+deb10u3).\nThe following additional packages will be installed:\n  cmake-data libarchive13 libhiredis0.14 libjemalloc2 libjsoncpp1 liblua5.1-0\n  librhash0 libuv1 lua-bitop lua-cjson redis-tools\nSuggested packages:\n  cmake-doc ninja-build lrzip ruby-redis\nThe following NEW packages will be installed:\n  cmake cmake-data libarchive13 libhiredis0.14 libjemalloc2 libjsoncpp1\n  liblua5.1-0 librhash0 libuv1 lua-bitop lua-cjson redis-server redis-tools\n0 upgraded, 13 newly installed, 0 to remove and 14 not upgraded.\nNeed to get 6573 kB of archives.\nAfter this operation, 30.8 MB of additional disk space will be used.\nGet:1 http://deb.debian.org/debian buster/main amd64 libhiredis0.14 amd64 0.14.0-3 [33.8 kB]\nGet:2 http://deb.debian.org/debian buster/main amd64 libjemalloc2 amd64 5.1.0-3 [225 kB]\nGet:3 http://deb.debian.org/debian buster/main amd64 liblua5.1-0 amd64 5.1.5-8.1+b2 [111 kB]\nGet:4 http://deb.debian.org/debian buster/main amd64 lua-bitop amd64 1.0.2-5 [6936 B]\nGet:5 http://deb.debian.org/debian buster/main amd64 lua-cjson amd64 2.1.0+dfsg-2.1 [17.5 kB]\nGet:6 http://deb.debian.org/debian buster/main amd64 redis-tools amd64 5:5.0.3-4+deb10u1 [523 kB]\nGet:7 http://deb.debian.org/debian buster/main amd64 redis-server amd64 5:5.0.3-4+deb10u1 [78.4 kB]\nGet:8 http://deb.debian.org/debian buster/main amd64 cmake-data all 3.13.4-1 [1476 kB]\nGet:9 http://deb.debian.org/debian buster/main amd64 libarchive13 amd64 3.3.3-4+deb10u1 [313 kB]\nGet:10 http://deb.debian.org/debian buster/main amd64 libjsoncpp1 amd64 1.7.4-3 [75.6 kB]\nGet:11 http://deb.debian.org/debian buster/main amd64 librhash0 amd64 1.3.8-1 [122 kB]\nGet:12 http://deb.debian.org/debian buster/main amd64 libuv1 amd64 1.24.1-1 [110 kB]\nGet:13 http://deb.debian.org/debian buster/main amd64 cmake amd64 3.13.4-1 [3480 kB]\n\u001b[91mdebconf: delaying package configuration, since apt-utils is not installed\n\u001b[0mFetched 6573 kB in 1s (10.1 MB/s)\nSelecting previously unselected package libhiredis0.14:amd64.\r\n(Reading database ... \r(Reading database ... 5%\r(Reading database ... 10%\r(Reading database ... 15%\r(Reading database ... 20%\r(Reading database ... 25%\r(Reading database ... 30%\r(Reading database ... 35%\r(Reading database ... 40%\r(Reading database ... 45%\r(Reading database ... 50%\r(Reading database ... 55%\r(Reading database ... 60%\r(Reading database ... 65%\r(Reading database ... 70%\r(Reading database ... 75%\r(Reading database ... 80%\r(Reading database ... 85%\r(Reading database ... 90%\r(Reading database ... 95%\r(Reading database ... 100%\r(Reading database ... 24603 files and directories currently installed.)\r\nPreparing to unpack .../00-libhiredis0.14_0.14.0-3_amd64.deb ...\r\nUnpacking libhiredis0.14:amd64 (0.14.0-3) ...\r\nSelecting previously unselected package libjemalloc2:amd64.\r\nPreparing to unpack .../01-libjemalloc2_5.1.0-3_amd64.deb ...\r\nUnpacking libjemalloc2:amd64 (5.1.0-3) ...\r\nSelecting previously unselected package liblua5.1-0:amd64.\r\nPreparing to unpack .../02-liblua5.1-0_5.1.5-8.1+b2_amd64.deb ...\r\nUnpacking liblua5.1-0:amd64 (5.1.5-8.1+b2) ...\r\nSelecting previously unselected package lua-bitop:amd64.\r\nPreparing to unpack .../03-lua-bitop_1.0.2-5_amd64.deb ...\r\nUnpacking lua-bitop:amd64 (1.0.2-5) ...\r\nSelecting previously unselected package lua-cjson:amd64.\r\nPreparing to unpack .../04-lua-cjson_2.1.0+dfsg-2.1_amd64.deb ...\r\nUnpacking lua-cjson:amd64 (2.1.0+dfsg-2.1) ...\r\nSelecting previously unselected package redis-tools.\r\nPreparing to unpack .../05-redis-tools_5%3a5.0.3-4+deb10u1_amd64.deb ...\r\nUnpacking redis-tools (5:5.0.3-4+deb10u1) ...\r\nSelecting previously unselected package redis-server.\r\nPreparing to unpack .../06-redis-server_5%3a5.0.3-4+deb10u1_amd64.deb ...\r\nUnpacking redis-server (5:5.0.3-4+deb10u1) ...\r\nSelecting previously unselected package cmake-data.\r\nPreparing to unpack .../07-cmake-data_3.13.4-1_all.deb ...\r\nUnpacking cmake-data (3.13.4-1) ...\r\nSelecting previously unselected package libarchive13:amd64.\r\nPreparing to unpack .../08-libarchive13_3.3.3-4+deb10u1_amd64.deb ...\r\nUnpacking libarchive13:amd64 (3.3.3-4+deb10u1) ...\r\nSelecting previously unselected package libjsoncpp1:amd64.\r\nPreparing to unpack .../09-libjsoncpp1_1.7.4-3_amd64.deb ...\r\nUnpacking libjsoncpp1:amd64 (1.7.4-3) ...\r\nSelecting previously unselected package librhash0:amd64.\r\nPreparing to unpack .../10-librhash0_1.3.8-1_amd64.deb ...\r\nUnpacking librhash0:amd64 (1.3.8-1) ...\r\nSelecting previously unselected package libuv1:amd64.\r\nPreparing to unpack .../11-libuv1_1.24.1-1_amd64.deb ...\r\nUnpacking libuv1:amd64 (1.24.1-1) ...\r\nSelecting previously unselected package cmake.\r\nPreparing to unpack .../12-cmake_3.13.4-1_amd64.deb ...\r\nUnpacking cmake (3.13.4-1) ...\r\nSetting up libarchive13:amd64 (3.3.3-4+deb10u1) ...\r\nSetting up libjemalloc2:amd64 (5.1.0-3) ...\r\nSetting up libuv1:amd64 (1.24.1-1) ...\r\nSetting up lua-cjson:amd64 (2.1.0+dfsg-2.1) ...\r\nSetting up lua-bitop:amd64 (1.0.2-5) ...\r\nSetting up librhash0:amd64 (1.3.8-1) ...\r\nSetting up liblua5.1-0:amd64 (5.1.5-8.1+b2) ...\r\nSetting up cmake-data (3.13.4-1) ...\r\nSetting up libjsoncpp1:amd64 (1.7.4-3) ...\r\nSetting up libhiredis0.14:amd64 (0.14.0-3) ...\r\nSetting up redis-tools (5:5.0.3-4+deb10u1) ...\r\nSetting up cmake (3.13.4-1) ...\r\nSetting up redis-server (5:5.0.3-4+deb10u1) ...\r\ninvoke-rc.d: could not determine current runlevel\r\ninvoke-rc.d: policy-rc.d denied execution of start.\r\nProcessing triggers for libc-bin (2.28-10) ...\r\nRemoving intermediate container 7a4e6d7ce22c\n ---> 7554d64a75f6\nStep 3/11 : RUN export LD_LIBRARY_PATH=$HOME/.local/lib/:$LD_LIBRARY_PATH\n ---> Running in c82833d481b2\nRemoving intermediate container c82833d481b2\n ---> 40b246ea25b2\nStep 4/11 : RUN git clone --depth=1 https://github.com/lloyd/yajl.git\n ---> Running in 7f0eeee5459d\n\u001b[91mCloning into 'yajl'...\n\u001b[0mRemoving intermediate container 7f0eeee5459d\n ---> c91581900e32\nStep 5/11 : WORKDIR /yajl/\nRemoving intermediate container 9dce846c0213\n ---> 048f757711a9\nStep 6/11 : RUN ./configure --prefix=$HOME/.local/\n ---> Running in 2e2ec8789aef\n== removing old build files\n== running CMake in build directory\n-- The C compiler identification is GNU 8.3.0\n-- Check for working C compiler: /usr/bin/cc\n-- Check for working C compiler: /usr/bin/cc -- works\n-- Detecting C compiler ABI info\n-- Detecting C compiler ABI info - done\n-- Detecting C compile features\n-- Detecting C compile features - done\n-- Performing Test HAVE_GCC_VISIBILITY\n-- Performing Test HAVE_GCC_VISIBILITY - Success\nrunning /usr/bin/cmake -E copy_if_different /yajl/src/api/yajl_parse.h /yajl/build/src/../yajl-2.1.1/include/yajl  2>&1\nrunning /usr/bin/cmake -E copy_if_different /yajl/src/api/yajl_gen.h /yajl/build/src/../yajl-2.1.1/include/yajl  2>&1\nrunning /usr/bin/cmake -E copy_if_different /yajl/src/api/yajl_common.h /yajl/build/src/../yajl-2.1.1/include/yajl  2>&1\nrunning /usr/bin/cmake -E copy_if_different /yajl/src/api/yajl_tree.h /yajl/build/src/../yajl-2.1.1/include/yajl  2>&1\n\u001b[91mCMake Warning (dev) at reformatter/CMakeLists.txt:38 (GET_TARGET_PROPERTY):\n  Policy CMP0026 is not set: Disallow use of the LOCATION target property.\n  Run \"cmake --help-policy CMP0026\" for policy details.  Use the cmake_policy\n  command to set the policy and suppress this warning.\n\n  The LOCATION property should not be read from target \"json_reformat\".  Use\n  the target name directly with add_custom_command, or use the generator\n  expression $<TARGET_FILE>, as appropriate.\n\nThis warning is for project developers.  Use -Wno-dev to suppress it.\n\n\u001b[0m\u001b[91mCMake Warning (dev) at verify/CMakeLists.txt:32 (GET_TARGET_PROPERTY):\n  Policy CMP0026 is not set: Disallow use of the LOCATION target property.\n  Run \"cmake --help-policy CMP0026\" for policy details.  Use the cmake_policy\n  command to set the policy and suppress this warning.\n\n  The LOCATION property should not be read from target \"json_verify\".  Use\n  the target name directly with add_custom_command, or use the generator\n  expression $<TARGET_FILE>, as appropriate.\n\nThis warning is for project developers.  Use -Wno-dev to suppress it.\n\n\u001b[0m\u001b[91m!! doxygen not found, not generating documentation\n\u001b[0m-- Configuring done\n-- Generating done\n-- Build files have been written to: /yajl/build\n== Generating Makefile\n== Configured with installation prefix: /usr/local\nRemoving intermediate container 2e2ec8789aef\n ---> c179e5fcded5\nStep 7/11 : RUN cmake -DCMAKE_INSTALL_PREFIX=$HOME/.local/ && make && make install\n ---> Running in 062aa915b38b\n\u001b[91mCMake Warning:\n  No source or binary directory provided.  Both will be assumed to be the\n  same as the current working directory, but note that this warning will\n  become a fatal error in future CMake releases.\n\n\n\u001b[0m-- The C compiler identification is GNU 8.3.0\n-- Check for working C compiler: /usr/bin/cc\n-- Check for working C compiler: /usr/bin/cc -- works\n-- Detecting C compiler ABI info\n-- Detecting C compiler ABI info - done\n-- Detecting C compile features\n-- Detecting C compile features - done\n-- Performing Test HAVE_GCC_VISIBILITY\n-- Performing Test HAVE_GCC_VISIBILITY - Success\nrunning /usr/bin/cmake -E copy_if_different /yajl/src/api/yajl_parse.h /yajl/src/../yajl-2.1.1/include/yajl  2>&1\nrunning /usr/bin/cmake -E copy_if_different /yajl/src/api/yajl_gen.h /yajl/src/../yajl-2.1.1/include/yajl  2>&1\nrunning /usr/bin/cmake -E copy_if_different /yajl/src/api/yajl_common.h /yajl/src/../yajl-2.1.1/include/yajl  2>&1\nrunning /usr/bin/cmake -E copy_if_different /yajl/src/api/yajl_tree.h /yajl/src/../yajl-2.1.1/include/yajl  2>&1\n\u001b[91mCMake Warning (dev) at reformatter/CMakeLists.txt:38 (GET_TARGET_PROPERTY):\n  Policy CMP0026 is not set: Disallow use of the LOCATION target property.\n  Run \"cmake --help-policy CMP0026\" for policy details.  Use the cmake_policy\n  command to set the policy and suppress this warning.\n\n  The LOCATION property should not be read from target \"json_reformat\".  Use\n  the target name directly with add_custom_command, or use the generator\n  expression $<TARGET_FILE>, as appropriate.\n\nThis warning is for project developers.  Use -Wno-dev to suppress it.\n\n\u001b[0m\u001b[91mCMake Warning (dev) at verify/CMakeLists.txt:32 (GET_TARGET_PROPERTY):\n  Policy CMP0026 is not set: Disallow use of the LOCATION target property.\n  Run \"cmake --help-policy CMP0026\" for policy details.  Use the cmake_policy\n  command to set the policy and suppress this warning.\n\n  The LOCATION property should not be read from target \"json_verify\".  Use\n  the target name directly with add_custom_command, or use the generator\n  expression $<TARGET_FILE>, as appropriate.\n\nThis warning is for project developers.  Use -Wno-dev to suppress it.\n\n\u001b[0m\u001b[91m!! doxygen not found, not generating documentation\n\u001b[0m-- Configuring done\n-- Generating done\n-- Build files have been written to: /yajl\nScanning dependencies of target yajl\n[  3%] Building C object src/CMakeFiles/yajl.dir/yajl.c.o\n[  6%] Building C object src/CMakeFiles/yajl.dir/yajl_lex.c.o\n[  9%] Building C object src/CMakeFiles/yajl.dir/yajl_parser.c.o\n\u001b[91m/yajl/src/yajl_parser.c: In function ‘yajl_do_parse’:\n/yajl/src/yajl_parser.c:334:24: warning: this statement may fall through [-Wimplicit-fallthrough=]\n                     if (yajl_bs_current(hand->stateStack) ==\n                        ^\n/yajl/src/yajl_parser.c:347:17: note: here\n                 case yajl_tok_colon:\n                 ^~~~\n\u001b[0m\u001b[91m/yajl/src/yajl_parser.c:405:24: warning: this statement may fall through [-Wimplicit-fallthrough=]\n                     if (yajl_bs_current(hand->stateStack) ==\n                        ^\n/yajl/src/yajl_parser.c:414:17: note: here\n                 default:\n                 ^~~~~~~\n\u001b[0m[ 12%] Building C object src/CMakeFiles/yajl.dir/yajl_buf.c.o\n[ 15%] Building C object src/CMakeFiles/yajl.dir/yajl_encode.c.o\n[ 18%] Building C object src/CMakeFiles/yajl.dir/yajl_gen.c.o\n[ 21%] Building C object src/CMakeFiles/yajl.dir/yajl_alloc.c.o\n[ 24%] Building C object src/CMakeFiles/yajl.dir/yajl_tree.c.o\n[ 27%] Building C object src/CMakeFiles/yajl.dir/yajl_version.c.o\n[ 30%] Linking C shared library ../yajl-2.1.1/lib/libyajl.so\n[ 30%] Built target yajl\nScanning dependencies of target yajl_s\n[ 33%] Building C object src/CMakeFiles/yajl_s.dir/yajl.c.o\n[ 36%] Building C object src/CMakeFiles/yajl_s.dir/yajl_lex.c.o\n[ 39%] Building C object src/CMakeFiles/yajl_s.dir/yajl_parser.c.o\n\u001b[91m/yajl/src/yajl_parser.c: In function ‘yajl_do_parse’:\n/yajl/src/yajl_parser.c:334:24: warning: this statement may fall through [-Wimplicit-fallthrough=]\n                     if (yajl_bs_current(hand->stateStack) ==\n                        ^\n/yajl/src/yajl_parser.c:347:17: note: here\n                 case yajl_tok_colon:\n                 ^~~~\n\u001b[0m\u001b[91m/yajl/src/yajl_parser.c:405:24: warning: this statement may fall through [-Wimplicit-fallthrough=]\n                     if (yajl_bs_current(hand->stateStack) ==\n                        ^\n/yajl/src/yajl_parser.c:414:17: note: here\n                 default:\n                 ^~~~~~~\n\u001b[0m[ 42%] Building C object src/CMakeFiles/yajl_s.dir/yajl_buf.c.o\n[ 45%] Building C object src/CMakeFiles/yajl_s.dir/yajl_encode.c.o\n[ 48%] Building C object src/CMakeFiles/yajl_s.dir/yajl_gen.c.o\n[ 51%] Building C object src/CMakeFiles/yajl_s.dir/yajl_alloc.c.o\n[ 54%] Building C object src/CMakeFiles/yajl_s.dir/yajl_tree.c.o\n[ 57%] Building C object src/CMakeFiles/yajl_s.dir/yajl_version.c.o\n[ 60%] Linking C static library ../yajl-2.1.1/lib/libyajl_s.a\n[ 60%] Built target yajl_s\nScanning dependencies of target yajl_test\n[ 63%] Building C object test/parsing/CMakeFiles/yajl_test.dir/yajl_test.c.o\n[ 66%] Linking C executable yajl_test\n[ 66%] Built target yajl_test\nScanning dependencies of target gen-extra-close\n[ 69%] Building C object test/api/CMakeFiles/gen-extra-close.dir/gen-extra-close.c.o\n[ 72%] Linking C executable gen-extra-close\n[ 72%] Built target gen-extra-close\nScanning dependencies of target json_reformat\n[ 75%] Building C object reformatter/CMakeFiles/json_reformat.dir/json_reformat.c.o\n[ 78%] Linking C executable json_reformat\n[ 78%] Built target json_reformat\nScanning dependencies of target json_verify\n[ 81%] Building C object verify/CMakeFiles/json_verify.dir/json_verify.c.o\n[ 84%] Linking C executable json_verify\n[ 84%] Built target json_verify\nScanning dependencies of target parse_config\n[ 87%] Building C object example/CMakeFiles/parse_config.dir/parse_config.c.o\n[ 90%] Linking C executable parse_config\n[ 90%] Built target parse_config\nScanning dependencies of target perftest\n[ 93%] Building C object perf/CMakeFiles/perftest.dir/perftest.c.o\n[ 96%] Building C object perf/CMakeFiles/perftest.dir/documents.c.o\n[100%] Linking C executable perftest\n[100%] Built target perftest\n[ 30%] Built target yajl\n[ 60%] Built target yajl_s\n[ 66%] Built target yajl_test\n[ 72%] Built target gen-extra-close\n[ 78%] Built target json_reformat\n[ 84%] Built target json_verify\n[ 90%] Built target parse_config\n[100%] Built target perftest\nInstall the project...\n-- Install configuration: \"Release\"\n-- Installing: /root/.local/lib/libyajl.so.2.1.1\n-- Installing: /root/.local/lib/libyajl.so.2\n-- Installing: /root/.local/lib/libyajl.so\n-- Installing: /root/.local/lib/libyajl_s.a\n-- Installing: /root/.local/include/yajl/yajl_parse.h\n-- Installing: /root/.local/include/yajl/yajl_gen.h\n-- Installing: /root/.local/include/yajl/yajl_common.h\n-- Installing: /root/.local/include/yajl/yajl_tree.h\n-- Installing: /root/.local/include/yajl/yajl_version.h\n-- Installing: /root/.local/share/pkgconfig/yajl.pc\n-- Installing: /root/.local/bin/json_reformat\n-- Set runtime path of \"/root/.local/bin/json_reformat\" to \"\"\n-- Installing: /root/.local/bin/json_verify\n-- Set runtime path of \"/root/.local/bin/json_verify\" to \"\"\nRemoving intermediate container 062aa915b38b\n ---> fde3d6d0cc1b\nStep 8/11 : RUN ln -s /yajl/yajl-2.1.1/lib/libyajl.so.2.1.1 /usr/lib/x86_64-linux-gnu/libyajl.so\n ---> Running in 42888ded4f88\nRemoving intermediate container 42888ded4f88\n ---> edb8773bce03\nStep 9/11 : EXPOSE 4500\n ---> Running in 63320d3b392f\nRemoving intermediate container 63320d3b392f\n ---> 06e254888ce5\nStep 10/11 : RUN pip install trellio\n ---> Running in 9ca7b10c79ae\nCollecting trellio\n  Downloading trellio-1.1.34.tar.gz (31 kB)\n\u001b[91m    ERROR: Command errored out with exit status 1:\n     command: /usr/local/bin/python -c 'import sys, setuptools, tokenize; sys.argv[0] = '\"'\"'/tmp/pip-install-du498nb6/trellio/setup.py'\"'\"'; __file__='\"'\"'/tmp/pip-install-du498nb6/trellio/setup.py'\"'\"';f=getattr(tokenize, '\"'\"'open'\"'\"', open)(__file__);code=f.read().replace('\"'\"'\\r\\n'\"'\"', '\"'\"'\\n'\"'\"');f.close();exec(compile(code, __file__, '\"'\"'exec'\"'\"'))' egg_info --egg-base /tmp/pip-pip-egg-info-l7mx2ejv\n         cwd: /tmp/pip-install-du498nb6/trellio/\n    Complete output (5 lines):\n    Traceback (most recent call last):\n      File \"<string>\", line 1, in <module>\n      File \"/tmp/pip-install-du498nb6/trellio/setup.py\", line 6, in <module>\n        from pip.download import PipSession\n    ModuleNotFoundError: No module named 'pip.download'\n    ----------------------------------------\nERROR: Command errored out with exit status 1: python setup.py egg_info Check the logs for full command output.\n\u001b[0m",
    "raw_stderr_log": "The command '/bin/sh -c pip install trellio' returned a non-zero code: 1",
    "html_url": "https://github.com/quikmile/trellio",
    "repo_commit": "e8b050077562acf32805fcbb9c0c162248a23c62",
    "repo_id": 64299249
  },
  {
    "raw_dockerfile": "# Same version of ubuntu as travis\nFROM ubuntu:precise\n\nRUN apt-get update -qq && DEBIAN_FRONTEND=noninteractive apt-get install -yqq --no-install-recommends \\\n      python python-pip mediainfo poppler-utils file binutils bsdmainutils vim-common\nRUN pip install pygments\n\nCOPY . /mog\n\nRUN cd /mog && ./test.sh",
    "raw_stdout_log": "Sending build context to Docker daemon  259.1kB\r\r\nStep 1/5 : FROM ubuntu:precise\nprecise: Pulling from library/ubuntu\nd8868e50ac4c: Pulling fs layer\n83251ac64627: Pulling fs layer\n589bba2f1b36: Pulling fs layer\nd62ecaceda39: Pulling fs layer\n6d93b41cfc6b: Pulling fs layer\n6d93b41cfc6b: Waiting\nd62ecaceda39: Waiting\n589bba2f1b36: Download complete\n83251ac64627: Download complete\nd62ecaceda39: Verifying Checksum\nd62ecaceda39: Download complete\nd8868e50ac4c: Verifying Checksum\nd8868e50ac4c: Download complete\nd8868e50ac4c: Pull complete\n83251ac64627: Pull complete\n589bba2f1b36: Pull complete\nd62ecaceda39: Pull complete\n6d93b41cfc6b: Download complete\n6d93b41cfc6b: Pull complete\nDigest: sha256:18305429afa14ea462f810146ba44d4363ae76e4c8dfc38288cf73aa07485005\nStatus: Downloaded newer image for ubuntu:precise\n ---> 5b117edd0b76\nStep 2/5 : RUN apt-get update -qq && DEBIAN_FRONTEND=noninteractive apt-get install -yqq --no-install-recommends       python python-pip mediainfo poppler-utils file binutils bsdmainutils vim-common\n ---> Running in 1e980724c822\n\u001b[91mdebconf: delaying package configuration, since apt-utils is not installed\n\u001b[0mSelecting previously unselected package libsqlite3-0.\n(Reading database ... 7590 files and directories currently installed.)\nUnpacking libsqlite3-0 (from .../libsqlite3-0_3.7.9-2ubuntu1.2_amd64.deb) ...\nSelecting previously unselected package libxau6.\nUnpacking libxau6 (from .../libxau6_1%3a1.0.6-4_amd64.deb) ...\nSelecting previously unselected package libxdmcp6.\nUnpacking libxdmcp6 (from .../libxdmcp6_1%3a1.1.0-4_amd64.deb) ...\nSelecting previously unselected package libxcb1.\nUnpacking libxcb1 (from .../libxcb1_1.8.1-1ubuntu0.2_amd64.deb) ...\nSelecting previously unselected package libx11-data.\nUnpacking libx11-data (from .../libx11-data_2%3a1.4.99.1-0ubuntu2.3_all.deb) ...\nSelecting previously unselected package libx11-6.\nUnpacking libx11-6 (from .../libx11-6_2%3a1.4.99.1-0ubuntu2.3_amd64.deb) ...\nSelecting previously unselected package libexpat1.\nUnpacking libexpat1 (from .../libexpat1_2.0.1-7.2ubuntu1.4_amd64.deb) ...\nSelecting previously unselected package libfreetype6.\nUnpacking libfreetype6 (from .../libfreetype6_2.4.8-1ubuntu2.6_amd64.deb) ...\nSelecting previously unselected package ucf.\nUnpacking ucf (from .../ucf_3.0025+nmu2ubuntu1_all.deb) ...\n\u001b[91mMoving old data out of the way\n\u001b[0mSelecting previously unselected package ttf-dejavu-core.\nUnpacking ttf-dejavu-core (from .../ttf-dejavu-core_2.33-2ubuntu1_all.deb) ...\nSelecting previously unselected package fontconfig-config.\nUnpacking fontconfig-config (from .../fontconfig-config_2.8.0-3ubuntu9.2_all.deb) ...\nSelecting previously unselected package libfontconfig1.\nUnpacking libfontconfig1 (from .../libfontconfig1_2.8.0-3ubuntu9.2_amd64.deb) ...\nSelecting previously unselected package libpixman-1-0.\nUnpacking libpixman-1-0 (from .../libpixman-1-0_0.30.2-1ubuntu0.0.0.0.3_amd64.deb) ...\nSelecting previously unselected package libxcb-render0.\nUnpacking libxcb-render0 (from .../libxcb-render0_1.8.1-1ubuntu0.2_amd64.deb) ...\nSelecting previously unselected package libxcb-shm0.\nUnpacking libxcb-shm0 (from .../libxcb-shm0_1.8.1-1ubuntu0.2_amd64.deb) ...\nSelecting previously unselected package libxrender1.\nUnpacking libxrender1 (from .../libxrender1_1%3a0.9.6-2ubuntu0.2_amd64.deb) ...\nSelecting previously unselected package libcairo2.\nUnpacking libcairo2 (from .../libcairo2_1.10.2-6.1ubuntu3_amd64.deb) ...\nSelecting previously unselected package libjpeg-turbo8.\nUnpacking libjpeg-turbo8 (from .../libjpeg-turbo8_1.1.90+svn733-0ubuntu4.4_amd64.deb) ...\nSelecting previously unselected package liblcms2-2.\nUnpacking liblcms2-2 (from .../liblcms2-2_2.2+git20110628-2ubuntu3.1_amd64.deb) ...\nSelecting previously unselected package libtinyxml2.6.2.\nUnpacking libtinyxml2.6.2 (from .../libtinyxml2.6.2_2.6.2-1build1_amd64.deb) ...\nSelecting previously unselected package libzen0.\nUnpacking libzen0 (from .../libzen0_0.4.23-1ubuntu1_amd64.deb) ...\nSelecting previously unselected package libmediainfo0.\nUnpacking libmediainfo0 (from .../libmediainfo0_0.7.52-1_amd64.deb) ...\nSelecting previously unselected package libjpeg8.\nUnpacking libjpeg8 (from .../libjpeg8_8c-2ubuntu7_amd64.deb) ...\nSelecting previously unselected package libtiff4.\nUnpacking libtiff4 (from .../libtiff4_3.9.5-2ubuntu1.9_amd64.deb) ...\nSelecting previously unselected package libpoppler19.\nUnpacking libpoppler19 (from .../libpoppler19_0.18.4-1ubuntu3.2_amd64.deb) ...\nSelecting previously unselected package libmagic1.\nUnpacking libmagic1 (from .../libmagic1_5.09-2ubuntu0.6_amd64.deb) ...\nSelecting previously unselected package file.\nUnpacking file (from .../file_5.09-2ubuntu0.6_amd64.deb) ...\nSelecting previously unselected package mime-support.\nUnpacking mime-support (from .../mime-support_3.51-1ubuntu1.1_all.deb) ...\nSelecting previously unselected package python2.7.\nUnpacking python2.7 (from .../python2.7_2.7.3-0ubuntu3.9_amd64.deb) ...\nSelecting previously unselected package python.\nUnpacking python (from .../python_2.7.3-0ubuntu2.2_amd64.deb) ...\nSelecting previously unselected package vim-common.\nUnpacking vim-common (from .../vim-common_2%3a7.3.429-2ubuntu2.2_amd64.deb) ...\nSelecting previously unselected package bsdmainutils.\nUnpacking bsdmainutils (from .../bsdmainutils_8.2.3ubuntu1_amd64.deb) ...\nSelecting previously unselected package binutils.\nUnpacking binutils (from .../binutils_2.22-6ubuntu1.4_amd64.deb) ...\nSelecting previously unselected package mediainfo.\nUnpacking mediainfo (from .../mediainfo_0.7.52-1_amd64.deb) ...\nSelecting previously unselected package poppler-utils.\nUnpacking poppler-utils (from .../poppler-utils_0.18.4-1ubuntu3.2_amd64.deb) ...\nSelecting previously unselected package python-pkg-resources.\nUnpacking python-pkg-resources (from .../python-pkg-resources_0.6.24-1ubuntu1_all.deb) ...\nSelecting previously unselected package python-setuptools.\nUnpacking python-setuptools (from .../python-setuptools_0.6.24-1ubuntu1_all.deb) ...\nSelecting previously unselected package python-pip.\nUnpacking python-pip (from .../python-pip_1.0-1build1_all.deb) ...\nSetting up libsqlite3-0 (3.7.9-2ubuntu1.2) ...\nSetting up libxau6 (1:1.0.6-4) ...\nSetting up libxdmcp6 (1:1.1.0-4) ...\nSetting up libxcb1 (1.8.1-1ubuntu0.2) ...\nSetting up libx11-data (2:1.4.99.1-0ubuntu2.3) ...\nSetting up libx11-6 (2:1.4.99.1-0ubuntu2.3) ...\nSetting up libexpat1 (2.0.1-7.2ubuntu1.4) ...\nSetting up libfreetype6 (2.4.8-1ubuntu2.6) ...\nSetting up ucf (3.0025+nmu2ubuntu1) ...\nSetting up ttf-dejavu-core (2.33-2ubuntu1) ...\nSetting up fontconfig-config (2.8.0-3ubuntu9.2) ...\nSetting up libfontconfig1 (2.8.0-3ubuntu9.2) ...\nSetting up libpixman-1-0 (0.30.2-1ubuntu0.0.0.0.3) ...\nSetting up libxcb-render0 (1.8.1-1ubuntu0.2) ...\nSetting up libxcb-shm0 (1.8.1-1ubuntu0.2) ...\nSetting up libxrender1 (1:0.9.6-2ubuntu0.2) ...\nSetting up libcairo2 (1.10.2-6.1ubuntu3) ...\nSetting up libjpeg-turbo8 (1.1.90+svn733-0ubuntu4.4) ...\nSetting up liblcms2-2 (2.2+git20110628-2ubuntu3.1) ...\nSetting up libtinyxml2.6.2 (2.6.2-1build1) ...\nSetting up libzen0 (0.4.23-1ubuntu1) ...\nSetting up libmediainfo0 (0.7.52-1) ...\nSetting up libjpeg8 (8c-2ubuntu7) ...\nSetting up libtiff4 (3.9.5-2ubuntu1.9) ...\nSetting up libpoppler19 (0.18.4-1ubuntu3.2) ...\nSetting up libmagic1 (5.09-2ubuntu0.6) ...\nSetting up file (5.09-2ubuntu0.6) ...\nSetting up mime-support (3.51-1ubuntu1.1) ...\nupdate-alternatives: using /usr/bin/see to provide /usr/bin/view (view) in auto mode.\nSetting up python2.7 (2.7.3-0ubuntu3.9) ...\nSetting up python (2.7.3-0ubuntu2.2) ...\nSetting up vim-common (2:7.3.429-2ubuntu2.2) ...\nSetting up bsdmainutils (8.2.3ubuntu1) ...\nupdate-alternatives: using /usr/bin/bsd-write to provide /usr/bin/write (write) in auto mode.\nupdate-alternatives: using /usr/bin/bsd-from to provide /usr/bin/from (from) in auto mode.\nSetting up binutils (2.22-6ubuntu1.4) ...\nSetting up mediainfo (0.7.52-1) ...\nSetting up poppler-utils (0.18.4-1ubuntu3.2) ...\nSetting up python-pkg-resources (0.6.24-1ubuntu1) ...\nSetting up python-setuptools (0.6.24-1ubuntu1) ...\nSetting up python-pip (1.0-1build1) ...\nProcessing triggers for libc-bin ...\nldconfig deferred processing now taking place\nRemoving intermediate container 1e980724c822\n ---> 85be8535a7c7\nStep 3/5 : RUN pip install pygments\n ---> Running in 50265b243372\nDownloading/unpacking pygments\n  Cannot fetch index base URL http://pypi.python.org/simple/\n  Could not find any downloads that satisfy the requirement pygments\nNo distributions at all found for pygments\nStoring complete log in /root/.pip/pip.log",
    "raw_stderr_log": "The command '/bin/sh -c pip install pygments' returned a non-zero code: 1",
    "html_url": "https://github.com/witchard/mog",
    "repo_commit": "669c29fc566d7c57f491b0e1a33c7cd1e254427b",
    "repo_id": 81683246
  }
]