[
  {
    "raw_dockerfile": "FROM pytorch/pytorch:latest\nRUN git clone https://github.com/OpenNMT/OpenNMT-py.git && cd OpenNMT-py && pip install -r requirements.txt && python setup.py install",
    "raw_stdout_log": "Sending build context to Docker daemon  104.5MB\r\r\nStep 1/2 : FROM pytorch/pytorch:latest\nlatest: Pulling from pytorch/pytorch\n23884877105a: Already exists\nbc38caa0f5b9: Already exists\n2910811b6c42: Already exists\n36505266dcc6: Already exists\nfa71f9599d13: Pulling fs layer\nead80a883a3f: Pulling fs layer\n97a609ff247b: Pulling fs layer\n97a609ff247b: Download complete\nfa71f9599d13: Verifying Checksum\nfa71f9599d13: Download complete\nfa71f9599d13: Pull complete\nead80a883a3f: Verifying Checksum\nead80a883a3f: Download complete\nead80a883a3f: Pull complete\n97a609ff247b: Pull complete\nDigest: sha256:c208e28deda4b6fe727cbbd9c1acaaf70379032e73758a09e51547b51e8620a3\nStatus: Downloaded newer image for pytorch/pytorch:latest\n ---> d89e4943dd55\nStep 2/2 : RUN git clone https://github.com/OpenNMT/OpenNMT-py.git && cd OpenNMT-py && pip install -r requirements.txt && python setup.py install\n ---> Running in f97566e7e79b\n\u001b[91m/bin/sh: 1: git: not found\n\u001b[0m",
    "raw_stderr_log": "The command '/bin/sh -c git clone https://github.com/OpenNMT/OpenNMT-py.git && cd OpenNMT-py && pip install -r requirements.txt && python setup.py install' returned a non-zero code: 127",
    "html_url": "https://github.com/Iwontbecreative/Abstractive-summarization-OpenNMT",
    "repo_commit": "f821398b2c1b51cf60d3b0787e89fb71b807d179",
    "repo_id": 111589065
  },
  {
    "raw_dockerfile": "FROM pytorch/pytorch:latest\nRUN git clone https://github.com/OpenNMT/OpenNMT-py.git && cd OpenNMT-py && pip install -r requirements.txt && python setup.py install",
    "raw_stdout_log": "Sending build context to Docker daemon  490.2MB\r\r\nStep 1/2 : FROM pytorch/pytorch:latest\nlatest: Pulling from pytorch/pytorch\n23884877105a: Already exists\nbc38caa0f5b9: Already exists\n2910811b6c42: Already exists\n36505266dcc6: Already exists\nfa71f9599d13: Pulling fs layer\nead80a883a3f: Pulling fs layer\n97a609ff247b: Pulling fs layer\n97a609ff247b: Download complete\nfa71f9599d13: Verifying Checksum\nfa71f9599d13: Download complete\nfa71f9599d13: Pull complete\nead80a883a3f: Verifying Checksum\nead80a883a3f: Download complete\nead80a883a3f: Pull complete\n97a609ff247b: Pull complete\nDigest: sha256:c208e28deda4b6fe727cbbd9c1acaaf70379032e73758a09e51547b51e8620a3\nStatus: Downloaded newer image for pytorch/pytorch:latest\n ---> d89e4943dd55\nStep 2/2 : RUN git clone https://github.com/OpenNMT/OpenNMT-py.git && cd OpenNMT-py && pip install -r requirements.txt && python setup.py install\n ---> Running in 50ff4aaf9832\n\u001b[91m/bin/sh: 1: git: not found\n\u001b[0m",
    "raw_stderr_log": "The command '/bin/sh -c git clone https://github.com/OpenNMT/OpenNMT-py.git && cd OpenNMT-py && pip install -r requirements.txt && python setup.py install' returned a non-zero code: 127",
    "html_url": "https://github.com/yuchenlin/ParaGEN",
    "repo_commit": "e6d7f3e934011f8e533ce3f0c27c2a04e199c409",
    "repo_id": 114717307
  },
  {
    "raw_dockerfile": "FROM pytorch/pytorch:latest\nRUN git clone https://github.com/OpenNMT/OpenNMT-py.git && cd OpenNMT-py && pip install -r requirements.txt && python setup.py install",
    "raw_stdout_log": "Sending build context to Docker daemon  103.3MB\r\r\nStep 1/2 : FROM pytorch/pytorch:latest\nlatest: Pulling from pytorch/pytorch\n23884877105a: Already exists\nbc38caa0f5b9: Already exists\n2910811b6c42: Already exists\n36505266dcc6: Already exists\nfa71f9599d13: Pulling fs layer\nead80a883a3f: Pulling fs layer\n97a609ff247b: Pulling fs layer\n97a609ff247b: Download complete\nfa71f9599d13: Verifying Checksum\nfa71f9599d13: Download complete\nfa71f9599d13: Pull complete\nead80a883a3f: Verifying Checksum\nead80a883a3f: Download complete\nead80a883a3f: Pull complete\n97a609ff247b: Pull complete\nDigest: sha256:c208e28deda4b6fe727cbbd9c1acaaf70379032e73758a09e51547b51e8620a3\nStatus: Downloaded newer image for pytorch/pytorch:latest\n ---> d89e4943dd55\nStep 2/2 : RUN git clone https://github.com/OpenNMT/OpenNMT-py.git && cd OpenNMT-py && pip install -r requirements.txt && python setup.py install\n ---> Running in 6eec5f98cda3\n\u001b[91m/bin/sh: 1: git: not found\n\u001b[0m",
    "raw_stderr_log": "The command '/bin/sh -c git clone https://github.com/OpenNMT/OpenNMT-py.git && cd OpenNMT-py && pip install -r requirements.txt && python setup.py install' returned a non-zero code: 127",
    "html_url": "https://github.com/iacercalixto/MultimodalNMT",
    "repo_commit": "9cad7f402dfabecc0d7cc4b2146ab1c3e4a409cb",
    "repo_id": 120338690
  },
  {
    "raw_dockerfile": "FROM pytorch/pytorch:latest\nRUN git clone https://github.com/OpenNMT/OpenNMT-py.git && cd OpenNMT-py && pip install -r requirements.txt && python setup.py install",
    "raw_stdout_log": "Sending build context to Docker daemon  105.4MB\r\r\nStep 1/2 : FROM pytorch/pytorch:latest\nlatest: Pulling from pytorch/pytorch\n23884877105a: Already exists\nbc38caa0f5b9: Already exists\n2910811b6c42: Already exists\n36505266dcc6: Already exists\nfa71f9599d13: Pulling fs layer\nead80a883a3f: Pulling fs layer\n97a609ff247b: Pulling fs layer\n97a609ff247b: Verifying Checksum\n97a609ff247b: Download complete\nfa71f9599d13: Download complete\nfa71f9599d13: Pull complete\nead80a883a3f: Verifying Checksum\nead80a883a3f: Download complete\nead80a883a3f: Pull complete\n97a609ff247b: Pull complete\nDigest: sha256:c208e28deda4b6fe727cbbd9c1acaaf70379032e73758a09e51547b51e8620a3\nStatus: Downloaded newer image for pytorch/pytorch:latest\n ---> d89e4943dd55\nStep 2/2 : RUN git clone https://github.com/OpenNMT/OpenNMT-py.git && cd OpenNMT-py && pip install -r requirements.txt && python setup.py install\n ---> Running in 4653d17fb7b3\n\u001b[91m/bin/sh: 1: git: not found\n\u001b[0m",
    "raw_stderr_log": "The command '/bin/sh -c git clone https://github.com/OpenNMT/OpenNMT-py.git && cd OpenNMT-py && pip install -r requirements.txt && python setup.py install' returned a non-zero code: 127",
    "html_url": "https://github.com/sheffieldnlp/AMR2Text-summ",
    "repo_commit": "be73a361470a64f5fd13097a7348228e55bb4b8b",
    "repo_id": 127882656
  },
  {
    "raw_dockerfile": "FROM pytorch/pytorch:latest\nRUN git clone https://github.com/OpenNMT/OpenNMT-py.git && cd OpenNMT-py && pip install -r requirements.txt && python setup.py install",
    "raw_stdout_log": "Sending build context to Docker daemon  779.8kB\r\r\nStep 1/2 : FROM pytorch/pytorch:latest\nlatest: Pulling from pytorch/pytorch\n23884877105a: Already exists\nbc38caa0f5b9: Already exists\n2910811b6c42: Already exists\n36505266dcc6: Already exists\nfa71f9599d13: Pulling fs layer\nead80a883a3f: Pulling fs layer\n97a609ff247b: Pulling fs layer\n97a609ff247b: Download complete\nfa71f9599d13: Download complete\nfa71f9599d13: Pull complete\nead80a883a3f: Verifying Checksum\nead80a883a3f: Download complete\nead80a883a3f: Pull complete\n97a609ff247b: Pull complete\nDigest: sha256:c208e28deda4b6fe727cbbd9c1acaaf70379032e73758a09e51547b51e8620a3\nStatus: Downloaded newer image for pytorch/pytorch:latest\n ---> d89e4943dd55\nStep 2/2 : RUN git clone https://github.com/OpenNMT/OpenNMT-py.git && cd OpenNMT-py && pip install -r requirements.txt && python setup.py install\n ---> Running in eaa989ad7cf8\n\u001b[91m/bin/sh: 1: git: not found\n\u001b[0m",
    "raw_stderr_log": "The command '/bin/sh -c git clone https://github.com/OpenNMT/OpenNMT-py.git && cd OpenNMT-py && pip install -r requirements.txt && python setup.py install' returned a non-zero code: 127",
    "html_url": "https://github.com/sebastianGehrmann/diverse_ensembling",
    "repo_commit": "f7a1d4828a0a78105cfa10d126f95fd15085fb08",
    "repo_id": 150769384
  },
  {
    "raw_dockerfile": "FROM pytorch/pytorch:latest\nRUN git clone https://github.com/harvardnlp/namedtensor.git && cd namedtensor && pip install -r requirements.txt && python setup.py install",
    "raw_stdout_log": "Sending build context to Docker daemon     11MB\r\r\nStep 1/2 : FROM pytorch/pytorch:latest\nlatest: Pulling from pytorch/pytorch\n23884877105a: Already exists\nbc38caa0f5b9: Already exists\n2910811b6c42: Already exists\n36505266dcc6: Already exists\nfa71f9599d13: Pulling fs layer\nead80a883a3f: Pulling fs layer\n97a609ff247b: Pulling fs layer\n97a609ff247b: Download complete\nfa71f9599d13: Verifying Checksum\nfa71f9599d13: Download complete\nfa71f9599d13: Pull complete\nead80a883a3f: Download complete\nead80a883a3f: Pull complete\n97a609ff247b: Pull complete\nDigest: sha256:c208e28deda4b6fe727cbbd9c1acaaf70379032e73758a09e51547b51e8620a3\nStatus: Downloaded newer image for pytorch/pytorch:latest\n ---> d89e4943dd55\nStep 2/2 : RUN git clone https://github.com/harvardnlp/namedtensor.git && cd namedtensor && pip install -r requirements.txt && python setup.py install\n ---> Running in d5f7043dd127\n\u001b[91m/bin/sh: 1: git: not found\n\u001b[0m",
    "raw_stderr_log": "The command '/bin/sh -c git clone https://github.com/harvardnlp/namedtensor.git && cd namedtensor && pip install -r requirements.txt && python setup.py install' returned a non-zero code: 127",
    "html_url": "https://github.com/harvardnlp/namedtensor",
    "repo_commit": "823b27e93302504e20cd0ad9e2f2870c9d17b399",
    "repo_id": 163757236
  },
  {
    "raw_dockerfile": "# VERSION 0.1\n# DOCKER-VERSION  0.7.3\n# AUTHOR:         Sam Alba <sam@docker.com>, Dr Nic Williams <drnicwilliams@gmail.com>\n# DESCRIPTION:    Image with docker-registry project and dependecies\n# TO_BUILD:       docker build -rm -t registry .\n# TO_RUN:         docker run -p 5000:5000 -v cache:/registry registry\n\nFROM ubuntu:13.04\n\nRUN apt-get update; \\\n    apt-get install -y git-core build-essential python-dev \\\n    libevent1-dev python-openssl liblzma-dev wget; \\\n    rm /var/lib/apt/lists/*_*\nRUN cd /tmp; wget http://python-distribute.org/distribute_setup.py\nRUN cd /tmp; python distribute_setup.py; easy_install pip; \\\n    rm distribute_setup.py\nADD docker-registry /docker-registry\nADD docker-registry/config/boto.cfg /etc/boto.cfg\n\nRUN cd /docker-registry && pip install -r requirements.txt\n\nEXPOSE 5000\nVOLUME [\"/registry\"]\n\nENV dev_version 1\nADD config-local-standalone.yml /docker-registry/config/config.yml\n\nWORKDIR /docker-registry\nCMD ./setup-configs.sh && ./run.sh",
    "raw_stdout_log": "Sending build context to Docker daemon  62.46kB\r\r\nStep 1/13 : FROM ubuntu:13.04\n13.04: Pulling from library/ubuntu\na3ed95caeb02: Pulling fs layer\n727520c5e30b: Pulling fs layer\n2e8f7add78f9: Pulling fs layer\n4600be257a84: Pulling fs layer\n89d0f0874176: Pulling fs layer\n4600be257a84: Waiting\n89d0f0874176: Waiting\na3ed95caeb02: Verifying Checksum\na3ed95caeb02: Download complete\n2e8f7add78f9: Verifying Checksum\n2e8f7add78f9: Download complete\na3ed95caeb02: Pull complete\n4600be257a84: Download complete\n727520c5e30b: Verifying Checksum\n727520c5e30b: Download complete\n89d0f0874176: Verifying Checksum\n89d0f0874176: Download complete\n727520c5e30b: Pull complete\n2e8f7add78f9: Pull complete\n4600be257a84: Pull complete\n89d0f0874176: Pull complete\nDigest: sha256:bc48dd7075ce920ebbaa4581d3200e9fb3aaec31591061d7e3a280a04ef0248c\nStatus: Downloaded newer image for ubuntu:13.04\n ---> a58cd502f927\nStep 2/13 : RUN apt-get update;     apt-get install -y git-core build-essential python-dev     libevent1-dev python-openssl liblzma-dev wget;     rm /var/lib/apt/lists/*_*\n ---> Running in 719d3c84b9aa\nIgn http://archive.ubuntu.com raring Release.gpg\nIgn http://archive.ubuntu.com raring-updates Release.gpg\nIgn http://archive.ubuntu.com raring-security Release.gpg\nIgn http://archive.ubuntu.com raring Release\nIgn http://archive.ubuntu.com raring-updates Release\nIgn http://archive.ubuntu.com raring-security Release\nIgn http://archive.ubuntu.com raring/main Sources/DiffIndex\nIgn http://archive.ubuntu.com raring/restricted Sources/DiffIndex\nIgn http://archive.ubuntu.com raring/universe Sources/DiffIndex\nIgn http://archive.ubuntu.com raring/main amd64 Packages/DiffIndex\nIgn http://archive.ubuntu.com raring/restricted amd64 Packages/DiffIndex\nIgn http://archive.ubuntu.com raring/universe amd64 Packages/DiffIndex\nIgn http://archive.ubuntu.com raring-updates/main Sources/DiffIndex\nIgn http://archive.ubuntu.com raring-updates/restricted Sources/DiffIndex\nIgn http://archive.ubuntu.com raring-updates/universe Sources/DiffIndex\nIgn http://archive.ubuntu.com raring-updates/main amd64 Packages/DiffIndex\nIgn http://archive.ubuntu.com raring-updates/restricted amd64 Packages/DiffIndex\nIgn http://archive.ubuntu.com raring-updates/universe amd64 Packages/DiffIndex\nIgn http://archive.ubuntu.com raring-security/main Sources/DiffIndex\nIgn http://archive.ubuntu.com raring-security/restricted Sources/DiffIndex\nIgn http://archive.ubuntu.com raring-security/universe Sources/DiffIndex\nIgn http://archive.ubuntu.com raring-security/main amd64 Packages/DiffIndex\nIgn http://archive.ubuntu.com raring-security/restricted amd64 Packages/DiffIndex\nIgn http://archive.ubuntu.com raring-security/universe amd64 Packages/DiffIndex\nErr http://archive.ubuntu.com raring/main Sources\n  404  Not Found [IP: 91.189.88.152 80]\nErr http://archive.ubuntu.com raring/restricted Sources\n  404  Not Found [IP: 91.189.88.152 80]\nErr http://archive.ubuntu.com raring/universe Sources\n  404  Not Found [IP: 91.189.88.152 80]\nErr http://archive.ubuntu.com raring/main amd64 Packages\n  404  Not Found [IP: 91.189.88.152 80]\nErr http://archive.ubuntu.com raring/restricted amd64 Packages\n  404  Not Found [IP: 91.189.88.152 80]\nErr http://archive.ubuntu.com raring/universe amd64 Packages\n  404  Not Found [IP: 91.189.88.152 80]\nErr http://archive.ubuntu.com raring-updates/main Sources\n  404  Not Found [IP: 91.189.88.152 80]\nErr http://archive.ubuntu.com raring-updates/restricted Sources\n  404  Not Found [IP: 91.189.88.152 80]\nErr http://archive.ubuntu.com raring-updates/universe Sources\n  404  Not Found [IP: 91.189.88.152 80]\nErr http://archive.ubuntu.com raring-updates/main amd64 Packages\n  404  Not Found [IP: 91.189.88.152 80]\nErr http://archive.ubuntu.com raring-updates/restricted amd64 Packages\n  404  Not Found [IP: 91.189.88.152 80]\nErr http://archive.ubuntu.com raring-updates/universe amd64 Packages\n  404  Not Found [IP: 91.189.88.152 80]\nErr http://archive.ubuntu.com raring-security/main Sources\n  404  Not Found [IP: 91.189.88.152 80]\nErr http://archive.ubuntu.com raring-security/restricted Sources\n  404  Not Found [IP: 91.189.88.152 80]\nErr http://archive.ubuntu.com raring-security/universe Sources\n  404  Not Found [IP: 91.189.88.152 80]\nErr http://archive.ubuntu.com raring-security/main amd64 Packages\n  404  Not Found [IP: 91.189.88.152 80]\nErr http://archive.ubuntu.com raring-security/restricted amd64 Packages\n  404  Not Found [IP: 91.189.88.152 80]\nErr http://archive.ubuntu.com raring-security/universe amd64 Packages\n  404  Not Found [IP: 91.189.88.152 80]\n\u001b[91mW: Failed to fetch http://archive.ubuntu.com/ubuntu/dists/raring/main/source/Sources  404  Not Found [IP: 91.189.88.152 80]\n\nW: Failed to fetch http://archive.ubuntu.com/ubuntu/dists/raring/restricted/source/Sources  404  Not Found [IP: 91.189.88.152 80]\n\nW: Failed to fetch http://archive.ubuntu.com/ubuntu/dists/raring/universe/source/Sources  404  Not Found [IP: 91.189.88.152 80]\n\nW: Failed to fetch http://archive.ubuntu.com/ubuntu/dists/raring/main/binary-amd64/Packages  404  Not Found [IP: 91.189.88.152 80]\n\nW: Failed to fetch http://archive.ubuntu.com/ubuntu/dists/raring/restricted/binary-amd64/Packages  404  Not Found [IP: 91.189.88.152 80]\n\nW: Failed to fetch http://archive.ubuntu.com/ubuntu/dists/raring/universe/binary-amd64/Packages  404  Not Found [IP: 91.189.88.152 80]\n\nW: Failed to fetch http://archive.ubuntu.com/ubuntu/dists/raring-updates/main/source/Sources  404  Not Found [IP: 91.189.88.152 80]\n\nW: Failed to fetch http://archive.ubuntu.com/ubuntu/dists/raring-updates/restricted/source/Sources  404  Not Found [IP: 91.189.88.152 80]\n\nW: Failed to fetch http://archive.ubuntu.com/ubuntu/dists/raring-updates/universe/source/Sources  404  Not Found [IP: 91.189.88.152 80]\n\nW: Failed to fetch http://archive.ubuntu.com/ubuntu/dists/raring-updates/main/binary-amd64/Packages  404  Not Found [IP: 91.189.88.152 80]\n\nW: Failed to fetch http://archive.ubuntu.com/ubuntu/dists/raring-updates/restricted/binary-amd64/Packages  404  Not Found [IP: 91.189.88.152 80]\n\nW: Failed to fetch http://archive.ubuntu.com/ubuntu/dists/raring-updates/universe/binary-amd64/Packages  404  Not Found [IP: 91.189.88.152 80]\n\nW: Failed to fetch http://archive.ubuntu.com/ubuntu/dists/raring-security/main/source/Sources  404  Not Found [IP: 91.189.88.152 80]\n\nW: Failed to fetch http://archive.ubuntu.com/ubuntu/dists/raring-security/restricted/source/Sources  404  Not Found [IP: 91.189.88.152 80]\n\nW: Failed to fetch http://archive.ubuntu.com/ubuntu/dists/raring-security/universe/source/Sources  404  Not Found [IP: 91.189.88.152 80]\n\nW: Failed to fetch http://archive.ubuntu.com/ubuntu/dists/raring-security/main/binary-amd64/Packages  404  Not Found [IP: 91.189.88.152 80]\n\nW: Failed to fetch http://archive.ubuntu.com/ubuntu/dists/raring-security/restricted/binary-amd64/Packages  404  Not Found [IP: 91.189.88.152 80]\n\nW: Failed to fetch http://archive.ubuntu.com/ubuntu/dists/raring-security/universe/binary-amd64/Packages  404  Not Found [IP: 91.189.88.152 80]\n\nE: Some index files failed to download. They have been ignored, or old ones used instead.\n\u001b[0mReading package lists...\nBuilding dependency tree...\nThe following extra packages will be installed:\n  binutils bzip2 ca-certificates cpp cpp-4.7 dpkg-dev fakeroot file g++\n  g++-4.7 gcc gcc-4.7 git git-man krb5-locales less libalgorithm-diff-perl\n  libalgorithm-diff-xs-perl libalgorithm-merge-perl libasn1-8-heimdal libbsd0\n  libc-dev-bin libc6 libc6-dev libclass-isa-perl libcloog-ppl1 libcurl3-gnutls\n  libdpkg-perl libedit2 liberror-perl libevent-1.4-2 libevent-core-1.4-2\n  libevent-extra-1.4-2 libexpat1 libexpat1-dev libfile-fcntllock-perl\n  libgcc-4.7-dev libgcrypt11 libgdbm3 libgmp10 libgmpxx4ldbl libgnutls26\n  libgomp1 libgpg-error0 libgssapi-krb5-2 libgssapi3-heimdal\n  libhcrypto4-heimdal libheimbase1-heimdal libheimntlm0-heimdal\n  libhx509-5-heimdal libidn11 libitm1 libk5crypto3 libkeyutils1\n  libkrb5-26-heimdal libkrb5-3 libkrb5support0 libldap-2.4-2 libmagic1 libmpc2\n  libmpfr4 libp11-kit0 libpopt0 libppl-c4 libppl12 libpython-dev\n  libpython-stdlib libpython2.7 libpython2.7-dev libpython2.7-minimal\n  libpython2.7-stdlib libquadmath0 libroken18-heimdal librtmp0 libsasl2-2\n  libsasl2-modules libsqlite3-0 libssl1.0.0 libstdc++6-4.7-dev libswitch-perl\n  libtasn1-3 libtimedate-perl libwind0-heimdal libx11-6 libx11-data libxau6\n  libxcb1 libxdmcp6 libxext6 libxmuu1 linux-libc-dev make manpages\n  manpages-dev mime-support netbase openssh-client openssl patch perl\n  perl-modules python python-minimal python2.7 python2.7-dev python2.7-minimal\n  rsync xauth xz-utils\nSuggested packages:\n  binutils-doc bzip2-doc cpp-doc gcc-4.7-locales debian-keyring g++-multilib\n  g++-4.7-multilib gcc-4.7-doc libstdc++6-4.7-dbg gcc-multilib autoconf\n  automake1.9 libtool flex bison gdb gcc-doc gcc-4.7-multilib\n  libmudflap0-4.7-dev libgcc1-dbg libgomp1-dbg libitm1-dbg libquadmath0-dbg\n  libmudflap0-dbg binutils-gold gettext-base git-daemon-run\n  git-daemon-sysvinit git-doc git-el git-arch git-cvs git-svn git-email\n  git-gui gitk gitweb glibc-doc rng-tools gnutls-bin krb5-doc krb5-user\n  liblzma-doc libsasl2-modules-otp libsasl2-modules-ldap libsasl2-modules-sql\n  libsasl2-modules-gssapi-mit libsasl2-modules-gssapi-heimdal\n  libstdc++6-4.7-doc make-doc man-browser ssh-askpass libpam-ssh keychain\n  monkeysphere openssh-blacklist openssh-blacklist-extra ed diffutils-doc\n  perl-doc libterm-readline-gnu-perl libterm-readline-perl-perl\n  libpod-plainer-perl python-doc python-tk python-openssl-doc\n  python-openssl-dbg python2.7-doc binfmt-support openssh-server\nRecommended packages:\n  ssh-client\nThe following NEW packages will be installed:\n  binutils build-essential bzip2 ca-certificates cpp cpp-4.7 dpkg-dev fakeroot\n  file g++ g++-4.7 gcc gcc-4.7 git git-core git-man krb5-locales less\n  libalgorithm-diff-perl libalgorithm-diff-xs-perl libalgorithm-merge-perl\n  libasn1-8-heimdal libbsd0 libc-dev-bin libc6-dev libclass-isa-perl\n  libcloog-ppl1 libcurl3-gnutls libdpkg-perl libedit2 liberror-perl\n  libevent-1.4-2 libevent-core-1.4-2 libevent-extra-1.4-2 libevent1-dev\n  libexpat1 libexpat1-dev libfile-fcntllock-perl libgcc-4.7-dev libgcrypt11\n  libgdbm3 libgmp10 libgmpxx4ldbl libgnutls26 libgomp1 libgpg-error0\n  libgssapi-krb5-2 libgssapi3-heimdal libhcrypto4-heimdal libheimbase1-heimdal\n  libheimntlm0-heimdal libhx509-5-heimdal libidn11 libitm1 libk5crypto3\n  libkeyutils1 libkrb5-26-heimdal libkrb5-3 libkrb5support0 libldap-2.4-2\n  liblzma-dev libmagic1 libmpc2 libmpfr4 libp11-kit0 libpopt0 libppl-c4\n  libppl12 libpython-dev libpython-stdlib libpython2.7 libpython2.7-dev\n  libpython2.7-minimal libpython2.7-stdlib libquadmath0 libroken18-heimdal\n  librtmp0 libsasl2-2 libsasl2-modules libsqlite3-0 libssl1.0.0\n  libstdc++6-4.7-dev libswitch-perl libtasn1-3 libtimedate-perl\n  libwind0-heimdal libx11-6 libx11-data libxau6 libxcb1 libxdmcp6 libxext6\n  libxmuu1 linux-libc-dev make manpages manpages-dev mime-support netbase\n  openssh-client openssl patch perl perl-modules python python-dev\n  python-minimal python-openssl python2.7 python2.7-dev python2.7-minimal\n  rsync wget xauth xz-utils\nThe following packages will be upgraded:\n  libc6\n1 upgraded, 115 newly installed, 0 to remove and 21 not upgraded.\nNeed to get 96.5 MB of archives.\nAfter this operation, 232 MB of additional disk space will be used.\nWARNING: The following packages cannot be authenticated!\n  libc6 libbsd0 libexpat1 libmagic1 libpopt0 libsqlite3-0 libssl1.0.0\n  libroken18-heimdal libasn1-8-heimdal libgpg-error0 libgcrypt11 libp11-kit0\n  libtasn1-3 libgnutls26 libkrb5support0 libk5crypto3 libkeyutils1 libkrb5-3\n  libgssapi-krb5-2 libidn11 libhcrypto4-heimdal libheimbase1-heimdal\n  libwind0-heimdal libhx509-5-heimdal libkrb5-26-heimdal libheimntlm0-heimdal\n  libgssapi3-heimdal libsasl2-2 libldap-2.4-2 librtmp0 libcurl3-gnutls\n  libedit2 libgdbm3 libxau6 libxdmcp6 libxcb1 libx11-data libx11-6 libxext6\n  libxmuu1 libgmp10 libgmpxx4ldbl libppl12 libppl-c4 libcloog-ppl1 libgomp1\n  libitm1 libmpfr4 libpython2.7-minimal mime-support libpython2.7-stdlib\n  libpython2.7 libc-dev-bin linux-libc-dev libc6-dev libexpat1-dev\n  libpython2.7-dev libquadmath0 libmpc2 bzip2 file less netbase openssl\n  ca-certificates krb5-locales libsasl2-modules manpages openssh-client rsync\n  wget xauth binutils cpp-4.7 cpp libgcc-4.7-dev gcc-4.7 gcc\n  libstdc++6-4.7-dev g++-4.7 g++ make libswitch-perl libclass-isa-perl\n  perl-modules perl libtimedate-perl libdpkg-perl xz-utils patch dpkg-dev\n  build-essential fakeroot liberror-perl git-man git git-core\n  libalgorithm-diff-perl libalgorithm-diff-xs-perl libalgorithm-merge-perl\n  libevent-1.4-2 libevent-core-1.4-2 libevent-extra-1.4-2 libevent1-dev\n  libfile-fcntllock-perl libpython-dev libpython-stdlib manpages-dev\n  python2.7-minimal python2.7 python-minimal python python2.7-dev python-dev\n  python-openssl liblzma-dev\n\u001b[91mE: There are problems and -y was used without --force-yes\n\u001b[0mRemoving intermediate container 719d3c84b9aa\n ---> 5712458e3169\nStep 3/13 : RUN cd /tmp; wget http://python-distribute.org/distribute_setup.py\n ---> Running in d7b4f1cbb02e\n\u001b[91m/bin/sh: 1: wget: not found\n\u001b[0m",
    "raw_stderr_log": "The command '/bin/sh -c cd /tmp; wget http://python-distribute.org/distribute_setup.py' returned a non-zero code: 127",
    "html_url": "https://github.com/drnic/docker-registry-dockerfile",
    "repo_commit": "1dc34a0774995968ec91dbfe3884f20e78412177",
    "repo_id": 16672501
  },
  {
    "raw_dockerfile": "FROM pytorch/pytorch:latest\n\nRUN git clone https://github.com/NVIDIA/apex.git && cd apex && python setup.py install --cuda_ext --cpp_ext\n\nRUN pip install pytorch-pretrained-bert\n\nWORKDIR /workspace",
    "raw_stdout_log": "Sending build context to Docker daemon  393.2kB\r\r\nStep 1/4 : FROM pytorch/pytorch:latest\nlatest: Pulling from pytorch/pytorch\n23884877105a: Already exists\nbc38caa0f5b9: Already exists\n2910811b6c42: Already exists\n36505266dcc6: Already exists\nfa71f9599d13: Pulling fs layer\nead80a883a3f: Pulling fs layer\n97a609ff247b: Pulling fs layer\n97a609ff247b: Waiting\nead80a883a3f: Waiting\nfa71f9599d13: Waiting\nfa71f9599d13: Verifying Checksum\nfa71f9599d13: Download complete\n97a609ff247b: Download complete\nfa71f9599d13: Pull complete\nead80a883a3f: Verifying Checksum\nead80a883a3f: Download complete\nead80a883a3f: Pull complete\n97a609ff247b: Pull complete\nDigest: sha256:c208e28deda4b6fe727cbbd9c1acaaf70379032e73758a09e51547b51e8620a3\nStatus: Downloaded newer image for pytorch/pytorch:latest\n ---> d89e4943dd55\nStep 2/4 : RUN git clone https://github.com/NVIDIA/apex.git && cd apex && python setup.py install --cuda_ext --cpp_ext\n ---> Running in 8f93b158708d\n\u001b[91m/bin/sh: 1: git: not found\n\u001b[0m",
    "raw_stderr_log": "The command '/bin/sh -c git clone https://github.com/NVIDIA/apex.git && cd apex && python setup.py install --cuda_ext --cpp_ext' returned a non-zero code: 127",
    "html_url": "https://github.com/NoviScl/BERT-RACE",
    "repo_commit": "3cf5a82f9a92bec7d0d3513d4addcd627a3de549",
    "repo_id": 167188162
  },
  {
    "raw_dockerfile": "FROM pytorch/pytorch:latest\nRUN git clone https://github.com/OpenNMT/OpenNMT-py.git && cd OpenNMT-py && pip install -r requirements.txt && python setup.py install",
    "raw_stdout_log": "Sending build context to Docker daemon  2.107MB\r\r\nStep 1/2 : FROM pytorch/pytorch:latest\nlatest: Pulling from pytorch/pytorch\n23884877105a: Already exists\nbc38caa0f5b9: Already exists\n2910811b6c42: Already exists\n36505266dcc6: Already exists\nfa71f9599d13: Pulling fs layer\nead80a883a3f: Pulling fs layer\n97a609ff247b: Pulling fs layer\n97a609ff247b: Download complete\nfa71f9599d13: Download complete\nfa71f9599d13: Pull complete\nead80a883a3f: Verifying Checksum\nead80a883a3f: Download complete\nead80a883a3f: Pull complete\n97a609ff247b: Pull complete\nDigest: sha256:c208e28deda4b6fe727cbbd9c1acaaf70379032e73758a09e51547b51e8620a3\nStatus: Downloaded newer image for pytorch/pytorch:latest\n ---> d89e4943dd55\nStep 2/2 : RUN git clone https://github.com/OpenNMT/OpenNMT-py.git && cd OpenNMT-py && pip install -r requirements.txt && python setup.py install\n ---> Running in 77274cb5d9d7\n\u001b[91m/bin/sh: 1: git: not found\n\u001b[0m",
    "raw_stderr_log": "The command '/bin/sh -c git clone https://github.com/OpenNMT/OpenNMT-py.git && cd OpenNMT-py && pip install -r requirements.txt && python setup.py install' returned a non-zero code: 127",
    "html_url": "https://github.com/UKPLab/emnlp2019-dualgraph",
    "repo_commit": "0c58fb7f3ad3b9da3b92b2d2841558807fc79fd0",
    "repo_id": 203538356
  },
  {
    "raw_dockerfile": "FROM pytorch/pytorch:latest\nRUN git clone https://github.com/OpenNMT/OpenNMT-py.git && cd OpenNMT-py && pip install -r requirements.txt && python setup.py install",
    "raw_stdout_log": "Sending build context to Docker daemon  74.95MB\r\r\nStep 1/2 : FROM pytorch/pytorch:latest\nlatest: Pulling from pytorch/pytorch\n23884877105a: Already exists\nbc38caa0f5b9: Already exists\n2910811b6c42: Already exists\n36505266dcc6: Already exists\nfa71f9599d13: Pulling fs layer\nead80a883a3f: Pulling fs layer\n97a609ff247b: Pulling fs layer\n97a609ff247b: Download complete\nfa71f9599d13: Verifying Checksum\nfa71f9599d13: Download complete\nfa71f9599d13: Pull complete\nead80a883a3f: Verifying Checksum\nead80a883a3f: Download complete\nead80a883a3f: Pull complete\n97a609ff247b: Pull complete\nDigest: sha256:c208e28deda4b6fe727cbbd9c1acaaf70379032e73758a09e51547b51e8620a3\nStatus: Downloaded newer image for pytorch/pytorch:latest\n ---> d89e4943dd55\nStep 2/2 : RUN git clone https://github.com/OpenNMT/OpenNMT-py.git && cd OpenNMT-py && pip install -r requirements.txt && python setup.py install\n ---> Running in 3a31db515dc7\n\u001b[91m/bin/sh: 1: git: not found\n\u001b[0m",
    "raw_stderr_log": "The command '/bin/sh -c git clone https://github.com/OpenNMT/OpenNMT-py.git && cd OpenNMT-py && pip install -r requirements.txt && python setup.py install' returned a non-zero code: 127",
    "html_url": "https://github.com/memray/OpenNMT-kpg-release",
    "repo_commit": "6725b530d52b756db7b60c69b261f9a8c372ce88",
    "repo_id": 213238221
  },
  {
    "raw_dockerfile": "FROM pypy:3-6-jessie\n\nRUN apt-get update -y\nRUN apt-get install -y python python-dev python-pip python3 python3-dev python3-venv python3-pip\n\nRUN wget https://github.com/gmarcais/Jellyfish/releases/download/v2.2.10/jellyfish-2.2.10.tar.gz\nRUN tar zxf jellyfish-2.2.10.tar.gz && rm -f jellyfish-2.2.10.tar.gz\nRUN cd jellyfish-2.2.10 && ./configure --enable-python-binding && make && make install\n\nRUN mkdir -p /environments/py3\nRUN python3 -m venv /environments/py3\n\nADD requirements.txt /code/requirements.txt\nADD unit_test.sh /code/unit_test.sh\n\nRUN bash -c \"source /environments/py3/bin/activate && python -c \\\"import sys; print(sys.version)\\\" && python -m pip install -r /code/requirements.txt\"\nRUN bash -c \"source /environments/py3/bin/activate && export PKG_CONFIG_PATH=/jellyfish-2.2.10 && cd /jellyfish-2.2.10/swig/python && python setup.py build && python setup.py install\"\n\nRUN bash -c \"python -c \\\"import sys; print(sys.version)\\\" && python -m pip install -r /code/requirements.txt\"\nRUN export PKG_CONFIG_PATH=/jellyfish-2.2.10 && \\\n    cd /jellyfish-2.2.10/swig/python && \\\n    python setup.py build && \\\n    python setup.py install\n\nRUN rm -rf /jellyfish-2.2.10\n\n#RUN bash -c \"pypy3 -c \\\"import sys; print(sys.version)\\\" && pypy3 -m pip install -r /code/requirements.txt\"\n#RUN export PKG_CONFIG_PATH=/jellyfish-2.2.10 && cd /jellyfish-2.2.10/swig/python && pypy3 setup.py build && pypy3 setup.py install\n\nADD experiment /code/experiment\nADD src /code/src\nADD test /code/test\n\nRUN echo \"*** Python 2 ***\"\nRUN bash -c \"cd /code && python `which py.test` src/*.py\"\nRUN bash -c \"cd /code && ./test/sm.sh python\"\n\nRUN echo \"*** Python 3 ***\"\nRUN bash -c \"source /environments/py3/bin/activate && cd /code && python `which py.test` src/*.py\"\nRUN bash -c \"source /environments/py3/bin/activate && cd /code && ./test/sm.sh python\"\n\n#RUN echo \"*** Pypy 3 ***\"\n#RUN bash -c \"cd /code && pypy3 `which py.test` src/*.py\"\n#RUN bash -c \"cd /code && ./test/sm.sh pypy3\"",
    "raw_stdout_log": "Sending build context to Docker daemon  695.3kB\r\r\nStep 1/24 : FROM pypy:3-6-jessie\n3-6-jessie: Pulling from library/pypy\nff4229790957: Pulling fs layer\nde1f85cbc021: Pulling fs layer\ne1b6a4984ab4: Pulling fs layer\nba23a7108e88: Pulling fs layer\n4eb33f9b054e: Pulling fs layer\n319fe7f4ee37: Pulling fs layer\n76f5b27771b9: Pulling fs layer\nba23a7108e88: Waiting\n76f5b27771b9: Waiting\n4eb33f9b054e: Waiting\nde1f85cbc021: Verifying Checksum\nde1f85cbc021: Download complete\nff4229790957: Download complete\ne1b6a4984ab4: Verifying Checksum\ne1b6a4984ab4: Download complete\n319fe7f4ee37: Verifying Checksum\n319fe7f4ee37: Download complete\nba23a7108e88: Verifying Checksum\nba23a7108e88: Download complete\nff4229790957: Pull complete\n4eb33f9b054e: Verifying Checksum\n4eb33f9b054e: Download complete\n76f5b27771b9: Verifying Checksum\n76f5b27771b9: Download complete\nde1f85cbc021: Pull complete\ne1b6a4984ab4: Pull complete\nba23a7108e88: Pull complete\n4eb33f9b054e: Pull complete\n319fe7f4ee37: Pull complete\n76f5b27771b9: Pull complete\nDigest: sha256:8cf8cf687ae7d624fa7e7a37d0d57ec27d1551be7c2f83b8ab4f247cc234f392\nStatus: Downloaded newer image for pypy:3-6-jessie\n ---> 6ee8cc5def64\nStep 2/24 : RUN apt-get update -y\n ---> Running in db33fafac091\nIgn http://deb.debian.org jessie InRelease\nGet:1 http://security.debian.org jessie/updates InRelease [44.9 kB]\nGet:2 http://deb.debian.org jessie-updates InRelease [16.3 kB]\nGet:3 http://deb.debian.org jessie Release.gpg [1652 B]\nGet:4 http://deb.debian.org jessie Release [77.3 kB]\nGet:5 http://deb.debian.org jessie-updates/main amd64 Packages [20 B]\nGet:6 http://deb.debian.org jessie/main amd64 Packages [9098 kB]\nGet:7 http://security.debian.org jessie/updates/main amd64 Packages [991 kB]\nFetched 10.2 MB in 5s (1899 kB/s)\nReading package lists...\nRemoving intermediate container db33fafac091\n ---> ca9b936d80ca\nStep 3/24 : RUN apt-get install -y python python-dev python-pip python3 python3-dev python3-venv python3-pip\n ---> Running in 8b8ca5c2adf3\nReading package lists...\nBuilding dependency tree...\nReading state information...\npython is already the newest version.\npython set to manually installed.\nThe following extra packages will be installed:\n  build-essential dh-python libmpdec2 libpython-dev libpython2.7\n  libpython2.7-dev libpython2.7-minimal libpython2.7-stdlib libpython3-dev\n  libpython3-stdlib libpython3.4 libpython3.4-dev libpython3.4-minimal\n  libpython3.4-stdlib python-cffi python-chardet python-chardet-whl\n  python-colorama python-colorama-whl python-cryptography python-distlib\n  python-distlib-whl python-html5lib python-html5lib-whl\n  python-ndg-httpsclient python-openssl python-pip-whl python-pkg-resources\n  python-ply python-pyasn1 python-pycparser python-requests\n  python-requests-whl python-setuptools python-setuptools-whl python-six-whl\n  python-support python-urllib3 python-urllib3-whl python-wheel python2.7\n  python2.7-dev python2.7-minimal python3-chardet python3-colorama\n  python3-distlib python3-html5lib python3-minimal python3-pkg-resources\n  python3-requests python3-setuptools python3-six python3-urllib3\n  python3-wheel python3.4 python3.4-dev python3.4-minimal python3.4-venv\nSuggested packages:\n  python-cryptography-doc python-cryptography-vectors python-genshi\n  python-lxml python-openssl-doc python-openssl-dbg python-distribute\n  python-distribute-doc python-ply-doc doc-base python2.7-doc binfmt-support\n  python3-doc python3-tk python3-genshi python3-lxml python3-ndg-httpsclient\n  python3-openssl python3-pyasn1 python3.4-doc\nRecommended packages:\n  python-dev-all\nThe following NEW packages will be installed:\n  build-essential dh-python libmpdec2 libpython-dev libpython2.7\n  libpython2.7-dev libpython3-dev libpython3-stdlib libpython3.4\n  libpython3.4-dev libpython3.4-minimal libpython3.4-stdlib python-cffi\n  python-chardet python-chardet-whl python-colorama python-colorama-whl\n  python-cryptography python-dev python-distlib python-distlib-whl\n  python-html5lib python-html5lib-whl python-ndg-httpsclient python-openssl\n  python-pip python-pip-whl python-pkg-resources python-ply python-pyasn1\n  python-pycparser python-requests python-requests-whl python-setuptools\n  python-setuptools-whl python-six-whl python-support python-urllib3\n  python-urllib3-whl python-wheel python2.7-dev python3 python3-chardet\n  python3-colorama python3-dev python3-distlib python3-html5lib\n  python3-minimal python3-pip python3-pkg-resources python3-requests\n  python3-setuptools python3-six python3-urllib3 python3-venv python3-wheel\n  python3.4 python3.4-dev python3.4-minimal python3.4-venv\nThe following packages will be upgraded:\n  libpython2.7-minimal libpython2.7-stdlib python2.7 python2.7-minimal\n4 upgraded, 60 newly installed, 0 to remove and 101 not upgraded.\nNeed to get 74.8 MB of archives.\nAfter this operation, 127 MB of additional disk space will be used.\nGet:1 http://deb.debian.org/debian/ jessie/main libmpdec2 amd64 2.4.1-1 [85.7 kB]\nGet:2 http://security.debian.org/debian-security/ jessie/updates/main python2.7 amd64 2.7.9-2+deb8u5 [252 kB]\nGet:3 http://deb.debian.org/debian/ jessie/main python-support all 1.0.15 [33.6 kB]\nGet:4 http://deb.debian.org/debian/ jessie/main build-essential amd64 11.7 [7114 B]\nGet:5 http://security.debian.org/debian-security/ jessie/updates/main python2.7-minimal amd64 2.7.9-2+deb8u5 [1404 kB]\nGet:6 http://deb.debian.org/debian/ jessie/main python3-minimal amd64 3.4.2-2 [34.7 kB]\nGet:7 http://deb.debian.org/debian/ jessie/main libpython3-stdlib amd64 3.4.2-2 [18.1 kB]\nGet:8 http://deb.debian.org/debian/ jessie/main python3 amd64 3.4.2-2 [21.2 kB]\nGet:9 http://deb.debian.org/debian/ jessie/main dh-python all 1.20141111-2 [66.4 kB]\nGet:10 http://deb.debian.org/debian/ jessie/main libpython-dev amd64 2.7.9-1 [19.6 kB]\nGet:11 http://deb.debian.org/debian/ jessie/main libpython3-dev amd64 3.4.2-2 [18.2 kB]\nGet:12 http://deb.debian.org/debian/ jessie/main python-ply all 3.4-5 [62.9 kB]\nGet:13 http://deb.debian.org/debian/ jessie/main python-pycparser all 2.10+dfsg-3 [58.8 kB]\nGet:14 http://deb.debian.org/debian/ jessie/main python-cffi amd64 0.8.6-1 [67.2 kB]\nGet:15 http://deb.debian.org/debian/ jessie/main python-pkg-resources all 5.5.1-1 [64.4 kB]\nGet:16 http://security.debian.org/debian-security/ jessie/updates/main libpython2.7-stdlib amd64 2.7.9-2+deb8u5 [1850 kB]\nGet:17 http://deb.debian.org/debian/ jessie/main python-chardet all 2.3.0-1 [96.2 kB]\nGet:18 http://deb.debian.org/debian/ jessie/main python3-pkg-resources all 5.5.1-1 [34.2 kB]\nGet:19 http://deb.debian.org/debian/ jessie/main python-chardet-whl all 2.3.0-1 [170 kB]\nGet:20 http://deb.debian.org/debian/ jessie/main python-colorama all 0.3.2-1 [20.3 kB]\nGet:21 http://deb.debian.org/debian/ jessie/main python-colorama-whl all 0.3.2-1 [20.2 kB]\nGet:22 http://deb.debian.org/debian/ jessie/main python-cryptography amd64 0.6.1-1+deb8u1 [164 kB]\nGet:23 http://deb.debian.org/debian/ jessie/main python-dev amd64 2.7.9-1 [1182 B]\nGet:24 http://security.debian.org/debian-security/ jessie/updates/main libpython2.7-minimal amd64 2.7.9-2+deb8u5 [379 kB]\nGet:25 http://deb.debian.org/debian/ jessie/main python-distlib all 0.1.9-1 [113 kB]\nGet:26 http://deb.debian.org/debian/ jessie/main python-distlib-whl all 0.1.9-1 [141 kB]\nGet:27 http://deb.debian.org/debian/ jessie/main python-html5lib all 0.999-3 [84.0 kB]\nGet:28 http://deb.debian.org/debian/ jessie/main python-html5lib-whl all 0.999-3 [112 kB]\nGet:29 http://deb.debian.org/debian/ jessie/main python-openssl all 0.14-1 [81.1 kB]\nGet:30 http://deb.debian.org/debian/ jessie/main python-ndg-httpsclient all 0.3.2-1 [20.5 kB]\nGet:31 http://deb.debian.org/debian/ jessie/main python-requests all 2.4.3-6 [204 kB]\nGet:32 http://deb.debian.org/debian/ jessie/main python-setuptools all 5.5.1-1 [242 kB]\nGet:33 http://security.debian.org/debian-security/ jessie/updates/main libpython2.7 amd64 2.7.9-2+deb8u5 [1080 kB]\nGet:34 http://deb.debian.org/debian/ jessie/main python-pip all 1.5.6-5 [114 kB]\nGet:35 http://deb.debian.org/debian/ jessie/main python-six-whl all 1.8.0-1 [14.8 kB]\nGet:36 http://deb.debian.org/debian/ jessie/main python-requests-whl all 2.4.3-6 [241 kB]\nGet:37 http://deb.debian.org/debian/ jessie/main python-setuptools-whl all 5.5.1-1 [233 kB]\nGet:38 http://deb.debian.org/debian/ jessie/main python-pip-whl all 1.5.6-5 [126 kB]\nGet:39 http://deb.debian.org/debian/ jessie/main python-pyasn1 all 0.1.7-1 [49.3 kB]\nGet:40 http://deb.debian.org/debian/ jessie/main python-wheel all 0.24.0-1 [47.5 kB]\nGet:41 http://deb.debian.org/debian/ jessie/main python3-chardet all 2.3.0-1 [96.1 kB]\nGet:42 http://deb.debian.org/debian/ jessie/main python3-colorama all 0.3.2-1 [13.1 kB]\nGet:43 http://deb.debian.org/debian/ jessie/main python3-dev amd64 3.4.2-2 [1198 B]\nGet:44 http://deb.debian.org/debian/ jessie/main python3-distlib all 0.1.9-1 [113 kB]\nGet:45 http://deb.debian.org/debian/ jessie/main python3-six all 1.8.0-1 [12.7 kB]\nGet:46 http://deb.debian.org/debian/ jessie/main python3-html5lib all 0.999-3 [82.3 kB]\nGet:47 http://deb.debian.org/debian/ jessie/main python3-requests all 2.4.3-6 [203 kB]\nGet:48 http://deb.debian.org/debian/ jessie/main python3-setuptools all 5.5.1-1 [134 kB]\nGet:49 http://deb.debian.org/debian/ jessie/main python3-pip all 1.5.6-5 [97.2 kB]\nGet:50 http://deb.debian.org/debian/ jessie/main python3-venv amd64 3.4.2-2 [1102 B]\nGet:51 http://deb.debian.org/debian/ jessie/main python3-wheel all 0.24.0-1 [47.6 kB]\nGet:52 http://security.debian.org/debian-security/ jessie/updates/main libpython2.7-dev amd64 2.7.9-2+deb8u5 [18.6 MB]\nGet:53 http://security.debian.org/debian-security/ jessie/updates/main libpython3.4-minimal amd64 3.4.2-1+deb8u7 [495 kB]\nGet:54 http://security.debian.org/debian-security/ jessie/updates/main libpython3.4-stdlib amd64 3.4.2-1+deb8u7 [2095 kB]\nGet:55 http://security.debian.org/debian-security/ jessie/updates/main libpython3.4 amd64 3.4.2-1+deb8u7 [1313 kB]\nGet:56 http://security.debian.org/debian-security/ jessie/updates/main libpython3.4-dev amd64 3.4.2-1+deb8u7 [39.5 MB]\nGet:57 http://security.debian.org/debian-security/ jessie/updates/main python3.4-minimal amd64 3.4.2-1+deb8u7 [1646 kB]\nGet:58 http://security.debian.org/debian-security/ jessie/updates/main python3.4 amd64 3.4.2-1+deb8u7 [205 kB]\nGet:59 http://security.debian.org/debian-security/ jessie/updates/main python2.7-dev amd64 2.7.9-2+deb8u5 [297 kB]\nGet:60 http://security.debian.org/debian-security/ jessie/updates/main python-urllib3 all 1.9.1-3+deb8u1 [55.7 kB]\nGet:61 http://security.debian.org/debian-security/ jessie/updates/main python-urllib3-whl all 1.9.1-3+deb8u1 [77.2 kB]\nGet:62 http://security.debian.org/debian-security/ jessie/updates/main python3.4-dev amd64 3.4.2-1+deb8u7 [429 kB]\nGet:63 http://security.debian.org/debian-security/ jessie/updates/main python3-urllib3 all 1.9.1-3+deb8u1 [55.9 kB]\nGet:64 http://security.debian.org/debian-security/ jessie/updates/main python3.4-venv amd64 3.4.2-1+deb8u7 [1438 kB]\n\u001b[91mdebconf: delaying package configuration, since apt-utils is not installed\n\u001b[0mFetched 74.8 MB in 7s (9357 kB/s)\nSelecting previously unselected package libmpdec2:amd64.\r\n(Reading database ... \r(Reading database ... 5%\r(Reading database ... 10%\r(Reading database ... 15%\r(Reading database ... 20%\r(Reading database ... 25%\r(Reading database ... 30%\r(Reading database ... 35%\r(Reading database ... 40%\r(Reading database ... 45%\r(Reading database ... 50%\r(Reading database ... 55%\r(Reading database ... 60%\r(Reading database ... 65%\r(Reading database ... 70%\r(Reading database ... 75%\r(Reading database ... 80%\r(Reading database ... 85%\r(Reading database ... 90%\r(Reading database ... 95%\r(Reading database ... 100%\r(Reading database ... 22060 files and directories currently installed.)\r\nPreparing to unpack .../libmpdec2_2.4.1-1_amd64.deb ...\r\nUnpacking libmpdec2:amd64 (2.4.1-1) ...\r\nPreparing to unpack .../python2.7_2.7.9-2+deb8u5_amd64.deb ...\r\nUnpacking python2.7 (2.7.9-2+deb8u5) over (2.7.9-2+deb8u2) ...\r\nPreparing to unpack .../python2.7-minimal_2.7.9-2+deb8u5_amd64.deb ...\r\nUnpacking python2.7-minimal (2.7.9-2+deb8u5) over (2.7.9-2+deb8u2) ...\r\nPreparing to unpack .../libpython2.7-stdlib_2.7.9-2+deb8u5_amd64.deb ...\r\nUnpacking libpython2.7-stdlib:amd64 (2.7.9-2+deb8u5) over (2.7.9-2+deb8u2) ...\r\nPreparing to unpack .../libpython2.7-minimal_2.7.9-2+deb8u5_amd64.deb ...\r\nUnpacking libpython2.7-minimal:amd64 (2.7.9-2+deb8u5) over (2.7.9-2+deb8u2) ...\r\nSelecting previously unselected package libpython2.7:amd64.\r\nPreparing to unpack .../libpython2.7_2.7.9-2+deb8u5_amd64.deb ...\r\nUnpacking libpython2.7:amd64 (2.7.9-2+deb8u5) ...\r\nSelecting previously unselected package libpython2.7-dev:amd64.\r\nPreparing to unpack .../libpython2.7-dev_2.7.9-2+deb8u5_amd64.deb ...\r\nUnpacking libpython2.7-dev:amd64 (2.7.9-2+deb8u5) ...\r\nSelecting previously unselected package libpython3.4-minimal:amd64.\r\nPreparing to unpack .../libpython3.4-minimal_3.4.2-1+deb8u7_amd64.deb ...\r\nUnpacking libpython3.4-minimal:amd64 (3.4.2-1+deb8u7) ...\r\nSelecting previously unselected package libpython3.4-stdlib:amd64.\r\nPreparing to unpack .../libpython3.4-stdlib_3.4.2-1+deb8u7_amd64.deb ...\r\nUnpacking libpython3.4-stdlib:amd64 (3.4.2-1+deb8u7) ...\r\nSelecting previously unselected package libpython3.4:amd64.\r\nPreparing to unpack .../libpython3.4_3.4.2-1+deb8u7_amd64.deb ...\r\nUnpacking libpython3.4:amd64 (3.4.2-1+deb8u7) ...\r\nSelecting previously unselected package libpython3.4-dev:amd64.\r\nPreparing to unpack .../libpython3.4-dev_3.4.2-1+deb8u7_amd64.deb ...\r\nUnpacking libpython3.4-dev:amd64 (3.4.2-1+deb8u7) ...\r\nSelecting previously unselected package python3.4-minimal.\r\nPreparing to unpack .../python3.4-minimal_3.4.2-1+deb8u7_amd64.deb ...\r\nUnpacking python3.4-minimal (3.4.2-1+deb8u7) ...\r\nSelecting previously unselected package python-support.\r\nPreparing to unpack .../python-support_1.0.15_all.deb ...\r\nUnpacking python-support (1.0.15) ...\r\nSelecting previously unselected package build-essential.\r\nPreparing to unpack .../build-essential_11.7_amd64.deb ...\r\nUnpacking build-essential (11.7) ...\r\nSelecting previously unselected package python3.4.\r\nPreparing to unpack .../python3.4_3.4.2-1+deb8u7_amd64.deb ...\r\nUnpacking python3.4 (3.4.2-1+deb8u7) ...\r\nSelecting previously unselected package python3-minimal.\r\nPreparing to unpack .../python3-minimal_3.4.2-2_amd64.deb ...\r\nUnpacking python3-minimal (3.4.2-2) ...\r\nSelecting previously unselected package libpython3-stdlib:amd64.\r\nPreparing to unpack .../libpython3-stdlib_3.4.2-2_amd64.deb ...\r\nUnpacking libpython3-stdlib:amd64 (3.4.2-2) ...\r\nSelecting previously unselected package python3.\r\nPreparing to unpack .../python3_3.4.2-2_amd64.deb ...\r\nUnpacking python3 (3.4.2-2) ...\r\nSelecting previously unselected package dh-python.\r\nPreparing to unpack .../dh-python_1.20141111-2_all.deb ...\r\nUnpacking dh-python (1.20141111-2) ...\r\nSelecting previously unselected package libpython-dev:amd64.\r\nPreparing to unpack .../libpython-dev_2.7.9-1_amd64.deb ...\r\nUnpacking libpython-dev:amd64 (2.7.9-1) ...\r\nSelecting previously unselected package libpython3-dev:amd64.\r\nPreparing to unpack .../libpython3-dev_3.4.2-2_amd64.deb ...\r\nUnpacking libpython3-dev:amd64 (3.4.2-2) ...\r\nSelecting previously unselected package python-ply.\r\nPreparing to unpack .../python-ply_3.4-5_all.deb ...\r\nUnpacking python-ply (3.4-5) ...\r\nSelecting previously unselected package python-pycparser.\r\nPreparing to unpack .../python-pycparser_2.10+dfsg-3_all.deb ...\r\nUnpacking python-pycparser (2.10+dfsg-3) ...\r\nSelecting previously unselected package python-cffi.\r\nPreparing to unpack .../python-cffi_0.8.6-1_amd64.deb ...\r\nUnpacking python-cffi (0.8.6-1) ...\r\nSelecting previously unselected package python-pkg-resources.\r\nPreparing to unpack .../python-pkg-resources_5.5.1-1_all.deb ...\r\nUnpacking python-pkg-resources (5.5.1-1) ...\r\nSelecting previously unselected package python-chardet.\r\nPreparing to unpack .../python-chardet_2.3.0-1_all.deb ...\r\nUnpacking python-chardet (2.3.0-1) ...\r\nSelecting previously unselected package python3-pkg-resources.\r\nPreparing to unpack .../python3-pkg-resources_5.5.1-1_all.deb ...\r\nUnpacking python3-pkg-resources (5.5.1-1) ...\r\nSelecting previously unselected package python-chardet-whl.\r\nPreparing to unpack .../python-chardet-whl_2.3.0-1_all.deb ...\r\nUnpacking python-chardet-whl (2.3.0-1) ...\r\nSelecting previously unselected package python-colorama.\r\nPreparing to unpack .../python-colorama_0.3.2-1_all.deb ...\r\nUnpacking python-colorama (0.3.2-1) ...\r\nSelecting previously unselected package python-colorama-whl.\r\nPreparing to unpack .../python-colorama-whl_0.3.2-1_all.deb ...\r\nUnpacking python-colorama-whl (0.3.2-1) ...\r\nSelecting previously unselected package python-cryptography.\r\nPreparing to unpack .../python-cryptography_0.6.1-1+deb8u1_amd64.deb ...\r\nUnpacking python-cryptography (0.6.1-1+deb8u1) ...\r\nSelecting previously unselected package python2.7-dev.\r\nPreparing to unpack .../python2.7-dev_2.7.9-2+deb8u5_amd64.deb ...\r\nUnpacking python2.7-dev (2.7.9-2+deb8u5) ...\r\nSelecting previously unselected package python-dev.\r\nPreparing to unpack .../python-dev_2.7.9-1_amd64.deb ...\r\nUnpacking python-dev (2.7.9-1) ...\r\nSelecting previously unselected package python-distlib.\r\nPreparing to unpack .../python-distlib_0.1.9-1_all.deb ...\r\nUnpacking python-distlib (0.1.9-1) ...\r\nSelecting previously unselected package python-distlib-whl.\r\nPreparing to unpack .../python-distlib-whl_0.1.9-1_all.deb ...\r\nUnpacking python-distlib-whl (0.1.9-1) ...\r\nSelecting previously unselected package python-html5lib.\r\nPreparing to unpack .../python-html5lib_0.999-3_all.deb ...\r\nUnpacking python-html5lib (0.999-3) ...\r\nSelecting previously unselected package python-html5lib-whl.\r\nPreparing to unpack .../python-html5lib-whl_0.999-3_all.deb ...\r\nUnpacking python-html5lib-whl (0.999-3) ...\r\nSelecting previously unselected package python-openssl.\r\nPreparing to unpack .../python-openssl_0.14-1_all.deb ...\r\nUnpacking python-openssl (0.14-1) ...\r\nSelecting previously unselected package python-ndg-httpsclient.\r\nPreparing to unpack .../python-ndg-httpsclient_0.3.2-1_all.deb ...\r\nUnpacking python-ndg-httpsclient (0.3.2-1) ...\r\nSelecting previously unselected package python-urllib3.\r\nPreparing to unpack .../python-urllib3_1.9.1-3+deb8u1_all.deb ...\r\nUnpacking python-urllib3 (1.9.1-3+deb8u1) ...\r\nSelecting previously unselected package python-requests.\r\nPreparing to unpack .../python-requests_2.4.3-6_all.deb ...\r\nUnpacking python-requests (2.4.3-6) ...\r\nSelecting previously unselected package python-setuptools.\r\nPreparing to unpack .../python-setuptools_5.5.1-1_all.deb ...\r\nUnpacking python-setuptools (5.5.1-1) ...\r\nSelecting previously unselected package python-pip.\r\nPreparing to unpack .../python-pip_1.5.6-5_all.deb ...\r\nUnpacking python-pip (1.5.6-5) ...\r\nSelecting previously unselected package python-six-whl.\r\nPreparing to unpack .../python-six-whl_1.8.0-1_all.deb ...\r\nUnpacking python-six-whl (1.8.0-1) ...\r\nSelecting previously unselected package python-urllib3-whl.\r\nPreparing to unpack .../python-urllib3-whl_1.9.1-3+deb8u1_all.deb ...\r\nUnpacking python-urllib3-whl (1.9.1-3+deb8u1) ...\r\nSelecting previously unselected package python-requests-whl.\r\nPreparing to unpack .../python-requests-whl_2.4.3-6_all.deb ...\r\nUnpacking python-requests-whl (2.4.3-6) ...\r\nSelecting previously unselected package python-setuptools-whl.\r\nPreparing to unpack .../python-setuptools-whl_5.5.1-1_all.deb ...\r\nUnpacking python-setuptools-whl (5.5.1-1) ...\r\nSelecting previously unselected package python-pip-whl.\r\nPreparing to unpack .../python-pip-whl_1.5.6-5_all.deb ...\r\nUnpacking python-pip-whl (1.5.6-5) ...\r\nSelecting previously unselected package python-pyasn1.\r\nPreparing to unpack .../python-pyasn1_0.1.7-1_all.deb ...\r\nUnpacking python-pyasn1 (0.1.7-1) ...\r\nSelecting previously unselected package python-wheel.\r\nPreparing to unpack .../python-wheel_0.24.0-1_all.deb ...\r\nUnpacking python-wheel (0.24.0-1) ...\r\nSelecting previously unselected package python3-chardet.\r\nPreparing to unpack .../python3-chardet_2.3.0-1_all.deb ...\r\nUnpacking python3-chardet (2.3.0-1) ...\r\nSelecting previously unselected package python3-colorama.\r\nPreparing to unpack .../python3-colorama_0.3.2-1_all.deb ...\r\nUnpacking python3-colorama (0.3.2-1) ...\r\nSelecting previously unselected package python3.4-dev.\r\nPreparing to unpack .../python3.4-dev_3.4.2-1+deb8u7_amd64.deb ...\r\nUnpacking python3.4-dev (3.4.2-1+deb8u7) ...\r\nSelecting previously unselected package python3-dev.\r\nPreparing to unpack .../python3-dev_3.4.2-2_amd64.deb ...\r\nUnpacking python3-dev (3.4.2-2) ...\r\nSelecting previously unselected package python3-distlib.\r\nPreparing to unpack .../python3-distlib_0.1.9-1_all.deb ...\r\nUnpacking python3-distlib (0.1.9-1) ...\r\nSelecting previously unselected package python3-six.\r\nPreparing to unpack .../python3-six_1.8.0-1_all.deb ...\r\nUnpacking python3-six (1.8.0-1) ...\r\nSelecting previously unselected package python3-html5lib.\r\nPreparing to unpack .../python3-html5lib_0.999-3_all.deb ...\r\nUnpacking python3-html5lib (0.999-3) ...\r\nSelecting previously unselected package python3-urllib3.\r\nPreparing to unpack .../python3-urllib3_1.9.1-3+deb8u1_all.deb ...\r\nUnpacking python3-urllib3 (1.9.1-3+deb8u1) ...\r\nSelecting previously unselected package python3-requests.\r\nPreparing to unpack .../python3-requests_2.4.3-6_all.deb ...\r\nUnpacking python3-requests (2.4.3-6) ...\r\nSelecting previously unselected package python3-setuptools.\r\nPreparing to unpack .../python3-setuptools_5.5.1-1_all.deb ...\r\nUnpacking python3-setuptools (5.5.1-1) ...\r\nSelecting previously unselected package python3-pip.\r\nPreparing to unpack .../python3-pip_1.5.6-5_all.deb ...\r\nUnpacking python3-pip (1.5.6-5) ...\r\nSelecting previously unselected package python3.4-venv.\r\nPreparing to unpack .../python3.4-venv_3.4.2-1+deb8u7_amd64.deb ...\r\nUnpacking python3.4-venv (3.4.2-1+deb8u7) ...\r\nSelecting previously unselected package python3-venv.\r\nPreparing to unpack .../python3-venv_3.4.2-2_amd64.deb ...\r\nUnpacking python3-venv (3.4.2-2) ...\r\nSelecting previously unselected package python3-wheel.\r\nPreparing to unpack .../python3-wheel_0.24.0-1_all.deb ...\r\nUnpacking python3-wheel (0.24.0-1) ...\r\nProcessing triggers for mime-support (3.58) ...\r\nSetting up libmpdec2:amd64 (2.4.1-1) ...\r\nSetting up libpython2.7-minimal:amd64 (2.7.9-2+deb8u5) ...\r\nSetting up python2.7-minimal (2.7.9-2+deb8u5) ...\r\nSetting up libpython2.7-stdlib:amd64 (2.7.9-2+deb8u5) ...\r\nSetting up python2.7 (2.7.9-2+deb8u5) ...\r\nSetting up libpython2.7:amd64 (2.7.9-2+deb8u5) ...\r\nSetting up libpython2.7-dev:amd64 (2.7.9-2+deb8u5) ...\r\nSetting up libpython3.4-minimal:amd64 (3.4.2-1+deb8u7) ...\r\nSetting up libpython3.4-stdlib:amd64 (3.4.2-1+deb8u7) ...\r\nSetting up libpython3.4:amd64 (3.4.2-1+deb8u7) ...\r\nSetting up libpython3.4-dev:amd64 (3.4.2-1+deb8u7) ...\r\nSetting up python3.4-minimal (3.4.2-1+deb8u7) ...\r\nSetting up python-support (1.0.15) ...\r\nSetting up build-essential (11.7) ...\r\nSetting up python3.4 (3.4.2-1+deb8u7) ...\r\nSetting up python3-minimal (3.4.2-2) ...\r\nSetting up libpython3-stdlib:amd64 (3.4.2-2) ...\r\nSetting up libpython-dev:amd64 (2.7.9-1) ...\r\nSetting up libpython3-dev:amd64 (3.4.2-2) ...\r\nSetting up python-ply (3.4-5) ...\r\nSetting up python-pycparser (2.10+dfsg-3) ...\r\nSetting up python-cffi (0.8.6-1) ...\r\nSetting up python-pkg-resources (5.5.1-1) ...\r\nSetting up python-chardet (2.3.0-1) ...\r\nSetting up python-colorama (0.3.2-1) ...\r\nSetting up python-colorama-whl (0.3.2-1) ...\r\nSetting up python-cryptography (0.6.1-1+deb8u1) ...\r\nSetting up python2.7-dev (2.7.9-2+deb8u5) ...\r\nSetting up python-dev (2.7.9-1) ...\r\nSetting up python-distlib (0.1.9-1) ...\r\nSetting up python-distlib-whl (0.1.9-1) ...\r\nSetting up python-html5lib (0.999-3) ...\r\nSetting up python-html5lib-whl (0.999-3) ...\r\nSetting up python-openssl (0.14-1) ...\r\nSetting up python-ndg-httpsclient (0.3.2-1) ...\r\nSetting up python-urllib3 (1.9.1-3+deb8u1) ...\r\nSetting up python-requests (2.4.3-6) ...\r\nSetting up python-setuptools (5.5.1-1) ...\r\nSetting up python-pip (1.5.6-5) ...\r\nSetting up python-six-whl (1.8.0-1) ...\r\nSetting up python-urllib3-whl (1.9.1-3+deb8u1) ...\r\nSetting up python-requests-whl (2.4.3-6) ...\r\nSetting up python-setuptools-whl (5.5.1-1) ...\r\nSetting up python-pyasn1 (0.1.7-1) ...\r\nSetting up python-wheel (0.24.0-1) ...\r\nSetting up python3.4-dev (3.4.2-1+deb8u7) ...\r\nSetting up python3 (3.4.2-2) ...\r\nrunning python rtupdate hooks for python3.4...\r\nrunning python post-rtupdate hooks for python3.4...\r\nSetting up dh-python (1.20141111-2) ...\r\nSetting up python3-pkg-resources (5.5.1-1) ...\r\nSetting up python-chardet-whl (2.3.0-1) ...\r\nSetting up python-pip-whl (1.5.6-5) ...\r\nSetting up python3-chardet (2.3.0-1) ...\r\nSetting up python3-colorama (0.3.2-1) ...\r\nSetting up python3-dev (3.4.2-2) ...\r\nSetting up python3-distlib (0.1.9-1) ...\r\nSetting up python3-six (1.8.0-1) ...\r\nSetting up python3-html5lib (0.999-3) ...\r\nSetting up python3-urllib3 (1.9.1-3+deb8u1) ...\r\nSetting up python3-requests (2.4.3-6) ...\r\nSetting up python3-setuptools (5.5.1-1) ...\r\nSetting up python3-pip (1.5.6-5) ...\r\nSetting up python3.4-venv (3.4.2-1+deb8u7) ...\r\nSetting up python3-venv (3.4.2-2) ...\r\nSetting up python3-wheel (0.24.0-1) ...\r\nProcessing triggers for libc-bin (2.19-18+deb8u10) ...\r\nProcessing triggers for python-support (1.0.15) ...\r\nRemoving intermediate container 8b8ca5c2adf3\n ---> 7ff01f6f29aa\nStep 4/24 : RUN wget https://github.com/gmarcais/Jellyfish/releases/download/v2.2.10/jellyfish-2.2.10.tar.gz\n ---> Running in 8b52f7a40edf\n\u001b[91m--2020-06-30 06:23:39--  https://github.com/gmarcais/Jellyfish/releases/download/v2.2.10/jellyfish-2.2.10.tar.gz\n\u001b[0m\u001b[91mResolving github.com (github.com)... \u001b[0m\u001b[91m140.82.112.4\nConnecting to github.com (github.com)|140.82.112.4|:443... \u001b[0m\u001b[91mconnected.\n\u001b[0m\u001b[91mHTTP request sent, awaiting response... \u001b[0m\u001b[91m302 Found\nLocation: https://github-production-release-asset-2e65be.s3.amazonaws.com/14868180/0a419cc0-448d-11e8-9c20-e9f668f690e1?X-Amz-Algorithm=AWS4-HMAC-SHA256&X-Amz-Credential=AKIAIWNJYAX4CSVEH53A%2F20200630%2Fus-east-1%2Fs3%2Faws4_request&X-Amz-Date=20200630T062339Z&X-Amz-Expires=300&X-Amz-Signature=71953b7919458d911501fac975daf2417125d251d5aa5eb572c5ba4695ff6942&X-Amz-SignedHeaders=host&actor_id=0&repo_id=14868180&response-content-disposition=attachment%3B%20filename%3Djellyfish-2.2.10.tar.gz&response-content-type=application%2Foctet-stream [following]\n\u001b[0m\u001b[91m--2020-06-30 06:23:39--  https://github-production-release-asset-2e65be.s3.amazonaws.com/14868180/0a419cc0-448d-11e8-9c20-e9f668f690e1?X-Amz-Algorithm=AWS4-HMAC-SHA256&X-Amz-Credential=AKIAIWNJYAX4CSVEH53A%2F20200630%2Fus-east-1%2Fs3%2Faws4_request&X-Amz-Date=20200630T062339Z&X-Amz-Expires=300&X-Amz-Signature=71953b7919458d911501fac975daf2417125d251d5aa5eb572c5ba4695ff6942&X-Amz-SignedHeaders=host&actor_id=0&repo_id=14868180&response-content-disposition=attachment%3B%20filename%3Djellyfish-2.2.10.tar.gz&response-content-type=application%2Foctet-stream\nResolving github-production-release-asset-2e65be.s3.amazonaws.com (github-production-release-asset-2e65be.s3.amazonaws.com)... \u001b[0m\u001b[91m52.217.65.92\nConnecting to github-production-release-asset-2e65be.s3.amazonaws.com (github-production-release-asset-2e65be.s3.amazonaws.com)|52.217.65.92|:443... \u001b[0m\u001b[91mconnected.\n\u001b[0m\u001b[91mHTTP request sent, awaiting response... \u001b[0m\u001b[91m200 OK\n\u001b[0m\u001b[91mLength: 1123173 (1.1M) [application/octet-stream]\n\u001b[0m\u001b[91mSaving to: jellyfish-2.2.10.tar.gz\n\u001b[0m\u001b[91m\n     0K .......... .......... .......... ..\u001b[0m\u001b[91m.\u001b[0m\u001b[91m....... ..........  4%  766K 1s\u001b[0m\u001b[91m\n    50K .......... ......\u001b[0m\u001b[91m.\u001b[0m\u001b[91m... .....\u001b[0m\u001b[91m..... ....\u001b[0m\u001b[91m...... ..\u001b[0m\u001b[91m........  9% 79.1M 1s\n   100K .\u001b[0m\u001b[91m......... ........\u001b[0m\u001b[91m.. .......... ....\u001b[0m\u001b[91m.\u001b[0m\u001b[91m..... ...\u001b[0m\u001b[91m....... 13% 1.24M 1s\n   150K \u001b[0m\u001b[91m.\u001b[0m\u001b[91m.\u001b[0m\u001b[91m........ ........\u001b[0m\u001b[91m.\u001b[0m\u001b[91m. .......\u001b[0m\u001b[91m... .....\u001b[0m\u001b[91m.\u001b[0m\u001b[91m.... ....\u001b[0m\u001b[91m...... 18%\u001b[0m\u001b[91m 75.1M 0s\n   200K ..\u001b[0m\u001b[91m.\u001b[0m\u001b[91m....... .\u001b[0m\u001b[91m........\u001b[0m\u001b[91m.\u001b[0m\u001b[91m ........\u001b[0m\u001b[91m.. ......\u001b[0m\u001b[91m.\u001b[0m\u001b[91m..\u001b[0m\u001b[91m. .....\u001b[0m\u001b[91m..... 22% 1.53M 0s\u001b[0m\u001b[91m\n   250K ...\u001b[0m\u001b[91m.\u001b[0m\u001b[91m...... ..\u001b[0m\u001b[91m........ .\u001b[0m\u001b[91m.........\u001b[0m\u001b[91m .......\u001b[0m\u001b[91m.\u001b[0m\u001b[91m.. ......\u001b[0m\u001b[91m.... 27% 70.0M 0s\n   300K ....\u001b[0m\u001b[91m.\u001b[0m\u001b[91m..... ...\u001b[0m\u001b[91m....... ..\u001b[0m\u001b[91m........\u001b[0m\u001b[91m .........\u001b[0m\u001b[91m. ..........\u001b[0m\u001b[91m 31% 89.4M 0s\n   350K .....\u001b[0m\u001b[91m.\u001b[0m\u001b[91m.... ....\u001b[0m\u001b[91m...... ..\u001b[0m\u001b[91m.\u001b[0m\u001b[91m....... .\u001b[0m\u001b[91m........\u001b[0m\u001b[91m.\u001b[0m\u001b[91m ........\u001b[0m\u001b[91m.. 36% 89.0M 0s\n   400K \u001b[0m\u001b[91m.......\u001b[0m\u001b[91m... .........\u001b[0m\u001b[91m. ....\u001b[0m\u001b[91m...... ..\u001b[0m\u001b[91m....\u001b[0m\u001b[91m....\u001b[0m\u001b[91m .\u001b[0m\u001b[91m........\u001b[0m\u001b[91m. 41% 87.3M 0s\n   450K .......\u001b[0m\u001b[91m.\u001b[0m\u001b[91m.. ......\u001b[0m\u001b[91m.... ....\u001b[0m\u001b[91m.\u001b[0m\u001b[91m..... .......... .\u001b[0m\u001b[91m.\u001b[0m\u001b[91m........ 45% 1.60M 0s\u001b[0m\u001b[91m\n   500K ........\u001b[0m\u001b[91m.\u001b[0m\u001b[91m. .......\u001b[0m\u001b[91m... .....\u001b[0m\u001b[91m.\u001b[0m\u001b[91m.... ....\u001b[0m\u001b[91m...... ...\u001b[0m\u001b[91m....... 50% 75.2M 0s\n   550K .\u001b[0m\u001b[91m........\u001b[0m\u001b[91m.\u001b[0m\u001b[91m ........\u001b[0m\u001b[91m.. ......\u001b[0m\u001b[91m.\u001b[0m\u001b[91m... .....\u001b[0m\u001b[91m..... ...\u001b[0m\u001b[91m.\u001b[0m\u001b[91m...... 54% 72.3M 0s\n   600K ..\u001b[0m\u001b[91m....\u001b[0m\u001b[91m.... .\u001b[0m\u001b[91m......... .......\u001b[0m\u001b[91m.\u001b[0m\u001b[91m.. ......\u001b[0m\u001b[91m.... ....\u001b[0m\u001b[91m.\u001b[0m\u001b[91m..... 59% 76.8M 0s\n   650K .......... .\u001b[0m\u001b[91m.\u001b[0m\u001b[91m........\u001b[0m\u001b[91m ........\u001b[0m\u001b[91m.\u001b[0m\u001b[91m. .......\u001b[0m\u001b[91m... ......\u001b[0m\u001b[91m.... 63% 73.0M 0s\n   700K ....\u001b[0m\u001b[91m...... ..\u001b[0m\u001b[91m.\u001b[0m\u001b[91m....... .\u001b[0m\u001b[91m........\u001b[0m\u001b[91m.\u001b[0m\u001b[91m .......... ......\u001b[0m\u001b[91m.\u001b[0m\u001b[91m... 68% 87.4M 0s\n   750K .....\u001b[0m\u001b[91m..... ...\u001b[0m\u001b[91m.\u001b[0m\u001b[91m...... ..\u001b[0m\u001b[91m........\u001b[0m\u001b[91m .\u001b[0m\u001b[91m........\u001b[0m\u001b[91m. .......\u001b[0m\u001b[91m.\u001b[0m\u001b[91m.. 72% 79.1M 0s\n   800K ......\u001b[0m\u001b[91m.... ....\u001b[0m\u001b[91m.\u001b[0m\u001b[91m..... ...\u001b[0m\u001b[91m....... .\u001b[0m\u001b[91m.\u001b[0m\u001b[91m........\u001b[0m\u001b[91m ........\u001b[0m\u001b[91m.\u001b[0m\u001b[91m. 77% 68.1M 0s\n   850K .......\u001b[0m\u001b[91m... .....\u001b[0m\u001b[91m.\u001b[0m\u001b[91m.... ....\u001b[0m\u001b[91m...... ..\u001b[0m\u001b[91m.\u001b[0m\u001b[91m....... ....\u001b[0m\u001b[91m.....\u001b[0m\u001b[91m. 82% 86.3M 0s\u001b[0m\u001b[91m\n   900K ........\u001b[0m\u001b[91m.. ......\u001b[0m\u001b[91m.\u001b[0m\u001b[91m... .......... ....\u001b[0m\u001b[91m...... .......... 86%\u001b[0m\u001b[91m  118M 0s\u001b[0m\u001b[91m\n   950K .\u001b[0m\u001b[91m........\u001b[0m\u001b[91m. .......\u001b[0m\u001b[91m.\u001b[0m\u001b[91m.. ......\u001b[0m\u001b[91m.... ....\u001b[0m\u001b[91m.\u001b[0m\u001b[91m..... .......... 91% 1.78M 0s\n  1000K ..\u001b[0m\u001b[91m........ ....\u001b[0m\u001b[91m...\u001b[0m\u001b[91m..\u001b[0m\u001b[91m. ..........\u001b[0m\u001b[91m .....\u001b[0m\u001b[91m.\u001b[0m\u001b[91m.... ....\u001b[0m\u001b[91m...... 95% 71.8M 0s\n  1050K ..\u001b[0m\u001b[91m.\u001b[0m\u001b[91m....... .\u001b[0m\u001b[91m........\u001b[0m\u001b[91m.\u001b[0m\u001b[91m ........\u001b[0m\u001b[91m.. .......\u001b[0m\u001b[91m... ......    100% 98.9M=0.2s\u001b[0m\u001b[91m\n\n\u001b[0m\u001b[91m2020-06-30 06:23:40 (5.22 MB/s) - jellyfish-2.2.10.tar.gz saved [1123173/1123173]\n\n\u001b[0mRemoving intermediate container 8b52f7a40edf\n ---> d5ffae69ad03\nStep 5/24 : RUN tar zxf jellyfish-2.2.10.tar.gz && rm -f jellyfish-2.2.10.tar.gz\n ---> Running in 9e0e90601996\nRemoving intermediate container 9e0e90601996\n ---> 7bd8a999da49\nStep 6/24 : RUN cd jellyfish-2.2.10 && ./configure --enable-python-binding && make && make install\n ---> Running in a47c1926e2b4\nchecking build system type... x86_64-unknown-linux-gnu\nchecking host system type... x86_64-unknown-linux-gnu\nchecking for a BSD-compatible install... /usr/bin/install -c\nchecking whether build environment is sane... yes\nchecking for a thread-safe mkdir -p... /bin/mkdir -p\nchecking for gawk... no\nchecking for mawk... mawk\nchecking whether make sets $(MAKE)... yes\nchecking whether make supports nested variables... yes\nchecking whether make supports nested variables... (cached) yes\nchecking how to print strings... printf\nchecking for style of include used by make... GNU\nchecking for gcc... gcc\nchecking whether the C compiler works... yes\nchecking for C compiler default output file name... a.out\nchecking for suffix of executables... \nchecking whether we are cross compiling... no\nchecking for suffix of object files... o\nchecking whether we are using the GNU C compiler... yes\nchecking whether gcc accepts -g... yes\nchecking for gcc option to accept ISO C89... none needed\nchecking whether gcc understands -c and -o together... yes\nchecking dependency style of gcc... gcc3\nchecking for a sed that does not truncate output... /bin/sed\nchecking for grep that handles long lines and -e... /bin/grep\nchecking for egrep... /bin/grep -E\nchecking for fgrep... /bin/grep -F\nchecking for ld used by gcc... /usr/bin/ld\nchecking if the linker (/usr/bin/ld) is GNU ld... yes\nchecking for BSD- or MS-compatible name lister (nm)... /usr/bin/nm -B\nchecking the name lister (/usr/bin/nm -B) interface... BSD nm\nchecking whether ln -s works... yes\nchecking the maximum length of command line arguments... 1572864\nchecking whether the shell understands some XSI constructs... yes\nchecking whether the shell understands \"+=\"... yes\nchecking how to convert x86_64-unknown-linux-gnu file names to x86_64-unknown-linux-gnu format... func_convert_file_noop\nchecking how to convert x86_64-unknown-linux-gnu file names to toolchain format... func_convert_file_noop\nchecking for /usr/bin/ld option to reload object files... -r\nchecking for objdump... objdump\nchecking how to recognize dependent libraries... pass_all\nchecking for dlltool... no\nchecking how to associate runtime and link libraries... printf %s\\n\nchecking for ar... ar\nchecking for archiver @FILE support... @\nchecking for strip... strip\nchecking for ranlib... ranlib\nchecking command to parse /usr/bin/nm -B output from gcc object... ok\nchecking for sysroot... no\nchecking for mt... no\nchecking if : is a manifest tool... no\nchecking how to run the C preprocessor... gcc -E\nchecking for ANSI C header files... yes\nchecking for sys/types.h... yes\nchecking for sys/stat.h... yes\nchecking for stdlib.h... yes\nchecking for string.h... yes\nchecking for memory.h... yes\nchecking for strings.h... yes\nchecking for inttypes.h... yes\nchecking for stdint.h... yes\nchecking for unistd.h... yes\nchecking for dlfcn.h... yes\nchecking for objdir... .libs\nchecking if gcc supports -fno-rtti -fno-exceptions... no\nchecking for gcc option to produce PIC... -fPIC -DPIC\nchecking if gcc PIC flag -fPIC -DPIC works... yes\nchecking if gcc static flag -static works... yes\nchecking if gcc supports -c -o file.o... yes\nchecking if gcc supports -c -o file.o... (cached) yes\nchecking whether the gcc linker (/usr/bin/ld -m elf_x86_64) supports shared libraries... yes\nchecking whether -lc should be explicitly linked in... no\nchecking dynamic linker characteristics... GNU/Linux ld.so\nchecking how to hardcode library paths into programs... immediate\nchecking whether stripping libraries is possible... yes\nchecking if libtool supports shared libraries... yes\nchecking whether to build shared libraries... yes\nchecking whether to build static libraries... yes\nchecking for ld used by gcc... /usr/bin/ld -m elf_x86_64\nchecking if the linker (/usr/bin/ld -m elf_x86_64) is GNU ld... yes\nchecking for shared library run path origin... done\nchecking for pkg-config... /usr/bin/pkg-config\nchecking pkg-config is at least version 0.9.0... yes\nchecking for g++... g++\nchecking whether we are using the GNU C++ compiler... yes\nchecking whether g++ accepts -g... yes\nchecking dependency style of g++... gcc3\nchecking how to run the C++ preprocessor... g++ -E\nchecking for ld used by g++... /usr/bin/ld -m elf_x86_64\nchecking if the linker (/usr/bin/ld -m elf_x86_64) is GNU ld... yes\nchecking whether the g++ linker (/usr/bin/ld -m elf_x86_64) supports shared libraries... yes\nchecking for g++ option to produce PIC... -fPIC -DPIC\nchecking if g++ PIC flag -fPIC -DPIC works... yes\nchecking if g++ static flag -static works... yes\nchecking if g++ supports -c -o file.o... yes\nchecking if g++ supports -c -o file.o... (cached) yes\nchecking whether the g++ linker (/usr/bin/ld -m elf_x86_64) supports shared libraries... yes\nchecking dynamic linker characteristics... (cached) GNU/Linux ld.so\nchecking how to hardcode library paths into programs... immediate\nchecking for HTSLIB... no\nchecking for samtools... no\nchecking for md5sum... md5sum\nchecking for yaggo... false\nchecking for x86 cpuid  output... unknown\nchecking for x86-AVX xgetbv  output... unknown\nchecking for x86 cpuid 0x00000000 output... d:68747541:444d4163:69746e65\nchecking for x86 cpuid 0x80000000 output... 8000001e:68747541:444d4163:69746e65\nchecking for x86 cpuid 0x00000001 output... 600f20:6b100800:3e98320b:178bfbff\nchecking for x86 cpuid 0x00000007 output... 0:8:0:0\nchecking for x86 cpuid 0x80000001 output... 600f20:30000000:1ebbfff:2fd3fbff\nchecking for x86-AVX xgetbv 0x00000000 output... 7:0\nchecking whether RDRND is supported by the processor... no\nchecking whether BMI1 is supported by the processor... yes\nchecking whether BMI1 is supported by the processor and OS... yes\nchecking whether C++ compiler accepts -mbmi... yes\nchecking whether BMI2 is supported by the processor... no\nchecking whether ADX is supported by the processor... no\nchecking whether MPX is supported by the processor... no\nchecking whether PREFETCHWT1 is supported by the processor... no\nchecking whether ABM is supported by the processor... yes\nchecking whether ABM is supported by the processor and OS... yes\nchecking whether C++ compiler accepts -mabm... yes\nchecking whether MMX is supported by the processor... yes\nchecking whether MMX is supported by the processor and OS... yes\nchecking whether C++ compiler accepts -mmmx... yes\nchecking whether SSE is supported by the processor... yes\nchecking whether SSE is supported by the processor and OS... yes\nchecking whether C++ compiler accepts -msse... yes\nchecking whether SSE2 is supported by the processor... yes\nchecking whether SSE2 is supported by the processor and OS... yes\nchecking whether C++ compiler accepts -msse2... yes\nchecking whether SSE3 is supported by the processor... yes\nchecking whether SSE3 is supported by the processor and OS... yes\nchecking whether C++ compiler accepts -msse3... yes\nchecking whether SSSE3 is supported by the processor... yes\nchecking whether SSSE3 is supported by the processor and OS... yes\nchecking whether C++ compiler accepts -mssse3... yes\nchecking whether SSE4.1 is supported by the processor... yes\nchecking whether SSE4.1 is supported by the processor and OS... yes\nchecking whether C++ compiler accepts -msse4.1... yes\nchecking whether SSE4.2 is supported by the processor... yes\nchecking whether SSE4.2 is supported by the processor and OS... yes\nchecking whether C++ compiler accepts -msse4.2... yes\nchecking whether SSE4a is supported by the processor... yes\nchecking whether SSE4a is supported by the processor and OS... yes\nchecking whether C++ compiler accepts -msse4a... yes\nchecking whether SHA is supported by the processor... no\nchecking whether AES is supported by the processor... yes\nchecking whether AES is supported by the processor and OS... yes\nchecking whether C++ compiler accepts -maes... yes\nchecking whether AVX is supported by the processor... yes\nchecking whether AVX is supported by the processor and OS... yes\nchecking whether C++ compiler accepts -mavx... yes\nchecking whether FMA3 is supported by the processor... yes\nchecking whether FMA3 is supported by the processor and OS... yes\nchecking whether C++ compiler accepts -mfma... yes\nchecking whether FMA4 is supported by the processor... yes\nchecking whether FMA4 is supported by the processor and OS... yes\nchecking whether C++ compiler accepts -mfma4... yes\nchecking whether XOP is supported by the processor... yes\nchecking whether XOP is supported by the processor and OS... yes\nchecking whether C++ compiler accepts -mxop... yes\nchecking whether AVX2 is supported by the processor... no\nchecking whether AVX512-F is supported by the processor... no\nchecking whether AVX512-CD is supported by the processor... no\nchecking whether AVX512-PF is supported by the processor... no\nchecking whether AVX512-ER is supported by the processor... no\nchecking whether AVX512-VL is supported by the processor... no\nchecking whether AVX512-BW is supported by the processor... no\nchecking whether AVX512-DQ is supported by the processor... no\nchecking whether AVX512-IFMA is supported by the processor... no\nchecking whether AVX512-VBMI is supported by the processor... no\nchecking for __int128... yes\nchecking for std::numeric_limits<__int128>... no\nchecking for _NSGetExecutablePath... no\nchecking for execinfo.h... yes\nchecking for ext/stdio_filebuf.h... yes\nchecking for sys/syscall.h... yes\nchecking for siginfo_t.si_int... yes\nchecking for python... /usr/bin/python\nchecking for a version of Python >= '2.1.0'... yes\nchecking for the distutils Python package... yes\nchecking for Python include path... -I/usr/include/python2.7\nchecking for Python library path... -L/usr/lib -lpython2.7\nchecking for Python site-packages path... /usr/lib/python2.7/dist-packages\nchecking python extra libraries... -lpthread -ldl  -lutil -lm\nchecking python extra linking flags... -Xlinker -export-dynamic -Wl,-O1 -Wl,-Bsymbolic-functions\nchecking consistency of all components of python development environment... yes\nchecking for posix_memalign... yes\nchecking for aligned_alloc... yes\nchecking that generated files are newer than configure... done\nconfigure: creating ./config.status\nconfig.status: creating Makefile\nconfig.status: creating tests/compat.sh\nconfig.status: creating jellyfish-2.0.pc\nconfig.status: creating config.h\nconfig.status: executing depfiles commands\nconfig.status: executing libtool commands\nmake  all-am\nmake[1]: Entering directory '/jellyfish-2.2.10'\n  CXX      lib/rectangular_binary_matrix.lo\n  CXX      lib/mer_dna.lo\n  CXX      lib/storage.lo\n  CXX      lib/allocators_mmap.lo\n  CXX      lib/misc.lo\n  CXX      lib/int128.lo\n  CXX      lib/thread_exec.lo\n  CXX      lib/jsoncpp.lo\n  CXX      lib/time.lo\n  CXX      lib/generator_manager.lo\n  CXXLD    libjellyfish-2.0.la\n  CXX      swig/python/swig_python__dna_jellyfish_la-swig_wrap.lo\n  CXXLD    swig/python/_dna_jellyfish.la\n  CXX      sub_commands/jellyfish.o\n  CXX      sub_commands/count_main.o\n  CXX      sub_commands/info_main.o\n  CXX      sub_commands/dump_main.o\n  CXX      sub_commands/histo_main.o\n  CXX      sub_commands/stats_main.o\n  CXX      sub_commands/merge_main.o\n  CXX      sub_commands/bc_main.o\n  CXX      sub_commands/query_main.o\n  CXX      sub_commands/cite_main.o\n  CXX      sub_commands/mem_main.o\n  CXX      jellyfish/merge_files.o\n  CXXLD    bin/jellyfish\n  PYTHONC  swig/python/__init__.pyc\nmake[1]: Leaving directory '/jellyfish-2.2.10'\nmake  install-am\nmake[1]: Entering directory '/jellyfish-2.2.10'\nmake[2]: Entering directory '/jellyfish-2.2.10'\n /bin/mkdir -p '/lib'\n /bin/bash ./libtool   --mode=install /usr/bin/install -c   libjellyfish-2.0.la '/lib'\nlibtool: install: /usr/bin/install -c .libs/libjellyfish-2.0.so.2.0.0 /lib/libjellyfish-2.0.so.2.0.0\nlibtool: install: (cd /lib && { ln -s -f libjellyfish-2.0.so.2.0.0 libjellyfish-2.0.so.2 || { rm -f libjellyfish-2.0.so.2 && ln -s libjellyfish-2.0.so.2.0.0 libjellyfish-2.0.so.2; }; })\nlibtool: install: (cd /lib && { ln -s -f libjellyfish-2.0.so.2.0.0 libjellyfish-2.0.so || { rm -f libjellyfish-2.0.so && ln -s libjellyfish-2.0.so.2.0.0 libjellyfish-2.0.so; }; })\nlibtool: install: /usr/bin/install -c .libs/libjellyfish-2.0.lai /lib/libjellyfish-2.0.la\nlibtool: install: /usr/bin/install -c .libs/libjellyfish-2.0.a /lib/libjellyfish-2.0.a\nlibtool: install: chmod 644 /lib/libjellyfish-2.0.a\nlibtool: install: ranlib /lib/libjellyfish-2.0.a\nlibtool: finish: PATH=\"/usr/local/bin:/usr/local/sbin:/usr/local/bin:/usr/sbin:/usr/bin:/sbin:/bin:/sbin\" ldconfig -n /lib\n----------------------------------------------------------------------\nLibraries have been installed in:\n   /lib\n\nIf you ever happen to want to link against installed libraries\nin a given directory, LIBDIR, you must either use libtool, and\nspecify the full pathname of the library, or use the `-LLIBDIR'\nflag during linking and do at least one of the following:\n   - add LIBDIR to the `LD_LIBRARY_PATH' environment variable\n     during execution\n   - add LIBDIR to the `LD_RUN_PATH' environment variable\n     during linking\n   - use the `-Wl,-rpath -Wl,LIBDIR' linker flag\n   - have your system administrator add LIBDIR to `/etc/ld.so.conf'\n\nSee any operating system documentation about shared libraries for\nmore information, such as the ld(1) and ld.so(8) manual pages.\n----------------------------------------------------------------------\n /bin/mkdir -p '/bin'\n  /bin/bash ./libtool   --mode=install /usr/bin/install -c bin/jellyfish '/bin'\nlibtool: install: /usr/bin/install -c bin/.libs/jellyfish /bin/jellyfish\n /bin/mkdir -p '/include/jellyfish-2.2.10/jellyfish'\n /usr/bin/install -c -m 644 include/jellyfish/allocators_mmap.hpp include/jellyfish/backtrace.hpp include/jellyfish/atomic_gcc.hpp include/jellyfish/large_hash_array.hpp include/jellyfish/err.hpp include/jellyfish/misc.hpp include/jellyfish/offsets_key_value.hpp include/jellyfish/int128.hpp include/jellyfish/rectangular_binary_matrix.hpp include/jellyfish/mer_dna.hpp include/jellyfish/storage.hpp include/jellyfish/simple_circular_buffer.hpp include/jellyfish/circular_buffer.hpp include/jellyfish/atomic_field.hpp include/jellyfish/compare_and_swap.hpp include/jellyfish/divisor.hpp include/jellyfish/large_hash_iterator.hpp include/jellyfish/jellyfish.hpp include/jellyfish/thread_exec.hpp include/jellyfish/stream_iterator.hpp include/jellyfish/mer_overlap_sequence_parser.hpp include/jellyfish/whole_sequence_parser.hpp include/jellyfish/parser_common.hpp include/jellyfish/sam_format.hpp include/jellyfish/binary_dumper.hpp include/jellyfish/sorted_dumper.hpp include/jellyfish/text_dumper.hpp include/jellyfish/dumper.hpp include/jellyfish/time.hpp include/jellyfish/mer_heap.hpp include/jellyfish/token_ring.hpp include/jellyfish/locks_pthread.hpp include/jellyfish/file_header.hpp include/jellyfish/generic_file_header.hpp include/jellyfish/json.h include/jellyfish/hash_counter.hpp include/jellyfish/mapped_file.hpp include/jellyfish/mer_dna_bloom_counter.hpp include/jellyfish/bloom_common.hpp include/jellyfish/bloom_counter2.hpp '/include/jellyfish-2.2.10/jellyfish'\n /usr/bin/install -c -m 644 include/jellyfish/bloom_filter.hpp include/jellyfish/cooperative_pool.hpp include/jellyfish/cooperative_pool2.hpp include/jellyfish/stream_manager.hpp include/jellyfish/generator_manager.hpp include/jellyfish/cpp_array.hpp include/jellyfish/mer_iterator.hpp include/jellyfish/atomic_bits_array.hpp include/jellyfish/stdio_filebuf.hpp include/jellyfish/mer_qual_iterator.hpp '/include/jellyfish-2.2.10/jellyfish'\n /bin/mkdir -p '/share/man/man1'\n /usr/bin/install -c -m 644 'doc/jellyfish.man' '/share/man/man1/jellyfish.1'\n /bin/mkdir -p '/lib/pkgconfig'\n /usr/bin/install -c -m 644 jellyfish-2.0.pc '/lib/pkgconfig'\n /bin/mkdir -p '/usr/lib/python2.7/dist-packages/dna_jellyfish'\n /bin/bash ./libtool   --mode=install /usr/bin/install -c   swig/python/_dna_jellyfish.la '/usr/lib/python2.7/dist-packages/dna_jellyfish'\n\u001b[91mlibtool: install: warning: relinking `swig/python/_dna_jellyfish.la'\n\u001b[0mlibtool: install: (cd /jellyfish-2.2.10; /bin/bash /jellyfish-2.2.10/libtool  --silent --tag CXX --mode=relink g++ -std=c++11 -g -O2 -module -o swig/python/_dna_jellyfish.la -rpath /usr/lib/python2.7/dist-packages/dna_jellyfish swig/python/swig_python__dna_jellyfish_la-swig_wrap.lo libjellyfish-2.0.la )\nlibtool: install: /usr/bin/install -c swig/python/.libs/_dna_jellyfish.so.0.0.0T /usr/lib/python2.7/dist-packages/dna_jellyfish/_dna_jellyfish.so.0.0.0\nlibtool: install: (cd /usr/lib/python2.7/dist-packages/dna_jellyfish && { ln -s -f _dna_jellyfish.so.0.0.0 _dna_jellyfish.so.0 || { rm -f _dna_jellyfish.so.0 && ln -s _dna_jellyfish.so.0.0.0 _dna_jellyfish.so.0; }; })\nlibtool: install: (cd /usr/lib/python2.7/dist-packages/dna_jellyfish && { ln -s -f _dna_jellyfish.so.0.0.0 _dna_jellyfish.so || { rm -f _dna_jellyfish.so && ln -s _dna_jellyfish.so.0.0.0 _dna_jellyfish.so; }; })\nlibtool: install: /usr/bin/install -c swig/python/.libs/_dna_jellyfish.lai /usr/lib/python2.7/dist-packages/dna_jellyfish/_dna_jellyfish.la\nlibtool: install: /usr/bin/install -c swig/python/.libs/_dna_jellyfish.a /usr/lib/python2.7/dist-packages/dna_jellyfish/_dna_jellyfish.a\nlibtool: install: chmod 644 /usr/lib/python2.7/dist-packages/dna_jellyfish/_dna_jellyfish.a\nlibtool: install: ranlib /usr/lib/python2.7/dist-packages/dna_jellyfish/_dna_jellyfish.a\nlibtool: finish: PATH=\"/usr/local/bin:/usr/local/sbin:/usr/local/bin:/usr/sbin:/usr/bin:/sbin:/bin:/sbin\" ldconfig -n /usr/lib/python2.7/dist-packages/dna_jellyfish\n----------------------------------------------------------------------\nLibraries have been installed in:\n   /usr/lib/python2.7/dist-packages/dna_jellyfish\n\nIf you ever happen to want to link against installed libraries\nin a given directory, LIBDIR, you must either use libtool, and\nspecify the full pathname of the library, or use the `-LLIBDIR'\nflag during linking and do at least one of the following:\n   - add LIBDIR to the `LD_LIBRARY_PATH' environment variable\n     during execution\n   - add LIBDIR to the `LD_RUN_PATH' environment variable\n     during linking\n   - use the `-Wl,-rpath -Wl,LIBDIR' linker flag\n   - have your system administrator add LIBDIR to `/etc/ld.so.conf'\n\nSee any operating system documentation about shared libraries for\nmore information, such as the ld(1) and ld.so(8) manual pages.\n----------------------------------------------------------------------\n /bin/mkdir -p '/usr/lib/python2.7/dist-packages/dna_jellyfish'\n /usr/bin/install -c swig/python/__init__.pyc '/usr/lib/python2.7/dist-packages/dna_jellyfish'\n /bin/mkdir -p '/usr/lib/python2.7/dist-packages'\n /usr/bin/install -c swig/python/jellyfish.py '/usr/lib/python2.7/dist-packages'\nmake[2]: Leaving directory '/jellyfish-2.2.10'\nmake[1]: Leaving directory '/jellyfish-2.2.10'\nRemoving intermediate container a47c1926e2b4\n ---> d7c708ecfa88\nStep 7/24 : RUN mkdir -p /environments/py3\n ---> Running in b5892df790a9\nRemoving intermediate container b5892df790a9\n ---> 8a2e4e001fbd\nStep 8/24 : RUN python3 -m venv /environments/py3\n ---> Running in a1d3d05aa349\nRemoving intermediate container a1d3d05aa349\n ---> 03b0ec51f24a\nStep 9/24 : ADD requirements.txt /code/requirements.txt\n ---> 45444724126b\nStep 10/24 : ADD unit_test.sh /code/unit_test.sh\n ---> a7744d10af79\nStep 11/24 : RUN bash -c \"source /environments/py3/bin/activate && python -c \\\"import sys; print(sys.version)\\\" && python -m pip install -r /code/requirements.txt\"\n ---> Running in 9b875ba32b80\n3.4.2 (default, Sep 14 2019, 00:52:38) \n[GCC 4.9.2]\nDownloading/unpacking pytest==3.6.2 (from -r /code/requirements.txt (line 1))\nDownloading/unpacking future==0.16.0 (from -r /code/requirements.txt (line 2))\n  Running setup.py (path:/tmp/pip-build-bapwwc4x/future/setup.py) egg_info for package future\n    \n    warning: no files found matching '*.au' under directory 'tests'\n    warning: no files found matching '*.gif' under directory 'tests'\n    warning: no files found matching '*.txt' under directory 'tests'\nDownloading/unpacking more-itertools>=4.0.0 (from pytest==3.6.2->-r /code/requirements.txt (line 1))\nDownloading/unpacking pluggy>=0.5,<0.7 (from pytest==3.6.2->-r /code/requirements.txt (line 1))\n  Downloading pluggy-0.6.0-py3-none-any.whl\nDownloading/unpacking atomicwrites>=1.0 (from pytest==3.6.2->-r /code/requirements.txt (line 1))\n  Downloading atomicwrites-1.4.0-py2.py3-none-any.whl\nRequirement already satisfied (use --upgrade to upgrade): setuptools in /environments/py3/lib/python3.4/site-packages (from pytest==3.6.2->-r /code/requirements.txt (line 1))\nDownloading/unpacking py>=1.5.0 (from pytest==3.6.2->-r /code/requirements.txt (line 1))\nDownloading/unpacking attrs>=17.4.0 (from pytest==3.6.2->-r /code/requirements.txt (line 1))\n  Downloading attrs-19.3.0-py2.py3-none-any.whl\nDownloading/unpacking six>=1.10.0 (from pytest==3.6.2->-r /code/requirements.txt (line 1))\n  Downloading six-1.15.0-py2.py3-none-any.whl\nInstalling collected packages: pytest, future, more-itertools, pluggy, atomicwrites, py, attrs, six\n  Running setup.py install for future\n    \n    warning: no files found matching '*.au' under directory 'tests'\n    warning: no files found matching '*.gif' under directory 'tests'\n    warning: no files found matching '*.txt' under directory 'tests'\n    Installing pasteurize script to /environments/py3/bin\n    Installing futurize script to /environments/py3/bin\n*** Error compiling '/tmp/pip-build-bapwwc4x/more-itertools/more_itertools/more.py'...\n  File \"/tmp/pip-build-bapwwc4x/more-itertools/more_itertools/more.py\", line 2942\n    yield [[e], *p]\n                  ^\nSyntaxError: can use starred expression only as assignment target\n\nSuccessfully installed pytest future more-itertools pluggy atomicwrites py attrs six\nCleaning up...\nRemoving intermediate container 9b875ba32b80\n ---> e4b7e9bcd5b0\nStep 12/24 : RUN bash -c \"source /environments/py3/bin/activate && export PKG_CONFIG_PATH=/jellyfish-2.2.10 && cd /jellyfish-2.2.10/swig/python && python setup.py build && python setup.py install\"\n ---> Running in c87cf8bdb46b\nrunning build\nrunning build_py\ncreating build\ncreating build/lib.linux-x86_64-3.4\ncopying dna_jellyfish.py -> build/lib.linux-x86_64-3.4\nrunning build_ext\nbuilding '_dna_jellyfish' extension\ncreating build/temp.linux-x86_64-3.4\nx86_64-linux-gnu-gcc -pthread -DNDEBUG -g -fwrapv -O2 -Wall -Wstrict-prototypes -g -fstack-protector-strong -Wformat -Werror=format-security -D_FORTIFY_SOURCE=2 -fPIC -I/include/jellyfish-2.2.10 -I/environments/py3/include -I/usr/include/python3.4m -c swig_wrap.cpp -o build/temp.linux-x86_64-3.4/swig_wrap.o -std=c++0x\n\u001b[91mcc1plus: warning: command line option -Wstrict-prototypes is valid for C/ObjC but not for C++\n\u001b[0mx86_64-linux-gnu-g++ -pthread -shared -Wl,-O1 -Wl,-Bsymbolic-functions -Wl,-z,relro -Wl,-z,relro -g -fstack-protector-strong -Wformat -Werror=format-security -D_FORTIFY_SOURCE=2 build/temp.linux-x86_64-3.4/swig_wrap.o -ljellyfish-2.0 -lpthread -o build/lib.linux-x86_64-3.4/_dna_jellyfish.cpython-34m.so\nrunning install\nrunning build\nrunning build_py\nrunning build_ext\nrunning install_lib\ncopying build/lib.linux-x86_64-3.4/dna_jellyfish.py -> /environments/py3/lib/python3.4/site-packages\ncopying build/lib.linux-x86_64-3.4/_dna_jellyfish.cpython-34m.so -> /environments/py3/lib/python3.4/site-packages\nbyte-compiling /environments/py3/lib/python3.4/site-packages/dna_jellyfish.py to dna_jellyfish.cpython-34.pyc\nrunning install_egg_info\nWriting /environments/py3/lib/python3.4/site-packages/dna_jellyfish-0.0.1.egg-info\nRemoving intermediate container c87cf8bdb46b\n ---> d3e7a1433b62\nStep 13/24 : RUN bash -c \"python -c \\\"import sys; print(sys.version)\\\" && python -m pip install -r /code/requirements.txt\"\n ---> Running in 239b234da54c\n2.7.9 (default, Sep 14 2019, 20:00:08) \n[GCC 4.9.2]\nDownloading/unpacking pytest==3.6.2 (from -r /code/requirements.txt (line 1))\nDownloading/unpacking future==0.16.0 (from -r /code/requirements.txt (line 2))\n  Running setup.py (path:/tmp/pip-build-Ayw2ZA/future/setup.py) egg_info for package future\n    \n    warning: no files found matching '*.au' under directory 'tests'\n    warning: no files found matching '*.gif' under directory 'tests'\n    warning: no files found matching '*.txt' under directory 'tests'\nDownloading/unpacking pluggy>=0.5,<0.7 (from pytest==3.6.2->-r /code/requirements.txt (line 1))\n  Downloading pluggy-0.6.0-py2-none-any.whl\nDownloading/unpacking atomicwrites>=1.0 (from pytest==3.6.2->-r /code/requirements.txt (line 1))\n  Downloading atomicwrites-1.4.0-py2.py3-none-any.whl\nDownloading/unpacking funcsigs (from pytest==3.6.2->-r /code/requirements.txt (line 1))\n  Downloading funcsigs-1.0.2-py2.py3-none-any.whl\nDownloading/unpacking py>=1.5.0 (from pytest==3.6.2->-r /code/requirements.txt (line 1))\nRequirement already satisfied (use --upgrade to upgrade): setuptools in /usr/lib/python2.7/dist-packages (from pytest==3.6.2->-r /code/requirements.txt (line 1))\nDownloading/unpacking more-itertools>=4.0.0 (from pytest==3.6.2->-r /code/requirements.txt (line 1))\n  Running setup.py (path:/tmp/pip-build-Ayw2ZA/more-itertools/setup.py) egg_info for package more-itertools\n    Traceback (most recent call last):\n      File \"<string>\", line 17, in <module>\n      File \"/tmp/pip-build-Ayw2ZA/more-itertools/setup.py\", line 5, in <module>\n        from more_itertools import __version__\n      File \"more_itertools/__init__.py\", line 1, in <module>\n        from .more import *  # noqa\n      File \"more_itertools/more.py\", line 161\n        ) from e\n             ^\n    SyntaxError: invalid syntax\n    Complete output from command python setup.py egg_info:\n    Traceback (most recent call last):\n\n  File \"<string>\", line 17, in <module>\n\n  File \"/tmp/pip-build-Ayw2ZA/more-itertools/setup.py\", line 5, in <module>\n\n    from more_itertools import __version__\n\n  File \"more_itertools/__init__.py\", line 1, in <module>\n\n    from .more import *  # noqa\n\n  File \"more_itertools/more.py\", line 161\n\n    ) from e\n\n         ^\n\nSyntaxError: invalid syntax\n\n----------------------------------------\nCleaning up...\nCommand python setup.py egg_info failed with error code 1 in /tmp/pip-build-Ayw2ZA/more-itertools\nStoring debug log for failure in /root/.pip/pip.log",
    "raw_stderr_log": "The command '/bin/sh -c bash -c \"python -c \\\"import sys; print(sys.version)\\\" && python -m pip install -r /code/requirements.txt\"' returned a non-zero code: 1",
    "html_url": "https://github.com/langmead-lab/FORGe",
    "repo_commit": "7fe3d29094b909d0c55ba480dddad58457d27cab",
    "repo_id": 88750231
  }
]