[
  {
    "raw_dockerfile": "FROM ruby:1.9.3\nRUN mkdir -p /usr/src/the-video-store\nWORKDIR /usr/src/the-video-store\nENV RAILS_ENV development\nENV RAILS_SERVE_STATIC_FILES true\nENV RAILS_LOG_TO_STDOUT true\nCOPY Gemfile /usr/src/the-video-store\nCOPY Gemfile.lock /usr/src/the-video-store\nRUN gem install bundler -v '1.17.3'\nRUN bundle install\nCOPY . /usr/src/the-video-store\nRUN mkdir -p public/media/image public/media/video media/image media/video\nRUN printf \"deb http://archive.debian.org/debian/ jessie main\\ndeb-src http://archive.debian.org/debian/ jessie main\\ndeb http://security.debian.org jessie/updates main\\ndeb-src http://security.debian.org jessie/updates main\" > /etc/apt/sources.list\nRUN apt-get update -qq && apt-get install -y sqlite3 vim --no-install-recommends && rm -rf /var/lib/apt/lists/*\nEXPOSE 9393\nCMD [\"bundle\", \"exec\", \"shotgun\", \"--host=0.0.0.0\"]",
    "raw_stdout_log": "Sending build context to Docker daemon  81.41kB\r\r\nStep 1/16 : FROM ruby:1.9.3\n1.9.3: Pulling from library/ruby\na3ed95caeb02: Pulling fs layer\nbac86908ce0f: Pulling fs layer\nb09f24cd3436: Pulling fs layer\neb51437d7378: Pulling fs layer\na8c2a8b7abc6: Pulling fs layer\n6978db43a39a: Pulling fs layer\n3ab7953dcb50: Pulling fs layer\ne19ede738f87: Pulling fs layer\neb51437d7378: Waiting\na8c2a8b7abc6: Waiting\ne19ede738f87: Waiting\n3ab7953dcb50: Waiting\n6978db43a39a: Waiting\na3ed95caeb02: Download complete\na3ed95caeb02: Pull complete\nb09f24cd3436: Verifying Checksum\nb09f24cd3436: Download complete\nbac86908ce0f: Download complete\n6978db43a39a: Verifying Checksum\n6978db43a39a: Download complete\n3ab7953dcb50: Download complete\neb51437d7378: Verifying Checksum\neb51437d7378: Download complete\ne19ede738f87: Verifying Checksum\ne19ede738f87: Download complete\na8c2a8b7abc6: Verifying Checksum\na8c2a8b7abc6: Download complete\nbac86908ce0f: Pull complete\nb09f24cd3436: Pull complete\neb51437d7378: Pull complete\na8c2a8b7abc6: Pull complete\n6978db43a39a: Pull complete\n3ab7953dcb50: Pull complete\ne19ede738f87: Pull complete\nDigest: sha256:c296bd581b8c1ee0585a77cafc0b14342356cea30a10fa2c9f82370909665149\nStatus: Downloaded newer image for ruby:1.9.3\n ---> fdc96adae46d\nStep 2/16 : RUN mkdir -p /usr/src/the-video-store\n ---> Running in cf48469553f8\nRemoving intermediate container cf48469553f8\n ---> 563aa10b16f5\nStep 3/16 : WORKDIR /usr/src/the-video-store\nRemoving intermediate container 0b1b51b7b38d\n ---> a0bee73bf88f\nStep 4/16 : ENV RAILS_ENV development\n ---> Running in 91cc24a9a029\nRemoving intermediate container 91cc24a9a029\n ---> 74cc74cf6d56\nStep 5/16 : ENV RAILS_SERVE_STATIC_FILES true\n ---> Running in 083c1b2129dc\nRemoving intermediate container 083c1b2129dc\n ---> a7496e756bce\nStep 6/16 : ENV RAILS_LOG_TO_STDOUT true\n ---> Running in 5d3aabb0d725\nRemoving intermediate container 5d3aabb0d725\n ---> 7a0624e4a281\nStep 7/16 : COPY Gemfile /usr/src/the-video-store\n ---> 180eddeb46fe\nStep 8/16 : COPY Gemfile.lock /usr/src/the-video-store\n ---> 53c61a56711f\nStep 9/16 : RUN gem install bundler -v '1.17.3'\n ---> Running in d74f9b5bb814\nSuccessfully installed bundler-1.17.3\n1 gem installed\nRemoving intermediate container d74f9b5bb814\n ---> 6666f01c7b2e\nStep 10/16 : RUN bundle install\n ---> Running in 5d8b07a03acd\nDon't run Bundler as root. Bundler can ask for sudo if it is needed, and\ninstalling your bundle as root will break this application for all non-root\nusers on this machine.\nFetching gem metadata from https://rubygems.org/.............\nRubyGems 1.8.23.2 is not threadsafe, so your gems will be installed one at a time. Upgrade to RubyGems 2.1.0 or higher to enable parallel gem installation.\nFetching addressable 2.2.8\nInstalling addressable 2.2.8\nFetching bcrypt-ruby 3.1.1\nInstalling bcrypt-ruby 3.1.1 with native extensions\nUsing bundler 1.17.3\nFetching highline 1.6.19\nInstalling highline 1.6.19\nFetching net-ssh 2.6.8\nInstalling net-ssh 2.6.8\nFetching net-scp 1.1.2\nInstalling net-scp 1.1.2\nFetching net-sftp 2.1.2\nInstalling net-sftp 2.1.2\nFetching net-ssh-gateway 1.2.0\nInstalling net-ssh-gateway 1.2.0\nFetching capistrano 2.14.2\nInstalling capistrano 2.14.2\nFetching dm-core 1.2.0\nInstalling dm-core 1.2.0\nFetching dm-aggregates 1.2.0\nInstalling dm-aggregates 1.2.0\nFetching dm-constraints 1.2.0\nInstalling dm-constraints 1.2.0\nFetching dm-migrations 1.2.0\nInstalling dm-migrations 1.2.0\nFetching fastercsv 1.5.5\nInstalling fastercsv 1.5.5\nFetching json 1.8.0\nInstalling json 1.8.0 with native extensions\nFetching json_pure 1.8.0\nInstalling json_pure 1.8.0\nFetching multi_json 1.7.7\nInstalling multi_json 1.7.7\nFetching dm-serializer 1.2.2\nInstalling dm-serializer 1.2.2\nFetching dm-timestamps 1.2.0\nInstalling dm-timestamps 1.2.0\nFetching dm-transactions 1.2.0\nInstalling dm-transactions 1.2.0\nFetching stringex 1.5.1\nInstalling stringex 1.5.1\nFetching uuidtools 2.1.4\nInstalling uuidtools 2.1.4\nFetching dm-types 1.2.2\nInstalling dm-types 1.2.2\nFetching dm-validations 1.2.0\nInstalling dm-validations 1.2.0\nFetching data_mapper 1.2.0\nInstalling data_mapper 1.2.0\nFetching data_objects 0.10.13\nInstalling data_objects 0.10.13\nFetching dm-do-adapter 1.2.0\nInstalling dm-do-adapter 1.2.0\nFetching do_sqlite3 0.10.13\nInstalling do_sqlite3 0.10.13 with native extensions\nFetching dm-sqlite-adapter 1.2.0\nInstalling dm-sqlite-adapter 1.2.0\nFetching haml 3.1.7\nInstalling haml 3.1.7\nFetching rack 1.5.2\nInstalling rack 1.5.2\nFetching rack-protection 1.5.0\nInstalling rack-protection 1.5.0\nFetching sass 3.2.1\nInstalling sass 3.2.1\nFetching shotgun 0.9\nInstalling shotgun 0.9\nFetching tilt 1.4.1\nInstalling tilt 1.4.1\nFetching sinatra 1.3.5\nInstalling sinatra 1.3.5\nFetching sqlite3 1.3.7\nInstalling sqlite3 1.3.7 with native extensions\nBundle complete! 10 Gemfile dependencies, 37 gems now installed.\nBundled gems are installed into `/usr/local/bundle`\nRemoving intermediate container 5d8b07a03acd\n ---> 7fa4a5af54eb\nStep 11/16 : COPY . /usr/src/the-video-store\n ---> d2330e39facb\nStep 12/16 : RUN mkdir -p public/media/image public/media/video media/image media/video\n ---> Running in 0ce474543161\nRemoving intermediate container 0ce474543161\n ---> 5d092bfbb375\nStep 13/16 : RUN printf \"deb http://archive.debian.org/debian/ jessie main\\ndeb-src http://archive.debian.org/debian/ jessie main\\ndeb http://security.debian.org jessie/updates main\\ndeb-src http://security.debian.org jessie/updates main\" > /etc/apt/sources.list\n ---> Running in 9bc7e6b30d9b\nRemoving intermediate container 9bc7e6b30d9b\n ---> 1cea96caa090\nStep 14/16 : RUN apt-get update -qq && apt-get install -y sqlite3 vim --no-install-recommends && rm -rf /var/lib/apt/lists/*\n ---> Running in 14011f382ac0\n\u001b[91mW: There is no public key available for the following key IDs:\nAA8E81B4331F7F50\nW: GPG error: http://archive.debian.org jessie Release: The following signatures were invalid: KEYEXPIRED 1587841717\n\u001b[0mReading package lists...\nBuilding dependency tree...\nReading state information...\nThe following package was automatically installed and is no longer required:\n  libbison-dev\nUse 'apt-get autoremove' to remove it.\nThe following extra packages will be installed:\n  libgpm2 libsqlite3-0 libsqlite3-dev vim-common vim-runtime\nSuggested packages:\n  gpm sqlite3-doc ctags vim-doc vim-scripts\nThe following NEW packages will be installed:\n  libgpm2 sqlite3 vim vim-common vim-runtime\nThe following packages will be upgraded:\n  libsqlite3-0 libsqlite3-dev\n2 upgraded, 5 newly installed, 0 to remove and 249 not upgraded.\nNeed to get 7303 kB of archives.\nAfter this operation, 29.2 MB of additional disk space will be used.\nWARNING: The following packages cannot be authenticated!\n  libgpm2\n\u001b[91mE: There are problems and -y was used without --force-yes\n\u001b[0m",
    "raw_stderr_log": "The command '/bin/sh -c apt-get update -qq && apt-get install -y sqlite3 vim --no-install-recommends && rm -rf /var/lib/apt/lists/*' returned a non-zero code: 100",
    "html_url": "https://github.com/mweppler/the-video-store",
    "repo_commit": "59a426b5287e1427e43fb4c86b18ae838d5d7fb1",
    "repo_id": 11533751
  },
  {
    "raw_dockerfile": "# ================================\n# Build image\n# ================================\nFROM vapor/swift:latest as build\nWORKDIR /build{{#fluent.db.is_sqlite}}\n\n# Install sqlite3\nRUN apt-get update -y \\\n\t&& apt-get install -y libsqlite3-dev{{/fluent.db.is_sqlite}}\n\n# First just resolve dependencies.\n# This creates a cached layer that can be reused \n# as long as your Package.swift/Package.resolved\n# files do not change.\nCOPY ./Package.* ./\nRUN swift package resolve\n\n# Copy entire repo into container\nCOPY . .\n\n# Compile with optimizations\nRUN swift build \\\n\t--enable-test-discovery \\\n\t-c release \\\n\t-Xswiftc -g\n\n# ================================\n# Run image\n# ================================\nFROM vapor/ubuntu:18.04\nWORKDIR /run\n\n# Copy build artifacts\nCOPY --from=build /build/.build/release /run\n# Copy Swift runtime libraries\nCOPY --from=build /usr/lib/swift/ /usr/lib/swift/\n# Uncomment the next line if you need to load resources from the `Public` directory\n#COPY --from=build /build/Public /run/Public\n\nENTRYPOINT [\"./Run\"]\nCMD [\"serve\", \"--env\", \"production\", \"--hostname\", \"0.0.0.0\"]",
    "raw_stdout_log": "Sending build context to Docker daemon  4.413MB\r\r\nStep 1/13 : FROM vapor/swift:latest as build\nlatest: Pulling from vapor/swift\n5bed26d33875: Pulling fs layer\nf11b29a9c730: Pulling fs layer\n930bda195c84: Pulling fs layer\n78bf9a5ad49e: Pulling fs layer\n31697690bbc4: Pulling fs layer\n4374ec7c5291: Pulling fs layer\ne552e17fc243: Pulling fs layer\nac6aa0a296f6: Pulling fs layer\n31697690bbc4: Waiting\n4374ec7c5291: Waiting\ne552e17fc243: Waiting\nac6aa0a296f6: Waiting\n78bf9a5ad49e: Waiting\n930bda195c84: Verifying Checksum\n930bda195c84: Download complete\nf11b29a9c730: Download complete\n78bf9a5ad49e: Verifying Checksum\n78bf9a5ad49e: Download complete\n5bed26d33875: Verifying Checksum\n5bed26d33875: Download complete\ne552e17fc243: Verifying Checksum\ne552e17fc243: Download complete\nac6aa0a296f6: Verifying Checksum\nac6aa0a296f6: Download complete\n31697690bbc4: Verifying Checksum\n31697690bbc4: Download complete\n5bed26d33875: Pull complete\nf11b29a9c730: Pull complete\n4374ec7c5291: Verifying Checksum\n4374ec7c5291: Download complete\n930bda195c84: Pull complete\n78bf9a5ad49e: Pull complete\n31697690bbc4: Pull complete\n4374ec7c5291: Pull complete\ne552e17fc243: Pull complete\nac6aa0a296f6: Pull complete\nDigest: sha256:be4b15934bf570e27c53d8ddd059bf3e70e49ad299ffd96359f00e90f44f1c39\nStatus: Downloaded newer image for vapor/swift:latest\n ---> e7268f9ded86\nStep 2/13 : WORKDIR /build{{#fluent.db.is_sqlite}}\nRemoving intermediate container d2156dad31f4\n ---> c5f68d9fceb7\nStep 3/13 : RUN apt-get update -y \t&& apt-get install -y libsqlite3-dev{{/fluent.db.is_sqlite}}\n ---> Running in 734e3c7bca65\nGet:1 http://archive.ubuntu.com/ubuntu bionic InRelease [242 kB]\nGet:2 http://security.ubuntu.com/ubuntu bionic-security InRelease [88.7 kB]\nGet:3 http://archive.ubuntu.com/ubuntu bionic-updates InRelease [88.7 kB]\nGet:4 http://archive.ubuntu.com/ubuntu bionic-backports InRelease [74.6 kB]\nGet:5 http://security.ubuntu.com/ubuntu bionic-security/multiverse amd64 Packages [9282 B]\nGet:6 http://security.ubuntu.com/ubuntu bionic-security/universe amd64 Packages [866 kB]\nGet:7 http://archive.ubuntu.com/ubuntu bionic/multiverse amd64 Packages [186 kB]\nGet:8 http://archive.ubuntu.com/ubuntu bionic/restricted amd64 Packages [13.5 kB]\nGet:9 http://archive.ubuntu.com/ubuntu bionic/universe amd64 Packages [11.3 MB]\nGet:10 http://security.ubuntu.com/ubuntu bionic-security/main amd64 Packages [993 kB]\nGet:11 http://security.ubuntu.com/ubuntu bionic-security/restricted amd64 Packages [87.8 kB]\nGet:12 http://archive.ubuntu.com/ubuntu bionic/main amd64 Packages [1344 kB]\nGet:13 http://archive.ubuntu.com/ubuntu bionic-updates/universe amd64 Packages [1404 kB]\nGet:14 http://archive.ubuntu.com/ubuntu bionic-updates/main amd64 Packages [1292 kB]\nGet:15 http://archive.ubuntu.com/ubuntu bionic-updates/restricted amd64 Packages [101 kB]\nGet:16 http://archive.ubuntu.com/ubuntu bionic-updates/multiverse amd64 Packages [13.6 kB]\nGet:17 http://archive.ubuntu.com/ubuntu bionic-backports/main amd64 Packages [8286 B]\nGet:18 http://archive.ubuntu.com/ubuntu bionic-backports/universe amd64 Packages [8158 B]\nFetched 18.2 MB in 4s (4580 kB/s)\nReading package lists...\nReading package lists...\nBuilding dependency tree...\nReading state information...\n\u001b[91mE: Unable to locate package libsqlite3-dev{{\n\u001b[0m",
    "raw_stderr_log": "The command '/bin/sh -c apt-get update -y \t&& apt-get install -y libsqlite3-dev{{/fluent.db.is_sqlite}}' returned a non-zero code: 100",
    "html_url": "https://github.com/vapor/template",
    "repo_commit": "cac348096bcc7d035cef3cbce740eff4014e6855",
    "repo_id": 168351568
  },
  {
    "raw_dockerfile": "FROM microsoft/aspnet:1.0.0-rc1-update1\n\nRUN printf \"deb http://ftp.us.debian.org/debian jessie main\\n\" >> /etc/apt/sources.list\nRUN apt-get -qq update && apt-get install -qqy sqlite3 libsqlite3-dev && rm -rf /var/lib/apt/lists/*\n\nCOPY . /app\nWORKDIR /app\nRUN [\"dnu\", \"restore\"]\n\nEXPOSE 5000/tcp\nENTRYPOINT [\"dnx\", \"-p\", \"project.json\", \"web\"]",
    "raw_stdout_log": "Sending build context to Docker daemon  1.894MB\r\r\nStep 1/8 : FROM microsoft/aspnet:1.0.0-rc1-update1\n1.0.0-rc1-update1: Pulling from microsoft/aspnet\n52747b744e22: Pulling fs layer\na3ed95caeb02: Pulling fs layer\nbcdfa5245946: Pulling fs layer\n50df7d9be93c: Pulling fs layer\n5fc529821ea0: Pulling fs layer\ncf4eb063dcc3: Pulling fs layer\n0bc3f13c0b43: Pulling fs layer\ndd32e1f2fa41: Pulling fs layer\n38ff8c937a4b: Pulling fs layer\na71cbef6eaae: Pulling fs layer\nbcdfa5245946: Waiting\ndd32e1f2fa41: Waiting\n50df7d9be93c: Waiting\ncf4eb063dcc3: Waiting\n0bc3f13c0b43: Waiting\n38ff8c937a4b: Waiting\n5fc529821ea0: Waiting\na71cbef6eaae: Waiting\na3ed95caeb02: Download complete\nbcdfa5245946: Verifying Checksum\nbcdfa5245946: Download complete\n50df7d9be93c: Verifying Checksum\n50df7d9be93c: Download complete\ncf4eb063dcc3: Download complete\n52747b744e22: Verifying Checksum\n52747b744e22: Download complete\ndd32e1f2fa41: Download complete\n38ff8c937a4b: Verifying Checksum\n38ff8c937a4b: Download complete\n0bc3f13c0b43: Verifying Checksum\n0bc3f13c0b43: Download complete\n52747b744e22: Pull complete\na71cbef6eaae: Verifying Checksum\na71cbef6eaae: Download complete\n5fc529821ea0: Verifying Checksum\n5fc529821ea0: Download complete\na3ed95caeb02: Pull complete\nbcdfa5245946: Pull complete\n50df7d9be93c: Pull complete\n5fc529821ea0: Pull complete\ncf4eb063dcc3: Pull complete\n0bc3f13c0b43: Pull complete\ndd32e1f2fa41: Pull complete\n38ff8c937a4b: Pull complete\na71cbef6eaae: Pull complete\nDigest: sha256:6d871fafca6d465cb7cbc81fb34700578832185aa6519d4d1e0566059dc517ff\nStatus: Downloaded newer image for microsoft/aspnet:1.0.0-rc1-update1\n ---> 9b30096acf1b\nStep 2/8 : RUN printf \"deb http://ftp.us.debian.org/debian jessie main\\n\" >> /etc/apt/sources.list\n ---> Running in 1d5b48e3d571\nRemoving intermediate container 1d5b48e3d571\n ---> 6c461ffb0667\nStep 3/8 : RUN apt-get -qq update && apt-get install -qqy sqlite3 libsqlite3-dev && rm -rf /var/lib/apt/lists/*\n ---> Running in 32d1ac7aeadd\n\u001b[91mW: Conflicting distribution: http://download.mono-project.com wheezy/snapshots/4.0.0 Release (expected wheezy/snapshots but got wheezy)\nW: Failed to fetch http://security.debian.org/dists/wheezy/updates/main/binary-amd64/Packages  404  Not Found [IP: 151.101.192.204 80]\n\nW: Failed to fetch http://httpredir.debian.org/debian/dists/wheezy/main/binary-amd64/Packages  404  Not Found\n\nW: Failed to fetch http://httpredir.debian.org/debian/dists/wheezy-updates/main/binary-amd64/Packages  404  Not Found\n\nE: Some index files failed to download. They have been ignored, or old ones used instead.\n\u001b[0m",
    "raw_stderr_log": "The command '/bin/sh -c apt-get -qq update && apt-get install -qqy sqlite3 libsqlite3-dev && rm -rf /var/lib/apt/lists/*' returned a non-zero code: 100",
    "html_url": "https://github.com/gbdrm/HabraQuest",
    "repo_commit": "762ef4215e7710c2a537416607a04f274e443947",
    "repo_id": 30458451
  },
  {
    "raw_dockerfile": "FROM microsoft/aspnet:1.0.0-rc1-update1\n\nRUN printf \"deb http://ftp.us.debian.org/debian jessie main\\n\" >> /etc/apt/sources.list\nRUN apt-get -qq update && apt-get install -qqy sqlite3 libsqlite3-dev && rm -rf /var/lib/apt/lists/*\n\nCOPY . /app\nWORKDIR /app\nRUN [\"dnu\", \"restore\"]\n\nEXPOSE 5000/tcp\nENTRYPOINT [\"dnx\", \"-p\", \"project.json\", \"web\"]",
    "raw_stdout_log": "Sending build context to Docker daemon  91.65kB\r\r\nStep 1/8 : FROM microsoft/aspnet:1.0.0-rc1-update1\n1.0.0-rc1-update1: Pulling from microsoft/aspnet\n52747b744e22: Pulling fs layer\na3ed95caeb02: Pulling fs layer\nbcdfa5245946: Pulling fs layer\n50df7d9be93c: Pulling fs layer\n5fc529821ea0: Pulling fs layer\ncf4eb063dcc3: Pulling fs layer\n0bc3f13c0b43: Pulling fs layer\nbcdfa5245946: Waiting\n5fc529821ea0: Waiting\ndd32e1f2fa41: Pulling fs layer\ncf4eb063dcc3: Waiting\n38ff8c937a4b: Pulling fs layer\na71cbef6eaae: Pulling fs layer\ndd32e1f2fa41: Waiting\n38ff8c937a4b: Waiting\na71cbef6eaae: Waiting\na3ed95caeb02: Download complete\nbcdfa5245946: Verifying Checksum\nbcdfa5245946: Download complete\n50df7d9be93c: Verifying Checksum\n50df7d9be93c: Download complete\n52747b744e22: Verifying Checksum\n52747b744e22: Download complete\ncf4eb063dcc3: Verifying Checksum\ncf4eb063dcc3: Download complete\ndd32e1f2fa41: Download complete\n38ff8c937a4b: Verifying Checksum\n38ff8c937a4b: Download complete\na71cbef6eaae: Verifying Checksum\n0bc3f13c0b43: Verifying Checksum\n5fc529821ea0: Verifying Checksum\n5fc529821ea0: Download complete\n52747b744e22: Pull complete\na3ed95caeb02: Pull complete\nbcdfa5245946: Pull complete\n50df7d9be93c: Pull complete\n5fc529821ea0: Pull complete\ncf4eb063dcc3: Pull complete\n0bc3f13c0b43: Pull complete\ndd32e1f2fa41: Pull complete\n38ff8c937a4b: Pull complete\na71cbef6eaae: Pull complete\nDigest: sha256:6d871fafca6d465cb7cbc81fb34700578832185aa6519d4d1e0566059dc517ff\nStatus: Downloaded newer image for microsoft/aspnet:1.0.0-rc1-update1\n ---> 9b30096acf1b\nStep 2/8 : RUN printf \"deb http://ftp.us.debian.org/debian jessie main\\n\" >> /etc/apt/sources.list\n ---> Running in b91425af55bf\nRemoving intermediate container b91425af55bf\n ---> 9d26a2a663eb\nStep 3/8 : RUN apt-get -qq update && apt-get install -qqy sqlite3 libsqlite3-dev && rm -rf /var/lib/apt/lists/*\n ---> Running in 7c0355ecb3ee\n\u001b[91mW: Conflicting distribution: http://download.mono-project.com wheezy/snapshots/4.0.0 Release (expected wheezy/snapshots but got wheezy)\nW: Failed to fetch http://security.debian.org/dists/wheezy/updates/main/binary-amd64/Packages  404  Not Found [IP: 151.101.64.204 80]\n\nW: Failed to fetch http://httpredir.debian.org/debian/dists/wheezy/main/binary-amd64/Packages  404  Not Found\n\nW: Failed to fetch http://httpredir.debian.org/debian/dists/wheezy-updates/main/binary-amd64/Packages  404  Not Found\n\nE: Some index files failed to download. They have been ignored, or old ones used instead.\n\u001b[0m",
    "raw_stderr_log": "The command '/bin/sh -c apt-get -qq update && apt-get install -qqy sqlite3 libsqlite3-dev && rm -rf /var/lib/apt/lists/*' returned a non-zero code: 100",
    "html_url": "https://github.com/nicolastakashi/bearer-authentication-aspnet-core",
    "repo_commit": "cebeda906e63fd204f6e8a288978e609cd6b79d1",
    "repo_id": 55113016
  },
  {
    "raw_dockerfile": "FROM microsoft/aspnet:1.0.0-rc1-update1\n\nRUN printf \"deb http://ftp.us.debian.org/debian jessie main\\n\" >> /etc/apt/sources.list\nRUN apt-get -qq update && apt-get install -qqy sqlite3 libsqlite3-dev && rm -rf /var/lib/apt/lists/*\n\nCOPY . /app\nWORKDIR /app\nRUN [\"dnu\", \"restore\"]\n\nEXPOSE 5000/tcp\nENTRYPOINT [\"dnx\", \"-p\", \"project.json\", \"web\"]",
    "raw_stdout_log": "Sending build context to Docker daemon  15.03MB\r\r\nStep 1/8 : FROM microsoft/aspnet:1.0.0-rc1-update1\n1.0.0-rc1-update1: Pulling from microsoft/aspnet\n52747b744e22: Pulling fs layer\na3ed95caeb02: Pulling fs layer\nbcdfa5245946: Pulling fs layer\n50df7d9be93c: Pulling fs layer\n5fc529821ea0: Pulling fs layer\ncf4eb063dcc3: Pulling fs layer\n0bc3f13c0b43: Pulling fs layer\ndd32e1f2fa41: Pulling fs layer\n38ff8c937a4b: Pulling fs layer\n50df7d9be93c: Waiting\n0bc3f13c0b43: Waiting\n5fc529821ea0: Waiting\nbcdfa5245946: Waiting\ndd32e1f2fa41: Waiting\ncf4eb063dcc3: Waiting\na71cbef6eaae: Pulling fs layer\n38ff8c937a4b: Waiting\na71cbef6eaae: Waiting\na3ed95caeb02: Verifying Checksum\na3ed95caeb02: Download complete\nbcdfa5245946: Verifying Checksum\nbcdfa5245946: Download complete\n50df7d9be93c: Verifying Checksum\n50df7d9be93c: Download complete\n52747b744e22: Verifying Checksum\n52747b744e22: Download complete\ncf4eb063dcc3: Verifying Checksum\ncf4eb063dcc3: Download complete\ndd32e1f2fa41: Verifying Checksum\ndd32e1f2fa41: Download complete\n0bc3f13c0b43: Verifying Checksum\n0bc3f13c0b43: Download complete\n38ff8c937a4b: Download complete\na71cbef6eaae: Verifying Checksum\na71cbef6eaae: Download complete\n5fc529821ea0: Verifying Checksum\n5fc529821ea0: Download complete\n52747b744e22: Pull complete\na3ed95caeb02: Pull complete\nbcdfa5245946: Pull complete\n50df7d9be93c: Pull complete\n5fc529821ea0: Pull complete\ncf4eb063dcc3: Pull complete\n0bc3f13c0b43: Pull complete\ndd32e1f2fa41: Pull complete\n38ff8c937a4b: Pull complete\na71cbef6eaae: Pull complete\nDigest: sha256:6d871fafca6d465cb7cbc81fb34700578832185aa6519d4d1e0566059dc517ff\nStatus: Downloaded newer image for microsoft/aspnet:1.0.0-rc1-update1\n ---> 9b30096acf1b\nStep 2/8 : RUN printf \"deb http://ftp.us.debian.org/debian jessie main\\n\" >> /etc/apt/sources.list\n ---> Running in 037e7237c751\nRemoving intermediate container 037e7237c751\n ---> aa95693dc306\nStep 3/8 : RUN apt-get -qq update && apt-get install -qqy sqlite3 libsqlite3-dev && rm -rf /var/lib/apt/lists/*\n ---> Running in 63552e8dff29\n\u001b[91mW: Conflicting distribution: http://download.mono-project.com wheezy/snapshots/4.0.0 Release (expected wheezy/snapshots but got wheezy)\nW: Failed to fetch http://security.debian.org/dists/wheezy/updates/main/binary-amd64/Packages  404  Not Found [IP: 151.101.192.204 80]\n\nW: Failed to fetch http://httpredir.debian.org/debian/dists/wheezy/main/binary-amd64/Packages  404  Not Found\n\nW: Failed to fetch http://httpredir.debian.org/debian/dists/wheezy-updates/main/binary-amd64/Packages  404  Not Found\n\nE: Some index files failed to download. They have been ignored, or old ones used instead.\n\u001b[0m",
    "raw_stderr_log": "The command '/bin/sh -c apt-get -qq update && apt-get install -qqy sqlite3 libsqlite3-dev && rm -rf /var/lib/apt/lists/*' returned a non-zero code: 100",
    "html_url": "https://github.com/MattConrad/Quill",
    "repo_commit": "5d3bc9fc23c08ad8003bf13b9080f41c8978d8e8",
    "repo_id": 56880115
  },
  {
    "raw_dockerfile": "FROM gcc:latest\n\n# If host is running squid-deb-proxy on port 8000, populate /etc/apt/apt.conf.d/30proxy\n# By default, squid-deb-proxy 403s unknown sources, so apt shouldn't proxy ppa.launchpad.net\nRUN route -n | awk '/^0.0.0.0/ {print $2}' > /tmp/host_ip.txt\nRUN echo \"HEAD /\" | nc `cat /tmp/host_ip.txt` 8000 | grep squid-deb-proxy \\\n  && (echo \"Acquire::http::Proxy \\\"http://$(cat /tmp/host_ip.txt):8000\\\";\" > /etc/apt/apt.conf.d/30proxy) \\\n  && (echo \"Acquire::http::Proxy::ppa.launchpad.net DIRECT;\" >> /etc/apt/apt.conf.d/30proxy) \\\n  || echo \"No squid-deb-proxy detected on docker host\"\n\nRUN apt-get -qq update && apt-get -qq upgrade && apt-get -qqy install cmake libboost-all-dev sqlite3\n\nWORKDIR /tmp/recast\nRUN rm -rf /tmp/recast/*\nCOPY . .\n\nRUN mkdir build && cd build && cmake .. && make -j$(nproc)",
    "raw_stdout_log": "Sending build context to Docker daemon  128.6MB\r\r\nStep 1/8 : FROM gcc:latest\nlatest: Pulling from library/gcc\ne9afc4f90ab0: Already exists\n989e6b19a265: Already exists\naf14b6c2f878: Already exists\n5573c4b30949: Already exists\n11a88e764313: Already exists\ne2983d3e9d87: Pulling fs layer\nb73e08d8a550: Pulling fs layer\nef564e387869: Pulling fs layer\n2645c37e0992: Pulling fs layer\n2645c37e0992: Waiting\ne2983d3e9d87: Verifying Checksum\nef564e387869: Download complete\n2645c37e0992: Verifying Checksum\n2645c37e0992: Download complete\nb73e08d8a550: Verifying Checksum\nb73e08d8a550: Download complete\ne2983d3e9d87: Pull complete\nb73e08d8a550: Pull complete\nef564e387869: Pull complete\n2645c37e0992: Pull complete\nDigest: sha256:02b1fc7bb48417e09574ad2dfbe6ea75c2f3637650068509ba4d4c3ebe199e40\nStatus: Downloaded newer image for gcc:latest\n ---> bc5ad1c431b4\nStep 2/8 : RUN route -n | awk '/^0.0.0.0/ {print $2}' > /tmp/host_ip.txt\n ---> Running in e610fb20efcf\n\u001b[91m/bin/sh: 1: route: not found\n\u001b[0mRemoving intermediate container e610fb20efcf\n ---> aeb7ed560be0\nStep 3/8 : RUN echo \"HEAD /\" | nc `cat /tmp/host_ip.txt` 8000 | grep squid-deb-proxy   && (echo \"Acquire::http::Proxy \\\"http://$(cat /tmp/host_ip.txt):8000\\\";\" > /etc/apt/apt.conf.d/30proxy)   && (echo \"Acquire::http::Proxy::ppa.launchpad.net DIRECT;\" >> /etc/apt/apt.conf.d/30proxy)   || echo \"No squid-deb-proxy detected on docker host\"\n ---> Running in f385c5552b5f\n\u001b[91m/bin/sh: 1: nc: not found\n\u001b[0mNo squid-deb-proxy detected on docker host\nRemoving intermediate container f385c5552b5f\n ---> 95443b46c44d\nStep 4/8 : RUN apt-get -qq update && apt-get -qq upgrade && apt-get -qqy install cmake libboost-all-dev sqlite3\n ---> Running in bd90289e1d70\n\u001b[91mdebconf: delaying package configuration, since apt-utils is not installed\n\u001b[0m(Reading database ... \r(Reading database ... 5%\r(Reading database ... 10%\r(Reading database ... 15%\r(Reading database ... 20%\r(Reading database ... 25%\r(Reading database ... 30%\r(Reading database ... 35%\r(Reading database ... 40%\r(Reading database ... 45%\r(Reading database ... 50%\r(Reading database ... 55%\r(Reading database ... 60%\r(Reading database ... 65%\r(Reading database ... 70%\r(Reading database ... 75%\r(Reading database ... 80%\r(Reading database ... 85%\r(Reading database ... 90%\r(Reading database ... 95%\r(Reading database ... 100%\r(Reading database ... 23981 files and directories currently installed.)\r\nPreparing to unpack .../linux-libc-dev_4.19.118-2+deb10u1_amd64.deb ...\r\nUnpacking linux-libc-dev:amd64 (4.19.118-2+deb10u1) over (4.19.118-2) ...\r\nSetting up linux-libc-dev:amd64 (4.19.118-2+deb10u1) ...\r\n\u001b[91mdebconf: delaying package configuration, since apt-utils is not installed\n\u001b[0mSelecting previously unselected package cmake-data.\r\n(Reading database ... \r(Reading database ... 5%\r(Reading database ... 10%\r(Reading database ... 15%\r(Reading database ... 20%\r(Reading database ... 25%\r(Reading database ... 30%\r(Reading database ... 35%\r(Reading database ... 40%\r(Reading database ... 45%\r(Reading database ... 50%\r(Reading database ... 55%\r(Reading database ... 60%\r(Reading database ... 65%\r(Reading database ... 70%\r(Reading database ... 75%\r(Reading database ... 80%\r(Reading database ... 85%\r(Reading database ... 90%\r(Reading database ... 95%\r(Reading database ... 100%\r(Reading database ... 23981 files and directories currently installed.)\r\nPreparing to unpack .../000-cmake-data_3.13.4-1_all.deb ...\r\nUnpacking cmake-data (3.13.4-1) ...\r\nSelecting previously unselected package libarchive13:amd64.\r\nPreparing to unpack .../001-libarchive13_3.3.3-4+deb10u1_amd64.deb ...\r\nUnpacking libarchive13:amd64 (3.3.3-4+deb10u1) ...\r\nSelecting previously unselected package libjsoncpp1:amd64.\r\nPreparing to unpack .../002-libjsoncpp1_1.7.4-3_amd64.deb ...\r\nUnpacking libjsoncpp1:amd64 (1.7.4-3) ...\r\nSelecting previously unselected package librhash0:amd64.\r\nPreparing to unpack .../003-librhash0_1.3.8-1_amd64.deb ...\r\nUnpacking librhash0:amd64 (1.3.8-1) ...\r\nSelecting previously unselected package libuv1:amd64.\r\nPreparing to unpack .../004-libuv1_1.24.1-1_amd64.deb ...\r\nUnpacking libuv1:amd64 (1.24.1-1) ...\r\nSelecting previously unselected package cmake.\r\nPreparing to unpack .../005-cmake_3.13.4-1_amd64.deb ...\r\nUnpacking cmake (3.13.4-1) ...\r\nSelecting previously unselected package dh-python.\r\nPreparing to unpack .../006-dh-python_3.20190308_all.deb ...\r\nUnpacking dh-python (3.20190308) ...\r\nSelecting previously unselected package libgfortran5:amd64.\r\nPreparing to unpack .../007-libgfortran5_8.3.0-6_amd64.deb ...\r\nUnpacking libgfortran5:amd64 (8.3.0-6) ...\r\nSelecting previously unselected package libgfortran-8-dev:amd64.\r\nPreparing to unpack .../008-libgfortran-8-dev_8.3.0-6_amd64.deb ...\r\nUnpacking libgfortran-8-dev:amd64 (8.3.0-6) ...\r\nSelecting previously unselected package gfortran-8.\r\nPreparing to unpack .../009-gfortran-8_8.3.0-6_amd64.deb ...\r\nUnpacking gfortran-8 (8.3.0-6) ...\r\nSelecting previously unselected package gfortran.\r\nPreparing to unpack .../010-gfortran_4%3a8.3.0-1_amd64.deb ...\r\nUnpacking gfortran (4:8.3.0-1) ...\r\nSelecting previously unselected package libnl-3-200:amd64.\r\nPreparing to unpack .../011-libnl-3-200_3.4.0-1_amd64.deb ...\r\nUnpacking libnl-3-200:amd64 (3.4.0-1) ...\r\nSelecting previously unselected package libnl-route-3-200:amd64.\r\nPreparing to unpack .../012-libnl-route-3-200_3.4.0-1_amd64.deb ...\r\nUnpacking libnl-route-3-200:amd64 (3.4.0-1) ...\r\nSelecting previously unselected package libibverbs1:amd64.\r\nPreparing to unpack .../013-libibverbs1_22.1-1_amd64.deb ...\r\nUnpacking libibverbs1:amd64 (22.1-1) ...\r\nSelecting previously unselected package ibverbs-providers:amd64.\r\nPreparing to unpack .../014-ibverbs-providers_22.1-1_amd64.deb ...\r\nUnpacking ibverbs-providers:amd64 (22.1-1) ...\r\nSelecting previously unselected package libboost1.67-dev:amd64.\r\nPreparing to unpack .../015-libboost1.67-dev_1.67.0-13+deb10u1_amd64.deb ...\r\nUnpacking libboost1.67-dev:amd64 (1.67.0-13+deb10u1) ...\r\nSelecting previously unselected package libboost-dev:amd64.\r\nPreparing to unpack .../016-libboost-dev_1.67.0.1_amd64.deb ...\r\nUnpacking libboost-dev:amd64 (1.67.0.1) ...\r\nSelecting previously unselected package libboost1.67-tools-dev.\r\nPreparing to unpack .../017-libboost1.67-tools-dev_1.67.0-13+deb10u1_amd64.deb ...\r\nUnpacking libboost1.67-tools-dev (1.67.0-13+deb10u1) ...\r\nSelecting previously unselected package libboost-tools-dev.\r\nPreparing to unpack .../018-libboost-tools-dev_1.67.0.1_amd64.deb ...\r\nUnpacking libboost-tools-dev (1.67.0.1) ...\r\nSelecting previously unselected package libboost-atomic1.67.0:amd64.\r\nPreparing to unpack .../019-libboost-atomic1.67.0_1.67.0-13+deb10u1_amd64.deb ...\r\nUnpacking libboost-atomic1.67.0:amd64 (1.67.0-13+deb10u1) ...\r\nSelecting previously unselected package libboost-atomic1.67-dev:amd64.\r\nPreparing to unpack .../020-libboost-atomic1.67-dev_1.67.0-13+deb10u1_amd64.deb ...\r\nUnpacking libboost-atomic1.67-dev:amd64 (1.67.0-13+deb10u1) ...\r\nSelecting previously unselected package libboost-atomic-dev:amd64.\r\nPreparing to unpack .../021-libboost-atomic-dev_1.67.0.1_amd64.deb ...\r\nUnpacking libboost-atomic-dev:amd64 (1.67.0.1) ...\r\nSelecting previously unselected package libboost-system1.67.0:amd64.\r\nPreparing to unpack .../022-libboost-system1.67.0_1.67.0-13+deb10u1_amd64.deb ...\r\nUnpacking libboost-system1.67.0:amd64 (1.67.0-13+deb10u1) ...\r\nSelecting previously unselected package libboost-chrono1.67.0:amd64.\r\nPreparing to unpack .../023-libboost-chrono1.67.0_1.67.0-13+deb10u1_amd64.deb ...\r\nUnpacking libboost-chrono1.67.0:amd64 (1.67.0-13+deb10u1) ...\r\nSelecting previously unselected package libboost-chrono1.67-dev:amd64.\r\nPreparing to unpack .../024-libboost-chrono1.67-dev_1.67.0-13+deb10u1_amd64.deb ...\r\nUnpacking libboost-chrono1.67-dev:amd64 (1.67.0-13+deb10u1) ...\r\nSelecting previously unselected package libboost-chrono-dev:amd64.\r\nPreparing to unpack .../025-libboost-chrono-dev_1.67.0.1_amd64.deb ...\r\nUnpacking libboost-chrono-dev:amd64 (1.67.0.1) ...\r\nSelecting previously unselected package libboost-container1.67.0:amd64.\r\nPreparing to unpack .../026-libboost-container1.67.0_1.67.0-13+deb10u1_amd64.deb ...\r\nUnpacking libboost-container1.67.0:amd64 (1.67.0-13+deb10u1) ...\r\nSelecting previously unselected package libboost-container1.67-dev:amd64.\r\nPreparing to unpack .../027-libboost-container1.67-dev_1.67.0-13+deb10u1_amd64.deb ...\r\nUnpacking libboost-container1.67-dev:amd64 (1.67.0-13+deb10u1) ...\r\nSelecting previously unselected package libboost-container-dev:amd64.\r\nPreparing to unpack .../028-libboost-container-dev_1.67.0.1_amd64.deb ...\r\nUnpacking libboost-container-dev:amd64 (1.67.0.1) ...\r\nSelecting previously unselected package libboost-context1.67.0:amd64.\r\nPreparing to unpack .../029-libboost-context1.67.0_1.67.0-13+deb10u1_amd64.deb ...\r\nUnpacking libboost-context1.67.0:amd64 (1.67.0-13+deb10u1) ...\r\nSelecting previously unselected package libboost-context1.67-dev:amd64.\r\nPreparing to unpack .../030-libboost-context1.67-dev_1.67.0-13+deb10u1_amd64.deb ...\r\nUnpacking libboost-context1.67-dev:amd64 (1.67.0-13+deb10u1) ...\r\nSelecting previously unselected package libboost-context-dev:amd64.\r\nPreparing to unpack .../031-libboost-context-dev_1.67.0.1_amd64.deb ...\r\nUnpacking libboost-context-dev:amd64 (1.67.0.1) ...\r\nSelecting previously unselected package libboost-thread1.67.0:amd64.\r\nPreparing to unpack .../032-libboost-thread1.67.0_1.67.0-13+deb10u1_amd64.deb ...\r\nUnpacking libboost-thread1.67.0:amd64 (1.67.0-13+deb10u1) ...\r\nSelecting previously unselected package libboost-coroutine1.67.0:amd64.\r\nPreparing to unpack .../033-libboost-coroutine1.67.0_1.67.0-13+deb10u1_amd64.deb ...\r\nUnpacking libboost-coroutine1.67.0:amd64 (1.67.0-13+deb10u1) ...\r\nSelecting previously unselected package libboost-coroutine1.67-dev:amd64.\r\nPreparing to unpack .../034-libboost-coroutine1.67-dev_1.67.0-13+deb10u1_amd64.deb ...\r\nUnpacking libboost-coroutine1.67-dev:amd64 (1.67.0-13+deb10u1) ...\r\nSelecting previously unselected package libboost-coroutine-dev:amd64.\r\nPreparing to unpack .../035-libboost-coroutine-dev_1.67.0.1_amd64.deb ...\r\nUnpacking libboost-coroutine-dev:amd64 (1.67.0.1) ...\r\nSelecting previously unselected package libboost-date-time1.67.0:amd64.\r\nPreparing to unpack .../036-libboost-date-time1.67.0_1.67.0-13+deb10u1_amd64.deb ...\r\nUnpacking libboost-date-time1.67.0:amd64 (1.67.0-13+deb10u1) ...\r\nSelecting previously unselected package libboost-serialization1.67.0:amd64.\r\nPreparing to unpack .../037-libboost-serialization1.67.0_1.67.0-13+deb10u1_amd64.deb ...\r\nUnpacking libboost-serialization1.67.0:amd64 (1.67.0-13+deb10u1) ...\r\nSelecting previously unselected package libboost-serialization1.67-dev:amd64.\r\nPreparing to unpack .../038-libboost-serialization1.67-dev_1.67.0-13+deb10u1_amd64.deb ...\r\nUnpacking libboost-serialization1.67-dev:amd64 (1.67.0-13+deb10u1) ...\r\nSelecting previously unselected package libboost-date-time1.67-dev:amd64.\r\nPreparing to unpack .../039-libboost-date-time1.67-dev_1.67.0-13+deb10u1_amd64.deb ...\r\nUnpacking libboost-date-time1.67-dev:amd64 (1.67.0-13+deb10u1) ...\r\nSelecting previously unselected package libboost-date-time-dev:amd64.\r\nPreparing to unpack .../040-libboost-date-time-dev_1.67.0.1_amd64.deb ...\r\nUnpacking libboost-date-time-dev:amd64 (1.67.0.1) ...\r\nSelecting previously unselected package libboost-exception1.67-dev:amd64.\r\nPreparing to unpack .../041-libboost-exception1.67-dev_1.67.0-13+deb10u1_amd64.deb ...\r\nUnpacking libboost-exception1.67-dev:amd64 (1.67.0-13+deb10u1) ...\r\nSelecting previously unselected package libboost-exception-dev:amd64.\r\nPreparing to unpack .../042-libboost-exception-dev_1.67.0.1_amd64.deb ...\r\nUnpacking libboost-exception-dev:amd64 (1.67.0.1) ...\r\nSelecting previously unselected package libboost-filesystem1.67.0:amd64.\r\nPreparing to unpack .../043-libboost-filesystem1.67.0_1.67.0-13+deb10u1_amd64.deb ...\r\nUnpacking libboost-filesystem1.67.0:amd64 (1.67.0-13+deb10u1) ...\r\nSelecting previously unselected package libboost-fiber1.67.0:amd64.\r\nPreparing to unpack .../044-libboost-fiber1.67.0_1.67.0-13+deb10u1_amd64.deb ...\r\nUnpacking libboost-fiber1.67.0:amd64 (1.67.0-13+deb10u1) ...\r\nSelecting previously unselected package libboost-fiber1.67-dev:amd64.\r\nPreparing to unpack .../045-libboost-fiber1.67-dev_1.67.0-13+deb10u1_amd64.deb ...\r\nUnpacking libboost-fiber1.67-dev:amd64 (1.67.0-13+deb10u1) ...\r\nSelecting previously unselected package libboost-fiber-dev:amd64.\r\nPreparing to unpack .../046-libboost-fiber-dev_1.67.0.1_amd64.deb ...\r\nUnpacking libboost-fiber-dev:amd64 (1.67.0.1) ...\r\nSelecting previously unselected package libboost-system1.67-dev:amd64.\r\nPreparing to unpack .../047-libboost-system1.67-dev_1.67.0-13+deb10u1_amd64.deb ...\r\nUnpacking libboost-system1.67-dev:amd64 (1.67.0-13+deb10u1) ...\r\nSelecting previously unselected package libboost-filesystem1.67-dev:amd64.\r\nPreparing to unpack .../048-libboost-filesystem1.67-dev_1.67.0-13+deb10u1_amd64.deb ...\r\nUnpacking libboost-filesystem1.67-dev:amd64 (1.67.0-13+deb10u1) ...\r\nSelecting previously unselected package libboost-filesystem-dev:amd64.\r\nPreparing to unpack .../049-libboost-filesystem-dev_1.67.0.1_amd64.deb ...\r\nUnpacking libboost-filesystem-dev:amd64 (1.67.0.1) ...\r\nSelecting previously unselected package libboost-regex1.67.0:amd64.\r\nPreparing to unpack .../050-libboost-regex1.67.0_1.67.0-13+deb10u1_amd64.deb ...\r\nUnpacking libboost-regex1.67.0:amd64 (1.67.0-13+deb10u1) ...\r\nSelecting previously unselected package libboost-graph1.67.0:amd64.\r\nPreparing to unpack .../051-libboost-graph1.67.0_1.67.0-13+deb10u1_amd64.deb ...\r\nUnpacking libboost-graph1.67.0:amd64 (1.67.0-13+deb10u1) ...\r\nSelecting previously unselected package libboost-timer1.67.0:amd64.\r\nPreparing to unpack .../052-libboost-timer1.67.0_1.67.0-13+deb10u1_amd64.deb ...\r\nUnpacking libboost-timer1.67.0:amd64 (1.67.0-13+deb10u1) ...\r\nSelecting previously unselected package libboost-test1.67.0:amd64.\r\nPreparing to unpack .../053-libboost-test1.67.0_1.67.0-13+deb10u1_amd64.deb ...\r\nUnpacking libboost-test1.67.0:amd64 (1.67.0-13+deb10u1) ...\r\nSelecting previously unselected package libboost-test1.67-dev:amd64.\r\nPreparing to unpack .../054-libboost-test1.67-dev_1.67.0-13+deb10u1_amd64.deb ...\r\nUnpacking libboost-test1.67-dev:amd64 (1.67.0-13+deb10u1) ...\r\nSelecting previously unselected package libboost-graph1.67-dev:amd64.\r\nPreparing to unpack .../055-libboost-graph1.67-dev_1.67.0-13+deb10u1_amd64.deb ...\r\nUnpacking libboost-graph1.67-dev:amd64 (1.67.0-13+deb10u1) ...\r\nSelecting previously unselected package libboost-graph-dev:amd64.\r\nPreparing to unpack .../056-libboost-graph-dev_1.67.0.1_amd64.deb ...\r\nUnpacking libboost-graph-dev:amd64 (1.67.0.1) ...\r\nSelecting previously unselected package libpsm-infinipath1.\r\nPreparing to unpack .../057-libpsm-infinipath1_3.3+20.604758e7-6_amd64.deb ...\r\nUnpacking libpsm-infinipath1 (3.3+20.604758e7-6) ...\r\nSelecting previously unselected package libpsm2-2.\r\nPreparing to unpack .../058-libpsm2-2_11.2.78-1_amd64.deb ...\r\nUnpacking libpsm2-2 (11.2.78-1) ...\r\nSelecting previously unselected package librdmacm1:amd64.\r\nPreparing to unpack .../059-librdmacm1_22.1-1_amd64.deb ...\r\nUnpacking librdmacm1:amd64 (22.1-1) ...\r\nSelecting previously unselected package libfabric1.\r\nPreparing to unpack .../060-libfabric1_1.6.2-3_amd64.deb ...\r\nUnpacking libfabric1 (1.6.2-3) ...\r\nSelecting previously unselected package libhwloc5:amd64.\r\nPreparing to unpack .../061-libhwloc5_1.11.12-3_amd64.deb ...\r\nUnpacking libhwloc5:amd64 (1.11.12-3) ...\r\nSelecting previously unselected package libpciaccess0:amd64.\r\nPreparing to unpack .../062-libpciaccess0_0.14-1_amd64.deb ...\r\nUnpacking libpciaccess0:amd64 (0.14-1) ...\r\nSelecting previously unselected package ocl-icd-libopencl1:amd64.\r\nPreparing to unpack .../063-ocl-icd-libopencl1_2.2.12-2_amd64.deb ...\r\nUnpacking ocl-icd-libopencl1:amd64 (2.2.12-2) ...\r\nSelecting previously unselected package libhwloc-plugins:amd64.\r\nPreparing to unpack .../064-libhwloc-plugins_1.11.12-3_amd64.deb ...\r\nUnpacking libhwloc-plugins:amd64 (1.11.12-3) ...\r\nSelecting previously unselected package libpmix2:amd64.\r\nPreparing to unpack .../065-libpmix2_3.1.2-3_amd64.deb ...\r\nUnpacking libpmix2:amd64 (3.1.2-3) ...\r\nSelecting previously unselected package libopenmpi3:amd64.\r\nPreparing to unpack .../066-libopenmpi3_3.1.3-11_amd64.deb ...\r\nUnpacking libopenmpi3:amd64 (3.1.3-11) ...\r\nSelecting previously unselected package libboost-mpi1.67.0.\r\nPreparing to unpack .../067-libboost-mpi1.67.0_1.67.0-13+deb10u1_amd64.deb ...\r\nUnpacking libboost-mpi1.67.0 (1.67.0-13+deb10u1) ...\r\nSelecting previously unselected package libboost-graph-parallel1.67.0.\r\nPreparing to unpack .../068-libboost-graph-parallel1.67.0_1.67.0-13+deb10u1_amd64.deb ...\r\nUnpacking libboost-graph-parallel1.67.0 (1.67.0-13+deb10u1) ...\r\nSelecting previously unselected package libboost-graph-parallel1.67-dev.\r\nPreparing to unpack .../069-libboost-graph-parallel1.67-dev_1.67.0-13+deb10u1_amd64.deb ...\r\nUnpacking libboost-graph-parallel1.67-dev (1.67.0-13+deb10u1) ...\r\nSelecting previously unselected package libboost-graph-parallel-dev.\r\nPreparing to unpack .../070-libboost-graph-parallel-dev_1.67.0.1_amd64.deb ...\r\nUnpacking libboost-graph-parallel-dev (1.67.0.1) ...\r\nSelecting previously unselected package libboost-regex1.67-dev:amd64.\r\nPreparing to unpack .../071-libboost-regex1.67-dev_1.67.0-13+deb10u1_amd64.deb ...\r\nUnpacking libboost-regex1.67-dev:amd64 (1.67.0-13+deb10u1) ...\r\nSelecting previously unselected package libboost-iostreams1.67.0:amd64.\r\nPreparing to unpack .../072-libboost-iostreams1.67.0_1.67.0-13+deb10u1_amd64.deb ...\r\nUnpacking libboost-iostreams1.67.0:amd64 (1.67.0-13+deb10u1) ...\r\nSelecting previously unselected package libboost-iostreams1.67-dev:amd64.\r\nPreparing to unpack .../073-libboost-iostreams1.67-dev_1.67.0-13+deb10u1_amd64.deb ...\r\nUnpacking libboost-iostreams1.67-dev:amd64 (1.67.0-13+deb10u1) ...\r\nSelecting previously unselected package libboost-iostreams-dev:amd64.\r\nPreparing to unpack .../074-libboost-iostreams-dev_1.67.0.1_amd64.deb ...\r\nUnpacking libboost-iostreams-dev:amd64 (1.67.0.1) ...\r\nSelecting previously unselected package libboost-locale1.67.0:amd64.\r\nPreparing to unpack .../075-libboost-locale1.67.0_1.67.0-13+deb10u1_amd64.deb ...\r\nUnpacking libboost-locale1.67.0:amd64 (1.67.0-13+deb10u1) ...\r\nSelecting previously unselected package libboost-locale1.67-dev:amd64.\r\nPreparing to unpack .../076-libboost-locale1.67-dev_1.67.0-13+deb10u1_amd64.deb ...\r\nUnpacking libboost-locale1.67-dev:amd64 (1.67.0-13+deb10u1) ...\r\nSelecting previously unselected package libboost-locale-dev:amd64.\r\nPreparing to unpack .../077-libboost-locale-dev_1.67.0.1_amd64.deb ...\r\nUnpacking libboost-locale-dev:amd64 (1.67.0.1) ...\r\nSelecting previously unselected package libboost-log1.67.0.\r\nPreparing to unpack .../078-libboost-log1.67.0_1.67.0-13+deb10u1_amd64.deb ...\r\nUnpacking libboost-log1.67.0 (1.67.0-13+deb10u1) ...\r\nSelecting previously unselected package libboost-thread1.67-dev:amd64.\r\nPreparing to unpack .../079-libboost-thread1.67-dev_1.67.0-13+deb10u1_amd64.deb ...\r\nUnpacking libboost-thread1.67-dev:amd64 (1.67.0-13+deb10u1) ...\r\nSelecting previously unselected package libboost-log1.67-dev.\r\nPreparing to unpack .../080-libboost-log1.67-dev_1.67.0-13+deb10u1_amd64.deb ...\r\nUnpacking libboost-log1.67-dev (1.67.0-13+deb10u1) ...\r\nSelecting previously unselected package libboost-log-dev.\r\nPreparing to unpack .../081-libboost-log-dev_1.67.0.1_amd64.deb ...\r\nUnpacking libboost-log-dev (1.67.0.1) ...\r\nSelecting previously unselected package libboost-math1.67.0:amd64.\r\nPreparing to unpack .../082-libboost-math1.67.0_1.67.0-13+deb10u1_amd64.deb ...\r\nUnpacking libboost-math1.67.0:amd64 (1.67.0-13+deb10u1) ...\r\nSelecting previously unselected package libboost-math1.67-dev:amd64.\r\nPreparing to unpack .../083-libboost-math1.67-dev_1.67.0-13+deb10u1_amd64.deb ...\r\nUnpacking libboost-math1.67-dev:amd64 (1.67.0-13+deb10u1) ...\r\nSelecting previously unselected package libboost-math-dev:amd64.\r\nPreparing to unpack .../084-libboost-math-dev_1.67.0.1_amd64.deb ...\r\nUnpacking libboost-math-dev:amd64 (1.67.0.1) ...\r\nSelecting previously unselected package openmpi-common.\r\nPreparing to unpack .../085-openmpi-common_3.1.3-11_all.deb ...\r\nUnpacking openmpi-common (3.1.3-11) ...\r\nSelecting previously unselected package libnl-3-dev:amd64.\r\nPreparing to unpack .../086-libnl-3-dev_3.4.0-1_amd64.deb ...\r\nUnpacking libnl-3-dev:amd64 (3.4.0-1) ...\r\nSelecting previously unselected package libnl-route-3-dev:amd64.\r\nPreparing to unpack .../087-libnl-route-3-dev_3.4.0-1_amd64.deb ...\r\nUnpacking libnl-route-3-dev:amd64 (3.4.0-1) ...\r\nSelecting previously unselected package libibverbs-dev:amd64.\r\nPreparing to unpack .../088-libibverbs-dev_22.1-1_amd64.deb ...\r\nUnpacking libibverbs-dev:amd64 (22.1-1) ...\r\nSelecting previously unselected package libnuma-dev:amd64.\r\nPreparing to unpack .../089-libnuma-dev_2.0.12-1_amd64.deb ...\r\nUnpacking libnuma-dev:amd64 (2.0.12-1) ...\r\nSelecting previously unselected package libhwloc-dev:amd64.\r\nPreparing to unpack .../090-libhwloc-dev_1.11.12-3_amd64.deb ...\r\nUnpacking libhwloc-dev:amd64 (1.11.12-3) ...\r\nSelecting previously unselected package openmpi-bin.\r\nPreparing to unpack .../091-openmpi-bin_3.1.3-11_amd64.deb ...\r\nUnpacking openmpi-bin (3.1.3-11) ...\r\nSelecting previously unselected package libopenmpi-dev:amd64.\r\nPreparing to unpack .../092-libopenmpi-dev_3.1.3-11_amd64.deb ...\r\nUnpacking libopenmpi-dev:amd64 (3.1.3-11) ...\r\nSelecting previously unselected package mpi-default-dev.\r\nPreparing to unpack .../093-mpi-default-dev_1.13_amd64.deb ...\r\nUnpacking mpi-default-dev (1.13) ...\r\nSelecting previously unselected package libboost-mpi1.67-dev.\r\nPreparing to unpack .../094-libboost-mpi1.67-dev_1.67.0-13+deb10u1_amd64.deb ...\r\nUnpacking libboost-mpi1.67-dev (1.67.0-13+deb10u1) ...\r\nSelecting previously unselected package libboost-mpi-dev.\r\nPreparing to unpack .../095-libboost-mpi-dev_1.67.0.1_amd64.deb ...\r\nUnpacking libboost-mpi-dev (1.67.0.1) ...\r\nSelecting previously unselected package libboost-python1.67.0.\r\nPreparing to unpack .../096-libboost-python1.67.0_1.67.0-13+deb10u1_amd64.deb ...\r\nUnpacking libboost-python1.67.0 (1.67.0-13+deb10u1) ...\r\nSelecting previously unselected package mpi-default-bin.\r\nPreparing to unpack .../097-mpi-default-bin_1.13_amd64.deb ...\r\nUnpacking mpi-default-bin (1.13) ...\r\nSelecting previously unselected package libboost-mpi-python1.67.0.\r\nPreparing to unpack .../098-libboost-mpi-python1.67.0_1.67.0-13+deb10u1_amd64.deb ...\r\nUnpacking libboost-mpi-python1.67.0 (1.67.0-13+deb10u1) ...\r\nSelecting previously unselected package libboost-mpi-python1.67-dev.\r\nPreparing to unpack .../099-libboost-mpi-python1.67-dev_1.67.0-13+deb10u1_amd64.deb ...\r\nUnpacking libboost-mpi-python1.67-dev (1.67.0-13+deb10u1) ...\r\nSelecting previously unselected package libboost-mpi-python-dev.\r\nPreparing to unpack .../100-libboost-mpi-python-dev_1.67.0.1_amd64.deb ...\r\nUnpacking libboost-mpi-python-dev (1.67.0.1) ...\r\nSelecting previously unselected package libboost-numpy1.67.0.\r\nPreparing to unpack .../101-libboost-numpy1.67.0_1.67.0-13+deb10u1_amd64.deb ...\r\nUnpacking libboost-numpy1.67.0 (1.67.0-13+deb10u1) ...\r\nSelecting previously unselected package libboost-numpy1.67-dev.\r\nPreparing to unpack .../102-libboost-numpy1.67-dev_1.67.0-13+deb10u1_amd64.deb ...\r\nUnpacking libboost-numpy1.67-dev (1.67.0-13+deb10u1) ...\r\nSelecting previously unselected package libboost-numpy-dev.\r\nPreparing to unpack .../103-libboost-numpy-dev_1.67.0.1_amd64.deb ...\r\nUnpacking libboost-numpy-dev (1.67.0.1) ...\r\nSelecting previously unselected package libboost-program-options1.67.0:amd64.\r\nPreparing to unpack .../104-libboost-program-options1.67.0_1.67.0-13+deb10u1_amd64.deb ...\r\nUnpacking libboost-program-options1.67.0:amd64 (1.67.0-13+deb10u1) ...\r\nSelecting previously unselected package libboost-program-options1.67-dev:amd64.\r\nPreparing to unpack .../105-libboost-program-options1.67-dev_1.67.0-13+deb10u1_amd64.deb ...\r\nUnpacking libboost-program-options1.67-dev:amd64 (1.67.0-13+deb10u1) ...\r\nSelecting previously unselected package libboost-program-options-dev:amd64.\r\nPreparing to unpack .../106-libboost-program-options-dev_1.67.0.1_amd64.deb ...\r\nUnpacking libboost-program-options-dev:amd64 (1.67.0.1) ...\r\nSelecting previously unselected package libpython2.7:amd64.\r\nPreparing to unpack .../107-libpython2.7_2.7.16-2+deb10u1_amd64.deb ...\r\nUnpacking libpython2.7:amd64 (2.7.16-2+deb10u1) ...\r\nSelecting previously unselected package libpython2.7-dev:amd64.\r\nPreparing to unpack .../108-libpython2.7-dev_2.7.16-2+deb10u1_amd64.deb ...\r\nUnpacking libpython2.7-dev:amd64 (2.7.16-2+deb10u1) ...\r\nSelecting previously unselected package libpython2-dev:amd64.\r\nPreparing to unpack .../109-libpython2-dev_2.7.16-1_amd64.deb ...\r\nUnpacking libpython2-dev:amd64 (2.7.16-1) ...\r\nSelecting previously unselected package libpython-dev:amd64.\r\nPreparing to unpack .../110-libpython-dev_2.7.16-1_amd64.deb ...\r\nUnpacking libpython-dev:amd64 (2.7.16-1) ...\r\nSelecting previously unselected package python2.7-dev.\r\nPreparing to unpack .../111-python2.7-dev_2.7.16-2+deb10u1_amd64.deb ...\r\nUnpacking python2.7-dev (2.7.16-2+deb10u1) ...\r\nSelecting previously unselected package python2-dev.\r\nPreparing to unpack .../112-python2-dev_2.7.16-1_amd64.deb ...\r\nUnpacking python2-dev (2.7.16-1) ...\r\nSelecting previously unselected package python-dev.\r\nPreparing to unpack .../113-python-dev_2.7.16-1_amd64.deb ...\r\nUnpacking python-dev (2.7.16-1) ...\r\nSelecting previously unselected package libpython3.7:amd64.\r\nPreparing to unpack .../114-libpython3.7_3.7.3-2+deb10u1_amd64.deb ...\r\nUnpacking libpython3.7:amd64 (3.7.3-2+deb10u1) ...\r\nSelecting previously unselected package libpython3.7-dev:amd64.\r\nPreparing to unpack .../115-libpython3.7-dev_3.7.3-2+deb10u1_amd64.deb ...\r\nUnpacking libpython3.7-dev:amd64 (3.7.3-2+deb10u1) ...\r\nSelecting previously unselected package libpython3-dev:amd64.\r\nPreparing to unpack .../116-libpython3-dev_3.7.3-1_amd64.deb ...\r\nUnpacking libpython3-dev:amd64 (3.7.3-1) ...\r\nSelecting previously unselected package python3.7-dev.\r\nPreparing to unpack .../117-python3.7-dev_3.7.3-2+deb10u1_amd64.deb ...\r\nUnpacking python3.7-dev (3.7.3-2+deb10u1) ...\r\nSelecting previously unselected package python3-dev.\r\nPreparing to unpack .../118-python3-dev_3.7.3-1_amd64.deb ...\r\nUnpacking python3-dev (3.7.3-1) ...\r\nSelecting previously unselected package libboost-python1.67-dev.\r\nPreparing to unpack .../119-libboost-python1.67-dev_1.67.0-13+deb10u1_amd64.deb ...\r\nUnpacking libboost-python1.67-dev (1.67.0-13+deb10u1) ...\r\nSelecting previously unselected package libboost-python-dev.\r\nPreparing to unpack .../120-libboost-python-dev_1.67.0.1_amd64.deb ...\r\nUnpacking libboost-python-dev (1.67.0.1) ...\r\nSelecting previously unselected package libboost-random1.67.0:amd64.\r\nPreparing to unpack .../121-libboost-random1.67.0_1.67.0-13+deb10u1_amd64.deb ...\r\nUnpacking libboost-random1.67.0:amd64 (1.67.0-13+deb10u1) ...\r\nSelecting previously unselected package libboost-random1.67-dev:amd64.\r\nPreparing to unpack .../122-libboost-random1.67-dev_1.67.0-13+deb10u1_amd64.deb ...\r\nUnpacking libboost-random1.67-dev:amd64 (1.67.0-13+deb10u1) ...\r\nSelecting previously unselected package libboost-random-dev:amd64.\r\nPreparing to unpack .../123-libboost-random-dev_1.67.0.1_amd64.deb ...\r\nUnpacking libboost-random-dev:amd64 (1.67.0.1) ...\r\nSelecting previously unselected package libboost-regex-dev:amd64.\r\nPreparing to unpack .../124-libboost-regex-dev_1.67.0.1_amd64.deb ...\r\nUnpacking libboost-regex-dev:amd64 (1.67.0.1) ...\r\nSelecting previously unselected package libboost-serialization-dev:amd64.\r\nPreparing to unpack .../125-libboost-serialization-dev_1.67.0.1_amd64.deb ...\r\nUnpacking libboost-serialization-dev:amd64 (1.67.0.1) ...\r\nSelecting previously unselected package libboost-signals1.67.0:amd64.\r\nPreparing to unpack .../126-libboost-signals1.67.0_1.67.0-13+deb10u1_amd64.deb ...\r\nUnpacking libboost-signals1.67.0:amd64 (1.67.0-13+deb10u1) ...\r\nSelecting previously unselected package libboost-signals1.67-dev:amd64.\r\nPreparing to unpack .../127-libboost-signals1.67-dev_1.67.0-13+deb10u1_amd64.deb ...\r\nUnpacking libboost-signals1.67-dev:amd64 (1.67.0-13+deb10u1) ...\r\nSelecting previously unselected package libboost-signals-dev:amd64.\r\nPreparing to unpack .../128-libboost-signals-dev_1.67.0.1_amd64.deb ...\r\nUnpacking libboost-signals-dev:amd64 (1.67.0.1) ...\r\nSelecting previously unselected package libboost-stacktrace1.67.0:amd64.\r\nPreparing to unpack .../129-libboost-stacktrace1.67.0_1.67.0-13+deb10u1_amd64.deb ...\r\nUnpacking libboost-stacktrace1.67.0:amd64 (1.67.0-13+deb10u1) ...\r\nSelecting previously unselected package libboost-stacktrace1.67-dev:amd64.\r\nPreparing to unpack .../130-libboost-stacktrace1.67-dev_1.67.0-13+deb10u1_amd64.deb ...\r\nUnpacking libboost-stacktrace1.67-dev:amd64 (1.67.0-13+deb10u1) ...\r\nSelecting previously unselected package libboost-stacktrace-dev:amd64.\r\nPreparing to unpack .../131-libboost-stacktrace-dev_1.67.0.1_amd64.deb ...\r\nUnpacking libboost-stacktrace-dev:amd64 (1.67.0.1) ...\r\nSelecting previously unselected package libboost-system-dev:amd64.\r\nPreparing to unpack .../132-libboost-system-dev_1.67.0.1_amd64.deb ...\r\nUnpacking libboost-system-dev:amd64 (1.67.0.1) ...\r\nSelecting previously unselected package libboost-test-dev:amd64.\r\nPreparing to unpack .../133-libboost-test-dev_1.67.0.1_amd64.deb ...\r\nUnpacking libboost-test-dev:amd64 (1.67.0.1) ...\r\nSelecting previously unselected package libboost-thread-dev:amd64.\r\nPreparing to unpack .../134-libboost-thread-dev_1.67.0.1_amd64.deb ...\r\nUnpacking libboost-thread-dev:amd64 (1.67.0.1) ...\r\nSelecting previously unselected package libboost-timer1.67-dev:amd64.\r\nPreparing to unpack .../135-libboost-timer1.67-dev_1.67.0-13+deb10u1_amd64.deb ...\r\nUnpacking libboost-timer1.67-dev:amd64 (1.67.0-13+deb10u1) ...\r\nSelecting previously unselected package libboost-timer-dev:amd64.\r\nPreparing to unpack .../136-libboost-timer-dev_1.67.0.1_amd64.deb ...\r\nUnpacking libboost-timer-dev:amd64 (1.67.0.1) ...\r\nSelecting previously unselected package libboost-type-erasure1.67.0:amd64.\r\nPreparing to unpack .../137-libboost-type-erasure1.67.0_1.67.0-13+deb10u1_amd64.deb ...\r\nUnpacking libboost-type-erasure1.67.0:amd64 (1.67.0-13+deb10u1) ...\r\nSelecting previously unselected package libboost-type-erasure1.67-dev:amd64.\r\nPreparing to unpack .../138-libboost-type-erasure1.67-dev_1.67.0-13+deb10u1_amd64.deb ...\r\nUnpacking libboost-type-erasure1.67-dev:amd64 (1.67.0-13+deb10u1) ...\r\nSelecting previously unselected package libboost-type-erasure-dev:amd64.\r\nPreparing to unpack .../139-libboost-type-erasure-dev_1.67.0.1_amd64.deb ...\r\nUnpacking libboost-type-erasure-dev:amd64 (1.67.0.1) ...\r\nSelecting previously unselected package libboost-wave1.67.0:amd64.\r\nPreparing to unpack .../140-libboost-wave1.67.0_1.67.0-13+deb10u1_amd64.deb ...\r\nUnpacking libboost-wave1.67.0:amd64 (1.67.0-13+deb10u1) ...\r\nSelecting previously unselected package libboost-wave1.67-dev:amd64.\r\nPreparing to unpack .../141-libboost-wave1.67-dev_1.67.0-13+deb10u1_amd64.deb ...\r\nUnpacking libboost-wave1.67-dev:amd64 (1.67.0-13+deb10u1) ...\r\nSelecting previously unselected package libboost-wave-dev:amd64.\r\nPreparing to unpack .../142-libboost-wave-dev_1.67.0.1_amd64.deb ...\r\nUnpacking libboost-wave-dev:amd64 (1.67.0.1) ...\r\nSelecting previously unselected package libboost-all-dev.\r\nPreparing to unpack .../143-libboost-all-dev_1.67.0.1_amd64.deb ...\r\nUnpacking libboost-all-dev (1.67.0.1) ...\r\nSelecting previously unselected package libcaf-openmpi-3:amd64.\r\nPreparing to unpack .../144-libcaf-openmpi-3_2.4.0-2_amd64.deb ...\r\nUnpacking libcaf-openmpi-3:amd64 (2.4.0-2) ...\r\nSelecting previously unselected package libcoarrays-dev:amd64.\r\nPreparing to unpack .../145-libcoarrays-dev_2.4.0-2_amd64.deb ...\r\nUnpacking libcoarrays-dev:amd64 (2.4.0-2) ...\r\nSelecting previously unselected package libcoarrays-openmpi-dev:amd64.\r\nPreparing to unpack .../146-libcoarrays-openmpi-dev_2.4.0-2_amd64.deb ...\r\nUnpacking libcoarrays-openmpi-dev:amd64 (2.4.0-2) ...\r\nSelecting previously unselected package sqlite3.\r\nPreparing to unpack .../147-sqlite3_3.27.2-3_amd64.deb ...\r\nUnpacking sqlite3 (3.27.2-3) ...\r\nSetting up dh-python (3.20190308) ...\r\nSetting up libboost1.67-dev:amd64 (1.67.0-13+deb10u1) ...\r\nSetting up libboost-program-options1.67.0:amd64 (1.67.0-13+deb10u1) ...\r\nSetting up libboost1.67-tools-dev (1.67.0-13+deb10u1) ...\r\nSetting up libpciaccess0:amd64 (0.14-1) ...\r\nSetting up libpython2.7:amd64 (2.7.16-2+deb10u1) ...\r\nSetting up libpython2.7-dev:amd64 (2.7.16-2+deb10u1) ...\r\nSetting up libboost-regex1.67.0:amd64 (1.67.0-13+deb10u1) ...\r\nSetting up libpython3.7:amd64 (3.7.3-2+deb10u1) ...\r\nSetting up libboost-signals1.67.0:amd64 (1.67.0-13+deb10u1) ...\r\nSetting up libarchive13:amd64 (3.3.3-4+deb10u1) ...\r\nSetting up libboost-program-options1.67-dev:amd64 (1.67.0-13+deb10u1) ...\r\nSetting up libboost-regex1.67-dev:amd64 (1.67.0-13+deb10u1) ...\r\nSetting up libhwloc5:amd64 (1.11.12-3) ...\r\nSetting up libpython3.7-dev:amd64 (3.7.3-2+deb10u1) ...\r\nSetting up libboost-container1.67.0:amd64 (1.67.0-13+deb10u1) ...\r\nSetting up libboost-tools-dev (1.67.0.1) ...\r\nSetting up libboost-date-time1.67.0:amd64 (1.67.0-13+deb10u1) ...\r\nSetting up libboost-math1.67.0:amd64 (1.67.0-13+deb10u1) ...\r\nSetting up libboost-graph1.67.0:amd64 (1.67.0-13+deb10u1) ...\r\nSetting up python3.7-dev (3.7.3-2+deb10u1) ...\r\nSetting up libboost-container1.67-dev:amd64 (1.67.0-13+deb10u1) ...\r\nSetting up libnuma-dev:amd64 (2.0.12-1) ...\r\nSetting up libuv1:amd64 (1.24.1-1) ...\r\nSetting up libboost-program-options-dev:amd64 (1.67.0.1) ...\r\nSetting up libboost-signals1.67-dev:amd64 (1.67.0-13+deb10u1) ...\r\nSetting up libboost-iostreams1.67.0:amd64 (1.67.0-13+deb10u1) ...\r\nSetting up libboost-exception1.67-dev:amd64 (1.67.0-13+deb10u1) ...\r\nSetting up libgfortran5:amd64 (8.3.0-6) ...\r\nSetting up libboost-signals-dev:amd64 (1.67.0.1) ...\r\nSetting up ocl-icd-libopencl1:amd64 (2.2.12-2) ...\r\nSetting up librhash0:amd64 (1.3.8-1) ...\r\nSetting up libnl-3-200:amd64 (3.4.0-1) ...\r\nSetting up libboost-python1.67.0 (1.67.0-13+deb10u1) ...\r\nSetting up libpsm2-2 (11.2.78-1) ...\r\nSetting up openmpi-common (3.1.3-11) ...\r\nSetting up libboost-atomic1.67.0:amd64 (1.67.0-13+deb10u1) ...\r\nSetting up libpython2-dev:amd64 (2.7.16-1) ...\r\nSetting up libhwloc-dev:amd64 (1.11.12-3) ...\r\nSetting up cmake-data (3.13.4-1) ...\r\nSetting up libboost-dev:amd64 (1.67.0.1) ...\r\nSetting up libpsm-infinipath1 (3.3+20.604758e7-6) ...\r\nupdate-alternatives: using /usr/lib/libpsm1/libpsm_infinipath.so.1.16 to provide /usr/lib/x86_64-linux-gnu/libpsm_infinipath.so.1 (libpsm_infinipath.so.1) in auto mode\r\nSetting up libboost-context1.67.0:amd64 (1.67.0-13+deb10u1) ...\r\nSetting up libboost-system1.67.0:amd64 (1.67.0-13+deb10u1) ...\r\nSetting up libboost-serialization1.67.0:amd64 (1.67.0-13+deb10u1) ...\r\nSetting up libboost-regex-dev:amd64 (1.67.0.1) ...\r\nSetting up libboost-iostreams1.67-dev:amd64 (1.67.0-13+deb10u1) ...\r\nSetting up sqlite3 (3.27.2-3) ...\r\nSetting up libjsoncpp1:amd64 (1.7.4-3) ...\r\nSetting up libboost-stacktrace1.67.0:amd64 (1.67.0-13+deb10u1) ...\r\nSetting up python2.7-dev (2.7.16-2+deb10u1) ...\r\nSetting up libboost-atomic1.67-dev:amd64 (1.67.0-13+deb10u1) ...\r\nSetting up libboost-serialization1.67-dev:amd64 (1.67.0-13+deb10u1) ...\r\nSetting up libgfortran-8-dev:amd64 (8.3.0-6) ...\r\nSetting up libboost-chrono1.67.0:amd64 (1.67.0-13+deb10u1) ...\r\nSetting up libboost-math1.67-dev:amd64 (1.67.0-13+deb10u1) ...\r\nSetting up libpython3-dev:amd64 (3.7.3-1) ...\r\nSetting up python2-dev (2.7.16-1) ...\r\nSetting up libboost-thread1.67.0:amd64 (1.67.0-13+deb10u1) ...\r\nSetting up gfortran-8 (8.3.0-6) ...\r\nSetting up libboost-math-dev:amd64 (1.67.0.1) ...\r\nSetting up libboost-coroutine1.67.0:amd64 (1.67.0-13+deb10u1) ...\r\nSetting up libboost-exception-dev:amd64 (1.67.0.1) ...\r\nSetting up libboost-iostreams-dev:amd64 (1.67.0.1) ...\r\nSetting up libhwloc-plugins:amd64 (1.11.12-3) ...\r\nSetting up libboost-locale1.67.0:amd64 (1.67.0-13+deb10u1) ...\r\nSetting up gfortran (4:8.3.0-1) ...\r\nupdate-alternatives: error: alternative path /usr/bin/gfortran doesn't exist\r\ndpkg: error processing package gfortran (--configure):\r\n installed gfortran package post-installation script subprocess returned error exit status 2\r\nSetting up libboost-container-dev:amd64 (1.67.0.1) ...\r\nSetting up libpython-dev:amd64 (2.7.16-1) ...\r\nSetting up libnl-route-3-200:amd64 (3.4.0-1) ...\r\nSetting up libboost-type-erasure1.67.0:amd64 (1.67.0-13+deb10u1) ...\r\nSetting up libboost-numpy1.67.0 (1.67.0-13+deb10u1) ...\r\nSetting up libboost-date-time1.67-dev:amd64 (1.67.0-13+deb10u1) ...\r\nSetting up libboost-chrono1.67-dev:amd64 (1.67.0-13+deb10u1) ...\r\nSetting up python3-dev (3.7.3-1) ...\r\nSetting up libboost-locale1.67-dev:amd64 (1.67.0-13+deb10u1) ...\r\nSetting up libboost-serialization-dev:amd64 (1.67.0.1) ...\r\nSetting up libboost-context1.67-dev:amd64 (1.67.0-13+deb10u1) ...\r\nSetting up libboost-date-time-dev:amd64 (1.67.0.1) ...\r\nSetting up libboost-atomic-dev:amd64 (1.67.0.1) ...\r\nSetting up libnl-3-dev:amd64 (3.4.0-1) ...\r\nSetting up libboost-timer1.67.0:amd64 (1.67.0-13+deb10u1) ...\r\nSetting up cmake (3.13.4-1) ...\r\nSetting up libboost-filesystem1.67.0:amd64 (1.67.0-13+deb10u1) ...\r\nSetting up libboost-coroutine1.67-dev:amd64 (1.67.0-13+deb10u1) ...\r\nSetting up libboost-system1.67-dev:amd64 (1.67.0-13+deb10u1) ...\r\nSetting up libboost-random1.67.0:amd64 (1.67.0-13+deb10u1) ...\r\nSetting up libboost-random1.67-dev:amd64 (1.67.0-13+deb10u1) ...\r\nSetting up libboost-stacktrace1.67-dev:amd64 (1.67.0-13+deb10u1) ...\r\nSetting up libboost-numpy1.67-dev (1.67.0-13+deb10u1) ...\r\nSetting up python-dev (2.7.16-1) ...\r\nSetting up libibverbs1:amd64 (22.1-1) ...\r\nSetting up libboost-filesystem1.67-dev:amd64 (1.67.0-13+deb10u1) ...\r\nSetting up libboost-wave1.67.0:amd64 (1.67.0-13+deb10u1) ...\r\nSetting up libpmix2:amd64 (3.1.2-3) ...\r\nSetting up ibverbs-providers:amd64 (22.1-1) ...\r\nSetting up libboost-thread1.67-dev:amd64 (1.67.0-13+deb10u1) ...\r\nSetting up libboost-chrono-dev:amd64 (1.67.0.1) ...\r\ndpkg: dependency problems prevent configuration of libcoarrays-dev:amd64:\r\n libcoarrays-dev:amd64 depends on gfortran (>= 6.1-1); however:\r\n  Package gfortran is not configured yet.\r\n\r\ndpkg: error processing package libcoarrays-dev:amd64 (--configure):\r\n dependency problems - leaving unconfigured\r\nSetting up libboost-test1.67.0:amd64 (1.67.0-13+deb10u1) ...\r\nSetting up libboost-system-dev:amd64 (1.67.0.1) ...\r\nSetting up libboost-random-dev:amd64 (1.67.0.1) ...\r\nSetting up libboost-locale-dev:amd64 (1.67.0.1) ...\r\nSetting up libboost-context-dev:amd64 (1.67.0.1) ...\r\nSetting up libboost-type-erasure1.67-dev:amd64 (1.67.0-13+deb10u1) ...\r\ndpkg: dependency problems prevent configuration of libcoarrays-openmpi-dev:amd64:\r\n libcoarrays-openmpi-dev:amd64 depends on gfortran (>= 6.1-1); however:\r\n  Package gfortran is not configured yet.\r\n libcoarrays-openmpi-dev:amd64 depends on libcoarrays-dev; however:\r\n  Package libcoarrays-dev:amd64 is not configured yet.\r\n\r\ndpkg: error processing package libcoarrays-openmpi-dev:amd64 (--configure):\r\n dependency problems - leaving unconfigured\r\nSetting up libboost-type-erasure-dev:amd64 (1.67.0.1) ...\r\nSetting up libboost-test1.67-dev:amd64 (1.67.0-13+deb10u1) ...\r\nSetting up libboost-test-dev:amd64 (1.67.0.1) ...\r\nSetting up libnl-route-3-dev:amd64 (3.4.0-1) ...\r\nSetting up libboost-fiber1.67.0:amd64 (1.67.0-13+deb10u1) ...\r\nSetting up libboost-log1.67.0 (1.67.0-13+deb10u1) ...\r\nSetting up libboost-numpy-dev (1.67.0.1) ...\r\nSetting up libboost-timer1.67-dev:amd64 (1.67.0-13+deb10u1) ...\r\nSetting up libboost-stacktrace-dev:amd64 (1.67.0.1) ...\r\nSetting up libboost-graph1.67-dev:amd64 (1.67.0-13+deb10u1) ...\r\nSetting up libboost-fiber1.67-dev:amd64 (1.67.0-13+deb10u1) ...\r\nSetting up libboost-coroutine-dev:amd64 (1.67.0.1) ...\r\nSetting up libboost-python1.67-dev (1.67.0-13+deb10u1) ...\r\nSetting up libboost-timer-dev:amd64 (1.67.0.1) ...\r\nSetting up libboost-filesystem-dev:amd64 (1.67.0.1) ...\r\nSetting up libboost-thread-dev:amd64 (1.67.0.1) ...\r\nSetting up libboost-fiber-dev:amd64 (1.67.0.1) ...\r\nSetting up librdmacm1:amd64 (22.1-1) ...\r\nSetting up libboost-wave1.67-dev:amd64 (1.67.0-13+deb10u1) ...\r\nSetting up libboost-graph-dev:amd64 (1.67.0.1) ...\r\nSetting up libboost-wave-dev:amd64 (1.67.0.1) ...\r\nSetting up libibverbs-dev:amd64 (22.1-1) ...\r\nSetting up libboost-log1.67-dev (1.67.0-13+deb10u1) ...\r\nSetting up libboost-python-dev (1.67.0.1) ...\r\nSetting up libboost-log-dev (1.67.0.1) ...\r\nSetting up libfabric1 (1.6.2-3) ...\r\nSetting up libopenmpi3:amd64 (3.1.3-11) ...\r\nSetting up libboost-mpi1.67.0 (1.67.0-13+deb10u1) ...\r\nSetting up libcaf-openmpi-3:amd64 (2.4.0-2) ...\r\nSetting up libboost-graph-parallel1.67.0 (1.67.0-13+deb10u1) ...\r\nSetting up openmpi-bin (3.1.3-11) ...\r\nupdate-alternatives: using /usr/bin/mpirun.openmpi to provide /usr/bin/mpirun (mpirun) in auto mode\r\nupdate-alternatives: using /usr/bin/mpicc.openmpi to provide /usr/bin/mpicc (mpi) in auto mode\r\nSetting up mpi-default-bin (1.13) ...\r\nSetting up libboost-graph-parallel1.67-dev (1.67.0-13+deb10u1) ...\r\nSetting up libboost-graph-parallel-dev (1.67.0.1) ...\r\nSetting up libopenmpi-dev:amd64 (3.1.3-11) ...\r\nupdate-alternatives: using /usr/lib/x86_64-linux-gnu/openmpi/include to provide /usr/include/x86_64-linux-gnu/mpi (mpi-x86_64-linux-gnu) in auto mode\r\nSetting up libboost-mpi-python1.67.0 (1.67.0-13+deb10u1) ...\r\nSetting up mpi-default-dev (1.13) ...\r\nSetting up libboost-mpi1.67-dev (1.67.0-13+deb10u1) ...\r\nSetting up libboost-mpi-dev (1.67.0.1) ...\r\nSetting up libboost-mpi-python1.67-dev (1.67.0-13+deb10u1) ...\r\nSetting up libboost-mpi-python-dev (1.67.0.1) ...\r\nSetting up libboost-all-dev (1.67.0.1) ...\r\nProcessing triggers for libc-bin (2.28-10) ...\r\nErrors were encountered while processing:\r\n gfortran\r\n libcoarrays-dev:amd64\r\n libcoarrays-openmpi-dev:amd64\r\n\u001b[91mE: Sub-process /usr/bin/dpkg returned an error code (1)\n\u001b[0m",
    "raw_stderr_log": "The command '/bin/sh -c apt-get -qq update && apt-get -qq upgrade && apt-get -qqy install cmake libboost-all-dev sqlite3' returned a non-zero code: 100",
    "html_url": "https://github.com/glitchless/Recast",
    "repo_commit": "49a6e73b1e48dd5b1babee2b65bebf463bca42bc",
    "repo_id": 84753280
  }
]