[
  {
    "raw_dockerfile": "FROM node:12\nRUN npm i -g pm2\n\nWORKDIR /usr/src/app\n\nCOPY package.json /usr/src/app/package.json\nCOPY package-lock.json /usr/src/app/package-lock.json\nRUN npm ci\n\nCOPY *.js /usr/src/app/\nCOPY dialects/ dialects/\nCOPY logic/ logic/\nCOPY models/ models/\nCOPY test/ test/\n\n# set up nodepomf\nCOPY nodepomf/ nodepomf/\nWORKDIR /usr/src/app/nodepomf\nRUN npm ci\nRUN npm test\nWORKDIR /usr/src/app\n\n# set up platform\nCOPY server/ server/\nWORKDIR /usr/src/app/server\nRUN npm ci\nRUN npm test\n\nWORKDIR /usr/src/app\n\nCOPY config.json config.json\nCOPY loki_template.ini loki.ini\n\nEXPOSE 8080\nENTRYPOINT [\"pm2-runtime\", \"overlay_server.js\"]",
    "raw_stdout_log": "Sending build context to Docker daemon  722.4kB\r\r\nStep 1/25 : FROM node:12\n12: Pulling from library/node\n81fc19181915: Already exists\nee49ee6a23d1: Already exists\n828510924538: Already exists\na8f58c4fcca0: Already exists\n33699d7df21e: Already exists\n923705ffa8f8: Already exists\n5fa4fa08e10b: Already exists\n7f3e893e40e2: Already exists\n1b42cd4fbcb0: Already exists\nDigest: sha256:2b85f4981f92ee034b51a3c8bb22dbb451d650d5c12b6439a169f8adc750e4b6\nStatus: Downloaded newer image for node:12\n ---> f5be1883c8e0\nStep 2/25 : RUN npm i -g pm2\n ---> Running in 40084933d09b\n/usr/local/bin/pm2 -> /usr/local/lib/node_modules/pm2/bin/pm2\n/usr/local/bin/pm2-dev -> /usr/local/lib/node_modules/pm2/bin/pm2-dev\n/usr/local/bin/pm2-docker -> /usr/local/lib/node_modules/pm2/bin/pm2-docker\n/usr/local/bin/pm2-runtime -> /usr/local/lib/node_modules/pm2/bin/pm2-runtime\n\u001b[91mnpm WARN optional SKIPPING OPTIONAL DEPENDENCY: fsevents@~2.1.2 (node_modules/pm2/node_modules/chokidar/node_modules/fsevents):\nnpm \u001b[0m\u001b[91mWARN notsup SKIPPING OPTIONAL DEPENDENCY: Unsupported platform for fsevents@2.1.3: wanted {\"os\":\"darwin\",\"arch\":\"any\"} (current: {\"os\":\"linux\",\"arch\":\"x64\"})\n\u001b[0m\u001b[91m\n\u001b[0m+ pm2@4.4.0\nadded 185 packages from 191 contributors in 15.348s\nRemoving intermediate container 40084933d09b\n ---> 36cfc38832ab\nStep 3/25 : WORKDIR /usr/src/app\nRemoving intermediate container 5cb714124f36\n ---> 698a2865a26c\nStep 4/25 : COPY package.json /usr/src/app/package.json\n ---> 2cefddcfb93e\nStep 5/25 : COPY package-lock.json /usr/src/app/package-lock.json\n ---> 83d76d4e4c54\nStep 6/25 : RUN npm ci\n ---> Running in 4367065f1793\n\n> protobufjs@6.8.8 postinstall /usr/src/app/node_modules/protobufjs\n> node scripts/postinstall\n\nadded 232 packages in 4.588s\nRemoving intermediate container 4367065f1793\n ---> c9ae49582fae\nStep 7/25 : COPY *.js /usr/src/app/\n ---> 7e4f5a43e5fa\nStep 8/25 : COPY dialects/ dialects/\n ---> 3f24bbdf222c\nStep 9/25 : COPY logic/ logic/\n ---> 0a2e13e38e15\nStep 10/25 : COPY models/ models/\n ---> ebd781621278\nStep 11/25 : COPY test/ test/\n ---> 736f4e35cd71\nStep 12/25 : COPY nodepomf/ nodepomf/\n ---> ca7a4b2f320d\nStep 13/25 : WORKDIR /usr/src/app/nodepomf\nRemoving intermediate container daa926b7408b\n ---> d05c334decdf\nStep 14/25 : RUN npm ci\n ---> Running in 9cb1af0c608b\n\u001b[91mnpm\u001b[0m\u001b[91m WARN prepare removing existing node_modules/ before installation\n\u001b[0m\n> protobufjs@6.8.8 postinstall /usr/src/app/node_modules/protobufjs\n> node scripts/postinstall\n\nadded 232 packages in 3.522s\nRemoving intermediate container 9cb1af0c608b\n ---> 28012b4e0965\nStep 15/25 : RUN npm test\n ---> Running in 0219dfdb40ad\n\n> public-server-overlay@1.0.0 test /usr/src/app\n> mocha --exit\n\ntest config_path /usr/src/app/config.json\noverlay_bindhost 127.0.0.1\noverlay_host     127.0.0.1\nplatform_api_url   http://127.0.0.1:7070/\n\u001b[91m/usr/src/app/node_modules/libsignal/build/curve25519.js:64\n   throw ex;\n   ^\n\nError: Cannot find module '../server/dataaccess.proxy-admin'\nRequire stack:\n- /usr/src/app/test/test.js\n- /usr/src/app/node_modules/mocha/lib/mocha.js\n- /usr/src/app/node_modules/mocha/lib/cli/one-and-dones.js\n- /usr/src/app/node_modules/mocha/lib/cli/options.js\n- /usr/src/app/node_modules/mocha/bin/mocha\n    at Function.Module._resolveFilename (internal/modules/cjs/loader.js:966:15)\n    at Function.Module._load (internal/modules/cjs/loader.js:842:27)\n    at Module.require (internal/modules/cjs/loader.js:1026:19)\n    at require (internal/modules/cjs/helpers.js:72:18)\n    at Object.<anonymous> (/usr/src/app/test/test.js:60:20)\n    at Module._compile (internal/modules/cjs/loader.js:1138:30)\n    at Object.Module._extensions..js (internal/modules/cjs/loader.js:1158:10)\n    at Module.load (internal/modules/cjs/loader.js:986:32)\n    at Function.Module._load (internal/modules/cjs/loader.js:879:14)\n    at Module.require (internal/modules/cjs/loader.js:1026:19)\n    at require (internal/modules/cjs/helpers.js:72:18)\n    at /usr/src/app/node_modules/mocha/lib/mocha.js:334:36\n    at Array.forEach (<anonymous>)\n    at Mocha.loadFiles (/usr/src/app/node_modules/mocha/lib/mocha.js:331:14)\n    at Mocha.run (/usr/src/app/node_modules/mocha/lib/mocha.js:809:10)\n    at Object.exports.singleRun (/usr/src/app/node_modules/mocha/lib/cli/run-helpers.js:108:16)\n    at exports.runMocha (/usr/src/app/node_modules/mocha/lib/cli/run-helpers.js:142:13)\n    at Object.exports.handler (/usr/src/app/node_modules/mocha/lib/cli/run.js:292:3)\n    at Object.runCommand (/usr/src/app/node_modules/mocha/node_modules/yargs/lib/command.js:242:26)\n    at Object.parseArgs [as _parseArgs] (/usr/src/app/node_modules/mocha/node_modules/yargs/yargs.js:1113:24)\n    at Object.parse (/usr/src/app/node_modules/mocha/node_modules/yargs/yargs.js:575:25)\n    at Object.exports.main (/usr/src/app/node_modules/mocha/lib/cli/cli.js:68:6)\n    at Object.<anonymous> (/usr/src/app/node_modules/mocha/bin/mocha:162:29)\n    at Module._compile (internal/modules/cjs/loader.js:1138:30)\n    at Object.Module._extensions..js (internal/modules/cjs/loader.js:1158:10)\n    at Module.load (internal/modules/cjs/loader.js:986:32)\n    at Function.Module._load (internal/modules/cjs/loader.js:879:14)\n    at Function.executeUserEntryPoint [as runMain] (internal/modules/run_main.js:71:12)\n    at internal/main/run_main_module.js:17:47 {\n  code: 'MODULE_NOT_FOUND',\n  requireStack: [\n    '/usr/src/app/test/test.js',\n    '/usr/src/app/node_modules/mocha/lib/mocha.js',\n    '/usr/src/app/node_modules/mocha/lib/cli/one-and-dones.js',\n    '/usr/src/app/node_modules/mocha/lib/cli/options.js',\n    '/usr/src/app/node_modules/mocha/bin/mocha'\n  ]\n}\n\u001b[0m\u001b[91mnpm ERR! Test failed.  See above for more details.\n\u001b[0m",
    "raw_stderr_log": "The command '/bin/sh -c npm test' returned a non-zero code: 1",
    "html_url": "https://github.com/loki-project/session-open-group-server",
    "repo_commit": "82f62afbb8ae7b566fde8f510486414f36f74f33",
    "repo_id": 205987040
  },
  {
    "raw_dockerfile": "# Dockerfile that produce Lightweight runtime images\n# Inspired by https://github.com/zeit/next.js/issues/121#issuecomment-541399420\n\n# -- BASE STAGE --------------------------------\n\nFROM node:12-alpine AS base\n\nWORKDIR /src\n\nCOPY package*.json ./\nRUN npm ci --no-audit\n\n# -- CHECK STAGE --------------------------------\n\nFROM base AS check\n\nARG CI\nENV CI $CI\n\nCOPY . .\nRUN npm run lint\nRUN npm test\n\n# -- BUILD STAGE --------------------------------\n\nFROM base AS build\n\n# Define build arguments & map them to environment variables\nARG GTM_CONTAINER_ID\nARG SITE_URL\nENV GTM_CONTAINER_ID $GTM_CONTAINER_ID\nENV SITE_URL $SITE_URL\n\n# Build the project and then dispose files not necessary to run the project\n# This will make the runtime image as small as possible\nCOPY . .\nRUN npx next telemetry disable > /dev/null\nRUN npm run build\nRUN npm prune --production --no-audit\nRUN rm -rf .next/cache\n\n# -- RUNTIME STAGE --------------------------------\n\nFROM node:12-alpine AS runtime\n\nWORKDIR /usr/app\n\nCOPY --from=build /src/package.json /usr/app/package.json\nCOPY --from=build /src/node_modules /usr/app/node_modules\nCOPY --from=build /src/.next /usr/app/.next\nCOPY --from=build /src/public /usr/app/public\nCOPY --from=build /src/next.config.js /usr/app/next.config.js\n\nENV PORT 3000\nEXPOSE $PORT\nCMD npm start -- -p $PORT",
    "raw_stdout_log": "Sending build context to Docker daemon  1.284MB\r\r\nStep 1/30 : FROM node:12-alpine AS base\n12-alpine: Pulling from library/node\ncbdbe7a5bc2a: Already exists\n95ff08366d7f: Pulling fs layer\nd5845186f2df: Pulling fs layer\n0d5a546fe31f: Pulling fs layer\n0d5a546fe31f: Download complete\nd5845186f2df: Verifying Checksum\nd5845186f2df: Download complete\n95ff08366d7f: Verifying Checksum\n95ff08366d7f: Download complete\n95ff08366d7f: Pull complete\nd5845186f2df: Pull complete\n0d5a546fe31f: Pull complete\nDigest: sha256:613e489b8528cbdbeb61c528880bc082c91321f3f1f02efa97f08066c7b1985f\nStatus: Downloaded newer image for node:12-alpine\n ---> 1c342643aa5c\nStep 2/30 : WORKDIR /src\nRemoving intermediate container a715a4e00bd6\n ---> 645f193825c5\nStep 3/30 : COPY package*.json ./\n ---> e4b7b3977225\nStep 4/30 : RUN npm ci --no-audit\n ---> Running in 3599d769d284\n\n> fsevents@1.2.11 install /src/node_modules/webpack/node_modules/fsevents\n> node-gyp rebuild\n\n\u001b[91mgyp\u001b[0m\u001b[91m ERR! find Python\u001b[0m\u001b[91m \ngyp \u001b[0m\u001b[91mERR! \u001b[0m\u001b[91mfind Python\u001b[0m\u001b[91m Python is not set from command line or npm configuration\n\u001b[0m\u001b[91mgyp \u001b[0m\u001b[91mERR! \u001b[0m\u001b[91mfind Python Python is not set from environment variable PYTHON\ngyp ERR! \u001b[0m\u001b[91mfind Python checking if \"python\" can be used\n\u001b[0m\u001b[91mgyp \u001b[0m\u001b[91mERR! find Python\u001b[0m\u001b[91m - \"python\" is not in PATH or produced an error\ngyp \u001b[0m\u001b[91mERR! \u001b[0m\u001b[91mfind Python checking if \"python2\" can be used\n\u001b[0m\u001b[91mgyp \u001b[0m\u001b[91mERR! \u001b[0m\u001b[91mfind Python - \"python2\" is not in PATH or produced an error\n\u001b[0m\u001b[91mgyp \u001b[0m\u001b[91mERR! \u001b[0m\u001b[91mfind Python checking if \"python3\" can be used\n\u001b[0m\u001b[91mgyp \u001b[0m\u001b[91mERR! find Python - \"python3\" is not in PATH or produced an error\ngyp\u001b[0m\u001b[91m ERR! find Python\u001b[0m\u001b[91m \ngyp ERR!\u001b[0m\u001b[91m \u001b[0m\u001b[91mfind Python **********************************************************\n\u001b[0m\u001b[91mgyp \u001b[0m\u001b[91mERR! find Python You need to install the latest version of Python.\ngyp\u001b[0m\u001b[91m ERR!\u001b[0m\u001b[91m find Python Node-gyp should be able to find and use Python. If not,\ngyp \u001b[0m\u001b[91mERR!\u001b[0m\u001b[91m find Python you can try one of the following options:\ngyp\u001b[0m\u001b[91m ERR!\u001b[0m\u001b[91m \u001b[0m\u001b[91mfind Python - Use the switch --python=\"/path/to/pythonexecutable\"\ngyp\u001b[0m\u001b[91m ERR!\u001b[0m\u001b[91m \u001b[0m\u001b[91mfind Python   (accepted by both node-gyp and npm)\ngyp \u001b[0m\u001b[91mERR! \u001b[0m\u001b[91mfind Python - Set the environment variable PYTHON\ngyp\u001b[0m\u001b[91m \u001b[0m\u001b[91mERR! find Python - Set the npm configuration variable python:\n\u001b[0m\u001b[91mgyp \u001b[0m\u001b[91mERR! find Python\u001b[0m\u001b[91m   npm config set python \"/path/to/pythonexecutable\"\ngyp ERR! find Python For more information consult the documentation at:\n\u001b[0m\u001b[91mgyp \u001b[0m\u001b[91mERR! find Python https://github.com/nodejs/node-gyp#installation\n\u001b[0m\u001b[91mgyp \u001b[0m\u001b[91mERR! find Python\u001b[0m\u001b[91m **********************************************************\n\u001b[0m\u001b[91mgyp\u001b[0m\u001b[91m \u001b[0m\u001b[91mERR! \u001b[0m\u001b[91mfind Python \n\u001b[0m\u001b[91mgyp \u001b[0m\u001b[91mERR! \u001b[0m\u001b[91mconfigure error \n\u001b[0m\u001b[91mgyp ERR!\u001b[0m\u001b[91m stack\u001b[0m\u001b[91m Error: Could not find any Python installation to use\n\u001b[0m\u001b[91mgyp ERR!\u001b[0m\u001b[91m stack\u001b[0m\u001b[91m     at PythonFinder.fail (/usr/local/lib/node_modules/npm/node_modules/node-gyp/lib/find-python.js:307:47)\ngyp\u001b[0m\u001b[91m ERR! stack\u001b[0m\u001b[91m     at PythonFinder.runChecks (/usr/local/lib/node_modules/npm/node_modules/node-gyp/lib/find-python.js:136:21)\ngyp\u001b[0m\u001b[91m ERR! \u001b[0m\u001b[91mstack     at PythonFinder.<anonymous> (/usr/local/lib/node_modules/npm/node_modules/node-gyp/lib/find-python.js:179:16)\ngyp \u001b[0m\u001b[91mERR! \u001b[0m\u001b[91mstack\u001b[0m\u001b[91m     at PythonFinder.execFileCallback (/usr/local/lib/node_modules/npm/node_modules/node-gyp/lib/find-python.js:271:16)\ngyp\u001b[0m\u001b[91m ERR!\u001b[0m\u001b[91m stack\u001b[0m\u001b[91m     at exithandler (child_process.js:310:5)\ngyp \u001b[0m\u001b[91mERR! stack\u001b[0m\u001b[91m     at ChildProcess.errorhandler (child_process.js:322:5)\n\u001b[0m\u001b[91mgyp ERR! stack\u001b[0m\u001b[91m     at ChildProcess.emit (events.js:315:20)\ngyp\u001b[0m\u001b[91m ERR! stack     at Process.ChildProcess._handle.onexit (internal/child_process.js:273:12)\ngyp \u001b[0m\u001b[91mERR! stack     at onErrorNT (internal/child_process.js:469:16)\ngyp \u001b[0m\u001b[91mERR!\u001b[0m\u001b[91m stack     at processTicksAndRejections (internal/process/task_queues.js:84:21)\n\u001b[0m\u001b[91mgyp ERR!\u001b[0m\u001b[91m \u001b[0m\u001b[91mSystem Linux 3.10.0-693.17.1.el7.x86_64\n\u001b[0m\u001b[91mgyp ERR! command\u001b[0m\u001b[91m \"/usr/local/bin/node\" \"/usr/local/lib/node_modules/npm/node_modules/node-gyp/bin/node-gyp.js\" \"rebuild\"\n\u001b[0m\u001b[91mgyp ERR!\u001b[0m\u001b[91m cwd\u001b[0m\u001b[91m /src/node_modules/webpack/node_modules/fsevents\n\u001b[0m\u001b[91mgyp \u001b[0m\u001b[91mERR! node -v v12.18.0\n\u001b[0m\u001b[91mgyp ERR! node-gyp -v\u001b[0m\u001b[91m v5.1.0\ngyp ERR!\u001b[0m\u001b[91m not ok\u001b[0m\u001b[91m \n\u001b[0m\n> core-js@2.6.11 postinstall /src/node_modules/core-js\n> node -e \"try{require('./postinstall')}catch(e){}\"\n\n\u001b[96mThank you for using core-js (\u001b[94m https://github.com/zloirock/core-js \u001b[96m) for polyfilling JavaScript standard library!\u001b[0m\n\n\u001b[96mThe project needs your help! Please consider supporting of core-js on Open Collective or Patreon: \u001b[0m\n\u001b[96m>\u001b[94m https://opencollective.com/core-js \u001b[0m\n\u001b[96m>\u001b[94m https://www.patreon.com/zloirock \u001b[0m\n\n\u001b[96mAlso, the author of core-js (\u001b[94m https://github.com/zloirock \u001b[96m) is looking for a good job -)\u001b[0m\n\n\n> full-icu@1.3.0 postinstall /src/node_modules/full-icu\n> node postinstall.js\n\nnpm install icu4c-data@67l (Node 12.18.0 and small-icu 67.1) -> icudt67l.dat\nfull-icu$ /usr/local/bin/node /usr/local/lib/node_modules/npm/bin/npm-cli.js install icu4c-data@67l\n\u001b[91mnpm notice created a lockfile as package-lock.json. You should commit this file.\n\u001b[0m+ icu4c-data@0.67.2\nadded 1 package from 1 contributor and audited 1 package in 1.676s\nfound 0 vulnerabilities\n\n √ icudt67l.dat (link)\nNode will use this ICU datafile if the environment variable NODE_ICU_DATA is set to “node_modules/full-icu”\nor with node --icu-data-dir=node_modules/full-icu YOURAPP.js\n For package.json:\n{\"scripts\":{\"start\":\"node --icu-data-dir=node_modules/full-icu YOURAPP.js\"}}\n\nBy the way, if you have full data, running this in node:\n> new Intl.DateTimeFormat('es',{month:'long'}).format(new Date(9E8));\n... will show “enero”. If it shows “January” you don't have full data.\nNews: Please see https://github.com/icu-project/full-icu-npm/issues/6\n\n> husky@4.2.3 install /src/node_modules/husky\n> node husky install\n\nhusky > Setting up git hooks\nCannot read property 'toString' of null\nhusky > Failed to install\n\n> husky@4.2.3 postinstall /src/node_modules/husky\n> opencollective-postinstall || exit 0\n\n\u001b[96m\u001b[1mThank you for using husky!\u001b[96m\u001b[1m\n\u001b[0m\u001b[96mIf you rely on this package, please consider supporting our open collective:\u001b[22m\u001b[39m\n> \u001b[94mhttps://opencollective.com/husky/donate\u001b[0m\n\n\n> core-js-pure@3.6.4 postinstall /src/node_modules/core-js-pure\n> node -e \"try{require('./postinstall')}catch(e){}\"\n\n\u001b[96mThank you for using core-js (\u001b[94m https://github.com/zloirock/core-js \u001b[96m) for polyfilling JavaScript standard library!\u001b[0m\n\n\u001b[96mThe project needs your help! Please consider supporting of core-js on Open Collective or Patreon: \u001b[0m\n\u001b[96m>\u001b[94m https://opencollective.com/core-js \u001b[0m\n\u001b[96m>\u001b[94m https://www.patreon.com/zloirock \u001b[0m\n\n\u001b[96mAlso, the author of core-js (\u001b[94m https://github.com/zloirock \u001b[96m) is looking for a good job -)\u001b[0m\n\n\n> fsevents@1.2.11 install /src/node_modules/babel-plugin-add-module-exports/node_modules/fsevents\n> node-gyp rebuild\n\n\u001b[91mgyp\u001b[0m\u001b[91m ERR! find Python\u001b[0m\u001b[91m \ngyp \u001b[0m\u001b[91mERR! \u001b[0m\u001b[91mfind Python\u001b[0m\u001b[91m Python is not set from command line or npm configuration\n\u001b[0m\u001b[91mgyp ERR!\u001b[0m\u001b[91m find Python Python is not set from environment variable PYTHON\ngyp \u001b[0m\u001b[91mERR! find Python checking if \"python\" can be used\n\u001b[0m\u001b[91mgyp \u001b[0m\u001b[91mERR! find Python\u001b[0m\u001b[91m - \"python\" is not in PATH or produced an error\ngyp \u001b[0m\u001b[91mERR!\u001b[0m\u001b[91m \u001b[0m\u001b[91mfind Python checking if \"python2\" can be used\ngyp\u001b[0m\u001b[91m ERR!\u001b[0m\u001b[91m find Python\u001b[0m\u001b[91m - \"python2\" is not in PATH or produced an error\n\u001b[0m\u001b[91mgyp ERR! find Python\u001b[0m\u001b[91m checking if \"python3\" can be used\n\u001b[0m\u001b[91mgyp ERR!\u001b[0m\u001b[91m find Python - \"python3\" is not in PATH or produced an error\ngyp ERR!\u001b[0m\u001b[91m find Python\u001b[0m\u001b[91m \ngyp ERR!\u001b[0m\u001b[91m find Python\u001b[0m\u001b[91m **********************************************************\ngyp\u001b[0m\u001b[91m ERR! \u001b[0m\u001b[91mfind Python\u001b[0m\u001b[91m You need to install the latest version of Python.\ngyp ERR! \u001b[0m\u001b[91mfind Python Node-gyp should be able to find and use Python. If not,\n\u001b[0m\u001b[91mgyp ERR!\u001b[0m\u001b[91m find Python\u001b[0m\u001b[91m you can try one of the following options:\ngyp\u001b[0m\u001b[91m ERR! find Python - Use the switch --python=\"/path/to/pythonexecutable\"\n\u001b[0m\u001b[91mgyp ERR! \u001b[0m\u001b[91mfind Python   (accepted by both node-gyp and npm)\ngyp\u001b[0m\u001b[91m \u001b[0m\u001b[91mERR! \u001b[0m\u001b[91mfind Python - Set the environment variable PYTHON\ngyp \u001b[0m\u001b[91mERR! find Python - Set the npm configuration variable python:\ngyp\u001b[0m\u001b[91m ERR!\u001b[0m\u001b[91m find Python   npm config set python \"/path/to/pythonexecutable\"\ngyp \u001b[0m\u001b[91mERR! \u001b[0m\u001b[91mfind Python For more information consult the documentation at:\ngyp \u001b[0m\u001b[91mERR! \u001b[0m\u001b[91mfind Python https://github.com/nodejs/node-gyp#installation\n\u001b[0m\u001b[91mgyp\u001b[0m\u001b[91m ERR! \u001b[0m\u001b[91mfind Python **********************************************************\ngyp\u001b[0m\u001b[91m ERR! find Python\u001b[0m\u001b[91m \n\u001b[0m\u001b[91mgyp ERR! configure error \n\u001b[0m\u001b[91mgyp ERR! stack Error: Could not find any Python installation to use\ngyp \u001b[0m\u001b[91mERR! stack     at PythonFinder.fail (/usr/local/lib/node_modules/npm/node_modules/node-gyp/lib/find-python.js:307:47)\ngyp \u001b[0m\u001b[91mERR! stack     at PythonFinder.runChecks (/usr/local/lib/node_modules/npm/node_modules/node-gyp/lib/find-python.js:136:21)\ngyp \u001b[0m\u001b[91mERR! stack\u001b[0m\u001b[91m     at PythonFinder.<anonymous> (/usr/local/lib/node_modules/npm/node_modules/node-gyp/lib/find-python.js:179:16)\n\u001b[0m\u001b[91mgyp\u001b[0m\u001b[91m ERR! \u001b[0m\u001b[91mstack     at PythonFinder.execFileCallback (/usr/local/lib/node_modules/npm/node_modules/node-gyp/lib/find-python.js:271:16)\n\u001b[0m\u001b[91mgyp \u001b[0m\u001b[91mERR! stack\u001b[0m\u001b[91m     at exithandler (child_process.js:310:5)\ngyp \u001b[0m\u001b[91mERR! \u001b[0m\u001b[91mstack     at ChildProcess.errorhandler (child_process.js:322:5)\ngyp\u001b[0m\u001b[91m ERR! stack\u001b[0m\u001b[91m     at ChildProcess.emit (events.js:315:20)\n\u001b[0m\u001b[91mgyp ERR!\u001b[0m\u001b[91m stack     at Process.ChildProcess._handle.onexit (internal/child_process.js:273:12)\n\u001b[0m\u001b[91mgyp \u001b[0m\u001b[91mERR!\u001b[0m\u001b[91m \u001b[0m\u001b[91mstack\u001b[0m\u001b[91m     at onErrorNT (internal/child_process.js:469:16)\n\u001b[0m\u001b[91mgyp\u001b[0m\u001b[91m \u001b[0m\u001b[91mERR!\u001b[0m\u001b[91m \u001b[0m\u001b[91mstack\u001b[0m\u001b[91m     at processTicksAndRejections (internal/process/task_queues.js:84:21)\n\u001b[0m\u001b[91mgyp ERR! \u001b[0m\u001b[91mSystem Linux 3.10.0-693.17.1.el7.x86_64\n\u001b[0m\u001b[91mgyp ERR! command \"/usr/local/bin/node\" \"/usr/local/lib/node_modules/npm/node_modules/node-gyp/bin/node-gyp.js\" \"rebuild\"\n\u001b[0m\u001b[91mgyp \u001b[0m\u001b[91mERR! \u001b[0m\u001b[91mcwd /src/node_modules/babel-plugin-add-module-exports/node_modules/fsevents\n\u001b[0m\u001b[91mgyp ERR! node -v\u001b[0m\u001b[91m v12.18.0\n\u001b[0m\u001b[91mgyp ERR!\u001b[0m\u001b[91m \u001b[0m\u001b[91mnode-gyp -v v5.1.0\ngyp\u001b[0m\u001b[91m ERR! \u001b[0m\u001b[91mnot ok \n\u001b[0madded 2523 packages in 40.435s\nRemoving intermediate container 3599d769d284\n ---> 828d2ce3fa6c\nStep 5/30 : FROM base AS check\n ---> 828d2ce3fa6c\nStep 6/30 : ARG CI\n ---> Running in 8dda305e921b\nRemoving intermediate container 8dda305e921b\n ---> c54097744dff\nStep 7/30 : ENV CI $CI\n ---> Running in 6cc1b04d2349\nRemoving intermediate container 6cc1b04d2349\n ---> 3892ff9e410f\nStep 8/30 : COPY . .\n ---> 7cc2afd1a8c7\nStep 9/30 : RUN npm run lint\n ---> Running in 0bc2b716e339\n\n> project-name@0.0.0 lint /src\n> npm run lint:eslint && npm run lint:stylelint\n\n\n> project-name@0.0.0 lint:eslint /src\n> eslint --ignore-path .gitignore .\n\n\n> project-name@0.0.0 lint:stylelint /src\n> stylelint --ignore-path .gitignore .\n\nRemoving intermediate container 0bc2b716e339\n ---> 66f4c950fa90\nStep 10/30 : RUN npm test\n ---> Running in 3d301267223e\n\n> project-name@0.0.0 test /src\n> jest\n\n\u001b[91mFAIL www/app/App.test.js\n\u001b[0m\u001b[91m  ● Test suite failed to run\n\n    Cannot find module '@babel/compat-data/corejs3-shipped-proposals'\n    Require stack:\n    - /src/node_modules/@moxy/babel-preset/node_modules/@babel/preset-env/lib/polyfills/corejs3/usage-plugin.js\n    - /src/node_modules/@moxy/babel-preset/node_modules/@babel/preset-env/lib/index.js\n    - /src/node_modules/@babel/core/lib/config/files/plugins.js\n    - /src/node_modules/@babel/core/lib/config/files/index.js\n    - /src/node_modules/@babel/core/lib/index.js\n    - /src/node_modules/babel-jest/build/index.js\n    - /src/node_modules/@jest/transform/build/ScriptTransformer.js\n    - /src/node_modules/@jest/transform/build/index.js\n    - /src/node_modules/jest-runtime/build/index.js\n    - /src/node_modules/jest-runner/build/testWorker.js\n    - /src/node_modules/jest-runner/node_modules/jest-worker/build/workers/processChild.js\n\n      at Object.<anonymous> (node_modules/@moxy/babel-preset/node_modules/@babel/preset-env/lib/polyfills/corejs3/usage-plugin.js:10:55)\n\n\u001b[0m\u001b[91mFAIL www/pages/terms/Terms.test.js\n  ● Test suite failed to run\n\n    Cannot find module '@babel/compat-data/corejs3-shipped-proposals'\n    Require stack:\n    - /src/node_modules/@moxy/babel-preset/node_modules/@babel/preset-env/lib/polyfills/corejs3/usage-plugin.js\n    - /src/node_modules/@moxy/babel-preset/node_modules/@babel/preset-env/lib/index.js\n    - /src/node_modules/@babel/core/lib/config/files/plugins.js\n    - /src/node_modules/@babel/core/lib/config/files/index.js\n    - /src/node_modules/@babel/core/lib/index.js\n    - /src/node_modules/babel-jest/build/index.js\n    - /src/node_modules/@jest/transform/build/ScriptTransformer.js\n    - /src/node_modules/@jest/transform/build/index.js\n    - /src/node_modules/jest-runtime/build/index.js\n    - /src/node_modules/jest-runner/build/testWorker.js\n    - /src/node_modules/jest-runner/node_modules/jest-worker/build/workers/processChild.js\n\n      at Object.<anonymous> (node_modules/@moxy/babel-preset/node_modules/@babel/preset-env/lib/polyfills/corejs3/usage-plugin.js:10:55)\n\n\u001b[0m\u001b[91mFAIL www/pages/error/ErrorPage.test.js\n  ● Test suite failed to run\n\n    Cannot find module '@babel/compat-data/corejs3-shipped-proposals'\n    Require stack:\n    - /src/node_modules/@moxy/babel-preset/node_modules/@babel/preset-env/lib/polyfills/corejs3/usage-plugin.js\n    - /src/node_modules/@moxy/babel-preset/node_modules/@babel/preset-env/lib/index.js\n    - /src/node_modules/@babel/core/lib/config/files/plugins.js\n    - /src/node_modules/@babel/core/lib/config/files/index.js\n    - /src/node_modules/@babel/core/lib/index.js\n    - /src/node_modules/babel-jest/build/index.js\n    - /src/node_modules/@jest/transform/build/ScriptTransformer.js\n    - /src/node_modules/@jest/transform/build/index.js\n    - /src/node_modules/jest-runtime/build/index.js\n    - /src/node_modules/jest-runner/build/testWorker.js\n    - /src/node_modules/jest-runner/node_modules/jest-worker/build/workers/processChild.js\n\n      at Object.<anonymous> (node_modules/@moxy/babel-preset/node_modules/@babel/preset-env/lib/polyfills/corejs3/usage-plugin.js:10:55)\n\n\u001b[0m\u001b[91mFAIL www/shared/modules/react-main-layout/MainLayout.test.js\n  ● Test suite failed to run\n\n    Cannot find module '@babel/compat-data/corejs3-shipped-proposals'\n    Require stack:\n    - /src/node_modules/@moxy/babel-preset/node_modules/@babel/preset-env/lib/polyfills/corejs3/usage-plugin.js\n    - /src/node_modules/@moxy/babel-preset/node_modules/@babel/preset-env/lib/index.js\n    - /src/node_modules/@babel/core/lib/config/files/plugins.js\n    - /src/node_modules/@babel/core/lib/config/files/index.js\n    - /src/node_modules/@babel/core/lib/index.js\n    - /src/node_modules/babel-jest/build/index.js\n    - /src/node_modules/@jest/transform/build/ScriptTransformer.js\n    - /src/node_modules/@jest/transform/build/index.js\n    - /src/node_modules/jest-runtime/build/index.js\n    - /src/node_modules/jest-runner/build/testWorker.js\n    - /src/node_modules/jest-runner/node_modules/jest-worker/build/workers/processChild.js\n\n      at Object.<anonymous> (node_modules/@moxy/babel-preset/node_modules/@babel/preset-env/lib/polyfills/corejs3/usage-plugin.js:10:55)\n\n\u001b[0m\u001b[91mFAIL www/pages/home/Home.test.js\n\u001b[0m\u001b[91m  ● Test suite failed to run\n\n    Cannot find module '@babel/compat-data/corejs3-shipped-proposals'\n    Require stack:\n    - /src/node_modules/@moxy/babel-preset/node_modules/@babel/preset-env/lib/polyfills/corejs3/usage-plugin.js\n    - /src/node_modules/@moxy/babel-preset/node_modules/@babel/preset-env/lib/index.js\n    - /src/node_modules/@babel/core/lib/config/files/plugins.js\n    - /src/node_modules/@babel/core/lib/config/files/index.js\n    - /src/node_modules/@babel/core/lib/index.js\n    - /src/node_modules/babel-jest/build/index.js\n    - /src/node_modules/@jest/transform/build/ScriptTransformer.js\n    - /src/node_modules/@jest/transform/build/index.js\n    - /src/node_modules/jest-runtime/build/index.js\n    - /src/node_modules/jest-runner/build/testWorker.js\n    - /src/node_modules/jest-runner/node_modules/jest-worker/build/workers/processChild.js\n\n      at Object.<anonymous> (node_modules/@moxy/babel-preset/node_modules/@babel/preset-env/lib/polyfills/corejs3/usage-plugin.js:10:55)\n\n\u001b[0m\u001b[91mFAIL www/shared/modules/react-cookie-banner/CookieBanner.test.js\n  ● Test suite failed to run\n\n    Cannot find module '@babel/compat-data/corejs3-shipped-proposals'\n    Require stack:\n    - /src/node_modules/@moxy/babel-preset/node_modules/@babel/preset-env/lib/polyfills/corejs3/usage-plugin.js\n    - /src/node_modules/@moxy/babel-preset/node_modules/@babel/preset-env/lib/index.js\n    - /src/node_modules/@babel/core/lib/config/files/plugins.js\n    - /src/node_modules/@babel/core/lib/config/files/index.js\n    - /src/node_modules/@babel/core/lib/index.js\n    - /src/node_modules/babel-jest/build/index.js\n    - /src/node_modules/@jest/transform/build/ScriptTransformer.js\n    - /src/node_modules/@jest/transform/build/index.js\n    - /src/node_modules/jest-runtime/build/index.js\n    - /src/node_modules/jest-runner/build/testWorker.js\n    - /src/node_modules/jest-runner/node_modules/jest-worker/build/workers/processChild.js\n\n      at Object.<anonymous> (node_modules/@moxy/babel-preset/node_modules/@babel/preset-env/lib/polyfills/corejs3/usage-plugin.js:10:55)\n\n\u001b[0m\u001b[91mFAIL www/document/Document.test.js\n  ● Test suite failed to run\n\n    Cannot find module '@babel/compat-data/corejs3-shipped-proposals'\n    Require stack:\n    - /src/node_modules/@moxy/babel-preset/node_modules/@babel/preset-env/lib/polyfills/corejs3/usage-plugin.js\n    - /src/node_modules/@moxy/babel-preset/node_modules/@babel/preset-env/lib/index.js\n    - /src/node_modules/@babel/core/lib/config/files/plugins.js\n    - /src/node_modules/@babel/core/lib/config/files/index.js\n    - /src/node_modules/@babel/core/lib/index.js\n    - /src/node_modules/babel-jest/build/index.js\n    - /src/node_modules/@jest/transform/build/ScriptTransformer.js\n    - /src/node_modules/@jest/transform/build/index.js\n    - /src/node_modules/jest-runtime/build/index.js\n    - /src/node_modules/jest-runner/build/testWorker.js\n    - /src/node_modules/jest-runner/node_modules/jest-worker/build/workers/processChild.js\n\n      at Object.<anonymous> (node_modules/@moxy/babel-preset/node_modules/@babel/preset-env/lib/polyfills/corejs3/usage-plugin.js:10:55)\n\n\u001b[0m\u001b[91mFAIL www/shared/modules/react-footer/Footer.test.js\n  ● Test suite failed to run\n\n    Cannot find module '@babel/compat-data/corejs3-shipped-proposals'\n    Require stack:\n    - /src/node_modules/@moxy/babel-preset/node_modules/@babel/preset-env/lib/polyfills/corejs3/usage-plugin.js\n    - /src/node_modules/@moxy/babel-preset/node_modules/@babel/preset-env/lib/index.js\n    - /src/node_modules/@babel/core/lib/config/files/plugins.js\n    - /src/node_modules/@babel/core/lib/config/files/index.js\n    - /src/node_modules/@babel/core/lib/index.js\n    - /src/node_modules/babel-jest/build/index.js\n    - /src/node_modules/@jest/transform/build/ScriptTransformer.js\n    - /src/node_modules/@jest/transform/build/index.js\n    - /src/node_modules/jest-runtime/build/index.js\n    - /src/node_modules/jest-runner/build/testWorker.js\n    - /src/node_modules/jest-runner/node_modules/jest-worker/build/workers/processChild.js\n\n      at Object.<anonymous> (node_modules/@moxy/babel-preset/node_modules/@babel/preset-env/lib/polyfills/corejs3/usage-plugin.js:10:55)\n\n\u001b[0m\u001b[91mFAIL www/pages/contacts/Contacts.test.js\n  ● Test suite failed to run\n\n    Cannot find module '@babel/compat-data/corejs3-shipped-proposals'\n    Require stack:\n    - /src/node_modules/@moxy/babel-preset/node_modules/@babel/preset-env/lib/polyfills/corejs3/usage-plugin.js\n    - /src/node_modules/@moxy/babel-preset/node_modules/@babel/preset-env/lib/index.js\n    - /src/node_modules/@babel/core/lib/config/files/plugins.js\n    - /src/node_modules/@babel/core/lib/config/files/index.js\n    - /src/node_modules/@babel/core/lib/index.js\n    - /src/node_modules/babel-jest/build/index.js\n    - /src/node_modules/@jest/transform/build/ScriptTransformer.js\n    - /src/node_modules/@jest/transform/build/index.js\n    - /src/node_modules/jest-runtime/build/index.js\n    - /src/node_modules/jest-runner/build/testWorker.js\n    - /src/node_modules/jest-runner/node_modules/jest-worker/build/workers/processChild.js\n\n      at Object.<anonymous> (node_modules/@moxy/babel-preset/node_modules/@babel/preset-env/lib/polyfills/corejs3/usage-plugin.js:10:55)\n\n\u001b[0m\u001b[91mFAIL intl/index.test.js\n  ● Test suite failed to run\n\n    Cannot find module '@babel/compat-data/corejs3-shipped-proposals'\n    Require stack:\n    - /src/node_modules/@moxy/babel-preset/node_modules/@babel/preset-env/lib/polyfills/corejs3/usage-plugin.js\n    - /src/node_modules/@moxy/babel-preset/node_modules/@babel/preset-env/lib/index.js\n    - /src/node_modules/@babel/core/lib/config/files/plugins.js\n    - /src/node_modules/@babel/core/lib/config/files/index.js\n    - /src/node_modules/@babel/core/lib/index.js\n    - /src/node_modules/babel-jest/build/index.js\n    - /src/node_modules/@jest/transform/build/ScriptTransformer.js\n    - /src/node_modules/@jest/transform/build/index.js\n    - /src/node_modules/jest-runtime/build/index.js\n    - /src/node_modules/jest-runner/build/testWorker.js\n    - /src/node_modules/jest-runner/node_modules/jest-worker/build/workers/processChild.js\n\n      at Object.<anonymous> (node_modules/@moxy/babel-preset/node_modules/@babel/preset-env/lib/polyfills/corejs3/usage-plugin.js:10:55)\n\n\u001b[0m\u001b[91mFAIL www/shared/utils/google-tag-manager/google-tag-manager.test.js\n  ● Test suite failed to run\n\n    Cannot find module '@babel/compat-data/corejs3-shipped-proposals'\n    Require stack:\n    - /src/node_modules/@moxy/babel-preset/node_modules/@babel/preset-env/lib/polyfills/corejs3/usage-plugin.js\n    - /src/node_modules/@moxy/babel-preset/node_modules/@babel/preset-env/lib/index.js\n    - /src/node_modules/@babel/core/lib/config/files/plugins.js\n    - /src/node_modules/@babel/core/lib/config/files/index.js\n    - /src/node_modules/@babel/core/lib/index.js\n    - /src/node_modules/babel-jest/build/index.js\n    - /src/node_modules/@jest/transform/build/ScriptTransformer.js\n    - /src/node_modules/@jest/transform/build/index.js\n    - /src/node_modules/jest-runtime/build/index.js\n    - /src/node_modules/jest-runner/build/testWorker.js\n    - /src/node_modules/jest-runner/node_modules/jest-worker/build/workers/processChild.js\n\n      at Object.<anonymous> (node_modules/@moxy/babel-preset/node_modules/@babel/preset-env/lib/polyfills/corejs3/usage-plugin.js:10:55)\n\n\u001b[0m\u001b[91mFAIL www/shared/modules/react-header/Header.test.js\n  ● Test suite failed to run\n\n    Cannot find module '@babel/compat-data/corejs3-shipped-proposals'\n    Require stack:\n    - /src/node_modules/@moxy/babel-preset/node_modules/@babel/preset-env/lib/polyfills/corejs3/usage-plugin.js\n    - /src/node_modules/@moxy/babel-preset/node_modules/@babel/preset-env/lib/index.js\n    - /src/node_modules/@babel/core/lib/config/files/plugins.js\n    - /src/node_modules/@babel/core/lib/config/files/index.js\n    - /src/node_modules/@babel/core/lib/index.js\n    - /src/node_modules/babel-jest/build/index.js\n    - /src/node_modules/@jest/transform/build/ScriptTransformer.js\n    - /src/node_modules/@jest/transform/build/index.js\n    - /src/node_modules/jest-runtime/build/index.js\n    - /src/node_modules/jest-runner/build/testWorker.js\n    - /src/node_modules/jest-runner/node_modules/jest-worker/build/workers/processChild.js\n\n      at Object.<anonymous> (node_modules/@moxy/babel-preset/node_modules/@babel/preset-env/lib/polyfills/corejs3/usage-plugin.js:10:55)\n\n\u001b[0m\u001b[91mFAIL www/shared/test-utils/modules/react-app-tree/AppTree.test.js\n  ● Test suite failed to run\n\n    Cannot find module '@babel/compat-data/corejs3-shipped-proposals'\n    Require stack:\n    - /src/node_modules/@moxy/babel-preset/node_modules/@babel/preset-env/lib/polyfills/corejs3/usage-plugin.js\n    - /src/node_modules/@moxy/babel-preset/node_modules/@babel/preset-env/lib/index.js\n    - /src/node_modules/@babel/core/lib/config/files/plugins.js\n    - /src/node_modules/@babel/core/lib/config/files/index.js\n    - /src/node_modules/@babel/core/lib/index.js\n    - /src/node_modules/babel-jest/build/index.js\n    - /src/node_modules/@jest/transform/build/ScriptTransformer.js\n    - /src/node_modules/@jest/transform/build/index.js\n    - /src/node_modules/jest-runtime/build/index.js\n    - /src/node_modules/jest-runner/build/testWorker.js\n    - /src/node_modules/jest-runner/node_modules/jest-worker/build/workers/processChild.js\n\n      at Object.<anonymous> (node_modules/@moxy/babel-preset/node_modules/@babel/preset-env/lib/polyfills/corejs3/usage-plugin.js:10:55)\n\n\u001b[0m\u001b[91mFAIL www/pages/contacts/project-info/ProjectInfo.test.js\n  ● Test suite failed to run\n\n    Cannot find module '@babel/compat-data/corejs3-shipped-proposals'\n    Require stack:\n    - /src/node_modules/@moxy/babel-preset/node_modules/@babel/preset-env/lib/polyfills/corejs3/usage-plugin.js\n    - /src/node_modules/@moxy/babel-preset/node_modules/@babel/preset-env/lib/index.js\n    - /src/node_modules/@babel/core/lib/config/files/plugins.js\n    - /src/node_modules/@babel/core/lib/config/files/index.js\n    - /src/node_modules/@babel/core/lib/index.js\n    - /src/node_modules/babel-jest/build/index.js\n    - /src/node_modules/@jest/transform/build/ScriptTransformer.js\n    - /src/node_modules/@jest/transform/build/index.js\n    - /src/node_modules/jest-runtime/build/index.js\n    - /src/node_modules/jest-runner/build/testWorker.js\n    - /src/node_modules/jest-runner/node_modules/jest-worker/build/workers/processChild.js\n\n      at Object.<anonymous> (node_modules/@moxy/babel-preset/node_modules/@babel/preset-env/lib/polyfills/corejs3/usage-plugin.js:10:55)\n\n\u001b[0m\u001b[91mTest Suites: 14 failed, 14 total\nTests:       0 total\nSnapshots:   0 total\nTime:        3.651s\nRan all test suites.\n\u001b[0m\u001b[91mnpm ERR!\u001b[0m\u001b[91m Test failed.  See above for more details.\n\u001b[0m",
    "raw_stderr_log": "The command '/bin/sh -c npm test' returned a non-zero code: 1",
    "html_url": "https://github.com/moxystudio/next-with-moxy",
    "repo_commit": "1b174a95f3fb56b74b0ef149cb55dd198bf5543d",
    "repo_id": 209079893
  },
  {
    "raw_dockerfile": "FROM fedora:23\n\n# Install HAproxy/Pen/NGinx TCP/UDP proxies. Mako for config templates. GeoIP because Pen depends on it\nRUN dnf -y install haproxy pen GeoIP-GeoLite-data-extra nginx python-pip procps && \\\n\tdnf clean all\n\nADD requirements.txt /tmp/requirements.txt\nRUN pip install -r /tmp/requirements.txt\n\n# Run Pen proxy as user \"pen\"\nRUN groupadd pen && useradd -g pen pen\nENV PEN_USER pen\n\n# Clear the default Nginx config file\nRUN echo \"\" > /etc/nginx/conf.d/default.conf\n\n# Add tini to avoid PID 1 zombie reaping problem\nRUN curl -o /usr/local/bin/tini -fsSL https://github.com/krallin/tini/releases/download/v0.8.4/tini && \\\n    chmod +x /usr/local/bin/tini && \\\n    echo \"c4894d809f3e2bdcc9c2e20db037d80b17944fc6 /usr/local/bin/tini\" | sha1sum -c -\n\nENV PYTHONPATH /usr/lib/python:/src\n\nCOPY haproxy.cfg.tpl /etc/haproxy/haproxy.cfg.tpl\nCOPY nginx.tpl /etc/nginx/nginx.conf.tpl\nCOPY pen.cfg.tpl /etc/pen/pen.cfg.tpl\nCOPY src/ /src/\n\n# Run unit tests\nADD test /\nADD setup.cfg /\nRUN /test\n\nENTRYPOINT [\"tini\", \"--\", \"python\", \"/src/proxymatic/main.py\"]",
    "raw_stdout_log": "Sending build context to Docker daemon  307.7kB\r\r\nStep 1/17 : FROM fedora:23\n23: Pulling from library/fedora\n14707640923f: Pulling fs layer\n14707640923f: Verifying Checksum\n14707640923f: Download complete\n14707640923f: Pull complete\nDigest: sha256:24994d55192ca83f7837c5e4c24323b0f78445af37c2abca0019b8fc7ec4852f\nStatus: Downloaded newer image for fedora:23\n ---> 60ba3309bebb\nStep 2/17 : RUN dnf -y install haproxy pen GeoIP-GeoLite-data-extra nginx python-pip procps && \tdnf clean all\n ---> Running in aabe60e14bd2\nLast metadata expiration check: 0:00:28 ago on Sun Jun 28 15:36:50 2020.\nDependencies resolved.\n================================================================================\n Package                     Arch      Version                 Repository  Size\n================================================================================\nInstalling:\n GeoIP                       x86_64    1.6.6-1.fc23            fedora     118 k\n GeoIP-GeoLite-data          noarch    2016.10-1.fc23          updates    462 k\n GeoIP-GeoLite-data-extra    noarch    2016.10-1.fc23          updates     22 M\n aajohan-comfortaa-fonts     noarch    2.004-5.fc23            fedora     151 k\n apr                         x86_64    1.5.2-2.fc23            fedora     113 k\n apr-util                    x86_64    1.5.4-2.fc23            fedora      96 k\n fedora-logos-httpd          noarch    22.0.0-2.fc23           fedora      33 k\n fontconfig                  x86_64    2.11.94-5.fc23          updates    242 k\n fontpackages-filesystem     noarch    1.44-14.fc23            fedora      15 k\n freetype                    x86_64    2.6.0-3.fc23            fedora     410 k\n gd                          x86_64    2.1.1-10.fc23           updates    146 k\n gperftools-libs             x86_64    2.4-5.fc23              fedora     273 k\n groff-base                  x86_64    1.22.3-6.fc23           fedora     1.0 M\n haproxy                     x86_64    1.5.18-1.fc23           updates    846 k\n httpd                       x86_64    2.4.23-4.fc23           updates    1.4 M\n httpd-filesystem            noarch    2.4.23-4.fc23           updates     26 k\n httpd-tools                 x86_64    2.4.23-4.fc23           updates     90 k\n jbigkit-libs                x86_64    2.1-4.fc23              fedora      51 k\n libX11                      x86_64    1.6.3-2.fc23            fedora     608 k\n libX11-common               noarch    1.6.3-2.fc23            fedora     166 k\n libXau                      x86_64    1.0.8-5.fc23            fedora      33 k\n libXpm                      x86_64    3.5.11-4.fc23           fedora      54 k\n libjpeg-turbo               x86_64    1.4.1-2.fc23            fedora     147 k\n libpng                      x86_64    2:1.6.26-1.fc23         updates    119 k\n libtiff                     x86_64    4.0.4-1.fc23            fedora     173 k\n libunwind                   x86_64    1.1-10.fc23             fedora      64 k\n libvpx                      x86_64    1.4.0-6.fc23            updates    618 k\n libxcb                      x86_64    1.11.1-1.fc23           updates    192 k\n libxslt                     x86_64    1.1.28-11.fc23          fedora     246 k\n mailcap                     noarch    2.1.45-1.fc23           fedora      37 k\n make                        x86_64    1:4.0-5.1.fc23          fedora     449 k\n nginx                       x86_64    1:1.8.1-3.fc23          updates    536 k\n nginx-filesystem            noarch    1:1.8.1-3.fc23          updates     20 k\n nginx-mimetypes             noarch    2.1.45-1.fc23           fedora      26 k\n openssl                     x86_64    1:1.0.2j-1.fc23         updates    491 k\n pen                         x86_64    0.29.0-1.fc23           fedora     103 k\n perl                        x86_64    4:5.22.2-355.fc23       updates    6.9 M\n perl-Carp                   noarch    1.38-1.fc23             updates     29 k\n perl-Encode                 x86_64    3:2.80-7.fc23           updates    1.5 M\n perl-Exporter               noarch    5.72-347.fc23           fedora      33 k\n perl-File-Path              noarch    2.09-347.fc23           fedora      31 k\n perl-File-Temp              noarch    0.23.04-346.fc23        fedora      61 k\n perl-Getopt-Long            noarch    2.49.1-1.fc23           updates     62 k\n perl-HTTP-Tiny              noarch    0.056-4.fc23            updates     53 k\n perl-MIME-Base64            x86_64    3.15-348.fc23           fedora      29 k\n perl-PathTools              x86_64    3.62-2.fc23             updates     88 k\n perl-Pod-Escapes            noarch    1:1.07-348.fc23         fedora      19 k\n perl-Pod-Perldoc            noarch    3.26-1.fc23             updates     86 k\n perl-Pod-Simple             noarch    1:3.31-1.fc23           fedora     211 k\n perl-Pod-Usage              noarch    4:1.67-3.fc23           fedora      33 k\n perl-Scalar-List-Utils      x86_64    2:1.43-1.fc23           updates     62 k\n perl-Socket                 x86_64    3:2.024-1.fc23          updates     56 k\n perl-Storable               x86_64    1:2.53-347.fc23         updates     84 k\n perl-Term-ANSIColor         noarch    4.03-346.fc23           fedora      45 k\n perl-Term-Cap               noarch    1.17-1.fc23             fedora      22 k\n perl-Text-ParseWords        noarch    3.30-346.fc23           fedora      17 k\n perl-Text-Tabs+Wrap         noarch    2013.0523-346.fc23      fedora      23 k\n perl-Time-HiRes             x86_64    1.9728-1.fc23           updates     50 k\n perl-Time-Local             noarch    1:1.250-1.fc23          updates     30 k\n perl-Unicode-Normalize      x86_64    1.24-1.fc23             updates     80 k\n perl-constant               noarch    1.33-347.fc23           fedora      24 k\n perl-libs                   x86_64    4:5.22.2-355.fc23       updates    823 k\n perl-macros                 x86_64    4:5.22.2-355.fc23       updates     57 k\n perl-parent                 noarch    1:0.234-3.fc23          fedora      18 k\n perl-podlators              noarch    2.5.3-347.fc23          fedora     112 k\n perl-threads                x86_64    1:2.02-2.fc23           fedora      58 k\n perl-threads-shared         x86_64    1.48-346.fc23           fedora      44 k\n procps-ng                   x86_64    3.3.10-9.fc23           fedora     392 k\n python                      x86_64    2.7.11-11.fc23          updates     95 k\n python-libs                 x86_64    2.7.11-11.fc23          updates    5.8 M\n python-pip                  noarch    7.1.0-1.fc23            fedora     1.5 M\n python-setuptools           noarch    18.0.1-2.fc23           fedora     425 k\nUpgrading:\n openssl-libs                x86_64    1:1.0.2j-1.fc23         updates    1.2 M\n\nTransaction Summary\n================================================================================\nInstall  72 Packages\nUpgrade   1 Package\n\nTotal download size: 52 M\nDownloading Packages:\n--------------------------------------------------------------------------------\nTotal                                           7.3 MB/s |  52 MB     00:07     \nRunning transaction check\nTransaction check succeeded.\nRunning transaction test\nTransaction test succeeded.\nRunning transaction\n  Installing  : perl-libs-4:5.22.2-355.fc23.x86_64                         1/74 \n  Upgrading   : openssl-libs-1:1.0.2j-1.fc23.x86_64                        2/74 \n  Installing  : apr-1.5.2-2.fc23.x86_64                                    3/74 \n  Installing  : apr-util-1.5.4-2.fc23.x86_64                               4/74 \n  Installing  : libpng-2:1.6.26-1.fc23.x86_64                              5/74 \n  Installing  : freetype-2.6.0-3.fc23.x86_64                               6/74 \n  Installing  : fontpackages-filesystem-1.44-14.fc23.noarch                7/74 \n  Installing  : libjpeg-turbo-1.4.1-2.fc23.x86_64                          8/74 \n  Installing  : nginx-filesystem-1:1.8.1-3.fc23.noarch                     9/74 \n  Installing  : GeoIP-GeoLite-data-2016.10-1.fc23.noarch                  10/74 \n  Installing  : GeoIP-1.6.6-1.fc23.x86_64                                 11/74 \n  Installing  : nginx-mimetypes-2.1.45-1.fc23.noarch                      12/74 \n  Installing  : aajohan-comfortaa-fonts-2.004-5.fc23.noarch               13/74 \n  Installing  : fontconfig-2.11.94-5.fc23.x86_64                          14/74 \n  Installing  : httpd-tools-2.4.23-4.fc23.x86_64                          15/74 \n  Installing  : python-libs-2.7.11-11.fc23.x86_64                         16/74 \n  Installing  : python-setuptools-18.0.1-2.fc23.noarch                    17/74 \n  Installing  : python-2.7.11-11.fc23.x86_64                              18/74 \n  Installing  : python-pip-7.1.0-1.fc23.noarch                            19/74 \n  Installing  : perl-macros-4:5.22.2-355.fc23.x86_64                      20/74 \n  Installing  : fedora-logos-httpd-22.0.0-2.fc23.noarch                   21/74 \n  Installing  : libXau-1.0.8-5.fc23.x86_64                                22/74 \n  Installing  : libxcb-1.11.1-1.fc23.x86_64                               23/74 \n  Installing  : groff-base-1.22.3-6.fc23.x86_64                           24/74 \n  Installing  : perl-Time-Local-1:1.250-1.fc23.noarch                     25/74 \n  Installing  : perl-Term-ANSIColor-4.03-346.fc23.noarch                  26/74 \n  Installing  : perl-Term-Cap-1.17-1.fc23.noarch                          27/74 \n  Installing  : perl-HTTP-Tiny-0.056-4.fc23.noarch                        28/74 \n  Installing  : perl-MIME-Base64-3.15-348.fc23.x86_64                     29/74 \n  Installing  : perl-podlators-2.5.3-347.fc23.noarch                      30/74 \n  Installing  : perl-Pod-Perldoc-3.26-1.fc23.noarch                       31/74 \n  Installing  : perl-Pod-Escapes-1:1.07-348.fc23.noarch                   32/74 \n  Installing  : perl-Text-ParseWords-3.30-346.fc23.noarch                 33/74 \n  Installing  : perl-Encode-3:2.80-7.fc23.x86_64                          34/74 \n  Installing  : perl-Pod-Usage-4:1.67-3.fc23.noarch                       35/74 \n  Installing  : perl-Text-Tabs+Wrap-2013.0523-346.fc23.noarch             36/74 \n  Installing  : perl-parent-1:0.234-3.fc23.noarch                         37/74 \n  Installing  : perl-constant-1.33-347.fc23.noarch                        38/74 \n  Installing  : perl-threads-1:2.02-2.fc23.x86_64                         39/74 \n  Installing  : perl-Carp-1.38-1.fc23.noarch                              40/74 \n  Installing  : perl-threads-shared-1.48-346.fc23.x86_64                  41/74 \n  Installing  : perl-Scalar-List-Utils-2:1.43-1.fc23.x86_64               42/74 \n  Installing  : perl-File-Path-2.09-347.fc23.noarch                       43/74 \n  Installing  : perl-File-Temp-0.23.04-346.fc23.noarch                    44/74 \n  Installing  : perl-PathTools-3.62-2.fc23.x86_64                         45/74 \n  Installing  : perl-Socket-3:2.024-1.fc23.x86_64                         46/74 \n  Installing  : perl-Storable-1:2.53-347.fc23.x86_64                      47/74 \n  Installing  : perl-Time-HiRes-1.9728-1.fc23.x86_64                      48/74 \n  Installing  : perl-Unicode-Normalize-1.24-1.fc23.x86_64                 49/74 \n  Installing  : perl-Pod-Simple-1:3.31-1.fc23.noarch                      50/74 \n  Installing  : perl-Getopt-Long-2.49.1-1.fc23.noarch                     51/74 \n  Installing  : perl-Exporter-5.72-347.fc23.noarch                        52/74 \n  Installing  : perl-4:5.22.2-355.fc23.x86_64                             53/74 \n  Installing  : libvpx-1.4.0-6.fc23.x86_64                                54/74 \n  Installing  : jbigkit-libs-2.1-4.fc23.x86_64                            55/74 \n  Installing  : libtiff-4.0.4-1.fc23.x86_64                               56/74 \n  Installing  : libX11-common-1.6.3-2.fc23.noarch                         57/74 \n  Installing  : libX11-1.6.3-2.fc23.x86_64                                58/74 \n  Installing  : libXpm-3.5.11-4.fc23.x86_64                               59/74 \n  Installing  : gd-2.1.1-10.fc23.x86_64                                   60/74 \n  Installing  : mailcap-2.1.45-1.fc23.noarch                              61/74 \n  Installing  : httpd-filesystem-2.4.23-4.fc23.noarch                     62/74 \n  Installing  : httpd-2.4.23-4.fc23.x86_64                                63/74 \n  Installing  : make-1:4.0-5.1.fc23.x86_64                                64/74 \n  Installing  : openssl-1:1.0.2j-1.fc23.x86_64                            65/74 \n  Installing  : libunwind-1.1-10.fc23.x86_64                              66/74 \n  Installing  : gperftools-libs-2.4-5.fc23.x86_64                         67/74 \n  Installing  : libxslt-1.1.28-11.fc23.x86_64                             68/74 \n  Installing  : nginx-1:1.8.1-3.fc23.x86_64                               69/74 \n  Installing  : pen-0.29.0-1.fc23.x86_64                                  70/74 \n  Installing  : GeoIP-GeoLite-data-extra-2016.10-1.fc23.noarch            71/74 \n  Installing  : haproxy-1.5.18-1.fc23.x86_64                              72/74 \n  Installing  : procps-ng-3.3.10-9.fc23.x86_64                            73/74 \n  Cleanup     : openssl-libs-1:1.0.2h-1.fc23.x86_64                       74/74 \n  Verifying   : pen-0.29.0-1.fc23.x86_64                                   1/74 \n  Verifying   : python-pip-7.1.0-1.fc23.noarch                             2/74 \n  Verifying   : GeoIP-1.6.6-1.fc23.x86_64                                  3/74 \n  Verifying   : python-setuptools-18.0.1-2.fc23.noarch                     4/74 \n  Verifying   : haproxy-1.5.18-1.fc23.x86_64                               5/74 \n  Verifying   : GeoIP-GeoLite-data-extra-2016.10-1.fc23.noarch             6/74 \n  Verifying   : GeoIP-GeoLite-data-2016.10-1.fc23.noarch                   7/74 \n  Verifying   : nginx-1:1.8.1-3.fc23.x86_64                                8/74 \n  Verifying   : nginx-filesystem-1:1.8.1-3.fc23.noarch                     9/74 \n  Verifying   : gperftools-libs-2.4-5.fc23.x86_64                         10/74 \n  Verifying   : libxslt-1.1.28-11.fc23.x86_64                             11/74 \n  Verifying   : nginx-mimetypes-2.1.45-1.fc23.noarch                      12/74 \n  Verifying   : perl-Exporter-5.72-347.fc23.noarch                        13/74 \n  Verifying   : perl-constant-1.33-347.fc23.noarch                        14/74 \n  Verifying   : libunwind-1.1-10.fc23.x86_64                              15/74 \n  Verifying   : openssl-1:1.0.2j-1.fc23.x86_64                            16/74 \n  Verifying   : make-1:4.0-5.1.fc23.x86_64                                17/74 \n  Verifying   : procps-ng-3.3.10-9.fc23.x86_64                            18/74 \n  Verifying   : perl-libs-4:5.22.2-355.fc23.x86_64                        19/74 \n  Verifying   : perl-4:5.22.2-355.fc23.x86_64                             20/74 \n  Verifying   : perl-File-Path-2.09-347.fc23.noarch                       21/74 \n  Verifying   : perl-File-Temp-0.23.04-346.fc23.noarch                    22/74 \n  Verifying   : perl-Pod-Simple-1:3.31-1.fc23.noarch                      23/74 \n  Verifying   : perl-Text-Tabs+Wrap-2013.0523-346.fc23.noarch             24/74 \n  Verifying   : perl-parent-1:0.234-3.fc23.noarch                         25/74 \n  Verifying   : perl-threads-1:2.02-2.fc23.x86_64                         26/74 \n  Verifying   : perl-threads-shared-1.48-346.fc23.x86_64                  27/74 \n  Verifying   : perl-Pod-Escapes-1:1.07-348.fc23.noarch                   28/74 \n  Verifying   : python-2.7.11-11.fc23.x86_64                              29/74 \n  Verifying   : python-libs-2.7.11-11.fc23.x86_64                         30/74 \n  Verifying   : perl-Carp-1.38-1.fc23.noarch                              31/74 \n  Verifying   : perl-Scalar-List-Utils-2:1.43-1.fc23.x86_64               32/74 \n  Verifying   : perl-Encode-3:2.80-7.fc23.x86_64                          33/74 \n  Verifying   : perl-MIME-Base64-3.15-348.fc23.x86_64                     34/74 \n  Verifying   : perl-Getopt-Long-2.49.1-1.fc23.noarch                     35/74 \n  Verifying   : perl-Pod-Usage-4:1.67-3.fc23.noarch                       36/74 \n  Verifying   : perl-Text-ParseWords-3.30-346.fc23.noarch                 37/74 \n  Verifying   : perl-podlators-2.5.3-347.fc23.noarch                      38/74 \n  Verifying   : perl-Term-ANSIColor-4.03-346.fc23.noarch                  39/74 \n  Verifying   : perl-Term-Cap-1.17-1.fc23.noarch                          40/74 \n  Verifying   : perl-PathTools-3.62-2.fc23.x86_64                         41/74 \n  Verifying   : httpd-2.4.23-4.fc23.x86_64                                42/74 \n  Verifying   : httpd-filesystem-2.4.23-4.fc23.noarch                     43/74 \n  Verifying   : httpd-tools-2.4.23-4.fc23.x86_64                          44/74 \n  Verifying   : apr-1.5.2-2.fc23.x86_64                                   45/74 \n  Verifying   : apr-util-1.5.4-2.fc23.x86_64                              46/74 \n  Verifying   : mailcap-2.1.45-1.fc23.noarch                              47/74 \n  Verifying   : perl-Socket-3:2.024-1.fc23.x86_64                         48/74 \n  Verifying   : perl-Storable-1:2.53-347.fc23.x86_64                      49/74 \n  Verifying   : perl-Time-HiRes-1.9728-1.fc23.x86_64                      50/74 \n  Verifying   : perl-Unicode-Normalize-1.24-1.fc23.x86_64                 51/74 \n  Verifying   : perl-macros-4:5.22.2-355.fc23.x86_64                      52/74 \n  Verifying   : gd-2.1.1-10.fc23.x86_64                                   53/74 \n  Verifying   : freetype-2.6.0-3.fc23.x86_64                              54/74 \n  Verifying   : libX11-1.6.3-2.fc23.x86_64                                55/74 \n  Verifying   : libXpm-3.5.11-4.fc23.x86_64                               56/74 \n  Verifying   : libjpeg-turbo-1.4.1-2.fc23.x86_64                         57/74 \n  Verifying   : libtiff-4.0.4-1.fc23.x86_64                               58/74 \n  Verifying   : libX11-common-1.6.3-2.fc23.noarch                         59/74 \n  Verifying   : jbigkit-libs-2.1-4.fc23.x86_64                            60/74 \n  Verifying   : fontconfig-2.11.94-5.fc23.x86_64                          61/74 \n  Verifying   : fontpackages-filesystem-1.44-14.fc23.noarch               62/74 \n  Verifying   : libpng-2:1.6.26-1.fc23.x86_64                             63/74 \n  Verifying   : libvpx-1.4.0-6.fc23.x86_64                                64/74 \n  Verifying   : perl-Pod-Perldoc-3.26-1.fc23.noarch                       65/74 \n  Verifying   : groff-base-1.22.3-6.fc23.x86_64                           66/74 \n  Verifying   : libxcb-1.11.1-1.fc23.x86_64                               67/74 \n  Verifying   : libXau-1.0.8-5.fc23.x86_64                                68/74 \n  Verifying   : perl-HTTP-Tiny-0.056-4.fc23.noarch                        69/74 \n  Verifying   : perl-Time-Local-1:1.250-1.fc23.noarch                     70/74 \n  Verifying   : fedora-logos-httpd-22.0.0-2.fc23.noarch                   71/74 \n  Verifying   : aajohan-comfortaa-fonts-2.004-5.fc23.noarch               72/74 \n  Verifying   : openssl-libs-1:1.0.2j-1.fc23.x86_64                       73/74 \n  Verifying   : openssl-libs-1:1.0.2h-1.fc23.x86_64                       74/74 \n\nInstalled:\n  GeoIP.x86_64 1.6.6-1.fc23                                                     \n  GeoIP-GeoLite-data.noarch 2016.10-1.fc23                                      \n  GeoIP-GeoLite-data-extra.noarch 2016.10-1.fc23                                \n  aajohan-comfortaa-fonts.noarch 2.004-5.fc23                                   \n  apr.x86_64 1.5.2-2.fc23                                                       \n  apr-util.x86_64 1.5.4-2.fc23                                                  \n  fedora-logos-httpd.noarch 22.0.0-2.fc23                                       \n  fontconfig.x86_64 2.11.94-5.fc23                                              \n  fontpackages-filesystem.noarch 1.44-14.fc23                                   \n  freetype.x86_64 2.6.0-3.fc23                                                  \n  gd.x86_64 2.1.1-10.fc23                                                       \n  gperftools-libs.x86_64 2.4-5.fc23                                             \n  groff-base.x86_64 1.22.3-6.fc23                                               \n  haproxy.x86_64 1.5.18-1.fc23                                                  \n  httpd.x86_64 2.4.23-4.fc23                                                    \n  httpd-filesystem.noarch 2.4.23-4.fc23                                         \n  httpd-tools.x86_64 2.4.23-4.fc23                                              \n  jbigkit-libs.x86_64 2.1-4.fc23                                                \n  libX11.x86_64 1.6.3-2.fc23                                                    \n  libX11-common.noarch 1.6.3-2.fc23                                             \n  libXau.x86_64 1.0.8-5.fc23                                                    \n  libXpm.x86_64 3.5.11-4.fc23                                                   \n  libjpeg-turbo.x86_64 1.4.1-2.fc23                                             \n  libpng.x86_64 2:1.6.26-1.fc23                                                 \n  libtiff.x86_64 4.0.4-1.fc23                                                   \n  libunwind.x86_64 1.1-10.fc23                                                  \n  libvpx.x86_64 1.4.0-6.fc23                                                    \n  libxcb.x86_64 1.11.1-1.fc23                                                   \n  libxslt.x86_64 1.1.28-11.fc23                                                 \n  mailcap.noarch 2.1.45-1.fc23                                                  \n  make.x86_64 1:4.0-5.1.fc23                                                    \n  nginx.x86_64 1:1.8.1-3.fc23                                                   \n  nginx-filesystem.noarch 1:1.8.1-3.fc23                                        \n  nginx-mimetypes.noarch 2.1.45-1.fc23                                          \n  openssl.x86_64 1:1.0.2j-1.fc23                                                \n  pen.x86_64 0.29.0-1.fc23                                                      \n  perl.x86_64 4:5.22.2-355.fc23                                                 \n  perl-Carp.noarch 1.38-1.fc23                                                  \n  perl-Encode.x86_64 3:2.80-7.fc23                                              \n  perl-Exporter.noarch 5.72-347.fc23                                            \n  perl-File-Path.noarch 2.09-347.fc23                                           \n  perl-File-Temp.noarch 0.23.04-346.fc23                                        \n  perl-Getopt-Long.noarch 2.49.1-1.fc23                                         \n  perl-HTTP-Tiny.noarch 0.056-4.fc23                                            \n  perl-MIME-Base64.x86_64 3.15-348.fc23                                         \n  perl-PathTools.x86_64 3.62-2.fc23                                             \n  perl-Pod-Escapes.noarch 1:1.07-348.fc23                                       \n  perl-Pod-Perldoc.noarch 3.26-1.fc23                                           \n  perl-Pod-Simple.noarch 1:3.31-1.fc23                                          \n  perl-Pod-Usage.noarch 4:1.67-3.fc23                                           \n  perl-Scalar-List-Utils.x86_64 2:1.43-1.fc23                                   \n  perl-Socket.x86_64 3:2.024-1.fc23                                             \n  perl-Storable.x86_64 1:2.53-347.fc23                                          \n  perl-Term-ANSIColor.noarch 4.03-346.fc23                                      \n  perl-Term-Cap.noarch 1.17-1.fc23                                              \n  perl-Text-ParseWords.noarch 3.30-346.fc23                                     \n  perl-Text-Tabs+Wrap.noarch 2013.0523-346.fc23                                 \n  perl-Time-HiRes.x86_64 1.9728-1.fc23                                          \n  perl-Time-Local.noarch 1:1.250-1.fc23                                         \n  perl-Unicode-Normalize.x86_64 1.24-1.fc23                                     \n  perl-constant.noarch 1.33-347.fc23                                            \n  perl-libs.x86_64 4:5.22.2-355.fc23                                            \n  perl-macros.x86_64 4:5.22.2-355.fc23                                          \n  perl-parent.noarch 1:0.234-3.fc23                                             \n  perl-podlators.noarch 2.5.3-347.fc23                                          \n  perl-threads.x86_64 1:2.02-2.fc23                                             \n  perl-threads-shared.x86_64 1.48-346.fc23                                      \n  procps-ng.x86_64 3.3.10-9.fc23                                                \n  python.x86_64 2.7.11-11.fc23                                                  \n  python-libs.x86_64 2.7.11-11.fc23                                             \n  python-pip.noarch 7.1.0-1.fc23                                                \n  python-setuptools.noarch 18.0.1-2.fc23                                        \n\nUpgraded:\n  openssl-libs.x86_64 1:1.0.2j-1.fc23                                           \n\nComplete!\n19 files removed\nRemoving intermediate container aabe60e14bd2\n ---> 428f7cec6d99\nStep 3/17 : ADD requirements.txt /tmp/requirements.txt\n ---> 2b3153a50ddb\nStep 4/17 : RUN pip install -r /tmp/requirements.txt\n ---> Running in 4d4be26b33ea\n\u001b[91mYou are using pip version 7.1.0, however version 20.1.1 is available.\nYou should consider upgrading via the 'pip install --upgrade pip' command.\n\u001b[0mCollecting cachetools<2.0 (from -r /tmp/requirements.txt (line 1))\n  Downloading https://files.pythonhosted.org/packages/2a/d8/a3a54933668a0cda92d67c07747be1292555c8ccc28d61e8edf519ea920f/cachetools-1.1.6-py2.py3-none-any.whl\nCollecting mako (from -r /tmp/requirements.txt (line 2))\n  Downloading https://files.pythonhosted.org/packages/a6/37/0e706200d22172eb8fa17d68a7ae22dec7631a0a92266634fb518a88a5b2/Mako-1.1.3-py2.py3-none-any.whl (75kB)\nCollecting flake8 (from -r /tmp/requirements.txt (line 3))\n  Downloading https://files.pythonhosted.org/packages/6c/20/6326a9a0c6f0527612bae748c4c03df5cd69cf06dfb2cf59d85c6e165a6a/flake8-3.8.3-py2.py3-none-any.whl (72kB)\nCollecting mock (from -r /tmp/requirements.txt (line 4))\n  Downloading https://files.pythonhosted.org/packages/2e/35/594f501b2a0fb3732c8190ca885dfdf60af72d678cd5fa8169c358717567/mock-4.0.2.tar.gz (71kB)\nCollecting MarkupSafe>=0.9.2 (from mako->-r /tmp/requirements.txt (line 2))\n  Downloading https://files.pythonhosted.org/packages/b9/2e/64db92e53b86efccfaea71321f597fa2e1b2bd3853d8ce658568f7a13094/MarkupSafe-1.1.1.tar.gz\nCollecting enum34 (from flake8->-r /tmp/requirements.txt (line 3))\n  Downloading https://files.pythonhosted.org/packages/6f/2c/a9386903ece2ea85e9807e0e062174dc26fdce8b05f216d00491be29fad5/enum34-1.1.10-py2-none-any.whl\nCollecting pycodestyle<2.7.0,>=2.6.0a1 (from flake8->-r /tmp/requirements.txt (line 3))\n  Downloading https://files.pythonhosted.org/packages/10/5b/88879fb861ab79aef45c7e199cae3ef7af487b5603dcb363517a50602dd7/pycodestyle-2.6.0-py2.py3-none-any.whl (41kB)\nCollecting typing (from flake8->-r /tmp/requirements.txt (line 3))\n  Downloading https://files.pythonhosted.org/packages/22/30/64ca29543375759dc589ade14a6cd36382abf2bec17d67de8481bc9814d7/typing-3.7.4.1-py2-none-any.whl\nCollecting pyflakes<2.3.0,>=2.2.0 (from flake8->-r /tmp/requirements.txt (line 3))\n  Downloading https://files.pythonhosted.org/packages/69/5b/fd01b0c696f2f9a6d2c839883b642493b431f28fa32b29abc465ef675473/pyflakes-2.2.0-py2.py3-none-any.whl (66kB)\nCollecting configparser (from flake8->-r /tmp/requirements.txt (line 3))\n  Downloading https://files.pythonhosted.org/packages/e5/7c/d4ccbcde76b4eea8cbd73b67b88c72578e8b4944d1270021596e80b13deb/configparser-5.0.0.tar.gz (75kB)\nCollecting mccabe<0.7.0,>=0.6.0 (from flake8->-r /tmp/requirements.txt (line 3))\n  Downloading https://files.pythonhosted.org/packages/87/89/479dc97e18549e21354893e4ee4ef36db1d237534982482c3681ee6e7b57/mccabe-0.6.1-py2.py3-none-any.whl\nCollecting functools32 (from flake8->-r /tmp/requirements.txt (line 3))\n  Downloading https://files.pythonhosted.org/packages/c5/60/6ac26ad05857c601308d8fb9e87fa36d0ebf889423f47c3502ef034365db/functools32-3.2.3-2.tar.gz\nCollecting importlib-metadata (from flake8->-r /tmp/requirements.txt (line 3))\n  Downloading https://files.pythonhosted.org/packages/8e/58/cdea07eb51fc2b906db0968a94700866fc46249bdc75cac23f9d13168929/importlib_metadata-1.7.0-py2.py3-none-any.whl\nCollecting zipp>=0.5 (from importlib-metadata->flake8->-r /tmp/requirements.txt (line 3))\n  Downloading https://files.pythonhosted.org/packages/ce/8c/2c5f7dc1b418f659d36c04dec9446612fc7b45c8095cc7369dd772513055/zipp-3.1.0.tar.gz\n\u001b[91m  Requested zipp>=0.5 from https://files.pythonhosted.org/packages/ce/8c/2c5f7dc1b418f659d36c04dec9446612fc7b45c8095cc7369dd772513055/zipp-3.1.0.tar.gz#sha256=c599e4d75c98f6798c509911d08a22e6c021d074469042177c8c86fb92eefd96 (from importlib-metadata->flake8->-r /tmp/requirements.txt (line 3)), but installing version None\n\u001b[0mCollecting contextlib2 (from importlib-metadata->flake8->-r /tmp/requirements.txt (line 3))\n  Downloading https://files.pythonhosted.org/packages/85/60/370352f7ef6aa96c52fb001831622f50f923c1d575427d021b8ab3311236/contextlib2-0.6.0.post1-py2.py3-none-any.whl\nCollecting pathlib2 (from importlib-metadata->flake8->-r /tmp/requirements.txt (line 3))\n  Downloading https://files.pythonhosted.org/packages/e9/45/9c82d3666af4ef9f221cbb954e1d77ddbb513faf552aea6df5f37f1a4859/pathlib2-2.3.5-py2.py3-none-any.whl\nCollecting six (from pathlib2->importlib-metadata->flake8->-r /tmp/requirements.txt (line 3))\n  Downloading https://files.pythonhosted.org/packages/ee/ff/48bde5c0f013094d729fe4b0316ba2a24774b3ff1c52d924a8a4cb04078a/six-1.15.0-py2.py3-none-any.whl\nCollecting scandir (from pathlib2->importlib-metadata->flake8->-r /tmp/requirements.txt (line 3))\n  Downloading https://files.pythonhosted.org/packages/df/f5/9c052db7bd54d0cbf1bc0bb6554362bba1012d03e5888950a4f5c5dadc4e/scandir-1.10.0.tar.gz\nInstalling collected packages: cachetools, MarkupSafe, mako, enum34, pycodestyle, typing, pyflakes, configparser, mccabe, functools32, zipp, contextlib2, six, scandir, pathlib2, importlib-metadata, flake8, mock\n  Running setup.py install for MarkupSafe\n  Running setup.py install for configparser\n  Running setup.py install for functools32\n  Running setup.py install for zipp\n  Running setup.py install for scandir\n  Running setup.py install for mock\nSuccessfully installed MarkupSafe-1.1.1 cachetools-1.1.6 configparser contextlib2-0.6.0.post1 enum34-1.1.10 flake8-3.8.3 functools32-3.2.3.post2 importlib-metadata-1.7.0 mako-1.1.3 mccabe-0.6.1 mock pathlib2-2.3.5 pycodestyle-2.6.0 pyflakes-2.2.0 scandir-1.10.0 six-1.15.0 typing-3.7.4.1 zipp\nRemoving intermediate container 4d4be26b33ea\n ---> 6ee123a7024c\nStep 5/17 : RUN groupadd pen && useradd -g pen pen\n ---> Running in 1b500a5dfb20\nRemoving intermediate container 1b500a5dfb20\n ---> 0afca700c95d\nStep 6/17 : ENV PEN_USER pen\n ---> Running in e8c3677e45bd\nRemoving intermediate container e8c3677e45bd\n ---> e63aad7d29cb\nStep 7/17 : RUN echo \"\" > /etc/nginx/conf.d/default.conf\n ---> Running in 669fe2a72972\nRemoving intermediate container 669fe2a72972\n ---> fb04e6e71fd8\nStep 8/17 : RUN curl -o /usr/local/bin/tini -fsSL https://github.com/krallin/tini/releases/download/v0.8.4/tini &&     chmod +x /usr/local/bin/tini &&     echo \"c4894d809f3e2bdcc9c2e20db037d80b17944fc6 /usr/local/bin/tini\" | sha1sum -c -\n ---> Running in d650388f26b9\n/usr/local/bin/tini: OK\nRemoving intermediate container d650388f26b9\n ---> 7dc54d85a432\nStep 9/17 : ENV PYTHONPATH /usr/lib/python:/src\n ---> Running in 42e5285865db\nRemoving intermediate container 42e5285865db\n ---> 2194f8618e36\nStep 10/17 : COPY haproxy.cfg.tpl /etc/haproxy/haproxy.cfg.tpl\n ---> 2ba356f72d02\nStep 11/17 : COPY nginx.tpl /etc/nginx/nginx.conf.tpl\n ---> 4c2152ffae1b\nStep 12/17 : COPY pen.cfg.tpl /etc/pen/pen.cfg.tpl\n ---> f871a9d865e0\nStep 13/17 : COPY src/ /src/\n ---> 19a6aece96b6\nStep 14/17 : ADD test /\n ---> caed7b3d5d70\nStep 15/17 : ADD setup.cfg /\n ---> f581d6e793d2\nStep 16/17 : RUN /test\n ---> Running in 016fa258c0d6\n\u001b[91m++ dirname /test\n\u001b[0m\u001b[91m+ cd /\n\u001b[0m\u001b[91m++ pwd\n\u001b[0m\u001b[91m+ export PYTHONPATH=.://src\n+ PYTHONPATH=.://src\n\u001b[0m\u001b[91m+ echo '==> Static Code Analysis for PEP8 style guide and various errors'\n\u001b[0m\u001b[91m+ flake8 --statistics --count src/\n\u001b[0m==> Static Code Analysis for PEP8 style guide and various errors\n\u001b[91mTraceback (most recent call last):\n  File \"/usr/bin/flake8\", line 7, in <module>\n    from flake8.main.cli import main\n  File \"/usr/lib/python2.7/site-packages/flake8/main/cli.py\", line 5, in <module>\n    from flake8.main import application\n  File \"/usr/lib/python2.7/site-packages/flake8/main/application.py\", line 11, in <module>\n    from flake8 import checker\n  File \"/usr/lib/python2.7/site-packages/flake8/checker.py\", line 18, in <module>\n    from flake8 import processor\n  File \"/usr/lib/python2.7/site-packages/flake8/processor.py\", line 13, in <module>\n    from flake8 import utils\n  File \"/usr/lib/python2.7/site-packages/flake8/utils.py\", line 16, in <module>\n    from flake8._compat import lru_cache\n  File \"/usr/lib/python2.7/site-packages/flake8/_compat.py\", line 12, in <module>\n\u001b[0m\u001b[91m    import importlib_metadata\n  File \"/usr/lib/python2.7/site-packages/importlib_metadata/__init__.py\", line 9, in <module>\n    import zipp\nImportError: No module named zipp\n\u001b[0m",
    "raw_stderr_log": "The command '/bin/sh -c /test' returned a non-zero code: 1",
    "html_url": "https://github.com/meltwater/proxymatic",
    "repo_commit": "779b296a9c7470ad6c4104e2a010d7be15008313",
    "repo_id": 34326343
  },
  {
    "raw_dockerfile": "# * Dockerfile for glima\n#   https://github.com/yoshinari-nomura/glima\n#\n# * How to buld\n# ** from command line\n#    bundle exec rake build\n#    docker build --build-arg GLIMA_VERSION=$(bundle exec glima version) -t nom4476/glima .\n#\n# ** from Rakefile\n#    bundle exec rake docker:build\n#\n# * How to run\n#   mkdir -p ~/.config/glima ~/.cache/glima\n#\n#   docker run -it --rm \\\n#     -v $HOME/.config/glima:/root/.config/glima \\\n#     -v $HOME/.cache/glima:/root/.cache/glima   \\\n#     nom4476/glima init\n#\n#   docker run -it --rm \\\n#     -v $HOME/.config/glima:/root/.config/glima \\\n#     -v $HOME/.cache/glima:/root/.cache/glima   \\\n#     nom4476/glima init\n#\n# * For debug\n#   docker run -it --rm -v $HOME/.config/glima:/root/.config/glima --entrypoint \"sh\" nom4476/glima\n#\n#\nFROM alpine:3.6\n\nMAINTAINER nom@quickhack.net\n\nRUN mkdir -p $HOME/.config/glima\nRUN mkdir -p $HOME/.cache/glima\n\nRUN echo 'gem: --no-ri --no-rdoc' > $HOME/.gemrc\n\nRUN apk --update add ruby ruby-json && rm -rf /var/cache/apk/*\n\nARG GLIMA_VERSION\nENV GLIMA_VERSION $GLIMA_VERSION\nENV RUBYOPT \"-W0\"\nRUN test -n \"$GLIMA_VERSION\"\n\nCOPY pkg/glima-${GLIMA_VERSION}.gem /tmp\nRUN  gem install /tmp/glima-$GLIMA_VERSION.gem\n\nENTRYPOINT [ \"glima\" ]\nCMD [ \"help\" ]",
    "raw_stdout_log": "Sending build context to Docker daemon  330.8kB\r\r\nStep 1/14 : FROM alpine:3.6\n3.6: Pulling from library/alpine\n5a3ea8efae5d: Pulling fs layer\n5a3ea8efae5d: Verifying Checksum\n5a3ea8efae5d: Download complete\n5a3ea8efae5d: Pull complete\nDigest: sha256:66790a2b79e1ea3e1dabac43990c54aca5d1ddf268d9a5a0285e4167c8b24475\nStatus: Downloaded newer image for alpine:3.6\n ---> 43773d1dba76\nStep 2/14 : MAINTAINER nom@quickhack.net\n ---> Running in 64acfb723a14\nRemoving intermediate container 64acfb723a14\n ---> 98c37a8ddd37\nStep 3/14 : RUN mkdir -p $HOME/.config/glima\n ---> Running in b87e5fd11ac8\nRemoving intermediate container b87e5fd11ac8\n ---> 770f8e14ceda\nStep 4/14 : RUN mkdir -p $HOME/.cache/glima\n ---> Running in 3c51f0968843\nRemoving intermediate container 3c51f0968843\n ---> 05fc87f0495c\nStep 5/14 : RUN echo 'gem: --no-ri --no-rdoc' > $HOME/.gemrc\n ---> Running in f6c3d7c3a3ec\nRemoving intermediate container f6c3d7c3a3ec\n ---> 3ffea15e3b7a\nStep 6/14 : RUN apk --update add ruby ruby-json && rm -rf /var/cache/apk/*\n ---> Running in 647643e33eb0\nfetch http://dl-cdn.alpinelinux.org/alpine/v3.6/main/x86_64/APKINDEX.tar.gz\nfetch http://dl-cdn.alpinelinux.org/alpine/v3.6/community/x86_64/APKINDEX.tar.gz\n(1/12) Installing ca-certificates (20161130-r3)\n(2/12) Installing libffi (3.2.1-r3)\n(3/12) Installing gdbm (1.12-r0)\n(4/12) Installing gmp (6.1.2-r0)\n(5/12) Installing ncurses-terminfo-base (6.0_p20171125-r1)\n(6/12) Installing ncurses-terminfo (6.0_p20171125-r1)\n(7/12) Installing ncurses-libs (6.0_p20171125-r1)\n(8/12) Installing readline (6.3.008-r5)\n(9/12) Installing yaml (0.1.7-r0)\n(10/12) Installing ruby-libs (2.4.6-r0)\n(11/12) Installing ruby (2.4.6-r0)\n(12/12) Installing ruby-json (2.4.6-r0)\nExecuting busybox-1.26.2-r11.trigger\nExecuting ca-certificates-20161130-r3.trigger\nOK: 26 MiB in 25 packages\nRemoving intermediate container 647643e33eb0\n ---> 112b4697da8f\nStep 7/14 : ARG GLIMA_VERSION\n ---> Running in 72d9c2abb01c\nRemoving intermediate container 72d9c2abb01c\n ---> 4e5d2171d596\nStep 8/14 : ENV GLIMA_VERSION $GLIMA_VERSION\n ---> Running in 6ea75b1cccd2\nRemoving intermediate container 6ea75b1cccd2\n ---> eca3a164ceff\nStep 9/14 : ENV RUBYOPT \"-W0\"\n ---> Running in e55adecce558\nRemoving intermediate container e55adecce558\n ---> efb4d9535e57\nStep 10/14 : RUN test -n \"$GLIMA_VERSION\"\n ---> Running in 8369a49d00ee",
    "raw_stderr_log": "The command '/bin/sh -c test -n \"$GLIMA_VERSION\"' returned a non-zero code: 1",
    "html_url": "https://github.com/yoshinari-nomura/glima",
    "repo_commit": "50146585bd569038cf02fe163e0be28988f267c0",
    "repo_id": 53639078
  },
  {
    "raw_dockerfile": "FROM node:argon\n\nRUN apt-get update\nRUN apt-get install mongodb -y\n\nRUN service mongodb start\n\nRUN mkdir -p /usr/src/app\nWORKDIR /usr/src/app\n\nCOPY . /usr/src/app\n\nENV PORT 8080\n\nEXPOSE 8080\n\nRUN npm install\nRUN npm run test\nRUN npm run build\nCMD [\"node\", \"dist/server.js\"]",
    "raw_stdout_log": "Sending build context to Docker daemon  1.544MB\r\r\nStep 1/13 : FROM node:argon\nargon: Pulling from library/node\n3d77ce4481b1: Pulling fs layer\n534514c83d69: Pulling fs layer\nd562b1c3ac3f: Pulling fs layer\n4b85e68dc01d: Pulling fs layer\nf6a66c5de9db: Pulling fs layer\n7a4e7d9a081d: Pulling fs layer\n876b13112871: Pulling fs layer\n95d109ce6b5d: Pulling fs layer\nf6a66c5de9db: Waiting\n4b85e68dc01d: Waiting\n7a4e7d9a081d: Waiting\n95d109ce6b5d: Waiting\n876b13112871: Waiting\n534514c83d69: Verifying Checksum\n534514c83d69: Download complete\n3d77ce4481b1: Download complete\nd562b1c3ac3f: Verifying Checksum\nd562b1c3ac3f: Download complete\nf6a66c5de9db: Download complete\n7a4e7d9a081d: Download complete\n95d109ce6b5d: Verifying Checksum\n95d109ce6b5d: Download complete\n876b13112871: Verifying Checksum\n876b13112871: Download complete\n4b85e68dc01d: Verifying Checksum\n4b85e68dc01d: Download complete\n3d77ce4481b1: Pull complete\n534514c83d69: Pull complete\nd562b1c3ac3f: Pull complete\n4b85e68dc01d: Pull complete\nf6a66c5de9db: Pull complete\n7a4e7d9a081d: Pull complete\n876b13112871: Pull complete\n95d109ce6b5d: Pull complete\nDigest: sha256:fab73fccce5abc3fade13a99179884a306aa6c5292a2fc11833ee25ca15c1f85\nStatus: Downloaded newer image for node:argon\n ---> ef4b194d8fcf\nStep 2/13 : RUN apt-get update\n ---> Running in 33742499a405\nIgn http://deb.debian.org jessie InRelease\nGet:1 http://deb.debian.org jessie-updates InRelease [16.3 kB]\nGet:2 http://security.debian.org jessie/updates InRelease [44.9 kB]\nGet:3 http://deb.debian.org jessie Release.gpg [1652 B]\nGet:4 http://deb.debian.org jessie Release [77.3 kB]\nGet:5 http://deb.debian.org jessie-updates/main amd64 Packages [20 B]\nGet:6 http://security.debian.org jessie/updates/main amd64 Packages [992 kB]\nGet:7 http://deb.debian.org jessie/main amd64 Packages [9098 kB]\nFetched 10.2 MB in 4s (2169 kB/s)\nReading package lists...\nRemoving intermediate container 33742499a405\n ---> 38aa42969679\nStep 3/13 : RUN apt-get install mongodb -y\n ---> Running in 7025d3026872\nReading package lists...\nBuilding dependency tree...\nReading state information...\nThe following extra packages will be installed:\n  init-system-helpers libboost-dev libboost-filesystem1.55.0\n  libboost-program-options1.55.0 libboost-system1.55.0 libboost-thread1.55.0\n  libboost1.55-dev libgoogle-perftools4 libpcap0.8 libsnappy1\n  libtcmalloc-minimal4 libunwind8 libv8-3.14.5 mongodb-clients mongodb-dev\n  mongodb-server\nSuggested packages:\n  libboost-doc libboost1.55-doc libboost-atomic1.55-dev\n  libboost-chrono1.55-dev libboost-context1.55-dev libboost-coroutine1.55-dev\n  libboost-date-time1.55-dev libboost-exception1.55-dev\n  libboost-filesystem1.55-dev libboost-graph1.55-dev\n  libboost-graph-parallel1.55-dev libboost-iostreams1.55-dev\n  libboost-locale1.55-dev libboost-log1.55-dev libboost-math1.55-dev\n  libboost-mpi1.55-dev libboost-mpi-python1.55-dev\n  libboost-program-options1.55-dev libboost-python1.55-dev\n  libboost-random1.55-dev libboost-regex1.55-dev\n  libboost-serialization1.55-dev libboost-signals1.55-dev\n  libboost-system1.55-dev libboost-test1.55-dev libboost-thread1.55-dev\n  libboost-timer1.55-dev libboost-wave1.55-dev libboost1.55-tools-dev\n  libmpfrc++-dev libntl-dev\nThe following NEW packages will be installed:\n  init-system-helpers libboost-dev libboost-filesystem1.55.0\n  libboost-program-options1.55.0 libboost-system1.55.0 libboost-thread1.55.0\n  libboost1.55-dev libgoogle-perftools4 libpcap0.8 libsnappy1\n  libtcmalloc-minimal4 libunwind8 libv8-3.14.5 mongodb mongodb-clients\n  mongodb-dev mongodb-server\n0 upgraded, 17 newly installed, 0 to remove and 162 not upgraded.\nNeed to get 44.9 MB of archives.\nAfter this operation, 234 MB of additional disk space will be used.\nGet:1 http://deb.debian.org/debian/ jessie/main libboost-system1.55.0 amd64 1.55.0+dfsg-3 [30.2 kB]\nGet:2 http://deb.debian.org/debian/ jessie/main libboost-filesystem1.55.0 amd64 1.55.0+dfsg-3 [58.8 kB]\nGet:3 http://deb.debian.org/debian/ jessie/main libboost-program-options1.55.0 amd64 1.55.0+dfsg-3 [143 kB]\nGet:4 http://deb.debian.org/debian/ jessie/main libboost-thread1.55.0 amd64 1.55.0+dfsg-3 [53.4 kB]\nGet:5 http://deb.debian.org/debian/ jessie/main libunwind8 amd64 1.1-3.2 [50.8 kB]\nGet:6 http://deb.debian.org/debian/ jessie/main init-system-helpers all 1.22 [14.0 kB]\nGet:7 http://deb.debian.org/debian/ jessie/main libboost1.55-dev amd64 1.55.0+dfsg-3 [5818 kB]\nGet:8 http://security.debian.org/debian-security/ jessie/updates/main libpcap0.8 amd64 1.6.2-2+deb8u1 [134 kB]\nGet:9 http://deb.debian.org/debian/ jessie/main libboost-dev amd64 1.55.0.2 [3368 B]\nGet:10 http://deb.debian.org/debian/ jessie/main libtcmalloc-minimal4 amd64 2.2.1-0.2 [128 kB]\nGet:11 http://deb.debian.org/debian/ jessie/main libgoogle-perftools4 amd64 2.2.1-0.2 [304 kB]\nGet:12 http://deb.debian.org/debian/ jessie/main libv8-3.14.5 amd64 3.14.5.8-8.1 [1269 kB]\nGet:13 http://deb.debian.org/debian/ jessie/main mongodb-dev amd64 1:2.4.10-5+deb8u1 [1095 kB]\nGet:14 http://deb.debian.org/debian/ jessie/main libsnappy1 amd64 1.1.2-3 [40.4 kB]\nGet:15 http://deb.debian.org/debian/ jessie/main mongodb-clients amd64 1:2.4.10-5+deb8u1 [31.7 MB]\nGet:16 http://deb.debian.org/debian/ jessie/main mongodb-server amd64 1:2.4.10-5+deb8u1 [4029 kB]\nGet:17 http://deb.debian.org/debian/ jessie/main mongodb amd64 1:2.4.10-5+deb8u1 [12.2 kB]\n\u001b[91mdebconf: delaying package configuration, since apt-utils is not installed\n\u001b[0mFetched 44.9 MB in 7s (5795 kB/s)\nSelecting previously unselected package libboost-system1.55.0:amd64.\r\n(Reading database ... \r(Reading database ... 5%\r(Reading database ... 10%\r(Reading database ... 15%\r(Reading database ... 20%\r(Reading database ... 25%\r(Reading database ... 30%\r(Reading database ... 35%\r(Reading database ... 40%\r(Reading database ... 45%\r(Reading database ... 50%\r(Reading database ... 55%\r(Reading database ... 60%\r(Reading database ... 65%\r(Reading database ... 70%\r(Reading database ... 75%\r(Reading database ... 80%\r(Reading database ... 85%\r(Reading database ... 90%\r(Reading database ... 95%\r(Reading database ... 100%\r(Reading database ... 21675 files and directories currently installed.)\r\nPreparing to unpack .../libboost-system1.55.0_1.55.0+dfsg-3_amd64.deb ...\r\nUnpacking libboost-system1.55.0:amd64 (1.55.0+dfsg-3) ...\r\nSelecting previously unselected package libboost-filesystem1.55.0:amd64.\r\nPreparing to unpack .../libboost-filesystem1.55.0_1.55.0+dfsg-3_amd64.deb ...\r\nUnpacking libboost-filesystem1.55.0:amd64 (1.55.0+dfsg-3) ...\r\nSelecting previously unselected package libboost-program-options1.55.0:amd64.\r\nPreparing to unpack .../libboost-program-options1.55.0_1.55.0+dfsg-3_amd64.deb ...\r\nUnpacking libboost-program-options1.55.0:amd64 (1.55.0+dfsg-3) ...\r\nSelecting previously unselected package libboost-thread1.55.0:amd64.\r\nPreparing to unpack .../libboost-thread1.55.0_1.55.0+dfsg-3_amd64.deb ...\r\nUnpacking libboost-thread1.55.0:amd64 (1.55.0+dfsg-3) ...\r\nSelecting previously unselected package libpcap0.8:amd64.\r\nPreparing to unpack .../libpcap0.8_1.6.2-2+deb8u1_amd64.deb ...\r\nUnpacking libpcap0.8:amd64 (1.6.2-2+deb8u1) ...\r\nSelecting previously unselected package libunwind8.\r\nPreparing to unpack .../libunwind8_1.1-3.2_amd64.deb ...\r\nUnpacking libunwind8 (1.1-3.2) ...\r\nSelecting previously unselected package init-system-helpers.\r\nPreparing to unpack .../init-system-helpers_1.22_all.deb ...\r\nUnpacking init-system-helpers (1.22) ...\r\nSelecting previously unselected package libboost1.55-dev:amd64.\r\nPreparing to unpack .../libboost1.55-dev_1.55.0+dfsg-3_amd64.deb ...\r\nUnpacking libboost1.55-dev:amd64 (1.55.0+dfsg-3) ...\r\nSelecting previously unselected package libboost-dev:amd64.\r\nPreparing to unpack .../libboost-dev_1.55.0.2_amd64.deb ...\r\nUnpacking libboost-dev:amd64 (1.55.0.2) ...\r\nSelecting previously unselected package libtcmalloc-minimal4.\r\nPreparing to unpack .../libtcmalloc-minimal4_2.2.1-0.2_amd64.deb ...\r\nUnpacking libtcmalloc-minimal4 (2.2.1-0.2) ...\r\nSelecting previously unselected package libgoogle-perftools4.\r\nPreparing to unpack .../libgoogle-perftools4_2.2.1-0.2_amd64.deb ...\r\nUnpacking libgoogle-perftools4 (2.2.1-0.2) ...\r\nSelecting previously unselected package libv8-3.14.5.\r\nPreparing to unpack .../libv8-3.14.5_3.14.5.8-8.1_amd64.deb ...\r\nUnpacking libv8-3.14.5 (3.14.5.8-8.1) ...\r\nSelecting previously unselected package mongodb-dev.\r\nPreparing to unpack .../mongodb-dev_1%3a2.4.10-5+deb8u1_amd64.deb ...\r\nUnpacking mongodb-dev (1:2.4.10-5+deb8u1) ...\r\nSelecting previously unselected package libsnappy1.\r\nPreparing to unpack .../libsnappy1_1.1.2-3_amd64.deb ...\r\nUnpacking libsnappy1 (1.1.2-3) ...\r\nSelecting previously unselected package mongodb-clients.\r\nPreparing to unpack .../mongodb-clients_1%3a2.4.10-5+deb8u1_amd64.deb ...\r\nUnpacking mongodb-clients (1:2.4.10-5+deb8u1) ...\r\nSelecting previously unselected package mongodb-server.\r\nPreparing to unpack .../mongodb-server_1%3a2.4.10-5+deb8u1_amd64.deb ...\r\nUnpacking mongodb-server (1:2.4.10-5+deb8u1) ...\r\nSelecting previously unselected package mongodb.\r\nPreparing to unpack .../mongodb_1%3a2.4.10-5+deb8u1_amd64.deb ...\r\nUnpacking mongodb (1:2.4.10-5+deb8u1) ...\r\nProcessing triggers for systemd (215-17+deb8u7) ...\r\nSetting up libboost-system1.55.0:amd64 (1.55.0+dfsg-3) ...\r\nSetting up libboost-filesystem1.55.0:amd64 (1.55.0+dfsg-3) ...\r\nSetting up libboost-program-options1.55.0:amd64 (1.55.0+dfsg-3) ...\r\nSetting up libboost-thread1.55.0:amd64 (1.55.0+dfsg-3) ...\r\nSetting up libpcap0.8:amd64 (1.6.2-2+deb8u1) ...\r\nSetting up libunwind8 (1.1-3.2) ...\r\nSetting up init-system-helpers (1.22) ...\r\nSetting up libboost1.55-dev:amd64 (1.55.0+dfsg-3) ...\r\nSetting up libboost-dev:amd64 (1.55.0.2) ...\r\nSetting up libtcmalloc-minimal4 (2.2.1-0.2) ...\r\nSetting up libgoogle-perftools4 (2.2.1-0.2) ...\r\nSetting up libv8-3.14.5 (3.14.5.8-8.1) ...\r\nSetting up mongodb-dev (1:2.4.10-5+deb8u1) ...\r\nSetting up libsnappy1 (1.1.2-3) ...\r\nSetting up mongodb-clients (1:2.4.10-5+deb8u1) ...\r\nSetting up mongodb-server (1:2.4.10-5+deb8u1) ...\r\nAdding system user `mongodb' (UID 104) ...\r\nAdding new user `mongodb' (UID 104) with group `nogroup' ...\r\nNot creating home directory `/home/mongodb'.\r\nAdding group `mongodb' (GID 108) ...\r\nDone.\r\nAdding user `mongodb' to group `mongodb' ...\r\nAdding user mongodb to group mongodb\r\nDone.\r\ninvoke-rc.d: policy-rc.d denied execution of start.\r\nSetting up mongodb (1:2.4.10-5+deb8u1) ...\r\nProcessing triggers for libc-bin (2.19-18+deb8u10) ...\r\nProcessing triggers for systemd (215-17+deb8u7) ...\r\nRemoving intermediate container 7025d3026872\n ---> 50ab02978737\nStep 4/13 : RUN service mongodb start\n ---> Running in 37d61176ea70\nStarting database: mongodb.\nRemoving intermediate container 37d61176ea70\n ---> 6712bf063fe3\nStep 5/13 : RUN mkdir -p /usr/src/app\n ---> Running in dcf133563301\nRemoving intermediate container dcf133563301\n ---> 89524ab66fe9\nStep 6/13 : WORKDIR /usr/src/app\nRemoving intermediate container 1a5f99358272\n ---> e80b373f7431\nStep 7/13 : COPY . /usr/src/app\n ---> 2e0f9adbd4ba\nStep 8/13 : ENV PORT 8080\n ---> Running in 5424d9cf1dc9\nRemoving intermediate container 5424d9cf1dc9\n ---> 7b843b28dc13\nStep 9/13 : EXPOSE 8080\n ---> Running in c8a52c3e4100\nRemoving intermediate container c8a52c3e4100\n ---> 495991fc520a\nStep 10/13 : RUN npm install\n ---> Running in 0f8ea298a122\n\u001b[91mnpm\u001b[0m\u001b[91m \u001b[0m\u001b[91mWARN \u001b[0m\u001b[91mdeprecated\u001b[0m\u001b[91m babel-preset-es2015@6.13.2: 🙌  Thanks for using Babel: we recommend using babel-preset-env now: please read https://babeljs.io/env to update!\n\u001b[0m\u001b[91mnpm WARN \u001b[0m\u001b[91mdeprecated core-js@2.6.11: core-js@<3 is no longer maintained and not recommended for usage due to the number of issues. Please, upgrade your dependencies to the actual version of core-js@3.\n\u001b[0m\u001b[91mnpm WARN\u001b[0m\u001b[91m deprecated chokidar@1.7.0: Chokidar 2 will break on node v14+. Upgrade to chokidar 3 with 15x less dependencies.\n\u001b[0m\u001b[91mnpm WARN deprecated request@2.88.2: request has been deprecated, see https://github.com/request/request/issues/3142\n\u001b[0m\u001b[91mnpm WARN engine request@2.88.2: wanted: {\"node\":\">= 6\"} (current: {\"node\":\"4.9.1\",\"npm\":\"2.15.11\"})\n\u001b[0m\u001b[91mnpm WARN engine http-proxy@1.18.1: wanted: {\"node\":\">=8.0.0\"} (current: {\"node\":\"4.9.1\",\"npm\":\"2.15.11\"})\n\u001b[0m\u001b[91mnpm WARN deprecated fsevents@1.2.13: fsevents 1 will break on node v14+ and could be using insecure binaries. Upgrade to fsevents 2.\n\u001b[0m\u001b[91mnpm WARN optional dep failed, continuing fsevents@1.2.13\n\u001b[0m\u001b[91mnpm WARN engine har-validator@5.1.3: wanted: {\"node\":\">=6\"} (current: {\"node\":\"4.9.1\",\"npm\":\"2.15.11\"})\n\u001b[0m\u001b[91mnpm WARN engine punycode@2.1.1: wanted: {\"node\":\">=6\"} (current: {\"node\":\"4.9.1\",\"npm\":\"2.15.11\"})\n\u001b[0m\u001b[91mnpm WARN deprecated urix@0.1.0: Please see https://github.com/lydell/urix#deprecated\n\u001b[0m\u001b[91mnpm WARN deprecated resolve-url@0.2.1: https://github.com/lydell/resolve-url#deprecated\n\u001b[0m\u001b[91mnpm WARN deprecated core-js@1.2.7: core-js@<3 is no longer maintained and not recommended for usage due to the number of issues. Please, upgrade your dependencies to the actual version of core-js@3.\n\u001b[0m\u001b[91mnpm WARN deprecated bson@1.0.9: Fixed a critical issue with BSON serialization documented in CVE-2019-2391, see https://bit.ly/2KcpXdo for more details\n\u001b[0m\u001b[91mnpm WARN optional dep failed, continuing fsevents@1.2.13\n\u001b[0m\u001b[91mnpm WARN engine punycode@2.1.1: wanted: {\"node\":\">=6\"} (current: {\"node\":\"4.9.1\",\"npm\":\"2.15.11\"})\n\u001b[0m\u001b[91mnpm WARN\u001b[0m\u001b[91m deprecated circular-json@0.3.3: CircularJSON is in maintenance only, flatted is its successor.\n\u001b[0m\u001b[91mnpm WARN peerDependencies The peer dependency react@^15.4.2 included from react-addons-transition-group will no\nnpm WARN peerDependencies longer be automatically installed to fulfill the peerDependency \nnpm WARN peerDependencies in npm 3+. Your application will need to depend on it explicitly.\n\u001b[0m\n> core-js@2.6.11 postinstall /usr/src/app/node_modules/babel-polyfill/node_modules/core-js\n> node -e \"try{require('./postinstall')}catch(e){}\"\n\n\n> core-js@2.6.11 postinstall /usr/src/app/node_modules/babel-cli/node_modules/babel-register/node_modules/core-js\n> node -e \"try{require('./postinstall')}catch(e){}\"\n\n\n> core-js@2.6.11 postinstall /usr/src/app/node_modules/babel-core/node_modules/babel-register/node_modules/core-js\n> node -e \"try{require('./postinstall')}catch(e){}\"\n\n\n> core-js@2.6.11 postinstall /usr/src/app/node_modules/xo/node_modules/eslint-plugin-ava/node_modules/espurify/node_modules/core-js\n> node -e \"try{require('./postinstall')}catch(e){}\"\n\n\n> core-js@2.6.11 postinstall /usr/src/app/node_modules/babel-preset-es2015/node_modules/babel-plugin-transform-es2015-arrow-functions/node_modules/babel-runtime/node_modules/core-js\n> node -e \"try{require('./postinstall')}catch(e){}\"\n\n\n> core-js@2.6.11 postinstall /usr/src/app/node_modules/babel-preset-es2015/node_modules/babel-plugin-transform-es2015-spread/node_modules/babel-runtime/node_modules/core-js\n> node -e \"try{require('./postinstall')}catch(e){}\"\n\n\n> core-js@2.6.11 postinstall /usr/src/app/node_modules/babel-preset-es2015/node_modules/babel-plugin-transform-es2015-modules-systemjs/node_modules/babel-runtime/node_modules/core-js\n> node -e \"try{require('./postinstall')}catch(e){}\"\n\n\n> core-js@2.6.11 postinstall /usr/src/app/node_modules/babel-preset-es2015/node_modules/babel-plugin-transform-es2015-typeof-symbol/node_modules/babel-runtime/node_modules/core-js\n> node -e \"try{require('./postinstall')}catch(e){}\"\n\n\n> core-js@2.6.11 postinstall /usr/src/app/node_modules/babel-preset-es2015/node_modules/babel-plugin-transform-es2015-literals/node_modules/babel-runtime/node_modules/core-js\n> node -e \"try{require('./postinstall')}catch(e){}\"\n\n\n> core-js@2.6.11 postinstall /usr/src/app/node_modules/babel-preset-es2015/node_modules/babel-plugin-transform-es2015-template-literals/node_modules/babel-runtime/node_modules/core-js\n> node -e \"try{require('./postinstall')}catch(e){}\"\n\n\n> core-js@2.6.11 postinstall /usr/src/app/node_modules/babel-preset-react/node_modules/babel-plugin-transform-react-jsx-source/node_modules/babel-runtime/node_modules/core-js\n> node -e \"try{require('./postinstall')}catch(e){}\"\n\n\n> core-js@2.6.11 postinstall /usr/src/app/node_modules/babel-preset-react/node_modules/babel-plugin-transform-flow-strip-types/node_modules/babel-runtime/node_modules/core-js\n> node -e \"try{require('./postinstall')}catch(e){}\"\n\n\n> core-js@2.6.11 postinstall /usr/src/app/node_modules/babel-preset-es2015/node_modules/babel-plugin-transform-es2015-block-scoped-functions/node_modules/babel-runtime/node_modules/core-js\n> node -e \"try{require('./postinstall')}catch(e){}\"\n\n\n> core-js@2.6.11 postinstall /usr/src/app/node_modules/babel-preset-es2015/node_modules/babel-plugin-transform-es2015-duplicate-keys/node_modules/babel-runtime/node_modules/core-js\n> node -e \"try{require('./postinstall')}catch(e){}\"\n\n\n> core-js@2.6.11 postinstall /usr/src/app/node_modules/babel-preset-react/node_modules/babel-plugin-transform-react-jsx-self/node_modules/babel-runtime/node_modules/core-js\n> node -e \"try{require('./postinstall')}catch(e){}\"\n\n\n> core-js@2.6.11 postinstall /usr/src/app/node_modules/babel-preset-es2015/node_modules/babel-plugin-transform-es2015-for-of/node_modules/babel-runtime/node_modules/core-js\n> node -e \"try{require('./postinstall')}catch(e){}\"\n\n\n> core-js@2.6.11 postinstall /usr/src/app/node_modules/babel-preset-stage-2/node_modules/babel-plugin-transform-class-properties/node_modules/babel-runtime/node_modules/core-js\n> node -e \"try{require('./postinstall')}catch(e){}\"\n\n\n> core-js@2.6.11 postinstall /usr/src/app/node_modules/babel-preset-es2015/node_modules/babel-plugin-transform-es2015-unicode-regex/node_modules/babel-runtime/node_modules/core-js\n> node -e \"try{require('./postinstall')}catch(e){}\"\n\n\n> core-js@2.6.11 postinstall /usr/src/app/node_modules/babel-preset-es2015/node_modules/babel-plugin-check-es2015-constants/node_modules/babel-runtime/node_modules/core-js\n> node -e \"try{require('./postinstall')}catch(e){}\"\n\n\n> core-js@2.6.11 postinstall /usr/src/app/node_modules/babel-preset-react/node_modules/babel-plugin-transform-react-jsx/node_modules/babel-runtime/node_modules/core-js\n> node -e \"try{require('./postinstall')}catch(e){}\"\n\n\n> core-js@2.6.11 postinstall /usr/src/app/node_modules/babel-preset-es2015/node_modules/babel-plugin-transform-es2015-modules-umd/node_modules/babel-runtime/node_modules/core-js\n> node -e \"try{require('./postinstall')}catch(e){}\"\n\n\n> core-js@2.6.11 postinstall /usr/src/app/node_modules/babel-preset-es2015/node_modules/babel-plugin-transform-es2015-classes/node_modules/babel-runtime/node_modules/core-js\n> node -e \"try{require('./postinstall')}catch(e){}\"\n\n\n> core-js@2.6.11 postinstall /usr/src/app/node_modules/babel-preset-es2015/node_modules/babel-plugin-transform-es2015-modules-amd/node_modules/babel-runtime/node_modules/core-js\n> node -e \"try{require('./postinstall')}catch(e){}\"\n\n\n> core-js@2.6.11 postinstall /usr/src/app/node_modules/babel-preset-es2015/node_modules/babel-plugin-transform-es2015-sticky-regex/node_modules/babel-runtime/node_modules/core-js\n> node -e \"try{require('./postinstall')}catch(e){}\"\n\n\n> core-js@2.6.11 postinstall /usr/src/app/node_modules/babel-preset-react/node_modules/babel-plugin-transform-react-display-name/node_modules/babel-runtime/node_modules/core-js\n> node -e \"try{require('./postinstall')}catch(e){}\"\n\n\n> core-js@2.6.11 postinstall /usr/src/app/node_modules/babel-preset-es2015/node_modules/babel-plugin-transform-es2015-function-name/node_modules/babel-runtime/node_modules/core-js\n> node -e \"try{require('./postinstall')}catch(e){}\"\n\n\n> core-js@2.6.11 postinstall /usr/src/app/node_modules/babel-preset-stage-2/node_modules/babel-plugin-transform-decorators/node_modules/babel-runtime/node_modules/core-js\n> node -e \"try{require('./postinstall')}catch(e){}\"\n\n\n> core-js@2.6.11 postinstall /usr/src/app/node_modules/babel-preset-es2015/node_modules/babel-plugin-transform-es2015-block-scoping/node_modules/babel-runtime/node_modules/core-js\n> node -e \"try{require('./postinstall')}catch(e){}\"\n\n\n> core-js@2.6.11 postinstall /usr/src/app/node_modules/babel-cli/node_modules/babel-runtime/node_modules/core-js\n> node -e \"try{require('./postinstall')}catch(e){}\"\n\n\n> core-js@2.6.11 postinstall /usr/src/app/node_modules/babel-preset-es2015/node_modules/babel-plugin-transform-es2015-shorthand-properties/node_modules/babel-runtime/node_modules/core-js\n> node -e \"try{require('./postinstall')}catch(e){}\"\n\n\n> core-js@2.6.11 postinstall /usr/src/app/node_modules/babel-preset-es2015/node_modules/babel-plugin-transform-es2015-object-super/node_modules/babel-runtime/node_modules/core-js\n> node -e \"try{require('./postinstall')}catch(e){}\"\n\n\n> core-js@2.6.11 postinstall /usr/src/app/node_modules/babel-preset-stage-2/node_modules/babel-plugin-transform-object-rest-spread/node_modules/babel-runtime/node_modules/core-js\n> node -e \"try{require('./postinstall')}catch(e){}\"\n\n\n> core-js@2.6.11 postinstall /usr/src/app/node_modules/babel-preset-es2015/node_modules/babel-plugin-transform-es2015-modules-commonjs/node_modules/babel-runtime/node_modules/core-js\n> node -e \"try{require('./postinstall')}catch(e){}\"\n\n\n> core-js@2.6.11 postinstall /usr/src/app/node_modules/babel-preset-es2015/node_modules/babel-plugin-transform-es2015-parameters/node_modules/babel-runtime/node_modules/core-js\n> node -e \"try{require('./postinstall')}catch(e){}\"\n\n\n> core-js@2.6.11 postinstall /usr/src/app/node_modules/babel-preset-es2015/node_modules/babel-plugin-transform-es2015-computed-properties/node_modules/babel-runtime/node_modules/core-js\n> node -e \"try{require('./postinstall')}catch(e){}\"\n\n\n> core-js@2.6.11 postinstall /usr/src/app/node_modules/babel-preset-es2015/node_modules/babel-plugin-transform-es2015-destructuring/node_modules/babel-runtime/node_modules/core-js\n> node -e \"try{require('./postinstall')}catch(e){}\"\n\n\n> core-js@2.6.11 postinstall /usr/src/app/node_modules/babel-core/node_modules/babel-runtime/node_modules/core-js\n> node -e \"try{require('./postinstall')}catch(e){}\"\n\n\n> core-js@2.6.11 postinstall /usr/src/app/node_modules/babel-preset-stage-2/node_modules/babel-preset-stage-3/node_modules/babel-plugin-transform-exponentiation-operator/node_modules/babel-runtime/node_modules/core-js\n> node -e \"try{require('./postinstall')}catch(e){}\"\n\n\n> core-js@2.6.11 postinstall /usr/src/app/node_modules/babel-preset-stage-2/node_modules/babel-preset-stage-3/node_modules/babel-plugin-transform-async-to-generator/node_modules/babel-runtime/node_modules/core-js\n> node -e \"try{require('./postinstall')}catch(e){}\"\n\n\n> core-js@2.6.11 postinstall /usr/src/app/node_modules/babel-preset-stage-2/node_modules/babel-preset-stage-3/node_modules/babel-plugin-transform-async-generator-functions/node_modules/babel-runtime/node_modules/core-js\n> node -e \"try{require('./postinstall')}catch(e){}\"\n\n\n> core-js@2.6.11 postinstall /usr/src/app/node_modules/babel-preset-es2015/node_modules/babel-plugin-transform-regenerator/node_modules/regenerator-transform/node_modules/babel-runtime/node_modules/core-js\n> node -e \"try{require('./postinstall')}catch(e){}\"\n\n\n> core-js@2.6.11 postinstall /usr/src/app/node_modules/xo/node_modules/babel-eslint/node_modules/babel-types/node_modules/babel-runtime/node_modules/core-js\n> node -e \"try{require('./postinstall')}catch(e){}\"\n\n\n> core-js@2.6.11 postinstall /usr/src/app/node_modules/xo/node_modules/babel-eslint/node_modules/babel-traverse/node_modules/babel-runtime/node_modules/core-js\n> node -e \"try{require('./postinstall')}catch(e){}\"\n\nwhatwg-fetch@1.0.0 node_modules/whatwg-fetch\n\nreact-addons-update@15.3.2 node_modules/react-addons-update\n\neslint-config-xo-react@0.9.0 node_modules/eslint-config-xo-react\n\neslint-config-xo@0.15.4 node_modules/eslint-config-xo\n\nconnect-flash@0.1.1 node_modules/connect-flash\n\nreact-dom@15.3.2 node_modules/react-dom\n\nimmutable@3.8.2 node_modules/immutable\n\nes6-promise@3.2.1 node_modules/es6-promise\n\npassport-local@1.0.0 node_modules/passport-local\n└── passport-strategy@1.0.0\n\npassport@0.3.2 node_modules/passport\n├── passport-strategy@1.0.0\n└── pause@0.0.1\n\nbluebird@3.7.2 node_modules/bluebird\n\nmorgan@1.10.0 node_modules/morgan\n├── on-headers@1.0.2\n├── depd@2.0.0\n├── basic-auth@2.0.1 (safe-buffer@5.1.2)\n├── on-finished@2.3.0 (ee-first@1.1.1)\n└── debug@2.6.9 (ms@2.0.0)\n\nexpress-session@1.14.2 node_modules/express-session\n├── utils-merge@1.0.0\n├── cookie-signature@1.0.6\n├── parseurl@1.3.3\n├── on-headers@1.0.2\n├── cookie@0.3.1\n├── depd@1.1.2\n├── crc@3.4.1\n├── uid-safe@2.1.5 (random-bytes@1.0.0)\n└── debug@2.2.0 (ms@0.7.1)\n\nexpress@4.17.1 node_modules/express\n├── cookie-signature@1.0.6\n├── content-type@1.0.4\n├── parseurl@1.3.3\n├── escape-html@1.0.3\n├── array-flatten@1.1.1\n├── utils-merge@1.0.1\n├── merge-descriptors@1.0.1\n├── encodeurl@1.0.2\n├── methods@1.1.2\n├── cookie@0.4.0\n├── range-parser@1.2.1\n├── fresh@0.5.2\n├── path-to-regexp@0.1.7\n├── vary@1.1.2\n├── serve-static@1.14.1\n├── etag@1.8.1\n├── content-disposition@0.5.3\n├── safe-buffer@5.1.2\n├── setprototypeof@1.1.1\n├── statuses@1.5.0\n├── depd@1.1.2\n├── on-finished@2.3.0 (ee-first@1.1.1)\n├── qs@6.7.0\n├── finalhandler@1.1.2 (unpipe@1.0.0)\n├── proxy-addr@2.0.6 (forwarded@0.1.2, ipaddr.js@1.9.1)\n├── debug@2.6.9 (ms@2.0.0)\n├── send@0.17.1 (destroy@1.0.4, ms@2.1.1, mime@1.6.0, http-errors@1.7.3)\n├── type-is@1.6.18 (media-typer@0.3.0, mime-types@2.1.27)\n└── accepts@1.3.7 (negotiator@0.6.2, mime-types@2.1.27)\n\nreact-hot-loader@1.3.1 node_modules/react-hot-loader\n├── react-hot-api@0.4.7\n└── source-map@0.4.4 (amdefine@1.0.1)\n\nbody-parser@1.19.0 node_modules/body-parser\n├── bytes@3.1.0\n├── content-type@1.0.4\n├── depd@1.1.2\n├── on-finished@2.3.0 (ee-first@1.1.1)\n├── qs@6.7.0\n├── http-errors@1.7.2 (toidentifier@1.0.0, setprototypeof@1.1.1, statuses@1.5.0, inherits@2.0.3)\n├── raw-body@2.4.0 (unpipe@1.0.0)\n├── debug@2.6.9 (ms@2.0.0)\n├── type-is@1.6.18 (media-typer@0.3.0, mime-types@2.1.27)\n└── iconv-lite@0.4.24 (safer-buffer@2.1.2)\n\nbabel-loader@6.2.10 node_modules/babel-loader\n├── object-assign@4.1.1\n├── loader-utils@0.2.17 (big.js@3.2.0, emojis-list@2.1.0, json5@0.5.1)\n├── mkdirp@0.5.5 (minimist@1.2.5)\n└── find-cache-dir@0.1.1 (commondir@1.0.1, pkg-dir@1.0.0)\n\neslint-plugin-react@6.2.2 node_modules/eslint-plugin-react\n├── doctrine@1.5.0 (esutils@2.0.3, isarray@1.0.0)\n└── jsx-ast-utils@1.4.1\n\ndateformat@1.0.12 node_modules/dateformat\n├── get-stdin@4.0.1\n└── meow@3.7.0 (object-assign@4.1.1, decamelize@1.2.0, map-obj@1.0.1, trim-newlines@1.0.0, minimist@1.2.5, camelcase-keys@2.1.0, loud-rejection@1.6.0, redent@1.0.0, read-pkg-up@1.0.1, normalize-package-data@2.5.0)\n\nwebpack-dev-server@1.14.1 node_modules/webpack-dev-server\n├── connect-history-api-fallback@1.1.0\n├── stream-cache@0.0.2\n├── strip-ansi@3.0.1 (ansi-regex@2.1.1)\n├── supports-color@3.2.3 (has-flag@1.0.0)\n├── http-proxy@1.18.1 (follow-redirects@1.12.1, requires-port@1.0.0, eventemitter3@4.0.4)\n├── compression@1.7.4 (on-headers@1.0.2, vary@1.1.2, safe-buffer@5.1.2, bytes@3.0.0, compressible@2.0.18, debug@2.6.9, accepts@1.3.7)\n├── optimist@0.6.1 (wordwrap@0.0.3, minimist@0.0.10)\n├── sockjs@0.3.20 (faye-websocket@0.10.0, uuid@3.4.0, websocket-driver@0.6.5)\n├── webpack-dev-middleware@1.12.2 (path-is-absolute@1.0.1, range-parser@1.2.1, time-stamp@2.2.0, mime@1.6.0, memory-fs@0.4.1)\n├── serve-index@1.9.1 (escape-html@1.0.3, parseurl@1.3.3, batch@0.6.1, mime-types@2.1.27, accepts@1.3.7, http-errors@1.6.3, debug@2.6.9)\n└── sockjs-client@1.4.0 (inherits@2.0.4, json3@3.3.3, debug@3.2.6, url-parse@1.4.7, eventsource@1.0.7, faye-websocket@0.11.3)\n\njsx-loader@0.13.2 node_modules/jsx-loader\n├── loader-utils@0.2.17 (object-assign@4.1.1, big.js@3.2.0, emojis-list@2.1.0, json5@0.5.1)\n└── jstransform@11.0.3 (object-assign@2.1.1, base62@1.2.8, esprima-fb@15001.1.0-dev-harmony-fb, source-map@0.4.4, commoner@0.10.8)\n\nwebpack@1.13.3 node_modules/webpack\n├── interpret@0.6.6\n├── clone@1.0.4\n├── tapable@0.1.10\n├── async@1.5.2\n├── supports-color@3.2.3 (has-flag@1.0.0)\n├── loader-utils@0.2.17 (object-assign@4.1.1, big.js@3.2.0, emojis-list@2.1.0, json5@0.5.1)\n├── mkdirp@0.5.5 (minimist@1.2.5)\n├── enhanced-resolve@0.9.1 (graceful-fs@4.2.4, memory-fs@0.2.0)\n├── acorn@3.3.0\n├── optimist@0.6.1 (wordwrap@0.0.3, minimist@0.0.10)\n├── memory-fs@0.3.0 (errno@0.1.7, readable-stream@2.3.7)\n├── webpack-core@0.6.9 (source-list-map@0.1.8, source-map@0.4.4)\n├── uglify-js@2.7.5 (async@0.2.10, uglify-to-browserify@1.0.2, source-map@0.5.7, yargs@3.10.0)\n├── watchpack@0.2.9 (graceful-fs@4.2.4, async@0.9.2, chokidar@1.7.0)\n└── node-libs-browser@0.6.0 (tty-browserify@0.0.0, https-browserify@0.0.0, constants-browserify@0.0.1, path-browserify@0.0.0, punycode@1.4.1, string_decoder@0.10.31, domain-browser@1.2.0, os-browserify@0.1.2, process@0.11.10, console-browserify@1.2.0, querystring-es3@0.2.1, timers-browserify@1.4.2, util@0.10.4, stream-browserify@1.0.0, events@1.1.1, vm-browserify@0.0.4, readable-stream@1.1.14, url@0.10.3, http-browserify@1.7.0, assert@1.5.0, buffer@4.9.2, browserify-zlib@0.1.4, crypto-browserify@3.2.8)\n\nreact-tap-event-plugin@1.0.0 node_modules/react-tap-event-plugin\n└── fbjs@0.2.1 (whatwg-fetch@0.9.0, promise@7.3.1, core-js@1.2.7)\n\nreact-router@2.6.1 node_modules/react-router\n├── warning@3.0.0\n├── invariant@2.2.4\n├── hoist-non-react-statics@1.2.0\n├── loose-envify@1.4.0 (js-tokens@4.0.0)\n└── history@2.1.2 (warning@2.1.0, query-string@3.0.3, deep-equal@1.1.1)\n\nreact-refetch@1.0.4 node_modules/react-refetch\n├── hoist-non-react-statics@2.5.5\n├── warning@3.0.0 (loose-envify@1.4.0)\n├── invariant@2.2.4 (loose-envify@1.4.0)\n└── lodash@4.17.15\n\nreact@15.3.2 node_modules/react\n├── object-assign@4.1.1\n├── loose-envify@1.4.0 (js-tokens@4.0.0)\n└── fbjs@0.8.17 (setimmediate@1.0.5, ua-parser-js@0.7.21, promise@7.3.1, isomorphic-fetch@2.2.1, core-js@1.2.7)\n\nmongoose@4.13.20 node_modules/mongoose\n├── ms@2.0.0\n├── lodash.get@4.4.2\n├── sliced@1.0.1\n├── regexp-clone@0.0.1\n├── hooks-fixed@2.0.2\n├── muri@1.3.0\n├── mpromise@0.5.5\n├── kareem@1.5.0\n├── mpath@0.5.1\n├── bson@1.0.9\n├── mquery@2.3.3 (sliced@0.0.5, debug@2.6.9, bluebird@3.5.0)\n├── mongodb@2.2.34 (readable-stream@2.2.7, mongodb-core@2.1.18)\n└── async@2.6.0 (lodash@4.17.15)\n\neslint@3.4.0 node_modules/eslint\n├── path-is-inside@1.0.2\n├── imurmurhash@0.1.4\n├── natural-compare@1.4.0\n├── globals@9.18.0\n├── strip-bom@3.0.0\n├── ignore@3.3.10\n├── is-resolvable@1.1.0\n├── pluralize@1.2.1\n├── esutils@2.0.3\n├── estraverse@4.3.0\n├── strip-json-comments@1.0.4\n├── progress@1.1.8\n├── text-table@0.2.0\n├── user-home@2.0.0 (os-homedir@1.0.2)\n├── doctrine@1.5.0 (isarray@1.0.0)\n├── debug@2.6.9 (ms@2.0.0)\n├── chalk@1.1.3 (escape-string-regexp@1.0.5, ansi-styles@2.2.1, supports-color@2.0.0, has-ansi@2.0.0, strip-ansi@3.0.1)\n├── optionator@0.8.3 (fast-levenshtein@2.0.6, word-wrap@1.2.3, type-check@0.3.2, deep-is@0.1.3, prelude-ls@1.1.2)\n├── levn@0.3.0 (type-check@0.3.2, prelude-ls@1.1.2)\n├── json-stable-stringify@1.0.1 (jsonify@0.0.0)\n├── mkdirp@0.5.5 (minimist@1.2.5)\n├── require-uncached@1.0.3 (resolve-from@1.0.1, caller-path@0.1.0)\n├── shelljs@0.6.1\n├── is-my-json-valid@2.20.4 (jsonpointer@4.1.0, xtend@4.0.2, is-my-ip-valid@1.0.0, generate-object-property@1.2.0, generate-function@2.3.1)\n├── file-entry-cache@2.0.0 (object-assign@4.1.1, flat-cache@1.3.4)\n├── glob@7.1.6 (path-is-absolute@1.0.1, inherits@2.0.4, fs.realpath@1.0.0, inflight@1.0.6, once@1.4.0, minimatch@3.0.4)\n├── concat-stream@1.6.2 (inherits@2.0.4, buffer-from@1.1.1, typedarray@0.0.6, readable-stream@2.3.7)\n├── inquirer@0.12.0 (ansi-regex@2.1.1, strip-ansi@3.0.1, ansi-escapes@1.4.0, cli-width@2.2.1, rx-lite@3.1.2, through@2.3.8, figures@1.7.0, string-width@1.0.2, readline2@1.0.1, run-async@0.1.0, cli-cursor@1.0.2)\n├── espree@3.5.4 (acorn@5.7.4, acorn-jsx@3.0.1)\n├── js-yaml@3.14.0 (esprima@4.0.1, argparse@1.0.10)\n├── table@3.8.3 (slice-ansi@0.0.4, ajv-keywords@1.5.1, string-width@2.1.1, ajv@4.11.8)\n├── escope@3.6.0 (esrecurse@4.2.1, es6-weak-map@2.0.3, es6-map@0.1.5)\n└── lodash@4.17.15\n\nbabel-polyfill@6.13.0 node_modules/babel-polyfill\n├── regenerator-runtime@0.9.6\n├── babel-runtime@6.26.0 (regenerator-runtime@0.11.1)\n└── core-js@2.6.11\n\nbabel-preset-react@6.11.1 node_modules/babel-preset-react\n├── babel-plugin-syntax-jsx@6.18.0\n├── babel-plugin-syntax-flow@6.18.0\n├── babel-plugin-transform-react-jsx-source@6.22.0 (babel-runtime@6.26.0)\n├── babel-plugin-transform-flow-strip-types@6.22.0 (babel-runtime@6.26.0)\n├── babel-plugin-transform-react-jsx-self@6.22.0 (babel-runtime@6.26.0)\n├── babel-plugin-transform-react-jsx@6.24.1 (babel-helper-builder-react-jsx@6.26.0, babel-runtime@6.26.0)\n└── babel-plugin-transform-react-display-name@6.25.0 (babel-runtime@6.26.0)\n\nbabel-cli@6.11.4 node_modules/babel-cli\n├── slash@1.0.0\n├── log-symbols@1.0.2\n├── path-exists@1.0.0\n├── path-is-absolute@1.0.1\n├── fs-readdir-recursive@0.1.2\n├── commander@2.20.3\n├── convert-source-map@1.7.0 (safe-buffer@5.1.2)\n├── v8flags@2.1.1 (user-home@1.1.1)\n├── source-map@0.5.7\n├── chalk@1.1.1 (escape-string-regexp@1.0.5, supports-color@2.0.0, ansi-styles@2.2.1, strip-ansi@3.0.1, has-ansi@2.0.0)\n├── output-file-sync@1.1.2 (object-assign@4.1.1, graceful-fs@4.2.4, mkdirp@0.5.5)\n├── glob@5.0.15 (inherits@2.0.4, once@1.4.0, inflight@1.0.6, minimatch@3.0.4)\n├── chokidar@1.7.0 (async-each@1.0.3, inherits@2.0.4, glob-parent@2.0.0, is-glob@2.0.1, is-binary-path@1.0.1, anymatch@1.3.2, readdirp@2.2.1)\n├── bin-version-check@2.1.0 (minimist@1.2.5, semver-truncate@1.1.2, semver@4.3.6, bin-version@1.0.4)\n├── request@2.88.2 (aws-sign2@0.7.0, tunnel-agent@0.6.0, forever-agent@0.6.1, oauth-sign@0.9.0, is-typedarray@1.0.0, caseless@0.12.0, safe-buffer@5.2.1, aws4@1.10.0, isstream@0.1.2, json-stringify-safe@5.0.1, extend@3.0.2, performance-now@2.1.0, qs@6.5.2, uuid@3.4.0, mime-types@2.1.27, combined-stream@1.0.8, tough-cookie@2.5.0, form-data@2.3.3, http-signature@1.2.0, har-validator@5.1.3)\n├── lodash@4.17.15\n├── babel-register@6.26.0 (source-map-support@0.4.18, home-or-tmp@2.0.0, mkdirp@0.5.5, babel-core@6.26.3, core-js@2.6.11)\n└── babel-runtime@6.26.0 (regenerator-runtime@0.11.1, core-js@2.6.11)\n\nbabel-core@6.13.2 node_modules/babel-core\n├── slash@1.0.0\n├── path-exists@1.0.0\n├── path-is-absolute@1.0.1\n├── babel-template@6.26.0\n├── babel-messages@6.23.0\n├── shebang-regex@1.0.0\n├── private@0.1.8\n├── babel-helpers@6.24.1\n├── babylon@6.18.0\n├── convert-source-map@1.7.0 (safe-buffer@5.1.2)\n├── source-map@0.5.7\n├── debug@2.6.9 (ms@2.0.0)\n├── babel-types@6.26.0 (to-fast-properties@1.0.3, esutils@2.0.3)\n├── minimatch@3.0.4 (brace-expansion@1.1.11)\n├── babel-code-frame@6.26.0 (js-tokens@3.0.2, esutils@2.0.3, chalk@1.1.3)\n├── babel-generator@6.26.1 (trim-right@1.0.1, jsesc@1.3.0, detect-indent@4.0.0)\n├── babel-traverse@6.26.0 (globals@9.18.0, invariant@2.2.4)\n├── json5@0.4.0\n├── lodash@4.17.15\n├── babel-register@6.26.0 (source-map-support@0.4.18, home-or-tmp@2.0.0, mkdirp@0.5.5, babel-core@6.26.3, core-js@2.6.11)\n└── babel-runtime@6.26.0 (regenerator-runtime@0.11.1, core-js@2.6.11)\n\nbabel-preset-stage-2@6.13.0 node_modules/babel-preset-stage-2\n├── babel-plugin-transform-class-properties@6.24.1 (babel-plugin-syntax-class-properties@6.13.0, babel-template@6.26.0, babel-helper-function-name@6.24.1, babel-runtime@6.26.0)\n├── babel-plugin-transform-decorators@6.24.1 (babel-plugin-syntax-decorators@6.13.0, babel-template@6.26.0, babel-types@6.26.0, babel-helper-explode-class@6.24.1, babel-runtime@6.26.0)\n├── babel-plugin-transform-object-rest-spread@6.26.0 (babel-plugin-syntax-object-rest-spread@6.13.0, babel-runtime@6.26.0)\n└── babel-preset-stage-3@6.24.1 (babel-plugin-syntax-trailing-function-commas@6.22.0, babel-plugin-transform-exponentiation-operator@6.24.1, babel-plugin-transform-async-to-generator@6.24.1, babel-plugin-transform-async-generator-functions@6.24.1)\n\nbabel-preset-es2015@6.13.2 node_modules/babel-preset-es2015\n├── babel-plugin-transform-es2015-arrow-functions@6.22.0 (babel-runtime@6.26.0)\n├── babel-plugin-transform-es2015-spread@6.22.0 (babel-runtime@6.26.0)\n├── babel-plugin-transform-es2015-modules-systemjs@6.24.1 (babel-template@6.26.0, babel-helper-hoist-variables@6.24.1, babel-runtime@6.26.0)\n├── babel-plugin-transform-es2015-typeof-symbol@6.23.0 (babel-runtime@6.26.0)\n├── babel-plugin-transform-es2015-literals@6.22.0 (babel-runtime@6.26.0)\n├── babel-plugin-transform-es2015-template-literals@6.22.0 (babel-runtime@6.26.0)\n├── babel-plugin-transform-es2015-block-scoped-functions@6.22.0 (babel-runtime@6.26.0)\n├── babel-plugin-transform-es2015-duplicate-keys@6.24.1 (babel-types@6.26.0, babel-runtime@6.26.0)\n├── babel-plugin-transform-es2015-for-of@6.23.0 (babel-runtime@6.26.0)\n├── babel-plugin-transform-es2015-unicode-regex@6.24.1 (regexpu-core@2.0.0, babel-helper-regex@6.26.0, babel-runtime@6.26.0)\n├── babel-plugin-check-es2015-constants@6.22.0 (babel-runtime@6.26.0)\n├── babel-plugin-transform-es2015-modules-umd@6.24.1 (babel-template@6.26.0, babel-runtime@6.26.0)\n├── babel-plugin-transform-es2015-classes@6.24.1 (babel-messages@6.23.0, babel-helper-optimise-call-expression@6.24.1, babel-helper-replace-supers@6.24.1, babel-helper-function-name@6.24.1, babel-helper-define-map@6.26.0, babel-template@6.26.0, babel-types@6.26.0, babel-traverse@6.26.0, babel-runtime@6.26.0)\n├── babel-plugin-transform-es2015-modules-amd@6.24.1 (babel-template@6.26.0, babel-runtime@6.26.0)\n├── babel-plugin-transform-es2015-sticky-regex@6.24.1 (babel-helper-regex@6.26.0, babel-types@6.26.0, babel-runtime@6.26.0)\n├── babel-plugin-transform-es2015-function-name@6.24.1 (babel-types@6.26.0, babel-helper-function-name@6.24.1, babel-runtime@6.26.0)\n├── babel-plugin-transform-es2015-block-scoping@6.26.0 (babel-template@6.26.0, babel-types@6.26.0, babel-traverse@6.26.0, lodash@4.17.15, babel-runtime@6.26.0)\n├── babel-plugin-transform-es2015-shorthand-properties@6.24.1 (babel-types@6.26.0, babel-runtime@6.26.0)\n├── babel-plugin-transform-es2015-object-super@6.24.1 (babel-helper-replace-supers@6.24.1, babel-runtime@6.26.0)\n├── babel-plugin-transform-es2015-modules-commonjs@6.26.2 (babel-plugin-transform-strict-mode@6.24.1, babel-template@6.26.0, babel-types@6.26.0, babel-runtime@6.26.0)\n├── babel-plugin-transform-es2015-parameters@6.24.1 (babel-helper-get-function-arity@6.24.1, babel-helper-call-delegate@6.24.1, babel-template@6.26.0, babel-types@6.26.0, babel-traverse@6.26.0, babel-runtime@6.26.0)\n├── babel-plugin-transform-es2015-computed-properties@6.24.1 (babel-template@6.26.0, babel-runtime@6.26.0)\n├── babel-plugin-transform-es2015-destructuring@6.23.0 (babel-runtime@6.26.0)\n└── babel-plugin-transform-regenerator@6.26.0 (regenerator-transform@0.10.1)\n\nxo@0.16.0 node_modules/xo\n├── resolve-cwd@1.0.0\n├── arrify@1.0.1\n├── has-flag@2.0.0\n├── object-assign@4.1.1\n├── resolve-from@2.0.0\n├── get-stdin@5.0.1\n├── eslint-plugin-promise@1.3.2\n├── deep-assign@1.0.0 (is-obj@1.0.1)\n├── home-or-tmp@2.0.0 (os-tmpdir@1.0.2, os-homedir@1.0.2)\n├── eslint-plugin-babel@3.3.0\n├── eslint-plugin-xo@0.5.1 (lodash.upperfirst@4.3.1, lodash.kebabcase@4.1.1, lodash.snakecase@4.1.1, lodash.camelcase@4.3.0)\n├── debug@2.6.9 (ms@2.0.0)\n├── path-exists@2.1.0 (pinkie-promise@2.0.1)\n├── eslint-formatter-pretty@0.2.2 (log-symbols@1.0.2, ansi-escapes@1.4.0, repeating@2.0.1, plur@2.1.2, chalk@1.1.3, string-width@1.0.2)\n├── eslint-plugin-no-use-extend-native@0.3.12 (is-js-type@2.0.0, is-obj-prop@1.0.0, is-get-set-prop@1.0.0, is-proto-prop@1.0.1)\n├── multimatch@2.1.0 (array-differ@1.0.0, array-union@1.0.2, minimatch@3.0.4)\n├── globby@5.0.0 (pify@2.3.0, array-union@1.0.2, pinkie-promise@2.0.1, glob@7.1.6)\n├── pkg-conf@1.1.3 (symbol@0.2.3, find-up@1.1.2, load-json-file@1.1.0)\n├── update-notifier@1.0.3 (is-npm@1.0.0, lazy-req@1.1.0, xdg-basedir@2.0.0, semver-diff@2.1.0, chalk@1.1.3, boxen@0.6.0, configstore@2.1.0, latest-version@2.0.0)\n├── meow@3.7.0 (trim-newlines@1.0.0, decamelize@1.2.0, map-obj@1.0.1, minimist@1.2.5, camelcase-keys@2.1.0, loud-rejection@1.6.0, redent@1.0.0, read-pkg-up@1.0.1, normalize-package-data@2.5.0)\n├── xo-init@0.3.6 (the-argv@1.0.0, pify@2.3.0, minimist@1.2.5, pinkie-promise@2.0.1, write-pkg@1.0.0, read-pkg-up@1.0.1)\n├── eslint-plugin-import@1.16.0 (lodash.endswith@4.2.1, contains-path@0.1.0, lodash.cond@4.5.2, lodash.findindex@4.6.0, lodash.find@4.6.0, builtin-modules@1.1.1, doctrine@1.3.0, has@1.0.3, minimatch@3.0.4, pkg-up@1.0.0, pkg-dir@1.0.0, eslint-import-resolver-node@0.2.3, es6-map@0.1.5, es6-set@0.1.5)\n├── eslint@2.13.1 (path-is-inside@1.0.2, imurmurhash@0.1.4, is-resolvable@1.1.0, ignore@3.3.10, path-is-absolute@1.0.1, pluralize@1.2.1, globals@9.18.0, estraverse@4.3.0, strip-json-comments@1.0.4, esutils@2.0.3, progress@1.1.8, text-table@0.2.0, user-home@2.0.0, doctrine@1.5.0, levn@0.3.0, optionator@0.8.3, chalk@1.1.3, require-uncached@1.0.3, json-stable-stringify@1.0.1, mkdirp@0.5.5, shelljs@0.6.1, is-my-json-valid@2.20.4, file-entry-cache@1.3.1, glob@7.1.6, concat-stream@1.6.2, inquirer@0.12.0, espree@3.5.4, js-yaml@3.14.0, table@3.8.3, es6-map@0.1.5, escope@3.6.0, lodash@4.17.15)\n├── eslint-plugin-ava@2.5.0 (lodash.rest@4.0.5, deep-strict-equal@0.1.0, pkg-up@1.0.0, espree@3.5.4, espurify@1.8.1)\n└── babel-eslint@6.1.2 (lodash.assign@4.2.0, lodash.pickby@4.6.0, babylon@6.18.0, babel-types@6.26.0, babel-traverse@6.26.0)\n\nmaterial-ui@0.15.4 node_modules/material-ui\n├── simple-assign@0.1.0\n├── keycode@2.2.0\n├── warning@3.0.0 (loose-envify@1.4.0)\n├── inline-style-prefixer@2.0.5 (hyphenate-style-name@1.0.3, bowser@1.9.4)\n├── lodash@4.17.15\n├── react-addons-create-fragment@15.6.2 (object-assign@4.1.1, loose-envify@1.4.0, fbjs@0.8.17)\n├── react-event-listener@0.2.1 (fbjs@0.8.17)\n├── recompose@0.20.2 (change-emitter@0.1.6, symbol-observable@0.2.4, hoist-non-react-statics@1.2.0, fbjs@0.8.17)\n├── react@15.6.2 (object-assign@4.1.1, create-react-class@15.6.3, loose-envify@1.4.0, prop-types@15.7.2, fbjs@0.8.17)\n└── react-addons-transition-group@15.6.2 (react-transition-group@1.2.1)\nRemoving intermediate container 0f8ea298a122\n ---> f6d70ad25746\nStep 11/13 : RUN npm run test\n ---> Running in 7cc04ad9e335\n\n> mern-todo@0.0.0 test /usr/src/app\n> xo\n\n\n  client/components/TaskList.jsx:38:17\n  ⚠  38:17  Unexpected todo comment.                                                         no-warning-comments\n  ⚠  78:17  Unexpected todo comment.                                                         no-warning-comments\n\n  server/api.js:2:23\n  ✖   2:23  getTaskRoutes is defined but never used                                          no-unused-vars\n  ✖   2:44  Parse errors in imported module ./routes/task: Line 10: Unexpected token (10:3)  import/namespace\n  ✖   3:23  getUserRoutes is defined but never used                                          no-unused-vars\n  ✖   4:23  getAuthRoutes is defined but never used                                          no-unused-vars\n  ✖   9:27  tasksApi is not defined.                                                         no-undef\n  ✖  10:27  usersApi is not defined.                                                         no-undef\n  ✖  11:26  authApi is not defined.                                                          no-undef\n\n  server/control/task.js:17:16\n  ✖  17:16  Missing semicolon.                                                               semi\n\n  server/routes/task.js:10:3\n  ✖  10:3   Parsing error: Unexpected token                                                  \n\n  server/server.js:8:10\n  ✖   8:10  getRoutes is defined but never used                                              no-unused-vars\n  ✖  35:17  api is not defined.                                                              no-undef\n  ✖  40:18  path is not defined.                                                             no-undef\n\n  12 errors\n  2 warnings\n\u001b[91m\n\u001b[0m\u001b[91mnpm \u001b[0m\u001b[91mERR!\u001b[0m\u001b[91m Linux 3.10.0-693.17.1.el7.x86_64\n\u001b[0m\u001b[91mnpm \u001b[0m\u001b[91mERR!\u001b[0m\u001b[91m argv\u001b[0m\u001b[91m \"/usr/local/bin/node\" \"/usr/local/bin/npm\" \"run\" \"test\"\n\u001b[0m\u001b[91mnpm ERR!\u001b[0m\u001b[91m node\u001b[0m\u001b[91m v4.9.1\n\u001b[0m\u001b[91mnpm \u001b[0m\u001b[91mERR! \u001b[0m\u001b[91mnpm  v2.15.11\n\u001b[0m\u001b[91mnpm \u001b[0m\u001b[91mERR!\u001b[0m\u001b[91m code ELIFECYCLE\n\u001b[0m\u001b[91mnpm ERR!\u001b[0m\u001b[91m mern-todo@0.0.0 test: `xo`\n\u001b[0m\u001b[91mnpm \u001b[0m\u001b[91mERR! Exit status 1\n\u001b[0m\u001b[91mnpm \u001b[0m\u001b[91mERR!\u001b[0m\u001b[91m \nnpm\u001b[0m\u001b[91m ERR!\u001b[0m\u001b[91m Failed at the mern-todo@0.0.0 test script 'xo'.\n\u001b[0m\u001b[91mnpm \u001b[0m\u001b[91mERR!\u001b[0m\u001b[91m This is most likely a problem with the mern-todo package,\n\u001b[0m\u001b[91mnpm ERR!\u001b[0m\u001b[91m not with npm itself.\nnpm\u001b[0m\u001b[91m ERR!\u001b[0m\u001b[91m Tell the author that this fails on your system:\n\u001b[0m\u001b[91mnpm \u001b[0m\u001b[91mERR!     xo\n\u001b[0m\u001b[91mnpm ERR!\u001b[0m\u001b[91m You can get information on how to open an issue for this project with:\nnpm ERR!\u001b[0m\u001b[91m     npm bugs mern-todo\nnpm\u001b[0m\u001b[91m ERR!\u001b[0m\u001b[91m Or if that isn't available, you can get their info via:\n\u001b[0m\u001b[91mnpm ERR!\u001b[0m\u001b[91m \n\u001b[0m\u001b[91mnpm \u001b[0m\u001b[91mERR!\u001b[0m\u001b[91m     npm owner ls mern-todo\n\u001b[0m\u001b[91mnpm \u001b[0m\u001b[91mERR!\u001b[0m\u001b[91m There is likely additional logging output above.\n\u001b[0m\u001b[91m\nnpm\u001b[0m\u001b[91m ERR!\u001b[0m\u001b[91m Please include the following file with any support request:\n\u001b[0m\u001b[91mnpm \u001b[0m\u001b[91mERR!\u001b[0m\u001b[91m     /usr/src/app/npm-debug.log\n\u001b[0m",
    "raw_stderr_log": "The command '/bin/sh -c npm run test' returned a non-zero code: 1",
    "html_url": "https://github.com/nginformatica/mern-todo",
    "repo_commit": "87982e8cedf104a9419e25c2d06703743b0f8b6b",
    "repo_id": 66654405
  },
  {
    "raw_dockerfile": "# This dockerfile only installs dependencies and build all packages\n# It is used by each packages Dockerfile to copy out build artifacts\nFROM node:dubnium\n\n# Make sure version variable is set\nARG VERSION\nRUN test -n \"$VERSION\"\n\n# Override the base log level (info).\nENV NPM_CONFIG_LOGLEVEL warn\n\n# install dependencies first so they may be cached if there are no package.json changes\nCOPY package.json .\nCOPY yarn.lock .\nCOPY lerna.json .\nCOPY packages/auth/package.json packages/auth/package.json\nCOPY packages/commons/package.json packages/commons/package.json\nCOPY packages/components/package.json packages/components/package.json\nCOPY packages/gateway/package.json packages/gateway/package.json\nCOPY packages/integration/package.json packages/integration/package.json\nCOPY packages/login/package.json packages/login/package.json\nCOPY packages/metrics/package.json packages/metrics/package.json\nCOPY packages/notification/package.json packages/notification/package.json\nCOPY packages/client/package.json packages/client/package.json\nCOPY packages/search/package.json packages/search/package.json\nCOPY packages/user-mgnt/package.json packages/user-mgnt/package.json\nCOPY packages/workflow/package.json packages/workflow/package.json\nCOPY patches patches\nRUN yarn install\n\nCOPY . .\nENV VERSION \"$VERSION\"\nENV RESOURCES_URL \"THIS_WILL_BE_REPLACED_BY_RUNTIME_ENV_VARIABLE\"\nRUN yarn build",
    "raw_stdout_log": "Sending build context to Docker daemon  959.1MB\r\r\nStep 1/25 : FROM node:dubnium\ndubnium: Pulling from library/node\n81fc19181915: Already exists\nee49ee6a23d1: Already exists\n828510924538: Already exists\na8f58c4fcca0: Already exists\n33699d7df21e: Already exists\n923705ffa8f8: Already exists\n667ab65c1289: Already exists\n9c3f7667ed73: Already exists\n03e9677c0489: Already exists\nDigest: sha256:f9e66964ec6e9a78693929b58b3d95aadf03cc70e47f6d276d1e0943853c2bb5\nStatus: Downloaded newer image for node:dubnium\n ---> e7671d9424c2\nStep 2/25 : ARG VERSION\n ---> Running in 05149662fb4b\nRemoving intermediate container 05149662fb4b\n ---> 8464adf51146\nStep 3/25 : RUN test -n \"$VERSION\"\n ---> Running in ca216f0844d8",
    "raw_stderr_log": "The command '/bin/sh -c test -n \"$VERSION\"' returned a non-zero code: 1",
    "html_url": "https://github.com/opencrvs/opencrvs-core",
    "repo_commit": "d2505670fb61ad95c026939a43f31efc7e7f5397",
    "repo_id": 91778759
  }
]