[
  {
    "raw_dockerfile": "FROM node:alpine\nWORKDIR /src\nADD ./backend /src/backend\nADD ./client /src/client\nADD ./app.js /src/app.js\nRUN cd /src/backend && npm install --silent\nCMD [\"node\", \"/src/app.js\"]\nEXPOSE 3230",
    "raw_stdout_log": "Sending build context to Docker daemon  5.167MB\r\r\nStep 1/8 : FROM node:alpine\nalpine: Pulling from library/node\ncbdbe7a5bc2a: Already exists\nfb0e3739aee1: Pulling fs layer\n738de7869598: Pulling fs layer\nffd68be3d86c: Pulling fs layer\nffd68be3d86c: Verifying Checksum\nffd68be3d86c: Download complete\n738de7869598: Verifying Checksum\n738de7869598: Download complete\nfb0e3739aee1: Verifying Checksum\nfb0e3739aee1: Download complete\nfb0e3739aee1: Pull complete\n738de7869598: Pull complete\nffd68be3d86c: Pull complete\nDigest: sha256:7d11fea6d901bfe59999dda0fa3514438628a134d43c27c2eaec43cc8f4b98d5\nStatus: Downloaded newer image for node:alpine\n ---> 3bf5a7d41d77\nStep 2/8 : WORKDIR /src\nRemoving intermediate container 31da73bdf83e\n ---> ba8080e0aa86\nStep 3/8 : ADD ./backend /src/backend\n ---> 4aaaf0721189\nStep 4/8 : ADD ./client /src/client\n ---> 8b800f53f50b\nStep 5/8 : ADD ./app.js /src/app.js\n ---> c572b6ce5141\nStep 6/8 : RUN cd /src/backend && npm install --silent\n ---> Running in 408e996035c8\nFailed to execute '/usr/local/bin/node /usr/local/lib/node_modules/npm/node_modules/node-gyp/bin/node-gyp.js configure --fallback-to-build --module=/src/backend/node_modules/sqlite3/lib/binding/node-v83-linux-x64/node_sqlite3.node --module_name=node_sqlite3 --module_path=/src/backend/node_modules/sqlite3/lib/binding/node-v83-linux-x64 --napi_version=6 --node_abi_napi=napi --napi_build_version=0 --node_napi_label=node-v83' (1)",
    "raw_stderr_log": "The command '/bin/sh -c cd /src/backend && npm install --silent' returned a non-zero code: 1",
    "html_url": "https://github.com/rakibtg/docker-web-gui",
    "repo_commit": "2662e32cf52e22e483668a28570b2769604b3694",
    "repo_id": 200334125
  },
  {
    "raw_dockerfile": "# Latest LTS node\nFROM node:dubnium\n\n# Create app directory\nRUN mkdir -p /usr/src/app\nWORKDIR /usr/src/app\n\n# Install app dependencies\nCOPY package.json /usr/src/app/\nRUN npm install --quiet\n\n# Bundle app source\nCOPY . /usr/src/app\n\n# Generate CSS\nRUN npm start\n\nEXPOSE 8080\n# Run Sass watcher for Chrome\nCMD [ \"npm\", \"start\" ]",
    "raw_stdout_log": "Sending build context to Docker daemon  779.3MB\r\r\nStep 1/9 : FROM node:dubnium\ndubnium: Pulling from library/node\n81fc19181915: Already exists\nee49ee6a23d1: Already exists\n828510924538: Already exists\na8f58c4fcca0: Already exists\n33699d7df21e: Already exists\n923705ffa8f8: Already exists\n667ab65c1289: Already exists\n9c3f7667ed73: Already exists\n03e9677c0489: Already exists\nDigest: sha256:f9e66964ec6e9a78693929b58b3d95aadf03cc70e47f6d276d1e0943853c2bb5\nStatus: Downloaded newer image for node:dubnium\n ---> e7671d9424c2\nStep 2/9 : RUN mkdir -p /usr/src/app\n ---> Running in 0805c34b6194\nRemoving intermediate container 0805c34b6194\n ---> b2477707092d\nStep 3/9 : WORKDIR /usr/src/app\nRemoving intermediate container 58f37eb5053a\n ---> d99924cc1542\nStep 4/9 : COPY package.json /usr/src/app/\n ---> 08ff46287e3a\nStep 5/9 : RUN npm install --quiet\n ---> Running in ee8799a6f118\n\u001b[91mnpm WARN deprecated request@2.88.2: request has been deprecated, see https://github.com/request/request/issues/3142\n\u001b[0m\u001b[91mnpm WARN deprecated chokidar@2.1.8: Chokidar 2 will break on node v14+. Upgrade to chokidar 3 with 15x less dependencies.\n\u001b[0m\u001b[91mnpm WARN deprecated fsevents@1.2.13: fsevents 1 will break on node v14+ and could be using insecure binaries. Upgrade to fsevents 2.\n\u001b[0m\u001b[91mnpm WARN deprecated acorn-import-meta@1.1.0: acorn>=7.2 supports import-meta\n\u001b[0m\u001b[91mnpm WARN deprecated acorn-export-ns-from@0.1.0: acorn>=7.2 supports export-ns-from\n\u001b[0m\u001b[91mnpm WARN deprecated acorn-bigint@0.4.0: acorn>=6.2 supports bigint\n\u001b[0m\u001b[91mnpm WARN deprecated rollup-plugin-babel@4.4.0: This package has been deprecated and is no longer maintained. Please use @rollup/plugin-babel.\n\u001b[0m\u001b[91mnpm WARN deprecated core-js@2.6.11: core-js@<3 is no longer maintained and not recommended for usage due to the number of issues. Please, upgrade your dependencies to the actual version of core-js@3.\n\u001b[0m\u001b[91mnpm WARN deprecated resolve-url@0.2.1: https://github.com/lydell/resolve-url#deprecated\n\u001b[0m\u001b[91mnpm WARN deprecated urix@0.1.0: Please see https://github.com/lydell/urix#deprecated\n\u001b[0m\u001b[91mnpm ERR! Error while executing:\nnpm ERR! /usr/bin/git ls-remote -h -t https://github.com/delphiactual/grunt-crowdin-request.git\nnpm ERR!\u001b[0m\u001b[91m \nnpm ERR! remote: Invalid username or password.\nnpm\u001b[0m\u001b[91m ERR! fatal: Authentication failed for 'https://github.com/delphiactual/grunt-crowdin-request.git/'\n\u001b[0m\u001b[91mnpm ERR! \nnpm ERR! exited with error code: 128\n\u001b[0m\u001b[91m\nnpm ERR!\u001b[0m\u001b[91m A complete log of this run can be found in:\nnpm ERR!     /root/.npm/_logs/2020-06-24T18_21_18_157Z-debug.log\n\u001b[0m",
    "raw_stderr_log": "The command '/bin/sh -c npm install --quiet' returned a non-zero code: 1",
    "html_url": "https://github.com/DestinyItemManager/DIM",
    "repo_commit": "a8bf3785e8edb3528009e523f4aaba22879dd3d0",
    "repo_id": 31681575
  },
  {
    "raw_dockerfile": "FROM node:8.6-alpine\n\nWORKDIR /usr/src/app\n\nCOPY package.json ./\n\nRUN npm install --global --quiet npm && \\\n    npm install --quiet\n\nRUN adduser -u 9000 -D app\nCOPY . ./\nRUN chown -R app:app ./\n\nUSER app\n\nRUN ./bin/nsp gather\n\nVOLUME /code\nWORKDIR /code\n\nCMD [\"/usr/src/app/bin/nsp\", \"check\", \"--offline\", \"--advisories\", \"/usr/src/app/advisories.json\", \"--warn-only\", \"--reporter\", \"codeclimate\"]",
    "raw_stdout_log": "Sending build context to Docker daemon  169.5kB\r\r\nStep 1/12 : FROM node:8.6-alpine\n8.6-alpine: Pulling from library/node\n88286f41530e: Pulling fs layer\nd0e8a23136b3: Pulling fs layer\n5ad5b12a980e: Pulling fs layer\n88286f41530e: Verifying Checksum\n88286f41530e: Download complete\n5ad5b12a980e: Verifying Checksum\n5ad5b12a980e: Download complete\nd0e8a23136b3: Verifying Checksum\nd0e8a23136b3: Download complete\n88286f41530e: Pull complete\nd0e8a23136b3: Pull complete\n5ad5b12a980e: Pull complete\nDigest: sha256:60cd58a7a2bd9fec161f53f8886e451f92db06b91f4f72d9188eeea040d195eb\nStatus: Downloaded newer image for node:8.6-alpine\n ---> b7e15c83cdaf\nStep 2/12 : WORKDIR /usr/src/app\nRemoving intermediate container 0e5c3d8710a1\n ---> 5e644fbb5fec\nStep 3/12 : COPY package.json ./\n ---> 8391e946d575\nStep 4/12 : RUN npm install --global --quiet npm &&     npm install --quiet\n ---> Running in 7b671f0579dd\n/usr/local/bin/npx -> /usr/local/lib/node_modules/npm/bin/npx-cli.js\n/usr/local/bin/npm -> /usr/local/lib/node_modules/npm/bin/npm-cli.js\n+ npm@6.14.5\nadded 338 packages, removed 314 packages and updated 53 packages in 25.6s\n\u001b[91mmodule.js:529\n    throw err;\n    ^\n\nError: Cannot find module 'npmlog'\n    at Function.Module._resolveFilename (module.js:527:15)\n    at Function.Module._load (module.js:476:23)\n    at Module.require (module.js:568:17)\n    at require (internal/module.js:11:18)\n    at /usr/local/lib/node_modules/npm/bin/npm-cli.js:22:13\n    at Object.<anonymous> (/usr/local/lib/node_modules/npm/bin/npm-cli.js:153:3)\n    at Module._compile (module.js:624:30)\n    at Object.Module._extensions..js (module.js:635:10)\n    at Module.load (module.js:545:32)\n    at tryModuleLoad (module.js:508:12)\n\u001b[0m",
    "raw_stderr_log": "The command '/bin/sh -c npm install --global --quiet npm &&     npm install --quiet' returned a non-zero code: 1",
    "html_url": "https://github.com/nodesecurity/nsp",
    "repo_commit": "fc54f198abd602699711bc5dccfb4d7d394e3c50",
    "repo_id": 38273206
  },
  {
    "raw_dockerfile": "# Base image\nFROM iojs\n\n# Set the working dir\nWORKDIR /app\n\n# Copy app files\nCOPY package.json /app/\nCOPY dist /app/dist/\n\n# Install deps\nRUN npm install --quiet --production\n\n# Start command\nCMD [\"npm\", \"start\"]\n\n# Expose port\nEXPOSE 9090",
    "raw_stdout_log": "Sending build context to Docker daemon  19.95MB\r\r\nStep 1/7 : FROM iojs\nlatest: Pulling from library/iojs\n6d827a3ef358: Pulling fs layer\n2726297beaf1: Pulling fs layer\n7d27bd3d7fec: Pulling fs layer\n44ae682c18a3: Pulling fs layer\n0c180b053696: Pulling fs layer\ne348bc0ba6d1: Pulling fs layer\n44ae682c18a3: Waiting\n2726297beaf1: Verifying Checksum\n2726297beaf1: Download complete\n7d27bd3d7fec: Verifying Checksum\n7d27bd3d7fec: Download complete\n6d827a3ef358: Verifying Checksum\n6d827a3ef358: Download complete\ne348bc0ba6d1: Verifying Checksum\ne348bc0ba6d1: Download complete\n0c180b053696: Verifying Checksum\n0c180b053696: Download complete\n44ae682c18a3: Verifying Checksum\n44ae682c18a3: Download complete\n6d827a3ef358: Pull complete\n2726297beaf1: Pull complete\n7d27bd3d7fec: Pull complete\n44ae682c18a3: Pull complete\n0c180b053696: Pull complete\ne348bc0ba6d1: Pull complete\nDigest: sha256:e9c867712191ac0d35041268feed489bcaaf9c1169296ca780ba4be03ca4610c\nStatus: Downloaded newer image for iojs:latest\n ---> fdab38ea8e39\nStep 2/7 : WORKDIR /app\nRemoving intermediate container 73668790fdf4\n ---> 2f1db8907129\nStep 3/7 : COPY package.json /app/\n ---> 26de0dfb2e73\nStep 4/7 : COPY dist /app/dist/\n ---> 8c0a02c69949\nStep 5/7 : RUN npm install --quiet --production\n ---> Running in b109dd10e759\n\u001b[91mnpm\u001b[0m\u001b[91m \u001b[0m\u001b[91mWARN \u001b[0m\u001b[91mpackage.json\u001b[0m\u001b[91m frontend@0.1.0 No README data\n\u001b[0m\u001b[91mnpm WARN peerDependencies The peer dependency fbjs@^0.2.1 included from react-tap-event-plugin will no\nnpm WARN peerDependencies longer be automatically installed to fulfill the peerDependency \n\u001b[0m\u001b[91mnpm \u001b[0m\u001b[91mWARN peerDependencies\u001b[0m\u001b[91m in npm 3+. Your application will need to depend on it explicitly.\n\u001b[0m\u001b[91mnpm \u001b[0m\u001b[91mWARN peerDependencies The peer dependency react-dom@^0.14.0-0 included from react-tap-event-plugin will no\n\u001b[0m\u001b[91mnpm WARN\u001b[0m\u001b[91m peerDependencies longer be automatically installed to fulfill the peerDependency \nnpm \u001b[0m\u001b[91mWARN peerDependencies\u001b[0m\u001b[91m in npm 3+. Your application will need to depend on it explicitly.\n\u001b[0m\u001b[91mnpm WARN deprecated request@2.88.2: request has been deprecated, see https://github.com/request/request/issues/3142\n\u001b[0m\u001b[91mnpm WARN engine request@2.88.2: wanted: {\"node\":\">= 6\"} (current: {\"node\":\"3.3.0\",\"npm\":\"2.13.3\"})\n\u001b[0m\u001b[91mnpm WARN peerDependencies The peer dependency react@^0.14.9 included from react-dom will no\nnpm WARN peerDependencies longer be automatically installed to fulfill the peerDependency \nnpm WARN peerDependencies in npm 3+. Your application will need to depend on it explicitly.\n\u001b[0m\u001b[91mnpm WARN engine request@2.88.2: wanted: {\"node\":\">= 6\"} (current: {\"node\":\"3.3.0\",\"npm\":\"2.13.3\"})\n\u001b[0m\u001b[91mnpm WARN engine har-validator@5.1.3: wanted: {\"node\":\">=6\"} (current: {\"node\":\"3.3.0\",\"npm\":\"2.13.3\"})\n\u001b[0m\u001b[91mnpm WARN engine har-validator@5.1.3: wanted: {\"node\":\">=6\"} (current: {\"node\":\"3.3.0\",\"npm\":\"2.13.3\"})\n\u001b[0m\u001b[91mnpm WARN engine har-schema@2.0.0: wanted: {\"node\":\">=4\"} (current: {\"node\":\"3.3.0\",\"npm\":\"2.13.3\"})\n\u001b[0m\u001b[91mnpm WARN engine har-schema@2.0.0: wanted: {\"node\":\">=4\"} (current: {\"node\":\"3.3.0\",\"npm\":\"2.13.3\"})\n\u001b[0m\u001b[91mnpm WARN deprecated formidable@1.0.17: Old versions of Formidable are not compatible with the current Node.js; Upgrade to 1.2.0 or later\n\u001b[0m\u001b[91mnpm WARN engine punycode@2.1.1: wanted: {\"node\":\">=6\"} (current: {\"node\":\"3.3.0\",\"npm\":\"2.13.3\"})\n\u001b[0m\u001b[91mnpm WARN engine punycode@2.1.1: wanted: {\"node\":\">=6\"} (current: {\"node\":\"3.3.0\",\"npm\":\"2.13.3\"})\n\u001b[0m\u001b[91mnpm WARN deprecated core-js@1.2.7: core-js@<3 is no longer maintained and not recommended for usage due to the number of issues. Please, upgrade your dependencies to the actual version of core-js@3.\n\u001b[0m\u001b[91mnpm WARN engine punycode@2.1.1: wanted: {\"node\":\">=6\"} (current: {\"node\":\"3.3.0\",\"npm\":\"2.13.3\"})\n\u001b[0m\u001b[91mnpm WARN engine punycode@2.1.1: wanted: {\"node\":\">=6\"} (current: {\"node\":\"3.3.0\",\"npm\":\"2.13.3\"})\n\u001b[0m\u001b[91mnpm WARN engine esprima@3.1.3: wanted: {\"node\":\">=4\"} (current: {\"node\":\"3.3.0\",\"npm\":\"2.13.3\"})\n\u001b[0m\u001b[91mnpm ERR! Linux 3.10.0-693.17.1.el7.x86_64\nnpm ERR! argv \"/usr/local/bin/iojs\" \"/usr/local/bin/npm\" \"install\" \"--quiet\" \"--production\"\nnpm ERR! node v3.3.0\n\u001b[0m\u001b[91mnpm ERR! npm  v2.13.3\n\u001b[0m\u001b[91mnpm ERR! code EPEERINVALID\n\u001b[0m\u001b[91m\n\u001b[0m\u001b[91mnpm ERR! \u001b[0m\u001b[91mpeerinvalid The package react@0.13.3 does not satisfy its siblings' peerDependencies requirements!\n\u001b[0m\u001b[91m\n\u001b[0m\u001b[91mnpm ERR! Please include the following file with any support request:\nnpm ERR!     /app/npm-debug.log\n\u001b[0m",
    "raw_stderr_log": "The command '/bin/sh -c npm install --quiet --production' returned a non-zero code: 1",
    "html_url": "https://github.com/FOUfashion/frontend",
    "repo_commit": "36d179ff88dc15e36f7d7c8b9e2ffecdd45fe5a5",
    "repo_id": 39291512
  },
  {
    "raw_dockerfile": "FROM node:4.2.4-wheezy\nMAINTAINER Mark Stemm (mstemm@jut.io)\n\nRUN mkdir -p /opt/juttle-engine\nWORKDIR /opt/juttle-engine\nADD package.json package.json\nRUN npm install --quiet\nCOPY . .\n\nRUN mkdir -p /opt/juttle-engine/juttles\nCOPY examples /opt/juttle-engine/juttles/examples\n\nRUN npm link\n\nEXPOSE 8080\n\nCMD /opt/juttle-engine/bin/juttle-engine --root /opt/juttle-engine/juttles",
    "raw_stdout_log": "Sending build context to Docker daemon  95.35MB\r\r\nStep 1/12 : FROM node:4.2.4-wheezy\n4.2.4-wheezy: Pulling from library/node\n5e7f975cbeeb: Pulling fs layer\na3ed95caeb02: Pulling fs layer\n964f107790de: Pulling fs layer\n841c40a00155: Pulling fs layer\n3b15f8dfb57e: Pulling fs layer\n5c25067b2259: Pulling fs layer\n6adda38f5e3a: Pulling fs layer\n6adda38f5e3a: Waiting\n3b15f8dfb57e: Waiting\n5c25067b2259: Waiting\n841c40a00155: Waiting\na3ed95caeb02: Verifying Checksum\na3ed95caeb02: Download complete\n964f107790de: Verifying Checksum\n964f107790de: Download complete\n841c40a00155: Verifying Checksum\n841c40a00155: Download complete\n5e7f975cbeeb: Verifying Checksum\n5e7f975cbeeb: Download complete\n5c25067b2259: Download complete\n6adda38f5e3a: Verifying Checksum\n3b15f8dfb57e: Verifying Checksum\n3b15f8dfb57e: Download complete\n5e7f975cbeeb: Pull complete\na3ed95caeb02: Pull complete\n964f107790de: Pull complete\n841c40a00155: Pull complete\n3b15f8dfb57e: Pull complete\n5c25067b2259: Pull complete\n6adda38f5e3a: Pull complete\nDigest: sha256:0babf18dafb00a1800acbdac40be0cae323ae43f2db5b970247fc86044da8820\nStatus: Downloaded newer image for node:4.2.4-wheezy\n ---> 5b0af92295c3\nStep 2/12 : MAINTAINER Mark Stemm (mstemm@jut.io)\n ---> Running in 3584d9b3d214\nRemoving intermediate container 3584d9b3d214\n ---> 2c1098f34da3\nStep 3/12 : RUN mkdir -p /opt/juttle-engine\n ---> Running in 943bae9c3f2a\nRemoving intermediate container 943bae9c3f2a\n ---> 03db06b8e166\nStep 4/12 : WORKDIR /opt/juttle-engine\nRemoving intermediate container 7660793e075f\n ---> de864f3a6505\nStep 5/12 : ADD package.json package.json\n ---> 89336e06caf2\nStep 6/12 : RUN npm install --quiet\n ---> Running in e52a5d1ff90b\n\u001b[91mnpm\u001b[0m\u001b[91m \u001b[0m\u001b[91mWARN \u001b[0m\u001b[91mpackage.json\u001b[0m\u001b[91m juttle-engine@0.6.0 No README data\n\u001b[0m\u001b[91mnpm WARN \u001b[0m\u001b[91mpackage.json\u001b[0m\u001b[91m juttle-engine@0.6.0 No bin file found at bin/juttle-engine\n\u001b[0m\u001b[91mnpm WARN\u001b[0m\u001b[91m package.json juttle-engine@0.6.0 No bin file found at bin/juttle\n\u001b[0m\u001b[91mnpm \u001b[0m\u001b[91mWARN \u001b[0m\u001b[91mpackage.json juttle-engine@0.6.0 No bin file found at bin/juttle-engine-client\n\u001b[0m\u001b[91mnpm WARN \u001b[0m\u001b[91mpackage.json Dependency 'bluebird' exists in both dependencies and devDependencies, using 'bluebird@^3.2.1' from dependencies\n\u001b[0m\u001b[91mnpm WARN \u001b[0m\u001b[91mpackage.json Dependency 'underscore' exists in both dependencies and devDependencies, using 'underscore@^1.8.3' from dependencies\n\u001b[0m\u001b[91mnpm WARN deprecated chokidar@1.7.0: Chokidar 2 will break on node v14+. Upgrade to chokidar 3 with 15x less dependencies.\n\u001b[0m\u001b[91mnpm WARN deprecated request@2.88.2: request has been deprecated, see https://github.com/request/request/issues/3142\n\u001b[0m\u001b[91mWARN \u001b[0m\u001b[91mengine\u001b[0m\u001b[91m request@2.88.2: wanted: {\"node\":\">= 6\"} (current: {\"node\":\"4.2.4\",\"npm\":\"2.14.12\"})\n\u001b[0m\u001b[91mnpm WARN deprecated gulp-util@3.0.8: gulp-util is deprecated - replace it, following the guidelines at https://medium.com/gulpjs/gulp-util-ca3b1f9f9ac5\n\u001b[0m\u001b[91mnpm WARN deprecated istanbul@0.4.5: This module is no longer maintained, try this instead:\nnpm WARN \u001b[0m\u001b[91mdeprecated   npm i nyc\nnpm \u001b[0m\u001b[91mWARN deprecated Visit https://istanbul.js.org/integrations for other alternatives.\n\u001b[0m\u001b[91mnpm WARN deprecated fsevents@1.2.13: fsevents 1 will break on node v14+ and could be using insecure binaries. Upgrade to fsevents 2.\n\u001b[0m\u001b[91mnpm WARN optional dep failed, continuing fsevents@1.2.13\n\u001b[0m\u001b[91mnpm\u001b[0m\u001b[91m WARN \u001b[0m\u001b[91mdeprecated mailcomposer@3.12.0: This project is unmaintained\n\u001b[0m\u001b[91mWARN engine temp@0.8.4: wanted: {\"node\":\">=6.0.0\"} (current: {\"node\":\"4.2.4\",\"npm\":\"2.14.12\"})\n\u001b[0m\u001b[91mWARN engine har-validator@5.1.3: wanted: {\"node\":\">=6\"} (current: {\"node\":\"4.2.4\",\"npm\":\"2.14.12\"})\n\u001b[0m\u001b[91mnpm WARN deprecated istanbul@0.3.22: This module is no longer maintained, try this instead:\nnpm WARN deprecated   npm i nyc\n\u001b[0m\u001b[91mnpm WARN deprecated Visit https://istanbul.js.org/integrations for other alternatives.\n\u001b[0m\u001b[91mnpm WARN deprecated buildmail@3.10.0: This project is unmaintained\n\u001b[0m\u001b[91mWARN engine punycode@2.1.1: wanted: {\"node\":\">=6\"} (current: {\"node\":\"4.2.4\",\"npm\":\"2.14.12\"})\n\u001b[0m\n> ws@0.4.32 install /opt/juttle-engine/node_modules/ws\n> (node-gyp rebuild 2> builderror.log) || (exit 0)\n\nmake: Entering directory `/opt/juttle-engine/node_modules/ws/build'\n  CXX(target) Release/obj.target/bufferutil/src/bufferutil.o\nmake: Leaving directory `/opt/juttle-engine/node_modules/ws/build'\n\u001b[91mnpm \u001b[0m\u001b[91mWARN \u001b[0m\u001b[91mdeprecated request@2.74.0: request has been deprecated, see https://github.com/request/request/issues/3142\n\u001b[0m\u001b[91mnpm WARN \u001b[0m\u001b[91mdeprecated minimatch@2.0.10: Please update to minimatch 3.0.2 or higher to avoid a RegExp DoS issue\n\u001b[0m\u001b[91mnpm WARN deprecated natives@1.1.6: This module relies on Node.js's internals and will break at some point. Do not use it, and update to graceful-fs@4.x.\n\u001b[0m\u001b[91mnpm WARN deprecated core-js@2.6.11: core-js@<3 is no longer maintained and not recommended for usage due to the number of issues. Please, upgrade your dependencies to the actual version of core-js@3.\n\u001b[0m\u001b[91mnpm WARN \u001b[0m\u001b[91mdeprecated mkdirp@0.5.1: Legacy versions of mkdirp are no longer supported. Please update to mkdirp 1.x. (Note that the API surface has changed to use Promises in 1.x.)\n\u001b[0m\u001b[91mnpm \u001b[0m\u001b[91mWARN deprecated resolve-url@0.2.1: https://github.com/lydell/resolve-url#deprecated\n\u001b[0m\u001b[91mnpm WARN\u001b[0m\u001b[91m deprecated urix@0.1.0: Please see https://github.com/lydell/urix#deprecated\n\u001b[0m\u001b[91mnpm WARN deprecated to-iso-string@0.0.2: to-iso-string has been deprecated, use @segment/to-iso-string instead.\n\u001b[0m\u001b[91mnpm WARN deprecated jade@0.26.3: Jade has been renamed to pug, please install the latest version of pug instead of jade\n\u001b[0m\u001b[91mnpm WARN deprecated node-uuid@1.4.8: Use uuid module instead\n\u001b[0m\u001b[91mnpm WARN deprecated hawk@3.1.3: This module moved to @hapi/hawk. Please make sure to switch over as this distribution is no longer supported and may contain bugs and critical security issues.\n\u001b[0m\u001b[91mWARN engine atob@2.1.2: wanted: {\"node\":\">= 4.5.0\"} (current: {\"node\":\"4.2.4\",\"npm\":\"2.14.12\"})\n\u001b[0m\u001b[91mnpm WARN deprecated minimatch@0.2.14: Please update to minimatch 3.0.2 or higher to avoid a RegExp DoS issue\n\u001b[0m\u001b[91mWARN engine atob@2.1.2: wanted: {\"node\":\">= 4.5.0\"} (current: {\"node\":\"4.2.4\",\"npm\":\"2.14.12\"})\n\u001b[0m\u001b[91mnpm WARN deprecated minimatch@0.3.0: Please update to minimatch 3.0.2 or higher to avoid a RegExp DoS issue\n\u001b[0m\n> chromedriver@2.46.0 install /opt/juttle-engine/node_modules/chromedriver\n> node install.js\n\n\u001b[91m/opt/juttle-engine/node_modules/chromedriver/lib/chromedriver.js:5\n  let port = 9515;\n  ^^^\n\nSyntaxError: Block-scoped declarations (let, const, function, class) not yet supported outside strict mode\n    at exports.runInThisContext (vm.js:53:16)\n    at Module._compile (module.js:414:25)\n    at Object.Module._extensions..js (module.js:442:10)\n    at Module.load (module.js:356:32)\n    at Function.Module._load (module.js:313:12)\n    at Module.require (module.js:366:17)\n    at require (module.js:385:17)\n    at Object.<anonymous> (/opt/juttle-engine/node_modules/chromedriver/install.js:5:16)\n    at Module._compile (module.js:435:26)\n    at Object.Module._extensions..js (module.js:442:10)\n\u001b[0m\u001b[91mnpm WARN deprecated cryptiles@2.0.5: This version has been deprecated in accordance with the hapi support policy (hapi.im/support). Please upgrade to the latest version to get the best features, bug fixes, and security patches. If you are unable to upgrade at this time, paid support is available for older versions (hapi.im/commercial).\n\u001b[0m\u001b[91mnpm WARN deprecated\u001b[0m\u001b[91m sntp@1.0.9: This module moved to @hapi/sntp. Please make sure to switch over as this distribution is no longer supported and may contain bugs and critical security issues.\n\u001b[0m\u001b[91mnpm WARN deprecated\u001b[0m\u001b[91m boom@2.10.1: This version has been deprecated in accordance with the hapi support policy (hapi.im/support). Please upgrade to the latest version to get the best features, bug fixes, and security patches. If you are unable to upgrade at this time, paid support is available for older versions (hapi.im/commercial).\n\u001b[0m\u001b[91mnpm WARN deprecated hoek@2.16.3: This version has been deprecated in accordance with the hapi support policy (hapi.im/support). Please upgrade to the latest version to get the best features, bug fixes, and security patches. If you are unable to upgrade at this time, paid support is available for older versions (hapi.im/commercial).\n\u001b[0m\u001b[91mnpm WARN deprecated graceful-fs@1.2.3: please upgrade to graceful-fs 4 for compatibility with current and future versions of Node.js\n\u001b[0m\u001b[91mnpm WARN deprecated mkdirp@0.3.0: Legacy versions of mkdirp are no longer supported. Please update to mkdirp 1.x. (Note that the API surface has changed to use Promises in 1.x.)\n\u001b[0m\u001b[91mWARN engine punycode@2.1.1: wanted: {\"node\":\">=6\"} (current: {\"node\":\"4.2.4\",\"npm\":\"2.14.12\"})\n\u001b[0m\u001b[91mnpm WARN deprecated request@2.65.0: request has been deprecated, see https://github.com/request/request/issues/3142\n\u001b[0m\u001b[91mnpm WARN deprecated circular-json@0.3.3: CircularJSON is in maintenance only, flatted is its successor.\n\u001b[0m\u001b[91mnpm WARN deprecated tough-cookie@2.2.2: ReDoS vulnerability parsing Set-Cookie https://nodesecurity.io/advisories/130\n\u001b[0m\u001b[91mWARN engine xmlbuilder@15.1.1: wanted: {\"node\":\">=8.0\"} (current: {\"node\":\"4.2.4\",\"npm\":\"2.14.12\"})\n\u001b[0m\u001b[91mnpm WARN deprecated babyparse@0.4.6: Deprecated in favour of PapaParse, which now supports Node.js\n\u001b[0m\n> moment-parser@0.3.0 postinstall /opt/juttle-engine/node_modules/juttle-service/node_modules/juttle/node_modules/moment-parser\n> node scripts/peg.js\n\n\u001b[91mWARN engine mkdirp@1.0.4: wanted: {\"node\":\">=10\"} (current: {\"node\":\"4.2.4\",\"npm\":\"2.14.12\"})\n\u001b[0m\n> core-js@2.6.11 postinstall /opt/juttle-engine/node_modules/isparta/node_modules/babel-core/node_modules/babel-register/node_modules/core-js\n> node -e \"try{require('./postinstall')}catch(e){}\"\n\n\n> sqlite3@3.1.13 install /opt/juttle-engine/node_modules/juttle-sqlite-adapter/node_modules/sqlite3\n> node-pre-gyp install --fallback-to-build\n\n[sqlite3] Success: \"/opt/juttle-engine/node_modules/juttle-sqlite-adapter/node_modules/sqlite3/lib/binding/node-v46-linux-x64/node_sqlite3.node\" is installed via remote\n\n> core-js@2.6.11 postinstall /opt/juttle-engine/node_modules/isparta/node_modules/babel-core/node_modules/babel-runtime/node_modules/core-js\n> node -e \"try{require('./postinstall')}catch(e){}\"\n\n\u001b[91mnpm ERR! Linux 3.10.0-693.17.1.el7.x86_64\n\u001b[0m\u001b[91mnpm ERR! argv \"/usr/local/bin/node\" \"/usr/local/bin/npm\" \"install\" \"--quiet\"\n\u001b[0m\u001b[91mnpm ERR! node v4.2.4\n\u001b[0m\u001b[91mnpm ERR! npm  v2.14.12\n\u001b[0m\u001b[91mnpm ERR! code\u001b[0m\u001b[91m ELIFECYCLE\n\u001b[0m\u001b[91m\nnpm \u001b[0m\u001b[91mERR!\u001b[0m\u001b[91m chromedriver@2.46.0 install: `node install.js`\nnpm\u001b[0m\u001b[91m ERR! Exit status 1\n\u001b[0m\u001b[91mnpm ERR!\u001b[0m\u001b[91m \nnpm\u001b[0m\u001b[91m ERR!\u001b[0m\u001b[91m Failed at the chromedriver@2.46.0 install script 'node install.js'.\n\u001b[0m\u001b[91mnpm \u001b[0m\u001b[91mERR! This is most likely a problem with the chromedriver package,\nnpm ERR!\u001b[0m\u001b[91m not with npm itself.\nnpm ERR!\u001b[0m\u001b[91m Tell the author that this fails on your system:\nnpm\u001b[0m\u001b[91m ERR!     node install.js\nnpm ERR!\u001b[0m\u001b[91m You can get their info via:\nnpm ERR!\u001b[0m\u001b[91m     npm owner ls chromedriver\n\u001b[0m\u001b[91mnpm \u001b[0m\u001b[91mERR! There is likely additional logging output above.\n\u001b[0m\u001b[91m\n\u001b[0m\u001b[91mnpm \u001b[0m\u001b[91mERR!\u001b[0m\u001b[91m Please include the following file with any support request:\n\u001b[0m\u001b[91mnpm ERR!     /opt/juttle-engine/npm-debug.log\n\u001b[0m",
    "raw_stderr_log": "The command '/bin/sh -c npm install --quiet' returned a non-zero code: 1",
    "html_url": "https://github.com/juttle/juttle-engine",
    "repo_commit": "4de781477fbddc4a0bef6f1ecf89af16ec05569c",
    "repo_id": 51180780
  },
  {
    "raw_dockerfile": "FROM node:8.1\n\nWORKDIR /usr/app\nEXPOSE 6001\n\nCOPY package.json .\nRUN npm install --quiet\nCOPY . .",
    "raw_stdout_log": "Sending build context to Docker daemon  17.77MB\r\r\nStep 1/6 : FROM node:8.1\n8.1: Pulling from library/node\n9f0706ba7422: Pulling fs layer\nd3942a742d22: Pulling fs layer\nc6575234aef3: Pulling fs layer\n8af5f3519ed2: Pulling fs layer\n499918815ac4: Pulling fs layer\na6afb9f741ee: Pulling fs layer\n6002269916ce: Pulling fs layer\n2cfcf74fc8e3: Pulling fs layer\n8af5f3519ed2: Waiting\n499918815ac4: Waiting\na6afb9f741ee: Waiting\n6002269916ce: Waiting\n2cfcf74fc8e3: Waiting\nd3942a742d22: Verifying Checksum\nd3942a742d22: Download complete\n9f0706ba7422: Download complete\n499918815ac4: Verifying Checksum\n499918815ac4: Download complete\na6afb9f741ee: Verifying Checksum\na6afb9f741ee: Download complete\nc6575234aef3: Verifying Checksum\nc6575234aef3: Download complete\n8af5f3519ed2: Verifying Checksum\n8af5f3519ed2: Download complete\n6002269916ce: Verifying Checksum\n6002269916ce: Download complete\n9f0706ba7422: Pull complete\n2cfcf74fc8e3: Verifying Checksum\n2cfcf74fc8e3: Download complete\nd3942a742d22: Pull complete\nc6575234aef3: Pull complete\n8af5f3519ed2: Pull complete\n499918815ac4: Pull complete\na6afb9f741ee: Pull complete\n6002269916ce: Pull complete\n2cfcf74fc8e3: Pull complete\nDigest: sha256:a9ea5d27771b2cb8e4f24f864225bf395f71a9eb696caab657bcab178ee3b0ab\nStatus: Downloaded newer image for node:8.1\n ---> d2ea9785e1cb\nStep 2/6 : WORKDIR /usr/app\nRemoving intermediate container bccc8b1941d8\n ---> 11bb9e4abc2a\nStep 3/6 : EXPOSE 6001\n ---> Running in bdb4ac8a2d8c\nRemoving intermediate container bdb4ac8a2d8c\n ---> 4b9ec1af9664\nStep 4/6 : COPY package.json .\n ---> 8f4819d2728b\nStep 5/6 : RUN npm install --quiet\n ---> Running in b8b92507af96\n\u001b[91mnpm WARN deprecated babel-preset-es2015@6.24.1: ðŸ™Œ  Thanks for using Babel: we recommend using babel-preset-env now: please read https://babeljs.io/env to update!\n\u001b[0m\u001b[91mnpm WARN deprecated webdriverio@4.14.4: outdated version, please use @next\n\u001b[0m\u001b[91mnpm WARN deprecated phantom@4.0.12: This package is no longer maintained\n\u001b[0m\u001b[91mnpm WARN deprecated sendgrid@5.2.3: Please see v6.X+ at https://www.npmjs.com/org/sendgrid\n\u001b[0m\u001b[91mnpm WARN deprecated core-js@2.6.11: core-js@<3 is no longer maintained and not recommended for usage due to the number of issues. Please, upgrade your dependencies to the actual version of core-js@3.\n\u001b[0m\u001b[91mnpm WARN deprecated request@2.88.2: request has been deprecated, see https://github.com/request/request/issues/3142\n\u001b[0m\u001b[91mnpm WARN deprecated request@2.79.0: request has been deprecated, see https://github.com/request/request/issues/3142\n\u001b[0m\u001b[91mnpm WARN deprecated circular-json@0.5.9: CircularJSON is in maintenance only, flatted is its successor.\n\u001b[0m\u001b[91mnpm WARN notice [SECURITY] axios has the following vulnerability: 1 moderate. Go here for more details: https://www.npmjs.com/advisories?search=axios&version=0.15.3 - Run `npm i npm@latest -g` to upgrade your npm version, and then `npm audit` to get more info.\n\u001b[0m\u001b[91mnpm WARN notice [SECURITY] js-yaml has the following vulnerabilities: 1 high, 1 moderate. Go here for more details: https://www.npmjs.com/advisories?search=js-yaml&version=3.11.0 - Run `npm i npm@latest -g` to upgrade your npm version, and then `npm audit` to get more info.\n\u001b[0m\u001b[91mnpm WARN \u001b[0m\u001b[91mdeprecated\u001b[0m\u001b[91m nodemailer@2.7.2: All versions below 4.0.1 of Nodemailer are deprecated. See https://nodemailer.com/status/\n\u001b[0m\u001b[91mnpm WARN deprecated bson@1.0.9: Fixed a critical issue with BSON serialization documented in CVE-2019-2391, see https://bit.ly/2KcpXdo for more details\n\u001b[0m\u001b[91mnpm WARN notice [SECURITY] mpath has the following vulnerability: 1 moderate. Go here for more details: https://www.npmjs.com/advisories?search=mpath&version=0.4.1 - Run `npm i npm@latest -g` to upgrade your npm version, and then `npm audit` to get more info.\n\u001b[0m\u001b[91mnpm WARN notice [SECURITY] mongodb has the following vulnerability: 1 high. Go here for more details: https://www.npmjs.com/advisories?search=mongodb&version=3.0.7 - Run `npm i npm@latest -g` to upgrade your npm version, and then `npm audit` to get more info.\n\u001b[0m\u001b[91mnpm WARN deprecated phantomjs-prebuilt@2.1.16: this package is now deprecated\n\u001b[0m\u001b[91mnpm WARN deprecated phantom@3.2.1: This package is no longer maintained\n\u001b[0m\u001b[91mnpm WARN deprecated mailparser@0.6.2: Mailparser versions older than v2.3.0 are deprecated\n\u001b[0m\u001b[91mnpm WARN deprecated nomnom@1.8.1: Package no longer supported. Contact support@npmjs.com for more info.\n\u001b[0m\u001b[91mnpm WARN deprecated request@2.88.0: request has been deprecated, see https://github.com/request/request/issues/3142\n\u001b[0m\u001b[91mnpm WARN notice [SECURITY] lodash.merge has the following vulnerabilities: 2 high. Go here for more details: https://www.npmjs.com/advisories?search=lodash.merge&version=3.3.2 - Run `npm i npm@latest -g` to upgrade your npm version, and then `npm audit` to get more info.\n\u001b[0m\u001b[91mnpm WARN notice [SECURITY] tunnel-agent has the following vulnerability: 1 moderate. Go here for more details: https://www.npmjs.com/advisories?search=tunnel-agent&version=0.4.3 - Run `npm i npm@latest -g` to upgrade your npm version, and then `npm audit` to get more info.\n\u001b[0m\u001b[91mnpm WARN deprecated\u001b[0m\u001b[91m hawk@3.1.3: This module moved to @hapi/hawk. Please make sure to switch over as this distribution is no longer supported and may contain bugs and critical security issues.\n\u001b[0m\u001b[91mnpm WARN deprecated mkdirp@0.5.1: Legacy versions of mkdirp are no longer supported. Please update to mkdirp 1.x. (Note that the API surface has changed to use Promises in 1.x.)\n\u001b[0m\u001b[91mnpm WARN deprecated core-js@1.2.7: core-js@<3 is no longer maintained and not recommended for usage due to the number of issues. Please, upgrade your dependencies to the actual version of core-js@3.\n\u001b[0m\u001b[91mnpm WARN deprecated request@2.75.0: request has been deprecated, see https://github.com/request/request/issues/3142\n\u001b[0m\u001b[91mnpm WARN notice [SECURITY] timespan has the following vulnerability: 1 low. Go here for more details: https://www.npmjs.com/advisories?search=timespan&version=2.3.0 - Run `npm i npm@latest -g` to upgrade your npm version, and then `npm audit` to get more info.\n\u001b[0m\u001b[91mnpm WARN deprecated mailcomposer@4.0.1: This project is unmaintained\n\u001b[0m\u001b[91mnpm WARN notice [SECURITY] debug has the following vulnerability: 1 low. Go here for more details: https://www.npmjs.com/advisories?search=debug&version=2.2.0 - Run `npm i npm@latest -g` to upgrade your npm version, and then `npm audit` to get more info.\n\u001b[0m\u001b[91mnpm WARN deprecated socks@1.1.9: If using 2.x branch, please upgrade to at least 2.1.6 to avoid a serious bug with socket data flow and an import issue introduced in 2.1.0\n\u001b[0m\u001b[91mnpm WARN deprecated mimelib@0.3.1: This project is unmaintained\n\u001b[0m\u001b[91mnpm WARN notice [SECURITY] braces has the following vulnerability: 1 low. Go here for more details: https://www.npmjs.com/advisories?search=braces&version=1.8.5 - Run `npm i npm@latest -g` to upgrade your npm version, and then `npm audit` to get more info.\n\u001b[0m\u001b[91mnpm WARN deprecated urix@0.1.0: Please see https://github.com/lydell/urix#deprecated\n\u001b[0m\u001b[91mnpm WARN deprecated chokidar@2.1.8: Chokidar 2 will break on node v14+. Upgrade to chokidar 3 with 15x less dependencies.\n\u001b[0m\u001b[91mnpm WARN deprecated boom@2.10.1: This version has been deprecated in accordance with the hapi support policy (hapi.im/support). Please upgrade to the latest version to get the best features, bug fixes, and security patches. If you are unable to upgrade at this time, paid support is available for older versions (hapi.im/commercial).\n\u001b[0m\u001b[91mnpm WARN notice [SECURITY] hoek has the following vulnerability: 1 moderate. Go here for more details: https://www.npmjs.com/advisories?search=hoek&version=2.16.3 - Run `npm i npm@latest -g` to upgrade your npm version, and then `npm audit` to get more info.\n\u001b[0m\u001b[91mnpm WARN deprecated hoek@2.16.3: This version has been deprecated in accordance with the hapi support policy (hapi.im/support). Please upgrade to the latest version to get the best features, bug fixes, and security patches. If you are unable to upgrade at this time, paid support is available for older versions (hapi.im/commercial).\n\u001b[0m\u001b[91mnpm WARN notice [SECURITY] minimist has the following vulnerability: 1 low. Go here for more details: https://www.npmjs.com/advisories?search=minimist&version=0.0.8 - Run `npm i npm@latest -g` to upgrade your npm version, and then `npm audit` to get more info.\n\u001b[0m\u001b[91mnpm WARN notice [SECURITY] cryptiles has the following vulnerability: 1 high. Go here for more details: https://www.npmjs.com/advisories?search=cryptiles&version=2.0.5 - Run `npm i npm@latest -g` to upgrade your npm version, and then `npm audit` to get more info.\n\u001b[0m\u001b[91mnpm WARN deprecated cryptiles@2.0.5: This version has been deprecated in accordance with the hapi support policy (hapi.im/support). Please upgrade to the latest version to get the best features, bug fixes, and security patches. If you are unable to upgrade at this time, paid support is available for older versions (hapi.im/commercial).\n\u001b[0m\u001b[91mnpm WARN deprecated sntp@1.0.9: This module moved to @hapi/sntp. Please make sure to switch over as this distribution is no longer supported and may contain bugs and critical security issues.\n\u001b[0m\u001b[91mnpm WARN deprecated buildmail@4.0.1: This project is unmaintained\n\u001b[0m\u001b[91mnpm WARN deprecated node-uuid@1.4.8: Use uuid module instead\n\u001b[0m\u001b[91mnpm WARN notice [SECURITY] http-proxy-agent has the following vulnerability: 1 high. Go here for more details: https://www.npmjs.com/advisories?search=http-proxy-agent&version=1.0.0 - Run `npm i npm@latest -g` to upgrade your npm version, and then `npm audit` to get more info.\n\u001b[0m\u001b[91mnpm WARN notice [SECURITY] https-proxy-agent has the following vulnerabilities: 2 high. Go here for more details: https://www.npmjs.com/advisories?search=https-proxy-agent&version=1.0.0 - Run `npm i npm@latest -g` to upgrade your npm version, and then `npm audit` to get more info.\n\u001b[0m\u001b[91mnpm WARN deprecated resolve-url@0.2.1: https://github.com/lydell/resolve-url#deprecated\n\u001b[0m\u001b[91mnpm WARN deprecated fsevents@1.2.13: fsevents 1 will break on node v14+ and could be using insecure binaries. Upgrade to fsevents 2.\n\u001b[0m\u001b[91mnpm WARN deprecated socks@1.1.10: If using 2.x branch, please upgrade to at least 2.1.6 to avoid a serious bug with socket data flow and an import issue introduced in 2.1.0\n\u001b[0m\u001b[91mnpm WARN notice [SECURITY] set-value has the following vulnerability: 1 high. Go here for more details: https://www.npmjs.com/advisories?search=set-value&version=2.0.1 - Run `npm i npm@latest -g` to upgrade your npm version, and then `npm audit` to get more info.\n\u001b[0m\u001b[91mnpm ERR! code ETARGET\n\u001b[0m\u001b[91mnpm ERR! notarget No matching version found for socket.io-client@2.1.4\nnpm\u001b[0m\u001b[91m ERR!\u001b[0m\u001b[91m notarget In most cases you or one of your dependencies are requesting\nnpm\u001b[0m\u001b[91m ERR! notarget\u001b[0m\u001b[91m a package version that doesn't exist.\nnpm ERR! notarget\u001b[0m\u001b[91m \nnpm ERR! \u001b[0m\u001b[91mnotarget It was specified as a dependency of 'Atlas2'\n\u001b[0m\u001b[91mnpm \u001b[0m\u001b[91mERR! notarget \n\u001b[0m\u001b[91m\n\u001b[0m\u001b[91mnpm ERR! A complete log of this run can be found in:\nnpm \u001b[0m\u001b[91mERR!     /root/.npm/_logs/2020-07-05T22_14_06_549Z-debug.log\n\u001b[0m",
    "raw_stderr_log": "The command '/bin/sh -c npm install --quiet' returned a non-zero code: 1",
    "html_url": "https://github.com/LeadingEdgeForum/atlas2",
    "repo_commit": "27c91b6ddab1081da41404bf63b0173c04e3bd6e",
    "repo_id": 65033556
  }
]