[
  {
    "raw_dockerfile": "FROM golang:alpine\nMAINTAINER xtaci <daniel820313@gmail.com>\nRUN apk update && \\\n    apk upgrade && \\\n    apk add git\nRUN go get github.com/xtaci/kcptun/client && go get github.com/xtaci/kcptun/server\nEXPOSE 29900/udp\nEXPOSE 12948",
    "raw_stdout_log": "Sending build context to Docker daemon  3.566MB\r\r\nStep 1/6 : FROM golang:alpine\nalpine: Pulling from library/golang\ndf20fa9351a1: Already exists\ned8968b2872e: Already exists\na92cc7c5fd73: Already exists\n9e0cccf56431: Pulling fs layer\ncbe0275821fc: Pulling fs layer\ncbe0275821fc: Download complete\n9e0cccf56431: Verifying Checksum\n9e0cccf56431: Download complete\n9e0cccf56431: Pull complete\ncbe0275821fc: Pull complete\nDigest: sha256:6042b9cfb4eb303f3bdcbfeaba79b45130d170939318de85ac5b9508cb6f0f7e\nStatus: Downloaded newer image for golang:alpine\n ---> 3289bf11c284\nStep 2/6 : MAINTAINER xtaci <daniel820313@gmail.com>\n ---> Running in b971809456d5\nRemoving intermediate container b971809456d5\n ---> b4b3b03f0d31\nStep 3/6 : RUN apk update &&     apk upgrade &&     apk add git\n ---> Running in 932d14362841\nfetch http://dl-cdn.alpinelinux.org/alpine/v3.12/main/x86_64/APKINDEX.tar.gz\nfetch http://dl-cdn.alpinelinux.org/alpine/v3.12/community/x86_64/APKINDEX.tar.gz\nv3.12.0-74-gb8f92cf12a [http://dl-cdn.alpinelinux.org/alpine/v3.12/main]\nv3.12.0-76-ge6ea27f814 [http://dl-cdn.alpinelinux.org/alpine/v3.12/community]\nOK: 12735 distinct packages available\n(1/5) Upgrading busybox (1.31.1-r16 -> 1.31.1-r19)\nExecuting busybox-1.31.1-r19.post-upgrade\n(2/5) Upgrading alpine-baselayout (3.2.0-r6 -> 3.2.0-r7)\nExecuting alpine-baselayout-3.2.0-r7.pre-upgrade\nExecuting alpine-baselayout-3.2.0-r7.post-upgrade\n(3/5) Upgrading ca-certificates-bundle (20191127-r2 -> 20191127-r3)\n(4/5) Upgrading ssl_client (1.31.1-r16 -> 1.31.1-r19)\n(5/5) Upgrading ca-certificates (20191127-r2 -> 20191127-r3)\nExecuting busybox-1.31.1-r19.trigger\nExecuting ca-certificates-20191127-r3.trigger\nOK: 6 MiB in 15 packages\n(1/5) Installing nghttp2-libs (1.41.0-r0)\n(2/5) Installing libcurl (7.69.1-r0)\n(3/5) Installing expat (2.2.9-r1)\n(4/5) Installing pcre2 (10.35-r0)\n(5/5) Installing git (2.26.2-r0)\nExecuting busybox-1.31.1-r19.trigger\nOK: 22 MiB in 20 packages\nRemoving intermediate container 932d14362841\n ---> af9736641ad1\nStep 4/6 : RUN go get github.com/xtaci/kcptun/client && go get github.com/xtaci/kcptun/server\n ---> Running in 3843571a1b3a\n\u001b[91m# github.com/xtaci/kcptun/client\nsrc/github.com/xtaci/kcptun/client/main.go:88:17: cannot use cli.StringFlag literal (type cli.StringFlag) as type cli.Flag in slice literal:\n\tcli.StringFlag does not implement cli.Flag (Apply method has pointer receiver)\nsrc/github.com/xtaci/kcptun/client/main.go:93:17: cannot use cli.StringFlag literal (type cli.StringFlag) as type cli.Flag in slice literal:\n\tcli.StringFlag does not implement cli.Flag (Apply method has pointer receiver)\nsrc/github.com/xtaci/kcptun/client/main.go:98:17: cannot use cli.StringFlag literal (type cli.StringFlag) as type cli.Flag in slice literal:\n\tcli.StringFlag does not implement cli.Flag (Apply method has pointer receiver)\nsrc/github.com/xtaci/kcptun/client/main.go:102:4: unknown field 'EnvVar' in struct literal of type cli.StringFlag\nsrc/github.com/xtaci/kcptun/client/main.go:104:17: cannot use cli.StringFlag literal (type cli.StringFlag) as type cli.Flag in slice literal:\n\tcli.StringFlag does not implement cli.Flag (Apply method has pointer receiver)\nsrc/github.com/xtaci/kcptun/client/main.go:109:17: cannot use cli.StringFlag literal (type cli.StringFlag) as type cli.Flag in slice literal:\n\tcli.StringFlag does not implement cli.Flag (Apply method has pointer receiver)\nsrc/github.com/xtaci/kcptun/client/main.go:114:14: cannot use cli.IntFlag literal (type cli.IntFlag) as type cli.Flag in slice literal:\n\tcli.IntFlag does not implement cli.Flag (Apply method has pointer receiver)\nsrc/github.com/xtaci/kcptun/client/main.go:119:14: cannot use cli.IntFlag literal (type cli.IntFlag) as type cli.Flag in slice literal:\n\tcli.IntFlag does not implement cli.Flag (Apply method has pointer receiver)\nsrc/github.com/xtaci/kcptun/client/main.go:124:14: cannot use cli.IntFlag literal (type cli.IntFlag) as type cli.Flag in slice literal:\n\tcli.IntFlag does not implement cli.Flag (Apply method has pointer receiver)\nsrc/github.com/xtaci/kcptun/client/main.go:129:14: cannot use cli.IntFlag literal (type cli.IntFlag) as type cli.Flag in slice literal:\n\tcli.IntFlag does not implement cli.Flag (Apply method has pointer receiver)\nsrc/github.com/xtaci/kcptun/client/main.go:129:14: too many errors\n\u001b[0m",
    "raw_stderr_log": "The command '/bin/sh -c go get github.com/xtaci/kcptun/client && go get github.com/xtaci/kcptun/server' returned a non-zero code: 2",
    "html_url": "https://github.com/jjzhang166/kcpraw",
    "repo_commit": "d3d961f8cac600d9d77574cf3956115ee8b244c9",
    "repo_id": 109202864
  },
  {
    "raw_dockerfile": "# build stage\nFROM golang:alpine AS build-env\nRUN apk update && apk add make\nADD . /go/src/github.com/kragniz/tor-ingress-controller\nRUN cd /go/src/github.com/kragniz/tor-ingress-controller && make\n\n# final stage\nFROM alpine\nRUN apk update && apk add tor && mkdir -p /run/tor/\nWORKDIR /app\nCOPY --from=build-env /go/src/github.com/kragniz/tor-ingress-controller/tor-ingress-controller /app/\nENTRYPOINT [\"./tor-ingress-controller\"]",
    "raw_stdout_log": "Sending build context to Docker daemon  142.8kB\r\r\nStep 1/9 : FROM golang:alpine AS build-env\n ---> 3289bf11c284\nStep 2/9 : RUN apk update && apk add make\n ---> Running in c9595e1316b0\nfetch http://dl-cdn.alpinelinux.org/alpine/v3.12/main/x86_64/APKINDEX.tar.gz\nfetch http://dl-cdn.alpinelinux.org/alpine/v3.12/community/x86_64/APKINDEX.tar.gz\nv3.12.0-94-g0ddce5a52e [http://dl-cdn.alpinelinux.org/alpine/v3.12/main]\nv3.12.0-98-gab2b9ec94d [http://dl-cdn.alpinelinux.org/alpine/v3.12/community]\nOK: 12737 distinct packages available\n(1/1) Installing make (4.3-r0)\nExecuting busybox-1.31.1-r16.trigger\nOK: 6 MiB in 16 packages\nRemoving intermediate container c9595e1316b0\n ---> 3a9a549577a7\nStep 3/9 : ADD . /go/src/github.com/kragniz/tor-ingress-controller\n ---> 825040274d17\nStep 4/9 : RUN cd /go/src/github.com/kragniz/tor-ingress-controller && make\n ---> Running in a51ff8561f92\ndep ensure\n\u001b[91mmake: dep: No such file or directory\nmake: *** [Makefile:13: vendor] Error 127\n\u001b[0m",
    "raw_stderr_log": "The command '/bin/sh -c cd /go/src/github.com/kragniz/tor-ingress-controller && make' returned a non-zero code: 2",
    "html_url": "https://github.com/kragniz/tor-ingress-controller",
    "repo_commit": "2bd7c2fc7b8ee1dc237ed4f7b9975178d6236ef5",
    "repo_id": 118386790
  },
  {
    "raw_dockerfile": "FROM golang:1.9-alpine AS build\nRUN apk add -U --no-cache git make\nRUN go get github.com/gopherjs/gopherjs\nRUN go get github.com/gopherjs/vecty\nRUN go get github.com/go-humble/router\nRUN go get github.com/goxjs/websocket\nRUN go get github.com/gopherjs/websocket\nRUN go get github.com/aaronarduino/goqrsvg\nRUN go get github.com/nobonobo/vecty-chatapp\nRUN cd $(go env GOPATH)/src/github.com/nobonobo/vecty-chatapp; \\\n    make build\n\nFROM alpine:3.7\nCOPY --from=build /go/src/github.com/nobonobo/vecty-chatapp/dist/ /dist/\nWORKDIR /dist\nEXPOSE 8888\nENTRYPOINT [ \"/dist/server\" ]",
    "raw_stdout_log": "Sending build context to Docker daemon  62.46kB\r\r\nStep 1/15 : FROM golang:1.9-alpine AS build\n1.9-alpine: Pulling from library/golang\n8e3ba11ec2a2: Pulling fs layer\n8e6b2bc60854: Pulling fs layer\n3d20cafe6dc8: Pulling fs layer\n533d243d9519: Pulling fs layer\n61a3cf7df0db: Pulling fs layer\nec4d1222aabd: Pulling fs layer\na2fb1cdee015: Pulling fs layer\n533d243d9519: Waiting\n61a3cf7df0db: Waiting\nec4d1222aabd: Waiting\n3d20cafe6dc8: Verifying Checksum\n3d20cafe6dc8: Download complete\n8e6b2bc60854: Verifying Checksum\n8e6b2bc60854: Download complete\n8e3ba11ec2a2: Verifying Checksum\n8e3ba11ec2a2: Download complete\nec4d1222aabd: Download complete\na2fb1cdee015: Download complete\n8e3ba11ec2a2: Pull complete\n61a3cf7df0db: Verifying Checksum\n61a3cf7df0db: Download complete\n8e6b2bc60854: Pull complete\n3d20cafe6dc8: Pull complete\n533d243d9519: Pull complete\n61a3cf7df0db: Pull complete\nec4d1222aabd: Pull complete\na2fb1cdee015: Pull complete\nDigest: sha256:220aaadccc956ab874ff9744209e5a756d7a32bcffede14d08589c2c54801ce0\nStatus: Downloaded newer image for golang:1.9-alpine\n ---> b0260be938c6\nStep 2/15 : RUN apk add -U --no-cache git make\n ---> Running in 6f6ab9c2c0d2\nfetch http://dl-cdn.alpinelinux.org/alpine/v3.8/main/x86_64/APKINDEX.tar.gz\nfetch http://dl-cdn.alpinelinux.org/alpine/v3.8/community/x86_64/APKINDEX.tar.gz\n(1/7) Installing nghttp2-libs (1.39.2-r0)\n(2/7) Installing libssh2 (1.9.0-r1)\n(3/7) Installing libcurl (7.61.1-r3)\n(4/7) Installing expat (2.2.8-r0)\n(5/7) Installing pcre2 (10.31-r0)\n(6/7) Installing git (2.18.4-r0)\n(7/7) Installing make (4.2.1-r2)\nExecuting busybox-1.28.4-r0.trigger\nOK: 19 MiB in 21 packages\nRemoving intermediate container 6f6ab9c2c0d2\n ---> feec35a951f5\nStep 3/15 : RUN go get github.com/gopherjs/gopherjs\n ---> Running in ea913a9a88b0\n\u001b[91m# github.com/gopherjs/gopherjs/build\nsrc/github.com/gopherjs/gopherjs/build/build.go:70:43: undefined: compiler.GoVersion\nsrc/github.com/gopherjs/gopherjs/build/build.go:502:12: undefined: compiler.CheckGoVersion\n\u001b[0m",
    "raw_stderr_log": "The command '/bin/sh -c go get github.com/gopherjs/gopherjs' returned a non-zero code: 2",
    "html_url": "https://github.com/nobonobo/vecty-chatapp",
    "repo_commit": "09cdc91fad6de3ba2e61f414c3d9b315660bc28d",
    "repo_id": 121859433
  },
  {
    "raw_dockerfile": "FROM golang:1.9\n\nRUN go get -u github.com/dgrijalva/jwt-go/cmd/jwt\n\nRUN go get -u github.com/cloudflare/cfssl/cmd/...\n\nFROM ubuntu:18.04\n\nCOPY --from=0 /go/bin/jwt /usr/bin/jwt\nCOPY --from=0 /go/bin/cfssl /usr/bin/cfssl\nCOPY --from=0 /go/bin/cfssljson /usr/bin/cfssljson\n\nRUN apt-get update \\\n  && apt-get install -y curl apt-transport-https gnupg openssh-client build-essential \\\n  && echo \"deb [arch=amd64] https://packages.microsoft.com/repos/azure-cli/ bionic main\" \\\n  | tee /etc/apt/sources.list.d/azure-cli.list \\\n  && curl -L https://packages.microsoft.com/keys/microsoft.asc | apt-key add - \\\n  && apt-get update \\\n  && apt-get install -y unzip jq build-essential azure-cli \\\n  && rm -rf /var/lib/apt/lists/*\n\nENV TERRAFORM_VERSION=0.11.7\nRUN curl -L -o tf.zip \"https://releases.hashicorp.com/terraform/${TERRAFORM_VERSION}/terraform_${TERRAFORM_VERSION}_linux_amd64.zip\" \\\n  && unzip tf.zip \\\n  && rm tf.zip \\\n  && mv terraform /usr/bin/terraform\n\nENV KUBECTL_VERSION=1.10.3\nRUN curl -Lo /usr/bin/kubectl \"https://storage.googleapis.com/kubernetes-release/release/v${KUBECTL_VERSION}/bin/linux/amd64/kubectl\" \\\n  && chmod +x /usr/bin/kubectl",
    "raw_stdout_log": "Sending build context to Docker daemon  632.8kB\r\r\nStep 1/12 : FROM golang:1.9\n1.9: Pulling from library/golang\n55cbf04beb70: Already exists\n1607093a898c: Already exists\n9a8ea045c926: Already exists\nd4eee24d4dac: Already exists\n9c35c9787a2f: Already exists\n8b376bbb244f: Already exists\n0d4eafcc732a: Already exists\n186b06a99029: Already exists\nDigest: sha256:8b5968585131604a92af02f5690713efadf029cc8dad53f79280b87a80eb1354\nStatus: Downloaded newer image for golang:1.9\n ---> ef89ef5c42a9\nStep 2/12 : RUN go get -u github.com/dgrijalva/jwt-go/cmd/jwt\n ---> Running in 00a11051452a\nRemoving intermediate container 00a11051452a\n ---> 935e37aa3d9b\nStep 3/12 : RUN go get -u github.com/cloudflare/cfssl/cmd/...\n ---> Running in 39cc7e063280\n\u001b[91m# github.com/cloudflare/cfssl/csr\nsrc/github.com/cloudflare/cfssl/csr/csr.go:265:26: cert.URIs undefined (type *x509.Certificate has no field or method URIs)\nsrc/github.com/cloudflare/cfssl/csr/csr.go:380:7: tpl.URIs undefined (type x509.CertificateRequest has no field or method URIs)\n\u001b[0m\u001b[91m# github.com/cloudflare/cfssl/vendor/github.com/zmap/zlint/v2/lint\nsrc/github.com/cloudflare/cfssl/vendor/github.com/zmap/zlint/v2/lint/result.go:75:9: undefined: strings.ReplaceAll\n\u001b[0m",
    "raw_stderr_log": "The command '/bin/sh -c go get -u github.com/cloudflare/cfssl/cmd/...' returned a non-zero code: 2",
    "html_url": "https://github.com/seanknox/aztack",
    "repo_commit": "88349575560bfb6de0b706ef293718028848e8b7",
    "repo_id": 126659909
  },
  {
    "raw_dockerfile": "# First build the application\nFROM alpine\nRUN apk --no-cache add go git musl-dev\nRUN go get -u github.com/skx/dns-api-go\n\n# Now put it in a container without all the build tools\nFROM alpine\nWORKDIR /root/\nCOPY --from=0 /root/go/bin/dns-api-go .\nEXPOSE 9999\nENTRYPOINT [\"/root/dns-api-go\", \"-host\", \"0.0.0.0\", \"-port\", \"9999\" ]",
    "raw_stdout_log": "Sending build context to Docker daemon    811kB\r\r\nStep 1/8 : FROM alpine\nlatest: Pulling from library/alpine\nDigest: sha256:185518070891758909c9f839cf4ca393ee977ac378609f700f60a771a2dfe321\nStatus: Downloaded newer image for alpine:latest\n ---> a24bb4013296\nStep 2/8 : RUN apk --no-cache add go git musl-dev\n ---> Running in d5965818cbed\nfetch http://dl-cdn.alpinelinux.org/alpine/v3.12/main/x86_64/APKINDEX.tar.gz\nfetch http://dl-cdn.alpinelinux.org/alpine/v3.12/community/x86_64/APKINDEX.tar.gz\n(1/20) Upgrading musl (1.1.24-r8 -> 1.1.24-r9)\n(2/20) Installing ca-certificates (20191127-r4)\n(3/20) Installing nghttp2-libs (1.41.0-r0)\n(4/20) Installing libcurl (7.69.1-r0)\n(5/20) Installing expat (2.2.9-r1)\n(6/20) Installing pcre2 (10.35-r0)\n(7/20) Installing git (2.26.2-r0)\n(8/20) Installing libgcc (9.3.0-r2)\n(9/20) Installing libstdc++ (9.3.0-r2)\n(10/20) Installing binutils (2.34-r1)\n(11/20) Installing gmp (6.2.0-r0)\n(12/20) Installing isl (0.18-r0)\n(13/20) Installing libgomp (9.3.0-r2)\n(14/20) Installing libatomic (9.3.0-r2)\n(15/20) Installing libgphobos (9.3.0-r2)\n(16/20) Installing mpfr4 (4.0.2-r4)\n(17/20) Installing mpc1 (1.1.0-r1)\n(18/20) Installing gcc (9.3.0-r2)\n(19/20) Installing musl-dev (1.1.24-r9)\n(20/20) Installing go (1.13.11-r0)\nExecuting busybox-1.31.1-r16.trigger\nExecuting ca-certificates-20191127-r4.trigger\nOK: 458 MiB in 33 packages\nRemoving intermediate container d5965818cbed\n ---> 118faaf9abe6\nStep 3/8 : RUN go get -u github.com/skx/dns-api-go\n ---> Running in 6dfdc621c42b\n\u001b[91m# github.com/skx/dns-api-go\nroot/go/src/github.com/skx/dns-api-go/main.go:313:38: rateLimiter.AllowHour undefined (type *redis_rate.Limiter has no field or method AllowHour)\n\u001b[0m",
    "raw_stderr_log": "The command '/bin/sh -c go get -u github.com/skx/dns-api-go' returned a non-zero code: 2",
    "html_url": "https://github.com/skx/dns-api-go",
    "repo_commit": "a2cbde1eaa03f6780517a357da7bea1314a0a62a",
    "repo_id": 127240632
  },
  {
    "raw_dockerfile": "FROM golang:alpine\n\nRUN apk update && apk add git\n\nRUN go get github.com/alash3al/redix\n\nEXPOSE 6380 7090\n\nENTRYPOINT [\"redix\"]\n\nWORKDIR /root/",
    "raw_stdout_log": "Sending build context to Docker daemon  7.094MB\r\r\nStep 1/6 : FROM golang:alpine\nalpine: Pulling from library/golang\ndf20fa9351a1: Already exists\ned8968b2872e: Already exists\na92cc7c5fd73: Already exists\n9e0cccf56431: Already exists\ncbe0275821fc: Already exists\nDigest: sha256:6042b9cfb4eb303f3bdcbfeaba79b45130d170939318de85ac5b9508cb6f0f7e\nStatus: Downloaded newer image for golang:alpine\n ---> 3289bf11c284\nStep 2/6 : RUN apk update && apk add git\n ---> Running in 2b1c5565854b\nfetch http://dl-cdn.alpinelinux.org/alpine/v3.12/main/x86_64/APKINDEX.tar.gz\nfetch http://dl-cdn.alpinelinux.org/alpine/v3.12/community/x86_64/APKINDEX.tar.gz\nv3.12.0-110-gfe8ea626b8 [http://dl-cdn.alpinelinux.org/alpine/v3.12/main]\nv3.12.0-109-g9aab57a575 [http://dl-cdn.alpinelinux.org/alpine/v3.12/community]\nOK: 12737 distinct packages available\n(1/5) Installing nghttp2-libs (1.41.0-r0)\n(2/5) Installing libcurl (7.69.1-r0)\n(3/5) Installing expat (2.2.9-r1)\n(4/5) Installing pcre2 (10.35-r0)\n(5/5) Installing git (2.26.2-r0)\nExecuting busybox-1.31.1-r16.trigger\nOK: 22 MiB in 20 packages\nRemoving intermediate container 2b1c5565854b\n ---> c90336e6d615\nStep 3/6 : RUN go get github.com/alash3al/redix\n ---> Running in 3ddbc0920eb5\n\u001b[91m# github.com/DataDog/zstd\nexec: \"gcc\": executable file not found in $PATH\n\u001b[0m",
    "raw_stderr_log": "The command '/bin/sh -c go get github.com/alash3al/redix' returned a non-zero code: 2",
    "html_url": "https://github.com/alash3al/redix",
    "repo_commit": "73c29d1b2f4823ff699c8535a62b8d06defda917",
    "repo_id": 161674141
  },
  {
    "raw_dockerfile": "FROM       arken/gom-base\nMAINTAINER Damien Metzler <dmetzler@nuxeo.com>\n\nRUN go get github.com/arkenio/gogeta\nWORKDIR /usr/local/go/src/github.com/arkenio/gogeta\nRUN git checkout master\nRUN gom install\nRUN gom test\nRUN gom build\n\nEXPOSE 7777\nENTRYPOINT [\"/usr/local/go/src/github.com/arkenio/gogeta/gogeta\", \"-etcdAddress\", \"http://172.17.42.1:4001\", \"-alsologtostderr=true\"]",
    "raw_stdout_log": "Sending build context to Docker daemon  360.4kB\r\r\nStep 1/10 : FROM       arken/gom-base\nlatest: Pulling from arken/gom-base\na3ed95caeb02: Already exists\n3fb9964802bf: Pulling fs layer\n0df033880a4a: Pulling fs layer\ncb0bb83634ec: Pulling fs layer\n88d054124c3f: Pulling fs layer\nd2bb5ad03820: Pulling fs layer\na3ed95caeb02: Pulling fs layer\n0f1af01a4de7: Pulling fs layer\n68a0c748f8c7: Pulling fs layer\n44c868d92538: Pulling fs layer\n095580ff6d06: Pulling fs layer\n4fc857331bcd: Pulling fs layer\na3ed95caeb02: Waiting\n73fc155f5e3f: Pulling fs layer\nbf0da30bc302: Pulling fs layer\n5381aa959613: Pulling fs layer\n88d054124c3f: Waiting\nd2bb5ad03820: Waiting\n0f1af01a4de7: Waiting\n44c868d92538: Waiting\n4fc857331bcd: Waiting\n095580ff6d06: Waiting\nbf0da30bc302: Waiting\n73fc155f5e3f: Waiting\n5381aa959613: Waiting\n68a0c748f8c7: Waiting\ncb0bb83634ec: Verifying Checksum\ncb0bb83634ec: Download complete\n0df033880a4a: Verifying Checksum\n0df033880a4a: Download complete\n88d054124c3f: Download complete\n3fb9964802bf: Verifying Checksum\n3fb9964802bf: Download complete\nd2bb5ad03820: Verifying Checksum\nd2bb5ad03820: Download complete\na3ed95caeb02: Download complete\n0f1af01a4de7: Verifying Checksum\n0f1af01a4de7: Download complete\n44c868d92538: Verifying Checksum\n44c868d92538: Download complete\n68a0c748f8c7: Verifying Checksum\n68a0c748f8c7: Download complete\n095580ff6d06: Download complete\n4fc857331bcd: Verifying Checksum\n4fc857331bcd: Download complete\n73fc155f5e3f: Download complete\nbf0da30bc302: Verifying Checksum\nbf0da30bc302: Download complete\n5381aa959613: Verifying Checksum\n5381aa959613: Download complete\n3fb9964802bf: Pull complete\n0df033880a4a: Pull complete\ncb0bb83634ec: Pull complete\n88d054124c3f: Pull complete\nd2bb5ad03820: Pull complete\na3ed95caeb02: Pull complete\n0f1af01a4de7: Pull complete\n68a0c748f8c7: Pull complete\n44c868d92538: Pull complete\n095580ff6d06: Pull complete\n4fc857331bcd: Pull complete\n73fc155f5e3f: Pull complete\nbf0da30bc302: Pull complete\n5381aa959613: Pull complete\nDigest: sha256:4d7d21d7d61c8eb209076ae49e0d9314b6ac72ea746777f0f170ee7d7ee6feec\nStatus: Downloaded newer image for arken/gom-base:latest\n ---> 47290e79e25c\nStep 2/10 : MAINTAINER Damien Metzler <dmetzler@nuxeo.com>\n ---> Running in 9169bcb974fc\nRemoving intermediate container 9169bcb974fc\n ---> 4ce89f4a1faa\nStep 3/10 : RUN go get github.com/arkenio/gogeta\n ---> Running in d4e1cf3e7500\n\u001b[91m# github.com/ugorji/go/codec\nusr/local/go/src/github.com/ugorji/go/codec/helper_not_unsafe.go:127: undefined: atomic.Value\n\u001b[0m",
    "raw_stderr_log": "The command '/bin/sh -c go get github.com/arkenio/gogeta' returned a non-zero code: 2",
    "html_url": "https://github.com/arkenio/gogeta",
    "repo_commit": "ca9ae9aad87b7437f7c94b5810d87443bd358ae5",
    "repo_id": 17712572
  },
  {
    "raw_dockerfile": "FROM golang:alpine as padlock-cloud\n\nWORKDIR /go/src/github.com/maklesoft/padlock-cloud\n\nCOPY . .\n\nRUN apk update && apk --no-cache add git\n    \nRUN go get -u github.com/kardianos/govendor && \\\n    govendor sync\n\nRUN CGO_ENABLED=0 GOOS=linux go build -a -v -installsuffix cgo -o padlock-cloud main.go\n\nFROM alpine:latest\n\nARG user=padlock-cloud\nARG uid=1000\nARG group=padlock-cloud\nARG gid=1000\n\nARG WORKDIR=/opt/padlock-cloud\n\nENV PC_CONFIG_PATH=\"\" \\\n    PC_LOG_FILE=${WORKDIR}/logs/info.log \\\n    PC_ERR_FILE=${WORKDIR}/logs/error.log \\\n    PC_NOTIFY_ERRORS=\"\" \\\n    PC_LEVELDB_PATH=${WORKDIR}/db \\\n    PC_EMAIL_SERVER=\"\" \\\n    PC_EMAIL_PORT=\"\" \\\n    PC_EMAIL_USER=\"\" \\\n    PC_EMAIL_PASSWORD=\"\" \\\n    PC_PORT=8080 \\\n    PC_ASSETS_PATH=${WORKDIR}/assets \\\n    PC_TLS_CERT=\"\" \\\n    PC_TLS_KEY=\"\" \\\n    PC_BASE_URL=http://localhost \\\n    PC_CORS=1 \\\n    PC_TEST=0\n\nRUN addgroup -g ${gid} -S ${group} &&\\\n    adduser -u ${uid} -D -S -G ${group} ${user}\n\nRUN mkdir -p ${WORKDIR} && mkdir -p ${WORKDIR}/db && mkdir -p ${WORKDIR}/logs &&\\\n    mkdir -p ${WORKDIR}/ssl && touch ${WORKDIR}/logs/info.log && touch ${WORKDIR}/logs/error.log\n\nRUN apk update && apk --no-cache add su-exec ca-certificates\n\nWORKDIR ${WORKDIR}\n\nCOPY --from=padlock-cloud /go/src/github.com/maklesoft/padlock-cloud/padlock-cloud /usr/local/bin\nCOPY docker-entrypoint.sh .\nCOPY assets ./assets\n\nVOLUME [\"$WORKDIR/assets\", \"$WORKDIR/db\", \"$WORKDIR/logs\", \"$WORKDIR/ssl\"]\n\nENTRYPOINT [\"/bin/sh\", \"./docker-entrypoint.sh\"]\n\nEXPOSE 8080 8443\n\nCMD [\"padlock-cloud\", \"runserver\"]",
    "raw_stdout_log": "Sending build context to Docker daemon  5.142MB\r\r\nStep 1/24 : FROM golang:alpine as padlock-cloud\nalpine: Pulling from library/golang\ndf20fa9351a1: Already exists\ned8968b2872e: Already exists\na92cc7c5fd73: Already exists\n9e0cccf56431: Already exists\ncbe0275821fc: Already exists\nDigest: sha256:6042b9cfb4eb303f3bdcbfeaba79b45130d170939318de85ac5b9508cb6f0f7e\nStatus: Downloaded newer image for golang:alpine\n ---> 3289bf11c284\nStep 2/24 : WORKDIR /go/src/github.com/maklesoft/padlock-cloud\nRemoving intermediate container 6a71881d2e41\n ---> b4a36965a77e\nStep 3/24 : COPY . .\n ---> 0e4a6d29217c\nStep 4/24 : RUN apk update && apk --no-cache add git\n ---> Running in c8721f882fe4\nfetch http://dl-cdn.alpinelinux.org/alpine/v3.12/main/x86_64/APKINDEX.tar.gz\nfetch http://dl-cdn.alpinelinux.org/alpine/v3.12/community/x86_64/APKINDEX.tar.gz\nv3.12.0-138-g44b5946805 [http://dl-cdn.alpinelinux.org/alpine/v3.12/main]\nv3.12.0-149-g00491970b8 [http://dl-cdn.alpinelinux.org/alpine/v3.12/community]\nOK: 12750 distinct packages available\nfetch http://dl-cdn.alpinelinux.org/alpine/v3.12/main/x86_64/APKINDEX.tar.gz\nfetch http://dl-cdn.alpinelinux.org/alpine/v3.12/community/x86_64/APKINDEX.tar.gz\n(1/5) Installing nghttp2-libs (1.41.0-r0)\n(2/5) Installing libcurl (7.69.1-r0)\n(3/5) Installing expat (2.2.9-r1)\n(4/5) Installing pcre2 (10.35-r0)\n(5/5) Installing git (2.26.2-r0)\nExecuting busybox-1.31.1-r16.trigger\nOK: 22 MiB in 20 packages\nRemoving intermediate container c8721f882fe4\n ---> 28f495ac11ba\nStep 5/24 : RUN go get -u github.com/kardianos/govendor &&     govendor sync\n ---> Running in 039f374810c2\n\u001b[91mgo: downloading github.com/kardianos/govendor v1.0.9\n\u001b[0m\u001b[91mgo: github.com/kardianos/govendor upgrade => v1.0.9\n\u001b[0m\u001b[91mgo: finding module for package github.com/Bowery/prompt\n\u001b[0m\u001b[91mgo: downloading gopkg.in/yaml.v2 v2.2.7\n\u001b[0m\u001b[91mgo: finding module for package github.com/google/shlex\n\u001b[0m\u001b[91mgo: downloading golang.org/x/tools v0.0.0-20191127171310-c1736c0f0a5b\n\u001b[0m\u001b[91mgo: finding module for package github.com/dchest/safefile\n\u001b[0m\u001b[91mgo: downloading github.com/pkg/errors v0.8.2-0.20200103123654-004deef56200\n\u001b[0m\u001b[91mgo: downloading github.com/google/shlex v0.0.0-20191202100458-e7afc7fbc510\n\u001b[0m\u001b[91mgo: downloading github.com/Bowery/prompt v0.0.0-20190916142128-fa8279994f75\n\u001b[0m\u001b[91mgo: downloading github.com/dchest/safefile v0.0.0-20151022103144-855e8d98f185\n\u001b[0m\u001b[91mgo: found github.com/Bowery/prompt in github.com/Bowery/prompt v0.0.0-20190916142128-fa8279994f75\ngo: found github.com/google/shlex in github.com/google/shlex v0.0.0-20191202100458-e7afc7fbc510\ngo: found github.com/dchest/safefile in github.com/dchest/safefile v0.0.0-20151022103144-855e8d98f185\n\u001b[0m\u001b[91mgo: downloading golang.org/x/sys v0.0.0-20190813064441-fde4db37ae7a\n\u001b[0m\u001b[91mgo: github.com/pkg/errors upgrade => v0.9.1\ngo: golang.org/x/tools upgrade => v0.0.0-20200708003708-134513de8882\ngo: golang.org/x/sys upgrade => v0.0.0-20200625212154-ddb9806d33ae\n\u001b[0m\u001b[91mgo: gopkg.in/yaml.v2 upgrade => v2.3.0\n\u001b[0m\u001b[91mgo: downloading gopkg.in/yaml.v2 v2.3.0\n\u001b[0m\u001b[91mgo: downloading github.com/pkg/errors v0.9.1\n\u001b[0m\u001b[91mgo: downloading golang.org/x/tools v0.0.0-20200708003708-134513de8882\n\u001b[0m\u001b[91mgo: downloading golang.org/x/sys v0.0.0-20200625212154-ddb9806d33ae\n\u001b[0m\u001b[91mError: Vendor file at \"vendor\" not found.\ngovendor sync\n\tEnsures the contents of the vendor folder matches the vendor file.\n\tOptions:\n\t\t-n           dry run, print out action only\n\t\t-insecure    allow downloading over insecure connection\n\t\t-v           verbose output\n\u001b[0m",
    "raw_stderr_log": "The command '/bin/sh -c go get -u github.com/kardianos/govendor &&     govendor sync' returned a non-zero code: 2",
    "html_url": "https://github.com/padloc/padlock-cloud",
    "repo_commit": "b4a0f555932646f80960a55cda4786d8099b38bc",
    "repo_id": 17781985
  },
  {
    "raw_dockerfile": "FROM golang:alpine AS build\nRUN apk add --no-cache git wget build-base shellcheck\n\nRUN mkdir /overlay\nCOPY root/ /overlay/\nRUN shellcheck /overlay/*\n\n# From https://github.com/sourcelevel/engine-image-optim/blob/2de5967c666fc3f7f8f24e67c0c445da403a67ef/Dockerfile#L61-L64\nENV JHEAD_VERSION=3.04\nRUN wget http://www.sentex.net/~mwandel/jhead/jhead-$JHEAD_VERSION.tar.gz \\\n    && tar zxf jhead-$JHEAD_VERSION.tar.gz \\\n    && cd jhead-$JHEAD_VERSION \\\n    && make \\\n    && make install\n\nRUN go get github.com/perkeep/gphotos-cdp\n\n\nFROM alpine:latest\nLABEL maintainer=\"Jake Wharton <docker@jakewharton.com>\"\n\nENV CRON=\"\" \\\n    HEALTHCHECK_ID=\"\" \\\n    TZ=\"\" \\\n    CHROMIUM_USER_FLAGS=\"--no-sandbox\"\n\n# Installs latest Chromium package.\nRUN echo @edge http://nl.alpinelinux.org/alpine/edge/community > /etc/apk/repositories \\\n    && echo @edge http://nl.alpinelinux.org/alpine/edge/main >> /etc/apk/repositories \\\n    && apk add --no-cache \\\n      libstdc++@edge \\\n      chromium@edge \\\n      harfbuzz@edge \\\n      nss@edge \\\n      freetype@edge \\\n      ttf-freefont@edge \\\n      tzdata@edge \\\n      curl@edge \\\n    && rm -rf /var/cache/* \\\n    && mkdir /var/cache/apk\n\nCOPY --from=build /go/bin/gphotos-cdp /usr/bin/jhead /usr/bin/\nCOPY root/ /\n\nENTRYPOINT [\"/entrypoint.sh\"]\nCMD [\"\"]",
    "raw_stdout_log": "Sending build context to Docker daemon  117.8kB\r\r\nStep 1/16 : FROM golang:alpine AS build\nalpine: Pulling from library/golang\ndf20fa9351a1: Already exists\ned8968b2872e: Already exists\na92cc7c5fd73: Already exists\n9e0cccf56431: Already exists\ncbe0275821fc: Already exists\nDigest: sha256:6042b9cfb4eb303f3bdcbfeaba79b45130d170939318de85ac5b9508cb6f0f7e\nStatus: Downloaded newer image for golang:alpine\n ---> 3289bf11c284\nStep 2/16 : RUN apk add --no-cache git wget build-base shellcheck\n ---> Running in e32313108617\nfetch http://dl-cdn.alpinelinux.org/alpine/v3.12/main/x86_64/APKINDEX.tar.gz\nfetch http://dl-cdn.alpinelinux.org/alpine/v3.12/community/x86_64/APKINDEX.tar.gz\n(1/31) Upgrading musl (1.1.24-r8 -> 1.1.24-r9)\n(2/31) Installing libgcc (9.3.0-r2)\n(3/31) Installing libstdc++ (9.3.0-r2)\n(4/31) Installing binutils (2.34-r1)\n(5/31) Installing libmagic (5.38-r0)\n(6/31) Installing file (5.38-r0)\n(7/31) Installing gmp (6.2.0-r0)\n(8/31) Installing isl (0.18-r0)\n(9/31) Installing libgomp (9.3.0-r2)\n(10/31) Installing libatomic (9.3.0-r2)\n(11/31) Installing libgphobos (9.3.0-r2)\n(12/31) Installing mpfr4 (4.0.2-r4)\n(13/31) Installing mpc1 (1.1.0-r1)\n(14/31) Installing gcc (9.3.0-r2)\n(15/31) Installing musl-dev (1.1.24-r9)\n(16/31) Installing libc-dev (0.7.2-r3)\n(17/31) Installing g++ (9.3.0-r2)\n(18/31) Installing make (4.3-r0)\n(19/31) Installing fortify-headers (1.1-r0)\n(20/31) Installing patch (2.7.6-r6)\n(21/31) Installing build-base (0.5-r2)\n(22/31) Installing nghttp2-libs (1.41.0-r0)\n(23/31) Installing libcurl (7.69.1-r0)\n(24/31) Installing expat (2.2.9-r1)\n(25/31) Installing pcre2 (10.35-r0)\n(26/31) Installing git (2.26.2-r0)\n(27/31) Installing libffi (3.3-r2)\n(28/31) Installing shellcheck (0.7.1-r1)\n(29/31) Installing libunistring (0.9.10-r0)\n(30/31) Installing libidn2 (2.3.0-r0)\n(31/31) Installing wget (1.20.3-r1)\nExecuting busybox-1.31.1-r16.trigger\nOK: 235 MiB in 45 packages\nRemoving intermediate container e32313108617\n ---> 4e2b10e0f641\nStep 3/16 : RUN mkdir /overlay\n ---> Running in 3b3ea6116134\nRemoving intermediate container 3b3ea6116134\n ---> 2644ba1f32c2\nStep 4/16 : COPY root/ /overlay/\n ---> f99788213bb9\nStep 5/16 : RUN shellcheck /overlay/*\n ---> Running in dbcfd454fe02\nRemoving intermediate container dbcfd454fe02\n ---> 2e29a7627050\nStep 6/16 : ENV JHEAD_VERSION=3.04\n ---> Running in a8bb1a105cae\nRemoving intermediate container a8bb1a105cae\n ---> c2c72b1f8ef7\nStep 7/16 : RUN wget http://www.sentex.net/~mwandel/jhead/jhead-$JHEAD_VERSION.tar.gz     && tar zxf jhead-$JHEAD_VERSION.tar.gz     && cd jhead-$JHEAD_VERSION     && make     && make install\n ---> Running in c0221997c72f\n\u001b[91m--2020-06-20 22:39:45--  http://www.sentex.net/~mwandel/jhead/jhead-3.04.tar.gz\nResolving www.sentex.net (www.sentex.net)... \u001b[0m\u001b[91m64.7.148.55, 2607:f3e0:0:b::2\nConnecting to www.sentex.net (www.sentex.net)|64.7.148.55|:80... \u001b[0m\u001b[91mconnected.\nHTTP request sent, awaiting response... \u001b[0m\u001b[91m302 Found\nLocation: https://www.sentex.ca/~mwandel/jhead/jhead-3.04.tar.gz [following]\n--2020-06-20 22:39:46--  https://www.sentex.ca/~mwandel/jhead/jhead-3.04.tar.gz\n\u001b[0m\u001b[91mResolving www.sentex.ca (www.sentex.ca)... \u001b[0m\u001b[91m64.7.148.55\nConnecting to www.sentex.ca (www.sentex.ca)|64.7.148.55|:443... \u001b[0m\u001b[91mconnected.\n\u001b[0m\u001b[91mHTTP request sent, awaiting response... \u001b[0m\u001b[91m200 OK\nLength: 67754\u001b[0m\u001b[91m (66K) [application/x-gzip]\n\u001b[0m\u001b[91mSaving to: 'jhead-3.04.tar.gz'\n\u001b[0m\u001b[91m\n     0K .......... ......\u001b[0m\u001b[91m.... .......... ..\u001b[0m\u001b[91m........ ........\u001b[0m\u001b[91m.. 75%  141K 0s\n    50K .......... ....\u001b[0m\u001b[91m..                                     100%  408K=0.4s\n\n\u001b[0m\u001b[91m2020-06-20 22:39:48 (168 KB/s) - 'jhead-3.04.tar.gz' saved [67754/67754]\n\n\u001b[0m\u001b[91mmake: dpkg-buildflags: No such file or directory\n\u001b[0m\u001b[91mmake: dpkg-buildflags: No such file or directory\n\u001b[0m\u001b[91mmake: dpkg-buildflags: No such file or directory\n\u001b[0mcc   -c jhead.c -o jhead.o\ncc   -c jpgfile.c -o jpgfile.o\ncc   -c jpgqguess.c -o jpgqguess.o\ncc   -c paths.c -o paths.o\ncc   -c exif.c -o exif.o\ncc   -c iptc.c -o iptc.o\ncc   -c gpsinfo.c -o gpsinfo.o\ncc   -c makernote.c -o makernote.o\ncc  -o jhead ./jhead.o ./jpgfile.o ./jpgqguess.o ./paths.o ./exif.o ./iptc.o ./gpsinfo.o ./makernote.o  -lm\n\u001b[91mmake: dpkg-buildflags: No such file or directory\nmake: dpkg-buildflags: No such file or directory\n\u001b[0m\u001b[91mmake: dpkg-buildflags: No such file or directory\n\u001b[0mcp jhead /usr/bin/\nRemoving intermediate container c0221997c72f\n ---> d275c4e22d5b\nStep 8/16 : RUN go get github.com/perkeep/gphotos-cdp\n ---> Running in 3dd08f61f39e\n\u001b[91m# github.com/perkeep/gphotos-cdp\nsrc/github.com/perkeep/gphotos-cdp/main.go:204:3: undefined: page.SetDownloadBehavior\nsrc/github.com/perkeep/gphotos-cdp/main.go:204:28: undefined: page.SetDownloadBehaviorBehaviorAllow\n\u001b[0m",
    "raw_stderr_log": "The command '/bin/sh -c go get github.com/perkeep/gphotos-cdp' returned a non-zero code: 2",
    "html_url": "https://github.com/JakeWharton/docker-gphotos-sync",
    "repo_commit": "955a22494153af1bbd17f3e5e49beb7592621487",
    "repo_id": 239020995
  },
  {
    "raw_dockerfile": "FROM golang:1.6.2\nRUN go get github.com/rancher/trash\nRUN go get github.com/golang/lint/golint\nRUN curl -sL https://get.docker.com/builds/Linux/x86_64/docker-1.9.1 > /usr/bin/docker && \\\n    chmod +x /usr/bin/docker\nRUN apt-get update && \\\n    apt-get install -y --force-yes xz-utils\nENV PATH /go/bin:$PATH\nENV DAPPER_SOURCE /go/src/github.com/rancher/go-machine-service\nENV DAPPER_OUTPUT bin dist\nENV DAPPER_DOCKER_SOCKET true\nENV DAPPER_ENV TAG REPO\nENV GO15VENDOREXPERIMENT 1\nENV TRASH_CACHE ${DAPPER_SOURCE}/.trash-cache\nWORKDIR ${DAPPER_SOURCE}\nENTRYPOINT [\"./scripts/entry\"]\nCMD [\"ci\"]",
    "raw_stdout_log": "Sending build context to Docker daemon  6.352MB\r\r\nStep 1/15 : FROM golang:1.6.2\n1.6.2: Pulling from library/golang\n5c90d4a2d1a8: Pulling fs layer\nab30c63719b1: Pulling fs layer\nc6072700a242: Pulling fs layer\n0ffc1204e0ab: Pulling fs layer\nd8a921df8ce9: Pulling fs layer\nd34bc98c2770: Pulling fs layer\nb0850b14d0d1: Pulling fs layer\nd34bc98c2770: Waiting\n0ffc1204e0ab: Waiting\nb0850b14d0d1: Waiting\nd8a921df8ce9: Waiting\nab30c63719b1: Verifying Checksum\nab30c63719b1: Download complete\nc6072700a242: Verifying Checksum\nc6072700a242: Download complete\n5c90d4a2d1a8: Verifying Checksum\n5c90d4a2d1a8: Download complete\nd34bc98c2770: Download complete\nb0850b14d0d1: Download complete\n0ffc1204e0ab: Verifying Checksum\n0ffc1204e0ab: Download complete\nd8a921df8ce9: Download complete\n5c90d4a2d1a8: Pull complete\nab30c63719b1: Pull complete\nc6072700a242: Pull complete\n0ffc1204e0ab: Pull complete\nd8a921df8ce9: Pull complete\nd34bc98c2770: Pull complete\nb0850b14d0d1: Pull complete\nDigest: sha256:95875692658d8938644205d5911d655a134b621dd83b94569bd395fb59b08fa9\nStatus: Downloaded newer image for golang:1.6.2\n ---> 8ecba0e9bd48\nStep 2/15 : RUN go get github.com/rancher/trash\n ---> Running in bfc1cbfa1533\nRemoving intermediate container bfc1cbfa1533\n ---> e1337b2b22df\nStep 3/15 : RUN go get github.com/golang/lint/golint\n ---> Running in 47771f9c25c5\n\u001b[91m# golang.org/x/tools/go/internal/gcimporter\nsrc/golang.org/x/tools/go/internal/gcimporter/bexport.go:212: obj.IsAlias undefined (type *types.TypeName has no field or method IsAlias)\nsrc/golang.org/x/tools/go/internal/gcimporter/iexport.go:120: undefined: sort.Slice\nsrc/golang.org/x/tools/go/internal/gcimporter/iexport.go:125: undefined: sort.Slice\nsrc/golang.org/x/tools/go/internal/gcimporter/iexport.go:234: obj.IsAlias undefined (type *types.TypeName has no field or method IsAlias)\nsrc/golang.org/x/tools/go/internal/gcimporter/iimport.go:90: undefined: io.SeekCurrent\nsrc/golang.org/x/tools/go/internal/gcimporter/iimport.go:93: undefined: io.SeekCurrent\nsrc/golang.org/x/tools/go/internal/gcimporter/iimport.go:172: undefined: io.SeekCurrent\nsrc/golang.org/x/tools/go/internal/gcimporter/iimport.go:205: r.declReader.Reset undefined (type bytes.Reader has no field or method Reset)\nsrc/golang.org/x/tools/go/internal/gcimporter/iimport.go:247: r.declReader.Reset undefined (type bytes.Reader has no field or method Reset)\n\u001b[0m",
    "raw_stderr_log": "The command '/bin/sh -c go get github.com/golang/lint/golint' returned a non-zero code: 2",
    "html_url": "https://github.com/rancher/go-machine-service",
    "repo_commit": "8853b0d09f58c410d52caffcf5734e9e1b43e203",
    "repo_id": 29371845
  },
  {
    "raw_dockerfile": "FROM golang:1.7.3\nRUN go get github.com/rancher/trash\nRUN go get github.com/golang/lint/golint\nRUN curl -sL https://get.docker.com/builds/Linux/x86_64/docker-1.9.1 > /usr/bin/docker && \\\n    chmod +x /usr/bin/docker\nRUN apt-get update && \\\n    apt-get install -y --no-install-recommends default-jre python-pip zip xz-utils rsync\nRUN pip install --upgrade pip==6.0.3 tox==1.8.1 virtualenv==12.0.4\nENV PATH /go/bin:$PATH\nENV DAPPER_SOURCE /go/src/github.com/rancher/rancher-compose\nENV DAPPER_OUTPUT bin dist\nENV DAPPER_DOCKER_SOCKET true\nENV DAPPER_ENV TAG REPO CROSS\nENV TRASH_CACHE ${DAPPER_SOURCE}/.trash-cache\nWORKDIR ${DAPPER_SOURCE}\nENTRYPOINT [\"./scripts/entry\"]\nCMD [\"ci\"]",
    "raw_stdout_log": "Sending build context to Docker daemon  15.71MB\r\r\nStep 1/15 : FROM golang:1.7.3\n1.7.3: Pulling from library/golang\n386a066cd84a: Pulling fs layer\n75ea84187083: Pulling fs layer\n88b459c9f665: Pulling fs layer\na31e17eb9485: Pulling fs layer\n457559cc1d69: Pulling fs layer\n47fe51a74a06: Pulling fs layer\n08dacccac43c: Pulling fs layer\na31e17eb9485: Waiting\n457559cc1d69: Waiting\n47fe51a74a06: Waiting\n08dacccac43c: Waiting\n75ea84187083: Verifying Checksum\n75ea84187083: Download complete\n386a066cd84a: Verifying Checksum\n386a066cd84a: Download complete\n88b459c9f665: Verifying Checksum\n88b459c9f665: Download complete\n47fe51a74a06: Verifying Checksum\n47fe51a74a06: Download complete\na31e17eb9485: Verifying Checksum\na31e17eb9485: Download complete\n08dacccac43c: Verifying Checksum\n08dacccac43c: Download complete\n457559cc1d69: Verifying Checksum\n457559cc1d69: Download complete\n386a066cd84a: Pull complete\n75ea84187083: Pull complete\n88b459c9f665: Pull complete\na31e17eb9485: Pull complete\n457559cc1d69: Pull complete\n47fe51a74a06: Pull complete\n08dacccac43c: Pull complete\nDigest: sha256:340212e9c5d062f3bfe58ff02768da70234ea734bd022a357ee6be2a6d963505\nStatus: Downloaded newer image for golang:1.7.3\n ---> ef15416724f6\nStep 2/15 : RUN go get github.com/rancher/trash\n ---> Running in 532038156cc3\nRemoving intermediate container 532038156cc3\n ---> a1780236e168\nStep 3/15 : RUN go get github.com/golang/lint/golint\n ---> Running in e108e69cece1\n\u001b[91m# golang.org/x/tools/go/internal/gcimporter\nsrc/golang.org/x/tools/go/internal/gcimporter/bexport.go:212: obj.IsAlias undefined (type *types.TypeName has no field or method IsAlias)\nsrc/golang.org/x/tools/go/internal/gcimporter/iexport.go:120: undefined: sort.Slice\nsrc/golang.org/x/tools/go/internal/gcimporter/iexport.go:125: undefined: sort.Slice\nsrc/golang.org/x/tools/go/internal/gcimporter/iexport.go:234: obj.IsAlias undefined (type *types.TypeName has no field or method IsAlias)\n\u001b[0m",
    "raw_stderr_log": "The command '/bin/sh -c go get github.com/golang/lint/golint' returned a non-zero code: 2",
    "html_url": "https://github.com/rancher/rancher-compose",
    "repo_commit": "88b67b0c10b69c6f0da66d208a3eea7351864dca",
    "repo_id": 30954262
  },
  {
    "raw_dockerfile": "FROM golang:1.12.14\n\nARG PACKER_BOOT_WAIT=60s\nARG RANCHEROS_VERSION\nARG AWS_IMAGE_BUILD_NUMBER\n\nRUN go get github.com/hashicorp/packer\n\nRUN apt-get update \\\n    && apt-get install -yq qemu-system-x86 python-pip python-yaml gawk \\\n    && pip install awscli\n\nENV DAPPER_SOURCE /source\nENV DAPPER_ENV AWS_ACCESS_KEY_ID AWS_SECRET_ACCESS_KEY\nENV DAPPER_RUN_ARGS --device=/dev/kvm:/dev/kvm --privileged\nENV DAPPER_OUTPUT ./dist\nWORKDIR ${DAPPER_SOURCE}\n\nENV RANCHEROS_VERSION=${RANCHEROS_VERSION} \\\n    AWS_IMAGE_BUILD_NUMBER=${AWS_IMAGE_BUILD_NUMBER:-1} \\\n    PACKER_BOOT_WAIT=${PACKER_BOOT_WAIT}\n\nENTRYPOINT [\"./scripts/entry\"]\nCMD [\"ci\"]",
    "raw_stdout_log": "Sending build context to Docker daemon  76.98MB\r\r\nStep 1/14 : FROM golang:1.12.14\n1.12.14: Pulling from library/golang\n8f0fdd3eaac0: Pulling fs layer\nd918eaefd9de: Pulling fs layer\n43bf3e3107f5: Pulling fs layer\n27622921edb2: Pulling fs layer\nf862a94ee651: Pulling fs layer\nb092b74d360c: Pulling fs layer\n88aa81fbb1e4: Pulling fs layer\nf862a94ee651: Waiting\nb092b74d360c: Waiting\n88aa81fbb1e4: Waiting\n27622921edb2: Waiting\nd918eaefd9de: Verifying Checksum\nd918eaefd9de: Download complete\n43bf3e3107f5: Download complete\n8f0fdd3eaac0: Verifying Checksum\n8f0fdd3eaac0: Download complete\n27622921edb2: Verifying Checksum\n27622921edb2: Download complete\n88aa81fbb1e4: Verifying Checksum\n88aa81fbb1e4: Download complete\nf862a94ee651: Verifying Checksum\nf862a94ee651: Download complete\nb092b74d360c: Verifying Checksum\nb092b74d360c: Download complete\n8f0fdd3eaac0: Pull complete\nd918eaefd9de: Pull complete\n43bf3e3107f5: Pull complete\n27622921edb2: Pull complete\nf862a94ee651: Pull complete\nb092b74d360c: Pull complete\n88aa81fbb1e4: Pull complete\nDigest: sha256:4a33c36eb7662b8597086ac41c5e5f6d65098a31bd9d11b401a8498be8b8e3b7\nStatus: Downloaded newer image for golang:1.12.14\n ---> ee8a9aabfe16\nStep 2/14 : ARG PACKER_BOOT_WAIT=60s\n ---> Running in 594775b6d620\nRemoving intermediate container 594775b6d620\n ---> c976f1ee2a97\nStep 3/14 : ARG RANCHEROS_VERSION\n ---> Running in 189377ed7fd2\nRemoving intermediate container 189377ed7fd2\n ---> e7abc97140ad\nStep 4/14 : ARG AWS_IMAGE_BUILD_NUMBER\n ---> Running in d439c4436d2a\nRemoving intermediate container d439c4436d2a\n ---> c12c1cb40957\nStep 5/14 : RUN go get github.com/hashicorp/packer\n ---> Running in e587690f62d7\n\u001b[91m# github.com/hashicorp/packer/vendor/github.com/hashicorp/go-multierror\nsrc/github.com/hashicorp/packer/vendor/github.com/hashicorp/go-multierror/multierror.go:112:9: undefined: errors.As\nsrc/github.com/hashicorp/packer/vendor/github.com/hashicorp/go-multierror/multierror.go:117:9: undefined: errors.Is\n\u001b[0m",
    "raw_stderr_log": "The command '/bin/sh -c go get github.com/hashicorp/packer' returned a non-zero code: 2",
    "html_url": "https://github.com/rancher/os-packer",
    "repo_commit": "46f3ce8ef2bf1a0bb786c457549aea0483998ebd",
    "repo_id": 31151419
  },
  {
    "raw_dockerfile": "from fedora:latest\nrun yum -y install curl git mercurial make nodejs tar npm\nrun curl -L https://github.com/coreos/etcd/releases/download/v2.0.10/etcd-v2.0.10-linux-amd64.tar.gz | tar xz -C /\nrun curl https://storage.googleapis.com/golang/go1.4.2.linux-amd64.tar.gz | tar xzC /usr/local\nenv PATH=/usr/local/go/bin:/etcd-v2.0.10-linux-amd64:$PATH\nrun npm install bower -g\nrun useradd orca\nrun mkdir /work\nrun mkdir /data\nrun chown orca:orca /work\nrun chown orca:orca /data\nrun git config --global url.\"https://\".insteadOf git://\nrun cd /work && mkdir src pkg bin\nenv GOPATH=/work\nenv PATH=/work/bin:$PATH\nrun mkdir -p /work/src/github.com/clusterit/orca\nadd . /work/src/github.com/clusterit/orca/\nrun echo '{ \"allow_root\": true }' > /root/.bowerrc\nrun cd /work/src/github.com/clusterit/orca && make depends && make\nexpose 9011 22\nvolume /data\nadd scripts/test.sh /startup.sh\ncmd /startup.sh",
    "raw_stdout_log": "Sending build context to Docker daemon  4.368MB\r\r\nStep 1/23 : from fedora:latest\nlatest: Pulling from library/fedora\n4c69497db035: Pulling fs layer\n4c69497db035: Verifying Checksum\n4c69497db035: Download complete\n4c69497db035: Pull complete\nDigest: sha256:ee55117b3058f2f12961184fae4b9c392586e400487626c6bd0d15b4eae94ecc\nStatus: Downloaded newer image for fedora:latest\n ---> adfbfa4a115a\nStep 2/23 : run yum -y install curl git mercurial make nodejs tar npm\n ---> Running in 7487db017f15\nFedora Modular 31 - x86_64                      3.8 MB/s | 5.2 MB     00:01    \nFedora Modular 31 - x86_64 - Updates            3.4 MB/s | 4.1 MB     00:01    \nFedora 31 - x86_64 - Updates                    7.2 MB/s |  26 MB     00:03    \nFedora 31 - x86_64                              7.0 MB/s |  71 MB     00:10    \nLast metadata expiration check: 0:00:02 ago on Sat Jun 27 12:08:47 2020.\nPackage curl-7.66.0-1.fc31.x86_64 is already installed.\nPackage tar-2:1.32-2.fc31.x86_64 is already installed.\nDependencies resolved.\n================================================================================\n Package                  Arch     Version                      Repo       Size\n================================================================================\nInstalling:\n git                      x86_64   2.25.4-1.fc31                updates   125 k\n make                     x86_64   1:4.2.1-15.fc31              updates   494 k\n mercurial                x86_64   4.9-2.fc31                   fedora    4.8 M\n nodejs                   x86_64   1:12.16.3-1.fc31             updates    98 k\n npm                      x86_64   1:6.14.4-1.12.16.3.1.fc31    updates   3.4 M\nInstalling dependencies:\n emacs-filesystem         noarch   1:26.3-1.fc31                updates   8.5 k\n fipscheck                x86_64   1.5.0-7.fc31                 fedora     26 k\n fipscheck-lib            x86_64   1.5.0-7.fc31                 fedora     14 k\n gc                       x86_64   7.6.4-6.fc31                 fedora    104 k\n gdbm                     x86_64   1:1.18.1-1.fc31              fedora    127 k\n git-core                 x86_64   2.25.4-1.fc31                updates   4.8 M\n git-core-doc             noarch   2.25.4-1.fc31                updates   2.2 M\n groff-base               x86_64   1.22.3-20.fc31               fedora    1.0 M\n guile22                  x86_64   2.2.6-2.fc31                 fedora    6.6 M\n less                     x86_64   551-2.fc31                   fedora    154 k\n libatomic_ops            x86_64   7.6.10-2.fc31                fedora     36 k\n libedit                  x86_64   3.1-30.20191211cvs.fc31      updates   105 k\n libtool-ltdl             x86_64   2.4.6-31.fc31                fedora     37 k\n libuv                    x86_64   1:1.38.0-2.fc31              updates   149 k\n nodejs-libs              x86_64   1:12.16.3-1.fc31             updates    12 M\n openssh                  x86_64   8.1p1-1.fc31                 updates   440 k\n openssh-clients          x86_64   8.1p1-1.fc31                 updates   601 k\n perl-Carp                noarch   1.50-439.fc31                fedora     29 k\n perl-Data-Dumper         x86_64   2.174-440.fc31               fedora     57 k\n perl-Digest              noarch   1.17-439.fc31                fedora     24 k\n perl-Digest-MD5          x86_64   2.55-439.fc31                fedora     36 k\n perl-Encode              x86_64   4:3.06-444.fc31              updates   1.8 M\n perl-Errno               x86_64   1.30-452.fc31                updates    24 k\n perl-Error               noarch   1:0.17028-1.fc31             fedora     42 k\n perl-Exporter            noarch   5.74-1.fc31                  updates    32 k\n perl-File-Path           noarch   2.16-439.fc31                fedora     36 k\n perl-File-Temp           noarch   1:0.230.900-439.fc31         fedora     60 k\n perl-Getopt-Long         noarch   1:2.51-1.fc31                fedora     60 k\n perl-Git                 noarch   2.25.4-1.fc31                updates    44 k\n perl-HTTP-Tiny           noarch   0.076-439.fc31               fedora     55 k\n perl-IO                  x86_64   1.40-452.fc31                updates    91 k\n perl-MIME-Base64         x86_64   3.15-439.fc31                fedora     30 k\n perl-Net-SSLeay          x86_64   1.88-3.fc31                  fedora    355 k\n perl-PathTools           x86_64   3.78-439.fc31                fedora     86 k\n perl-Pod-Escapes         noarch   1:1.07-439.fc31              fedora     20 k\n perl-Pod-Perldoc         noarch   3.28.01-442.fc31             fedora     85 k\n perl-Pod-Simple          noarch   1:3.39-2.fc31                fedora    214 k\n perl-Pod-Usage           noarch   4:1.70-1.fc31                updates    33 k\n perl-Scalar-List-Utils   x86_64   3:1.53-439.fc31              updates    66 k\n perl-Socket              x86_64   4:2.029-4.fc31               fedora     56 k\n perl-Storable            x86_64   1:3.15-442.fc31              updates    97 k\n perl-Term-ANSIColor      noarch   4.06-440.fc31                fedora     44 k\n perl-Term-Cap            noarch   1.17-439.fc31                fedora     22 k\n perl-TermReadKey         x86_64   2.38-4.fc31                  fedora     36 k\n perl-Text-ParseWords     noarch   3.30-439.fc31                fedora     16 k\n perl-Text-Tabs+Wrap      noarch   2013.0523-439.fc31           fedora     23 k\n perl-Time-Local          noarch   2:1.300-1.fc31               updates    34 k\n perl-URI                 noarch   1.76-5.fc31                  fedora    108 k\n perl-Unicode-Normalize   x86_64   1.26-439.fc31                fedora     97 k\n perl-constant            noarch   1.33-440.fc31                fedora     23 k\n perl-interpreter         x86_64   4:5.30.3-452.fc31            updates   6.1 M\n perl-libnet              noarch   3.11-440.fc31                fedora    117 k\n perl-libs                x86_64   4:5.30.3-452.fc31            updates   1.7 M\n perl-macros              noarch   4:5.30.3-452.fc31            updates    20 k\n perl-parent              noarch   1:0.237-439.fc31             fedora     14 k\n perl-podlators           noarch   1:4.12-2.fc31                fedora    113 k\n perl-threads             x86_64   1:2.22-439.fc31              fedora     58 k\n perl-threads-shared      x86_64   1.60-440.fc31                fedora     44 k\n python2                  x86_64   2.7.18-1.fc31                updates    40 k\n python2-libs             x86_64   2.7.18-1.fc31                updates   6.0 M\nInstalling weak dependencies:\n libxcrypt-compat         x86_64   4.4.16-3.fc31                updates    99 k\n nodejs-docs              noarch   1:12.16.3-1.fc31             updates   2.9 M\n nodejs-full-i18n         x86_64   1:12.16.3-1.fc31             updates   7.7 M\n perl-IO-Socket-IP        noarch   0.39-440.fc31                fedora     42 k\n perl-IO-Socket-SSL       noarch   2.066-7.fc31                 updates   238 k\n perl-Mozilla-CA          noarch   20200520-1.fc31              updates    12 k\n python2-pip              noarch   19.1.1-8.fc31                updates   1.7 M\n python2-setuptools       noarch   41.6.0-1.fc31                updates   584 k\n\nTransaction Summary\n================================================================================\nInstall  73 Packages\n\nTotal download size: 69 M\nInstalled size: 314 M\nDownloading Packages:\n(1/73): emacs-filesystem-26.3-1.fc31.noarch.rpm  37 kB/s | 8.5 kB     00:00    \n(2/73): git-2.25.4-1.fc31.x86_64.rpm            366 kB/s | 125 kB     00:00    \n(3/73): libedit-3.1-30.20191211cvs.fc31.x86_64. 2.3 MB/s | 105 kB     00:00    \n(4/73): libuv-1.38.0-2.fc31.x86_64.rpm          3.2 MB/s | 149 kB     00:00    \n(5/73): libxcrypt-compat-4.4.16-3.fc31.x86_64.r 2.2 MB/s |  99 kB     00:00    \n(6/73): git-core-doc-2.25.4-1.fc31.noarch.rpm   7.3 MB/s | 2.2 MB     00:00    \n(7/73): git-core-2.25.4-1.fc31.x86_64.rpm       7.9 MB/s | 4.8 MB     00:00    \n(8/73): nodejs-12.16.3-1.fc31.x86_64.rpm        1.2 MB/s |  98 kB     00:00    \n(9/73): make-4.2.1-15.fc31.x86_64.rpm           2.4 MB/s | 494 kB     00:00    \n(10/73): nodejs-docs-12.16.3-1.fc31.noarch.rpm   17 MB/s | 2.9 MB     00:00    \n(11/73): nodejs-full-i18n-12.16.3-1.fc31.x86_64  21 MB/s | 7.7 MB     00:00    \n(12/73): npm-6.14.4-1.12.16.3.1.fc31.x86_64.rpm  16 MB/s | 3.4 MB     00:00    \n(13/73): openssh-8.1p1-1.fc31.x86_64.rpm        8.5 MB/s | 440 kB     00:00    \n(14/73): openssh-clients-8.1p1-1.fc31.x86_64.rp  11 MB/s | 601 kB     00:00    \n(15/73): perl-Errno-1.30-452.fc31.x86_64.rpm    567 kB/s |  24 kB     00:00    \n(16/73): perl-Encode-3.06-444.fc31.x86_64.rpm    16 MB/s | 1.8 MB     00:00    \n(17/73): perl-Exporter-5.74-1.fc31.noarch.rpm   748 kB/s |  32 kB     00:00    \n(18/73): perl-Git-2.25.4-1.fc31.noarch.rpm      1.0 MB/s |  44 kB     00:00    \n(19/73): perl-IO-1.40-452.fc31.x86_64.rpm       2.0 MB/s |  91 kB     00:00    \n(20/73): perl-Mozilla-CA-20200520-1.fc31.noarch 295 kB/s |  12 kB     00:00    \n(21/73): perl-IO-Socket-SSL-2.066-7.fc31.noarch 4.7 MB/s | 238 kB     00:00    \n(22/73): perl-Pod-Usage-1.70-1.fc31.noarch.rpm  775 kB/s |  33 kB     00:00    \n(23/73): perl-Scalar-List-Utils-1.53-439.fc31.x 1.5 MB/s |  66 kB     00:00    \n(24/73): perl-Storable-3.15-442.fc31.x86_64.rpm 2.1 MB/s |  97 kB     00:00    \n(25/73): perl-Time-Local-1.300-1.fc31.noarch.rp 801 kB/s |  34 kB     00:00    \n(26/73): perl-libs-5.30.3-452.fc31.x86_64.rpm    13 MB/s | 1.7 MB     00:00    \n(27/73): perl-macros-5.30.3-452.fc31.noarch.rpm 469 kB/s |  20 kB     00:00    \n(28/73): python2-2.7.18-1.fc31.x86_64.rpm       824 kB/s |  40 kB     00:00    \n(29/73): perl-interpreter-5.30.3-452.fc31.x86_6  16 MB/s | 6.1 MB     00:00    \n(30/73): python2-libs-2.7.18-1.fc31.x86_64.rpm  4.7 MB/s | 6.0 MB     00:01    \n(31/73): python2-setuptools-41.6.0-1.fc31.noarc 7.6 MB/s | 584 kB     00:00    \n(32/73): python2-pip-19.1.1-8.fc31.noarch.rpm   6.0 MB/s | 1.7 MB     00:00    \n(33/73): fipscheck-lib-1.5.0-7.fc31.x86_64.rpm   82 kB/s |  14 kB     00:00    \n(34/73): fipscheck-1.5.0-7.fc31.x86_64.rpm       98 kB/s |  26 kB     00:00    \n(35/73): gc-7.6.4-6.fc31.x86_64.rpm             338 kB/s | 104 kB     00:00    \n(36/73): gdbm-1.18.1-1.fc31.x86_64.rpm          352 kB/s | 127 kB     00:00    \n(37/73): groff-base-1.22.3-20.fc31.x86_64.rpm   1.2 MB/s | 1.0 MB     00:00    \n(38/73): less-551-2.fc31.x86_64.rpm             429 kB/s | 154 kB     00:00    \n(39/73): libatomic_ops-7.6.10-2.fc31.x86_64.rpm 176 kB/s |  36 kB     00:00    \n(40/73): guile22-2.2.6-2.fc31.x86_64.rpm        4.4 MB/s | 6.6 MB     00:01    \n(41/73): libtool-ltdl-2.4.6-31.fc31.x86_64.rpm  167 kB/s |  37 kB     00:00    \n(42/73): nodejs-libs-12.16.3-1.fc31.x86_64.rpm  2.7 MB/s |  12 MB     00:04    \n(43/73): perl-Carp-1.50-439.fc31.noarch.rpm     165 kB/s |  29 kB     00:00    \n(44/73): perl-Digest-1.17-439.fc31.noarch.rpm   155 kB/s |  24 kB     00:00    \n(45/73): perl-Data-Dumper-2.174-440.fc31.x86_64 220 kB/s |  57 kB     00:00    \n(46/73): perl-Digest-MD5-2.55-439.fc31.x86_64.r 173 kB/s |  36 kB     00:00    \n(47/73): perl-Error-0.17028-1.fc31.noarch.rpm   202 kB/s |  42 kB     00:00    \n(48/73): perl-File-Path-2.16-439.fc31.noarch.rp 172 kB/s |  36 kB     00:00    \n(49/73): perl-File-Temp-0.230.900-439.fc31.noar 233 kB/s |  60 kB     00:00    \n(50/73): perl-Getopt-Long-2.51-1.fc31.noarch.rp 235 kB/s |  60 kB     00:00    \n(51/73): perl-HTTP-Tiny-0.076-439.fc31.noarch.r 264 kB/s |  55 kB     00:00    \n(52/73): perl-IO-Socket-IP-0.39-440.fc31.noarch 204 kB/s |  42 kB     00:00    \n(53/73): perl-MIME-Base64-3.15-439.fc31.x86_64. 193 kB/s |  30 kB     00:00    \n(54/73): mercurial-4.9-2.fc31.x86_64.rpm        3.4 MB/s | 4.8 MB     00:01    \n(55/73): perl-PathTools-3.78-439.fc31.x86_64.rp 333 kB/s |  86 kB     00:00    \n(56/73): perl-Pod-Escapes-1.07-439.fc31.noarch. 127 kB/s |  20 kB     00:00    \n(57/73): perl-Net-SSLeay-1.88-3.fc31.x86_64.rpm 632 kB/s | 355 kB     00:00    \n(58/73): perl-Pod-Perldoc-3.28.01-442.fc31.noar 328 kB/s |  85 kB     00:00    \n(59/73): perl-Socket-2.029-4.fc31.x86_64.rpm    268 kB/s |  56 kB     00:00    \n(60/73): perl-Term-ANSIColor-4.06-440.fc31.noar 215 kB/s |  44 kB     00:00    \n(61/73): perl-Pod-Simple-3.39-2.fc31.noarch.rpm 466 kB/s | 214 kB     00:00    \n(62/73): perl-Term-Cap-1.17-439.fc31.noarch.rpm 141 kB/s |  22 kB     00:00    \n(63/73): perl-Text-ParseWords-3.30-439.fc31.noa 102 kB/s |  16 kB     00:00    \n(64/73): perl-TermReadKey-2.38-4.fc31.x86_64.rp 175 kB/s |  36 kB     00:00    \n(65/73): perl-Text-Tabs+Wrap-2013.0523-439.fc31 147 kB/s |  23 kB     00:00    \n(66/73): perl-constant-1.33-440.fc31.noarch.rpm 148 kB/s |  23 kB     00:00    \n(67/73): perl-URI-1.76-5.fc31.noarch.rpm        352 kB/s | 108 kB     00:00    \n(68/73): perl-Unicode-Normalize-1.26-439.fc31.x 316 kB/s |  97 kB     00:00    \n(69/73): perl-parent-0.237-439.fc31.noarch.rpm  131 kB/s |  14 kB     00:00    \n(70/73): perl-libnet-3.11-440.fc31.noarch.rpm   379 kB/s | 117 kB     00:00    \n(71/73): perl-podlators-4.12-2.fc31.noarch.rpm  365 kB/s | 113 kB     00:00    \n(72/73): perl-threads-2.22-439.fc31.x86_64.rpm  226 kB/s |  58 kB     00:00    \n(73/73): perl-threads-shared-1.60-440.fc31.x86_ 211 kB/s |  44 kB     00:00    \n--------------------------------------------------------------------------------\nTotal                                           8.1 MB/s |  69 MB     00:08     \nRunning transaction check\nTransaction check succeeded.\nRunning transaction test\nTransaction test succeeded.\nRunning transaction\n  Running scriptlet: npm-1:6.14.4-1.12.16.3.1.fc31.x86_64                   1/1 \n  Preparing        :                                                        1/1 \n  Installing       : perl-libs-4:5.30.3-452.fc31.x86_64                    1/73 \n  Installing       : perl-Carp-1.50-439.fc31.noarch                        2/73 \n  Installing       : perl-Exporter-5.74-1.fc31.noarch                      3/73 \n  Installing       : perl-Scalar-List-Utils-3:1.53-439.fc31.x86_64         4/73 \n  Installing       : perl-parent-1:0.237-439.fc31.noarch                   5/73 \n  Installing       : perl-Text-ParseWords-3.30-439.fc31.noarch             6/73 \n  Installing       : emacs-filesystem-1:26.3-1.fc31.noarch                 7/73 \n  Installing       : perl-Term-ANSIColor-4.06-440.fc31.noarch              8/73 \n  Installing       : perl-Unicode-Normalize-1.26-439.fc31.x86_64           9/73 \n  Installing       : perl-Socket-4:2.029-4.fc31.x86_64                    10/73 \n  Installing       : perl-Errno-1.30-452.fc31.x86_64                      11/73 \n  Installing       : perl-macros-4:5.30.3-452.fc31.noarch                 12/73 \n  Installing       : perl-IO-1.40-452.fc31.x86_64                         13/73 \n  Installing       : perl-Text-Tabs+Wrap-2013.0523-439.fc31.noarch        14/73 \n  Installing       : perl-constant-1.33-440.fc31.noarch                   15/73 \n  Installing       : perl-PathTools-3.78-439.fc31.x86_64                  16/73 \n  Installing       : perl-threads-1:2.22-439.fc31.x86_64                  17/73 \n  Installing       : perl-threads-shared-1.60-440.fc31.x86_64             18/73 \n  Installing       : perl-File-Path-2.16-439.fc31.noarch                  19/73 \n  Installing       : perl-interpreter-4:5.30.3-452.fc31.x86_64            20/73 \n  Installing       : perl-MIME-Base64-3.15-439.fc31.x86_64                21/73 \n  Installing       : perl-IO-Socket-IP-0.39-440.fc31.noarch               22/73 \n  Installing       : perl-Time-Local-2:1.300-1.fc31.noarch                23/73 \n  Installing       : perl-File-Temp-1:0.230.900-439.fc31.noarch           24/73 \n  Installing       : perl-Digest-1.17-439.fc31.noarch                     25/73 \n  Installing       : perl-Digest-MD5-2.55-439.fc31.x86_64                 26/73 \n  Installing       : perl-Net-SSLeay-1.88-3.fc31.x86_64                   27/73 \n  Installing       : perl-Storable-1:3.15-442.fc31.x86_64                 28/73 \n  Installing       : perl-Data-Dumper-2.174-440.fc31.x86_64               29/73 \n  Installing       : perl-Error-1:0.17028-1.fc31.noarch                   30/73 \n  Installing       : perl-Pod-Escapes-1:1.07-439.fc31.noarch              31/73 \n  Installing       : perl-Term-Cap-1.17-439.fc31.noarch                   32/73 \n  Installing       : perl-TermReadKey-2.38-4.fc31.x86_64                  33/73 \n  Installing       : perl-Mozilla-CA-20200520-1.fc31.noarch               34/73 \n  Installing       : fipscheck-lib-1.5.0-7.fc31.x86_64                    35/73 \n  Installing       : fipscheck-1.5.0-7.fc31.x86_64                        36/73 \n  Running scriptlet: openssh-8.1p1-1.fc31.x86_64                          37/73 \n  Installing       : openssh-8.1p1-1.fc31.x86_64                          37/73 \n  Installing       : libtool-ltdl-2.4.6-31.fc31.x86_64                    38/73 \n  Installing       : libatomic_ops-7.6.10-2.fc31.x86_64                   39/73 \n  Installing       : gc-7.6.4-6.fc31.x86_64                               40/73 \n  Installing       : guile22-2.2.6-2.fc31.x86_64                          41/73 \n  Running scriptlet: guile22-2.2.6-2.fc31.x86_64                          41/73 \n  Installing       : less-551-2.fc31.x86_64                               42/73 \n  Installing       : groff-base-1.22.3-20.fc31.x86_64                     43/73 \n  Installing       : perl-HTTP-Tiny-0.076-439.fc31.noarch                 44/73 \n  Installing       : perl-libnet-3.11-440.fc31.noarch                     45/73 \n  Installing       : perl-IO-Socket-SSL-2.066-7.fc31.noarch               46/73 \n  Installing       : perl-URI-1.76-5.fc31.noarch                          47/73 \n  Installing       : perl-Pod-Simple-1:3.39-2.fc31.noarch                 48/73 \n  Installing       : perl-Getopt-Long-1:2.51-1.fc31.noarch                49/73 \n  Installing       : perl-Encode-4:3.06-444.fc31.x86_64                   50/73 \n  Installing       : perl-Pod-Usage-4:1.70-1.fc31.noarch                  51/73 \n  Installing       : perl-podlators-1:4.12-2.fc31.noarch                  52/73 \n  Installing       : perl-Pod-Perldoc-3.28.01-442.fc31.noarch             53/73 \n  Installing       : gdbm-1:1.18.1-1.fc31.x86_64                          54/73 \n  Installing       : nodejs-libs-1:12.16.3-1.fc31.x86_64                  55/73 \n  Installing       : nodejs-docs-1:12.16.3-1.fc31.noarch                  56/73 \n  Installing       : libxcrypt-compat-4.4.16-3.fc31.x86_64                57/73 \n  Installing       : python2-libs-2.7.18-1.fc31.x86_64                    58/73 \n  Installing       : python2-setuptools-41.6.0-1.fc31.noarch              59/73 \n  Installing       : python2-2.7.18-1.fc31.x86_64                         60/73 \n  Installing       : python2-pip-19.1.1-8.fc31.noarch                     61/73 \n  Installing       : libuv-1:1.38.0-2.fc31.x86_64                         62/73 \n  Installing       : nodejs-full-i18n-1:12.16.3-1.fc31.x86_64             63/73 \n  Installing       : npm-1:6.14.4-1.12.16.3.1.fc31.x86_64                 64/73 \n  Installing       : nodejs-1:12.16.3-1.fc31.x86_64                       65/73 \n  Installing       : libedit-3.1-30.20191211cvs.fc31.x86_64               66/73 \n  Installing       : openssh-clients-8.1p1-1.fc31.x86_64                  67/73 \n  Installing       : git-core-2.25.4-1.fc31.x86_64                        68/73 \n  Installing       : git-core-doc-2.25.4-1.fc31.noarch                    69/73 \n  Installing       : perl-Git-2.25.4-1.fc31.noarch                        70/73 \n  Installing       : git-2.25.4-1.fc31.x86_64                             71/73 \n  Installing       : mercurial-4.9-2.fc31.x86_64                          72/73 \n  Installing       : make-1:4.2.1-15.fc31.x86_64                          73/73 \n  Running scriptlet: make-1:4.2.1-15.fc31.x86_64                          73/73 \n  Verifying        : emacs-filesystem-1:26.3-1.fc31.noarch                 1/73 \n  Verifying        : git-2.25.4-1.fc31.x86_64                              2/73 \n  Verifying        : git-core-2.25.4-1.fc31.x86_64                         3/73 \n  Verifying        : git-core-doc-2.25.4-1.fc31.noarch                     4/73 \n  Verifying        : libedit-3.1-30.20191211cvs.fc31.x86_64                5/73 \n  Verifying        : libuv-1:1.38.0-2.fc31.x86_64                          6/73 \n  Verifying        : libxcrypt-compat-4.4.16-3.fc31.x86_64                 7/73 \n  Verifying        : make-1:4.2.1-15.fc31.x86_64                           8/73 \n  Verifying        : nodejs-1:12.16.3-1.fc31.x86_64                        9/73 \n  Verifying        : nodejs-docs-1:12.16.3-1.fc31.noarch                  10/73 \n  Verifying        : nodejs-full-i18n-1:12.16.3-1.fc31.x86_64             11/73 \n  Verifying        : nodejs-libs-1:12.16.3-1.fc31.x86_64                  12/73 \n  Verifying        : npm-1:6.14.4-1.12.16.3.1.fc31.x86_64                 13/73 \n  Verifying        : openssh-8.1p1-1.fc31.x86_64                          14/73 \n  Verifying        : openssh-clients-8.1p1-1.fc31.x86_64                  15/73 \n  Verifying        : perl-Encode-4:3.06-444.fc31.x86_64                   16/73 \n  Verifying        : perl-Errno-1.30-452.fc31.x86_64                      17/73 \n  Verifying        : perl-Exporter-5.74-1.fc31.noarch                     18/73 \n  Verifying        : perl-Git-2.25.4-1.fc31.noarch                        19/73 \n  Verifying        : perl-IO-1.40-452.fc31.x86_64                         20/73 \n  Verifying        : perl-IO-Socket-SSL-2.066-7.fc31.noarch               21/73 \n  Verifying        : perl-Mozilla-CA-20200520-1.fc31.noarch               22/73 \n  Verifying        : perl-Pod-Usage-4:1.70-1.fc31.noarch                  23/73 \n  Verifying        : perl-Scalar-List-Utils-3:1.53-439.fc31.x86_64        24/73 \n  Verifying        : perl-Storable-1:3.15-442.fc31.x86_64                 25/73 \n  Verifying        : perl-Time-Local-2:1.300-1.fc31.noarch                26/73 \n  Verifying        : perl-interpreter-4:5.30.3-452.fc31.x86_64            27/73 \n  Verifying        : perl-libs-4:5.30.3-452.fc31.x86_64                   28/73 \n  Verifying        : perl-macros-4:5.30.3-452.fc31.noarch                 29/73 \n  Verifying        : python2-2.7.18-1.fc31.x86_64                         30/73 \n  Verifying        : python2-libs-2.7.18-1.fc31.x86_64                    31/73 \n  Verifying        : python2-pip-19.1.1-8.fc31.noarch                     32/73 \n  Verifying        : python2-setuptools-41.6.0-1.fc31.noarch              33/73 \n  Verifying        : fipscheck-1.5.0-7.fc31.x86_64                        34/73 \n  Verifying        : fipscheck-lib-1.5.0-7.fc31.x86_64                    35/73 \n  Verifying        : gc-7.6.4-6.fc31.x86_64                               36/73 \n  Verifying        : gdbm-1:1.18.1-1.fc31.x86_64                          37/73 \n  Verifying        : groff-base-1.22.3-20.fc31.x86_64                     38/73 \n  Verifying        : guile22-2.2.6-2.fc31.x86_64                          39/73 \n  Verifying        : less-551-2.fc31.x86_64                               40/73 \n  Verifying        : libatomic_ops-7.6.10-2.fc31.x86_64                   41/73 \n  Verifying        : libtool-ltdl-2.4.6-31.fc31.x86_64                    42/73 \n  Verifying        : mercurial-4.9-2.fc31.x86_64                          43/73 \n  Verifying        : perl-Carp-1.50-439.fc31.noarch                       44/73 \n  Verifying        : perl-Data-Dumper-2.174-440.fc31.x86_64               45/73 \n  Verifying        : perl-Digest-1.17-439.fc31.noarch                     46/73 \n  Verifying        : perl-Digest-MD5-2.55-439.fc31.x86_64                 47/73 \n  Verifying        : perl-Error-1:0.17028-1.fc31.noarch                   48/73 \n  Verifying        : perl-File-Path-2.16-439.fc31.noarch                  49/73 \n  Verifying        : perl-File-Temp-1:0.230.900-439.fc31.noarch           50/73 \n  Verifying        : perl-Getopt-Long-1:2.51-1.fc31.noarch                51/73 \n  Verifying        : perl-HTTP-Tiny-0.076-439.fc31.noarch                 52/73 \n  Verifying        : perl-IO-Socket-IP-0.39-440.fc31.noarch               53/73 \n  Verifying        : perl-MIME-Base64-3.15-439.fc31.x86_64                54/73 \n  Verifying        : perl-Net-SSLeay-1.88-3.fc31.x86_64                   55/73 \n  Verifying        : perl-PathTools-3.78-439.fc31.x86_64                  56/73 \n  Verifying        : perl-Pod-Escapes-1:1.07-439.fc31.noarch              57/73 \n  Verifying        : perl-Pod-Perldoc-3.28.01-442.fc31.noarch             58/73 \n  Verifying        : perl-Pod-Simple-1:3.39-2.fc31.noarch                 59/73 \n  Verifying        : perl-Socket-4:2.029-4.fc31.x86_64                    60/73 \n  Verifying        : perl-Term-ANSIColor-4.06-440.fc31.noarch             61/73 \n  Verifying        : perl-Term-Cap-1.17-439.fc31.noarch                   62/73 \n  Verifying        : perl-TermReadKey-2.38-4.fc31.x86_64                  63/73 \n  Verifying        : perl-Text-ParseWords-3.30-439.fc31.noarch            64/73 \n  Verifying        : perl-Text-Tabs+Wrap-2013.0523-439.fc31.noarch        65/73 \n  Verifying        : perl-URI-1.76-5.fc31.noarch                          66/73 \n  Verifying        : perl-Unicode-Normalize-1.26-439.fc31.x86_64          67/73 \n  Verifying        : perl-constant-1.33-440.fc31.noarch                   68/73 \n  Verifying        : perl-libnet-3.11-440.fc31.noarch                     69/73 \n  Verifying        : perl-parent-1:0.237-439.fc31.noarch                  70/73 \n  Verifying        : perl-podlators-1:4.12-2.fc31.noarch                  71/73 \n  Verifying        : perl-threads-1:2.22-439.fc31.x86_64                  72/73 \n  Verifying        : perl-threads-shared-1.60-440.fc31.x86_64             73/73 \n\nInstalled:\n  emacs-filesystem-1:26.3-1.fc31.noarch                                         \n  fipscheck-1.5.0-7.fc31.x86_64                                                 \n  fipscheck-lib-1.5.0-7.fc31.x86_64                                             \n  gc-7.6.4-6.fc31.x86_64                                                        \n  gdbm-1:1.18.1-1.fc31.x86_64                                                   \n  git-2.25.4-1.fc31.x86_64                                                      \n  git-core-2.25.4-1.fc31.x86_64                                                 \n  git-core-doc-2.25.4-1.fc31.noarch                                             \n  groff-base-1.22.3-20.fc31.x86_64                                              \n  guile22-2.2.6-2.fc31.x86_64                                                   \n  less-551-2.fc31.x86_64                                                        \n  libatomic_ops-7.6.10-2.fc31.x86_64                                            \n  libedit-3.1-30.20191211cvs.fc31.x86_64                                        \n  libtool-ltdl-2.4.6-31.fc31.x86_64                                             \n  libuv-1:1.38.0-2.fc31.x86_64                                                  \n  libxcrypt-compat-4.4.16-3.fc31.x86_64                                         \n  make-1:4.2.1-15.fc31.x86_64                                                   \n  mercurial-4.9-2.fc31.x86_64                                                   \n  nodejs-1:12.16.3-1.fc31.x86_64                                                \n  nodejs-docs-1:12.16.3-1.fc31.noarch                                           \n  nodejs-full-i18n-1:12.16.3-1.fc31.x86_64                                      \n  nodejs-libs-1:12.16.3-1.fc31.x86_64                                           \n  npm-1:6.14.4-1.12.16.3.1.fc31.x86_64                                          \n  openssh-8.1p1-1.fc31.x86_64                                                   \n  openssh-clients-8.1p1-1.fc31.x86_64                                           \n  perl-Carp-1.50-439.fc31.noarch                                                \n  perl-Data-Dumper-2.174-440.fc31.x86_64                                        \n  perl-Digest-1.17-439.fc31.noarch                                              \n  perl-Digest-MD5-2.55-439.fc31.x86_64                                          \n  perl-Encode-4:3.06-444.fc31.x86_64                                            \n  perl-Errno-1.30-452.fc31.x86_64                                               \n  perl-Error-1:0.17028-1.fc31.noarch                                            \n  perl-Exporter-5.74-1.fc31.noarch                                              \n  perl-File-Path-2.16-439.fc31.noarch                                           \n  perl-File-Temp-1:0.230.900-439.fc31.noarch                                    \n  perl-Getopt-Long-1:2.51-1.fc31.noarch                                         \n  perl-Git-2.25.4-1.fc31.noarch                                                 \n  perl-HTTP-Tiny-0.076-439.fc31.noarch                                          \n  perl-IO-1.40-452.fc31.x86_64                                                  \n  perl-IO-Socket-IP-0.39-440.fc31.noarch                                        \n  perl-IO-Socket-SSL-2.066-7.fc31.noarch                                        \n  perl-MIME-Base64-3.15-439.fc31.x86_64                                         \n  perl-Mozilla-CA-20200520-1.fc31.noarch                                        \n  perl-Net-SSLeay-1.88-3.fc31.x86_64                                            \n  perl-PathTools-3.78-439.fc31.x86_64                                           \n  perl-Pod-Escapes-1:1.07-439.fc31.noarch                                       \n  perl-Pod-Perldoc-3.28.01-442.fc31.noarch                                      \n  perl-Pod-Simple-1:3.39-2.fc31.noarch                                          \n  perl-Pod-Usage-4:1.70-1.fc31.noarch                                           \n  perl-Scalar-List-Utils-3:1.53-439.fc31.x86_64                                 \n  perl-Socket-4:2.029-4.fc31.x86_64                                             \n  perl-Storable-1:3.15-442.fc31.x86_64                                          \n  perl-Term-ANSIColor-4.06-440.fc31.noarch                                      \n  perl-Term-Cap-1.17-439.fc31.noarch                                            \n  perl-TermReadKey-2.38-4.fc31.x86_64                                           \n  perl-Text-ParseWords-3.30-439.fc31.noarch                                     \n  perl-Text-Tabs+Wrap-2013.0523-439.fc31.noarch                                 \n  perl-Time-Local-2:1.300-1.fc31.noarch                                         \n  perl-URI-1.76-5.fc31.noarch                                                   \n  perl-Unicode-Normalize-1.26-439.fc31.x86_64                                   \n  perl-constant-1.33-440.fc31.noarch                                            \n  perl-interpreter-4:5.30.3-452.fc31.x86_64                                     \n  perl-libnet-3.11-440.fc31.noarch                                              \n  perl-libs-4:5.30.3-452.fc31.x86_64                                            \n  perl-macros-4:5.30.3-452.fc31.noarch                                          \n  perl-parent-1:0.237-439.fc31.noarch                                           \n  perl-podlators-1:4.12-2.fc31.noarch                                           \n  perl-threads-1:2.22-439.fc31.x86_64                                           \n  perl-threads-shared-1.60-440.fc31.x86_64                                      \n  python2-2.7.18-1.fc31.x86_64                                                  \n  python2-libs-2.7.18-1.fc31.x86_64                                             \n  python2-pip-19.1.1-8.fc31.noarch                                              \n  python2-setuptools-41.6.0-1.fc31.noarch                                       \n\nComplete!\nRemoving intermediate container 7487db017f15\n ---> 735dc9a1a2da\nStep 3/23 : run curl -L https://github.com/coreos/etcd/releases/download/v2.0.10/etcd-v2.0.10-linux-amd64.tar.gz | tar xz -C /\n ---> Running in 9b1ae1630d68\n\u001b[91m  % Total    % Received % Xferd  Average Speed   Time    Time     Time  Current\n                                 Dload  Upload   \u001b[0m\u001b[91mTotal   Spent    Left  Speed\n\r  0     0    0     0    0     0   \u001b[0m\u001b[91m   0      0 --:--:-- --:--:-- --:--:--   \u001b[0m\u001b[91m  0\u001b[0m\u001b[91m\r100   155  100   155    0     0    917      0 --:--:-- --:--:-- --:--:--   917\n\u001b[0m\u001b[91m\r100   642  100   642    0     0   1933      0 --:--:-- --:--:-- --:--:--  1933\n\u001b[0m\u001b[91m\r  0 3710k    0     0    0     0      0      0 --:--:-- --:--:-- --:--:--     0\u001b[0m\u001b[91m\r100 3710k  100 3710k    0     0  2673k      0  0:00:01  0:00:01 --:--:-- 4381k\n\u001b[0mRemoving intermediate container 9b1ae1630d68\n ---> 801f86b9ec18\nStep 4/23 : run curl https://storage.googleapis.com/golang/go1.4.2.linux-amd64.tar.gz | tar xzC /usr/local\n ---> Running in 3dd45d31911c\n\u001b[91m  % Total    % Received % Xferd  Average Speed   Time    Time     Time  Current\n                                 Dlo\u001b[0m\u001b[91mad  Upload   Total   Spent    Left  Speed\n\r  0     0  \u001b[0m\u001b[91m  0 \u001b[0m\u001b[91m   \u001b[0m\u001b[91m 0   \u001b[0m\u001b[91m 0    \u001b[0m\u001b[91m 0 \u001b[0m\u001b[91m     0      0 --:\u001b[0m\u001b[91m--:-- --:--:-- --:--:--     0\u001b[0m\u001b[91m\r  0 59.5M    0 64262    0     0   199k      0  0:05:06 --:--:--  0:05:06  198k\u001b[0m\u001b[91m\r 30 59.5M   30 18.0M    0     0  12.5M      0  0:00:04  0:00:01  0:00:03 12.5M\u001b[0m\u001b[91m\r 58 59.5M   58 34.8M    0     0  14.8M      0  0:00:04  0:00:02  0:00:02 14.8M\u001b[0m\u001b[91m\r 81 59.5M   81 48.5M    0     0  14.6M      0  0:00:04  0:00:03  0:00:01 14.6M\u001b[0m\u001b[91m\r100 59.5M  100 59.5M    0     0  13.4M      0  0:00:04  0:00:04 --:--:-- 13.3M\r100 59.5M  100 59.5M    0     0  13.4M      0  0:00:04  0:00:04 --:--:-- 14.4M\n\u001b[0mRemoving intermediate container 3dd45d31911c\n ---> 8071259e7dad\nStep 5/23 : env PATH=/usr/local/go/bin:/etcd-v2.0.10-linux-amd64:$PATH\n ---> Running in e1163d43d2bf\nRemoving intermediate container e1163d43d2bf\n ---> 297073f16252\nStep 6/23 : run npm install bower -g\n ---> Running in fc793b6d0c8c\n\u001b[91mnpm WARN deprecated bower@1.8.8: We don't recommend using Bower for new projects. Please consider Yarn and Webpack or Parcel. You can read how to migrate legacy project here: https://bower.io/blog/2017/how-to-migrate-away-from-bower/\n\u001b[0m/usr/local/bin/bower -> /usr/local/lib/node_modules/bower/bin/bower\n+ bower@1.8.8\nadded 1 package from 1 contributor in 9.392s\nRemoving intermediate container fc793b6d0c8c\n ---> c3767728d597\nStep 7/23 : run useradd orca\n ---> Running in 578ee4a7a4d1\nRemoving intermediate container 578ee4a7a4d1\n ---> b666e68c2ee9\nStep 8/23 : run mkdir /work\n ---> Running in 26a621e73466\nRemoving intermediate container 26a621e73466\n ---> 08bc21bb78bb\nStep 9/23 : run mkdir /data\n ---> Running in 0a55e0362e69\nRemoving intermediate container 0a55e0362e69\n ---> 2ca43e824dcf\nStep 10/23 : run chown orca:orca /work\n ---> Running in 44f815a2c183\nRemoving intermediate container 44f815a2c183\n ---> 1e53801a007f\nStep 11/23 : run chown orca:orca /data\n ---> Running in d5da1edc4053\nRemoving intermediate container d5da1edc4053\n ---> e849eefe42d2\nStep 12/23 : run git config --global url.\"https://\".insteadOf git://\n ---> Running in a8ad28495509\nRemoving intermediate container a8ad28495509\n ---> f25bb53b3664\nStep 13/23 : run cd /work && mkdir src pkg bin\n ---> Running in ecc8c64e6a58\nRemoving intermediate container ecc8c64e6a58\n ---> bdfeb1bdb93f\nStep 14/23 : env GOPATH=/work\n ---> Running in bc922a6a87a3\nRemoving intermediate container bc922a6a87a3\n ---> 9b1eecac4df2\nStep 15/23 : env PATH=/work/bin:$PATH\n ---> Running in a7f6f0633d00\nRemoving intermediate container a7f6f0633d00\n ---> dfdc93b36e82\nStep 16/23 : run mkdir -p /work/src/github.com/clusterit/orca\n ---> Running in c5c16230bbcd\nRemoving intermediate container c5c16230bbcd\n ---> d765a4ce319a\nStep 17/23 : add . /work/src/github.com/clusterit/orca/\n ---> 3f5c404ed8cd\nStep 18/23 : run echo '{ \"allow_root\": true }' > /root/.bowerrc\n ---> Running in e30e5527386a\nRemoving intermediate container e30e5527386a\n ---> 48b283d62d49\nStep 19/23 : run cd /work/src/github.com/clusterit/orca && make depends && make\n ---> Running in 90a0518b57bf\ngo get github.com/GeertJohan/go.rice/rice\n\u001b[91m# github.com/akavel/rsrc/coff\n../../akavel/rsrc/coff/coff.go:169: undefined: pe.IMAGE_FILE_MACHINE_ARMNT\n../../akavel/rsrc/coff/coff.go:172: undefined: pe.IMAGE_FILE_MACHINE_ARM64\n../../akavel/rsrc/coff/coff.go:265: undefined: pe.IMAGE_FILE_MACHINE_ARMNT\n../../akavel/rsrc/coff/coff.go:267: undefined: pe.IMAGE_FILE_MACHINE_ARM64\n\u001b[0m\u001b[91m# github.com/jessevdk/go-flags\n../../jessevdk/go-flags/option.go:315: undefined: os.LookupEnv\n\u001b[0m\u001b[91mmake: *** [Makefile:25: depends] Error 2\n\u001b[0m",
    "raw_stderr_log": "The command '/bin/sh -c cd /work/src/github.com/clusterit/orca && make depends && make' returned a non-zero code: 2",
    "html_url": "https://github.com/clusterit/orca",
    "repo_commit": "df3db6ef60a9dfb955eca9fcbfdaa9a9586a5254",
    "repo_id": 33548859
  },
  {
    "raw_dockerfile": "# Start from a Debian image with the latest version of Go installed\n# and a workspace (GOPATH) configured at /go.\nFROM golang\n\n# Copy the local package files to the container's workspace.\nADD . /go/src/github.com/haukurk/latency-microservice-go\n\n# Build the outyet command inside the container.\n# (You may fetch or manage dependencies here,\n# either manually or with a tool like \"godep\".)\nRUN go get github.com/haukurk/latency-microservice-go/cmd/latency-server\nRUN go install github.com/haukurk/latency-microservice-go/cmd/latency-server\n\n# Run the outyet command by default when the container starts.\nENTRYPOINT /go/bin/latency-server --config /go/src/github.com/haukurk/latency-microservice-go/config.json server\n\n# Document that the service listens on port 7801.\nEXPOSE 7801",
    "raw_stdout_log": "Sending build context to Docker daemon  15.96MB\r\r\nStep 1/6 : FROM golang\nlatest: Pulling from library/golang\ne9afc4f90ab0: Already exists\n989e6b19a265: Already exists\naf14b6c2f878: Already exists\n5573c4b30949: Already exists\nd4020e2aa747: Already exists\n85383fed8a84: Already exists\n0bdb3996894f: Already exists\nDigest: sha256:d31a307a7e42116adb00d8d70971dbf228460904dd9b6217e911d088aa4b650c\nStatus: Downloaded newer image for golang:latest\n ---> 00d970a31ef2\nStep 2/6 : ADD . /go/src/github.com/haukurk/latency-microservice-go\n ---> cc6756983f00\nStep 3/6 : RUN go get github.com/haukurk/latency-microservice-go/cmd/latency-server\n ---> Running in 912d7b13d815\n\u001b[91m# github.com/haukurk/latency-microservice-go/service\nsrc/github.com/haukurk/latency-microservice-go/service/latency.go:28:13: cannot use recorder (type stats.ResponseWriter) as type stats.Option in argument to Stats.End\n\u001b[0m",
    "raw_stderr_log": "The command '/bin/sh -c go get github.com/haukurk/latency-microservice-go/cmd/latency-server' returned a non-zero code: 2",
    "html_url": "https://github.com/haukurk/latency-microservice-go",
    "repo_commit": "94629fc3c94f2cb27828c659d79385bd25a25d58",
    "repo_id": 34964579
  },
  {
    "raw_dockerfile": "FROM golang:1.8.3\nRUN go get github.com/rancher/trash\nRUN go get github.com/golang/lint/golint\nRUN curl -sL https://get.docker.com/builds/Linux/x86_64/docker-1.9.1 > /usr/bin/docker && \\\n    chmod +x /usr/bin/docker\nRUN apt-get update && \\\n    apt-get install -y xz-utils\nENV PATH /go/bin:$PATH\nENV DAPPER_SOURCE /go/src/github.com/rancher/websocket-proxy\nENV DAPPER_OUTPUT bin dist\nENV DAPPER_DOCKER_SOCKET true\nENV DAPPER_ENV TAG REPO\nENV GO15VENDOREXPERIMENT 1\nENV TRASH_CACHE ${DAPPER_SOURCE}/.trash-cache\nWORKDIR ${DAPPER_SOURCE}\nENTRYPOINT [\"./scripts/entry\"]\nCMD [\"ci\"]",
    "raw_stdout_log": "Sending build context to Docker daemon  2.163MB\r\r\nStep 1/15 : FROM golang:1.8.3\n1.8.3: Pulling from library/golang\naa18ad1a0d33: Pulling fs layer\n15a33158a136: Pulling fs layer\nf67323742a64: Pulling fs layer\n1b4531640cb0: Pulling fs layer\n3e7f1f935f2c: Pulling fs layer\na4db2a724d81: Pulling fs layer\n9a798ef77d30: Pulling fs layer\n3e7f1f935f2c: Waiting\na4db2a724d81: Waiting\n15a33158a136: Verifying Checksum\n15a33158a136: Download complete\naa18ad1a0d33: Verifying Checksum\naa18ad1a0d33: Download complete\nf67323742a64: Verifying Checksum\nf67323742a64: Download complete\n1b4531640cb0: Verifying Checksum\n1b4531640cb0: Download complete\naa18ad1a0d33: Pull complete\n9a798ef77d30: Download complete\na4db2a724d81: Download complete\n3e7f1f935f2c: Verifying Checksum\n3e7f1f935f2c: Download complete\n15a33158a136: Pull complete\nf67323742a64: Pull complete\n1b4531640cb0: Pull complete\n3e7f1f935f2c: Pull complete\na4db2a724d81: Pull complete\n9a798ef77d30: Pull complete\nDigest: sha256:32c769bf92205580d6579d5b93c3c705f787f6c648105f00bb88a35024c7f8e4\nStatus: Downloaded newer image for golang:1.8.3\n ---> 7e62a8729fa7\nStep 2/15 : RUN go get github.com/rancher/trash\n ---> Running in ce7e9b50bba5\nRemoving intermediate container ce7e9b50bba5\n ---> 54b0ab4b217a\nStep 3/15 : RUN go get github.com/golang/lint/golint\n ---> Running in 172fa36d3aef\n\u001b[91m# golang.org/x/tools/go/internal/gcimporter\nsrc/golang.org/x/tools/go/internal/gcimporter/bexport.go:212: obj.IsAlias undefined (type *types.TypeName has no field or method IsAlias)\nsrc/golang.org/x/tools/go/internal/gcimporter/iexport.go:234: obj.IsAlias undefined (type *types.TypeName has no field or method IsAlias)\n\u001b[0m",
    "raw_stderr_log": "The command '/bin/sh -c go get github.com/golang/lint/golint' returned a non-zero code: 2",
    "html_url": "https://github.com/rancher/websocket-proxy",
    "repo_commit": "34dabeb38f1ecb24e9c4f4c82f5ba8fe60f6d8f3",
    "repo_id": 36877934
  },
  {
    "raw_dockerfile": "FROM golang:alpine\n\nRUN mkdir -p /go/src/github.com/dunglas/calavera\nWORKDIR /go/src/github.com/dunglas/calavera\nADD . /go/src/github.com/dunglas/calavera\n\nRUN apk add -U git\n\nRUN go get -u github.com/kardianos/govendor && \\\n  govendor sync && \\\n  govendor install\n\nRUN rm -rf /go/pkg && \\\n  rm -rf /go/src && \\\n  rm -rf /go/cache/apk/*\n\nENTRYPOINT [\"/go/bin/calavera\"]",
    "raw_stdout_log": "Sending build context to Docker daemon  153.6kB\r\r\nStep 1/8 : FROM golang:alpine\nalpine: Pulling from library/golang\ndf20fa9351a1: Already exists\ned8968b2872e: Already exists\na92cc7c5fd73: Already exists\n9e0cccf56431: Already exists\ncbe0275821fc: Already exists\nDigest: sha256:6042b9cfb4eb303f3bdcbfeaba79b45130d170939318de85ac5b9508cb6f0f7e\nStatus: Downloaded newer image for golang:alpine\n ---> 3289bf11c284\nStep 2/8 : RUN mkdir -p /go/src/github.com/dunglas/calavera\n ---> Running in a4d160f08384\nRemoving intermediate container a4d160f08384\n ---> f4d621111165\nStep 3/8 : WORKDIR /go/src/github.com/dunglas/calavera\nRemoving intermediate container ed2834481133\n ---> b34c7d827082\nStep 4/8 : ADD . /go/src/github.com/dunglas/calavera\n ---> 0a0724dfe7e4\nStep 5/8 : RUN apk add -U git\n ---> Running in 3599753ec185\nfetch http://dl-cdn.alpinelinux.org/alpine/v3.12/main/x86_64/APKINDEX.tar.gz\nfetch http://dl-cdn.alpinelinux.org/alpine/v3.12/community/x86_64/APKINDEX.tar.gz\n(1/5) Installing nghttp2-libs (1.41.0-r0)\n(2/5) Installing libcurl (7.69.1-r0)\n(3/5) Installing expat (2.2.9-r1)\n(4/5) Installing pcre2 (10.35-r0)\n(5/5) Installing git (2.26.2-r0)\nExecuting busybox-1.31.1-r16.trigger\nOK: 22 MiB in 20 packages\nRemoving intermediate container 3599753ec185\n ---> 1099a05c66c5\nStep 6/8 : RUN go get -u github.com/kardianos/govendor &&   govendor sync &&   govendor install\n ---> Running in 5b6014a0dca8\n\u001b[91m# cd /go/.cache/govendor/gopkg.in/src-d/go-git.v4; git reset --hard ff449c6a58ef0d7416083f0dca67f49b591f9628\nfatal: Could not parse object 'ff449c6a58ef0d7416083f0dca67f49b591f9628'.\n\u001b[0m\u001b[91m# cd /go/.cache/govendor/gopkg.in/src-d/go-git.v4; git reset --hard ff449c6a58ef0d7416083f0dca67f49b591f9628\nfatal: Could not parse object 'ff449c6a58ef0d7416083f0dca67f49b591f9628'.\n\u001b[0m\u001b[91m# cd /go/.cache/govendor/gopkg.in/src-d/go-git.v4; git reset --hard ff449c6a58ef0d7416083f0dca67f49b591f9628\nfatal: Could not parse object 'ff449c6a58ef0d7416083f0dca67f49b591f9628'.\n\u001b[0m\u001b[91m# cd /go/.cache/govendor/gopkg.in/src-d/go-git.v4; git reset --hard ff449c6a58ef0d7416083f0dca67f49b591f9628\nfatal: Could not parse object 'ff449c6a58ef0d7416083f0dca67f49b591f9628'.\n\u001b[0m\u001b[91m# cd /go/.cache/govendor/gopkg.in/src-d/go-git.v4; git reset --hard ff449c6a58ef0d7416083f0dca67f49b591f9628\nfatal: Could not parse object 'ff449c6a58ef0d7416083f0dca67f49b591f9628'.\n\u001b[0m\u001b[91m# cd /go/.cache/govendor/gopkg.in/src-d/go-git.v4; git reset --hard ff449c6a58ef0d7416083f0dca67f49b591f9628\nfatal: Could not parse object 'ff449c6a58ef0d7416083f0dca67f49b591f9628'.\n\u001b[0m\u001b[91m# cd /go/.cache/govendor/gopkg.in/src-d/go-git.v4; git reset --hard ff449c6a58ef0d7416083f0dca67f49b591f9628\nfatal: Could not parse object 'ff449c6a58ef0d7416083f0dca67f49b591f9628'.\n\u001b[0m\u001b[91m# cd /go/.cache/govendor/gopkg.in/src-d/go-git.v4; git reset --hard ff449c6a58ef0d7416083f0dca67f49b591f9628\nfatal: Could not parse object 'ff449c6a58ef0d7416083f0dca67f49b591f9628'.\n\u001b[0m\u001b[91m# cd /go/.cache/govendor/gopkg.in/src-d/go-git.v4; git reset --hard ff449c6a58ef0d7416083f0dca67f49b591f9628\nfatal: Could not parse object 'ff449c6a58ef0d7416083f0dca67f49b591f9628'.\n\u001b[0m\u001b[91m# cd /go/.cache/govendor/gopkg.in/src-d/go-git.v4; git reset --hard ff449c6a58ef0d7416083f0dca67f49b591f9628\nfatal: Could not parse object 'ff449c6a58ef0d7416083f0dca67f49b591f9628'.\n\u001b[0m\u001b[91m# cd /go/.cache/govendor/gopkg.in/src-d/go-git.v4; git reset --hard ff449c6a58ef0d7416083f0dca67f49b591f9628\nfatal: Could not parse object 'ff449c6a58ef0d7416083f0dca67f49b591f9628'.\n\u001b[0m\u001b[91m# cd /go/.cache/govendor/gopkg.in/src-d/go-git.v4; git reset --hard ff449c6a58ef0d7416083f0dca67f49b591f9628\nfatal: Could not parse object 'ff449c6a58ef0d7416083f0dca67f49b591f9628'.\n\u001b[0m\u001b[91m# cd /go/.cache/govendor/gopkg.in/src-d/go-git.v4; git reset --hard ff449c6a58ef0d7416083f0dca67f49b591f9628\nfatal: Could not parse object 'ff449c6a58ef0d7416083f0dca67f49b591f9628'.\n\u001b[0m\u001b[91m# cd /go/.cache/govendor/gopkg.in/src-d/go-git.v4; git reset --hard ff449c6a58ef0d7416083f0dca67f49b591f9628\nfatal: Could not parse object 'ff449c6a58ef0d7416083f0dca67f49b591f9628'.\n\u001b[0m\u001b[91m# cd /go/.cache/govendor/gopkg.in/src-d/go-git.v4; git reset --hard ff449c6a58ef0d7416083f0dca67f49b591f9628\nfatal: Could not parse object 'ff449c6a58ef0d7416083f0dca67f49b591f9628'.\n\u001b[0m\u001b[91m# cd /go/.cache/govendor/gopkg.in/src-d/go-git.v4; git reset --hard ff449c6a58ef0d7416083f0dca67f49b591f9628\nfatal: Could not parse object 'ff449c6a58ef0d7416083f0dca67f49b591f9628'.\n\u001b[0m\u001b[91m# cd /go/.cache/govendor/gopkg.in/src-d/go-git.v4; git reset --hard ff449c6a58ef0d7416083f0dca67f49b591f9628\nfatal: Could not parse object 'ff449c6a58ef0d7416083f0dca67f49b591f9628'.\n\u001b[0m\u001b[91m# cd /go/.cache/govendor/gopkg.in/src-d/go-git.v4; git reset --hard ff449c6a58ef0d7416083f0dca67f49b591f9628\nfatal: Could not parse object 'ff449c6a58ef0d7416083f0dca67f49b591f9628'.\n\u001b[0m\u001b[91m# cd /go/.cache/govendor/gopkg.in/src-d/go-git.v4; git reset --hard ff449c6a58ef0d7416083f0dca67f49b591f9628\nfatal: Could not parse object 'ff449c6a58ef0d7416083f0dca67f49b591f9628'.\n\u001b[0m\u001b[91m# cd /go/.cache/govendor/gopkg.in/src-d/go-git.v4; git reset --hard ff449c6a58ef0d7416083f0dca67f49b591f9628\nfatal: Could not parse object 'ff449c6a58ef0d7416083f0dca67f49b591f9628'.\n\u001b[0m\u001b[91m# cd /go/.cache/govendor/gopkg.in/src-d/go-git.v4; git reset --hard ff449c6a58ef0d7416083f0dca67f49b591f9628\nfatal: Could not parse object 'ff449c6a58ef0d7416083f0dca67f49b591f9628'.\n\u001b[0m\u001b[91m# cd /go/.cache/govendor/gopkg.in/src-d/go-git.v4; git reset --hard ff449c6a58ef0d7416083f0dca67f49b591f9628\nfatal: Could not parse object 'ff449c6a58ef0d7416083f0dca67f49b591f9628'.\n\u001b[0m\u001b[91m# cd /go/.cache/govendor/gopkg.in/src-d/go-git.v4; git reset --hard ff449c6a58ef0d7416083f0dca67f49b591f9628\nfatal: Could not parse object 'ff449c6a58ef0d7416083f0dca67f49b591f9628'.\n\u001b[0m\u001b[91m# cd /go/.cache/govendor/gopkg.in/src-d/go-git.v4; git reset --hard ff449c6a58ef0d7416083f0dca67f49b591f9628\nfatal: Could not parse object 'ff449c6a58ef0d7416083f0dca67f49b591f9628'.\n\u001b[0m\u001b[91m# cd /go/.cache/govendor/gopkg.in/src-d/go-git.v4; git reset --hard ff449c6a58ef0d7416083f0dca67f49b591f9628\nfatal: Could not parse object 'ff449c6a58ef0d7416083f0dca67f49b591f9628'.\n\u001b[0m\u001b[91m# cd /go/.cache/govendor/gopkg.in/src-d/go-git.v4; git reset --hard ff449c6a58ef0d7416083f0dca67f49b591f9628\nfatal: Could not parse object 'ff449c6a58ef0d7416083f0dca67f49b591f9628'.\n\u001b[0m\u001b[91m# cd /go/.cache/govendor/gopkg.in/src-d/go-git.v4; git reset --hard ff449c6a58ef0d7416083f0dca67f49b591f9628\nfatal: Could not parse object 'ff449c6a58ef0d7416083f0dca67f49b591f9628'.\n\u001b[0m\u001b[91m# cd /go/.cache/govendor/gopkg.in/src-d/go-git.v4; git reset --hard ff449c6a58ef0d7416083f0dca67f49b591f9628\nfatal: Could not parse object 'ff449c6a58ef0d7416083f0dca67f49b591f9628'.\n\u001b[0m\u001b[91m# cd /go/.cache/govendor/gopkg.in/src-d/go-git.v4; git reset --hard ff449c6a58ef0d7416083f0dca67f49b591f9628\nfatal: Could not parse object 'ff449c6a58ef0d7416083f0dca67f49b591f9628'.\n\u001b[0m\u001b[91m# cd /go/.cache/govendor/gopkg.in/src-d/go-git.v4; git reset --hard ff449c6a58ef0d7416083f0dca67f49b591f9628\nfatal: Could not parse object 'ff449c6a58ef0d7416083f0dca67f49b591f9628'.\n\u001b[0m\u001b[91m# cd /go/.cache/govendor/gopkg.in/src-d/go-git.v4; git reset --hard ff449c6a58ef0d7416083f0dca67f49b591f9628\nfatal: Could not parse object 'ff449c6a58ef0d7416083f0dca67f49b591f9628'.\n\u001b[0m\u001b[91m# cd /go/.cache/govendor/gopkg.in/src-d/go-git.v4; git reset --hard ff449c6a58ef0d7416083f0dca67f49b591f9628\nfatal: Could not parse object 'ff449c6a58ef0d7416083f0dca67f49b591f9628'.\n\u001b[0m\u001b[91m# cd /go/.cache/govendor/gopkg.in/src-d/go-git.v4; git reset --hard ff449c6a58ef0d7416083f0dca67f49b591f9628\nfatal: Could not parse object 'ff449c6a58ef0d7416083f0dca67f49b591f9628'.\n\u001b[0m\u001b[91m# cd /go/.cache/govendor/gopkg.in/src-d/go-git.v4; git reset --hard ff449c6a58ef0d7416083f0dca67f49b591f9628\nfatal: Could not parse object 'ff449c6a58ef0d7416083f0dca67f49b591f9628'.\n\u001b[0m\u001b[91m# cd /go/.cache/govendor/gopkg.in/src-d/go-git.v4; git reset --hard ff449c6a58ef0d7416083f0dca67f49b591f9628\nfatal: Could not parse object 'ff449c6a58ef0d7416083f0dca67f49b591f9628'.\n\u001b[0m\u001b[91m# cd /go/.cache/govendor/gopkg.in/src-d/go-git.v4; git reset --hard ff449c6a58ef0d7416083f0dca67f49b591f9628\nfatal: Could not parse object 'ff449c6a58ef0d7416083f0dca67f49b591f9628'.\n\u001b[0m\u001b[91m# cd /go/.cache/govendor/gopkg.in/src-d/go-git.v4; git reset --hard ff449c6a58ef0d7416083f0dca67f49b591f9628\nfatal: Could not parse object 'ff449c6a58ef0d7416083f0dca67f49b591f9628'.\n\u001b[0m\u001b[91m# cd /go/.cache/govendor/gopkg.in/src-d/go-git.v4; git reset --hard ff449c6a58ef0d7416083f0dca67f49b591f9628\nfatal: Could not parse object 'ff449c6a58ef0d7416083f0dca67f49b591f9628'.\n\u001b[0m\u001b[91m# cd /go/.cache/govendor/gopkg.in/src-d/go-git.v4; git reset --hard ff449c6a58ef0d7416083f0dca67f49b591f9628\nfatal: Could not parse object 'ff449c6a58ef0d7416083f0dca67f49b591f9628'.\n\u001b[0m\u001b[91m# cd /go/.cache/govendor/gopkg.in/src-d/go-git.v4; git reset --hard ff449c6a58ef0d7416083f0dca67f49b591f9628\nfatal: Could not parse object 'ff449c6a58ef0d7416083f0dca67f49b591f9628'.\n\u001b[0m\u001b[91m# cd /go/.cache/govendor/gopkg.in/src-d/go-git.v4; git reset --hard ff449c6a58ef0d7416083f0dca67f49b591f9628\nfatal: Could not parse object 'ff449c6a58ef0d7416083f0dca67f49b591f9628'.\n\u001b[0m\u001b[91m# cd /go/.cache/govendor/gopkg.in/src-d/go-git.v4; git reset --hard ff449c6a58ef0d7416083f0dca67f49b591f9628\nfatal: Could not parse object 'ff449c6a58ef0d7416083f0dca67f49b591f9628'.\n\u001b[0m\u001b[91m# cd /go/.cache/govendor/gopkg.in/src-d/go-git.v4; git reset --hard ff449c6a58ef0d7416083f0dca67f49b591f9628\nfatal: Could not parse object 'ff449c6a58ef0d7416083f0dca67f49b591f9628'.\n\u001b[0m\u001b[91m# cd /go/.cache/govendor/gopkg.in/src-d/go-git.v4; git reset --hard ff449c6a58ef0d7416083f0dca67f49b591f9628\nfatal: Could not parse object 'ff449c6a58ef0d7416083f0dca67f49b591f9628'.\n\u001b[0m\u001b[91m# cd /go/.cache/govendor/gopkg.in/src-d/go-git.v4; git reset --hard ff449c6a58ef0d7416083f0dca67f49b591f9628\nfatal: Could not parse object 'ff449c6a58ef0d7416083f0dca67f49b591f9628'.\n\u001b[0m\u001b[91m# cd /go/.cache/govendor/gopkg.in/src-d/go-git.v4; git reset --hard ff449c6a58ef0d7416083f0dca67f49b591f9628\nfatal: Could not parse object 'ff449c6a58ef0d7416083f0dca67f49b591f9628'.\n\u001b[0m\u001b[91m# cd /go/.cache/govendor/gopkg.in/src-d/go-git.v4; git reset --hard ff449c6a58ef0d7416083f0dca67f49b591f9628\nfatal: Could not parse object 'ff449c6a58ef0d7416083f0dca67f49b591f9628'.\n\u001b[0m\u001b[91m# cd /go/.cache/govendor/gopkg.in/src-d/go-git.v4; git reset --hard ff449c6a58ef0d7416083f0dca67f49b591f9628\nfatal: Could not parse object 'ff449c6a58ef0d7416083f0dca67f49b591f9628'.\n\u001b[0m\u001b[91m# cd /go/.cache/govendor/gopkg.in/src-d/go-git.v4; git reset --hard ff449c6a58ef0d7416083f0dca67f49b591f9628\nfatal: Could not parse object 'ff449c6a58ef0d7416083f0dca67f49b591f9628'.\n\u001b[0m\u001b[91m# cd /go/.cache/govendor/gopkg.in/src-d/go-git.v4; git reset --hard ff449c6a58ef0d7416083f0dca67f49b591f9628\nfatal: Could not parse object 'ff449c6a58ef0d7416083f0dca67f49b591f9628'.\n\u001b[0m\u001b[91m# cd /go/.cache/govendor/gopkg.in/src-d/go-git.v4; git reset --hard ff449c6a58ef0d7416083f0dca67f49b591f9628\nfatal: Could not parse object 'ff449c6a58ef0d7416083f0dca67f49b591f9628'.\n\u001b[0m\u001b[91m# cd /go/.cache/govendor/gopkg.in/src-d/go-git.v4; git reset --hard ff449c6a58ef0d7416083f0dca67f49b591f9628\nfatal: Could not parse object 'ff449c6a58ef0d7416083f0dca67f49b591f9628'.\n\u001b[0m\u001b[91m# cd /go/.cache/govendor/gopkg.in/src-d/go-git.v4; git reset --hard ff449c6a58ef0d7416083f0dca67f49b591f9628\nfatal: Could not parse object 'ff449c6a58ef0d7416083f0dca67f49b591f9628'.\n\u001b[0m\u001b[91mError: Remotes failed for:\n\tFailed for \"gopkg.in/src-d/go-git.v4\" (failed to clone repo): exit status 128\n\tFailed for \"gopkg.in/src-d/go-git.v4/config\" (failed to sync repo to ff449c6a58ef0d7416083f0dca67f49b591f9628): exit status 128\n\tFailed for \"gopkg.in/src-d/go-git.v4/plumbing\" (failed to sync repo to ff449c6a58ef0d7416083f0dca67f49b591f9628): exit status 128\n\tFailed for \"gopkg.in/src-d/go-git.v4/plumbing/format/config\" (failed to sync repo to ff449c6a58ef0d7416083f0dca67f49b591f9628): exit status 128\n\tFailed for \"gopkg.in/src-d/go-git.v4/plumbing/format/idxfile\" (failed to sync repo to ff449c6a58ef0d7416083f0dca67f49b591f9628): exit status 128\n\tFailed for \"gopkg.in/src-d/go-git.v4/plumbing/format/index\" (failed to sync repo to ff449c6a58ef0d7416083f0dca67f49b591f9628): exit status 128\n\tFailed for \"gopkg.in/src-d/go-git.v4/plumbing/format/objfile\" (failed to sync repo to ff449c6a58ef0d7416083f0dca67f49b591f9628): exit status 128\n\tFailed for \"gopkg.in/src-d/go-git.v4/plumbing/format/packfile\" (failed to sync repo to ff449c6a58ef0d7416083f0dca67f49b591f9628): exit status 128\n\tFailed for \"gopkg.in/src-d/go-git.v4/plumbing/format/pktline\" (failed to sync repo to ff449c6a58ef0d7416083f0dca67f49b591f9628): exit status 128\n\tFailed for \"gopkg.in/src-d/go-git.v4/plumbing/object\" (failed to sync repo to ff449c6a58ef0d7416083f0dca67f49b591f9628): exit status 128\n\tFailed for \"gopkg.in/src-d/go-git.v4/plumbing/protocol/packp\" (failed to sync repo to ff449c6a58ef0d7416083f0dca67f49b591f9628): exit status 128\n\tFailed for \"gopkg.in/src-d/go-git.v4/plumbing/protocol/packp/capability\" (failed to sync repo to ff449c6a58ef0d7416083f0dca67f49b591f9628): exit status 128\n\tFailed for \"gopkg.in/src-d/go-git.v4/plumbing/protocol/packp/sideband\" (failed to sync repo to ff449c6a58ef0d7416083f0dca67f49b591f9628): exit status 128\n\tFailed for \"gopkg.in/src-d/go-git.v4/plumbing/storer\" (failed to sync repo to ff449c6a58ef0d7416083f0dca67f49b591f9628): exit status 128\n\tFailed for \"gopkg.in/src-d/go-git.v4/plumbing/transport\" (failed to sync repo to ff449c6a58ef0d7416083f0dca67f49b591f9628): exit status 128\n\tFailed for \"gopkg.in/src-d/go-git.v4/plumbing/transport/client\" (failed to sync repo to ff449c6a58ef0d7416083f0dca67f49b591f9628): exit status 128\n\tFailed for \"gopkg.in/src-d/go-git.v4/plumbing/transport/file\" (failed to sync repo to ff449c6a58ef0d7416083f0dca67f49b591f9628): exit status 128\n\tFailed for \"gopkg.in/src-d/go-git.v4/plumbing/transport/git\" (failed to sync repo to ff449c6a58ef0d7416083f0dca67f49b591f9628): exit status 128\n\tFailed for \"gopkg.in/src-d/go-git.v4/plumbing/transport/http\" (failed to sync repo to ff449c6a58ef0d7416083f0dca67f49b591f9628): exit status 128\n\tFailed for \"gopkg.in/src-d/go-git.v4/plumbing/transport/internal/common\" (failed to sync repo to ff449c6a58ef0d7416083f0dca67f49b591f9628): exit status 128\n\tFailed for \"gopkg.in/src-d/go-git.v4/plumbing/transport/ssh\" (failed to sync repo to ff449c6a58ef0d7416083f0dca67f49b591f9628): exit status 128\n\tFailed for \"gopkg.in/src-d/go-git.v4/storage/filesystem\" (failed to sync repo to ff449c6a58ef0d7416083f0dca67f49b591f9628): exit status 128\n\tFailed for \"gopkg.in/src-d/go-git.v4/storage/filesystem/internal/dotgit\" (failed to sync repo to ff449c6a58ef0d7416083f0dca67f49b591f9628): exit status 128\n\tFailed for \"gopkg.in/src-d/go-git.v4/storage/memory\" (failed to sync repo to ff449c6a58ef0d7416083f0dca67f49b591f9628): exit status 128\n\tFailed for \"gopkg.in/src-d/go-git.v4/utils/binary\" (failed to sync repo to ff449c6a58ef0d7416083f0dca67f49b591f9628): exit status 128\n\tFailed for \"gopkg.in/src-d/go-git.v4/utils/diff\" (failed to sync repo to ff449c6a58ef0d7416083f0dca67f49b591f9628): exit status 128\n\tFailed for \"gopkg.in/src-d/go-git.v4/utils/ioutil\" (failed to sync repo to ff449c6a58ef0d7416083f0dca67f49b591f9628): exit status 128\n\tFailed for \"srcd.works/go-billy.v1\" (failed to ping remote repo): unrecognized import path \"srcd.works/go-billy.v1\"\n\tFailed for \"srcd.works/go-billy.v1/os\" (failed to ping remote repo): unrecognized import path \"srcd.works/go-billy.v1/os\"\n\n\u001b[0m",
    "raw_stderr_log": "The command '/bin/sh -c go get -u github.com/kardianos/govendor &&   govendor sync &&   govendor install' returned a non-zero code: 2",
    "html_url": "https://github.com/dunglas/calavera",
    "repo_commit": "05455a2e775bf42ffa76d98102c8151e2617d159",
    "repo_id": 38649855
  },
  {
    "raw_dockerfile": "FROM golang\nRUN go get github.com/remore/dockerfileview",
    "raw_stdout_log": "Sending build context to Docker daemon   85.5kB\r\r\nStep 1/2 : FROM golang\nlatest: Pulling from library/golang\ne9afc4f90ab0: Already exists\n989e6b19a265: Already exists\naf14b6c2f878: Already exists\n5573c4b30949: Already exists\nd4020e2aa747: Already exists\n85383fed8a84: Already exists\n0bdb3996894f: Already exists\nDigest: sha256:d31a307a7e42116adb00d8d70971dbf228460904dd9b6217e911d088aa4b650c\nStatus: Downloaded newer image for golang:latest\n ---> 00d970a31ef2\nStep 2/2 : RUN go get github.com/remore/dockerfileview\n ---> Running in c1faf86131b5\n\u001b[91m# github.com/remore/dockerfileview\nsrc/github.com/remore/dockerfileview/main.go:16:15: cannot use cli.BoolFlag literal (type cli.BoolFlag) as type cli.Flag in slice literal:\n\tcli.BoolFlag does not implement cli.Flag (Apply method has pointer receiver)\nsrc/github.com/remore/dockerfileview/main.go:22:13: cannot use func literal (type func(*cli.Context)) as type cli.ActionFunc in assignment\n\u001b[0m",
    "raw_stderr_log": "The command '/bin/sh -c go get github.com/remore/dockerfileview' returned a non-zero code: 2",
    "html_url": "https://github.com/remore/dockerfileview",
    "repo_commit": "a744d0ced7b7069a8ff731376d4c9cff721ccf77",
    "repo_id": 38969277
  },
  {
    "raw_dockerfile": "FROM golang:1.8.3\nRUN go get github.com/rancher/trash\nRUN go get github.com/golang/lint/golint\nRUN curl -sfL https://get.docker.com/builds/Linux/x86_64/docker-1.12.6.tgz | tar xzf - -C /usr/bin --strip-components=1; \nENV PATH /go/bin:$PATH\nENV DAPPER_SOURCE /go/src/github.com/rancher/rancher-metadata\nENV DAPPER_OUTPUT bin dist\nENV DAPPER_DOCKER_SOCKET true\nENV DAPPER_ENV TAG REPO CROSS WINDOWS_DOCKER_HOST\nENV GO15VENDOREXPERIMENT 1\nENV TRASH_CACHE ${DAPPER_SOURCE}/.trash-cache\nWORKDIR ${DAPPER_SOURCE}\nENTRYPOINT [\"./scripts/entry\"]\nCMD [\"ci\"]",
    "raw_stdout_log": "Sending build context to Docker daemon  4.551MB\r\r\nStep 1/14 : FROM golang:1.8.3\n1.8.3: Pulling from library/golang\naa18ad1a0d33: Pulling fs layer\n15a33158a136: Pulling fs layer\nf67323742a64: Pulling fs layer\n1b4531640cb0: Pulling fs layer\n3e7f1f935f2c: Pulling fs layer\na4db2a724d81: Pulling fs layer\n9a798ef77d30: Pulling fs layer\n1b4531640cb0: Waiting\n3e7f1f935f2c: Waiting\n9a798ef77d30: Waiting\na4db2a724d81: Waiting\nf67323742a64: Verifying Checksum\nf67323742a64: Download complete\naa18ad1a0d33: Verifying Checksum\naa18ad1a0d33: Download complete\n15a33158a136: Verifying Checksum\n15a33158a136: Download complete\na4db2a724d81: Download complete\n9a798ef77d30: Verifying Checksum\n9a798ef77d30: Download complete\n1b4531640cb0: Verifying Checksum\n1b4531640cb0: Download complete\n3e7f1f935f2c: Verifying Checksum\n3e7f1f935f2c: Download complete\naa18ad1a0d33: Pull complete\n15a33158a136: Pull complete\nf67323742a64: Pull complete\n1b4531640cb0: Pull complete\n3e7f1f935f2c: Pull complete\na4db2a724d81: Pull complete\n9a798ef77d30: Pull complete\nDigest: sha256:32c769bf92205580d6579d5b93c3c705f787f6c648105f00bb88a35024c7f8e4\nStatus: Downloaded newer image for golang:1.8.3\n ---> 7e62a8729fa7\nStep 2/14 : RUN go get github.com/rancher/trash\n ---> Running in b29010334ff6\nRemoving intermediate container b29010334ff6\n ---> a3a160b0139d\nStep 3/14 : RUN go get github.com/golang/lint/golint\n ---> Running in 412081f85f68\n\u001b[91m# golang.org/x/tools/go/internal/gcimporter\nsrc/golang.org/x/tools/go/internal/gcimporter/bexport.go:212: obj.IsAlias undefined (type *types.TypeName has no field or method IsAlias)\nsrc/golang.org/x/tools/go/internal/gcimporter/iexport.go:234: obj.IsAlias undefined (type *types.TypeName has no field or method IsAlias)\n\u001b[0m",
    "raw_stderr_log": "The command '/bin/sh -c go get github.com/golang/lint/golint' returned a non-zero code: 2",
    "html_url": "https://github.com/rancher/rancher-metadata",
    "repo_commit": "626e4cec979c8c5e2c8a93354576fbd74af8d890",
    "repo_id": 39291004
  },
  {
    "raw_dockerfile": "FROM golang:1.8.3\nRUN go get github.com/rancher/trash\nRUN go get github.com/golang/lint/golint\nRUN curl -sL https://get.docker.com/builds/Linux/x86_64/docker-1.10.3 > /usr/bin/docker && \\\n    chmod +x /usr/bin/docker\nENV PATH /go/bin:$PATH\nENV DAPPER_SOURCE /go/src/github.com/rancher/kubernetes-agent\nENV DAPPER_OUTPUT bin dist\nENV DAPPER_DOCKER_SOCKET true\nENV DAPPER_RUN_ARGS --privileged -v /var/lib/docker\nENV DAPPER_ENV TAG REPO\nENV GO15VENDOREXPERIMENT 1\nENV TRASH_CACHE ${DAPPER_SOURCE}/.trash-cache\nRUN apt-get update && \\\n    apt-get install -y kmod iptables\nWORKDIR ${DAPPER_SOURCE}\nENTRYPOINT [\"./scripts/entry\"]\nCMD [\"ci\"]",
    "raw_stdout_log": "Sending build context to Docker daemon  32.08MB\r\r\nStep 1/16 : FROM golang:1.8.3\n1.8.3: Pulling from library/golang\naa18ad1a0d33: Pulling fs layer\n15a33158a136: Pulling fs layer\nf67323742a64: Pulling fs layer\n1b4531640cb0: Pulling fs layer\n3e7f1f935f2c: Pulling fs layer\na4db2a724d81: Pulling fs layer\n9a798ef77d30: Pulling fs layer\n3e7f1f935f2c: Waiting\na4db2a724d81: Waiting\n9a798ef77d30: Waiting\n1b4531640cb0: Waiting\n15a33158a136: Verifying Checksum\n15a33158a136: Download complete\naa18ad1a0d33: Verifying Checksum\nf67323742a64: Verifying Checksum\nf67323742a64: Download complete\na4db2a724d81: Download complete\n9a798ef77d30: Verifying Checksum\n9a798ef77d30: Download complete\n1b4531640cb0: Verifying Checksum\n1b4531640cb0: Download complete\n3e7f1f935f2c: Verifying Checksum\n3e7f1f935f2c: Download complete\naa18ad1a0d33: Pull complete\n15a33158a136: Pull complete\nf67323742a64: Pull complete\n1b4531640cb0: Pull complete\n3e7f1f935f2c: Pull complete\na4db2a724d81: Pull complete\n9a798ef77d30: Pull complete\nDigest: sha256:32c769bf92205580d6579d5b93c3c705f787f6c648105f00bb88a35024c7f8e4\nStatus: Downloaded newer image for golang:1.8.3\n ---> 7e62a8729fa7\nStep 2/16 : RUN go get github.com/rancher/trash\n ---> Running in 018087408dbc\nRemoving intermediate container 018087408dbc\n ---> 5359aaf6af3f\nStep 3/16 : RUN go get github.com/golang/lint/golint\n ---> Running in a80209a8ac91\n\u001b[91m# golang.org/x/tools/go/internal/gcimporter\nsrc/golang.org/x/tools/go/internal/gcimporter/bexport.go:212: obj.IsAlias undefined (type *types.TypeName has no field or method IsAlias)\nsrc/golang.org/x/tools/go/internal/gcimporter/iexport.go:234: obj.IsAlias undefined (type *types.TypeName has no field or method IsAlias)\n\u001b[0m",
    "raw_stderr_log": "The command '/bin/sh -c go get github.com/golang/lint/golint' returned a non-zero code: 2",
    "html_url": "https://github.com/rancher/kubernetes-agent",
    "repo_commit": "63aadf22a77e2a452ee03c38159740835dc313cf",
    "repo_id": 41511957
  },
  {
    "raw_dockerfile": "FROM golang:1.8.3\nRUN go get github.com/golang/lint/golint\nRUN go get github.com/rancher/trash\nRUN curl -sL https://get.docker.com/builds/Linux/x86_64/docker-1.9.1 > /usr/bin/docker && \\\n    chmod +x /usr/bin/docker\nENV PATH /go/bin:$PATH\nENV DAPPER_SOURCE /go/src/github.com/rancher/kubectld\nENV DAPPER_OUTPUT bin dist\nENV DAPPER_DOCKER_SOCKET true\nENV DAPPER_ENV TAG REPO\nENV GO15VENDOREXPERIMENT 1\nENV TRASH_CACHE ${DAPPER_SOURCE}/.trash-cache\nWORKDIR ${DAPPER_SOURCE}\nENTRYPOINT [\"./scripts/entry\"]\nCMD [\"ci\"]",
    "raw_stdout_log": "Sending build context to Docker daemon  2.961MB\r\r\nStep 1/14 : FROM golang:1.8.3\n1.8.3: Pulling from library/golang\naa18ad1a0d33: Pulling fs layer\n15a33158a136: Pulling fs layer\nf67323742a64: Pulling fs layer\n1b4531640cb0: Pulling fs layer\n3e7f1f935f2c: Pulling fs layer\na4db2a724d81: Pulling fs layer\n9a798ef77d30: Pulling fs layer\n1b4531640cb0: Waiting\n3e7f1f935f2c: Waiting\na4db2a724d81: Waiting\n15a33158a136: Verifying Checksum\n15a33158a136: Download complete\naa18ad1a0d33: Verifying Checksum\naa18ad1a0d33: Download complete\nf67323742a64: Verifying Checksum\nf67323742a64: Download complete\na4db2a724d81: Verifying Checksum\na4db2a724d81: Download complete\n1b4531640cb0: Verifying Checksum\n1b4531640cb0: Download complete\n9a798ef77d30: Download complete\n3e7f1f935f2c: Verifying Checksum\n3e7f1f935f2c: Download complete\naa18ad1a0d33: Pull complete\n15a33158a136: Pull complete\nf67323742a64: Pull complete\n1b4531640cb0: Pull complete\n3e7f1f935f2c: Pull complete\na4db2a724d81: Pull complete\n9a798ef77d30: Pull complete\nDigest: sha256:32c769bf92205580d6579d5b93c3c705f787f6c648105f00bb88a35024c7f8e4\nStatus: Downloaded newer image for golang:1.8.3\n ---> 7e62a8729fa7\nStep 2/14 : RUN go get github.com/golang/lint/golint\n ---> Running in db6a16fbc8fd\n\u001b[91m# golang.org/x/tools/go/internal/gcimporter\nsrc/golang.org/x/tools/go/internal/gcimporter/bexport.go:212: obj.IsAlias undefined (type *types.TypeName has no field or method IsAlias)\nsrc/golang.org/x/tools/go/internal/gcimporter/iexport.go:234: obj.IsAlias undefined (type *types.TypeName has no field or method IsAlias)\n\u001b[0m",
    "raw_stderr_log": "The command '/bin/sh -c go get github.com/golang/lint/golint' returned a non-zero code: 2",
    "html_url": "https://github.com/rancher/kubectld",
    "repo_commit": "af773c87d5607f5bdb65a6c36d459c64e865c963",
    "repo_id": 52578682
  },
  {
    "raw_dockerfile": "FROM ubuntu:16.04\n\n#Begin: install prerequisites\nRUN apt-get update && apt-get install -y --no-install-recommends \\\n        build-essential \\\n        curl \\\n        git \\\n        libcurl3-dev \\\n        libfreetype6-dev \\\n        libpng12-dev \\\n        libzmq3-dev \\\n        locate \\\n        pkg-config \\\n        rsync \\\n        software-properties-common \\\n        sudo \\\n        unzip \\\n        wget \\\n        zip \\\n        zlib1g-dev \\\n        && \\\n    apt-get clean && \\\n    rm -rf /var/lib/apt/lists/*\n#End: install prerequisites\n\n#Begin: install golang\nENV GOLANG_VERSION 1.11\nENV GOLANG_DOWNLOAD_URL https://golang.org/dl/go$GOLANG_VERSION.linux-amd64.tar.gz\nENV GOLANG_SHA256_CHECKSUM b3fcf280ff86558e0559e185b601c9eade0fd24c900b4c63cd14d1d38613e499\nENV GOPATH $HOME/go\nENV PATH $PATH:/usr/local/go/bin:$GOPATH/bin\nRUN curl -fsSL \"$GOLANG_DOWNLOAD_URL\" -o golang.tar.gz && \\\n    echo \"$GOLANG_SHA256_CHECKSUM golang.tar.gz\" | sha256sum -c - && \\\n    sudo tar -C /usr/local -xzf golang.tar.gz && \\\n    rm golang.tar.gz && \\\n    mkdir -p \"$GOPATH/src\" \"$GOPATH/bin\" && chmod -R 777 \"$GOPATH\"\n#End: install golang\n\n#Begin: install delve\nRUN go get github.com/derekparker/delve/cmd/dlv\n#End: install delve\n\n#Begin: install seqkit\nRUN go get -u github.com/shenwei356/seqkit/seqkit\n#End: install seqkit\n\nWORKDIR $HOME/go/src/github.com/shenwei356/seqkit",
    "raw_stdout_log": "Sending build context to Docker daemon  114.5MB\r\r\nStep 1/11 : FROM ubuntu:16.04\n16.04: Pulling from library/ubuntu\nb5e173e44934: Pulling fs layer\n29047100b040: Pulling fs layer\n15743a713c2a: Pulling fs layer\n4b6bc9e29877: Pulling fs layer\n4b6bc9e29877: Waiting\n15743a713c2a: Verifying Checksum\n15743a713c2a: Download complete\n29047100b040: Verifying Checksum\n29047100b040: Download complete\n4b6bc9e29877: Verifying Checksum\n4b6bc9e29877: Download complete\nb5e173e44934: Verifying Checksum\nb5e173e44934: Download complete\nb5e173e44934: Pull complete\n29047100b040: Pull complete\n15743a713c2a: Pull complete\n4b6bc9e29877: Pull complete\nDigest: sha256:961d69a9344d5315cd83b722f2dc34a72bc9dc4a7258fdd703c3b5d64b450f87\nStatus: Downloaded newer image for ubuntu:16.04\n ---> 330ae480cb85\nStep 2/11 : RUN apt-get update && apt-get install -y --no-install-recommends         build-essential         curl         git         libcurl3-dev         libfreetype6-dev         libpng12-dev         libzmq3-dev         locate         pkg-config         rsync         software-properties-common         sudo         unzip         wget         zip         zlib1g-dev         &&     apt-get clean &&     rm -rf /var/lib/apt/lists/*\n ---> Running in b736b475f0c9\nGet:1 http://security.ubuntu.com/ubuntu xenial-security InRelease [109 kB]\nGet:2 http://archive.ubuntu.com/ubuntu xenial InRelease [247 kB]\nGet:3 http://security.ubuntu.com/ubuntu xenial-security/main amd64 Packages [1129 kB]\nGet:4 http://archive.ubuntu.com/ubuntu xenial-updates InRelease [109 kB]\nGet:5 http://archive.ubuntu.com/ubuntu xenial-backports InRelease [107 kB]\nGet:6 http://archive.ubuntu.com/ubuntu xenial/main amd64 Packages [1558 kB]\nGet:7 http://security.ubuntu.com/ubuntu xenial-security/restricted amd64 Packages [12.7 kB]\nGet:8 http://security.ubuntu.com/ubuntu xenial-security/universe amd64 Packages [629 kB]\nGet:9 http://security.ubuntu.com/ubuntu xenial-security/multiverse amd64 Packages [6679 B]\nGet:10 http://archive.ubuntu.com/ubuntu xenial/restricted amd64 Packages [14.1 kB]\nGet:11 http://archive.ubuntu.com/ubuntu xenial/universe amd64 Packages [9827 kB]\nGet:12 http://archive.ubuntu.com/ubuntu xenial/multiverse amd64 Packages [176 kB]\nGet:13 http://archive.ubuntu.com/ubuntu xenial-updates/main amd64 Packages [1495 kB]\nGet:14 http://archive.ubuntu.com/ubuntu xenial-updates/restricted amd64 Packages [13.1 kB]\nGet:15 http://archive.ubuntu.com/ubuntu xenial-updates/universe amd64 Packages [1032 kB]\nGet:16 http://archive.ubuntu.com/ubuntu xenial-updates/multiverse amd64 Packages [19.7 kB]\nGet:17 http://archive.ubuntu.com/ubuntu xenial-backports/main amd64 Packages [7942 B]\nGet:18 http://archive.ubuntu.com/ubuntu xenial-backports/universe amd64 Packages [8807 B]\nFetched 16.5 MB in 3s (4714 kB/s)\nReading package lists...\nReading package lists...\nBuilding dependency tree...\nReading state information...\nThe following additional packages will be installed:\n  binutils bzip2 ca-certificates cpp cpp-5 dh-python distro-info-data dpkg-dev\n  g++ g++-5 gcc gcc-5 gir1.2-glib-2.0 git-man iso-codes libapt-inst2.0\n  libasan2 libasn1-8-heimdal libatomic1 libc-dev-bin libc6-dev libcc1-0\n  libcilkrts5 libcurl3 libcurl3-gnutls libdbus-1-3 libdbus-glib-1-2\n  libdpkg-perl liberror-perl libexpat1 libffi6 libfreetype6 libgcc-5-dev\n  libgdbm3 libgirepository-1.0-1 libglib2.0-0 libgmp10 libgnutls30 libgomp1\n  libgssapi-krb5-2 libgssapi3-heimdal libhcrypto4-heimdal libheimbase1-heimdal\n  libheimntlm0-heimdal libhogweed4 libhx509-5-heimdal libidn11 libisl15\n  libitm1 libk5crypto3 libkeyutils1 libkrb5-26-heimdal libkrb5-3\n  libkrb5support0 libldap-2.4-2 liblsan0 libmpc3 libmpdec2 libmpfr4 libmpx0\n  libnettle6 libp11-kit0 libperl5.22 libpng12-0 libpopt0 libpython3-stdlib\n  libpython3.5-minimal libpython3.5-stdlib libquadmath0 libroken18-heimdal\n  librtmp1 libsasl2-2 libsasl2-modules-db libsodium18 libsqlite3-0 libssl1.0.0\n  libstdc++-5-dev libtasn1-6 libtsan0 libubsan0 libwind0-heimdal libzmq5\n  linux-libc-dev lsb-release make mime-support openssl patch perl\n  perl-modules-5.22 python-apt-common python3 python3-apt python3-dbus\n  python3-gi python3-minimal python3-pycurl python3-software-properties\n  python3.5 python3.5-minimal xz-utils\nSuggested packages:\n  binutils-doc bzip2-doc cpp-doc gcc-5-locales debian-keyring g++-multilib\n  g++-5-multilib gcc-5-doc libstdc++6-5-dbg gcc-multilib manpages-dev autoconf\n  automake libtool flex bison gdb gcc-doc gcc-5-multilib libgcc1-dbg\n  libgomp1-dbg libitm1-dbg libatomic1-dbg libasan2-dbg liblsan0-dbg\n  libtsan0-dbg libubsan0-dbg libcilkrts5-dbg libmpx0-dbg libquadmath0-dbg\n  gettext-base git-daemon-run | git-daemon-sysvinit git-doc git-el git-email\n  git-gui gitk gitweb git-arch git-cvs git-mediawiki git-svn isoquery\n  glibc-doc libcurl4-doc libcurl3-dbg libidn11-dev libkrb5-dev libldap2-dev\n  librtmp-dev libssl-dev gnutls-bin krb5-doc krb5-user libstdc++-5-doc lsb\n  make-doc ed diffutils-doc perl-doc libterm-readline-gnu-perl\n  | libterm-readline-perl-perl python3-doc python3-tk python3-venv\n  python3-apt-dbg python-apt-doc python-dbus-doc python3-dbus-dbg\n  libcurl4-gnutls-dev python-pycurl-doc python3-pycurl-dbg python3.5-venv\n  python3.5-doc binfmt-support openssh-client openssh-server\nRecommended packages:\n  fakeroot libalgorithm-merge-perl less ssh-client manpages manpages-dev dbus\n  libfile-fcntllock-perl libglib2.0-data shared-mime-info xdg-user-dirs\n  krb5-locales libsasl2-modules file netbase rename unattended-upgrades\nThe following NEW packages will be installed:\n  binutils build-essential bzip2 ca-certificates cpp cpp-5 curl dh-python\n  distro-info-data dpkg-dev g++ g++-5 gcc gcc-5 gir1.2-glib-2.0 git git-man\n  iso-codes libapt-inst2.0 libasan2 libasn1-8-heimdal libatomic1 libc-dev-bin\n  libc6-dev libcc1-0 libcilkrts5 libcurl3 libcurl3-gnutls libcurl4-openssl-dev\n  libdbus-1-3 libdbus-glib-1-2 libdpkg-perl liberror-perl libexpat1 libffi6\n  libfreetype6 libfreetype6-dev libgcc-5-dev libgdbm3 libgirepository-1.0-1\n  libglib2.0-0 libgmp10 libgnutls30 libgomp1 libgssapi-krb5-2\n  libgssapi3-heimdal libhcrypto4-heimdal libheimbase1-heimdal\n  libheimntlm0-heimdal libhogweed4 libhx509-5-heimdal libidn11 libisl15\n  libitm1 libk5crypto3 libkeyutils1 libkrb5-26-heimdal libkrb5-3\n  libkrb5support0 libldap-2.4-2 liblsan0 libmpc3 libmpdec2 libmpfr4 libmpx0\n  libnettle6 libp11-kit0 libperl5.22 libpng12-0 libpng12-dev libpopt0\n  libpython3-stdlib libpython3.5-minimal libpython3.5-stdlib libquadmath0\n  libroken18-heimdal librtmp1 libsasl2-2 libsasl2-modules-db libsodium18\n  libsqlite3-0 libssl1.0.0 libstdc++-5-dev libtasn1-6 libtsan0 libubsan0\n  libwind0-heimdal libzmq3-dev libzmq5 linux-libc-dev locate lsb-release make\n  mime-support openssl patch perl perl-modules-5.22 pkg-config\n  python-apt-common python3 python3-apt python3-dbus python3-gi\n  python3-minimal python3-pycurl python3-software-properties python3.5\n  python3.5-minimal rsync software-properties-common sudo unzip wget xz-utils\n  zip zlib1g-dev\n0 upgraded, 117 newly installed, 0 to remove and 1 not upgraded.\nNeed to get 65.5 MB of archives.\nAfter this operation, 286 MB of additional disk space will be used.\nGet:1 http://archive.ubuntu.com/ubuntu xenial/main amd64 libpopt0 amd64 1.16-10 [26.0 kB]\nGet:2 http://archive.ubuntu.com/ubuntu xenial-updates/main amd64 libssl1.0.0 amd64 1.0.2g-1ubuntu4.16 [1084 kB]\nGet:3 http://archive.ubuntu.com/ubuntu xenial-updates/main amd64 libpython3.5-minimal amd64 3.5.2-2ubuntu0~16.04.10 [525 kB]\nGet:4 http://archive.ubuntu.com/ubuntu xenial-updates/main amd64 libexpat1 amd64 2.1.0-7ubuntu0.16.04.5 [71.5 kB]\nGet:5 http://archive.ubuntu.com/ubuntu xenial-updates/main amd64 python3.5-minimal amd64 3.5.2-2ubuntu0~16.04.10 [1597 kB]\nGet:6 http://archive.ubuntu.com/ubuntu xenial/main amd64 python3-minimal amd64 3.5.1-3 [23.3 kB]\nGet:7 http://archive.ubuntu.com/ubuntu xenial/main amd64 mime-support all 3.59ubuntu1 [31.0 kB]\nGet:8 http://archive.ubuntu.com/ubuntu xenial/main amd64 libmpdec2 amd64 2.4.2-1 [82.6 kB]\nGet:9 http://archive.ubuntu.com/ubuntu xenial-updates/main amd64 libsqlite3-0 amd64 3.11.0-1ubuntu1.5 [398 kB]\nGet:10 http://archive.ubuntu.com/ubuntu xenial-updates/main amd64 libpython3.5-stdlib amd64 3.5.2-2ubuntu0~16.04.10 [2135 kB]\nGet:11 http://archive.ubuntu.com/ubuntu xenial-updates/main amd64 python3.5 amd64 3.5.2-2ubuntu0~16.04.10 [165 kB]\nGet:12 http://archive.ubuntu.com/ubuntu xenial/main amd64 libpython3-stdlib amd64 3.5.1-3 [6818 B]\nGet:13 http://archive.ubuntu.com/ubuntu xenial-updates/main amd64 dh-python all 2.20151103ubuntu1.2 [73.9 kB]\nGet:14 http://archive.ubuntu.com/ubuntu xenial/main amd64 python3 amd64 3.5.1-3 [8710 B]\nGet:15 http://archive.ubuntu.com/ubuntu xenial/main amd64 libgdbm3 amd64 1.8.3-13.1 [16.9 kB]\nGet:16 http://archive.ubuntu.com/ubuntu xenial/main amd64 libffi6 amd64 3.2.1-4 [17.8 kB]\nGet:17 http://archive.ubuntu.com/ubuntu xenial-updates/main amd64 libglib2.0-0 amd64 2.48.2-0ubuntu4.6 [1120 kB]\nGet:18 http://archive.ubuntu.com/ubuntu xenial-updates/main amd64 perl-modules-5.22 all 5.22.1-9ubuntu0.6 [2629 kB]\nGet:19 http://archive.ubuntu.com/ubuntu xenial-updates/main amd64 libperl5.22 amd64 5.22.1-9ubuntu0.6 [3405 kB]\nGet:20 http://archive.ubuntu.com/ubuntu xenial-updates/main amd64 perl amd64 5.22.1-9ubuntu0.6 [237 kB]\nGet:21 http://archive.ubuntu.com/ubuntu xenial/main amd64 libgmp10 amd64 2:6.1.0+dfsg-2 [240 kB]\nGet:22 http://archive.ubuntu.com/ubuntu xenial/main amd64 libmpfr4 amd64 3.1.4-1 [191 kB]\nGet:23 http://archive.ubuntu.com/ubuntu xenial/main amd64 libmpc3 amd64 1.0.3-1 [39.7 kB]\nGet:24 http://archive.ubuntu.com/ubuntu xenial-updates/main amd64 bzip2 amd64 1.0.6-8ubuntu0.2 [32.5 kB]\nGet:25 http://archive.ubuntu.com/ubuntu xenial-updates/main amd64 distro-info-data all 0.28ubuntu0.14 [4674 B]\nGet:26 http://archive.ubuntu.com/ubuntu xenial-updates/main amd64 libapt-inst2.0 amd64 1.2.32ubuntu0.1 [54.5 kB]\nGet:27 http://archive.ubuntu.com/ubuntu xenial-updates/main amd64 libnettle6 amd64 3.2-1ubuntu0.16.04.1 [93.5 kB]\nGet:28 http://archive.ubuntu.com/ubuntu xenial-updates/main amd64 libhogweed4 amd64 3.2-1ubuntu0.16.04.1 [136 kB]\nGet:29 http://archive.ubuntu.com/ubuntu xenial-updates/main amd64 libidn11 amd64 1.32-3ubuntu1.2 [46.5 kB]\nGet:30 http://archive.ubuntu.com/ubuntu xenial-updates/main amd64 libp11-kit0 amd64 0.23.2-5~ubuntu16.04.1 [105 kB]\nGet:31 http://archive.ubuntu.com/ubuntu xenial-updates/main amd64 libtasn1-6 amd64 4.7-3ubuntu0.16.04.3 [43.5 kB]\nGet:32 http://archive.ubuntu.com/ubuntu xenial-updates/main amd64 libgnutls30 amd64 3.4.10-4ubuntu1.7 [548 kB]\nGet:33 http://archive.ubuntu.com/ubuntu xenial-updates/main amd64 libpng12-0 amd64 1.2.54-1ubuntu1.1 [116 kB]\nGet:34 http://archive.ubuntu.com/ubuntu xenial-updates/main amd64 lsb-release all 9.20160110ubuntu0.2 [11.8 kB]\nGet:35 http://archive.ubuntu.com/ubuntu xenial-updates/main amd64 sudo amd64 1.8.16-0ubuntu1.9 [390 kB]\nGet:36 http://archive.ubuntu.com/ubuntu xenial-updates/main amd64 openssl amd64 1.0.2g-1ubuntu4.16 [492 kB]\nGet:37 http://archive.ubuntu.com/ubuntu xenial-updates/main amd64 ca-certificates all 20190110~16.04.1 [146 kB]\nGet:38 http://archive.ubuntu.com/ubuntu xenial/main amd64 libgirepository-1.0-1 amd64 1.46.0-3ubuntu1 [88.3 kB]\nGet:39 http://archive.ubuntu.com/ubuntu xenial/main amd64 gir1.2-glib-2.0 amd64 1.46.0-3ubuntu1 [127 kB]\nGet:40 http://archive.ubuntu.com/ubuntu xenial/main amd64 iso-codes all 3.65-1 [2268 kB]\nGet:41 http://archive.ubuntu.com/ubuntu xenial-updates/main amd64 libroken18-heimdal amd64 1.7~git20150920+dfsg-4ubuntu1.16.04.1 [41.4 kB]\nGet:42 http://archive.ubuntu.com/ubuntu xenial-updates/main amd64 libasn1-8-heimdal amd64 1.7~git20150920+dfsg-4ubuntu1.16.04.1 [174 kB]\nGet:43 http://archive.ubuntu.com/ubuntu xenial-updates/main amd64 libkrb5support0 amd64 1.13.2+dfsg-5ubuntu2.1 [31.2 kB]\nGet:44 http://archive.ubuntu.com/ubuntu xenial-updates/main amd64 libk5crypto3 amd64 1.13.2+dfsg-5ubuntu2.1 [81.3 kB]\nGet:45 http://archive.ubuntu.com/ubuntu xenial/main amd64 libkeyutils1 amd64 1.5.9-8ubuntu1 [9904 B]\nGet:46 http://archive.ubuntu.com/ubuntu xenial-updates/main amd64 libkrb5-3 amd64 1.13.2+dfsg-5ubuntu2.1 [273 kB]\nGet:47 http://archive.ubuntu.com/ubuntu xenial-updates/main amd64 libgssapi-krb5-2 amd64 1.13.2+dfsg-5ubuntu2.1 [120 kB]\nGet:48 http://archive.ubuntu.com/ubuntu xenial-updates/main amd64 libhcrypto4-heimdal amd64 1.7~git20150920+dfsg-4ubuntu1.16.04.1 [85.0 kB]\nGet:49 http://archive.ubuntu.com/ubuntu xenial-updates/main amd64 libheimbase1-heimdal amd64 1.7~git20150920+dfsg-4ubuntu1.16.04.1 [29.3 kB]\nGet:50 http://archive.ubuntu.com/ubuntu xenial-updates/main amd64 libwind0-heimdal amd64 1.7~git20150920+dfsg-4ubuntu1.16.04.1 [47.8 kB]\nGet:51 http://archive.ubuntu.com/ubuntu xenial-updates/main amd64 libhx509-5-heimdal amd64 1.7~git20150920+dfsg-4ubuntu1.16.04.1 [107 kB]\nGet:52 http://archive.ubuntu.com/ubuntu xenial-updates/main amd64 libkrb5-26-heimdal amd64 1.7~git20150920+dfsg-4ubuntu1.16.04.1 [202 kB]\nGet:53 http://archive.ubuntu.com/ubuntu xenial-updates/main amd64 libheimntlm0-heimdal amd64 1.7~git20150920+dfsg-4ubuntu1.16.04.1 [15.1 kB]\nGet:54 http://archive.ubuntu.com/ubuntu xenial-updates/main amd64 libgssapi3-heimdal amd64 1.7~git20150920+dfsg-4ubuntu1.16.04.1 [96.1 kB]\nGet:55 http://archive.ubuntu.com/ubuntu xenial-updates/main amd64 libsasl2-modules-db amd64 2.1.26.dfsg1-14ubuntu0.2 [14.5 kB]\nGet:56 http://archive.ubuntu.com/ubuntu xenial-updates/main amd64 libsasl2-2 amd64 2.1.26.dfsg1-14ubuntu0.2 [48.7 kB]\nGet:57 http://archive.ubuntu.com/ubuntu xenial-updates/main amd64 libldap-2.4-2 amd64 2.4.42+dfsg-2ubuntu3.8 [159 kB]\nGet:58 http://archive.ubuntu.com/ubuntu xenial-updates/main amd64 librtmp1 amd64 2.4+20151223.gitfa8646d-1ubuntu0.1 [54.4 kB]\nGet:59 http://archive.ubuntu.com/ubuntu xenial-updates/main amd64 libcurl3-gnutls amd64 7.47.0-1ubuntu2.14 [184 kB]\nGet:60 http://archive.ubuntu.com/ubuntu xenial-updates/main amd64 libdbus-1-3 amd64 1.10.6-1ubuntu3.6 [161 kB]\nGet:61 http://archive.ubuntu.com/ubuntu xenial/main amd64 libdbus-glib-1-2 amd64 0.106-1 [67.1 kB]\nGet:62 http://archive.ubuntu.com/ubuntu xenial-updates/main amd64 python-apt-common all 1.1.0~beta1ubuntu0.16.04.9 [16.8 kB]\nGet:63 http://archive.ubuntu.com/ubuntu xenial-updates/main amd64 python3-apt amd64 1.1.0~beta1ubuntu0.16.04.9 [145 kB]\nGet:64 http://archive.ubuntu.com/ubuntu xenial/main amd64 python3-dbus amd64 1.2.0-3 [83.1 kB]\nGet:65 http://archive.ubuntu.com/ubuntu xenial/main amd64 python3-gi amd64 3.20.0-0ubuntu1 [153 kB]\nGet:66 http://archive.ubuntu.com/ubuntu xenial-updates/main amd64 rsync amd64 3.1.1-3ubuntu1.3 [329 kB]\nGet:67 http://archive.ubuntu.com/ubuntu xenial-updates/main amd64 wget amd64 1.17.1-1ubuntu1.5 [299 kB]\nGet:68 http://archive.ubuntu.com/ubuntu xenial-updates/main amd64 binutils amd64 2.26.1-1ubuntu1~16.04.8 [2312 kB]\nGet:69 http://archive.ubuntu.com/ubuntu xenial-updates/main amd64 libc-dev-bin amd64 2.23-0ubuntu11 [68.5 kB]\nGet:70 http://archive.ubuntu.com/ubuntu xenial-updates/main amd64 linux-libc-dev amd64 4.4.0-184.214 [848 kB]\nGet:71 http://archive.ubuntu.com/ubuntu xenial-updates/main amd64 libc6-dev amd64 2.23-0ubuntu11 [2086 kB]\nGet:72 http://archive.ubuntu.com/ubuntu xenial/main amd64 libisl15 amd64 0.16.1-1 [524 kB]\nGet:73 http://archive.ubuntu.com/ubuntu xenial-updates/main amd64 cpp-5 amd64 5.4.0-6ubuntu1~16.04.12 [7783 kB]\nGet:74 http://archive.ubuntu.com/ubuntu xenial/main amd64 cpp amd64 4:5.3.1-1ubuntu1 [27.7 kB]\nGet:75 http://archive.ubuntu.com/ubuntu xenial-updates/main amd64 libcc1-0 amd64 5.4.0-6ubuntu1~16.04.12 [38.8 kB]\nGet:76 http://archive.ubuntu.com/ubuntu xenial-updates/main amd64 libgomp1 amd64 5.4.0-6ubuntu1~16.04.12 [55.2 kB]\nGet:77 http://archive.ubuntu.com/ubuntu xenial-updates/main amd64 libitm1 amd64 5.4.0-6ubuntu1~16.04.12 [27.4 kB]\nGet:78 http://archive.ubuntu.com/ubuntu xenial-updates/main amd64 libatomic1 amd64 5.4.0-6ubuntu1~16.04.12 [8892 B]\nGet:79 http://archive.ubuntu.com/ubuntu xenial-updates/main amd64 libasan2 amd64 5.4.0-6ubuntu1~16.04.12 [265 kB]\nGet:80 http://archive.ubuntu.com/ubuntu xenial-updates/main amd64 liblsan0 amd64 5.4.0-6ubuntu1~16.04.12 [105 kB]\nGet:81 http://archive.ubuntu.com/ubuntu xenial-updates/main amd64 libtsan0 amd64 5.4.0-6ubuntu1~16.04.12 [244 kB]\nGet:82 http://archive.ubuntu.com/ubuntu xenial-updates/main amd64 libubsan0 amd64 5.4.0-6ubuntu1~16.04.12 [95.3 kB]\nGet:83 http://archive.ubuntu.com/ubuntu xenial-updates/main amd64 libcilkrts5 amd64 5.4.0-6ubuntu1~16.04.12 [40.0 kB]\nGet:84 http://archive.ubuntu.com/ubuntu xenial-updates/main amd64 libmpx0 amd64 5.4.0-6ubuntu1~16.04.12 [9762 B]\nGet:85 http://archive.ubuntu.com/ubuntu xenial-updates/main amd64 libquadmath0 amd64 5.4.0-6ubuntu1~16.04.12 [131 kB]\nGet:86 http://archive.ubuntu.com/ubuntu xenial-updates/main amd64 libgcc-5-dev amd64 5.4.0-6ubuntu1~16.04.12 [2239 kB]\nGet:87 http://archive.ubuntu.com/ubuntu xenial-updates/main amd64 gcc-5 amd64 5.4.0-6ubuntu1~16.04.12 [8612 kB]\nGet:88 http://archive.ubuntu.com/ubuntu xenial/main amd64 gcc amd64 4:5.3.1-1ubuntu1 [5244 B]\nGet:89 http://archive.ubuntu.com/ubuntu xenial-updates/main amd64 libstdc++-5-dev amd64 5.4.0-6ubuntu1~16.04.12 [1428 kB]\nGet:90 http://archive.ubuntu.com/ubuntu xenial-updates/main amd64 g++-5 amd64 5.4.0-6ubuntu1~16.04.12 [8430 kB]\nGet:91 http://archive.ubuntu.com/ubuntu xenial/main amd64 g++ amd64 4:5.3.1-1ubuntu1 [1504 B]\nGet:92 http://archive.ubuntu.com/ubuntu xenial/main amd64 make amd64 4.1-6 [151 kB]\nGet:93 http://archive.ubuntu.com/ubuntu xenial-updates/main amd64 libdpkg-perl all 1.18.4ubuntu1.6 [195 kB]\nGet:94 http://archive.ubuntu.com/ubuntu xenial/main amd64 xz-utils amd64 5.1.1alpha+20120614-2ubuntu2 [78.8 kB]\nGet:95 http://archive.ubuntu.com/ubuntu xenial-updates/main amd64 patch amd64 2.7.5-1ubuntu0.16.04.2 [90.8 kB]\nGet:96 http://archive.ubuntu.com/ubuntu xenial-updates/main amd64 dpkg-dev all 1.18.4ubuntu1.6 [584 kB]\nGet:97 http://archive.ubuntu.com/ubuntu xenial/main amd64 build-essential amd64 12.1ubuntu2 [4758 B]\nGet:98 http://archive.ubuntu.com/ubuntu xenial-updates/main amd64 curl amd64 7.47.0-1ubuntu2.14 [139 kB]\nGet:99 http://archive.ubuntu.com/ubuntu xenial/main amd64 liberror-perl all 0.17-1.2 [19.6 kB]\nGet:100 http://archive.ubuntu.com/ubuntu xenial-updates/main amd64 git-man all 1:2.7.4-0ubuntu1.9 [736 kB]\nGet:101 http://archive.ubuntu.com/ubuntu xenial-updates/main amd64 git amd64 1:2.7.4-0ubuntu1.9 [3176 kB]\nGet:102 http://archive.ubuntu.com/ubuntu xenial-updates/main amd64 libcurl3 amd64 7.47.0-1ubuntu2.14 [186 kB]\nGet:103 http://archive.ubuntu.com/ubuntu xenial-updates/main amd64 libcurl4-openssl-dev amd64 7.47.0-1ubuntu2.14 [262 kB]\nGet:104 http://archive.ubuntu.com/ubuntu xenial-updates/main amd64 libfreetype6 amd64 2.6.1-0.1ubuntu2.4 [315 kB]\nGet:105 http://archive.ubuntu.com/ubuntu xenial-updates/main amd64 zlib1g-dev amd64 1:1.2.8.dfsg-2ubuntu4.3 [167 kB]\nGet:106 http://archive.ubuntu.com/ubuntu xenial-updates/main amd64 libpng12-dev amd64 1.2.54-1ubuntu1.1 [183 kB]\nGet:107 http://archive.ubuntu.com/ubuntu xenial-updates/main amd64 libfreetype6-dev amd64 2.6.1-0.1ubuntu2.4 [956 kB]\nGet:108 http://archive.ubuntu.com/ubuntu xenial/universe amd64 libsodium18 amd64 1.0.8-5 [144 kB]\nGet:109 http://archive.ubuntu.com/ubuntu xenial-updates/universe amd64 libzmq5 amd64 4.1.4-7ubuntu0.1 [149 kB]\nGet:110 http://archive.ubuntu.com/ubuntu xenial-updates/universe amd64 libzmq3-dev amd64 4.1.4-7ubuntu0.1 [282 kB]\nGet:111 http://archive.ubuntu.com/ubuntu xenial/universe amd64 locate amd64 4.6.0+git+20160126-2 [51.1 kB]\nGet:112 http://archive.ubuntu.com/ubuntu xenial/main amd64 pkg-config amd64 0.29.1-0ubuntu1 [45.0 kB]\nGet:113 http://archive.ubuntu.com/ubuntu xenial/main amd64 python3-pycurl amd64 7.43.0-1ubuntu1 [42.3 kB]\nGet:114 http://archive.ubuntu.com/ubuntu xenial-updates/main amd64 python3-software-properties all 0.96.20.9 [20.1 kB]\nGet:115 http://archive.ubuntu.com/ubuntu xenial-updates/main amd64 software-properties-common all 0.96.20.9 [9452 B]\nGet:116 http://archive.ubuntu.com/ubuntu xenial/main amd64 unzip amd64 6.0-20ubuntu1 [158 kB]\nGet:117 http://archive.ubuntu.com/ubuntu xenial/main amd64 zip amd64 3.0-11 [158 kB]\n\u001b[91mdebconf: delaying package configuration, since apt-utils is not installed\n\u001b[0mFetched 65.5 MB in 5s (13.0 MB/s)\nSelecting previously unselected package libpopt0:amd64.\r\n(Reading database ... \r(Reading database ... 5%\r(Reading database ... 10%\r(Reading database ... 15%\r(Reading database ... 20%\r(Reading database ... 25%\r(Reading database ... 30%\r(Reading database ... 35%\r(Reading database ... 40%\r(Reading database ... 45%\r(Reading database ... 50%\r(Reading database ... 55%\r(Reading database ... 60%\r(Reading database ... 65%\r(Reading database ... 70%\r(Reading database ... 75%\r(Reading database ... 80%\r(Reading database ... 85%\r(Reading database ... 90%\r(Reading database ... 95%\r(Reading database ... 100%\r(Reading database ... 4781 files and directories currently installed.)\r\nPreparing to unpack .../libpopt0_1.16-10_amd64.deb ...\r\nUnpacking libpopt0:amd64 (1.16-10) ...\r\nSelecting previously unselected package libssl1.0.0:amd64.\r\nPreparing to unpack .../libssl1.0.0_1.0.2g-1ubuntu4.16_amd64.deb ...\r\nUnpacking libssl1.0.0:amd64 (1.0.2g-1ubuntu4.16) ...\r\nSelecting previously unselected package libpython3.5-minimal:amd64.\r\nPreparing to unpack .../libpython3.5-minimal_3.5.2-2ubuntu0~16.04.10_amd64.deb ...\r\nUnpacking libpython3.5-minimal:amd64 (3.5.2-2ubuntu0~16.04.10) ...\r\nSelecting previously unselected package libexpat1:amd64.\r\nPreparing to unpack .../libexpat1_2.1.0-7ubuntu0.16.04.5_amd64.deb ...\r\nUnpacking libexpat1:amd64 (2.1.0-7ubuntu0.16.04.5) ...\r\nSelecting previously unselected package python3.5-minimal.\r\nPreparing to unpack .../python3.5-minimal_3.5.2-2ubuntu0~16.04.10_amd64.deb ...\r\nUnpacking python3.5-minimal (3.5.2-2ubuntu0~16.04.10) ...\r\nSelecting previously unselected package python3-minimal.\r\nPreparing to unpack .../python3-minimal_3.5.1-3_amd64.deb ...\r\nUnpacking python3-minimal (3.5.1-3) ...\r\nSelecting previously unselected package mime-support.\r\nPreparing to unpack .../mime-support_3.59ubuntu1_all.deb ...\r\nUnpacking mime-support (3.59ubuntu1) ...\r\nSelecting previously unselected package libmpdec2:amd64.\r\nPreparing to unpack .../libmpdec2_2.4.2-1_amd64.deb ...\r\nUnpacking libmpdec2:amd64 (2.4.2-1) ...\r\nSelecting previously unselected package libsqlite3-0:amd64.\r\nPreparing to unpack .../libsqlite3-0_3.11.0-1ubuntu1.5_amd64.deb ...\r\nUnpacking libsqlite3-0:amd64 (3.11.0-1ubuntu1.5) ...\r\nSelecting previously unselected package libpython3.5-stdlib:amd64.\r\nPreparing to unpack .../libpython3.5-stdlib_3.5.2-2ubuntu0~16.04.10_amd64.deb ...\r\nUnpacking libpython3.5-stdlib:amd64 (3.5.2-2ubuntu0~16.04.10) ...\r\nSelecting previously unselected package python3.5.\r\nPreparing to unpack .../python3.5_3.5.2-2ubuntu0~16.04.10_amd64.deb ...\r\nUnpacking python3.5 (3.5.2-2ubuntu0~16.04.10) ...\r\nSelecting previously unselected package libpython3-stdlib:amd64.\r\nPreparing to unpack .../libpython3-stdlib_3.5.1-3_amd64.deb ...\r\nUnpacking libpython3-stdlib:amd64 (3.5.1-3) ...\r\nSelecting previously unselected package dh-python.\r\nPreparing to unpack .../dh-python_2.20151103ubuntu1.2_all.deb ...\r\nUnpacking dh-python (2.20151103ubuntu1.2) ...\r\nProcessing triggers for libc-bin (2.23-0ubuntu11) ...\r\nSetting up libssl1.0.0:amd64 (1.0.2g-1ubuntu4.16) ...\r\ndebconf: unable to initialize frontend: Dialog\r\ndebconf: (TERM is not set, so the dialog frontend is not usable.)\r\ndebconf: falling back to frontend: Readline\r\ndebconf: unable to initialize frontend: Readline\r\ndebconf: (Can't locate Term/ReadLine.pm in @INC (you may need to install the Term::ReadLine module) (@INC contains: /etc/perl /usr/local/lib/x86_64-linux-gnu/perl/5.22.1 /usr/local/share/perl/5.22.1 /usr/lib/x86_64-linux-gnu/perl5/5.22 /usr/share/perl5 /usr/lib/x86_64-linux-gnu/perl/5.22 /usr/share/perl/5.22 /usr/local/lib/site_perl /usr/lib/x86_64-linux-gnu/perl-base .) at /usr/share/perl5/Debconf/FrontEnd/Readline.pm line 7.)\r\ndebconf: falling back to frontend: Teletype\r\nSetting up libpython3.5-minimal:amd64 (3.5.2-2ubuntu0~16.04.10) ...\r\nSetting up libexpat1:amd64 (2.1.0-7ubuntu0.16.04.5) ...\r\nSetting up python3.5-minimal (3.5.2-2ubuntu0~16.04.10) ...\r\nSetting up python3-minimal (3.5.1-3) ...\r\nProcessing triggers for libc-bin (2.23-0ubuntu11) ...\r\nSelecting previously unselected package python3.\r\n(Reading database ... \r(Reading database ... 5%\r(Reading database ... 10%\r(Reading database ... 15%\r(Reading database ... 20%\r(Reading database ... 25%\r(Reading database ... 30%\r(Reading database ... 35%\r(Reading database ... 40%\r(Reading database ... 45%\r(Reading database ... 50%\r(Reading database ... 55%\r(Reading database ... 60%\r(Reading database ... 65%\r(Reading database ... 70%\r(Reading database ... 75%\r(Reading database ... 80%\r(Reading database ... 85%\r(Reading database ... 90%\r(Reading database ... 95%\r(Reading database ... 100%\r(Reading database ... 5763 files and directories currently installed.)\r\nPreparing to unpack .../python3_3.5.1-3_amd64.deb ...\r\nUnpacking python3 (3.5.1-3) ...\r\nSelecting previously unselected package libgdbm3:amd64.\r\nPreparing to unpack .../libgdbm3_1.8.3-13.1_amd64.deb ...\r\nUnpacking libgdbm3:amd64 (1.8.3-13.1) ...\r\nSelecting previously unselected package libffi6:amd64.\r\nPreparing to unpack .../libffi6_3.2.1-4_amd64.deb ...\r\nUnpacking libffi6:amd64 (3.2.1-4) ...\r\nSelecting previously unselected package libglib2.0-0:amd64.\r\nPreparing to unpack .../libglib2.0-0_2.48.2-0ubuntu4.6_amd64.deb ...\r\nUnpacking libglib2.0-0:amd64 (2.48.2-0ubuntu4.6) ...\r\nSelecting previously unselected package perl-modules-5.22.\r\nPreparing to unpack .../perl-modules-5.22_5.22.1-9ubuntu0.6_all.deb ...\r\nUnpacking perl-modules-5.22 (5.22.1-9ubuntu0.6) ...\r\nSelecting previously unselected package libperl5.22:amd64.\r\nPreparing to unpack .../libperl5.22_5.22.1-9ubuntu0.6_amd64.deb ...\r\nUnpacking libperl5.22:amd64 (5.22.1-9ubuntu0.6) ...\r\nSelecting previously unselected package perl.\r\nPreparing to unpack .../perl_5.22.1-9ubuntu0.6_amd64.deb ...\r\nUnpacking perl (5.22.1-9ubuntu0.6) ...\r\nSelecting previously unselected package libgmp10:amd64.\r\nPreparing to unpack .../libgmp10_2%3a6.1.0+dfsg-2_amd64.deb ...\r\nUnpacking libgmp10:amd64 (2:6.1.0+dfsg-2) ...\r\nSelecting previously unselected package libmpfr4:amd64.\r\nPreparing to unpack .../libmpfr4_3.1.4-1_amd64.deb ...\r\nUnpacking libmpfr4:amd64 (3.1.4-1) ...\r\nSelecting previously unselected package libmpc3:amd64.\r\nPreparing to unpack .../libmpc3_1.0.3-1_amd64.deb ...\r\nUnpacking libmpc3:amd64 (1.0.3-1) ...\r\nSelecting previously unselected package bzip2.\r\nPreparing to unpack .../bzip2_1.0.6-8ubuntu0.2_amd64.deb ...\r\nUnpacking bzip2 (1.0.6-8ubuntu0.2) ...\r\nSelecting previously unselected package distro-info-data.\r\nPreparing to unpack .../distro-info-data_0.28ubuntu0.14_all.deb ...\r\nUnpacking distro-info-data (0.28ubuntu0.14) ...\r\nSelecting previously unselected package libapt-inst2.0:amd64.\r\nPreparing to unpack .../libapt-inst2.0_1.2.32ubuntu0.1_amd64.deb ...\r\nUnpacking libapt-inst2.0:amd64 (1.2.32ubuntu0.1) ...\r\nSelecting previously unselected package libnettle6:amd64.\r\nPreparing to unpack .../libnettle6_3.2-1ubuntu0.16.04.1_amd64.deb ...\r\nUnpacking libnettle6:amd64 (3.2-1ubuntu0.16.04.1) ...\r\nSelecting previously unselected package libhogweed4:amd64.\r\nPreparing to unpack .../libhogweed4_3.2-1ubuntu0.16.04.1_amd64.deb ...\r\nUnpacking libhogweed4:amd64 (3.2-1ubuntu0.16.04.1) ...\r\nSelecting previously unselected package libidn11:amd64.\r\nPreparing to unpack .../libidn11_1.32-3ubuntu1.2_amd64.deb ...\r\nUnpacking libidn11:amd64 (1.32-3ubuntu1.2) ...\r\nSelecting previously unselected package libp11-kit0:amd64.\r\nPreparing to unpack .../libp11-kit0_0.23.2-5~ubuntu16.04.1_amd64.deb ...\r\nUnpacking libp11-kit0:amd64 (0.23.2-5~ubuntu16.04.1) ...\r\nSelecting previously unselected package libtasn1-6:amd64.\r\nPreparing to unpack .../libtasn1-6_4.7-3ubuntu0.16.04.3_amd64.deb ...\r\nUnpacking libtasn1-6:amd64 (4.7-3ubuntu0.16.04.3) ...\r\nSelecting previously unselected package libgnutls30:amd64.\r\nPreparing to unpack .../libgnutls30_3.4.10-4ubuntu1.7_amd64.deb ...\r\nUnpacking libgnutls30:amd64 (3.4.10-4ubuntu1.7) ...\r\nSelecting previously unselected package libpng12-0:amd64.\r\nPreparing to unpack .../libpng12-0_1.2.54-1ubuntu1.1_amd64.deb ...\r\nUnpacking libpng12-0:amd64 (1.2.54-1ubuntu1.1) ...\r\nSelecting previously unselected package lsb-release.\r\nPreparing to unpack .../lsb-release_9.20160110ubuntu0.2_all.deb ...\r\nUnpacking lsb-release (9.20160110ubuntu0.2) ...\r\nSelecting previously unselected package sudo.\r\nPreparing to unpack .../sudo_1.8.16-0ubuntu1.9_amd64.deb ...\r\nUnpacking sudo (1.8.16-0ubuntu1.9) ...\r\nSelecting previously unselected package openssl.\r\nPreparing to unpack .../openssl_1.0.2g-1ubuntu4.16_amd64.deb ...\r\nUnpacking openssl (1.0.2g-1ubuntu4.16) ...\r\nSelecting previously unselected package ca-certificates.\r\nPreparing to unpack .../ca-certificates_20190110~16.04.1_all.deb ...\r\nUnpacking ca-certificates (20190110~16.04.1) ...\r\nSelecting previously unselected package libgirepository-1.0-1:amd64.\r\nPreparing to unpack .../libgirepository-1.0-1_1.46.0-3ubuntu1_amd64.deb ...\r\nUnpacking libgirepository-1.0-1:amd64 (1.46.0-3ubuntu1) ...\r\nSelecting previously unselected package gir1.2-glib-2.0:amd64.\r\nPreparing to unpack .../gir1.2-glib-2.0_1.46.0-3ubuntu1_amd64.deb ...\r\nUnpacking gir1.2-glib-2.0:amd64 (1.46.0-3ubuntu1) ...\r\nSelecting previously unselected package iso-codes.\r\nPreparing to unpack .../iso-codes_3.65-1_all.deb ...\r\nUnpacking iso-codes (3.65-1) ...\r\nSelecting previously unselected package libroken18-heimdal:amd64.\r\nPreparing to unpack .../libroken18-heimdal_1.7~git20150920+dfsg-4ubuntu1.16.04.1_amd64.deb ...\r\nUnpacking libroken18-heimdal:amd64 (1.7~git20150920+dfsg-4ubuntu1.16.04.1) ...\r\nSelecting previously unselected package libasn1-8-heimdal:amd64.\r\nPreparing to unpack .../libasn1-8-heimdal_1.7~git20150920+dfsg-4ubuntu1.16.04.1_amd64.deb ...\r\nUnpacking libasn1-8-heimdal:amd64 (1.7~git20150920+dfsg-4ubuntu1.16.04.1) ...\r\nSelecting previously unselected package libkrb5support0:amd64.\r\nPreparing to unpack .../libkrb5support0_1.13.2+dfsg-5ubuntu2.1_amd64.deb ...\r\nUnpacking libkrb5support0:amd64 (1.13.2+dfsg-5ubuntu2.1) ...\r\nSelecting previously unselected package libk5crypto3:amd64.\r\nPreparing to unpack .../libk5crypto3_1.13.2+dfsg-5ubuntu2.1_amd64.deb ...\r\nUnpacking libk5crypto3:amd64 (1.13.2+dfsg-5ubuntu2.1) ...\r\nSelecting previously unselected package libkeyutils1:amd64.\r\nPreparing to unpack .../libkeyutils1_1.5.9-8ubuntu1_amd64.deb ...\r\nUnpacking libkeyutils1:amd64 (1.5.9-8ubuntu1) ...\r\nSelecting previously unselected package libkrb5-3:amd64.\r\nPreparing to unpack .../libkrb5-3_1.13.2+dfsg-5ubuntu2.1_amd64.deb ...\r\nUnpacking libkrb5-3:amd64 (1.13.2+dfsg-5ubuntu2.1) ...\r\nSelecting previously unselected package libgssapi-krb5-2:amd64.\r\nPreparing to unpack .../libgssapi-krb5-2_1.13.2+dfsg-5ubuntu2.1_amd64.deb ...\r\nUnpacking libgssapi-krb5-2:amd64 (1.13.2+dfsg-5ubuntu2.1) ...\r\nSelecting previously unselected package libhcrypto4-heimdal:amd64.\r\nPreparing to unpack .../libhcrypto4-heimdal_1.7~git20150920+dfsg-4ubuntu1.16.04.1_amd64.deb ...\r\nUnpacking libhcrypto4-heimdal:amd64 (1.7~git20150920+dfsg-4ubuntu1.16.04.1) ...\r\nSelecting previously unselected package libheimbase1-heimdal:amd64.\r\nPreparing to unpack .../libheimbase1-heimdal_1.7~git20150920+dfsg-4ubuntu1.16.04.1_amd64.deb ...\r\nUnpacking libheimbase1-heimdal:amd64 (1.7~git20150920+dfsg-4ubuntu1.16.04.1) ...\r\nSelecting previously unselected package libwind0-heimdal:amd64.\r\nPreparing to unpack .../libwind0-heimdal_1.7~git20150920+dfsg-4ubuntu1.16.04.1_amd64.deb ...\r\nUnpacking libwind0-heimdal:amd64 (1.7~git20150920+dfsg-4ubuntu1.16.04.1) ...\r\nSelecting previously unselected package libhx509-5-heimdal:amd64.\r\nPreparing to unpack .../libhx509-5-heimdal_1.7~git20150920+dfsg-4ubuntu1.16.04.1_amd64.deb ...\r\nUnpacking libhx509-5-heimdal:amd64 (1.7~git20150920+dfsg-4ubuntu1.16.04.1) ...\r\nSelecting previously unselected package libkrb5-26-heimdal:amd64.\r\nPreparing to unpack .../libkrb5-26-heimdal_1.7~git20150920+dfsg-4ubuntu1.16.04.1_amd64.deb ...\r\nUnpacking libkrb5-26-heimdal:amd64 (1.7~git20150920+dfsg-4ubuntu1.16.04.1) ...\r\nSelecting previously unselected package libheimntlm0-heimdal:amd64.\r\nPreparing to unpack .../libheimntlm0-heimdal_1.7~git20150920+dfsg-4ubuntu1.16.04.1_amd64.deb ...\r\nUnpacking libheimntlm0-heimdal:amd64 (1.7~git20150920+dfsg-4ubuntu1.16.04.1) ...\r\nSelecting previously unselected package libgssapi3-heimdal:amd64.\r\nPreparing to unpack .../libgssapi3-heimdal_1.7~git20150920+dfsg-4ubuntu1.16.04.1_amd64.deb ...\r\nUnpacking libgssapi3-heimdal:amd64 (1.7~git20150920+dfsg-4ubuntu1.16.04.1) ...\r\nSelecting previously unselected package libsasl2-modules-db:amd64.\r\nPreparing to unpack .../libsasl2-modules-db_2.1.26.dfsg1-14ubuntu0.2_amd64.deb ...\r\nUnpacking libsasl2-modules-db:amd64 (2.1.26.dfsg1-14ubuntu0.2) ...\r\nSelecting previously unselected package libsasl2-2:amd64.\r\nPreparing to unpack .../libsasl2-2_2.1.26.dfsg1-14ubuntu0.2_amd64.deb ...\r\nUnpacking libsasl2-2:amd64 (2.1.26.dfsg1-14ubuntu0.2) ...\r\nSelecting previously unselected package libldap-2.4-2:amd64.\r\nPreparing to unpack .../libldap-2.4-2_2.4.42+dfsg-2ubuntu3.8_amd64.deb ...\r\nUnpacking libldap-2.4-2:amd64 (2.4.42+dfsg-2ubuntu3.8) ...\r\nSelecting previously unselected package librtmp1:amd64.\r\nPreparing to unpack .../librtmp1_2.4+20151223.gitfa8646d-1ubuntu0.1_amd64.deb ...\r\nUnpacking librtmp1:amd64 (2.4+20151223.gitfa8646d-1ubuntu0.1) ...\r\nSelecting previously unselected package libcurl3-gnutls:amd64.\r\nPreparing to unpack .../libcurl3-gnutls_7.47.0-1ubuntu2.14_amd64.deb ...\r\nUnpacking libcurl3-gnutls:amd64 (7.47.0-1ubuntu2.14) ...\r\nSelecting previously unselected package libdbus-1-3:amd64.\r\nPreparing to unpack .../libdbus-1-3_1.10.6-1ubuntu3.6_amd64.deb ...\r\nUnpacking libdbus-1-3:amd64 (1.10.6-1ubuntu3.6) ...\r\nSelecting previously unselected package libdbus-glib-1-2:amd64.\r\nPreparing to unpack .../libdbus-glib-1-2_0.106-1_amd64.deb ...\r\nUnpacking libdbus-glib-1-2:amd64 (0.106-1) ...\r\nSelecting previously unselected package python-apt-common.\r\nPreparing to unpack .../python-apt-common_1.1.0~beta1ubuntu0.16.04.9_all.deb ...\r\nUnpacking python-apt-common (1.1.0~beta1ubuntu0.16.04.9) ...\r\nSelecting previously unselected package python3-apt.\r\nPreparing to unpack .../python3-apt_1.1.0~beta1ubuntu0.16.04.9_amd64.deb ...\r\nUnpacking python3-apt (1.1.0~beta1ubuntu0.16.04.9) ...\r\nSelecting previously unselected package python3-dbus.\r\nPreparing to unpack .../python3-dbus_1.2.0-3_amd64.deb ...\r\nUnpacking python3-dbus (1.2.0-3) ...\r\nSelecting previously unselected package python3-gi.\r\nPreparing to unpack .../python3-gi_3.20.0-0ubuntu1_amd64.deb ...\r\nUnpacking python3-gi (3.20.0-0ubuntu1) ...\r\nSelecting previously unselected package rsync.\r\nPreparing to unpack .../rsync_3.1.1-3ubuntu1.3_amd64.deb ...\r\nUnpacking rsync (3.1.1-3ubuntu1.3) ...\r\nSelecting previously unselected package wget.\r\nPreparing to unpack .../wget_1.17.1-1ubuntu1.5_amd64.deb ...\r\nUnpacking wget (1.17.1-1ubuntu1.5) ...\r\nSelecting previously unselected package binutils.\r\nPreparing to unpack .../binutils_2.26.1-1ubuntu1~16.04.8_amd64.deb ...\r\nUnpacking binutils (2.26.1-1ubuntu1~16.04.8) ...\r\nSelecting previously unselected package libc-dev-bin.\r\nPreparing to unpack .../libc-dev-bin_2.23-0ubuntu11_amd64.deb ...\r\nUnpacking libc-dev-bin (2.23-0ubuntu11) ...\r\nSelecting previously unselected package linux-libc-dev:amd64.\r\nPreparing to unpack .../linux-libc-dev_4.4.0-184.214_amd64.deb ...\r\nUnpacking linux-libc-dev:amd64 (4.4.0-184.214) ...\r\nSelecting previously unselected package libc6-dev:amd64.\r\nPreparing to unpack .../libc6-dev_2.23-0ubuntu11_amd64.deb ...\r\nUnpacking libc6-dev:amd64 (2.23-0ubuntu11) ...\r\nSelecting previously unselected package libisl15:amd64.\r\nPreparing to unpack .../libisl15_0.16.1-1_amd64.deb ...\r\nUnpacking libisl15:amd64 (0.16.1-1) ...\r\nSelecting previously unselected package cpp-5.\r\nPreparing to unpack .../cpp-5_5.4.0-6ubuntu1~16.04.12_amd64.deb ...\r\nUnpacking cpp-5 (5.4.0-6ubuntu1~16.04.12) ...\r\nSelecting previously unselected package cpp.\r\nPreparing to unpack .../cpp_4%3a5.3.1-1ubuntu1_amd64.deb ...\r\nUnpacking cpp (4:5.3.1-1ubuntu1) ...\r\nSelecting previously unselected package libcc1-0:amd64.\r\nPreparing to unpack .../libcc1-0_5.4.0-6ubuntu1~16.04.12_amd64.deb ...\r\nUnpacking libcc1-0:amd64 (5.4.0-6ubuntu1~16.04.12) ...\r\nSelecting previously unselected package libgomp1:amd64.\r\nPreparing to unpack .../libgomp1_5.4.0-6ubuntu1~16.04.12_amd64.deb ...\r\nUnpacking libgomp1:amd64 (5.4.0-6ubuntu1~16.04.12) ...\r\nSelecting previously unselected package libitm1:amd64.\r\nPreparing to unpack .../libitm1_5.4.0-6ubuntu1~16.04.12_amd64.deb ...\r\nUnpacking libitm1:amd64 (5.4.0-6ubuntu1~16.04.12) ...\r\nSelecting previously unselected package libatomic1:amd64.\r\nPreparing to unpack .../libatomic1_5.4.0-6ubuntu1~16.04.12_amd64.deb ...\r\nUnpacking libatomic1:amd64 (5.4.0-6ubuntu1~16.04.12) ...\r\nSelecting previously unselected package libasan2:amd64.\r\nPreparing to unpack .../libasan2_5.4.0-6ubuntu1~16.04.12_amd64.deb ...\r\nUnpacking libasan2:amd64 (5.4.0-6ubuntu1~16.04.12) ...\r\nSelecting previously unselected package liblsan0:amd64.\r\nPreparing to unpack .../liblsan0_5.4.0-6ubuntu1~16.04.12_amd64.deb ...\r\nUnpacking liblsan0:amd64 (5.4.0-6ubuntu1~16.04.12) ...\r\nSelecting previously unselected package libtsan0:amd64.\r\nPreparing to unpack .../libtsan0_5.4.0-6ubuntu1~16.04.12_amd64.deb ...\r\nUnpacking libtsan0:amd64 (5.4.0-6ubuntu1~16.04.12) ...\r\nSelecting previously unselected package libubsan0:amd64.\r\nPreparing to unpack .../libubsan0_5.4.0-6ubuntu1~16.04.12_amd64.deb ...\r\nUnpacking libubsan0:amd64 (5.4.0-6ubuntu1~16.04.12) ...\r\nSelecting previously unselected package libcilkrts5:amd64.\r\nPreparing to unpack .../libcilkrts5_5.4.0-6ubuntu1~16.04.12_amd64.deb ...\r\nUnpacking libcilkrts5:amd64 (5.4.0-6ubuntu1~16.04.12) ...\r\nSelecting previously unselected package libmpx0:amd64.\r\nPreparing to unpack .../libmpx0_5.4.0-6ubuntu1~16.04.12_amd64.deb ...\r\nUnpacking libmpx0:amd64 (5.4.0-6ubuntu1~16.04.12) ...\r\nSelecting previously unselected package libquadmath0:amd64.\r\nPreparing to unpack .../libquadmath0_5.4.0-6ubuntu1~16.04.12_amd64.deb ...\r\nUnpacking libquadmath0:amd64 (5.4.0-6ubuntu1~16.04.12) ...\r\nSelecting previously unselected package libgcc-5-dev:amd64.\r\nPreparing to unpack .../libgcc-5-dev_5.4.0-6ubuntu1~16.04.12_amd64.deb ...\r\nUnpacking libgcc-5-dev:amd64 (5.4.0-6ubuntu1~16.04.12) ...\r\nSelecting previously unselected package gcc-5.\r\nPreparing to unpack .../gcc-5_5.4.0-6ubuntu1~16.04.12_amd64.deb ...\r\nUnpacking gcc-5 (5.4.0-6ubuntu1~16.04.12) ...\r\nSelecting previously unselected package gcc.\r\nPreparing to unpack .../gcc_4%3a5.3.1-1ubuntu1_amd64.deb ...\r\nUnpacking gcc (4:5.3.1-1ubuntu1) ...\r\nSelecting previously unselected package libstdc++-5-dev:amd64.\r\nPreparing to unpack .../libstdc++-5-dev_5.4.0-6ubuntu1~16.04.12_amd64.deb ...\r\nUnpacking libstdc++-5-dev:amd64 (5.4.0-6ubuntu1~16.04.12) ...\r\nSelecting previously unselected package g++-5.\r\nPreparing to unpack .../g++-5_5.4.0-6ubuntu1~16.04.12_amd64.deb ...\r\nUnpacking g++-5 (5.4.0-6ubuntu1~16.04.12) ...\r\nSelecting previously unselected package g++.\r\nPreparing to unpack .../g++_4%3a5.3.1-1ubuntu1_amd64.deb ...\r\nUnpacking g++ (4:5.3.1-1ubuntu1) ...\r\nSelecting previously unselected package make.\r\nPreparing to unpack .../archives/make_4.1-6_amd64.deb ...\r\nUnpacking make (4.1-6) ...\r\nSelecting previously unselected package libdpkg-perl.\r\nPreparing to unpack .../libdpkg-perl_1.18.4ubuntu1.6_all.deb ...\r\nUnpacking libdpkg-perl (1.18.4ubuntu1.6) ...\r\nSelecting previously unselected package xz-utils.\r\nPreparing to unpack .../xz-utils_5.1.1alpha+20120614-2ubuntu2_amd64.deb ...\r\nUnpacking xz-utils (5.1.1alpha+20120614-2ubuntu2) ...\r\nSelecting previously unselected package patch.\r\nPreparing to unpack .../patch_2.7.5-1ubuntu0.16.04.2_amd64.deb ...\r\nUnpacking patch (2.7.5-1ubuntu0.16.04.2) ...\r\nSelecting previously unselected package dpkg-dev.\r\nPreparing to unpack .../dpkg-dev_1.18.4ubuntu1.6_all.deb ...\r\nUnpacking dpkg-dev (1.18.4ubuntu1.6) ...\r\nSelecting previously unselected package build-essential.\r\nPreparing to unpack .../build-essential_12.1ubuntu2_amd64.deb ...\r\nUnpacking build-essential (12.1ubuntu2) ...\r\nSelecting previously unselected package curl.\r\nPreparing to unpack .../curl_7.47.0-1ubuntu2.14_amd64.deb ...\r\nUnpacking curl (7.47.0-1ubuntu2.14) ...\r\nSelecting previously unselected package liberror-perl.\r\nPreparing to unpack .../liberror-perl_0.17-1.2_all.deb ...\r\nUnpacking liberror-perl (0.17-1.2) ...\r\nSelecting previously unselected package git-man.\r\nPreparing to unpack .../git-man_1%3a2.7.4-0ubuntu1.9_all.deb ...\r\nUnpacking git-man (1:2.7.4-0ubuntu1.9) ...\r\nSelecting previously unselected package git.\r\nPreparing to unpack .../git_1%3a2.7.4-0ubuntu1.9_amd64.deb ...\r\nUnpacking git (1:2.7.4-0ubuntu1.9) ...\r\nSelecting previously unselected package libcurl3:amd64.\r\nPreparing to unpack .../libcurl3_7.47.0-1ubuntu2.14_amd64.deb ...\r\nUnpacking libcurl3:amd64 (7.47.0-1ubuntu2.14) ...\r\nSelecting previously unselected package libcurl4-openssl-dev:amd64.\r\nPreparing to unpack .../libcurl4-openssl-dev_7.47.0-1ubuntu2.14_amd64.deb ...\r\nUnpacking libcurl4-openssl-dev:amd64 (7.47.0-1ubuntu2.14) ...\r\nSelecting previously unselected package libfreetype6:amd64.\r\nPreparing to unpack .../libfreetype6_2.6.1-0.1ubuntu2.4_amd64.deb ...\r\nUnpacking libfreetype6:amd64 (2.6.1-0.1ubuntu2.4) ...\r\nSelecting previously unselected package zlib1g-dev:amd64.\r\nPreparing to unpack .../zlib1g-dev_1%3a1.2.8.dfsg-2ubuntu4.3_amd64.deb ...\r\nUnpacking zlib1g-dev:amd64 (1:1.2.8.dfsg-2ubuntu4.3) ...\r\nSelecting previously unselected package libpng12-dev:amd64.\r\nPreparing to unpack .../libpng12-dev_1.2.54-1ubuntu1.1_amd64.deb ...\r\nUnpacking libpng12-dev:amd64 (1.2.54-1ubuntu1.1) ...\r\nSelecting previously unselected package libfreetype6-dev:amd64.\r\nPreparing to unpack .../libfreetype6-dev_2.6.1-0.1ubuntu2.4_amd64.deb ...\r\nUnpacking libfreetype6-dev:amd64 (2.6.1-0.1ubuntu2.4) ...\r\nSelecting previously unselected package libsodium18:amd64.\r\nPreparing to unpack .../libsodium18_1.0.8-5_amd64.deb ...\r\nUnpacking libsodium18:amd64 (1.0.8-5) ...\r\nSelecting previously unselected package libzmq5:amd64.\r\nPreparing to unpack .../libzmq5_4.1.4-7ubuntu0.1_amd64.deb ...\r\nUnpacking libzmq5:amd64 (4.1.4-7ubuntu0.1) ...\r\nSelecting previously unselected package libzmq3-dev:amd64.\r\nPreparing to unpack .../libzmq3-dev_4.1.4-7ubuntu0.1_amd64.deb ...\r\nUnpacking libzmq3-dev:amd64 (4.1.4-7ubuntu0.1) ...\r\nSelecting previously unselected package locate.\r\nPreparing to unpack .../locate_4.6.0+git+20160126-2_amd64.deb ...\r\nUnpacking locate (4.6.0+git+20160126-2) ...\r\nSelecting previously unselected package pkg-config.\r\nPreparing to unpack .../pkg-config_0.29.1-0ubuntu1_amd64.deb ...\r\nUnpacking pkg-config (0.29.1-0ubuntu1) ...\r\nSelecting previously unselected package python3-pycurl.\r\nPreparing to unpack .../python3-pycurl_7.43.0-1ubuntu1_amd64.deb ...\r\nUnpacking python3-pycurl (7.43.0-1ubuntu1) ...\r\nSelecting previously unselected package python3-software-properties.\r\nPreparing to unpack .../python3-software-properties_0.96.20.9_all.deb ...\r\nUnpacking python3-software-properties (0.96.20.9) ...\r\nSelecting previously unselected package software-properties-common.\r\nPreparing to unpack .../software-properties-common_0.96.20.9_all.deb ...\r\nUnpacking software-properties-common (0.96.20.9) ...\r\nSelecting previously unselected package unzip.\r\nPreparing to unpack .../unzip_6.0-20ubuntu1_amd64.deb ...\r\nUnpacking unzip (6.0-20ubuntu1) ...\r\nSelecting previously unselected package zip.\r\nPreparing to unpack .../archives/zip_3.0-11_amd64.deb ...\r\nUnpacking zip (3.0-11) ...\r\nProcessing triggers for libc-bin (2.23-0ubuntu11) ...\r\nProcessing triggers for systemd (229-4ubuntu21.28) ...\r\nSetting up libpopt0:amd64 (1.16-10) ...\r\nSetting up mime-support (3.59ubuntu1) ...\r\nSetting up libmpdec2:amd64 (2.4.2-1) ...\r\nSetting up libsqlite3-0:amd64 (3.11.0-1ubuntu1.5) ...\r\nSetting up libpython3.5-stdlib:amd64 (3.5.2-2ubuntu0~16.04.10) ...\r\nSetting up python3.5 (3.5.2-2ubuntu0~16.04.10) ...\r\nSetting up libpython3-stdlib:amd64 (3.5.1-3) ...\r\nSetting up libgdbm3:amd64 (1.8.3-13.1) ...\r\nSetting up libffi6:amd64 (3.2.1-4) ...\r\nSetting up libglib2.0-0:amd64 (2.48.2-0ubuntu4.6) ...\r\nNo schema files found: doing nothing.\r\nSetting up perl-modules-5.22 (5.22.1-9ubuntu0.6) ...\r\nSetting up libperl5.22:amd64 (5.22.1-9ubuntu0.6) ...\r\nSetting up perl (5.22.1-9ubuntu0.6) ...\r\nupdate-alternatives: using /usr/bin/prename to provide /usr/bin/rename (rename) in auto mode\r\nSetting up libgmp10:amd64 (2:6.1.0+dfsg-2) ...\r\nSetting up libmpfr4:amd64 (3.1.4-1) ...\r\nSetting up libmpc3:amd64 (1.0.3-1) ...\r\nSetting up bzip2 (1.0.6-8ubuntu0.2) ...\r\nSetting up distro-info-data (0.28ubuntu0.14) ...\r\nSetting up libapt-inst2.0:amd64 (1.2.32ubuntu0.1) ...\r\nSetting up libnettle6:amd64 (3.2-1ubuntu0.16.04.1) ...\r\nSetting up libhogweed4:amd64 (3.2-1ubuntu0.16.04.1) ...\r\nSetting up libidn11:amd64 (1.32-3ubuntu1.2) ...\r\nSetting up libp11-kit0:amd64 (0.23.2-5~ubuntu16.04.1) ...\r\nSetting up libtasn1-6:amd64 (4.7-3ubuntu0.16.04.3) ...\r\nSetting up libgnutls30:amd64 (3.4.10-4ubuntu1.7) ...\r\nSetting up libpng12-0:amd64 (1.2.54-1ubuntu1.1) ...\r\nSetting up sudo (1.8.16-0ubuntu1.9) ...\r\nSetting up openssl (1.0.2g-1ubuntu4.16) ...\r\nSetting up ca-certificates (20190110~16.04.1) ...\r\ndebconf: unable to initialize frontend: Dialog\r\ndebconf: (TERM is not set, so the dialog frontend is not usable.)\r\ndebconf: falling back to frontend: Readline\r\nSetting up libgirepository-1.0-1:amd64 (1.46.0-3ubuntu1) ...\r\nSetting up gir1.2-glib-2.0:amd64 (1.46.0-3ubuntu1) ...\r\nSetting up iso-codes (3.65-1) ...\r\nSetting up libroken18-heimdal:amd64 (1.7~git20150920+dfsg-4ubuntu1.16.04.1) ...\r\nSetting up libasn1-8-heimdal:amd64 (1.7~git20150920+dfsg-4ubuntu1.16.04.1) ...\r\nSetting up libkrb5support0:amd64 (1.13.2+dfsg-5ubuntu2.1) ...\r\nSetting up libk5crypto3:amd64 (1.13.2+dfsg-5ubuntu2.1) ...\r\nSetting up libkeyutils1:amd64 (1.5.9-8ubuntu1) ...\r\nSetting up libkrb5-3:amd64 (1.13.2+dfsg-5ubuntu2.1) ...\r\nSetting up libgssapi-krb5-2:amd64 (1.13.2+dfsg-5ubuntu2.1) ...\r\nSetting up libhcrypto4-heimdal:amd64 (1.7~git20150920+dfsg-4ubuntu1.16.04.1) ...\r\nSetting up libheimbase1-heimdal:amd64 (1.7~git20150920+dfsg-4ubuntu1.16.04.1) ...\r\nSetting up libwind0-heimdal:amd64 (1.7~git20150920+dfsg-4ubuntu1.16.04.1) ...\r\nSetting up libhx509-5-heimdal:amd64 (1.7~git20150920+dfsg-4ubuntu1.16.04.1) ...\r\nSetting up libkrb5-26-heimdal:amd64 (1.7~git20150920+dfsg-4ubuntu1.16.04.1) ...\r\nSetting up libheimntlm0-heimdal:amd64 (1.7~git20150920+dfsg-4ubuntu1.16.04.1) ...\r\nSetting up libgssapi3-heimdal:amd64 (1.7~git20150920+dfsg-4ubuntu1.16.04.1) ...\r\nSetting up libsasl2-modules-db:amd64 (2.1.26.dfsg1-14ubuntu0.2) ...\r\nSetting up libsasl2-2:amd64 (2.1.26.dfsg1-14ubuntu0.2) ...\r\nSetting up libldap-2.4-2:amd64 (2.4.42+dfsg-2ubuntu3.8) ...\r\nSetting up librtmp1:amd64 (2.4+20151223.gitfa8646d-1ubuntu0.1) ...\r\nSetting up libcurl3-gnutls:amd64 (7.47.0-1ubuntu2.14) ...\r\nSetting up libdbus-1-3:amd64 (1.10.6-1ubuntu3.6) ...\r\nSetting up libdbus-glib-1-2:amd64 (0.106-1) ...\r\nSetting up rsync (3.1.1-3ubuntu1.3) ...\r\ninvoke-rc.d: could not determine current runlevel\r\ninvoke-rc.d: policy-rc.d denied execution of restart.\r\nSetting up wget (1.17.1-1ubuntu1.5) ...\r\nSetting up binutils (2.26.1-1ubuntu1~16.04.8) ...\r\nSetting up libc-dev-bin (2.23-0ubuntu11) ...\r\nSetting up linux-libc-dev:amd64 (4.4.0-184.214) ...\r\nSetting up libc6-dev:amd64 (2.23-0ubuntu11) ...\r\nSetting up libisl15:amd64 (0.16.1-1) ...\r\nSetting up cpp-5 (5.4.0-6ubuntu1~16.04.12) ...\r\nSetting up cpp (4:5.3.1-1ubuntu1) ...\r\nSetting up libcc1-0:amd64 (5.4.0-6ubuntu1~16.04.12) ...\r\nSetting up libgomp1:amd64 (5.4.0-6ubuntu1~16.04.12) ...\r\nSetting up libitm1:amd64 (5.4.0-6ubuntu1~16.04.12) ...\r\nSetting up libatomic1:amd64 (5.4.0-6ubuntu1~16.04.12) ...\r\nSetting up libasan2:amd64 (5.4.0-6ubuntu1~16.04.12) ...\r\nSetting up liblsan0:amd64 (5.4.0-6ubuntu1~16.04.12) ...\r\nSetting up libtsan0:amd64 (5.4.0-6ubuntu1~16.04.12) ...\r\nSetting up libubsan0:amd64 (5.4.0-6ubuntu1~16.04.12) ...\r\nSetting up libcilkrts5:amd64 (5.4.0-6ubuntu1~16.04.12) ...\r\nSetting up libmpx0:amd64 (5.4.0-6ubuntu1~16.04.12) ...\r\nSetting up libquadmath0:amd64 (5.4.0-6ubuntu1~16.04.12) ...\r\nSetting up libgcc-5-dev:amd64 (5.4.0-6ubuntu1~16.04.12) ...\r\nSetting up gcc-5 (5.4.0-6ubuntu1~16.04.12) ...\r\nSetting up gcc (4:5.3.1-1ubuntu1) ...\r\nSetting up libstdc++-5-dev:amd64 (5.4.0-6ubuntu1~16.04.12) ...\r\nSetting up g++-5 (5.4.0-6ubuntu1~16.04.12) ...\r\nSetting up g++ (4:5.3.1-1ubuntu1) ...\r\nupdate-alternatives: using /usr/bin/g++ to provide /usr/bin/c++ (c++) in auto mode\r\nSetting up make (4.1-6) ...\r\nSetting up libdpkg-perl (1.18.4ubuntu1.6) ...\r\nSetting up xz-utils (5.1.1alpha+20120614-2ubuntu2) ...\r\nupdate-alternatives: using /usr/bin/xz to provide /usr/bin/lzma (lzma) in auto mode\r\nSetting up patch (2.7.5-1ubuntu0.16.04.2) ...\r\nSetting up dpkg-dev (1.18.4ubuntu1.6) ...\r\nSetting up build-essential (12.1ubuntu2) ...\r\nSetting up curl (7.47.0-1ubuntu2.14) ...\r\nSetting up liberror-perl (0.17-1.2) ...\r\nSetting up git-man (1:2.7.4-0ubuntu1.9) ...\r\nSetting up git (1:2.7.4-0ubuntu1.9) ...\r\nSetting up libcurl3:amd64 (7.47.0-1ubuntu2.14) ...\r\nSetting up libcurl4-openssl-dev:amd64 (7.47.0-1ubuntu2.14) ...\r\nSetting up libfreetype6:amd64 (2.6.1-0.1ubuntu2.4) ...\r\nSetting up zlib1g-dev:amd64 (1:1.2.8.dfsg-2ubuntu4.3) ...\r\nSetting up libpng12-dev:amd64 (1.2.54-1ubuntu1.1) ...\r\nSetting up libfreetype6-dev:amd64 (2.6.1-0.1ubuntu2.4) ...\r\nSetting up libsodium18:amd64 (1.0.8-5) ...\r\nSetting up libzmq5:amd64 (4.1.4-7ubuntu0.1) ...\r\nSetting up libzmq3-dev:amd64 (4.1.4-7ubuntu0.1) ...\r\nSetting up locate (4.6.0+git+20160126-2) ...\r\nSetting up pkg-config (0.29.1-0ubuntu1) ...\r\nSetting up unzip (6.0-20ubuntu1) ...\r\nSetting up zip (3.0-11) ...\r\nSetting up python3 (3.5.1-3) ...\r\nrunning python rtupdate hooks for python3.5...\r\nrunning python post-rtupdate hooks for python3.5...\r\nSetting up lsb-release (9.20160110ubuntu0.2) ...\r\nSetting up python-apt-common (1.1.0~beta1ubuntu0.16.04.9) ...\r\nSetting up python3-apt (1.1.0~beta1ubuntu0.16.04.9) ...\r\nSetting up python3-dbus (1.2.0-3) ...\r\nSetting up python3-gi (3.20.0-0ubuntu1) ...\r\nSetting up python3-pycurl (7.43.0-1ubuntu1) ...\r\nSetting up python3-software-properties (0.96.20.9) ...\r\nSetting up software-properties-common (0.96.20.9) ...\r\nSetting up dh-python (2.20151103ubuntu1.2) ...\r\nProcessing triggers for libc-bin (2.23-0ubuntu11) ...\r\nProcessing triggers for ca-certificates (20190110~16.04.1) ...\r\nUpdating certificates in /etc/ssl/certs...\r\n127 added, 0 removed; done.\r\nRunning hooks in /etc/ca-certificates/update.d...\r\ndone.\r\nProcessing triggers for systemd (229-4ubuntu21.28) ...\r\nRemoving intermediate container b736b475f0c9\n ---> 4319cabbf39c\nStep 3/11 : ENV GOLANG_VERSION 1.11\n ---> Running in bb0ba9e1a5d9\nRemoving intermediate container bb0ba9e1a5d9\n ---> e172d2a88781\nStep 4/11 : ENV GOLANG_DOWNLOAD_URL https://golang.org/dl/go$GOLANG_VERSION.linux-amd64.tar.gz\n ---> Running in 3dd188e7be49\nRemoving intermediate container 3dd188e7be49\n ---> 8477b94c97cd\nStep 5/11 : ENV GOLANG_SHA256_CHECKSUM b3fcf280ff86558e0559e185b601c9eade0fd24c900b4c63cd14d1d38613e499\n ---> Running in 842ffdf6e5e6\nRemoving intermediate container 842ffdf6e5e6\n ---> 8ce041c4d00d\nStep 6/11 : ENV GOPATH $HOME/go\n ---> Running in 9540b3dd6996\nRemoving intermediate container 9540b3dd6996\n ---> a242ef47b6b2\nStep 7/11 : ENV PATH $PATH:/usr/local/go/bin:$GOPATH/bin\n ---> Running in b65ab869fac6\nRemoving intermediate container b65ab869fac6\n ---> 530a28fc5038\nStep 8/11 : RUN curl -fsSL \"$GOLANG_DOWNLOAD_URL\" -o golang.tar.gz &&     echo \"$GOLANG_SHA256_CHECKSUM golang.tar.gz\" | sha256sum -c - &&     sudo tar -C /usr/local -xzf golang.tar.gz &&     rm golang.tar.gz &&     mkdir -p \"$GOPATH/src\" \"$GOPATH/bin\" && chmod -R 777 \"$GOPATH\"\n ---> Running in d1af545460f9\ngolang.tar.gz: OK\nRemoving intermediate container d1af545460f9\n ---> 6f594a0b62b1\nStep 9/11 : RUN go get github.com/derekparker/delve/cmd/dlv\n ---> Running in 98c7d0def799\n\u001b[91m# github.com/go-delve/delve/pkg/proc/native\ngo/src/github.com/go-delve/delve/pkg/proc/native/proc_linux.go:170:16: undefined: strings.ReplaceAll\n\u001b[0m",
    "raw_stderr_log": "The command '/bin/sh -c go get github.com/derekparker/delve/cmd/dlv' returned a non-zero code: 2",
    "html_url": "https://github.com/shenwei356/seqkit",
    "repo_commit": "4ec8212bb67fdff70cc433516a3bf73d3905a882",
    "repo_id": 52715040
  },
  {
    "raw_dockerfile": "FROM golang:1.6\n\nRUN go get github.com/Jeffail/gabs\nRUN go get github.com/bitly/go-simplejson\nRUN go get github.com/pquerna/ffjson\nRUN go get github.com/antonholmquist/jason\nRUN go get github.com/mreiferson/go-ujson\nRUN go get -tags=unsafe -u github.com/ugorji/go/codec\nRUN go get github.com/mailru/easyjson\n\nWORKDIR /go/src/github.com/buger/jsonparser\nADD . /go/src/github.com/buger/jsonparser",
    "raw_stdout_log": "Sending build context to Docker daemon  753.7kB\r\r\nStep 1/10 : FROM golang:1.6\n1.6: Pulling from library/golang\n5040bd298390: Pulling fs layer\nfce5728aad85: Pulling fs layer\n76610ec20bf5: Pulling fs layer\n86b681f75ff6: Pulling fs layer\n77855d2f51f6: Pulling fs layer\nb989296b493d: Pulling fs layer\n2d403c19702e: Pulling fs layer\n86b681f75ff6: Waiting\nb989296b493d: Waiting\n2d403c19702e: Waiting\n76610ec20bf5: Verifying Checksum\n76610ec20bf5: Download complete\nfce5728aad85: Verifying Checksum\nfce5728aad85: Download complete\n5040bd298390: Download complete\nb989296b493d: Download complete\n86b681f75ff6: Verifying Checksum\n86b681f75ff6: Download complete\n77855d2f51f6: Verifying Checksum\n77855d2f51f6: Download complete\n2d403c19702e: Download complete\n5040bd298390: Pull complete\nfce5728aad85: Pull complete\n76610ec20bf5: Pull complete\n86b681f75ff6: Pull complete\n77855d2f51f6: Pull complete\nb989296b493d: Pull complete\n2d403c19702e: Pull complete\nDigest: sha256:29116f0f6cd2ef6a882639ee222ccb6e2f6d88a1d97d461aaf4c4a2622d252a1\nStatus: Downloaded newer image for golang:1.6\n ---> 63330314bb46\nStep 2/10 : RUN go get github.com/Jeffail/gabs\n ---> Running in 9df9bf792619\n\u001b[91m# github.com/Jeffail/gabs\nsrc/github.com/Jeffail/gabs/gabs.go:794: e.SetEscapeHTML undefined (type *json.Encoder has no field or method SetEscapeHTML)\nsrc/github.com/Jeffail/gabs/gabs.go:801: e.SetIndent undefined (type *json.Encoder has no field or method SetIndent)\nsrc/github.com/Jeffail/gabs/gabs.go:811: encoder.SetEscapeHTML undefined (type *json.Encoder has no field or method SetEscapeHTML)\n\u001b[0m",
    "raw_stderr_log": "The command '/bin/sh -c go get github.com/Jeffail/gabs' returned a non-zero code: 2",
    "html_url": "https://github.com/buger/jsonparser",
    "repo_commit": "f7e751efca132eb5c767c4b0b20f68524ba89742",
    "repo_id": 54303805
  },
  {
    "raw_dockerfile": "# Start from an Alpine image with the latest version of Go installed\nFROM golang:alpine as build-env\n\n# Install git and the bee tool used for deployment\nRUN apk add --no-cache git\n\n# Copy the local package files to the container's workspace.\nADD . /go/src/github.com/snagles/docker-registry-manager\n\n# Build the application using the bee tool\nRUN go get github.com/beego/bee\nRUN bee pack -p /go/src/github.com/snagles/docker-registry-manager/app\nRUN mkdir /app\nRUN tar -xzvf /go/app.tar.gz --directory /app\n\n# Distributed image\nFROM alpine:3.7\nRUN apk add --no-cache ca-certificates\n\n# Copy packed beego tar\nWORKDIR /app\nCOPY --from=build-env /app /app\nCOPY --from=build-env /go/src/github.com/snagles/docker-registry-manager/registries.yml /app/registries.yml\n\n# Set the default registries location and volume\nENV MANAGER_REGISTRIES=/app/registries.yml\nENV MANAGER_LOG_LEVEL=warn\nVOLUME [\"/app\"]\n\n# Run the app by default when the container starts\nCMD [\"/app/app\"]",
    "raw_stdout_log": "Sending build context to Docker daemon  10.43MB\r\r\nStep 1/16 : FROM golang:alpine as build-env\nalpine: Pulling from library/golang\ndf20fa9351a1: Already exists\ned8968b2872e: Already exists\na92cc7c5fd73: Already exists\n9e0cccf56431: Already exists\ncbe0275821fc: Already exists\nDigest: sha256:6042b9cfb4eb303f3bdcbfeaba79b45130d170939318de85ac5b9508cb6f0f7e\nStatus: Downloaded newer image for golang:alpine\n ---> 3289bf11c284\nStep 2/16 : RUN apk add --no-cache git\n ---> Running in 9b11c921ebe0\nfetch http://dl-cdn.alpinelinux.org/alpine/v3.12/main/x86_64/APKINDEX.tar.gz\nfetch http://dl-cdn.alpinelinux.org/alpine/v3.12/community/x86_64/APKINDEX.tar.gz\n(1/5) Installing nghttp2-libs (1.41.0-r0)\n(2/5) Installing libcurl (7.69.1-r0)\n(3/5) Installing expat (2.2.9-r1)\n(4/5) Installing pcre2 (10.35-r0)\n(5/5) Installing git (2.26.2-r0)\nExecuting busybox-1.31.1-r16.trigger\nOK: 22 MiB in 20 packages\nRemoving intermediate container 9b11c921ebe0\n ---> 90f86cfc5e10\nStep 3/16 : ADD . /go/src/github.com/snagles/docker-registry-manager\n ---> dc242125b791\nStep 4/16 : RUN go get github.com/beego/bee\n ---> Running in 1c9476f04520\n\u001b[91m# github.com/gadelkareem/delve/service/debugger\nsrc/github.com/gadelkareem/delve/service/debugger/debugger.go:129:3: cannot use logger (type *\"github.com/go-delve/delve/vendor/github.com/sirupsen/logrus\".Entry) as type *\"github.com/gadelkareem/delve/vendor/github.com/sirupsen/logrus\".Entry in field value\n\u001b[0m\u001b[91m# github.com/gadelkareem/delve/service/rpccommon\nsrc/github.com/gadelkareem/delve/service/rpccommon/server.go:83:3: cannot use logger (type *\"github.com/go-delve/delve/vendor/github.com/sirupsen/logrus\".Entry) as type *\"github.com/gadelkareem/delve/vendor/github.com/sirupsen/logrus\".Entry in field value\n\u001b[0m",
    "raw_stderr_log": "The command '/bin/sh -c go get github.com/beego/bee' returned a non-zero code: 2",
    "html_url": "https://github.com/snagles/docker-registry-manager",
    "repo_commit": "3ab57d790db6c3675d80fa61aec71c886a48d3cf",
    "repo_id": 54489372
  },
  {
    "raw_dockerfile": "FROM golang:1.6\nRUN go get github.com/rancher/trash\nRUN go get github.com/golang/lint/golint\nRUN curl -sL https://get.docker.com/builds/Linux/x86_64/docker-1.9.1 > /usr/bin/docker && \\\n    chmod +x /usr/bin/docker\nENV PATH /go/bin:$PATH\nENV DAPPER_SOURCE /go/src/github.com/rancher/cowbell\nENV DAPPER_OUTPUT bin\nENV DAPPER_DOCKER_SOCKET true\nENV DAPPER_ENV TAG REPO\nENV GO15VENDOREXPERIMENT 1\nENV TRASH_CACHE ${DAPPER_SOURCE}/.trash-cache\nWORKDIR ${DAPPER_SOURCE}\nENTRYPOINT [\"./scripts/entry\"]\nCMD [\"ci\"]",
    "raw_stdout_log": "Sending build context to Docker daemon   2.11MB\r\r\nStep 1/14 : FROM golang:1.6\n1.6: Pulling from library/golang\n5040bd298390: Already exists\nfce5728aad85: Already exists\n76610ec20bf5: Already exists\n86b681f75ff6: Pulling fs layer\n77855d2f51f6: Pulling fs layer\nb989296b493d: Pulling fs layer\n2d403c19702e: Pulling fs layer\n2d403c19702e: Waiting\nb989296b493d: Download complete\n2d403c19702e: Verifying Checksum\n2d403c19702e: Download complete\n86b681f75ff6: Download complete\n77855d2f51f6: Verifying Checksum\n77855d2f51f6: Download complete\n86b681f75ff6: Pull complete\n77855d2f51f6: Pull complete\nb989296b493d: Pull complete\n2d403c19702e: Pull complete\nDigest: sha256:29116f0f6cd2ef6a882639ee222ccb6e2f6d88a1d97d461aaf4c4a2622d252a1\nStatus: Downloaded newer image for golang:1.6\n ---> 63330314bb46\nStep 2/14 : RUN go get github.com/rancher/trash\n ---> Running in 8acf4594373d\nRemoving intermediate container 8acf4594373d\n ---> 5464d89b38b6\nStep 3/14 : RUN go get github.com/golang/lint/golint\n ---> Running in f7897b5cd3c2\n\u001b[91m# golang.org/x/tools/go/internal/gcimporter\nsrc/golang.org/x/tools/go/internal/gcimporter/bexport.go:212: obj.IsAlias undefined (type *types.TypeName has no field or method IsAlias)\nsrc/golang.org/x/tools/go/internal/gcimporter/iexport.go:120: undefined: sort.Slice\nsrc/golang.org/x/tools/go/internal/gcimporter/iexport.go:125: undefined: sort.Slice\nsrc/golang.org/x/tools/go/internal/gcimporter/iexport.go:234: obj.IsAlias undefined (type *types.TypeName has no field or method IsAlias)\nsrc/golang.org/x/tools/go/internal/gcimporter/iimport.go:90: undefined: io.SeekCurrent\nsrc/golang.org/x/tools/go/internal/gcimporter/iimport.go:93: undefined: io.SeekCurrent\nsrc/golang.org/x/tools/go/internal/gcimporter/iimport.go:172: undefined: io.SeekCurrent\nsrc/golang.org/x/tools/go/internal/gcimporter/iimport.go:205: r.declReader.Reset undefined (type bytes.Reader has no field or method Reset)\nsrc/golang.org/x/tools/go/internal/gcimporter/iimport.go:247: r.declReader.Reset undefined (type bytes.Reader has no field or method Reset)\n\u001b[0m",
    "raw_stderr_log": "The command '/bin/sh -c go get github.com/golang/lint/golint' returned a non-zero code: 2",
    "html_url": "https://github.com/ibuildthecloud/cowbell",
    "repo_commit": "1c7074c1ee8d87c7c4572ef37a5bc30c5dd61e58",
    "repo_id": 57295555
  },
  {
    "raw_dockerfile": "# Build Step\nFROM golang:latest AS build\n\n# Prerequisites and vendoring\nRUN mkdir -p $GOPATH/src/github.com/Depado/smallblog\nADD . $GOPATH/src/github.com/Depado/smallblog\nWORKDIR $GOPATH/src/github.com/Depado/smallblog\nRUN go get -u github.com/golang/dep/cmd/dep\nRUN dep ensure -vendor-only\n\n# Build\nARG build\nARG version\nRUN CGO_ENABLED=0 go build -ldflags=\"-s -w -X main.Version=${version} -X main.Build=${build}\" -o /smallblog\n\n# Final Step\nFROM alpine\n\n# Base packages\nRUN apk update\nRUN apk upgrade\nRUN apk add ca-certificates && update-ca-certificates\nRUN apk add --update tzdata\nRUN rm -rf /var/cache/apk/*\n\n# Copy binary from build step\nCOPY --from=build /smallblog /home/\n\n# Define timezone\nENV TZ=Europe/Paris\n\n# Define the ENTRYPOINT\nWORKDIR /home\nENTRYPOINT ./smallblog\n\n# Document that the service listens on port 8080.\nEXPOSE 8080",
    "raw_stdout_log": "Sending build context to Docker daemon  4.531MB\r\r\nStep 1/20 : FROM golang:latest AS build\nlatest: Pulling from library/golang\ne9afc4f90ab0: Already exists\n989e6b19a265: Already exists\naf14b6c2f878: Already exists\n5573c4b30949: Already exists\nd4020e2aa747: Already exists\n85383fed8a84: Pulling fs layer\n0bdb3996894f: Pulling fs layer\n0bdb3996894f: Download complete\n85383fed8a84: Verifying Checksum\n85383fed8a84: Download complete\n85383fed8a84: Pull complete\n0bdb3996894f: Pull complete\nDigest: sha256:d31a307a7e42116adb00d8d70971dbf228460904dd9b6217e911d088aa4b650c\nStatus: Downloaded newer image for golang:latest\n ---> 00d970a31ef2\nStep 2/20 : RUN mkdir -p $GOPATH/src/github.com/Depado/smallblog\n ---> Running in 01f87bf24723\nRemoving intermediate container 01f87bf24723\n ---> 63248b1fb15c\nStep 3/20 : ADD . $GOPATH/src/github.com/Depado/smallblog\n ---> 89b520a93e9f\nStep 4/20 : WORKDIR $GOPATH/src/github.com/Depado/smallblog\nRemoving intermediate container 7fecda144d0a\n ---> 48669cb4987e\nStep 5/20 : RUN go get -u github.com/golang/dep/cmd/dep\n ---> Running in 14606ebc315f\n\u001b[91mgo: downloading github.com/golang/dep v0.5.4\n\u001b[0m\u001b[91mgo: found github.com/golang/dep/cmd/dep in github.com/golang/dep v0.5.4\n\u001b[0m\u001b[91mgo: downloading github.com/pkg/errors v0.8.1\n\u001b[0m\u001b[91mgo: downloading golang.org/x/sync v0.0.0-20181221193216-37e7f081c4d4\n\u001b[0m\u001b[91mgo: finding module for package github.com/armon/go-radix\n\u001b[0m\u001b[91mgo: downloading github.com/pelletier/go-toml v1.4.0\n\u001b[0m\u001b[91mgo: finding module for package github.com/Masterminds/vcs\n\u001b[0m\u001b[91mgo: downloading github.com/golang/protobuf v1.3.2\n\u001b[0m\u001b[91mgo: finding module for package github.com/nightlyone/lockfile\n\u001b[0m\u001b[91mgo: finding module for package github.com/boltdb/bolt\n\u001b[0m\u001b[91mgo: downloading golang.org/x/sys v0.0.0-20190904005037-43c01164e931\n\u001b[0m\u001b[91mgo: finding module for package github.com/sdboyer/constext\n\u001b[0m\u001b[91mgo: finding module for package github.com/Masterminds/semver\n\u001b[0m\u001b[91mgo: finding module for package github.com/jmank88/nuts\n\u001b[0m\u001b[91mgo: downloading gopkg.in/yaml.v2 v2.2.2\n\u001b[0m\u001b[91mgo: downloading github.com/Masterminds/vcs v1.13.1\n\u001b[0m\u001b[91mgo: downloading github.com/boltdb/bolt v1.3.1\n\u001b[0m\u001b[91mgo: downloading github.com/sdboyer/constext v0.0.0-20170321163424-836a14457353\n\u001b[0m\u001b[91mgo: downloading github.com/nightlyone/lockfile v1.0.0\n\u001b[0m\u001b[91mgo: downloading github.com/armon/go-radix v1.0.0\n\u001b[0m\u001b[91mgo: downloading github.com/Masterminds/semver v1.5.0\n\u001b[0m\u001b[91mgo: downloading github.com/jmank88/nuts v0.4.0\n\u001b[0m\u001b[91mgo: found github.com/Masterminds/semver in github.com/Masterminds/semver v1.5.0\ngo: found github.com/Masterminds/vcs in github.com/Masterminds/vcs v1.13.1\ngo: found github.com/armon/go-radix in github.com/armon/go-radix v1.0.0\ngo: found github.com/boltdb/bolt in github.com/boltdb/bolt v1.3.1\ngo: found github.com/jmank88/nuts in github.com/jmank88/nuts v0.4.0\ngo: found github.com/nightlyone/lockfile in github.com/nightlyone/lockfile v1.0.0\ngo: found github.com/sdboyer/constext in github.com/sdboyer/constext v0.0.0-20170321163424-836a14457353\n\u001b[0m\u001b[91mgo: downloading golang.org/x/sys v0.0.0-20191026070338-33540a1f6037\n\u001b[0m\u001b[91mgo: github.com/pelletier/go-toml upgrade => v1.8.0\n\u001b[0m\u001b[91mgo: golang.org/x/sync upgrade => v0.0.0-20200625203802-6e8e738ad208\ngo: gopkg.in/yaml.v2 upgrade => v2.3.0\ngo: github.com/pkg/errors upgrade => v0.9.1\ngo: github.com/golang/protobuf upgrade => v1.4.2\n\u001b[0m\u001b[91mgo: golang.org/x/sys upgrade => v0.0.0-20200625212154-ddb9806d33ae\n\u001b[0m\u001b[91mgo: github.com/boltdb/bolt upgrade => v1.3.1\n\u001b[0m\u001b[91mgo: downloading github.com/pkg/errors v0.9.1\n\u001b[0m\u001b[91mgo: downloading golang.org/x/sync v0.0.0-20200625203802-6e8e738ad208\n\u001b[0m\u001b[91mgo: downloading gopkg.in/yaml.v2 v2.3.0\n\u001b[0m\u001b[91mgo: downloading github.com/golang/protobuf v1.4.2\n\u001b[0m\u001b[91mgo: downloading github.com/pelletier/go-toml v1.8.0\n\u001b[0m\u001b[91mgo: downloading golang.org/x/sys v0.0.0-20200625212154-ddb9806d33ae\n\u001b[0m\u001b[91mgo: downloading google.golang.org/protobuf v1.23.0\n\u001b[0m\u001b[91mgo: google.golang.org/protobuf upgrade => v1.25.0\n\u001b[0m\u001b[91mgo: downloading google.golang.org/protobuf v1.25.0\n\u001b[0m\u001b[91m# github.com/golang/dep/gps\n/go/pkg/mod/github.com/golang/dep@v0.5.4/gps/constraint.go:103:21: cannot use sv (type *semver.Version) as type semver.Version in field value\n/go/pkg/mod/github.com/golang/dep@v0.5.4/gps/constraint.go:122:16: invalid type assertion: c.(semver.Version) (non-interface type *semver.Constraints on left)\n/go/pkg/mod/github.com/golang/dep@v0.5.4/gps/constraint.go:149:4: undefined: semver.Constraint\n\u001b[0m",
    "raw_stderr_log": "The command '/bin/sh -c go get -u github.com/golang/dep/cmd/dep' returned a non-zero code: 2",
    "html_url": "https://github.com/Depado/smallblog",
    "repo_commit": "8e476b69503b575ea47d23756786037b76a63db2",
    "repo_id": 58134241
  },
  {
    "raw_dockerfile": "FROM golang:1.6\nRUN go get github.com/rancher/trash\nRUN go get github.com/golang/lint/golint\nRUN curl -sL https://get.docker.com/builds/Linux/x86_64/docker-1.9.1 > /usr/bin/docker && \\\n    chmod +x /usr/bin/docker\nENV PATH /go/bin:$PATH\nENV DAPPER_SOURCE /go/src/github.com/rancher/secrets-bridge\nENV DAPPER_OUTPUT bin\nENV DAPPER_DOCKER_SOCKET true\nENV DAPPER_ENV TAG REPO\nENV GO15VENDOREXPERIMENT 1\nENV TRASH_CACHE ${DAPPER_SOURCE}/.trash-cache\nWORKDIR ${DAPPER_SOURCE}\nENTRYPOINT [\"./scripts/entry\"]\nCMD [\"ci\"]",
    "raw_stdout_log": "Sending build context to Docker daemon  11.05MB\r\r\nStep 1/14 : FROM golang:1.6\n1.6: Pulling from library/golang\n5040bd298390: Already exists\nfce5728aad85: Already exists\n76610ec20bf5: Pulling fs layer\n86b681f75ff6: Pulling fs layer\n77855d2f51f6: Pulling fs layer\nb989296b493d: Pulling fs layer\n2d403c19702e: Pulling fs layer\n76610ec20bf5: Verifying Checksum\n76610ec20bf5: Download complete\n86b681f75ff6: Verifying Checksum\n86b681f75ff6: Download complete\nb989296b493d: Download complete\n77855d2f51f6: Verifying Checksum\n77855d2f51f6: Download complete\n2d403c19702e: Download complete\n76610ec20bf5: Pull complete\n86b681f75ff6: Pull complete\n77855d2f51f6: Pull complete\nb989296b493d: Pull complete\n2d403c19702e: Pull complete\nDigest: sha256:29116f0f6cd2ef6a882639ee222ccb6e2f6d88a1d97d461aaf4c4a2622d252a1\nStatus: Downloaded newer image for golang:1.6\n ---> 63330314bb46\nStep 2/14 : RUN go get github.com/rancher/trash\n ---> Running in 7d1b2ceb0967\nRemoving intermediate container 7d1b2ceb0967\n ---> 3af5fa566aa9\nStep 3/14 : RUN go get github.com/golang/lint/golint\n ---> Running in 87a7b25a3381\n\u001b[91m# golang.org/x/tools/go/internal/gcimporter\nsrc/golang.org/x/tools/go/internal/gcimporter/bexport.go:212: obj.IsAlias undefined (type *types.TypeName has no field or method IsAlias)\nsrc/golang.org/x/tools/go/internal/gcimporter/iexport.go:120: undefined: sort.Slice\nsrc/golang.org/x/tools/go/internal/gcimporter/iexport.go:125: undefined: sort.Slice\nsrc/golang.org/x/tools/go/internal/gcimporter/iexport.go:234: obj.IsAlias undefined (type *types.TypeName has no field or method IsAlias)\nsrc/golang.org/x/tools/go/internal/gcimporter/iimport.go:90: undefined: io.SeekCurrent\nsrc/golang.org/x/tools/go/internal/gcimporter/iimport.go:93: undefined: io.SeekCurrent\nsrc/golang.org/x/tools/go/internal/gcimporter/iimport.go:172: undefined: io.SeekCurrent\nsrc/golang.org/x/tools/go/internal/gcimporter/iimport.go:205: r.declReader.Reset undefined (type bytes.Reader has no field or method Reset)\nsrc/golang.org/x/tools/go/internal/gcimporter/iimport.go:247: r.declReader.Reset undefined (type bytes.Reader has no field or method Reset)\n\u001b[0m",
    "raw_stderr_log": "The command '/bin/sh -c go get github.com/golang/lint/golint' returned a non-zero code: 2",
    "html_url": "https://github.com/rancher/secrets-bridge",
    "repo_commit": "cbda250c0f17e2107c8a0eee348a4a405b139c6d",
    "repo_id": 58500766
  },
  {
    "raw_dockerfile": "FROM golang:alpine AS build\n\nRUN apk add --no-cache \\\n        git\n\nRUN go get -d github.com/libgit2/git2go\nRUN cd $GOPATH/src/github.com/libgit2/git2go \\\n && git submodule update --init\n\nRUN apk add --no-cache \\\n        make\\\n        cmake \\\n        g++ \\\n        openssl-dev \\\n        libssh2-dev\n\nRUN cd $GOPATH/src/github.com/libgit2/git2go \\\n && make install-static\n\nCOPY . /go/src/github.com/jderusse/gitsplit/\n\nRUN go get --tags \"static\" github.com/jderusse/gitsplit\nRUN go build --tags \"static\" -o gitsplit github.com/jderusse/gitsplit\n\n# ==================================================\n\nFROM alpine\n\nRUN apk add --no-cache \\\n        git \\\n        openssl \\\n        openssh-client \\\n        ca-certificates\n\nCOPY --from=build /go/gitsplit /bin/gitsplit\n\nWORKDIR /srv\nCMD [\"gitsplit\"]",
    "raw_stdout_log": "Sending build context to Docker daemon  153.1kB\r\r\nStep 1/14 : FROM golang:alpine AS build\nalpine: Pulling from library/golang\ndf20fa9351a1: Already exists\ned8968b2872e: Already exists\na92cc7c5fd73: Already exists\n9e0cccf56431: Already exists\ncbe0275821fc: Already exists\nDigest: sha256:6042b9cfb4eb303f3bdcbfeaba79b45130d170939318de85ac5b9508cb6f0f7e\nStatus: Downloaded newer image for golang:alpine\n ---> 3289bf11c284\nStep 2/14 : RUN apk add --no-cache         git\n ---> Running in 92d03b376b50\nfetch http://dl-cdn.alpinelinux.org/alpine/v3.12/main/x86_64/APKINDEX.tar.gz\nfetch http://dl-cdn.alpinelinux.org/alpine/v3.12/community/x86_64/APKINDEX.tar.gz\n(1/5) Installing nghttp2-libs (1.41.0-r0)\n(2/5) Installing libcurl (7.69.1-r0)\n(3/5) Installing expat (2.2.9-r1)\n(4/5) Installing pcre2 (10.35-r0)\n(5/5) Installing git (2.26.2-r0)\nExecuting busybox-1.31.1-r16.trigger\nOK: 22 MiB in 20 packages\nRemoving intermediate container 92d03b376b50\n ---> 7d2d545d6325\nStep 3/14 : RUN go get -d github.com/libgit2/git2go\n ---> Running in 7059dc18e5a4\nError removing intermediate container 7059dc18e5a4: No such container: 7059dc18e5a462f1d9fc329362e58524ad7e2f6fe655c6d4f575a592b841579a\n ---> 41fc7ee76cfd\nStep 4/14 : RUN cd $GOPATH/src/github.com/libgit2/git2go  && git submodule update --init\n ---> Running in 01423d698ac8\nError removing intermediate container 7059dc18e5a4: No such container: 7059dc18e5a462f1d9fc329362e58524ad7e2f6fe655c6d4f575a592b841579a\n ---> cbe3210abaf2\nStep 5/14 : RUN apk add --no-cache         make        cmake         g++         openssl-dev         libssh2-dev\n ---> Running in 997a9a02254b\nfetch http://dl-cdn.alpinelinux.org/alpine/v3.12/main/x86_64/APKINDEX.tar.gz\nfetch http://dl-cdn.alpinelinux.org/alpine/v3.12/community/x86_64/APKINDEX.tar.gz\n(1/32) Upgrading musl (1.1.24-r8 -> 1.1.24-r9)\n(2/32) Installing libacl (2.2.53-r0)\n(3/32) Installing libbz2 (1.0.8-r1)\n(4/32) Installing lz4-libs (1.9.2-r0)\n(5/32) Installing xz-libs (5.2.5-r0)\n(6/32) Installing zstd-libs (1.4.5-r0)\n(7/32) Installing libarchive (3.4.3-r0)\n(8/32) Installing ncurses-terminfo-base (6.2_p20200523-r0)\n(9/32) Installing ncurses-libs (6.2_p20200523-r0)\n(10/32) Installing libgcc (9.3.0-r2)\n(11/32) Installing rhash-libs (1.3.9-r1)\n(12/32) Installing libstdc++ (9.3.0-r2)\n(13/32) Installing libuv (1.37.0-r0)\n(14/32) Installing cmake (3.17.2-r0)\n(15/32) Installing binutils (2.34-r1)\n(16/32) Installing gmp (6.2.0-r0)\n(17/32) Installing isl (0.18-r0)\n(18/32) Installing libgomp (9.3.0-r2)\n(19/32) Installing libatomic (9.3.0-r2)\n(20/32) Installing libgphobos (9.3.0-r2)\n(21/32) Installing mpfr4 (4.0.2-r4)\n(22/32) Installing mpc1 (1.1.0-r1)\n(23/32) Installing gcc (9.3.0-r2)\n(24/32) Installing musl-dev (1.1.24-r9)\n(25/32) Installing libc-dev (0.7.2-r3)\n(26/32) Installing g++ (9.3.0-r2)\n(27/32) Installing libssh2 (1.9.0-r1)\n(28/32) Installing pkgconf (1.7.2-r0)\n(29/32) Installing openssl-dev (1.1.1g-r0)\n(30/32) Installing zlib-dev (1.2.11-r3)\n(31/32) Installing libssh2-dev (1.9.0-r1)\n(32/32) Installing make (4.3-r0)\nExecuting busybox-1.31.1-r16.trigger\nOK: 263 MiB in 51 packages\nRemoving intermediate container 01423d698ac8\nRemoving intermediate container 997a9a02254b\nError removing intermediate container 7059dc18e5a4: No such container: 7059dc18e5a462f1d9fc329362e58524ad7e2f6fe655c6d4f575a592b841579a\n ---> d3ef8f052264\nStep 6/14 : RUN cd $GOPATH/src/github.com/libgit2/git2go  && make install-static\n ---> Running in 466313c63c3d\n./script/build-libgit2-static.sh\n-- The C compiler identification is GNU 9.3.0\n-- Check for working C compiler: /usr/bin/cc\n-- Check for working C compiler: /usr/bin/cc - works\n-- Detecting C compiler ABI info\n-- Detecting C compiler ABI info - done\n-- Detecting C compile features\n-- Detecting C compile features - done\n-- Found PkgConfig: /usr/bin/pkg-config (found version \"1.7.2\") \n-- Looking for pthread.h\n-- Looking for pthread.h - found\n-- Performing Test CMAKE_HAVE_LIBC_PTHREAD\n-- Performing Test CMAKE_HAVE_LIBC_PTHREAD - Success\n-- Found Threads: TRUE  \n-- Performing Test HAVE_STRUCT_STAT_ST_MTIM\n-- Performing Test HAVE_STRUCT_STAT_ST_MTIM - Success\n-- Performing Test HAVE_STRUCT_STAT_ST_MTIMESPEC\n-- Performing Test HAVE_STRUCT_STAT_ST_MTIMESPEC - Failed\n-- Performing Test HAVE_STRUCT_STAT_MTIME_NSEC\n-- Performing Test HAVE_STRUCT_STAT_MTIME_NSEC - Failed\n-- Performing Test HAVE_STRUCT_STAT_NSEC\n-- Performing Test HAVE_STRUCT_STAT_NSEC - Success\n-- Performing Test IS_WALL_SUPPORTED\n-- Performing Test IS_WALL_SUPPORTED - Success\n-- Performing Test IS_WEXTRA_SUPPORTED\n-- Performing Test IS_WEXTRA_SUPPORTED - Success\n-- Performing Test IS_WDOCUMENTATION_SUPPORTED\n-- Performing Test IS_WDOCUMENTATION_SUPPORTED - Failed\n-- Performing Test IS_WNO_MISSING_FIELD_INITIALIZERS_SUPPORTED\n-- Performing Test IS_WNO_MISSING_FIELD_INITIALIZERS_SUPPORTED - Success\n-- Performing Test IS_WSTRICT_ALIASING_SUPPORTED\n-- Performing Test IS_WSTRICT_ALIASING_SUPPORTED - Success\n-- Performing Test IS_WSTRICT_PROTOTYPES_SUPPORTED\n-- Performing Test IS_WSTRICT_PROTOTYPES_SUPPORTED - Success\n-- Performing Test IS_WDECLARATION_AFTER_STATEMENT_SUPPORTED\n-- Performing Test IS_WDECLARATION_AFTER_STATEMENT_SUPPORTED - Success\n-- Performing Test IS_WSHIFT_COUNT_OVERFLOW_SUPPORTED\n-- Performing Test IS_WSHIFT_COUNT_OVERFLOW_SUPPORTED - Success\n-- Performing Test IS_WUNUSED_CONST_VARIABLE_SUPPORTED\n-- Performing Test IS_WUNUSED_CONST_VARIABLE_SUPPORTED - Success\n-- Performing Test IS_WUNUSED_FUNCTION_SUPPORTED\n-- Performing Test IS_WUNUSED_FUNCTION_SUPPORTED - Success\n-- Performing Test IS_WINT_CONVERSION_SUPPORTED\n-- Performing Test IS_WINT_CONVERSION_SUPPORTED - Success\n-- Performing Test IS_WFORMAT_SUPPORTED\n-- Performing Test IS_WFORMAT_SUPPORTED - Success\n-- Performing Test IS_WFORMAT_SECURITY_SUPPORTED\n-- Performing Test IS_WFORMAT_SECURITY_SUPPORTED - Success\n-- Looking for futimens\n-- Looking for futimens - found\n-- Checking prototype qsort_r for HAVE_QSORT_R_BSD - False\n-- Checking prototype qsort_r for HAVE_QSORT_R_GNU - False\n-- Looking for qsort_s\n-- Looking for qsort_s - not found\n-- Looking for clock_gettime in rt\n-- Looking for clock_gettime in rt - found\n-- Found OpenSSL: /usr/lib/libcrypto.so (found version \"1.1.1g\")  \n-- Could NOT find PCRE (missing: PCRE_LIBRARY PCRE_POSIX_LIBRARY PCRE_INCLUDE_DIR) \n-- Looking for dirent.h\n-- Looking for dirent.h - found\n-- Looking for stdint.h\n-- Looking for stdint.h - found\n-- Looking for inttypes.h\n-- Looking for inttypes.h - found\n-- Looking for sys/stat.h\n-- Looking for sys/stat.h - found\n-- Looking for sys/types.h\n-- Looking for sys/types.h - found\n-- Looking for unistd.h\n-- Looking for unistd.h - found\n-- Looking for windows.h\n-- Looking for windows.h - not found\n-- Looking for bcopy\n-- Looking for bcopy - found\n-- Looking for memmove\n-- Looking for memmove - found\n-- Looking for strerror\n-- Looking for strerror - found\n-- Looking for strtoll\n-- Looking for strtoll - found\n-- Looking for strtoq\n-- Looking for strtoq - not found\n-- Looking for _strtoi64\n-- Looking for _strtoi64 - not found\n-- Looking for stddef.h\n-- Looking for stddef.h - found\n-- Check size of long long\n-- Check size of long long - done\n-- Check size of unsigned long long\n-- Check size of unsigned long long - done\n-- Performing Test IS_WNO_UNUSED_FUNCTION_SUPPORTED\n-- Performing Test IS_WNO_UNUSED_FUNCTION_SUPPORTED - Success\n-- Performing Test IS_WNO_IMPLICIT_FALLTHROUGH_SUPPORTED\n-- Performing Test IS_WNO_IMPLICIT_FALLTHROUGH_SUPPORTED - Success\n-- http-parser version 2 was not found or disabled; using bundled 3rd-party sources.\n-- Performing Test IS_WIMPLICIT_FALLTHROUGH_1_SUPPORTED\n-- Performing Test IS_WIMPLICIT_FALLTHROUGH_1_SUPPORTED - Success\n-- Found ZLIB: /lib/libz.so (found version \"1.2.11\") \n-- Checking for module 'libssh2'\n--   Found libssh2, version 1.9.0\n--   Resolved libraries: /usr/lib/libssh2.so\n-- Looking for libssh2_userauth_publickey_frommemory in /usr/lib/libssh2.so\n-- Looking for libssh2_userauth_publickey_frommemory in /usr/lib/libssh2.so - found\n-- Checking for module 'heimdal-gssapi'\n--   Package 'heimdal-gssapi', required by 'virtual:world', not found\n-- Could NOT find GSSAPI (missing: GSSAPI_LIBRARIES GSSAPI_INCLUDE_DIR) \n-- Enabled features:\n * nanoseconds, whether to use sub-second file mtimes and ctimes\n * tracing, tracing support\n * threadsafe, threadsafe support\n * HTTPS, using OpenSSL\n * SHA, using CollisionDetection\n * regex, using bundled PCRE\n * http-parser, http-parser support (bundled)\n * zlib, using system zlib\n * SSH, SSH transport support\n * ntlmclient, NTLM authentication support for Unix\n\n-- Disabled features:\n * debugpool, debug pool allocator\n * SPNEGO, SPNEGO authentication support\n * iconv, iconv encoding conversion support\n\n-- Configuring done\n-- Generating done\n-- Build files have been written to: /go/src/github.com/libgit2/git2go/static-build/build\nmake[1]: Entering directory '/go/src/github.com/libgit2/git2go/static-build/build'\nmake[2]: Entering directory '/go/src/github.com/libgit2/git2go/static-build/build'\nmake[3]: Entering directory '/go/src/github.com/libgit2/git2go/static-build/build'\nScanning dependencies of target git2internal\nmake[3]: Leaving directory '/go/src/github.com/libgit2/git2go/static-build/build'\nmake[3]: Entering directory '/go/src/github.com/libgit2/git2go/static-build/build'\n[  1%] Building C object src/CMakeFiles/git2internal.dir/alloc.c.o\n[  1%] Building C object src/CMakeFiles/git2internal.dir/allocators/stdalloc.c.o\n[  2%] Building C object src/CMakeFiles/git2internal.dir/allocators/win32_crtdbg.c.o\n[  2%] Building C object src/CMakeFiles/git2internal.dir/annotated_commit.c.o\n[  3%] Building C object src/CMakeFiles/git2internal.dir/apply.c.o\n[  3%] Building C object src/CMakeFiles/git2internal.dir/attr.c.o\n[  4%] Building C object src/CMakeFiles/git2internal.dir/attr_file.c.o\n[  4%] Building C object src/CMakeFiles/git2internal.dir/attrcache.c.o\n[  5%] Building C object src/CMakeFiles/git2internal.dir/blame.c.o\n[  5%] Building C object src/CMakeFiles/git2internal.dir/blame_git.c.o\n[  6%] Building C object src/CMakeFiles/git2internal.dir/blob.c.o\n[  7%] Building C object src/CMakeFiles/git2internal.dir/branch.c.o\n[  7%] Building C object src/CMakeFiles/git2internal.dir/buf_text.c.o\n[  8%] Building C object src/CMakeFiles/git2internal.dir/buffer.c.o\n[  8%] Building C object src/CMakeFiles/git2internal.dir/cache.c.o\n[  9%] Building C object src/CMakeFiles/git2internal.dir/checkout.c.o\n[  9%] Building C object src/CMakeFiles/git2internal.dir/cherrypick.c.o\n[ 10%] Building C object src/CMakeFiles/git2internal.dir/clone.c.o\n[ 10%] Building C object src/CMakeFiles/git2internal.dir/commit.c.o\n[ 11%] Building C object src/CMakeFiles/git2internal.dir/commit_list.c.o\n[ 11%] Building C object src/CMakeFiles/git2internal.dir/config.c.o\n[ 12%] Building C object src/CMakeFiles/git2internal.dir/config_cache.c.o\n[ 12%] Building C object src/CMakeFiles/git2internal.dir/config_entries.c.o\n[ 13%] Building C object src/CMakeFiles/git2internal.dir/config_file.c.o\n[ 14%] Building C object src/CMakeFiles/git2internal.dir/config_mem.c.o\n[ 14%] Building C object src/CMakeFiles/git2internal.dir/config_parse.c.o\n[ 15%] Building C object src/CMakeFiles/git2internal.dir/config_snapshot.c.o\n[ 15%] Building C object src/CMakeFiles/git2internal.dir/crlf.c.o\n[ 16%] Building C object src/CMakeFiles/git2internal.dir/date.c.o\n[ 16%] Building C object src/CMakeFiles/git2internal.dir/delta.c.o\n[ 17%] Building C object src/CMakeFiles/git2internal.dir/describe.c.o\n[ 17%] Building C object src/CMakeFiles/git2internal.dir/diff.c.o\n[ 18%] Building C object src/CMakeFiles/git2internal.dir/diff_driver.c.o\n[ 18%] Building C object src/CMakeFiles/git2internal.dir/diff_file.c.o\n[ 19%] Building C object src/CMakeFiles/git2internal.dir/diff_generate.c.o\n[ 20%] Building C object src/CMakeFiles/git2internal.dir/diff_parse.c.o\n[ 20%] Building C object src/CMakeFiles/git2internal.dir/diff_print.c.o\n[ 21%] Building C object src/CMakeFiles/git2internal.dir/diff_stats.c.o\n[ 21%] Building C object src/CMakeFiles/git2internal.dir/diff_tform.c.o\n[ 22%] Building C object src/CMakeFiles/git2internal.dir/diff_xdiff.c.o\n[ 22%] Building C object src/CMakeFiles/git2internal.dir/errors.c.o\n[ 23%] Building C object src/CMakeFiles/git2internal.dir/fetch.c.o\n[ 23%] Building C object src/CMakeFiles/git2internal.dir/fetchhead.c.o\n[ 24%] Building C object src/CMakeFiles/git2internal.dir/filebuf.c.o\n[ 24%] Building C object src/CMakeFiles/git2internal.dir/filter.c.o\n[ 25%] Building C object src/CMakeFiles/git2internal.dir/futils.c.o\n[ 25%] Building C object src/CMakeFiles/git2internal.dir/global.c.o\n[ 26%] Building C object src/CMakeFiles/git2internal.dir/graph.c.o\n[ 27%] Building C object src/CMakeFiles/git2internal.dir/hash.c.o\n[ 27%] Building C object src/CMakeFiles/git2internal.dir/hashsig.c.o\n[ 28%] Building C object src/CMakeFiles/git2internal.dir/ident.c.o\n[ 28%] Building C object src/CMakeFiles/git2internal.dir/idxmap.c.o\n[ 29%] Building C object src/CMakeFiles/git2internal.dir/ignore.c.o\n[ 29%] Building C object src/CMakeFiles/git2internal.dir/index.c.o\n[ 30%] Building C object src/CMakeFiles/git2internal.dir/indexer.c.o\n[ 30%] Building C object src/CMakeFiles/git2internal.dir/iterator.c.o\n[ 31%] Building C object src/CMakeFiles/git2internal.dir/mailmap.c.o\n[ 31%] Building C object src/CMakeFiles/git2internal.dir/merge.c.o\n[ 32%] Building C object src/CMakeFiles/git2internal.dir/merge_driver.c.o\n[ 32%] Building C object src/CMakeFiles/git2internal.dir/merge_file.c.o\n[ 33%] Building C object src/CMakeFiles/git2internal.dir/message.c.o\n[ 34%] Building C object src/CMakeFiles/git2internal.dir/mwindow.c.o\n[ 34%] Building C object src/CMakeFiles/git2internal.dir/net.c.o\n[ 35%] Building C object src/CMakeFiles/git2internal.dir/netops.c.o\n[ 35%] Building C object src/CMakeFiles/git2internal.dir/notes.c.o\n[ 36%] Building C object src/CMakeFiles/git2internal.dir/object.c.o\n[ 36%] Building C object src/CMakeFiles/git2internal.dir/object_api.c.o\n[ 37%] Building C object src/CMakeFiles/git2internal.dir/odb.c.o\n[ 37%] Building C object src/CMakeFiles/git2internal.dir/odb_loose.c.o\n[ 38%] Building C object src/CMakeFiles/git2internal.dir/odb_mempack.c.o\n[ 38%] Building C object src/CMakeFiles/git2internal.dir/odb_pack.c.o\n[ 39%] Building C object src/CMakeFiles/git2internal.dir/offmap.c.o\n[ 40%] Building C object src/CMakeFiles/git2internal.dir/oid.c.o\n[ 40%] Building C object src/CMakeFiles/git2internal.dir/oidarray.c.o\n[ 41%] Building C object src/CMakeFiles/git2internal.dir/oidmap.c.o\n[ 41%] Building C object src/CMakeFiles/git2internal.dir/pack-objects.c.o\n[ 42%] Building C object src/CMakeFiles/git2internal.dir/pack.c.o\n[ 42%] Building C object src/CMakeFiles/git2internal.dir/parse.c.o\n[ 43%] Building C object src/CMakeFiles/git2internal.dir/patch.c.o\n[ 43%] Building C object src/CMakeFiles/git2internal.dir/patch_generate.c.o\n[ 44%] Building C object src/CMakeFiles/git2internal.dir/patch_parse.c.o\n[ 44%] Building C object src/CMakeFiles/git2internal.dir/path.c.o\n[ 45%] Building C object src/CMakeFiles/git2internal.dir/pathspec.c.o\n[ 45%] Building C object src/CMakeFiles/git2internal.dir/pool.c.o\n[ 46%] Building C object src/CMakeFiles/git2internal.dir/posix.c.o\n[ 47%] Building C object src/CMakeFiles/git2internal.dir/pqueue.c.o\n[ 47%] Building C object src/CMakeFiles/git2internal.dir/proxy.c.o\n[ 48%] Building C object src/CMakeFiles/git2internal.dir/push.c.o\n[ 48%] Building C object src/CMakeFiles/git2internal.dir/reader.c.o\n[ 49%] Building C object src/CMakeFiles/git2internal.dir/rebase.c.o\n[ 49%] Building C object src/CMakeFiles/git2internal.dir/refdb.c.o\n[ 50%] Building C object src/CMakeFiles/git2internal.dir/refdb_fs.c.o\n[ 50%] Building C object src/CMakeFiles/git2internal.dir/reflog.c.o\n[ 51%] Building C object src/CMakeFiles/git2internal.dir/refs.c.o\n\u001b[91m/go/src/github.com/libgit2/git2go/vendor/libgit2/src/refs.c: In function 'git_reference_lookup_resolved':\n/go/src/github.com/libgit2/git2go/vendor/libgit2/src/refs.c:245:4: warning: 'strncpy' specified bound 1024 equals destination size [-Wstringop-truncation]\n  245 |    strncpy(scan_name, ref->target.symbolic, sizeof(scan_name));\n      |    ^~~~~~~~~~~~~~~~~~~~~~~~~~~~~~~~~~~~~~~~~~~~~~~~~~~~~~~~~~~\n\u001b[0m[ 51%] Building C object src/CMakeFiles/git2internal.dir/refspec.c.o\n[ 52%] Building C object src/CMakeFiles/git2internal.dir/regexp.c.o\n[ 52%] Building C object src/CMakeFiles/git2internal.dir/remote.c.o\n[ 53%] Building C object src/CMakeFiles/git2internal.dir/repository.c.o\n[ 54%] Building C object src/CMakeFiles/git2internal.dir/reset.c.o\n[ 54%] Building C object src/CMakeFiles/git2internal.dir/revert.c.o\n[ 55%] Building C object src/CMakeFiles/git2internal.dir/revparse.c.o\n[ 55%] Building C object src/CMakeFiles/git2internal.dir/revwalk.c.o\n[ 56%] Building C object src/CMakeFiles/git2internal.dir/settings.c.o\n[ 56%] Building C object src/CMakeFiles/git2internal.dir/signature.c.o\n[ 57%] Building C object src/CMakeFiles/git2internal.dir/sortedcache.c.o\n[ 57%] Building C object src/CMakeFiles/git2internal.dir/stash.c.o\n[ 58%] Building C object src/CMakeFiles/git2internal.dir/status.c.o\n[ 58%] Building C object src/CMakeFiles/git2internal.dir/streams/mbedtls.c.o\n[ 59%] Building C object src/CMakeFiles/git2internal.dir/streams/openssl.c.o\n[ 60%] Building C object src/CMakeFiles/git2internal.dir/streams/registry.c.o\n[ 60%] Building C object src/CMakeFiles/git2internal.dir/streams/socket.c.o\n[ 61%] Building C object src/CMakeFiles/git2internal.dir/streams/stransport.c.o\n[ 61%] Building C object src/CMakeFiles/git2internal.dir/streams/tls.c.o\n[ 62%] Building C object src/CMakeFiles/git2internal.dir/strmap.c.o\n[ 62%] Building C object src/CMakeFiles/git2internal.dir/submodule.c.o\n[ 63%] Building C object src/CMakeFiles/git2internal.dir/sysdir.c.o\n[ 63%] Building C object src/CMakeFiles/git2internal.dir/tag.c.o\n[ 64%] Building C object src/CMakeFiles/git2internal.dir/thread-utils.c.o\n[ 64%] Building C object src/CMakeFiles/git2internal.dir/trace.c.o\n[ 65%] Building C object src/CMakeFiles/git2internal.dir/trailer.c.o\n[ 65%] Building C object src/CMakeFiles/git2internal.dir/transaction.c.o\n[ 66%] Building C object src/CMakeFiles/git2internal.dir/transport.c.o\n[ 67%] Building C object src/CMakeFiles/git2internal.dir/transports/auth.c.o\n[ 67%] Building C object src/CMakeFiles/git2internal.dir/transports/auth_negotiate.c.o\n[ 68%] Building C object src/CMakeFiles/git2internal.dir/transports/auth_ntlm.c.o\n[ 68%] Building C object src/CMakeFiles/git2internal.dir/transports/credential.c.o\n[ 69%] Building C object src/CMakeFiles/git2internal.dir/transports/credential_helpers.c.o\n[ 69%] Building C object src/CMakeFiles/git2internal.dir/transports/git.c.o\n[ 70%] Building C object src/CMakeFiles/git2internal.dir/transports/http.c.o\n[ 70%] Building C object src/CMakeFiles/git2internal.dir/transports/httpclient.c.o\n[ 71%] Building C object src/CMakeFiles/git2internal.dir/transports/local.c.o\n[ 71%] Building C object src/CMakeFiles/git2internal.dir/transports/smart.c.o\n[ 72%] Building C object src/CMakeFiles/git2internal.dir/transports/smart_pkt.c.o\n[ 72%] Building C object src/CMakeFiles/git2internal.dir/transports/smart_protocol.c.o\n[ 73%] Building C object src/CMakeFiles/git2internal.dir/transports/ssh.c.o\n[ 74%] Building C object src/CMakeFiles/git2internal.dir/transports/winhttp.c.o\n[ 74%] Building C object src/CMakeFiles/git2internal.dir/tree-cache.c.o\n[ 75%] Building C object src/CMakeFiles/git2internal.dir/tree.c.o\n[ 75%] Building C object src/CMakeFiles/git2internal.dir/tsort.c.o\n[ 76%] Building C object src/CMakeFiles/git2internal.dir/util.c.o\n[ 76%] Building C object src/CMakeFiles/git2internal.dir/varint.c.o\n[ 77%] Building C object src/CMakeFiles/git2internal.dir/vector.c.o\n[ 77%] Building C object src/CMakeFiles/git2internal.dir/wildmatch.c.o\n[ 78%] Building C object src/CMakeFiles/git2internal.dir/worktree.c.o\n[ 78%] Building C object src/CMakeFiles/git2internal.dir/xdiff/xdiffi.c.o\n[ 79%] Building C object src/CMakeFiles/git2internal.dir/xdiff/xemit.c.o\n[ 80%] Building C object src/CMakeFiles/git2internal.dir/xdiff/xhistogram.c.o\n[ 80%] Building C object src/CMakeFiles/git2internal.dir/xdiff/xmerge.c.o\n[ 81%] Building C object src/CMakeFiles/git2internal.dir/xdiff/xpatience.c.o\n[ 81%] Building C object src/CMakeFiles/git2internal.dir/xdiff/xprepare.c.o\n[ 82%] Building C object src/CMakeFiles/git2internal.dir/xdiff/xutils.c.o\n[ 82%] Building C object src/CMakeFiles/git2internal.dir/zstream.c.o\n[ 83%] Building C object src/CMakeFiles/git2internal.dir/unix/map.c.o\n[ 83%] Building C object src/CMakeFiles/git2internal.dir/unix/realpath.c.o\n[ 84%] Building C object src/CMakeFiles/git2internal.dir/hash/sha1/collisiondetect.c.o\n[ 84%] Building C object src/CMakeFiles/git2internal.dir/hash/sha1/sha1dc/sha1.c.o\n[ 85%] Building C object src/CMakeFiles/git2internal.dir/hash/sha1/sha1dc/ubc_check.c.o\nmake[3]: Leaving directory '/go/src/github.com/libgit2/git2go/static-build/build'\n[ 85%] Built target git2internal\nmake[3]: Entering directory '/go/src/github.com/libgit2/git2go/static-build/build'\nScanning dependencies of target ntlmclient\nmake[3]: Leaving directory '/go/src/github.com/libgit2/git2go/static-build/build'\nmake[3]: Entering directory '/go/src/github.com/libgit2/git2go/static-build/build'\n[ 86%] Building C object deps/ntlmclient/CMakeFiles/ntlmclient.dir/ntlm.c.o\n[ 87%] Building C object deps/ntlmclient/CMakeFiles/ntlmclient.dir/unicode_builtin.c.o\n[ 87%] Building C object deps/ntlmclient/CMakeFiles/ntlmclient.dir/util.c.o\n[ 88%] Building C object deps/ntlmclient/CMakeFiles/ntlmclient.dir/crypt_openssl.c.o\nmake[3]: Leaving directory '/go/src/github.com/libgit2/git2go/static-build/build'\n[ 88%] Built target ntlmclient\nmake[3]: Entering directory '/go/src/github.com/libgit2/git2go/static-build/build'\nScanning dependencies of target pcre\nmake[3]: Leaving directory '/go/src/github.com/libgit2/git2go/static-build/build'\nmake[3]: Entering directory '/go/src/github.com/libgit2/git2go/static-build/build'\n[ 88%] Building C object deps/pcre/CMakeFiles/pcre.dir/pcre_byte_order.c.o\n[ 89%] Building C object deps/pcre/CMakeFiles/pcre.dir/pcre_chartables.c.o\n[ 89%] Building C object deps/pcre/CMakeFiles/pcre.dir/pcre_compile.c.o\n[ 90%] Building C object deps/pcre/CMakeFiles/pcre.dir/pcre_config.c.o\n[ 90%] Building C object deps/pcre/CMakeFiles/pcre.dir/pcre_dfa_exec.c.o\n[ 91%] Building C object deps/pcre/CMakeFiles/pcre.dir/pcre_exec.c.o\n[ 91%] Building C object deps/pcre/CMakeFiles/pcre.dir/pcre_fullinfo.c.o\n[ 92%] Building C object deps/pcre/CMakeFiles/pcre.dir/pcre_get.c.o\n[ 92%] Building C object deps/pcre/CMakeFiles/pcre.dir/pcre_globals.c.o\n[ 93%] Building C object deps/pcre/CMakeFiles/pcre.dir/pcre_jit_compile.c.o\n[ 94%] Building C object deps/pcre/CMakeFiles/pcre.dir/pcre_maketables.c.o\n[ 94%] Building C object deps/pcre/CMakeFiles/pcre.dir/pcre_newline.c.o\n[ 95%] Building C object deps/pcre/CMakeFiles/pcre.dir/pcre_ord2utf8.c.o\n[ 95%] Building C object deps/pcre/CMakeFiles/pcre.dir/pcre_refcount.c.o\n[ 96%] Building C object deps/pcre/CMakeFiles/pcre.dir/pcre_string_utils.c.o\n[ 96%] Building C object deps/pcre/CMakeFiles/pcre.dir/pcre_study.c.o\n[ 97%] Building C object deps/pcre/CMakeFiles/pcre.dir/pcre_tables.c.o\n[ 97%] Building C object deps/pcre/CMakeFiles/pcre.dir/pcre_ucd.c.o\n[ 98%] Building C object deps/pcre/CMakeFiles/pcre.dir/pcre_valid_utf8.c.o\n[ 98%] Building C object deps/pcre/CMakeFiles/pcre.dir/pcre_version.c.o\n[ 99%] Building C object deps/pcre/CMakeFiles/pcre.dir/pcre_xclass.c.o\n[100%] Building C object deps/pcre/CMakeFiles/pcre.dir/pcreposix.c.o\nmake[3]: Leaving directory '/go/src/github.com/libgit2/git2go/static-build/build'\n[100%] Built target pcre\nmake[3]: Entering directory '/go/src/github.com/libgit2/git2go/static-build/build'\nScanning dependencies of target http-parser\nmake[3]: Leaving directory '/go/src/github.com/libgit2/git2go/static-build/build'\nmake[3]: Entering directory '/go/src/github.com/libgit2/git2go/static-build/build'\n[100%] Building C object deps/http-parser/CMakeFiles/http-parser.dir/http_parser.c.o\nmake[3]: Leaving directory '/go/src/github.com/libgit2/git2go/static-build/build'\n[100%] Built target http-parser\nmake[3]: Entering directory '/go/src/github.com/libgit2/git2go/static-build/build'\nScanning dependencies of target git2\nmake[3]: Leaving directory '/go/src/github.com/libgit2/git2go/static-build/build'\nmake[3]: Entering directory '/go/src/github.com/libgit2/git2go/static-build/build'\n[100%] Linking C static library ../libgit2.a\nmake[3]: Leaving directory '/go/src/github.com/libgit2/git2go/static-build/build'\n[100%] Built target git2\nmake[2]: Leaving directory '/go/src/github.com/libgit2/git2go/static-build/build'\nInstall the project...\n-- Install configuration: \"RelWithDebInfo\"\n-- Installing: /go/src/github.com/libgit2/git2go/static-build/install/lib64/pkgconfig/libgit2.pc\n-- Installing: /go/src/github.com/libgit2/git2go/static-build/install/lib64/libgit2.a\n-- Installing: /go/src/github.com/libgit2/git2go/static-build/install/include/git2\n-- Installing: /go/src/github.com/libgit2/git2go/static-build/install/include/git2/annotated_commit.h\n-- Installing: /go/src/github.com/libgit2/git2go/static-build/install/include/git2/apply.h\n-- Installing: /go/src/github.com/libgit2/git2go/static-build/install/include/git2/attr.h\n-- Installing: /go/src/github.com/libgit2/git2go/static-build/install/include/git2/blame.h\n-- Installing: /go/src/github.com/libgit2/git2go/static-build/install/include/git2/blob.h\n-- Installing: /go/src/github.com/libgit2/git2go/static-build/install/include/git2/branch.h\n-- Installing: /go/src/github.com/libgit2/git2go/static-build/install/include/git2/buffer.h\n-- Installing: /go/src/github.com/libgit2/git2go/static-build/install/include/git2/cert.h\n-- Installing: /go/src/github.com/libgit2/git2go/static-build/install/include/git2/checkout.h\n-- Installing: /go/src/github.com/libgit2/git2go/static-build/install/include/git2/cherrypick.h\n-- Installing: /go/src/github.com/libgit2/git2go/static-build/install/include/git2/clone.h\n-- Installing: /go/src/github.com/libgit2/git2go/static-build/install/include/git2/commit.h\n-- Installing: /go/src/github.com/libgit2/git2go/static-build/install/include/git2/common.h\n-- Installing: /go/src/github.com/libgit2/git2go/static-build/install/include/git2/config.h\n-- Installing: /go/src/github.com/libgit2/git2go/static-build/install/include/git2/cred_helpers.h\n-- Installing: /go/src/github.com/libgit2/git2go/static-build/install/include/git2/credential.h\n-- Installing: /go/src/github.com/libgit2/git2go/static-build/install/include/git2/credential_helpers.h\n-- Installing: /go/src/github.com/libgit2/git2go/static-build/install/include/git2/deprecated.h\n-- Installing: /go/src/github.com/libgit2/git2go/static-build/install/include/git2/describe.h\n-- Installing: /go/src/github.com/libgit2/git2go/static-build/install/include/git2/diff.h\n-- Installing: /go/src/github.com/libgit2/git2go/static-build/install/include/git2/errors.h\n-- Installing: /go/src/github.com/libgit2/git2go/static-build/install/include/git2/filter.h\n-- Installing: /go/src/github.com/libgit2/git2go/static-build/install/include/git2/global.h\n-- Installing: /go/src/github.com/libgit2/git2go/static-build/install/include/git2/graph.h\n-- Installing: /go/src/github.com/libgit2/git2go/static-build/install/include/git2/ignore.h\n-- Installing: /go/src/github.com/libgit2/git2go/static-build/install/include/git2/index.h\n-- Installing: /go/src/github.com/libgit2/git2go/static-build/install/include/git2/indexer.h\n-- Installing: /go/src/github.com/libgit2/git2go/static-build/install/include/git2/mailmap.h\n-- Installing: /go/src/github.com/libgit2/git2go/static-build/install/include/git2/merge.h\n-- Installing: /go/src/github.com/libgit2/git2go/static-build/install/include/git2/message.h\n-- Installing: /go/src/github.com/libgit2/git2go/static-build/install/include/git2/net.h\n-- Installing: /go/src/github.com/libgit2/git2go/static-build/install/include/git2/notes.h\n-- Installing: /go/src/github.com/libgit2/git2go/static-build/install/include/git2/object.h\n-- Installing: /go/src/github.com/libgit2/git2go/static-build/install/include/git2/odb.h\n-- Installing: /go/src/github.com/libgit2/git2go/static-build/install/include/git2/odb_backend.h\n-- Installing: /go/src/github.com/libgit2/git2go/static-build/install/include/git2/oid.h\n-- Installing: /go/src/github.com/libgit2/git2go/static-build/install/include/git2/oidarray.h\n-- Installing: /go/src/github.com/libgit2/git2go/static-build/install/include/git2/pack.h\n-- Installing: /go/src/github.com/libgit2/git2go/static-build/install/include/git2/patch.h\n-- Installing: /go/src/github.com/libgit2/git2go/static-build/install/include/git2/pathspec.h\n-- Installing: /go/src/github.com/libgit2/git2go/static-build/install/include/git2/proxy.h\n-- Installing: /go/src/github.com/libgit2/git2go/static-build/install/include/git2/rebase.h\n-- Installing: /go/src/github.com/libgit2/git2go/static-build/install/include/git2/refdb.h\n-- Installing: /go/src/github.com/libgit2/git2go/static-build/install/include/git2/reflog.h\n-- Installing: /go/src/github.com/libgit2/git2go/static-build/install/include/git2/refs.h\n-- Installing: /go/src/github.com/libgit2/git2go/static-build/install/include/git2/refspec.h\n-- Installing: /go/src/github.com/libgit2/git2go/static-build/install/include/git2/remote.h\n-- Installing: /go/src/github.com/libgit2/git2go/static-build/install/include/git2/repository.h\n-- Installing: /go/src/github.com/libgit2/git2go/static-build/install/include/git2/reset.h\n-- Installing: /go/src/github.com/libgit2/git2go/static-build/install/include/git2/revert.h\n-- Installing: /go/src/github.com/libgit2/git2go/static-build/install/include/git2/revparse.h\n-- Installing: /go/src/github.com/libgit2/git2go/static-build/install/include/git2/revwalk.h\n-- Installing: /go/src/github.com/libgit2/git2go/static-build/install/include/git2/signature.h\n-- Installing: /go/src/github.com/libgit2/git2go/static-build/install/include/git2/stash.h\n-- Installing: /go/src/github.com/libgit2/git2go/static-build/install/include/git2/status.h\n-- Installing: /go/src/github.com/libgit2/git2go/static-build/install/include/git2/stdint.h\n-- Installing: /go/src/github.com/libgit2/git2go/static-build/install/include/git2/strarray.h\n-- Installing: /go/src/github.com/libgit2/git2go/static-build/install/include/git2/submodule.h\n-- Installing: /go/src/github.com/libgit2/git2go/static-build/install/include/git2/sys\n-- Installing: /go/src/github.com/libgit2/git2go/static-build/install/include/git2/sys/alloc.h\n-- Installing: /go/src/github.com/libgit2/git2go/static-build/install/include/git2/sys/commit.h\n-- Installing: /go/src/github.com/libgit2/git2go/static-build/install/include/git2/sys/config.h\n-- Installing: /go/src/github.com/libgit2/git2go/static-build/install/include/git2/sys/cred.h\n-- Installing: /go/src/github.com/libgit2/git2go/static-build/install/include/git2/sys/credential.h\n-- Installing: /go/src/github.com/libgit2/git2go/static-build/install/include/git2/sys/diff.h\n-- Installing: /go/src/github.com/libgit2/git2go/static-build/install/include/git2/sys/filter.h\n-- Installing: /go/src/github.com/libgit2/git2go/static-build/install/include/git2/sys/hashsig.h\n-- Installing: /go/src/github.com/libgit2/git2go/static-build/install/include/git2/sys/index.h\n-- Installing: /go/src/github.com/libgit2/git2go/static-build/install/include/git2/sys/mempack.h\n-- Installing: /go/src/github.com/libgit2/git2go/static-build/install/include/git2/sys/merge.h\n-- Installing: /go/src/github.com/libgit2/git2go/static-build/install/include/git2/sys/odb_backend.h\n-- Installing: /go/src/github.com/libgit2/git2go/static-build/install/include/git2/sys/openssl.h\n-- Installing: /go/src/github.com/libgit2/git2go/static-build/install/include/git2/sys/path.h\n-- Installing: /go/src/github.com/libgit2/git2go/static-build/install/include/git2/sys/refdb_backend.h\n-- Installing: /go/src/github.com/libgit2/git2go/static-build/install/include/git2/sys/reflog.h\n-- Installing: /go/src/github.com/libgit2/git2go/static-build/install/include/git2/sys/refs.h\n-- Installing: /go/src/github.com/libgit2/git2go/static-build/install/include/git2/sys/repository.h\n-- Installing: /go/src/github.com/libgit2/git2go/static-build/install/include/git2/sys/stream.h\n-- Installing: /go/src/github.com/libgit2/git2go/static-build/install/include/git2/sys/transport.h\n-- Installing: /go/src/github.com/libgit2/git2go/static-build/install/include/git2/tag.h\n-- Installing: /go/src/github.com/libgit2/git2go/static-build/install/include/git2/trace.h\n-- Installing: /go/src/github.com/libgit2/git2go/static-build/install/include/git2/transaction.h\n-- Installing: /go/src/github.com/libgit2/git2go/static-build/install/include/git2/transport.h\n-- Installing: /go/src/github.com/libgit2/git2go/static-build/install/include/git2/tree.h\n-- Installing: /go/src/github.com/libgit2/git2go/static-build/install/include/git2/types.h\n-- Installing: /go/src/github.com/libgit2/git2go/static-build/install/include/git2/version.h\n-- Installing: /go/src/github.com/libgit2/git2go/static-build/install/include/git2/worktree.h\n-- Installing: /go/src/github.com/libgit2/git2go/static-build/install/include/git2.h\nmake[1]: Leaving directory '/go/src/github.com/libgit2/git2go/static-build/build'\ngo install --tags \"static\" ./...\n\u001b[91m# pkg-config --cflags --static -- /go/src/github.com/libgit2/git2go/static-build/install/lib/pkgconfig/libgit2.pc\nPackage ./static-build/install/lib/pkgconfig/libgit2.pc was not found in the pkg-config search path.\nPerhaps you should add the directory containing `/go/src/github.com/libgit2/git2go/static-build/install/lib/pkgconfig/libgit2.pc.pc'\nto the PKG_CONFIG_PATH environment variable\nPackage '/go/src/github.com/libgit2/git2go/static-build/install/lib/pkgconfig/libgit2.pc', required by 'virtual:world', not found\npkg-config: exit status 1\n\u001b[0m\u001b[91mmake: *** [Makefile:53: install-static] Error 2\n\u001b[0m",
    "raw_stderr_log": "The command '/bin/sh -c cd $GOPATH/src/github.com/libgit2/git2go  && make install-static' returned a non-zero code: 2",
    "html_url": "https://github.com/jderusse/docker-gitsplit",
    "repo_commit": "645737cec5ab492157d9b8106cc3442960c8117a",
    "repo_id": 63981582
  },
  {
    "raw_dockerfile": "FROM golang:latest\n# Expose default port\nEXPOSE 3000\n\n# gin is for dev monitoring\n# RUN go-wrapper download github.com/codegangsta/gin\n# RUN go-wrapper install github.com/codegangsta/gin\n\n# Copy the local package files to the containers workspace.\nADD . /go/src/github.com/datatogether/sentry\n# WORKDIR /go/src/github.com/datatogether/sentry\n# CMD [\"gin\", \"-i\"]\n\n# Install api binary globally within container \nRUN go install github.com/datatogether/sentry\n# Set binary as entrypoint\nENTRYPOINT /go/bin/sentry",
    "raw_stdout_log": "Sending build context to Docker daemon   11.6MB\r\r\nStep 1/5 : FROM golang:latest\nlatest: Pulling from library/golang\ne9afc4f90ab0: Already exists\n989e6b19a265: Already exists\naf14b6c2f878: Already exists\n5573c4b30949: Already exists\nd4020e2aa747: Already exists\n94fe4bf42ebf: Pulling fs layer\nc24da2810430: Pulling fs layer\n94fe4bf42ebf: Waiting\nc24da2810430: Download complete\n94fe4bf42ebf: Verifying Checksum\n94fe4bf42ebf: Download complete\n94fe4bf42ebf: Pull complete\nc24da2810430: Pull complete\nDigest: sha256:ede9a57fa6d862ab87f5abcea707c3d55e445ff01d806334a1cb7aae45ec73bb\nStatus: Downloaded newer image for golang:latest\n ---> 5fbd6463d24b\nStep 2/5 : EXPOSE 3000\n ---> Running in d2dc57151ea4\nRemoving intermediate container d2dc57151ea4\n ---> 6ff69db36df9\nStep 3/5 : ADD . /go/src/github.com/datatogether/sentry\n ---> 7e0f22cf925c\nStep 4/5 : RUN go install github.com/datatogether/sentry\n ---> Running in e89a99c57da8\n\u001b[91m# github.com/datatogether/sentry\ngithub.com/datatogether/sentry/vendor/golang.org/x/crypto/blake2b.supportsAVX2: relocation target runtime.support_avx2 not defined\ngithub.com/datatogether/sentry/vendor/golang.org/x/crypto/blake2b.supportsAVX: relocation target runtime.support_avx not defined\n\u001b[0m",
    "raw_stderr_log": "The command '/bin/sh -c go install github.com/datatogether/sentry' returned a non-zero code: 2",
    "html_url": "https://github.com/datatogether/sentry",
    "repo_commit": "20d87104f1960d663e5c42efaf9a421bb86415a1",
    "repo_id": 80157470
  },
  {
    "raw_dockerfile": "FROM golang:1.10.1 as build\nWORKDIR /go/src/docker-sriov-plugin\n\nRUN go get github.com/docker/docker/client\nRUN go get github.com/docker/docker/api/types\n\nRUN go get github.com/golang/dep/cmd/dep\nCOPY Gopkg.toml Gopkg.lock ./\nRUN dep ensure -v -vendor-only\n\nCOPY . .\nRUN export CGO_LDFLAGS_ALLOW='-Wl,--unresolved-symbols=ignore-in-object-files' && \\\n    go install -ldflags=\"-s -w\" -v docker-sriov-plugin\n\nFROM debian:stretch-slim\nCOPY --from=build /go/bin/docker-sriov-plugin /bin/docker-sriov-plugin\nCOPY ibdev2netdev /tmp/tools/\n\nCMD [\"/bin/docker-sriov-plugin\"]",
    "raw_stdout_log": "Sending build context to Docker daemon  229.4kB\r\r\nStep 1/13 : FROM golang:1.10.1 as build\n1.10.1: Pulling from library/golang\ncc1a78bfd46b: Already exists\n53c14872d997: Pulling fs layer\n99ae159b9cae: Pulling fs layer\n66cbf2b79699: Pulling fs layer\na16f46d95485: Pulling fs layer\nf235c5ef7891: Pulling fs layer\ncdd98e20e590: Pulling fs layer\na16f46d95485: Waiting\ncdd98e20e590: Waiting\nf235c5ef7891: Waiting\n99ae159b9cae: Verifying Checksum\n99ae159b9cae: Download complete\n53c14872d997: Verifying Checksum\n53c14872d997: Download complete\n66cbf2b79699: Verifying Checksum\n66cbf2b79699: Download complete\ncdd98e20e590: Download complete\na16f46d95485: Verifying Checksum\na16f46d95485: Download complete\nf235c5ef7891: Verifying Checksum\nf235c5ef7891: Download complete\n53c14872d997: Pull complete\n99ae159b9cae: Pull complete\n66cbf2b79699: Pull complete\na16f46d95485: Pull complete\nf235c5ef7891: Pull complete\ncdd98e20e590: Pull complete\nDigest: sha256:4826b5c314a498142c7291ad835ab6be1bf02f7813d6932d01f1f0f1383cdda1\nStatus: Downloaded newer image for golang:1.10.1\n ---> 1af690c44028\nStep 2/13 : WORKDIR /go/src/docker-sriov-plugin\nRemoving intermediate container e687d3941d77\n ---> 7c87e0c08a26\nStep 3/13 : RUN go get github.com/docker/docker/client\n ---> Running in 27f09e089665\n\u001b[91m# github.com/docker/docker/vendor/github.com/containerd/containerd/errdefs\n../github.com/docker/docker/vendor/github.com/containerd/containerd/errdefs/errors.go:54:9: undefined: \"github.com/docker/docker/vendor/github.com/pkg/errors\".Is\n../github.com/docker/docker/vendor/github.com/containerd/containerd/errdefs/errors.go:59:9: undefined: \"github.com/docker/docker/vendor/github.com/pkg/errors\".Is\n../github.com/docker/docker/vendor/github.com/containerd/containerd/errdefs/errors.go:65:9: undefined: \"github.com/docker/docker/vendor/github.com/pkg/errors\".Is\n../github.com/docker/docker/vendor/github.com/containerd/containerd/errdefs/errors.go:71:9: undefined: \"github.com/docker/docker/vendor/github.com/pkg/errors\".Is\n../github.com/docker/docker/vendor/github.com/containerd/containerd/errdefs/errors.go:76:9: undefined: \"github.com/docker/docker/vendor/github.com/pkg/errors\".Is\n../github.com/docker/docker/vendor/github.com/containerd/containerd/errdefs/errors.go:81:9: undefined: \"github.com/docker/docker/vendor/github.com/pkg/errors\".Is\n../github.com/docker/docker/vendor/github.com/containerd/containerd/errdefs/errors.go:86:9: undefined: \"github.com/docker/docker/vendor/github.com/pkg/errors\".Is\n../github.com/docker/docker/vendor/github.com/containerd/containerd/errdefs/errors.go:92:9: undefined: \"github.com/docker/docker/vendor/github.com/pkg/errors\".Is\n\u001b[0m",
    "raw_stderr_log": "The command '/bin/sh -c go get github.com/docker/docker/client' returned a non-zero code: 2",
    "html_url": "https://github.com/Mellanox/docker-sriov-plugin",
    "repo_commit": "b8d6f3fc5696ec2fbe9a0a4f3555c94dc2c8d48d",
    "repo_id": 89075640
  }
]