[
  {
    "raw_dockerfile": "FROM python:3\n\nRUN apt-get update \\\n    && apt-get install zip -y --no-install-recommends \\\n    && rm -rf /var/lib/apt/lists/*\n\nWORKDIR /workspace\nCOPY requirements.txt .\nRUN pip install -r requirements.txt --no-cache-dir\nCOPY . .\nRUN pip install -e .",
    "raw_stdout_log": "Sending build context to Docker daemon  306.7kB\r\r\nStep 1/7 : FROM python:3\n3: Pulling from library/python\ne9afc4f90ab0: Already exists\n989e6b19a265: Already exists\naf14b6c2f878: Already exists\n5573c4b30949: Already exists\n11a88e764313: Already exists\nee776f0e36af: Pulling fs layer\n513c90a1afc3: Pulling fs layer\ndf9b9e95bdb9: Pulling fs layer\n86c9edb54464: Pulling fs layer\n86c9edb54464: Waiting\ndf9b9e95bdb9: Download complete\nee776f0e36af: Verifying Checksum\nee776f0e36af: Download complete\n86c9edb54464: Verifying Checksum\n86c9edb54464: Download complete\n513c90a1afc3: Verifying Checksum\n513c90a1afc3: Download complete\nee776f0e36af: Pull complete\n513c90a1afc3: Pull complete\ndf9b9e95bdb9: Pull complete\n86c9edb54464: Pull complete\nDigest: sha256:dd6cd8191ccbced2a6af5d0ddb51e6057c1444df14e14bcfd5c7b3ef78738050\nStatus: Downloaded newer image for python:3\n ---> 7f5b6ccd03e9\nStep 2/7 : RUN apt-get update     && apt-get install zip -y --no-install-recommends     && rm -rf /var/lib/apt/lists/*\n ---> Running in babb4379a2e8\nGet:1 http://security.debian.org/debian-security buster/updates InRelease [65.4 kB]\nGet:2 http://deb.debian.org/debian buster InRelease [121 kB]\nGet:3 http://deb.debian.org/debian buster-updates InRelease [51.9 kB]\nGet:4 http://security.debian.org/debian-security buster/updates/main amd64 Packages [204 kB]\nGet:5 http://deb.debian.org/debian buster/main amd64 Packages [7905 kB]\nGet:6 http://deb.debian.org/debian buster-updates/main amd64 Packages [7868 B]\nFetched 8355 kB in 3s (2803 kB/s)\nReading package lists...\nReading package lists...\nBuilding dependency tree...\nReading state information...\nThe following NEW packages will be installed:\n  zip\n0 upgraded, 1 newly installed, 0 to remove and 1 not upgraded.\nNeed to get 234 kB of archives.\nAfter this operation, 623 kB of additional disk space will be used.\nGet:1 http://deb.debian.org/debian buster/main amd64 zip amd64 3.0-11+b1 [234 kB]\n\u001b[91mdebconf: delaying package configuration, since apt-utils is not installed\n\u001b[0mFetched 234 kB in 0s (1605 kB/s)\nSelecting previously unselected package zip.\r\n(Reading database ... \r(Reading database ... 5%\r(Reading database ... 10%\r(Reading database ... 15%\r(Reading database ... 20%\r(Reading database ... 25%\r(Reading database ... 30%\r(Reading database ... 35%\r(Reading database ... 40%\r(Reading database ... 45%\r(Reading database ... 50%\r(Reading database ... 55%\r(Reading database ... 60%\r(Reading database ... 65%\r(Reading database ... 70%\r(Reading database ... 75%\r(Reading database ... 80%\r(Reading database ... 85%\r(Reading database ... 90%\r(Reading database ... 95%\r(Reading database ... 100%\r(Reading database ... 24603 files and directories currently installed.)\r\nPreparing to unpack .../zip_3.0-11+b1_amd64.deb ...\r\nUnpacking zip (3.0-11+b1) ...\r\nSetting up zip (3.0-11+b1) ...\r\nRemoving intermediate container babb4379a2e8\n ---> 5f3dfee5d078\nStep 3/7 : WORKDIR /workspace\nRemoving intermediate container 805cca53698f\n ---> 66bd772684eb\nStep 4/7 : COPY requirements.txt .\n ---> 04221a5682c6\nStep 5/7 : RUN pip install -r requirements.txt --no-cache-dir\n ---> Running in 8d9b0f0d2d3a\n\u001b[91mERROR: File \"setup.py\" not found. Directory cannot be installed in editable mode: /workspace\n\u001b[0m",
    "raw_stderr_log": "The command '/bin/sh -c pip install -r requirements.txt --no-cache-dir' returned a non-zero code: 1",
    "html_url": "https://github.com/spotify/docker_interface",
    "repo_commit": "ed9ac691ca22dc2937e717af7f6b5fc7de19c660",
    "repo_id": 118507058
  },
  {
    "raw_dockerfile": "FROM tiangolo/uwsgi-nginx-flask:python3.6\n\nCOPY requirements.txt /\n\nWORKDIR /\n\nRUN pip install -r ./requirements.txt --no-cache-dir\n\nCOPY app/ /app/\n\nWORKDIR /app\n\nENV FLASK_APP=app.py\nCMD flask db upgrade && flask run -h 0.0.0.0 -p 5000",
    "raw_stdout_log": "Sending build context to Docker daemon  103.9kB\r\r\nStep 1/8 : FROM tiangolo/uwsgi-nginx-flask:python3.6\npython3.6: Pulling from tiangolo/uwsgi-nginx-flask\n90fe46dd8199: Pulling fs layer\n35a4f1977689: Pulling fs layer\nbbc37f14aded: Pulling fs layer\n74e27dc593d4: Pulling fs layer\n4352dcff7819: Pulling fs layer\n1847e662e737: Pulling fs layer\n11d40aa4a4d0: Pulling fs layer\n423a225c2f8b: Pulling fs layer\n730abf0e8db7: Pulling fs layer\n2f2c1f99caec: Pulling fs layer\n117b2bb6b9f5: Pulling fs layer\n24cf85cbbf19: Pulling fs layer\ne5b1d4c157be: Pulling fs layer\n41ed8631c488: Pulling fs layer\n4cea017a23a1: Pulling fs layer\n634fcb400bb1: Pulling fs layer\n751c69d0afb6: Pulling fs layer\nd5a08367e03a: Pulling fs layer\nd9cd7fb23581: Pulling fs layer\nf81f7e2c0189: Pulling fs layer\ncd58b8e863a0: Pulling fs layer\nb7c3f7736a2e: Pulling fs layer\nf0b64ede661e: Pulling fs layer\nde9811782277: Pulling fs layer\n94d8b415f201: Pulling fs layer\n8f57ef833d5c: Pulling fs layer\n74e27dc593d4: Waiting\nd9cd7fb23581: Waiting\n730abf0e8db7: Waiting\n4352dcff7819: Waiting\ne5b1d4c157be: Waiting\n11d40aa4a4d0: Waiting\n1847e662e737: Waiting\n24cf85cbbf19: Waiting\n2f2c1f99caec: Waiting\nf81f7e2c0189: Waiting\n751c69d0afb6: Waiting\ncd58b8e863a0: Waiting\nd5a08367e03a: Waiting\n117b2bb6b9f5: Waiting\nb7c3f7736a2e: Waiting\nf0b64ede661e: Waiting\n634fcb400bb1: Waiting\nde9811782277: Waiting\n94d8b415f201: Waiting\n35a4f1977689: Verifying Checksum\n35a4f1977689: Download complete\nbbc37f14aded: Verifying Checksum\nbbc37f14aded: Download complete\n90fe46dd8199: Verifying Checksum\n90fe46dd8199: Download complete\n74e27dc593d4: Verifying Checksum\n74e27dc593d4: Download complete\n1847e662e737: Verifying Checksum\n1847e662e737: Download complete\n423a225c2f8b: Download complete\n11d40aa4a4d0: Verifying Checksum\n11d40aa4a4d0: Download complete\n2f2c1f99caec: Verifying Checksum\n2f2c1f99caec: Download complete\n117b2bb6b9f5: Verifying Checksum\n117b2bb6b9f5: Download complete\n24cf85cbbf19: Verifying Checksum\n24cf85cbbf19: Download complete\ne5b1d4c157be: Download complete\n41ed8631c488: Download complete\n4cea017a23a1: Verifying Checksum\n4cea017a23a1: Download complete\n4352dcff7819: Verifying Checksum\n4352dcff7819: Download complete\n634fcb400bb1: Download complete\n90fe46dd8199: Pull complete\nd5a08367e03a: Verifying Checksum\nd5a08367e03a: Download complete\n751c69d0afb6: Verifying Checksum\n751c69d0afb6: Download complete\nd9cd7fb23581: Download complete\ncd58b8e863a0: Download complete\nf81f7e2c0189: Verifying Checksum\nf81f7e2c0189: Download complete\nf0b64ede661e: Download complete\nb7c3f7736a2e: Download complete\nde9811782277: Download complete\n94d8b415f201: Verifying Checksum\n94d8b415f201: Download complete\n730abf0e8db7: Verifying Checksum\n730abf0e8db7: Download complete\n8f57ef833d5c: Download complete\n35a4f1977689: Pull complete\nbbc37f14aded: Pull complete\n74e27dc593d4: Pull complete\n4352dcff7819: Pull complete\n1847e662e737: Pull complete\n11d40aa4a4d0: Pull complete\n423a225c2f8b: Pull complete\n730abf0e8db7: Pull complete\n2f2c1f99caec: Pull complete\n117b2bb6b9f5: Pull complete\n24cf85cbbf19: Pull complete\ne5b1d4c157be: Pull complete\n41ed8631c488: Pull complete\n4cea017a23a1: Pull complete\n634fcb400bb1: Pull complete\n751c69d0afb6: Pull complete\nd5a08367e03a: Pull complete\nd9cd7fb23581: Pull complete\nf81f7e2c0189: Pull complete\ncd58b8e863a0: Pull complete\nb7c3f7736a2e: Pull complete\nf0b64ede661e: Pull complete\nde9811782277: Pull complete\n94d8b415f201: Pull complete\n8f57ef833d5c: Pull complete\nDigest: sha256:9679e04e7fd04c51e3d84b7c94d5f643c69b7effb1c844e4d57cd229413c8227\nStatus: Downloaded newer image for tiangolo/uwsgi-nginx-flask:python3.6\n ---> 42c10a01539f\nStep 2/8 : COPY requirements.txt /\n ---> a2c4410c7e4e\nStep 3/8 : WORKDIR /\nRemoving intermediate container d7813764336e\n ---> 14d877e53562\nStep 4/8 : RUN pip install -r ./requirements.txt --no-cache-dir\n ---> Running in b794175532b4\nCollecting alembic==0.9.1\n  Downloading alembic-0.9.1.tar.gz (999 kB)\nCollecting appdirs==1.4.3\n  Downloading appdirs-1.4.3-py2.py3-none-any.whl (12 kB)\nCollecting click==6.7\n  Downloading click-6.7-py2.py3-none-any.whl (71 kB)\nCollecting Flask==0.12.1\n  Downloading Flask-0.12.1-py2.py3-none-any.whl (82 kB)\nCollecting Flask-Migrate==2.0.3\n  Downloading Flask-Migrate-2.0.3.tar.gz (15 kB)\nCollecting Flask-Script==2.0.5\n  Downloading Flask-Script-2.0.5.tar.gz (42 kB)\nCollecting Flask-SQLAlchemy==2.2\n  Downloading Flask_SQLAlchemy-2.2-py2.py3-none-any.whl (14 kB)\nCollecting itsdangerous==0.24\n  Downloading itsdangerous-0.24.tar.gz (46 kB)\nCollecting Jinja2==2.9.6\n  Downloading Jinja2-2.9.6-py2.py3-none-any.whl (340 kB)\nCollecting Mako==1.0.6\n  Downloading Mako-1.0.6.tar.gz (575 kB)\nCollecting MarkupSafe==1.0\n  Downloading MarkupSafe-1.0.tar.gz (14 kB)\n\u001b[91m    ERROR: Command errored out with exit status 1:\n     command: /usr/local/bin/python -c 'import sys, setuptools, tokenize; sys.argv[0] = '\"'\"'/tmp/pip-install-jnmftz1k/MarkupSafe/setup.py'\"'\"'; __file__='\"'\"'/tmp/pip-install-jnmftz1k/MarkupSafe/setup.py'\"'\"';f=getattr(tokenize, '\"'\"'open'\"'\"', open)(__file__);code=f.read().replace('\"'\"'\\r\\n'\"'\"', '\"'\"'\\n'\"'\"');f.close();exec(compile(code, __file__, '\"'\"'exec'\"'\"'))' egg_info --egg-base /tmp/pip-pip-egg-info-mdqiihe6\n         cwd: /tmp/pip-install-jnmftz1k/MarkupSafe/\n    Complete output (5 lines):\n    Traceback (most recent call last):\n      File \"<string>\", line 1, in <module>\n      File \"/tmp/pip-install-jnmftz1k/MarkupSafe/setup.py\", line 6, in <module>\n        from setuptools import setup, Extension, Feature\n    ImportError: cannot import name 'Feature'\n    ----------------------------------------\n\u001b[0m\u001b[91mERROR: Command errored out with exit status 1: python setup.py egg_info Check the logs for full command output.\n\u001b[0m\u001b[91mWARNING: You are using pip version 20.1; however, version 20.1.1 is available.\nYou should consider upgrading via the '/usr/local/bin/python -m pip install --upgrade pip' command.\n\u001b[0m",
    "raw_stderr_log": "The command '/bin/sh -c pip install -r ./requirements.txt --no-cache-dir' returned a non-zero code: 1",
    "html_url": "https://github.com/Azure-Samples/flask-postgresql-app",
    "repo_commit": "9d1be80391d7c2fef0b4c50f2ccb0e4a996fe866",
    "repo_id": 119372428
  },
  {
    "raw_dockerfile": "# Need devel version cause we need /usr/include/cudnn.h \n# for compiling libctc_decoder_with_kenlm.so\nFROM nvidia/cuda:9.0-cudnn7-devel-ubuntu16.04\n\n\n# >> START Install base software\n\n# Get basic packages\nRUN apt-get update && apt-get install -y --no-install-recommends \\\n        build-essential \\\n        curl \\\n        wget \\\n        git \\\n        python \\\n        python-dev \\\n        python-pip \\\n        python-wheel \\\n        python-numpy \\\n        libcurl3-dev  \\\n        ca-certificates \\\n        gcc \\\n        sox \\\n        libsox-fmt-mp3 \\\n        htop \\\n        nano \\\n        swig \\\n        cmake \\\n        libboost-all-dev \\\n        zlib1g-dev \\\n        libbz2-dev \\\n        liblzma-dev \\\n        locales \\\n        pkg-config \\\n        libsox-dev\n\n\n\n\n# Install Bazel\nRUN apt-get install -y openjdk-8-jdk\n# Use bazel 0.11.1 cause newer bazel fails to compile TensorFlow (https://github.com/tensorflow/tensorflow/issues/18450#issuecomment-381380000)\nRUN apt-get install -y --no-install-recommends bash-completion g++ zlib1g-dev\nRUN curl -LO \"https://github.com/bazelbuild/bazel/releases/download/0.11.1/bazel_0.11.1-linux-x86_64.deb\" \nRUN dpkg -i bazel_*.deb\n\n# Install CUDA CLI Tools\nRUN apt-get install -y cuda-command-line-tools-9-0\n\n# Install pip\nRUN wget https://bootstrap.pypa.io/get-pip.py && \\\n    python get-pip.py && \\\n    rm get-pip.py\n\n# << END Install base software\n\n\n\n\n# >> START Configure Tensorflow Build\n\n# Clone TensoFlow from Mozilla repo\nRUN git clone https://github.com/mozilla/tensorflow/\nWORKDIR /tensorflow\nRUN git checkout r1.6\n\n\n# GPU Environment Setup\nENV TF_NEED_CUDA 1\nENV CUDA_TOOLKIT_PATH /usr/local/cuda\nENV CUDA_PKG_VERSION 9-0=9.0.176-1\nENV CUDA_VERSION 9.0.176\nENV TF_CUDA_VERSION 9.0\nENV TF_CUDNN_VERSION 7.1.1\nENV CUDNN_INSTALL_PATH /usr/lib/x86_64-linux-gnu/\nENV TF_CUDA_COMPUTE_CAPABILITIES 6.0\n\n# Common Environment Setup\nENV TF_BUILD_CONTAINER_TYPE GPU\nENV TF_BUILD_OPTIONS OPT\nENV TF_BUILD_DISABLE_GCP 1\nENV TF_BUILD_ENABLE_XLA 0\nENV TF_BUILD_PYTHON_VERSION PYTHON2\nENV TF_BUILD_IS_OPT OPT\nENV TF_BUILD_IS_PIP PIP\n\n# Other Parameters\nENV CC_OPT_FLAGS -mavx -mavx2 -msse4.1 -msse4.2 -mfma\nENV TF_NEED_GCP 0\nENV TF_NEED_HDFS 0\nENV TF_NEED_JEMALLOC 1\nENV TF_NEED_OPENCL 0\nENV TF_CUDA_CLANG 0\nENV TF_NEED_MKL 0\nENV TF_ENABLE_XLA 0\nENV PYTHON_BIN_PATH /usr/bin/python2.7\nENV PYTHON_LIB_PATH /usr/lib/python2.7/dist-packages\n\n# << END Configure Tensorflow Build\n\n\n\n\n# >> START Configure Bazel\n\n# Running bazel inside a `docker build` command causes trouble, cf:\n#   https://github.com/bazelbuild/bazel/issues/134\n# The easiest solution is to set up a bazelrc file forcing --batch.\nRUN echo \"startup --batch\" >>/etc/bazel.bazelrc\n# Similarly, we need to workaround sandboxing issues:\n#   https://github.com/bazelbuild/bazel/issues/418\nRUN echo \"build --spawn_strategy=standalone --genrule_strategy=standalone\" \\\n    >>/etc/bazel.bazelrc\n\n# Put cuda libraries to where they are expected to be\nRUN ln -s /usr/local/cuda/lib64/stubs/libcuda.so /usr/local/cuda/lib64/stubs/libcuda.so.1\nRUN cp /usr/include/cudnn.h /usr/local/cuda/include/cudnn.h\n\n# Set library paths\nENV LD_LIBRARY_PATH $LD_LIBRARY_PATH:/usr/local/cuda/extras/CUPTI/lib64:/usr/local/cuda/lib64:/usr/lib/x86_64-linux-gnu/:/usr/local/cuda/lib64/stubs/\n\n# << END Configure Bazel\n\n\n\n\n# Copy DeepSpeech repo contents to container's /DeepSpeech\nCOPY . /DeepSpeech/\n\nWORKDIR /DeepSpeech\n\nRUN pip --no-cache-dir install -r requirements.txt\n\n# Link DeepSpeech native_client libs to tf folder\nRUN ln -s /DeepSpeech/native_client /tensorflow\n\n\n\n\n# >> START Build and bind\n\nWORKDIR /tensorflow\n\n# Using CPU optimizations:\n# -mtune=generic -march=x86-64 -msse -msse2 -msse3 -msse4.1 -msse4.2 -mavx.\n# Adding --config=cuda flag to build using CUDA.\n\n# passing LD_LIBRARY_PATH is required cause Bazel doesn't pickup it from environment\n\n\n# Build LM Prefix Decoder, CPU only - no need for CUDA flag\nRUN bazel build -c opt --copt=-O3 --copt=\"-D_GLIBCXX_USE_CXX11_ABI=0\" --copt=-mtune=generic --copt=-march=x86-64 --copt=-msse --copt=-msse2 --copt=-msse3 --copt=-msse4.1 --copt=-msse4.2 --copt=-mavx //native_client:libctc_decoder_with_kenlm.so  --verbose_failures --action_env=LD_LIBRARY_PATH=${LD_LIBRARY_PATH}\n\n# Build DeepSpeech\nRUN bazel build --config=monolithic --config=cuda -c opt --copt=-O3 --copt=\"-D_GLIBCXX_USE_CXX11_ABI=0\" --copt=-mtune=generic --copt=-march=x86-64 --copt=-msse --copt=-msse2 --copt=-msse3 --copt=-msse4.1 --copt=-msse4.2 --copt=-mavx --copt=-fvisibility=hidden //native_client:libdeepspeech.so //native_client:deepspeech_utils //native_client:generate_trie --verbose_failures --action_env=LD_LIBRARY_PATH=${LD_LIBRARY_PATH}\n\n\n# Build TF pip package\nRUN bazel build --config=opt --config=cuda --copt=\"-D_GLIBCXX_USE_CXX11_ABI=0\" --copt=-mtune=generic --copt=-march=x86-64 --copt=-msse --copt=-msse2 --copt=-msse3 --copt=-msse4.1 --copt=-msse4.2 --copt=-mavx //tensorflow/tools/pip_package:build_pip_package --verbose_failures --action_env=LD_LIBRARY_PATH=${LD_LIBRARY_PATH}\n\n# Fix for not found script https://github.com/tensorflow/tensorflow/issues/471\nRUN ./configure\n\n# Build wheel\nRUN bazel-bin/tensorflow/tools/pip_package/build_pip_package /tmp/tensorflow_pkg\n\n# Install tensorflow from our custom wheel\nRUN pip install /tmp/tensorflow_pkg/*.whl\n\n# Copy built libs to /DeepSpeech/native_client\nRUN cp /tensorflow/bazel-bin/native_client/libctc_decoder_with_kenlm.so /DeepSpeech/native_client/ \\\n    && cp /tensorflow/bazel-bin/native_client/generate_trie /DeepSpeech/native_client/ \\\n    && cp /tensorflow/bazel-bin/native_client/libdeepspeech.so /DeepSpeech/native_client/ \\\n    && cp /tensorflow/bazel-bin/native_client/libdeepspeech_utils.so /DeepSpeech/native_client/\n \n\n# Make DeepSpeech and install Python bindings\nENV TFDIR /tensorflow\nWORKDIR /DeepSpeech/native_client\nRUN make deepspeech\nRUN make bindings\nRUN pip install dist/deepspeech*\n\n\n# << END Build and bind\n\n\n\n\n# Allow Python printing utf-8\nENV PYTHONIOENCODING UTF-8\n\n# Build KenLM in /DeepSpeech/native_client/kenlm folder\nWORKDIR /DeepSpeech/native_client\nRUN rm -rf kenlm \\\n    && git clone https://github.com/kpu/kenlm && cd kenlm \\    \n    && mkdir -p build \\\n    && cd build \\\n    && cmake .. \\\n    && make -j 4\n\n\n# Done\nWORKDIR /DeepSpeech",
    "raw_stdout_log": "Sending build context to Docker daemon  208.2MB\r\r\nStep 1/62 : FROM nvidia/cuda:9.0-cudnn7-devel-ubuntu16.04\n9.0-cudnn7-devel-ubuntu16.04: Pulling from nvidia/cuda\n976a760c94fc: Pulling fs layer\nc58992f3c37b: Pulling fs layer\n0ca0e5e7f12e: Pulling fs layer\nf2a274cc00ca: Pulling fs layer\n708a53113e13: Pulling fs layer\n371ddc2ca87b: Pulling fs layer\nf81888eb6932: Pulling fs layer\n19dbd9dd59d6: Pulling fs layer\ne07d92c8415d: Pulling fs layer\naa4c26baf056: Pulling fs layer\n708a53113e13: Waiting\n371ddc2ca87b: Waiting\n19dbd9dd59d6: Waiting\ne07d92c8415d: Waiting\nf81888eb6932: Waiting\n0ca0e5e7f12e: Verifying Checksum\n0ca0e5e7f12e: Download complete\nc58992f3c37b: Download complete\nf2a274cc00ca: Download complete\n708a53113e13: Verifying Checksum\n708a53113e13: Download complete\nf81888eb6932: Download complete\n976a760c94fc: Download complete\n371ddc2ca87b: Download complete\n976a760c94fc: Pull complete\nc58992f3c37b: Pull complete\n19dbd9dd59d6: Verifying Checksum\n19dbd9dd59d6: Download complete\n0ca0e5e7f12e: Pull complete\nf2a274cc00ca: Pull complete\ne07d92c8415d: Verifying Checksum\ne07d92c8415d: Download complete\naa4c26baf056: Verifying Checksum\naa4c26baf056: Download complete\n708a53113e13: Pull complete\n371ddc2ca87b: Pull complete\nf81888eb6932: Pull complete\n19dbd9dd59d6: Pull complete\ne07d92c8415d: Pull complete\naa4c26baf056: Pull complete\nDigest: sha256:e397c6942183d042fc7c8ee449f233592f26de7509cb833818d90e6fa6de4d81\nStatus: Downloaded newer image for nvidia/cuda:9.0-cudnn7-devel-ubuntu16.04\n ---> 5aafb863776b\nStep 2/62 : RUN apt-get update && apt-get install -y --no-install-recommends         build-essential         curl         wget         git         python         python-dev         python-pip         python-wheel         python-numpy         libcurl3-dev          ca-certificates         gcc         sox         libsox-fmt-mp3         htop         nano         swig         cmake         libboost-all-dev         zlib1g-dev         libbz2-dev         liblzma-dev         locales         pkg-config         libsox-dev\n ---> Running in ede10ea24f99\nGet:1 http://archive.ubuntu.com/ubuntu xenial InRelease [247 kB]\nGet:2 http://security.ubuntu.com/ubuntu xenial-security InRelease [109 kB]\nIgn:3 https://developer.download.nvidia.com/compute/cuda/repos/ubuntu1604/x86_64  InRelease\nIgn:4 https://developer.download.nvidia.com/compute/machine-learning/repos/ubuntu1604/x86_64  InRelease\nGet:5 https://developer.download.nvidia.com/compute/cuda/repos/ubuntu1604/x86_64  Release [697 B]\nGet:6 https://developer.download.nvidia.com/compute/machine-learning/repos/ubuntu1604/x86_64  Release [564 B]\nGet:7 https://developer.download.nvidia.com/compute/cuda/repos/ubuntu1604/x86_64  Release.gpg [836 B]\nGet:8 https://developer.download.nvidia.com/compute/machine-learning/repos/ubuntu1604/x86_64  Release.gpg [833 B]\nIgn:9 https://developer.download.nvidia.com/compute/cuda/repos/ubuntu1604/x86_64  Packages\nGet:9 https://developer.download.nvidia.com/compute/cuda/repos/ubuntu1604/x86_64  Packages [276 kB]\nGet:10 http://archive.ubuntu.com/ubuntu xenial-updates InRelease [109 kB]\nGet:11 https://developer.download.nvidia.com/compute/machine-learning/repos/ubuntu1604/x86_64  Packages [90.1 kB]\nGet:12 http://archive.ubuntu.com/ubuntu xenial-backports InRelease [107 kB]\nGet:13 http://security.ubuntu.com/ubuntu xenial-security/main amd64 Packages [1136 kB]\nGet:14 http://archive.ubuntu.com/ubuntu xenial/main amd64 Packages [1558 kB]\nGet:15 http://archive.ubuntu.com/ubuntu xenial/restricted amd64 Packages [14.1 kB]\nGet:16 http://archive.ubuntu.com/ubuntu xenial/universe amd64 Packages [9827 kB]\nGet:17 http://security.ubuntu.com/ubuntu xenial-security/restricted amd64 Packages [12.7 kB]\nGet:18 http://security.ubuntu.com/ubuntu xenial-security/universe amd64 Packages [631 kB]\nGet:19 http://security.ubuntu.com/ubuntu xenial-security/multiverse amd64 Packages [6679 B]\nGet:20 http://archive.ubuntu.com/ubuntu xenial/multiverse amd64 Packages [176 kB]\nGet:21 http://archive.ubuntu.com/ubuntu xenial-updates/main amd64 Packages [1500 kB]\nGet:22 http://archive.ubuntu.com/ubuntu xenial-updates/restricted amd64 Packages [13.1 kB]\nGet:23 http://archive.ubuntu.com/ubuntu xenial-updates/universe amd64 Packages [1033 kB]\nGet:24 http://archive.ubuntu.com/ubuntu xenial-updates/multiverse amd64 Packages [19.7 kB]\nGet:25 http://archive.ubuntu.com/ubuntu xenial-backports/main amd64 Packages [7942 B]\nGet:26 http://archive.ubuntu.com/ubuntu xenial-backports/universe amd64 Packages [8807 B]\nFetched 16.9 MB in 3s (5070 kB/s)\nReading package lists...\nReading package lists...\nBuilding dependency tree...\nReading state information...\nbuild-essential is already the newest version (12.1ubuntu2).\nbuild-essential set to manually installed.\ngcc is already the newest version (4:5.3.1-1ubuntu1).\ngcc set to manually installed.\nThe following additional packages will be installed:\n  cmake-data git-man icu-devtools libao-common libao4 libarchive13 libasound2\n  libasound2-data libasyncns0 libblas-common libblas3 libboost-atomic-dev\n  libboost-atomic1.58-dev libboost-atomic1.58.0 libboost-chrono-dev\n  libboost-chrono1.58-dev libboost-chrono1.58.0 libboost-context-dev\n  libboost-context1.58-dev libboost-context1.58.0 libboost-coroutine-dev\n  libboost-coroutine1.58-dev libboost-coroutine1.58.0 libboost-date-time-dev\n  libboost-date-time1.58-dev libboost-date-time1.58.0 libboost-dev\n  libboost-exception-dev libboost-exception1.58-dev libboost-filesystem-dev\n  libboost-filesystem1.58-dev libboost-filesystem1.58.0 libboost-graph-dev\n  libboost-graph-parallel-dev libboost-graph-parallel1.58-dev\n  libboost-graph-parallel1.58.0 libboost-graph1.58-dev libboost-graph1.58.0\n  libboost-iostreams-dev libboost-iostreams1.58-dev libboost-iostreams1.58.0\n  libboost-locale-dev libboost-locale1.58-dev libboost-locale1.58.0\n  libboost-log-dev libboost-log1.58-dev libboost-log1.58.0 libboost-math-dev\n  libboost-math1.58-dev libboost-math1.58.0 libboost-mpi-dev\n  libboost-mpi-python-dev libboost-mpi-python1.58-dev\n  libboost-mpi-python1.58.0 libboost-mpi1.58-dev libboost-mpi1.58.0\n  libboost-program-options-dev libboost-program-options1.58-dev\n  libboost-program-options1.58.0 libboost-python-dev libboost-python1.58-dev\n  libboost-python1.58.0 libboost-random-dev libboost-random1.58-dev\n  libboost-random1.58.0 libboost-regex-dev libboost-regex1.58-dev\n  libboost-regex1.58.0 libboost-serialization-dev\n  libboost-serialization1.58-dev libboost-serialization1.58.0\n  libboost-signals-dev libboost-signals1.58-dev libboost-signals1.58.0\n  libboost-system-dev libboost-system1.58-dev libboost-system1.58.0\n  libboost-test-dev libboost-test1.58-dev libboost-test1.58.0\n  libboost-thread-dev libboost-thread1.58-dev libboost-thread1.58.0\n  libboost-timer-dev libboost-timer1.58-dev libboost-timer1.58.0\n  libboost-tools-dev libboost-wave-dev libboost-wave1.58-dev\n  libboost-wave1.58.0 libboost1.58-dev libboost1.58-tools-dev libcurl3\n  libcurl3-gnutls libdbus-1-3 liberror-perl libexpat1 libexpat1-dev libflac8\n  libgfortran3 libglib2.0-0 libgsm1 libhwloc-dev libhwloc5 libibverbs-dev\n  libibverbs1 libicu-dev libicu55 libid3tag0 libjsoncpp1 liblapack3\n  libltdl-dev libltdl7 liblzo2-2 libmad0 libmagic1 libmp3lame0 libnuma-dev\n  libnuma1 libogg0 libopencore-amrnb0 libopencore-amrwb0 libopenmpi-dev\n  libopenmpi1.10 libpng12-0 libpulse0 libpython-dev libpython-stdlib\n  libpython2.7 libpython2.7-dev libpython2.7-minimal libpython2.7-stdlib\n  libsndfile1 libsox-fmt-all libsox-fmt-alsa libsox-fmt-ao libsox-fmt-base\n  libsox-fmt-oss libsox-fmt-pulse libsox2 libtwolame0 libvorbis0a\n  libvorbisenc2 libvorbisfile3 libwavpack1 libwrap0 libxau6 libxcb1 libxdmcp6\n  libxml2 mime-support mpi-default-bin mpi-default-dev openmpi-bin\n  openmpi-common python-minimal python-pip-whl python2.7 python2.7-dev\n  python2.7-minimal swig3.0 zlib1g\nSuggested packages:\n  codeblocks eclipse ninja-build gettext-base git-daemon-run\n  | git-daemon-sysvinit git-doc git-el git-email git-gui gitk gitweb git-arch\n  git-cvs git-mediawiki git-svn lsof strace libaudio2 libesd0 | libesd-alsa0\n  lrzip libasound2-plugins alsa-utils libboost-doc graphviz python3\n  libboost1.58-doc gccxml libmpfrc++-dev libntl-dev xsltproc doxygen\n  docbook-xml docbook-xsl default-jdk fop libcurl4-doc libcurl3-dbg\n  libidn11-dev libkrb5-dev libldap2-dev librtmp-dev libssl-dev\n  libhwloc-contrib-plugins icu-doc libtool-doc liblzma-doc file opennmpi-doc\n  pulseaudio spell gfortran openmpi-checkpoint python-doc python-tk\n  python-nose python-numpy-dbg python-numpy-doc python-setuptools\n  python2.7-doc binfmt-support swig-doc swig-examples swig3.0-examples\n  swig3.0-doc\nRecommended packages:\n  less rsync ssh-client bzip2-doc dbus libglib2.0-data shared-mime-info\n  xdg-user-dirs libhwloc-plugins libtool tcpd xml-core file python-all-dev\n  python-setuptools\nThe following NEW packages will be installed:\n  cmake cmake-data curl git git-man htop icu-devtools libao-common libao4\n  libarchive13 libasound2 libasound2-data libasyncns0 libblas-common libblas3\n  libboost-all-dev libboost-atomic-dev libboost-atomic1.58-dev\n  libboost-atomic1.58.0 libboost-chrono-dev libboost-chrono1.58-dev\n  libboost-chrono1.58.0 libboost-context-dev libboost-context1.58-dev\n  libboost-context1.58.0 libboost-coroutine-dev libboost-coroutine1.58-dev\n  libboost-coroutine1.58.0 libboost-date-time-dev libboost-date-time1.58-dev\n  libboost-date-time1.58.0 libboost-dev libboost-exception-dev\n  libboost-exception1.58-dev libboost-filesystem-dev\n  libboost-filesystem1.58-dev libboost-filesystem1.58.0 libboost-graph-dev\n  libboost-graph-parallel-dev libboost-graph-parallel1.58-dev\n  libboost-graph-parallel1.58.0 libboost-graph1.58-dev libboost-graph1.58.0\n  libboost-iostreams-dev libboost-iostreams1.58-dev libboost-iostreams1.58.0\n  libboost-locale-dev libboost-locale1.58-dev libboost-locale1.58.0\n  libboost-log-dev libboost-log1.58-dev libboost-log1.58.0 libboost-math-dev\n  libboost-math1.58-dev libboost-math1.58.0 libboost-mpi-dev\n  libboost-mpi-python-dev libboost-mpi-python1.58-dev\n  libboost-mpi-python1.58.0 libboost-mpi1.58-dev libboost-mpi1.58.0\n  libboost-program-options-dev libboost-program-options1.58-dev\n  libboost-program-options1.58.0 libboost-python-dev libboost-python1.58-dev\n  libboost-python1.58.0 libboost-random-dev libboost-random1.58-dev\n  libboost-random1.58.0 libboost-regex-dev libboost-regex1.58-dev\n  libboost-regex1.58.0 libboost-serialization-dev\n  libboost-serialization1.58-dev libboost-serialization1.58.0\n  libboost-signals-dev libboost-signals1.58-dev libboost-signals1.58.0\n  libboost-system-dev libboost-system1.58-dev libboost-system1.58.0\n  libboost-test-dev libboost-test1.58-dev libboost-test1.58.0\n  libboost-thread-dev libboost-thread1.58-dev libboost-thread1.58.0\n  libboost-timer-dev libboost-timer1.58-dev libboost-timer1.58.0\n  libboost-tools-dev libboost-wave-dev libboost-wave1.58-dev\n  libboost-wave1.58.0 libboost1.58-dev libboost1.58-tools-dev libbz2-dev\n  libcurl3 libcurl4-openssl-dev libdbus-1-3 liberror-perl libexpat1\n  libexpat1-dev libflac8 libgfortran3 libglib2.0-0 libgsm1 libhwloc-dev\n  libhwloc5 libibverbs-dev libibverbs1 libicu-dev libicu55 libid3tag0\n  libjsoncpp1 liblapack3 libltdl-dev libltdl7 liblzma-dev liblzo2-2 libmad0\n  libmagic1 libmp3lame0 libnuma-dev libnuma1 libogg0 libopencore-amrnb0\n  libopencore-amrwb0 libopenmpi-dev libopenmpi1.10 libpng12-0 libpulse0\n  libpython-dev libpython-stdlib libpython2.7 libpython2.7-dev\n  libpython2.7-minimal libpython2.7-stdlib libsndfile1 libsox-dev\n  libsox-fmt-all libsox-fmt-alsa libsox-fmt-ao libsox-fmt-base libsox-fmt-mp3\n  libsox-fmt-oss libsox-fmt-pulse libsox2 libtwolame0 libvorbis0a\n  libvorbisenc2 libvorbisfile3 libwavpack1 libwrap0 libxau6 libxcb1 libxdmcp6\n  libxml2 locales mime-support mpi-default-bin mpi-default-dev nano\n  openmpi-bin openmpi-common pkg-config python python-dev python-minimal\n  python-numpy python-pip python-pip-whl python-wheel python2.7 python2.7-dev\n  python2.7-minimal sox swig swig3.0 wget zlib1g-dev\nThe following packages will be upgraded:\n  ca-certificates libcurl3-gnutls zlib1g\n3 upgraded, 182 newly installed, 0 to remove and 36 not upgraded.\nNeed to get 91.1 MB of archives.\nAfter this operation, 438 MB of additional disk space will be used.\nGet:1 http://archive.ubuntu.com/ubuntu xenial-updates/main amd64 zlib1g amd64 1:1.2.8.dfsg-2ubuntu4.3 [51.2 kB]\nGet:2 http://archive.ubuntu.com/ubuntu xenial-updates/main amd64 libglib2.0-0 amd64 2.48.2-0ubuntu4.6 [1120 kB]\nGet:3 http://archive.ubuntu.com/ubuntu xenial/main amd64 libxau6 amd64 1:1.0.8-1 [8376 B]\nGet:4 http://archive.ubuntu.com/ubuntu xenial-updates/main amd64 cmake-data all 3.5.1-1ubuntu3 [1121 kB]\nGet:5 http://archive.ubuntu.com/ubuntu xenial/main amd64 liblzo2-2 amd64 2.08-1.2 [48.7 kB]\nGet:6 http://archive.ubuntu.com/ubuntu xenial-updates/main amd64 libicu55 amd64 55.1-7ubuntu0.5 [7650 kB]\nGet:7 http://archive.ubuntu.com/ubuntu xenial-updates/main amd64 libxml2 amd64 2.9.3+dfsg1-1ubuntu0.7 [698 kB]\nGet:8 http://archive.ubuntu.com/ubuntu xenial-updates/main amd64 libarchive13 amd64 3.1.2-11ubuntu0.16.04.8 [262 kB]\nGet:9 http://archive.ubuntu.com/ubuntu xenial-updates/main amd64 libcurl3 amd64 7.47.0-1ubuntu2.15 [186 kB]\nGet:10 http://archive.ubuntu.com/ubuntu xenial-updates/main amd64 libexpat1 amd64 2.1.0-7ubuntu0.16.04.5 [71.5 kB]\nGet:11 http://archive.ubuntu.com/ubuntu xenial/main amd64 libjsoncpp1 amd64 1.7.2-1 [73.0 kB]\nGet:12 http://archive.ubuntu.com/ubuntu xenial-updates/main amd64 cmake amd64 3.5.1-1ubuntu3 [2623 kB]\nGet:13 http://archive.ubuntu.com/ubuntu xenial/main amd64 libao-common all 1.1.0-3ubuntu1 [6392 B]\nGet:14 http://archive.ubuntu.com/ubuntu xenial/main amd64 libao4 amd64 1.1.0-3ubuntu1 [32.2 kB]\nGet:15 http://archive.ubuntu.com/ubuntu xenial/main amd64 libasyncns0 amd64 0.8-5build1 [12.3 kB]\nGet:16 http://archive.ubuntu.com/ubuntu xenial/universe amd64 libgsm1 amd64 1.0.13-4 [27.1 kB]\nGet:17 http://archive.ubuntu.com/ubuntu xenial/main amd64 libogg0 amd64 1.3.2-1 [17.2 kB]\nGet:18 http://archive.ubuntu.com/ubuntu xenial/universe amd64 libopencore-amrnb0 amd64 0.1.3-2.1 [92.0 kB]\nGet:19 http://archive.ubuntu.com/ubuntu xenial/universe amd64 libopencore-amrwb0 amd64 0.1.3-2.1 [45.8 kB]\nGet:20 http://archive.ubuntu.com/ubuntu xenial/main amd64 libwrap0 amd64 7.6.q-25 [46.2 kB]\nGet:21 http://archive.ubuntu.com/ubuntu xenial-updates/main amd64 libpython2.7-minimal amd64 2.7.12-1ubuntu0~16.04.11 [338 kB]\nGet:22 http://archive.ubuntu.com/ubuntu xenial-updates/main amd64 python2.7-minimal amd64 2.7.12-1ubuntu0~16.04.11 [1261 kB]\nGet:23 http://archive.ubuntu.com/ubuntu xenial-updates/main amd64 python-minimal amd64 2.7.12-1~16.04 [28.1 kB]\nGet:24 http://archive.ubuntu.com/ubuntu xenial/main amd64 mime-support all 3.59ubuntu1 [31.0 kB]\nGet:25 http://archive.ubuntu.com/ubuntu xenial-updates/main amd64 libpython2.7-stdlib amd64 2.7.12-1ubuntu0~16.04.11 [1884 kB]\nGet:26 http://archive.ubuntu.com/ubuntu xenial-updates/main amd64 python2.7 amd64 2.7.12-1ubuntu0~16.04.11 [224 kB]\nGet:27 http://archive.ubuntu.com/ubuntu xenial-updates/main amd64 libpython-stdlib amd64 2.7.12-1~16.04 [7768 B]\nGet:28 http://archive.ubuntu.com/ubuntu xenial-updates/main amd64 python amd64 2.7.12-1~16.04 [137 kB]\nGet:29 http://archive.ubuntu.com/ubuntu xenial-updates/main amd64 libmagic1 amd64 1:5.25-2ubuntu1.4 [216 kB]\nGet:30 http://archive.ubuntu.com/ubuntu xenial-updates/main amd64 libpng12-0 amd64 1.2.54-1ubuntu1.1 [116 kB]\nGet:31 http://archive.ubuntu.com/ubuntu xenial-updates/main amd64 locales all 2.23-0ubuntu11 [3196 kB]\nGet:32 http://archive.ubuntu.com/ubuntu xenial-updates/main amd64 ca-certificates all 20190110~16.04.1 [146 kB]\nGet:33 http://archive.ubuntu.com/ubuntu xenial-updates/main amd64 libcurl3-gnutls amd64 7.47.0-1ubuntu2.15 [184 kB]\nGet:34 http://archive.ubuntu.com/ubuntu xenial-updates/main amd64 libdbus-1-3 amd64 1.10.6-1ubuntu3.6 [161 kB]\nGet:35 http://archive.ubuntu.com/ubuntu xenial-updates/main amd64 libnuma1 amd64 2.0.11-1ubuntu1.1 [21.0 kB]\nGet:36 http://archive.ubuntu.com/ubuntu xenial/main amd64 libxdmcp6 amd64 1:1.1.2-1.1 [11.0 kB]\nGet:37 http://archive.ubuntu.com/ubuntu xenial/main amd64 libxcb1 amd64 1.11.1-1ubuntu1 [40.0 kB]\nGet:38 http://archive.ubuntu.com/ubuntu xenial-updates/main amd64 nano amd64 2.5.3-2ubuntu2 [191 kB]\nGet:39 http://archive.ubuntu.com/ubuntu xenial-updates/main amd64 wget amd64 1.17.1-1ubuntu1.5 [299 kB]\nGet:40 http://archive.ubuntu.com/ubuntu xenial-updates/main amd64 curl amd64 7.47.0-1ubuntu2.15 [139 kB]\nGet:41 http://archive.ubuntu.com/ubuntu xenial/main amd64 liberror-perl all 0.17-1.2 [19.6 kB]\nGet:42 http://archive.ubuntu.com/ubuntu xenial-updates/main amd64 git-man all 1:2.7.4-0ubuntu1.9 [736 kB]\nGet:43 http://archive.ubuntu.com/ubuntu xenial-updates/main amd64 git amd64 1:2.7.4-0ubuntu1.9 [3176 kB]\nGet:44 http://archive.ubuntu.com/ubuntu xenial-updates/universe amd64 htop amd64 2.0.1-1ubuntu1 [76.4 kB]\nGet:45 http://archive.ubuntu.com/ubuntu xenial-updates/main amd64 icu-devtools amd64 55.1-7ubuntu0.5 [166 kB]\nGet:46 http://archive.ubuntu.com/ubuntu xenial/main amd64 libasound2-data all 1.1.0-0ubuntu1 [29.4 kB]\nGet:47 http://archive.ubuntu.com/ubuntu xenial/main amd64 libasound2 amd64 1.1.0-0ubuntu1 [350 kB]\nGet:48 http://archive.ubuntu.com/ubuntu xenial/main amd64 libblas-common amd64 3.6.0-2ubuntu2 [5342 B]\nGet:49 http://archive.ubuntu.com/ubuntu xenial/main amd64 libblas3 amd64 3.6.0-2ubuntu2 [147 kB]\nGet:50 http://archive.ubuntu.com/ubuntu xenial-updates/main amd64 libboost1.58-dev amd64 1.58.0+dfsg-5ubuntu3.1 [6222 kB]\nGet:51 http://archive.ubuntu.com/ubuntu xenial/main amd64 libboost-dev amd64 1.58.0.1ubuntu1 [3134 B]\nGet:52 http://archive.ubuntu.com/ubuntu xenial-updates/main amd64 libboost1.58-tools-dev amd64 1.58.0+dfsg-5ubuntu3.1 [1140 kB]\nGet:53 http://archive.ubuntu.com/ubuntu xenial/universe amd64 libboost-tools-dev amd64 1.58.0.1ubuntu1 [2974 B]\nGet:54 http://archive.ubuntu.com/ubuntu xenial-updates/universe amd64 libboost-atomic1.58.0 amd64 1.58.0+dfsg-5ubuntu3.1 [7120 B]\nGet:55 http://archive.ubuntu.com/ubuntu xenial-updates/universe amd64 libboost-atomic1.58-dev amd64 1.58.0+dfsg-5ubuntu3.1 [5026 B]\nGet:56 http://archive.ubuntu.com/ubuntu xenial/universe amd64 libboost-atomic-dev amd64 1.58.0.1ubuntu1 [3104 B]\nGet:57 http://archive.ubuntu.com/ubuntu xenial-updates/main amd64 libboost-system1.58.0 amd64 1.58.0+dfsg-5ubuntu3.1 [9146 B]\nGet:58 http://archive.ubuntu.com/ubuntu xenial-updates/universe amd64 libboost-chrono1.58.0 amd64 1.58.0+dfsg-5ubuntu3.1 [13.2 kB]\nGet:59 http://archive.ubuntu.com/ubuntu xenial-updates/universe amd64 libboost-chrono1.58-dev amd64 1.58.0+dfsg-5ubuntu3.1 [15.6 kB]\nGet:60 http://archive.ubuntu.com/ubuntu xenial/universe amd64 libboost-chrono-dev amd64 1.58.0.1ubuntu1 [3422 B]\nGet:61 http://archive.ubuntu.com/ubuntu xenial-updates/main amd64 libboost-thread1.58.0 amd64 1.58.0+dfsg-5ubuntu3.1 [47.0 kB]\nGet:62 http://archive.ubuntu.com/ubuntu xenial-updates/universe amd64 libboost-context1.58.0 amd64 1.58.0+dfsg-5ubuntu3.1 [18.9 kB]\nGet:63 http://archive.ubuntu.com/ubuntu xenial-updates/universe amd64 libboost-context1.58-dev amd64 1.58.0+dfsg-5ubuntu3.1 [19.0 kB]\nGet:64 http://archive.ubuntu.com/ubuntu xenial/universe amd64 libboost-context-dev amd64 1.58.0.1ubuntu1 [2994 B]\nGet:65 http://archive.ubuntu.com/ubuntu xenial-updates/universe amd64 libboost-coroutine1.58.0 amd64 1.58.0+dfsg-5ubuntu3.1 [20.2 kB]\nGet:66 http://archive.ubuntu.com/ubuntu xenial-updates/universe amd64 libboost-coroutine1.58-dev amd64 1.58.0+dfsg-5ubuntu3.1 [21.0 kB]\nGet:67 http://archive.ubuntu.com/ubuntu xenial/universe amd64 libboost-coroutine-dev amd64 1.58.0.1ubuntu1 [3070 B]\nGet:68 http://archive.ubuntu.com/ubuntu xenial-updates/main amd64 libboost-date-time1.58.0 amd64 1.58.0+dfsg-5ubuntu3.1 [20.7 kB]\nGet:69 http://archive.ubuntu.com/ubuntu xenial-updates/universe amd64 libboost-serialization1.58.0 amd64 1.58.0+dfsg-5ubuntu3.1 [113 kB]\nGet:70 http://archive.ubuntu.com/ubuntu xenial-updates/universe amd64 libboost-serialization1.58-dev amd64 1.58.0+dfsg-5ubuntu3.1 [147 kB]\nGet:71 http://archive.ubuntu.com/ubuntu xenial-updates/universe amd64 libboost-date-time1.58-dev amd64 1.58.0+dfsg-5ubuntu3.1 [27.4 kB]\nGet:72 http://archive.ubuntu.com/ubuntu xenial/universe amd64 libboost-date-time-dev amd64 1.58.0.1ubuntu1 [2800 B]\nGet:73 http://archive.ubuntu.com/ubuntu xenial-updates/universe amd64 libboost-exception1.58-dev amd64 1.58.0+dfsg-5ubuntu3.1 [4456 B]\nGet:74 http://archive.ubuntu.com/ubuntu xenial/universe amd64 libboost-exception-dev amd64 1.58.0.1ubuntu1 [2792 B]\nGet:75 http://archive.ubuntu.com/ubuntu xenial-updates/main amd64 libboost-filesystem1.58.0 amd64 1.58.0+dfsg-5ubuntu3.1 [37.5 kB]\nGet:76 http://archive.ubuntu.com/ubuntu xenial-updates/universe amd64 libboost-system1.58-dev amd64 1.58.0+dfsg-5ubuntu3.1 [8526 B]\nGet:77 http://archive.ubuntu.com/ubuntu xenial-updates/universe amd64 libboost-filesystem1.58-dev amd64 1.58.0+dfsg-5ubuntu3.1 [46.4 kB]\nGet:78 http://archive.ubuntu.com/ubuntu xenial/universe amd64 libboost-filesystem-dev amd64 1.58.0.1ubuntu1 [2826 B]\nGet:79 http://archive.ubuntu.com/ubuntu xenial-updates/main amd64 libboost-regex1.58.0 amd64 1.58.0+dfsg-5ubuntu3.1 [261 kB]\nGet:80 http://archive.ubuntu.com/ubuntu xenial-updates/universe amd64 libboost-graph1.58.0 amd64 1.58.0+dfsg-5ubuntu3.1 [94.2 kB]\nGet:81 http://archive.ubuntu.com/ubuntu xenial-updates/universe amd64 libboost-test1.58.0 amd64 1.58.0+dfsg-5ubuntu3.1 [188 kB]\nGet:82 http://archive.ubuntu.com/ubuntu xenial-updates/universe amd64 libboost-test1.58-dev amd64 1.58.0+dfsg-5ubuntu3.1 [232 kB]\nGet:83 http://archive.ubuntu.com/ubuntu xenial-updates/universe amd64 libboost-graph1.58-dev amd64 1.58.0+dfsg-5ubuntu3.1 [104 kB]\nGet:84 http://archive.ubuntu.com/ubuntu xenial/universe amd64 libboost-graph-dev amd64 1.58.0.1ubuntu1 [2886 B]\nGet:85 http://archive.ubuntu.com/ubuntu xenial/main amd64 libltdl7 amd64 2.4.6-0.1 [38.3 kB]\nGet:86 http://archive.ubuntu.com/ubuntu xenial/universe amd64 libhwloc5 amd64 1.11.2-3 [99.5 kB]\nGet:87 http://archive.ubuntu.com/ubuntu xenial/main amd64 libibverbs1 amd64 1.1.8-1.1ubuntu2 [25.0 kB]\nGet:88 http://archive.ubuntu.com/ubuntu xenial/universe amd64 libopenmpi1.10 amd64 1.10.2-8ubuntu1 [2025 kB]\nGet:89 http://archive.ubuntu.com/ubuntu xenial-updates/universe amd64 libboost-mpi1.58.0 amd64 1.58.0+dfsg-5ubuntu3.1 [47.8 kB]\nGet:90 http://archive.ubuntu.com/ubuntu xenial-updates/universe amd64 libboost-graph-parallel1.58.0 amd64 1.58.0+dfsg-5ubuntu3.1 [72.6 kB]\nGet:91 http://archive.ubuntu.com/ubuntu xenial-updates/universe amd64 libboost-graph-parallel1.58-dev amd64 1.58.0+dfsg-5ubuntu3.1 [78.9 kB]\nGet:92 http://archive.ubuntu.com/ubuntu xenial/universe amd64 libboost-graph-parallel-dev amd64 1.58.0.1ubuntu1 [2932 B]\nGet:93 http://archive.ubuntu.com/ubuntu xenial-updates/main amd64 libicu-dev amd64 55.1-7ubuntu0.5 [8546 kB]\nGet:94 http://archive.ubuntu.com/ubuntu xenial-updates/universe amd64 libboost-regex1.58-dev amd64 1.58.0+dfsg-5ubuntu3.1 [322 kB]\nGet:95 http://archive.ubuntu.com/ubuntu xenial-updates/main amd64 libboost-iostreams1.58.0 amd64 1.58.0+dfsg-5ubuntu3.1 [29.0 kB]\nGet:96 http://archive.ubuntu.com/ubuntu xenial-updates/universe amd64 libboost-iostreams1.58-dev amd64 1.58.0+dfsg-5ubuntu3.1 [36.2 kB]\nGet:97 http://archive.ubuntu.com/ubuntu xenial/universe amd64 libboost-iostreams-dev amd64 1.58.0.1ubuntu1 [2784 B]\nGet:98 http://archive.ubuntu.com/ubuntu xenial-updates/universe amd64 libboost-locale1.58.0 amd64 1.58.0+dfsg-5ubuntu3.1 [242 kB]\nGet:99 http://archive.ubuntu.com/ubuntu xenial-updates/universe amd64 libboost-locale1.58-dev amd64 1.58.0+dfsg-5ubuntu3.1 [331 kB]\nGet:100 http://archive.ubuntu.com/ubuntu xenial/universe amd64 libboost-locale-dev amd64 1.58.0.1ubuntu1 [3128 B]\nGet:101 http://archive.ubuntu.com/ubuntu xenial-updates/universe amd64 libboost-log1.58.0 amd64 1.58.0+dfsg-5ubuntu3.1 [422 kB]\nGet:102 http://archive.ubuntu.com/ubuntu xenial-updates/universe amd64 libboost-thread1.58-dev amd64 1.58.0+dfsg-5ubuntu3.1 [48.8 kB]\nGet:103 http://archive.ubuntu.com/ubuntu xenial-updates/universe amd64 libboost-log1.58-dev amd64 1.58.0+dfsg-5ubuntu3.1 [533 kB]\nGet:104 http://archive.ubuntu.com/ubuntu xenial/universe amd64 libboost-log-dev amd64 1.58.0.1ubuntu1 [2986 B]\nGet:105 http://archive.ubuntu.com/ubuntu xenial-updates/universe amd64 libboost-math1.58.0 amd64 1.58.0+dfsg-5ubuntu3.1 [291 kB]\nGet:106 http://archive.ubuntu.com/ubuntu xenial-updates/universe amd64 libboost-math1.58-dev amd64 1.58.0+dfsg-5ubuntu3.1 [829 kB]\nGet:107 http://archive.ubuntu.com/ubuntu xenial/universe amd64 libboost-math-dev amd64 1.58.0.1ubuntu1 [2998 B]\nGet:108 http://archive.ubuntu.com/ubuntu xenial/universe amd64 openmpi-common all 1.10.2-8ubuntu1 [129 kB]\nGet:109 http://archive.ubuntu.com/ubuntu xenial/main amd64 libibverbs-dev amd64 1.1.8-1.1ubuntu2 [77.6 kB]\nGet:110 http://archive.ubuntu.com/ubuntu xenial-updates/main amd64 libnuma-dev amd64 2.0.11-1ubuntu1.1 [31.5 kB]\nGet:111 http://archive.ubuntu.com/ubuntu xenial/main amd64 libltdl-dev amd64 2.4.6-0.1 [162 kB]\nGet:112 http://archive.ubuntu.com/ubuntu xenial/universe amd64 libhwloc-dev amd64 1.11.2-3 [155 kB]\nGet:113 http://archive.ubuntu.com/ubuntu xenial/universe amd64 libopenmpi-dev amd64 1.10.2-8ubuntu1 [537 kB]\nGet:114 http://archive.ubuntu.com/ubuntu xenial/universe amd64 mpi-default-dev amd64 1.4 [4154 B]\nGet:115 http://archive.ubuntu.com/ubuntu xenial-updates/universe amd64 libboost-mpi1.58-dev amd64 1.58.0+dfsg-5ubuntu3.1 [147 kB]\nGet:116 http://archive.ubuntu.com/ubuntu xenial/universe amd64 libboost-mpi-dev amd64 1.58.0.1ubuntu1 [2876 B]\nGet:117 http://archive.ubuntu.com/ubuntu xenial-updates/universe amd64 libboost-python1.58.0 amd64 1.58.0+dfsg-5ubuntu3.1 [120 kB]\nGet:118 http://archive.ubuntu.com/ubuntu xenial/universe amd64 openmpi-bin amd64 1.10.2-8ubuntu1 [100 kB]\nGet:119 http://archive.ubuntu.com/ubuntu xenial/universe amd64 mpi-default-bin amd64 1.4 [3370 B]\nGet:120 http://archive.ubuntu.com/ubuntu xenial-updates/universe amd64 libboost-mpi-python1.58.0 amd64 1.58.0+dfsg-5ubuntu3.1 [220 kB]\nGet:121 http://archive.ubuntu.com/ubuntu xenial-updates/universe amd64 libboost-mpi-python1.58-dev amd64 1.58.0+dfsg-5ubuntu3.1 [27.0 kB]\nGet:122 http://archive.ubuntu.com/ubuntu xenial/universe amd64 libboost-mpi-python-dev amd64 1.58.0.1ubuntu1 [2912 B]\nGet:123 http://archive.ubuntu.com/ubuntu xenial-updates/main amd64 libboost-program-options1.58.0 amd64 1.58.0+dfsg-5ubuntu3.1 [138 kB]\nGet:124 http://archive.ubuntu.com/ubuntu xenial-updates/main amd64 libboost-program-options1.58-dev amd64 1.58.0+dfsg-5ubuntu3.1 [171 kB]\nGet:125 http://archive.ubuntu.com/ubuntu xenial/main amd64 libboost-program-options-dev amd64 1.58.0.1ubuntu1 [2808 B]\nGet:126 http://archive.ubuntu.com/ubuntu xenial-updates/main amd64 libpython2.7 amd64 2.7.12-1ubuntu0~16.04.11 [1070 kB]\nGet:127 http://archive.ubuntu.com/ubuntu xenial-updates/main amd64 libexpat1-dev amd64 2.1.0-7ubuntu0.16.04.5 [115 kB]\nGet:128 http://archive.ubuntu.com/ubuntu xenial-updates/main amd64 libpython2.7-dev amd64 2.7.12-1ubuntu0~16.04.11 [27.8 MB]\nGet:129 http://archive.ubuntu.com/ubuntu xenial-updates/main amd64 libpython-dev amd64 2.7.12-1~16.04 [7840 B]\nGet:130 http://archive.ubuntu.com/ubuntu xenial-updates/main amd64 python2.7-dev amd64 2.7.12-1ubuntu0~16.04.11 [276 kB]\nGet:131 http://archive.ubuntu.com/ubuntu xenial-updates/main amd64 python-dev amd64 2.7.12-1~16.04 [1186 B]\nGet:132 http://archive.ubuntu.com/ubuntu xenial-updates/universe amd64 libboost-python1.58-dev amd64 1.58.0+dfsg-5ubuntu3.1 [149 kB]\nGet:133 http://archive.ubuntu.com/ubuntu xenial/universe amd64 libboost-python-dev amd64 1.58.0.1ubuntu1 [3170 B]\nGet:134 http://archive.ubuntu.com/ubuntu xenial-updates/main amd64 libboost-random1.58.0 amd64 1.58.0+dfsg-5ubuntu3.1 [11.7 kB]\nGet:135 http://archive.ubuntu.com/ubuntu xenial-updates/universe amd64 libboost-random1.58-dev amd64 1.58.0+dfsg-5ubuntu3.1 [11.1 kB]\nGet:136 http://archive.ubuntu.com/ubuntu xenial/universe amd64 libboost-random-dev amd64 1.58.0.1ubuntu1 [2790 B]\nGet:137 http://archive.ubuntu.com/ubuntu xenial/universe amd64 libboost-regex-dev amd64 1.58.0.1ubuntu1 [3058 B]\nGet:138 http://archive.ubuntu.com/ubuntu xenial/universe amd64 libboost-serialization-dev amd64 1.58.0.1ubuntu1 [3026 B]\nGet:139 http://archive.ubuntu.com/ubuntu xenial-updates/universe amd64 libboost-signals1.58.0 amd64 1.58.0+dfsg-5ubuntu3.1 [31.5 kB]\nGet:140 http://archive.ubuntu.com/ubuntu xenial-updates/universe amd64 libboost-signals1.58-dev amd64 1.58.0+dfsg-5ubuntu3.1 [34.8 kB]\nGet:141 http://archive.ubuntu.com/ubuntu xenial/universe amd64 libboost-signals-dev amd64 1.58.0.1ubuntu1 [2856 B]\nGet:142 http://archive.ubuntu.com/ubuntu xenial/universe amd64 libboost-system-dev amd64 1.58.0.1ubuntu1 [2930 B]\nGet:143 http://archive.ubuntu.com/ubuntu xenial/universe amd64 libboost-test-dev amd64 1.58.0.1ubuntu1 [2830 B]\nGet:144 http://archive.ubuntu.com/ubuntu xenial/universe amd64 libboost-thread-dev amd64 1.58.0.1ubuntu1 [2818 B]\nGet:145 http://archive.ubuntu.com/ubuntu xenial-updates/universe amd64 libboost-timer1.58.0 amd64 1.58.0+dfsg-5ubuntu3.1 [10.2 kB]\nGet:146 http://archive.ubuntu.com/ubuntu xenial-updates/universe amd64 libboost-timer1.58-dev amd64 1.58.0+dfsg-5ubuntu3.1 [9632 B]\nGet:147 http://archive.ubuntu.com/ubuntu xenial/universe amd64 libboost-timer-dev amd64 1.58.0.1ubuntu1 [2922 B]\nGet:148 http://archive.ubuntu.com/ubuntu xenial-updates/universe amd64 libboost-wave1.58.0 amd64 1.58.0+dfsg-5ubuntu3.1 [184 kB]\nGet:149 http://archive.ubuntu.com/ubuntu xenial-updates/universe amd64 libboost-wave1.58-dev amd64 1.58.0+dfsg-5ubuntu3.1 [245 kB]\nGet:150 http://archive.ubuntu.com/ubuntu xenial/universe amd64 libboost-wave-dev amd64 1.58.0.1ubuntu1 [2838 B]\nGet:151 http://archive.ubuntu.com/ubuntu xenial/universe amd64 libboost-all-dev amd64 1.58.0.1ubuntu1 [2228 B]\nGet:152 http://archive.ubuntu.com/ubuntu xenial-updates/main amd64 libbz2-dev amd64 1.0.6-8ubuntu0.2 [29.0 kB]\nGet:153 http://archive.ubuntu.com/ubuntu xenial-updates/main amd64 libcurl4-openssl-dev amd64 7.47.0-1ubuntu2.15 [262 kB]\nGet:154 http://archive.ubuntu.com/ubuntu xenial/main amd64 libflac8 amd64 1.3.1-4 [210 kB]\nGet:155 http://archive.ubuntu.com/ubuntu xenial-updates/main amd64 libgfortran3 amd64 5.4.0-6ubuntu1~16.04.12 [260 kB]\nGet:156 http://archive.ubuntu.com/ubuntu xenial/universe amd64 libid3tag0 amd64 0.15.1b-11 [29.3 kB]\nGet:157 http://archive.ubuntu.com/ubuntu xenial/main amd64 liblapack3 amd64 3.6.0-2ubuntu2 [1938 kB]\nGet:158 http://archive.ubuntu.com/ubuntu xenial-updates/universe amd64 libmad0 amd64 0.15.1b-9ubuntu16.04.1 [64.7 kB]\nGet:159 http://archive.ubuntu.com/ubuntu xenial/universe amd64 libmp3lame0 amd64 3.99.5+repack1-9build1 [127 kB]\nGet:160 http://archive.ubuntu.com/ubuntu xenial-updates/main amd64 libvorbis0a amd64 1.3.5-3ubuntu0.2 [86.0 kB]\nGet:161 http://archive.ubuntu.com/ubuntu xenial-updates/main amd64 libvorbisenc2 amd64 1.3.5-3ubuntu0.2 [70.6 kB]\nGet:162 http://archive.ubuntu.com/ubuntu xenial-updates/main amd64 libsndfile1 amd64 1.0.25-10ubuntu0.16.04.2 [139 kB]\nGet:163 http://archive.ubuntu.com/ubuntu xenial-updates/main amd64 libpulse0 amd64 1:8.0-0ubuntu3.12 [253 kB]\nGet:164 http://archive.ubuntu.com/ubuntu xenial-updates/universe amd64 libsox2 amd64 14.4.1-5+deb8u4ubuntu0.1 [226 kB]\nGet:165 http://archive.ubuntu.com/ubuntu xenial-updates/universe amd64 libsox-fmt-alsa amd64 14.4.1-5+deb8u4ubuntu0.1 [7256 B]\nGet:166 http://archive.ubuntu.com/ubuntu xenial-updates/universe amd64 libsox-fmt-ao amd64 14.4.1-5+deb8u4ubuntu0.1 [4122 B]\nGet:167 http://archive.ubuntu.com/ubuntu xenial-updates/main amd64 libvorbisfile3 amd64 1.3.5-3ubuntu0.2 [15.9 kB]\nGet:168 http://archive.ubuntu.com/ubuntu xenial-updates/main amd64 libwavpack1 amd64 4.75.2-2ubuntu0.2 [74.8 kB]\nGet:169 http://archive.ubuntu.com/ubuntu xenial-updates/universe amd64 libsox-fmt-base amd64 14.4.1-5+deb8u4ubuntu0.1 [28.7 kB]\nGet:170 http://archive.ubuntu.com/ubuntu xenial/universe amd64 libtwolame0 amd64 0.3.13-1.2 [49.2 kB]\nGet:171 http://archive.ubuntu.com/ubuntu xenial-updates/universe amd64 libsox-fmt-mp3 amd64 14.4.1-5+deb8u4ubuntu0.1 [12.3 kB]\nGet:172 http://archive.ubuntu.com/ubuntu xenial-updates/universe amd64 libsox-fmt-oss amd64 14.4.1-5+deb8u4ubuntu0.1 [4666 B]\nGet:173 http://archive.ubuntu.com/ubuntu xenial-updates/universe amd64 libsox-fmt-pulse amd64 14.4.1-5+deb8u4ubuntu0.1 [4136 B]\nGet:174 http://archive.ubuntu.com/ubuntu xenial-updates/universe amd64 libsox-fmt-all amd64 14.4.1-5+deb8u4ubuntu0.1 [1718 B]\nGet:175 http://archive.ubuntu.com/ubuntu xenial-updates/universe amd64 libsox-dev amd64 14.4.1-5+deb8u4ubuntu0.1 [312 kB]\nGet:176 http://archive.ubuntu.com/ubuntu xenial/main amd64 pkg-config amd64 0.29.1-0ubuntu1 [45.0 kB]\nGet:177 http://archive.ubuntu.com/ubuntu xenial/main amd64 python-numpy amd64 1:1.11.0-1ubuntu1 [1763 kB]\nGet:178 http://archive.ubuntu.com/ubuntu xenial-updates/universe amd64 python-pip-whl all 8.1.1-2ubuntu0.4 [1110 kB]\nGet:179 http://archive.ubuntu.com/ubuntu xenial-updates/universe amd64 python-pip all 8.1.1-2ubuntu0.4 [144 kB]\nGet:180 http://archive.ubuntu.com/ubuntu xenial/universe amd64 python-wheel all 0.29.0-1 [48.0 kB]\nGet:181 http://archive.ubuntu.com/ubuntu xenial-updates/universe amd64 sox amd64 14.4.1-5+deb8u4ubuntu0.1 [97.4 kB]\nGet:182 http://archive.ubuntu.com/ubuntu xenial/universe amd64 swig3.0 amd64 3.0.8-0ubuntu3 [995 kB]\nGet:183 http://archive.ubuntu.com/ubuntu xenial/universe amd64 swig amd64 3.0.8-0ubuntu3 [6278 B]\nGet:184 http://archive.ubuntu.com/ubuntu xenial-updates/main amd64 zlib1g-dev amd64 1:1.2.8.dfsg-2ubuntu4.3 [167 kB]\nGet:185 http://archive.ubuntu.com/ubuntu xenial/main amd64 liblzma-dev amd64 5.1.1alpha+20120614-2ubuntu2 [137 kB]\n\u001b[91mdebconf: delaying package configuration, since apt-utils is not installed\n\u001b[0mFetched 91.1 MB in 7s (12.8 MB/s)\n(Reading database ... \r(Reading database ... 5%\r(Reading database ... 10%\r(Reading database ... 15%\r(Reading database ... 20%\r(Reading database ... 25%\r(Reading database ... 30%\r(Reading database ... 35%\r(Reading database ... 40%\r(Reading database ... 45%\r(Reading database ... 50%\r(Reading database ... 55%\r(Reading database ... 60%\r(Reading database ... 65%\r(Reading database ... 70%\r(Reading database ... 75%\r(Reading database ... 80%\r(Reading database ... 85%\r(Reading database ... 90%\r(Reading database ... 95%\r(Reading database ... 100%\r(Reading database ... 11608 files and directories currently installed.)\r\nPreparing to unpack .../zlib1g_1%3a1.2.8.dfsg-2ubuntu4.3_amd64.deb ...\r\nUnpacking zlib1g:amd64 (1:1.2.8.dfsg-2ubuntu4.3) over (1:1.2.8.dfsg-2ubuntu4.1) ...\r\nProcessing triggers for libc-bin (2.23-0ubuntu11) ...\r\nSetting up zlib1g:amd64 (1:1.2.8.dfsg-2ubuntu4.3) ...\r\nProcessing triggers for libc-bin (2.23-0ubuntu11) ...\r\nSelecting previously unselected package libglib2.0-0:amd64.\r\n(Reading database ... \r(Reading database ... 5%\r(Reading database ... 10%\r(Reading database ... 15%\r(Reading database ... 20%\r(Reading database ... 25%\r(Reading database ... 30%\r(Reading database ... 35%\r(Reading database ... 40%\r(Reading database ... 45%\r(Reading database ... 50%\r(Reading database ... 55%\r(Reading database ... 60%\r(Reading database ... 65%\r(Reading database ... 70%\r(Reading database ... 75%\r(Reading database ... 80%\r(Reading database ... 85%\r(Reading database ... 90%\r(Reading database ... 95%\r(Reading database ... 100%\r(Reading database ... 11608 files and directories currently installed.)\r\nPreparing to unpack .../libglib2.0-0_2.48.2-0ubuntu4.6_amd64.deb ...\r\nUnpacking libglib2.0-0:amd64 (2.48.2-0ubuntu4.6) ...\r\nSelecting previously unselected package libxau6:amd64.\r\nPreparing to unpack .../libxau6_1%3a1.0.8-1_amd64.deb ...\r\nUnpacking libxau6:amd64 (1:1.0.8-1) ...\r\nSelecting previously unselected package cmake-data.\r\nPreparing to unpack .../cmake-data_3.5.1-1ubuntu3_all.deb ...\r\nUnpacking cmake-data (3.5.1-1ubuntu3) ...\r\nSelecting previously unselected package liblzo2-2:amd64.\r\nPreparing to unpack .../liblzo2-2_2.08-1.2_amd64.deb ...\r\nUnpacking liblzo2-2:amd64 (2.08-1.2) ...\r\nSelecting previously unselected package libicu55:amd64.\r\nPreparing to unpack .../libicu55_55.1-7ubuntu0.5_amd64.deb ...\r\nUnpacking libicu55:amd64 (55.1-7ubuntu0.5) ...\r\nSelecting previously unselected package libxml2:amd64.\r\nPreparing to unpack .../libxml2_2.9.3+dfsg1-1ubuntu0.7_amd64.deb ...\r\nUnpacking libxml2:amd64 (2.9.3+dfsg1-1ubuntu0.7) ...\r\nSelecting previously unselected package libarchive13:amd64.\r\nPreparing to unpack .../libarchive13_3.1.2-11ubuntu0.16.04.8_amd64.deb ...\r\nUnpacking libarchive13:amd64 (3.1.2-11ubuntu0.16.04.8) ...\r\nSelecting previously unselected package libcurl3:amd64.\r\nPreparing to unpack .../libcurl3_7.47.0-1ubuntu2.15_amd64.deb ...\r\nUnpacking libcurl3:amd64 (7.47.0-1ubuntu2.15) ...\r\nSelecting previously unselected package libexpat1:amd64.\r\nPreparing to unpack .../libexpat1_2.1.0-7ubuntu0.16.04.5_amd64.deb ...\r\nUnpacking libexpat1:amd64 (2.1.0-7ubuntu0.16.04.5) ...\r\nSelecting previously unselected package libjsoncpp1:amd64.\r\nPreparing to unpack .../libjsoncpp1_1.7.2-1_amd64.deb ...\r\nUnpacking libjsoncpp1:amd64 (1.7.2-1) ...\r\nSelecting previously unselected package cmake.\r\nPreparing to unpack .../cmake_3.5.1-1ubuntu3_amd64.deb ...\r\nUnpacking cmake (3.5.1-1ubuntu3) ...\r\nSelecting previously unselected package libao-common.\r\nPreparing to unpack .../libao-common_1.1.0-3ubuntu1_all.deb ...\r\nUnpacking libao-common (1.1.0-3ubuntu1) ...\r\nSelecting previously unselected package libao4:amd64.\r\nPreparing to unpack .../libao4_1.1.0-3ubuntu1_amd64.deb ...\r\nUnpacking libao4:amd64 (1.1.0-3ubuntu1) ...\r\nSelecting previously unselected package libasyncns0:amd64.\r\nPreparing to unpack .../libasyncns0_0.8-5build1_amd64.deb ...\r\nUnpacking libasyncns0:amd64 (0.8-5build1) ...\r\nSelecting previously unselected package libgsm1:amd64.\r\nPreparing to unpack .../libgsm1_1.0.13-4_amd64.deb ...\r\nUnpacking libgsm1:amd64 (1.0.13-4) ...\r\nSelecting previously unselected package libogg0:amd64.\r\nPreparing to unpack .../libogg0_1.3.2-1_amd64.deb ...\r\nUnpacking libogg0:amd64 (1.3.2-1) ...\r\nSelecting previously unselected package libopencore-amrnb0:amd64.\r\nPreparing to unpack .../libopencore-amrnb0_0.1.3-2.1_amd64.deb ...\r\nUnpacking libopencore-amrnb0:amd64 (0.1.3-2.1) ...\r\nSelecting previously unselected package libopencore-amrwb0:amd64.\r\nPreparing to unpack .../libopencore-amrwb0_0.1.3-2.1_amd64.deb ...\r\nUnpacking libopencore-amrwb0:amd64 (0.1.3-2.1) ...\r\nSelecting previously unselected package libwrap0:amd64.\r\nPreparing to unpack .../libwrap0_7.6.q-25_amd64.deb ...\r\nUnpacking libwrap0:amd64 (7.6.q-25) ...\r\nSelecting previously unselected package libpython2.7-minimal:amd64.\r\nPreparing to unpack .../libpython2.7-minimal_2.7.12-1ubuntu0~16.04.11_amd64.deb ...\r\nUnpacking libpython2.7-minimal:amd64 (2.7.12-1ubuntu0~16.04.11) ...\r\nSelecting previously unselected package python2.7-minimal.\r\nPreparing to unpack .../python2.7-minimal_2.7.12-1ubuntu0~16.04.11_amd64.deb ...\r\nUnpacking python2.7-minimal (2.7.12-1ubuntu0~16.04.11) ...\r\nSelecting previously unselected package python-minimal.\r\nPreparing to unpack .../python-minimal_2.7.12-1~16.04_amd64.deb ...\r\nUnpacking python-minimal (2.7.12-1~16.04) ...\r\nSelecting previously unselected package mime-support.\r\nPreparing to unpack .../mime-support_3.59ubuntu1_all.deb ...\r\nUnpacking mime-support (3.59ubuntu1) ...\r\nSelecting previously unselected package libpython2.7-stdlib:amd64.\r\nPreparing to unpack .../libpython2.7-stdlib_2.7.12-1ubuntu0~16.04.11_amd64.deb ...\r\nUnpacking libpython2.7-stdlib:amd64 (2.7.12-1ubuntu0~16.04.11) ...\r\nSelecting previously unselected package python2.7.\r\nPreparing to unpack .../python2.7_2.7.12-1ubuntu0~16.04.11_amd64.deb ...\r\nUnpacking python2.7 (2.7.12-1ubuntu0~16.04.11) ...\r\nSelecting previously unselected package libpython-stdlib:amd64.\r\nPreparing to unpack .../libpython-stdlib_2.7.12-1~16.04_amd64.deb ...\r\nUnpacking libpython-stdlib:amd64 (2.7.12-1~16.04) ...\r\nProcessing triggers for libc-bin (2.23-0ubuntu11) ...\r\nSetting up libpython2.7-minimal:amd64 (2.7.12-1ubuntu0~16.04.11) ...\r\nSetting up python2.7-minimal (2.7.12-1ubuntu0~16.04.11) ...\r\nLinking and byte-compiling packages for runtime python2.7...\r\nSetting up python-minimal (2.7.12-1~16.04) ...\r\nSelecting previously unselected package python.\r\n(Reading database ... \r(Reading database ... 5%\r(Reading database ... 10%\r(Reading database ... 15%\r(Reading database ... 20%\r(Reading database ... 25%\r(Reading database ... 30%\r(Reading database ... 35%\r(Reading database ... 40%\r(Reading database ... 45%\r(Reading database ... 50%\r(Reading database ... 55%\r(Reading database ... 60%\r(Reading database ... 65%\r(Reading database ... 70%\r(Reading database ... 75%\r(Reading database ... 80%\r(Reading database ... 85%\r(Reading database ... 90%\r(Reading database ... 95%\r(Reading database ... 100%\r(Reading database ... 14599 files and directories currently installed.)\r\nPreparing to unpack .../python_2.7.12-1~16.04_amd64.deb ...\r\nUnpacking python (2.7.12-1~16.04) ...\r\nSelecting previously unselected package libmagic1:amd64.\r\nPreparing to unpack .../libmagic1_1%3a5.25-2ubuntu1.4_amd64.deb ...\r\nUnpacking libmagic1:amd64 (1:5.25-2ubuntu1.4) ...\r\nSelecting previously unselected package libpng12-0:amd64.\r\nPreparing to unpack .../libpng12-0_1.2.54-1ubuntu1.1_amd64.deb ...\r\nUnpacking libpng12-0:amd64 (1.2.54-1ubuntu1.1) ...\r\nSelecting previously unselected package locales.\r\nPreparing to unpack .../locales_2.23-0ubuntu11_all.deb ...\r\nUnpacking locales (2.23-0ubuntu11) ...\r\nPreparing to unpack .../ca-certificates_20190110~16.04.1_all.deb ...\r\nUnpacking ca-certificates (20190110~16.04.1) over (20170717~16.04.2) ...\r\nPreparing to unpack .../libcurl3-gnutls_7.47.0-1ubuntu2.15_amd64.deb ...\r\nUnpacking libcurl3-gnutls:amd64 (7.47.0-1ubuntu2.15) over (7.47.0-1ubuntu2.14) ...\r\nSelecting previously unselected package libdbus-1-3:amd64.\r\nPreparing to unpack .../libdbus-1-3_1.10.6-1ubuntu3.6_amd64.deb ...\r\nUnpacking libdbus-1-3:amd64 (1.10.6-1ubuntu3.6) ...\r\nSelecting previously unselected package libnuma1:amd64.\r\nPreparing to unpack .../libnuma1_2.0.11-1ubuntu1.1_amd64.deb ...\r\nUnpacking libnuma1:amd64 (2.0.11-1ubuntu1.1) ...\r\nSelecting previously unselected package libxdmcp6:amd64.\r\nPreparing to unpack .../libxdmcp6_1%3a1.1.2-1.1_amd64.deb ...\r\nUnpacking libxdmcp6:amd64 (1:1.1.2-1.1) ...\r\nSelecting previously unselected package libxcb1:amd64.\r\nPreparing to unpack .../libxcb1_1.11.1-1ubuntu1_amd64.deb ...\r\nUnpacking libxcb1:amd64 (1.11.1-1ubuntu1) ...\r\nSelecting previously unselected package nano.\r\nPreparing to unpack .../nano_2.5.3-2ubuntu2_amd64.deb ...\r\nUnpacking nano (2.5.3-2ubuntu2) ...\r\nSelecting previously unselected package wget.\r\nPreparing to unpack .../wget_1.17.1-1ubuntu1.5_amd64.deb ...\r\nUnpacking wget (1.17.1-1ubuntu1.5) ...\r\nSelecting previously unselected package curl.\r\nPreparing to unpack .../curl_7.47.0-1ubuntu2.15_amd64.deb ...\r\nUnpacking curl (7.47.0-1ubuntu2.15) ...\r\nSelecting previously unselected package liberror-perl.\r\nPreparing to unpack .../liberror-perl_0.17-1.2_all.deb ...\r\nUnpacking liberror-perl (0.17-1.2) ...\r\nSelecting previously unselected package git-man.\r\nPreparing to unpack .../git-man_1%3a2.7.4-0ubuntu1.9_all.deb ...\r\nUnpacking git-man (1:2.7.4-0ubuntu1.9) ...\r\nSelecting previously unselected package git.\r\nPreparing to unpack .../git_1%3a2.7.4-0ubuntu1.9_amd64.deb ...\r\nUnpacking git (1:2.7.4-0ubuntu1.9) ...\r\nSelecting previously unselected package htop.\r\nPreparing to unpack .../htop_2.0.1-1ubuntu1_amd64.deb ...\r\nUnpacking htop (2.0.1-1ubuntu1) ...\r\nSelecting previously unselected package icu-devtools.\r\nPreparing to unpack .../icu-devtools_55.1-7ubuntu0.5_amd64.deb ...\r\nUnpacking icu-devtools (55.1-7ubuntu0.5) ...\r\nSelecting previously unselected package libasound2-data.\r\nPreparing to unpack .../libasound2-data_1.1.0-0ubuntu1_all.deb ...\r\nUnpacking libasound2-data (1.1.0-0ubuntu1) ...\r\nSelecting previously unselected package libasound2:amd64.\r\nPreparing to unpack .../libasound2_1.1.0-0ubuntu1_amd64.deb ...\r\nUnpacking libasound2:amd64 (1.1.0-0ubuntu1) ...\r\nSelecting previously unselected package libblas-common.\r\nPreparing to unpack .../libblas-common_3.6.0-2ubuntu2_amd64.deb ...\r\nUnpacking libblas-common (3.6.0-2ubuntu2) ...\r\nSelecting previously unselected package libblas3.\r\nPreparing to unpack .../libblas3_3.6.0-2ubuntu2_amd64.deb ...\r\nUnpacking libblas3 (3.6.0-2ubuntu2) ...\r\nSelecting previously unselected package libboost1.58-dev:amd64.\r\nPreparing to unpack .../libboost1.58-dev_1.58.0+dfsg-5ubuntu3.1_amd64.deb ...\r\nUnpacking libboost1.58-dev:amd64 (1.58.0+dfsg-5ubuntu3.1) ...\r\nSelecting previously unselected package libboost-dev:amd64.\r\nPreparing to unpack .../libboost-dev_1.58.0.1ubuntu1_amd64.deb ...\r\nUnpacking libboost-dev:amd64 (1.58.0.1ubuntu1) ...\r\nSelecting previously unselected package libboost1.58-tools-dev.\r\nPreparing to unpack .../libboost1.58-tools-dev_1.58.0+dfsg-5ubuntu3.1_amd64.deb ...\r\nUnpacking libboost1.58-tools-dev (1.58.0+dfsg-5ubuntu3.1) ...\r\nSelecting previously unselected package libboost-tools-dev.\r\nPreparing to unpack .../libboost-tools-dev_1.58.0.1ubuntu1_amd64.deb ...\r\nUnpacking libboost-tools-dev (1.58.0.1ubuntu1) ...\r\nSelecting previously unselected package libboost-atomic1.58.0:amd64.\r\nPreparing to unpack .../libboost-atomic1.58.0_1.58.0+dfsg-5ubuntu3.1_amd64.deb ...\r\nUnpacking libboost-atomic1.58.0:amd64 (1.58.0+dfsg-5ubuntu3.1) ...\r\nSelecting previously unselected package libboost-atomic1.58-dev:amd64.\r\nPreparing to unpack .../libboost-atomic1.58-dev_1.58.0+dfsg-5ubuntu3.1_amd64.deb ...\r\nUnpacking libboost-atomic1.58-dev:amd64 (1.58.0+dfsg-5ubuntu3.1) ...\r\nSelecting previously unselected package libboost-atomic-dev:amd64.\r\nPreparing to unpack .../libboost-atomic-dev_1.58.0.1ubuntu1_amd64.deb ...\r\nUnpacking libboost-atomic-dev:amd64 (1.58.0.1ubuntu1) ...\r\nSelecting previously unselected package libboost-system1.58.0:amd64.\r\nPreparing to unpack .../libboost-system1.58.0_1.58.0+dfsg-5ubuntu3.1_amd64.deb ...\r\nUnpacking libboost-system1.58.0:amd64 (1.58.0+dfsg-5ubuntu3.1) ...\r\nSelecting previously unselected package libboost-chrono1.58.0:amd64.\r\nPreparing to unpack .../libboost-chrono1.58.0_1.58.0+dfsg-5ubuntu3.1_amd64.deb ...\r\nUnpacking libboost-chrono1.58.0:amd64 (1.58.0+dfsg-5ubuntu3.1) ...\r\nSelecting previously unselected package libboost-chrono1.58-dev:amd64.\r\nPreparing to unpack .../libboost-chrono1.58-dev_1.58.0+dfsg-5ubuntu3.1_amd64.deb ...\r\nUnpacking libboost-chrono1.58-dev:amd64 (1.58.0+dfsg-5ubuntu3.1) ...\r\nSelecting previously unselected package libboost-chrono-dev:amd64.\r\nPreparing to unpack .../libboost-chrono-dev_1.58.0.1ubuntu1_amd64.deb ...\r\nUnpacking libboost-chrono-dev:amd64 (1.58.0.1ubuntu1) ...\r\nSelecting previously unselected package libboost-thread1.58.0:amd64.\r\nPreparing to unpack .../libboost-thread1.58.0_1.58.0+dfsg-5ubuntu3.1_amd64.deb ...\r\nUnpacking libboost-thread1.58.0:amd64 (1.58.0+dfsg-5ubuntu3.1) ...\r\nSelecting previously unselected package libboost-context1.58.0:amd64.\r\nPreparing to unpack .../libboost-context1.58.0_1.58.0+dfsg-5ubuntu3.1_amd64.deb ...\r\nUnpacking libboost-context1.58.0:amd64 (1.58.0+dfsg-5ubuntu3.1) ...\r\nSelecting previously unselected package libboost-context1.58-dev:amd64.\r\nPreparing to unpack .../libboost-context1.58-dev_1.58.0+dfsg-5ubuntu3.1_amd64.deb ...\r\nUnpacking libboost-context1.58-dev:amd64 (1.58.0+dfsg-5ubuntu3.1) ...\r\nSelecting previously unselected package libboost-context-dev:amd64.\r\nPreparing to unpack .../libboost-context-dev_1.58.0.1ubuntu1_amd64.deb ...\r\nUnpacking libboost-context-dev:amd64 (1.58.0.1ubuntu1) ...\r\nSelecting previously unselected package libboost-coroutine1.58.0:amd64.\r\nPreparing to unpack .../libboost-coroutine1.58.0_1.58.0+dfsg-5ubuntu3.1_amd64.deb ...\r\nUnpacking libboost-coroutine1.58.0:amd64 (1.58.0+dfsg-5ubuntu3.1) ...\r\nSelecting previously unselected package libboost-coroutine1.58-dev:amd64.\r\nPreparing to unpack .../libboost-coroutine1.58-dev_1.58.0+dfsg-5ubuntu3.1_amd64.deb ...\r\nUnpacking libboost-coroutine1.58-dev:amd64 (1.58.0+dfsg-5ubuntu3.1) ...\r\nSelecting previously unselected package libboost-coroutine-dev:amd64.\r\nPreparing to unpack .../libboost-coroutine-dev_1.58.0.1ubuntu1_amd64.deb ...\r\nUnpacking libboost-coroutine-dev:amd64 (1.58.0.1ubuntu1) ...\r\nSelecting previously unselected package libboost-date-time1.58.0:amd64.\r\nPreparing to unpack .../libboost-date-time1.58.0_1.58.0+dfsg-5ubuntu3.1_amd64.deb ...\r\nUnpacking libboost-date-time1.58.0:amd64 (1.58.0+dfsg-5ubuntu3.1) ...\r\nSelecting previously unselected package libboost-serialization1.58.0:amd64.\r\nPreparing to unpack .../libboost-serialization1.58.0_1.58.0+dfsg-5ubuntu3.1_amd64.deb ...\r\nUnpacking libboost-serialization1.58.0:amd64 (1.58.0+dfsg-5ubuntu3.1) ...\r\nSelecting previously unselected package libboost-serialization1.58-dev:amd64.\r\nPreparing to unpack .../libboost-serialization1.58-dev_1.58.0+dfsg-5ubuntu3.1_amd64.deb ...\r\nUnpacking libboost-serialization1.58-dev:amd64 (1.58.0+dfsg-5ubuntu3.1) ...\r\nSelecting previously unselected package libboost-date-time1.58-dev:amd64.\r\nPreparing to unpack .../libboost-date-time1.58-dev_1.58.0+dfsg-5ubuntu3.1_amd64.deb ...\r\nUnpacking libboost-date-time1.58-dev:amd64 (1.58.0+dfsg-5ubuntu3.1) ...\r\nSelecting previously unselected package libboost-date-time-dev:amd64.\r\nPreparing to unpack .../libboost-date-time-dev_1.58.0.1ubuntu1_amd64.deb ...\r\nUnpacking libboost-date-time-dev:amd64 (1.58.0.1ubuntu1) ...\r\nSelecting previously unselected package libboost-exception1.58-dev:amd64.\r\nPreparing to unpack .../libboost-exception1.58-dev_1.58.0+dfsg-5ubuntu3.1_amd64.deb ...\r\nUnpacking libboost-exception1.58-dev:amd64 (1.58.0+dfsg-5ubuntu3.1) ...\r\nSelecting previously unselected package libboost-exception-dev:amd64.\r\nPreparing to unpack .../libboost-exception-dev_1.58.0.1ubuntu1_amd64.deb ...\r\nUnpacking libboost-exception-dev:amd64 (1.58.0.1ubuntu1) ...\r\nSelecting previously unselected package libboost-filesystem1.58.0:amd64.\r\nPreparing to unpack .../libboost-filesystem1.58.0_1.58.0+dfsg-5ubuntu3.1_amd64.deb ...\r\nUnpacking libboost-filesystem1.58.0:amd64 (1.58.0+dfsg-5ubuntu3.1) ...\r\nSelecting previously unselected package libboost-system1.58-dev:amd64.\r\nPreparing to unpack .../libboost-system1.58-dev_1.58.0+dfsg-5ubuntu3.1_amd64.deb ...\r\nUnpacking libboost-system1.58-dev:amd64 (1.58.0+dfsg-5ubuntu3.1) ...\r\nSelecting previously unselected package libboost-filesystem1.58-dev:amd64.\r\nPreparing to unpack .../libboost-filesystem1.58-dev_1.58.0+dfsg-5ubuntu3.1_amd64.deb ...\r\nUnpacking libboost-filesystem1.58-dev:amd64 (1.58.0+dfsg-5ubuntu3.1) ...\r\nSelecting previously unselected package libboost-filesystem-dev:amd64.\r\nPreparing to unpack .../libboost-filesystem-dev_1.58.0.1ubuntu1_amd64.deb ...\r\nUnpacking libboost-filesystem-dev:amd64 (1.58.0.1ubuntu1) ...\r\nSelecting previously unselected package libboost-regex1.58.0:amd64.\r\nPreparing to unpack .../libboost-regex1.58.0_1.58.0+dfsg-5ubuntu3.1_amd64.deb ...\r\nUnpacking libboost-regex1.58.0:amd64 (1.58.0+dfsg-5ubuntu3.1) ...\r\nSelecting previously unselected package libboost-graph1.58.0:amd64.\r\nPreparing to unpack .../libboost-graph1.58.0_1.58.0+dfsg-5ubuntu3.1_amd64.deb ...\r\nUnpacking libboost-graph1.58.0:amd64 (1.58.0+dfsg-5ubuntu3.1) ...\r\nSelecting previously unselected package libboost-test1.58.0:amd64.\r\nPreparing to unpack .../libboost-test1.58.0_1.58.0+dfsg-5ubuntu3.1_amd64.deb ...\r\nUnpacking libboost-test1.58.0:amd64 (1.58.0+dfsg-5ubuntu3.1) ...\r\nSelecting previously unselected package libboost-test1.58-dev:amd64.\r\nPreparing to unpack .../libboost-test1.58-dev_1.58.0+dfsg-5ubuntu3.1_amd64.deb ...\r\nUnpacking libboost-test1.58-dev:amd64 (1.58.0+dfsg-5ubuntu3.1) ...\r\nSelecting previously unselected package libboost-graph1.58-dev:amd64.\r\nPreparing to unpack .../libboost-graph1.58-dev_1.58.0+dfsg-5ubuntu3.1_amd64.deb ...\r\nUnpacking libboost-graph1.58-dev:amd64 (1.58.0+dfsg-5ubuntu3.1) ...\r\nSelecting previously unselected package libboost-graph-dev:amd64.\r\nPreparing to unpack .../libboost-graph-dev_1.58.0.1ubuntu1_amd64.deb ...\r\nUnpacking libboost-graph-dev:amd64 (1.58.0.1ubuntu1) ...\r\nSelecting previously unselected package libltdl7:amd64.\r\nPreparing to unpack .../libltdl7_2.4.6-0.1_amd64.deb ...\r\nUnpacking libltdl7:amd64 (2.4.6-0.1) ...\r\nSelecting previously unselected package libhwloc5:amd64.\r\nPreparing to unpack .../libhwloc5_1.11.2-3_amd64.deb ...\r\nUnpacking libhwloc5:amd64 (1.11.2-3) ...\r\nSelecting previously unselected package libibverbs1.\r\nPreparing to unpack .../libibverbs1_1.1.8-1.1ubuntu2_amd64.deb ...\r\nUnpacking libibverbs1 (1.1.8-1.1ubuntu2) ...\r\nSelecting previously unselected package libopenmpi1.10.\r\nPreparing to unpack .../libopenmpi1.10_1.10.2-8ubuntu1_amd64.deb ...\r\nUnpacking libopenmpi1.10 (1.10.2-8ubuntu1) ...\r\nSelecting previously unselected package libboost-mpi1.58.0.\r\nPreparing to unpack .../libboost-mpi1.58.0_1.58.0+dfsg-5ubuntu3.1_amd64.deb ...\r\nUnpacking libboost-mpi1.58.0 (1.58.0+dfsg-5ubuntu3.1) ...\r\nSelecting previously unselected package libboost-graph-parallel1.58.0.\r\nPreparing to unpack .../libboost-graph-parallel1.58.0_1.58.0+dfsg-5ubuntu3.1_amd64.deb ...\r\nUnpacking libboost-graph-parallel1.58.0 (1.58.0+dfsg-5ubuntu3.1) ...\r\nSelecting previously unselected package libboost-graph-parallel1.58-dev.\r\nPreparing to unpack .../libboost-graph-parallel1.58-dev_1.58.0+dfsg-5ubuntu3.1_amd64.deb ...\r\nUnpacking libboost-graph-parallel1.58-dev (1.58.0+dfsg-5ubuntu3.1) ...\r\nSelecting previously unselected package libboost-graph-parallel-dev.\r\nPreparing to unpack .../libboost-graph-parallel-dev_1.58.0.1ubuntu1_amd64.deb ...\r\nUnpacking libboost-graph-parallel-dev (1.58.0.1ubuntu1) ...\r\nSelecting previously unselected package libicu-dev:amd64.\r\nPreparing to unpack .../libicu-dev_55.1-7ubuntu0.5_amd64.deb ...\r\nUnpacking libicu-dev:amd64 (55.1-7ubuntu0.5) ...\r\nSelecting previously unselected package libboost-regex1.58-dev:amd64.\r\nPreparing to unpack .../libboost-regex1.58-dev_1.58.0+dfsg-5ubuntu3.1_amd64.deb ...\r\nUnpacking libboost-regex1.58-dev:amd64 (1.58.0+dfsg-5ubuntu3.1) ...\r\nSelecting previously unselected package libboost-iostreams1.58.0:amd64.\r\nPreparing to unpack .../libboost-iostreams1.58.0_1.58.0+dfsg-5ubuntu3.1_amd64.deb ...\r\nUnpacking libboost-iostreams1.58.0:amd64 (1.58.0+dfsg-5ubuntu3.1) ...\r\nSelecting previously unselected package libboost-iostreams1.58-dev:amd64.\r\nPreparing to unpack .../libboost-iostreams1.58-dev_1.58.0+dfsg-5ubuntu3.1_amd64.deb ...\r\nUnpacking libboost-iostreams1.58-dev:amd64 (1.58.0+dfsg-5ubuntu3.1) ...\r\nSelecting previously unselected package libboost-iostreams-dev:amd64.\r\nPreparing to unpack .../libboost-iostreams-dev_1.58.0.1ubuntu1_amd64.deb ...\r\nUnpacking libboost-iostreams-dev:amd64 (1.58.0.1ubuntu1) ...\r\nSelecting previously unselected package libboost-locale1.58.0:amd64.\r\nPreparing to unpack .../libboost-locale1.58.0_1.58.0+dfsg-5ubuntu3.1_amd64.deb ...\r\nUnpacking libboost-locale1.58.0:amd64 (1.58.0+dfsg-5ubuntu3.1) ...\r\nSelecting previously unselected package libboost-locale1.58-dev:amd64.\r\nPreparing to unpack .../libboost-locale1.58-dev_1.58.0+dfsg-5ubuntu3.1_amd64.deb ...\r\nUnpacking libboost-locale1.58-dev:amd64 (1.58.0+dfsg-5ubuntu3.1) ...\r\nSelecting previously unselected package libboost-locale-dev:amd64.\r\nPreparing to unpack .../libboost-locale-dev_1.58.0.1ubuntu1_amd64.deb ...\r\nUnpacking libboost-locale-dev:amd64 (1.58.0.1ubuntu1) ...\r\nSelecting previously unselected package libboost-log1.58.0.\r\nPreparing to unpack .../libboost-log1.58.0_1.58.0+dfsg-5ubuntu3.1_amd64.deb ...\r\nUnpacking libboost-log1.58.0 (1.58.0+dfsg-5ubuntu3.1) ...\r\nSelecting previously unselected package libboost-thread1.58-dev:amd64.\r\nPreparing to unpack .../libboost-thread1.58-dev_1.58.0+dfsg-5ubuntu3.1_amd64.deb ...\r\nUnpacking libboost-thread1.58-dev:amd64 (1.58.0+dfsg-5ubuntu3.1) ...\r\nSelecting previously unselected package libboost-log1.58-dev.\r\nPreparing to unpack .../libboost-log1.58-dev_1.58.0+dfsg-5ubuntu3.1_amd64.deb ...\r\nUnpacking libboost-log1.58-dev (1.58.0+dfsg-5ubuntu3.1) ...\r\nSelecting previously unselected package libboost-log-dev.\r\nPreparing to unpack .../libboost-log-dev_1.58.0.1ubuntu1_amd64.deb ...\r\nUnpacking libboost-log-dev (1.58.0.1ubuntu1) ...\r\nSelecting previously unselected package libboost-math1.58.0:amd64.\r\nPreparing to unpack .../libboost-math1.58.0_1.58.0+dfsg-5ubuntu3.1_amd64.deb ...\r\nUnpacking libboost-math1.58.0:amd64 (1.58.0+dfsg-5ubuntu3.1) ...\r\nSelecting previously unselected package libboost-math1.58-dev:amd64.\r\nPreparing to unpack .../libboost-math1.58-dev_1.58.0+dfsg-5ubuntu3.1_amd64.deb ...\r\nUnpacking libboost-math1.58-dev:amd64 (1.58.0+dfsg-5ubuntu3.1) ...\r\nSelecting previously unselected package libboost-math-dev:amd64.\r\nPreparing to unpack .../libboost-math-dev_1.58.0.1ubuntu1_amd64.deb ...\r\nUnpacking libboost-math-dev:amd64 (1.58.0.1ubuntu1) ...\r\nSelecting previously unselected package openmpi-common.\r\nPreparing to unpack .../openmpi-common_1.10.2-8ubuntu1_all.deb ...\r\nUnpacking openmpi-common (1.10.2-8ubuntu1) ...\r\nSelecting previously unselected package libibverbs-dev.\r\nPreparing to unpack .../libibverbs-dev_1.1.8-1.1ubuntu2_amd64.deb ...\r\nUnpacking libibverbs-dev (1.1.8-1.1ubuntu2) ...\r\nSelecting previously unselected package libnuma-dev:amd64.\r\nPreparing to unpack .../libnuma-dev_2.0.11-1ubuntu1.1_amd64.deb ...\r\nUnpacking libnuma-dev:amd64 (2.0.11-1ubuntu1.1) ...\r\nSelecting previously unselected package libltdl-dev:amd64.\r\nPreparing to unpack .../libltdl-dev_2.4.6-0.1_amd64.deb ...\r\nUnpacking libltdl-dev:amd64 (2.4.6-0.1) ...\r\nSelecting previously unselected package libhwloc-dev:amd64.\r\nPreparing to unpack .../libhwloc-dev_1.11.2-3_amd64.deb ...\r\nUnpacking libhwloc-dev:amd64 (1.11.2-3) ...\r\nSelecting previously unselected package libopenmpi-dev.\r\nPreparing to unpack .../libopenmpi-dev_1.10.2-8ubuntu1_amd64.deb ...\r\nUnpacking libopenmpi-dev (1.10.2-8ubuntu1) ...\r\nSelecting previously unselected package mpi-default-dev.\r\nPreparing to unpack .../mpi-default-dev_1.4_amd64.deb ...\r\nUnpacking mpi-default-dev (1.4) ...\r\nSelecting previously unselected package libboost-mpi1.58-dev.\r\nPreparing to unpack .../libboost-mpi1.58-dev_1.58.0+dfsg-5ubuntu3.1_amd64.deb ...\r\nUnpacking libboost-mpi1.58-dev (1.58.0+dfsg-5ubuntu3.1) ...\r\nSelecting previously unselected package libboost-mpi-dev.\r\nPreparing to unpack .../libboost-mpi-dev_1.58.0.1ubuntu1_amd64.deb ...\r\nUnpacking libboost-mpi-dev (1.58.0.1ubuntu1) ...\r\nSelecting previously unselected package libboost-python1.58.0.\r\nPreparing to unpack .../libboost-python1.58.0_1.58.0+dfsg-5ubuntu3.1_amd64.deb ...\r\nUnpacking libboost-python1.58.0 (1.58.0+dfsg-5ubuntu3.1) ...\r\nSelecting previously unselected package openmpi-bin.\r\nPreparing to unpack .../openmpi-bin_1.10.2-8ubuntu1_amd64.deb ...\r\nUnpacking openmpi-bin (1.10.2-8ubuntu1) ...\r\nSelecting previously unselected package mpi-default-bin.\r\nPreparing to unpack .../mpi-default-bin_1.4_amd64.deb ...\r\nUnpacking mpi-default-bin (1.4) ...\r\nSelecting previously unselected package libboost-mpi-python1.58.0.\r\nPreparing to unpack .../libboost-mpi-python1.58.0_1.58.0+dfsg-5ubuntu3.1_amd64.deb ...\r\nUnpacking libboost-mpi-python1.58.0 (1.58.0+dfsg-5ubuntu3.1) ...\r\nSelecting previously unselected package libboost-mpi-python1.58-dev.\r\nPreparing to unpack .../libboost-mpi-python1.58-dev_1.58.0+dfsg-5ubuntu3.1_amd64.deb ...\r\nUnpacking libboost-mpi-python1.58-dev (1.58.0+dfsg-5ubuntu3.1) ...\r\nSelecting previously unselected package libboost-mpi-python-dev.\r\nPreparing to unpack .../libboost-mpi-python-dev_1.58.0.1ubuntu1_amd64.deb ...\r\nUnpacking libboost-mpi-python-dev (1.58.0.1ubuntu1) ...\r\nSelecting previously unselected package libboost-program-options1.58.0:amd64.\r\nPreparing to unpack .../libboost-program-options1.58.0_1.58.0+dfsg-5ubuntu3.1_amd64.deb ...\r\nUnpacking libboost-program-options1.58.0:amd64 (1.58.0+dfsg-5ubuntu3.1) ...\r\nSelecting previously unselected package libboost-program-options1.58-dev:amd64.\r\nPreparing to unpack .../libboost-program-options1.58-dev_1.58.0+dfsg-5ubuntu3.1_amd64.deb ...\r\nUnpacking libboost-program-options1.58-dev:amd64 (1.58.0+dfsg-5ubuntu3.1) ...\r\nSelecting previously unselected package libboost-program-options-dev:amd64.\r\nPreparing to unpack .../libboost-program-options-dev_1.58.0.1ubuntu1_amd64.deb ...\r\nUnpacking libboost-program-options-dev:amd64 (1.58.0.1ubuntu1) ...\r\nSelecting previously unselected package libpython2.7:amd64.\r\nPreparing to unpack .../libpython2.7_2.7.12-1ubuntu0~16.04.11_amd64.deb ...\r\nUnpacking libpython2.7:amd64 (2.7.12-1ubuntu0~16.04.11) ...\r\nSelecting previously unselected package libexpat1-dev:amd64.\r\nPreparing to unpack .../libexpat1-dev_2.1.0-7ubuntu0.16.04.5_amd64.deb ...\r\nUnpacking libexpat1-dev:amd64 (2.1.0-7ubuntu0.16.04.5) ...\r\nSelecting previously unselected package libpython2.7-dev:amd64.\r\nPreparing to unpack .../libpython2.7-dev_2.7.12-1ubuntu0~16.04.11_amd64.deb ...\r\nUnpacking libpython2.7-dev:amd64 (2.7.12-1ubuntu0~16.04.11) ...\r\nSelecting previously unselected package libpython-dev:amd64.\r\nPreparing to unpack .../libpython-dev_2.7.12-1~16.04_amd64.deb ...\r\nUnpacking libpython-dev:amd64 (2.7.12-1~16.04) ...\r\nSelecting previously unselected package python2.7-dev.\r\nPreparing to unpack .../python2.7-dev_2.7.12-1ubuntu0~16.04.11_amd64.deb ...\r\nUnpacking python2.7-dev (2.7.12-1ubuntu0~16.04.11) ...\r\nSelecting previously unselected package python-dev.\r\nPreparing to unpack .../python-dev_2.7.12-1~16.04_amd64.deb ...\r\nUnpacking python-dev (2.7.12-1~16.04) ...\r\nSelecting previously unselected package libboost-python1.58-dev.\r\nPreparing to unpack .../libboost-python1.58-dev_1.58.0+dfsg-5ubuntu3.1_amd64.deb ...\r\nUnpacking libboost-python1.58-dev (1.58.0+dfsg-5ubuntu3.1) ...\r\nSelecting previously unselected package libboost-python-dev.\r\nPreparing to unpack .../libboost-python-dev_1.58.0.1ubuntu1_amd64.deb ...\r\nUnpacking libboost-python-dev (1.58.0.1ubuntu1) ...\r\nSelecting previously unselected package libboost-random1.58.0:amd64.\r\nPreparing to unpack .../libboost-random1.58.0_1.58.0+dfsg-5ubuntu3.1_amd64.deb ...\r\nUnpacking libboost-random1.58.0:amd64 (1.58.0+dfsg-5ubuntu3.1) ...\r\nSelecting previously unselected package libboost-random1.58-dev:amd64.\r\nPreparing to unpack .../libboost-random1.58-dev_1.58.0+dfsg-5ubuntu3.1_amd64.deb ...\r\nUnpacking libboost-random1.58-dev:amd64 (1.58.0+dfsg-5ubuntu3.1) ...\r\nSelecting previously unselected package libboost-random-dev:amd64.\r\nPreparing to unpack .../libboost-random-dev_1.58.0.1ubuntu1_amd64.deb ...\r\nUnpacking libboost-random-dev:amd64 (1.58.0.1ubuntu1) ...\r\nSelecting previously unselected package libboost-regex-dev:amd64.\r\nPreparing to unpack .../libboost-regex-dev_1.58.0.1ubuntu1_amd64.deb ...\r\nUnpacking libboost-regex-dev:amd64 (1.58.0.1ubuntu1) ...\r\nSelecting previously unselected package libboost-serialization-dev:amd64.\r\nPreparing to unpack .../libboost-serialization-dev_1.58.0.1ubuntu1_amd64.deb ...\r\nUnpacking libboost-serialization-dev:amd64 (1.58.0.1ubuntu1) ...\r\nSelecting previously unselected package libboost-signals1.58.0:amd64.\r\nPreparing to unpack .../libboost-signals1.58.0_1.58.0+dfsg-5ubuntu3.1_amd64.deb ...\r\nUnpacking libboost-signals1.58.0:amd64 (1.58.0+dfsg-5ubuntu3.1) ...\r\nSelecting previously unselected package libboost-signals1.58-dev:amd64.\r\nPreparing to unpack .../libboost-signals1.58-dev_1.58.0+dfsg-5ubuntu3.1_amd64.deb ...\r\nUnpacking libboost-signals1.58-dev:amd64 (1.58.0+dfsg-5ubuntu3.1) ...\r\nSelecting previously unselected package libboost-signals-dev:amd64.\r\nPreparing to unpack .../libboost-signals-dev_1.58.0.1ubuntu1_amd64.deb ...\r\nUnpacking libboost-signals-dev:amd64 (1.58.0.1ubuntu1) ...\r\nSelecting previously unselected package libboost-system-dev:amd64.\r\nPreparing to unpack .../libboost-system-dev_1.58.0.1ubuntu1_amd64.deb ...\r\nUnpacking libboost-system-dev:amd64 (1.58.0.1ubuntu1) ...\r\nSelecting previously unselected package libboost-test-dev:amd64.\r\nPreparing to unpack .../libboost-test-dev_1.58.0.1ubuntu1_amd64.deb ...\r\nUnpacking libboost-test-dev:amd64 (1.58.0.1ubuntu1) ...\r\nSelecting previously unselected package libboost-thread-dev:amd64.\r\nPreparing to unpack .../libboost-thread-dev_1.58.0.1ubuntu1_amd64.deb ...\r\nUnpacking libboost-thread-dev:amd64 (1.58.0.1ubuntu1) ...\r\nSelecting previously unselected package libboost-timer1.58.0:amd64.\r\nPreparing to unpack .../libboost-timer1.58.0_1.58.0+dfsg-5ubuntu3.1_amd64.deb ...\r\nUnpacking libboost-timer1.58.0:amd64 (1.58.0+dfsg-5ubuntu3.1) ...\r\nSelecting previously unselected package libboost-timer1.58-dev:amd64.\r\nPreparing to unpack .../libboost-timer1.58-dev_1.58.0+dfsg-5ubuntu3.1_amd64.deb ...\r\nUnpacking libboost-timer1.58-dev:amd64 (1.58.0+dfsg-5ubuntu3.1) ...\r\nSelecting previously unselected package libboost-timer-dev:amd64.\r\nPreparing to unpack .../libboost-timer-dev_1.58.0.1ubuntu1_amd64.deb ...\r\nUnpacking libboost-timer-dev:amd64 (1.58.0.1ubuntu1) ...\r\nSelecting previously unselected package libboost-wave1.58.0:amd64.\r\nPreparing to unpack .../libboost-wave1.58.0_1.58.0+dfsg-5ubuntu3.1_amd64.deb ...\r\nUnpacking libboost-wave1.58.0:amd64 (1.58.0+dfsg-5ubuntu3.1) ...\r\nSelecting previously unselected package libboost-wave1.58-dev:amd64.\r\nPreparing to unpack .../libboost-wave1.58-dev_1.58.0+dfsg-5ubuntu3.1_amd64.deb ...\r\nUnpacking libboost-wave1.58-dev:amd64 (1.58.0+dfsg-5ubuntu3.1) ...\r\nSelecting previously unselected package libboost-wave-dev:amd64.\r\nPreparing to unpack .../libboost-wave-dev_1.58.0.1ubuntu1_amd64.deb ...\r\nUnpacking libboost-wave-dev:amd64 (1.58.0.1ubuntu1) ...\r\nSelecting previously unselected package libboost-all-dev.\r\nPreparing to unpack .../libboost-all-dev_1.58.0.1ubuntu1_amd64.deb ...\r\nUnpacking libboost-all-dev (1.58.0.1ubuntu1) ...\r\nSelecting previously unselected package libbz2-dev:amd64.\r\nPreparing to unpack .../libbz2-dev_1.0.6-8ubuntu0.2_amd64.deb ...\r\nUnpacking libbz2-dev:amd64 (1.0.6-8ubuntu0.2) ...\r\nSelecting previously unselected package libcurl4-openssl-dev:amd64.\r\nPreparing to unpack .../libcurl4-openssl-dev_7.47.0-1ubuntu2.15_amd64.deb ...\r\nUnpacking libcurl4-openssl-dev:amd64 (7.47.0-1ubuntu2.15) ...\r\nSelecting previously unselected package libflac8:amd64.\r\nPreparing to unpack .../libflac8_1.3.1-4_amd64.deb ...\r\nUnpacking libflac8:amd64 (1.3.1-4) ...\r\nSelecting previously unselected package libgfortran3:amd64.\r\nPreparing to unpack .../libgfortran3_5.4.0-6ubuntu1~16.04.12_amd64.deb ...\r\nUnpacking libgfortran3:amd64 (5.4.0-6ubuntu1~16.04.12) ...\r\nSelecting previously unselected package libid3tag0.\r\nPreparing to unpack .../libid3tag0_0.15.1b-11_amd64.deb ...\r\nUnpacking libid3tag0 (0.15.1b-11) ...\r\nSelecting previously unselected package liblapack3.\r\nPreparing to unpack .../liblapack3_3.6.0-2ubuntu2_amd64.deb ...\r\nUnpacking liblapack3 (3.6.0-2ubuntu2) ...\r\nSelecting previously unselected package libmad0:amd64.\r\nPreparing to unpack .../libmad0_0.15.1b-9ubuntu16.04.1_amd64.deb ...\r\nUnpacking libmad0:amd64 (0.15.1b-9ubuntu16.04.1) ...\r\nSelecting previously unselected package libmp3lame0:amd64.\r\nPreparing to unpack .../libmp3lame0_3.99.5+repack1-9build1_amd64.deb ...\r\nUnpacking libmp3lame0:amd64 (3.99.5+repack1-9build1) ...\r\nSelecting previously unselected package libvorbis0a:amd64.\r\nPreparing to unpack .../libvorbis0a_1.3.5-3ubuntu0.2_amd64.deb ...\r\nUnpacking libvorbis0a:amd64 (1.3.5-3ubuntu0.2) ...\r\nSelecting previously unselected package libvorbisenc2:amd64.\r\nPreparing to unpack .../libvorbisenc2_1.3.5-3ubuntu0.2_amd64.deb ...\r\nUnpacking libvorbisenc2:amd64 (1.3.5-3ubuntu0.2) ...\r\nSelecting previously unselected package libsndfile1:amd64.\r\nPreparing to unpack .../libsndfile1_1.0.25-10ubuntu0.16.04.2_amd64.deb ...\r\nUnpacking libsndfile1:amd64 (1.0.25-10ubuntu0.16.04.2) ...\r\nSelecting previously unselected package libpulse0:amd64.\r\nPreparing to unpack .../libpulse0_1%3a8.0-0ubuntu3.12_amd64.deb ...\r\nUnpacking libpulse0:amd64 (1:8.0-0ubuntu3.12) ...\r\nSelecting previously unselected package libsox2:amd64.\r\nPreparing to unpack .../libsox2_14.4.1-5+deb8u4ubuntu0.1_amd64.deb ...\r\nUnpacking libsox2:amd64 (14.4.1-5+deb8u4ubuntu0.1) ...\r\nSelecting previously unselected package libsox-fmt-alsa:amd64.\r\nPreparing to unpack .../libsox-fmt-alsa_14.4.1-5+deb8u4ubuntu0.1_amd64.deb ...\r\nUnpacking libsox-fmt-alsa:amd64 (14.4.1-5+deb8u4ubuntu0.1) ...\r\nSelecting previously unselected package libsox-fmt-ao:amd64.\r\nPreparing to unpack .../libsox-fmt-ao_14.4.1-5+deb8u4ubuntu0.1_amd64.deb ...\r\nUnpacking libsox-fmt-ao:amd64 (14.4.1-5+deb8u4ubuntu0.1) ...\r\nSelecting previously unselected package libvorbisfile3:amd64.\r\nPreparing to unpack .../libvorbisfile3_1.3.5-3ubuntu0.2_amd64.deb ...\r\nUnpacking libvorbisfile3:amd64 (1.3.5-3ubuntu0.2) ...\r\nSelecting previously unselected package libwavpack1:amd64.\r\nPreparing to unpack .../libwavpack1_4.75.2-2ubuntu0.2_amd64.deb ...\r\nUnpacking libwavpack1:amd64 (4.75.2-2ubuntu0.2) ...\r\nSelecting previously unselected package libsox-fmt-base:amd64.\r\nPreparing to unpack .../libsox-fmt-base_14.4.1-5+deb8u4ubuntu0.1_amd64.deb ...\r\nUnpacking libsox-fmt-base:amd64 (14.4.1-5+deb8u4ubuntu0.1) ...\r\nSelecting previously unselected package libtwolame0:amd64.\r\nPreparing to unpack .../libtwolame0_0.3.13-1.2_amd64.deb ...\r\nUnpacking libtwolame0:amd64 (0.3.13-1.2) ...\r\nSelecting previously unselected package libsox-fmt-mp3:amd64.\r\nPreparing to unpack .../libsox-fmt-mp3_14.4.1-5+deb8u4ubuntu0.1_amd64.deb ...\r\nUnpacking libsox-fmt-mp3:amd64 (14.4.1-5+deb8u4ubuntu0.1) ...\r\nSelecting previously unselected package libsox-fmt-oss:amd64.\r\nPreparing to unpack .../libsox-fmt-oss_14.4.1-5+deb8u4ubuntu0.1_amd64.deb ...\r\nUnpacking libsox-fmt-oss:amd64 (14.4.1-5+deb8u4ubuntu0.1) ...\r\nSelecting previously unselected package libsox-fmt-pulse:amd64.\r\nPreparing to unpack .../libsox-fmt-pulse_14.4.1-5+deb8u4ubuntu0.1_amd64.deb ...\r\nUnpacking libsox-fmt-pulse:amd64 (14.4.1-5+deb8u4ubuntu0.1) ...\r\nSelecting previously unselected package libsox-fmt-all:amd64.\r\nPreparing to unpack .../libsox-fmt-all_14.4.1-5+deb8u4ubuntu0.1_amd64.deb ...\r\nUnpacking libsox-fmt-all:amd64 (14.4.1-5+deb8u4ubuntu0.1) ...\r\nSelecting previously unselected package libsox-dev:amd64.\r\nPreparing to unpack .../libsox-dev_14.4.1-5+deb8u4ubuntu0.1_amd64.deb ...\r\nUnpacking libsox-dev:amd64 (14.4.1-5+deb8u4ubuntu0.1) ...\r\nSelecting previously unselected package pkg-config.\r\nPreparing to unpack .../pkg-config_0.29.1-0ubuntu1_amd64.deb ...\r\nUnpacking pkg-config (0.29.1-0ubuntu1) ...\r\nSelecting previously unselected package python-numpy.\r\nPreparing to unpack .../python-numpy_1%3a1.11.0-1ubuntu1_amd64.deb ...\r\nUnpacking python-numpy (1:1.11.0-1ubuntu1) ...\r\nSelecting previously unselected package python-pip-whl.\r\nPreparing to unpack .../python-pip-whl_8.1.1-2ubuntu0.4_all.deb ...\r\nUnpacking python-pip-whl (8.1.1-2ubuntu0.4) ...\r\nSelecting previously unselected package python-pip.\r\nPreparing to unpack .../python-pip_8.1.1-2ubuntu0.4_all.deb ...\r\nUnpacking python-pip (8.1.1-2ubuntu0.4) ...\r\nSelecting previously unselected package python-wheel.\r\nPreparing to unpack .../python-wheel_0.29.0-1_all.deb ...\r\nUnpacking python-wheel (0.29.0-1) ...\r\nSelecting previously unselected package sox.\r\nPreparing to unpack .../sox_14.4.1-5+deb8u4ubuntu0.1_amd64.deb ...\r\nUnpacking sox (14.4.1-5+deb8u4ubuntu0.1) ...\r\nSelecting previously unselected package swig3.0.\r\nPreparing to unpack .../swig3.0_3.0.8-0ubuntu3_amd64.deb ...\r\nUnpacking swig3.0 (3.0.8-0ubuntu3) ...\r\nSelecting previously unselected package swig.\r\nPreparing to unpack .../swig_3.0.8-0ubuntu3_amd64.deb ...\r\nUnpacking swig (3.0.8-0ubuntu3) ...\r\nSelecting previously unselected package zlib1g-dev:amd64.\r\nPreparing to unpack .../zlib1g-dev_1%3a1.2.8.dfsg-2ubuntu4.3_amd64.deb ...\r\nUnpacking zlib1g-dev:amd64 (1:1.2.8.dfsg-2ubuntu4.3) ...\r\nSelecting previously unselected package liblzma-dev:amd64.\r\nPreparing to unpack .../liblzma-dev_5.1.1alpha+20120614-2ubuntu2_amd64.deb ...\r\nUnpacking liblzma-dev:amd64 (5.1.1alpha+20120614-2ubuntu2) ...\r\nProcessing triggers for libc-bin (2.23-0ubuntu11) ...\r\nSetting up libglib2.0-0:amd64 (2.48.2-0ubuntu4.6) ...\r\nNo schema files found: doing nothing.\r\nSetting up libxau6:amd64 (1:1.0.8-1) ...\r\nSetting up cmake-data (3.5.1-1ubuntu3) ...\r\nSetting up liblzo2-2:amd64 (2.08-1.2) ...\r\nSetting up libicu55:amd64 (55.1-7ubuntu0.5) ...\r\nSetting up libxml2:amd64 (2.9.3+dfsg1-1ubuntu0.7) ...\r\nSetting up libarchive13:amd64 (3.1.2-11ubuntu0.16.04.8) ...\r\nSetting up libcurl3:amd64 (7.47.0-1ubuntu2.15) ...\r\nSetting up libexpat1:amd64 (2.1.0-7ubuntu0.16.04.5) ...\r\nSetting up libjsoncpp1:amd64 (1.7.2-1) ...\r\nSetting up cmake (3.5.1-1ubuntu3) ...\r\nSetting up libao-common (1.1.0-3ubuntu1) ...\r\nSetting up libao4:amd64 (1.1.0-3ubuntu1) ...\r\nSetting up libasyncns0:amd64 (0.8-5build1) ...\r\nSetting up libgsm1:amd64 (1.0.13-4) ...\r\nSetting up libogg0:amd64 (1.3.2-1) ...\r\nSetting up libopencore-amrnb0:amd64 (0.1.3-2.1) ...\r\nSetting up libopencore-amrwb0:amd64 (0.1.3-2.1) ...\r\nSetting up libwrap0:amd64 (7.6.q-25) ...\r\nSetting up mime-support (3.59ubuntu1) ...\r\nSetting up libpython2.7-stdlib:amd64 (2.7.12-1ubuntu0~16.04.11) ...\r\nSetting up python2.7 (2.7.12-1ubuntu0~16.04.11) ...\r\nSetting up libpython-stdlib:amd64 (2.7.12-1~16.04) ...\r\nSetting up python (2.7.12-1~16.04) ...\r\nSetting up libmagic1:amd64 (1:5.25-2ubuntu1.4) ...\r\nSetting up libpng12-0:amd64 (1.2.54-1ubuntu1.1) ...\r\nSetting up locales (2.23-0ubuntu11) ...\r\ndebconf: unable to initialize frontend: Dialog\r\ndebconf: (TERM is not set, so the dialog frontend is not usable.)\r\ndebconf: falling back to frontend: Readline\r\nGenerating locales (this might take a while)...\r\nGeneration complete.\r\nSetting up ca-certificates (20190110~16.04.1) ...\r\ndebconf: unable to initialize frontend: Dialog\r\ndebconf: (TERM is not set, so the dialog frontend is not usable.)\r\ndebconf: falling back to frontend: Readline\r\nSetting up libcurl3-gnutls:amd64 (7.47.0-1ubuntu2.15) ...\r\nSetting up libdbus-1-3:amd64 (1.10.6-1ubuntu3.6) ...\r\nSetting up libnuma1:amd64 (2.0.11-1ubuntu1.1) ...\r\nSetting up libxdmcp6:amd64 (1:1.1.2-1.1) ...\r\nSetting up libxcb1:amd64 (1.11.1-1ubuntu1) ...\r\nSetting up nano (2.5.3-2ubuntu2) ...\r\nupdate-alternatives: using /bin/nano to provide /usr/bin/editor (editor) in auto mode\r\nupdate-alternatives: using /bin/nano to provide /usr/bin/pico (pico) in auto mode\r\nSetting up wget (1.17.1-1ubuntu1.5) ...\r\nSetting up curl (7.47.0-1ubuntu2.15) ...\r\nSetting up liberror-perl (0.17-1.2) ...\r\nSetting up git-man (1:2.7.4-0ubuntu1.9) ...\r\nSetting up git (1:2.7.4-0ubuntu1.9) ...\r\nSetting up htop (2.0.1-1ubuntu1) ...\r\nSetting up icu-devtools (55.1-7ubuntu0.5) ...\r\nSetting up libasound2-data (1.1.0-0ubuntu1) ...\r\nSetting up libasound2:amd64 (1.1.0-0ubuntu1) ...\r\nSetting up libblas-common (3.6.0-2ubuntu2) ...\r\nSetting up libblas3 (3.6.0-2ubuntu2) ...\r\nupdate-alternatives: using /usr/lib/libblas/libblas.so.3 to provide /usr/lib/libblas.so.3 (libblas.so.3) in auto mode\r\nSetting up libboost1.58-dev:amd64 (1.58.0+dfsg-5ubuntu3.1) ...\r\nSetting up libboost-dev:amd64 (1.58.0.1ubuntu1) ...\r\nSetting up libboost1.58-tools-dev (1.58.0+dfsg-5ubuntu3.1) ...\r\nSetting up libboost-tools-dev (1.58.0.1ubuntu1) ...\r\nSetting up libboost-atomic1.58.0:amd64 (1.58.0+dfsg-5ubuntu3.1) ...\r\nSetting up libboost-atomic1.58-dev:amd64 (1.58.0+dfsg-5ubuntu3.1) ...\r\nSetting up libboost-atomic-dev:amd64 (1.58.0.1ubuntu1) ...\r\nSetting up libboost-system1.58.0:amd64 (1.58.0+dfsg-5ubuntu3.1) ...\r\nSetting up libboost-chrono1.58.0:amd64 (1.58.0+dfsg-5ubuntu3.1) ...\r\nSetting up libboost-chrono1.58-dev:amd64 (1.58.0+dfsg-5ubuntu3.1) ...\r\nSetting up libboost-chrono-dev:amd64 (1.58.0.1ubuntu1) ...\r\nSetting up libboost-thread1.58.0:amd64 (1.58.0+dfsg-5ubuntu3.1) ...\r\nSetting up libboost-context1.58.0:amd64 (1.58.0+dfsg-5ubuntu3.1) ...\r\nSetting up libboost-context1.58-dev:amd64 (1.58.0+dfsg-5ubuntu3.1) ...\r\nSetting up libboost-context-dev:amd64 (1.58.0.1ubuntu1) ...\r\nSetting up libboost-coroutine1.58.0:amd64 (1.58.0+dfsg-5ubuntu3.1) ...\r\nSetting up libboost-coroutine1.58-dev:amd64 (1.58.0+dfsg-5ubuntu3.1) ...\r\nSetting up libboost-coroutine-dev:amd64 (1.58.0.1ubuntu1) ...\r\nSetting up libboost-date-time1.58.0:amd64 (1.58.0+dfsg-5ubuntu3.1) ...\r\nSetting up libboost-serialization1.58.0:amd64 (1.58.0+dfsg-5ubuntu3.1) ...\r\nSetting up libboost-serialization1.58-dev:amd64 (1.58.0+dfsg-5ubuntu3.1) ...\r\nSetting up libboost-date-time1.58-dev:amd64 (1.58.0+dfsg-5ubuntu3.1) ...\r\nSetting up libboost-date-time-dev:amd64 (1.58.0.1ubuntu1) ...\r\nSetting up libboost-exception1.58-dev:amd64 (1.58.0+dfsg-5ubuntu3.1) ...\r\nSetting up libboost-exception-dev:amd64 (1.58.0.1ubuntu1) ...\r\nSetting up libboost-filesystem1.58.0:amd64 (1.58.0+dfsg-5ubuntu3.1) ...\r\nSetting up libboost-system1.58-dev:amd64 (1.58.0+dfsg-5ubuntu3.1) ...\r\nSetting up libboost-filesystem1.58-dev:amd64 (1.58.0+dfsg-5ubuntu3.1) ...\r\nSetting up libboost-filesystem-dev:amd64 (1.58.0.1ubuntu1) ...\r\nSetting up libboost-regex1.58.0:amd64 (1.58.0+dfsg-5ubuntu3.1) ...\r\nSetting up libboost-graph1.58.0:amd64 (1.58.0+dfsg-5ubuntu3.1) ...\r\nSetting up libboost-test1.58.0:amd64 (1.58.0+dfsg-5ubuntu3.1) ...\r\nSetting up libboost-test1.58-dev:amd64 (1.58.0+dfsg-5ubuntu3.1) ...\r\nSetting up libboost-graph1.58-dev:amd64 (1.58.0+dfsg-5ubuntu3.1) ...\r\nSetting up libboost-graph-dev:amd64 (1.58.0.1ubuntu1) ...\r\nSetting up libltdl7:amd64 (2.4.6-0.1) ...\r\nSetting up libhwloc5:amd64 (1.11.2-3) ...\r\nSetting up libibverbs1 (1.1.8-1.1ubuntu2) ...\r\nSetting up libopenmpi1.10 (1.10.2-8ubuntu1) ...\r\nSetting up libboost-mpi1.58.0 (1.58.0+dfsg-5ubuntu3.1) ...\r\nSetting up libboost-graph-parallel1.58.0 (1.58.0+dfsg-5ubuntu3.1) ...\r\nSetting up libboost-graph-parallel1.58-dev (1.58.0+dfsg-5ubuntu3.1) ...\r\nSetting up libboost-graph-parallel-dev (1.58.0.1ubuntu1) ...\r\nSetting up libicu-dev:amd64 (55.1-7ubuntu0.5) ...\r\nSetting up libboost-regex1.58-dev:amd64 (1.58.0+dfsg-5ubuntu3.1) ...\r\nSetting up libboost-iostreams1.58.0:amd64 (1.58.0+dfsg-5ubuntu3.1) ...\r\nSetting up libboost-iostreams1.58-dev:amd64 (1.58.0+dfsg-5ubuntu3.1) ...\r\nSetting up libboost-iostreams-dev:amd64 (1.58.0.1ubuntu1) ...\r\nSetting up libboost-locale1.58.0:amd64 (1.58.0+dfsg-5ubuntu3.1) ...\r\nSetting up libboost-locale1.58-dev:amd64 (1.58.0+dfsg-5ubuntu3.1) ...\r\nSetting up libboost-locale-dev:amd64 (1.58.0.1ubuntu1) ...\r\nSetting up libboost-log1.58.0 (1.58.0+dfsg-5ubuntu3.1) ...\r\nSetting up libboost-thread1.58-dev:amd64 (1.58.0+dfsg-5ubuntu3.1) ...\r\nSetting up libboost-log1.58-dev (1.58.0+dfsg-5ubuntu3.1) ...\r\nSetting up libboost-log-dev (1.58.0.1ubuntu1) ...\r\nSetting up libboost-math1.58.0:amd64 (1.58.0+dfsg-5ubuntu3.1) ...\r\nSetting up libboost-math1.58-dev:amd64 (1.58.0+dfsg-5ubuntu3.1) ...\r\nSetting up libboost-math-dev:amd64 (1.58.0.1ubuntu1) ...\r\nSetting up openmpi-common (1.10.2-8ubuntu1) ...\r\nSetting up libibverbs-dev (1.1.8-1.1ubuntu2) ...\r\nSetting up libnuma-dev:amd64 (2.0.11-1ubuntu1.1) ...\r\nSetting up libltdl-dev:amd64 (2.4.6-0.1) ...\r\nSetting up libhwloc-dev:amd64 (1.11.2-3) ...\r\nSetting up libopenmpi-dev (1.10.2-8ubuntu1) ...\r\nupdate-alternatives: using /usr/lib/openmpi/include to provide /usr/include/mpi (mpi) in auto mode\r\nSetting up mpi-default-dev (1.4) ...\r\nSetting up libboost-mpi1.58-dev (1.58.0+dfsg-5ubuntu3.1) ...\r\nSetting up libboost-mpi-dev (1.58.0.1ubuntu1) ...\r\nSetting up libboost-python1.58.0 (1.58.0+dfsg-5ubuntu3.1) ...\r\nSetting up openmpi-bin (1.10.2-8ubuntu1) ...\r\nupdate-alternatives: using /usr/bin/mpirun.openmpi to provide /usr/bin/mpirun (mpirun) in auto mode\r\nSetting up mpi-default-bin (1.4) ...\r\nSetting up libboost-mpi-python1.58.0 (1.58.0+dfsg-5ubuntu3.1) ...\r\nSetting up libboost-mpi-python1.58-dev (1.58.0+dfsg-5ubuntu3.1) ...\r\nSetting up libboost-mpi-python-dev (1.58.0.1ubuntu1) ...\r\nSetting up libboost-program-options1.58.0:amd64 (1.58.0+dfsg-5ubuntu3.1) ...\r\nSetting up libboost-program-options1.58-dev:amd64 (1.58.0+dfsg-5ubuntu3.1) ...\r\nSetting up libboost-program-options-dev:amd64 (1.58.0.1ubuntu1) ...\r\nSetting up libpython2.7:amd64 (2.7.12-1ubuntu0~16.04.11) ...\r\nSetting up libexpat1-dev:amd64 (2.1.0-7ubuntu0.16.04.5) ...\r\nSetting up libpython2.7-dev:amd64 (2.7.12-1ubuntu0~16.04.11) ...\r\nSetting up libpython-dev:amd64 (2.7.12-1~16.04) ...\r\nSetting up python2.7-dev (2.7.12-1ubuntu0~16.04.11) ...\r\nSetting up python-dev (2.7.12-1~16.04) ...\r\nSetting up libboost-python1.58-dev (1.58.0+dfsg-5ubuntu3.1) ...\r\nSetting up libboost-python-dev (1.58.0.1ubuntu1) ...\r\nSetting up libboost-random1.58.0:amd64 (1.58.0+dfsg-5ubuntu3.1) ...\r\nSetting up libboost-random1.58-dev:amd64 (1.58.0+dfsg-5ubuntu3.1) ...\r\nSetting up libboost-random-dev:amd64 (1.58.0.1ubuntu1) ...\r\nSetting up libboost-regex-dev:amd64 (1.58.0.1ubuntu1) ...\r\nSetting up libboost-serialization-dev:amd64 (1.58.0.1ubuntu1) ...\r\nSetting up libboost-signals1.58.0:amd64 (1.58.0+dfsg-5ubuntu3.1) ...\r\nSetting up libboost-signals1.58-dev:amd64 (1.58.0+dfsg-5ubuntu3.1) ...\r\nSetting up libboost-signals-dev:amd64 (1.58.0.1ubuntu1) ...\r\nSetting up libboost-system-dev:amd64 (1.58.0.1ubuntu1) ...\r\nSetting up libboost-test-dev:amd64 (1.58.0.1ubuntu1) ...\r\nSetting up libboost-thread-dev:amd64 (1.58.0.1ubuntu1) ...\r\nSetting up libboost-timer1.58.0:amd64 (1.58.0+dfsg-5ubuntu3.1) ...\r\nSetting up libboost-timer1.58-dev:amd64 (1.58.0+dfsg-5ubuntu3.1) ...\r\nSetting up libboost-timer-dev:amd64 (1.58.0.1ubuntu1) ...\r\nSetting up libboost-wave1.58.0:amd64 (1.58.0+dfsg-5ubuntu3.1) ...\r\nSetting up libboost-wave1.58-dev:amd64 (1.58.0+dfsg-5ubuntu3.1) ...\r\nSetting up libboost-wave-dev:amd64 (1.58.0.1ubuntu1) ...\r\nSetting up libboost-all-dev (1.58.0.1ubuntu1) ...\r\nSetting up libbz2-dev:amd64 (1.0.6-8ubuntu0.2) ...\r\nSetting up libcurl4-openssl-dev:amd64 (7.47.0-1ubuntu2.15) ...\r\nSetting up libflac8:amd64 (1.3.1-4) ...\r\nSetting up libgfortran3:amd64 (5.4.0-6ubuntu1~16.04.12) ...\r\nSetting up libid3tag0 (0.15.1b-11) ...\r\nSetting up liblapack3 (3.6.0-2ubuntu2) ...\r\nupdate-alternatives: using /usr/lib/lapack/liblapack.so.3 to provide /usr/lib/liblapack.so.3 (liblapack.so.3) in auto mode\r\nSetting up libmad0:amd64 (0.15.1b-9ubuntu16.04.1) ...\r\nSetting up libmp3lame0:amd64 (3.99.5+repack1-9build1) ...\r\nSetting up libvorbis0a:amd64 (1.3.5-3ubuntu0.2) ...\r\nSetting up libvorbisenc2:amd64 (1.3.5-3ubuntu0.2) ...\r\nSetting up libsndfile1:amd64 (1.0.25-10ubuntu0.16.04.2) ...\r\nSetting up libpulse0:amd64 (1:8.0-0ubuntu3.12) ...\r\nSetting up libsox2:amd64 (14.4.1-5+deb8u4ubuntu0.1) ...\r\nSetting up libsox-fmt-alsa:amd64 (14.4.1-5+deb8u4ubuntu0.1) ...\r\nSetting up libsox-fmt-ao:amd64 (14.4.1-5+deb8u4ubuntu0.1) ...\r\nSetting up libvorbisfile3:amd64 (1.3.5-3ubuntu0.2) ...\r\nSetting up libwavpack1:amd64 (4.75.2-2ubuntu0.2) ...\r\nSetting up libsox-fmt-base:amd64 (14.4.1-5+deb8u4ubuntu0.1) ...\r\nSetting up libtwolame0:amd64 (0.3.13-1.2) ...\r\nSetting up libsox-fmt-mp3:amd64 (14.4.1-5+deb8u4ubuntu0.1) ...\r\nSetting up libsox-fmt-oss:amd64 (14.4.1-5+deb8u4ubuntu0.1) ...\r\nSetting up libsox-fmt-pulse:amd64 (14.4.1-5+deb8u4ubuntu0.1) ...\r\nSetting up libsox-fmt-all:amd64 (14.4.1-5+deb8u4ubuntu0.1) ...\r\nSetting up libsox-dev:amd64 (14.4.1-5+deb8u4ubuntu0.1) ...\r\nSetting up pkg-config (0.29.1-0ubuntu1) ...\r\nSetting up python-numpy (1:1.11.0-1ubuntu1) ...\r\nSetting up python-pip-whl (8.1.1-2ubuntu0.4) ...\r\nSetting up python-pip (8.1.1-2ubuntu0.4) ...\r\nSetting up python-wheel (0.29.0-1) ...\r\nSetting up sox (14.4.1-5+deb8u4ubuntu0.1) ...\r\nSetting up swig3.0 (3.0.8-0ubuntu3) ...\r\nSetting up swig (3.0.8-0ubuntu3) ...\r\nSetting up zlib1g-dev:amd64 (1:1.2.8.dfsg-2ubuntu4.3) ...\r\nSetting up liblzma-dev:amd64 (5.1.1alpha+20120614-2ubuntu2) ...\r\nProcessing triggers for libc-bin (2.23-0ubuntu11) ...\r\nProcessing triggers for ca-certificates (20190110~16.04.1) ...\r\nUpdating certificates in /etc/ssl/certs...\r\n10 added, 31 removed; done.\r\nRunning hooks in /etc/ca-certificates/update.d...\r\ndone.\r\nRemoving intermediate container ede10ea24f99\n ---> f71d6c21aff5\nStep 3/62 : RUN apt-get install -y openjdk-8-jdk\n ---> Running in 07452644268c\nReading package lists...\nBuilding dependency tree...\nReading state information...\nThe following additional packages will be installed:\n  ca-certificates-java fontconfig fontconfig-config fonts-dejavu-core\n  fonts-dejavu-extra hicolor-icon-theme java-common libatk1.0-0 libatk1.0-data\n  libavahi-client3 libavahi-common-data libavahi-common3 libbsd0 libcairo2\n  libcups2 libdatrie1 libdrm-amdgpu1 libdrm-common libdrm-intel1\n  libdrm-nouveau2 libdrm-radeon1 libdrm2 libedit2 libelf1 libfontconfig1\n  libfreetype6 libgdk-pixbuf2.0-0 libgdk-pixbuf2.0-common libgif7\n  libgl1-mesa-dri libgl1-mesa-glx libglapi-mesa libgraphite2-3 libgtk2.0-0\n  libgtk2.0-bin libgtk2.0-common libharfbuzz0b libice-dev libice6 libjbig0\n  libjpeg-turbo8 libjpeg8 liblcms2-2 libllvm6.0 libnspr4 libnss3 libnss3-nssdb\n  libpango-1.0-0 libpangocairo-1.0-0 libpangoft2-1.0-0 libpciaccess0\n  libpcsclite1 libpixman-1-0 libpthread-stubs0-dev libsensors4 libsm-dev\n  libsm6 libthai-data libthai0 libtiff5 libtxc-dxtn-s2tc0 libx11-6 libx11-data\n  libx11-dev libx11-doc libx11-xcb1 libxau-dev libxcb-dri2-0 libxcb-dri3-0\n  libxcb-glx0 libxcb-present0 libxcb-render0 libxcb-shm0 libxcb-sync1\n  libxcb1-dev libxcomposite1 libxcursor1 libxdamage1 libxdmcp-dev libxext6\n  libxfixes3 libxi6 libxinerama1 libxrandr2 libxrender1 libxshmfence1\n  libxt-dev libxt6 libxtst6 libxxf86vm1 openjdk-8-jdk-headless openjdk-8-jre\n  openjdk-8-jre-headless shared-mime-info ucf x11-common x11proto-core-dev\n  x11proto-input-dev x11proto-kb-dev xorg-sgml-doctools xtrans-dev\nSuggested packages:\n  default-jre cups-common librsvg2-common gvfs libice-doc liblcms2-utils\n  pciutils pcscd lm-sensors libsm-doc libxcb-doc libxt-doc openjdk-8-demo\n  openjdk-8-source visualvm icedtea-8-plugin libnss-mdns fonts-ipafont-gothic\n  fonts-ipafont-mincho fonts-wqy-microhei fonts-wqy-zenhei fonts-indic\nThe following NEW packages will be installed:\n  ca-certificates-java fontconfig fontconfig-config fonts-dejavu-core\n  fonts-dejavu-extra hicolor-icon-theme java-common libatk1.0-0 libatk1.0-data\n  libavahi-client3 libavahi-common-data libavahi-common3 libbsd0 libcairo2\n  libcups2 libdatrie1 libdrm-amdgpu1 libdrm-common libdrm-intel1\n  libdrm-nouveau2 libdrm-radeon1 libdrm2 libedit2 libelf1 libfontconfig1\n  libfreetype6 libgdk-pixbuf2.0-0 libgdk-pixbuf2.0-common libgif7\n  libgl1-mesa-dri libgl1-mesa-glx libglapi-mesa libgraphite2-3 libgtk2.0-0\n  libgtk2.0-bin libgtk2.0-common libharfbuzz0b libice-dev libice6 libjbig0\n  libjpeg-turbo8 libjpeg8 liblcms2-2 libllvm6.0 libnspr4 libnss3 libnss3-nssdb\n  libpango-1.0-0 libpangocairo-1.0-0 libpangoft2-1.0-0 libpciaccess0\n  libpcsclite1 libpixman-1-0 libpthread-stubs0-dev libsensors4 libsm-dev\n  libsm6 libthai-data libthai0 libtiff5 libtxc-dxtn-s2tc0 libx11-6 libx11-data\n  libx11-dev libx11-doc libx11-xcb1 libxau-dev libxcb-dri2-0 libxcb-dri3-0\n  libxcb-glx0 libxcb-present0 libxcb-render0 libxcb-shm0 libxcb-sync1\n  libxcb1-dev libxcomposite1 libxcursor1 libxdamage1 libxdmcp-dev libxext6\n  libxfixes3 libxi6 libxinerama1 libxrandr2 libxrender1 libxshmfence1\n  libxt-dev libxt6 libxtst6 libxxf86vm1 openjdk-8-jdk openjdk-8-jdk-headless\n  openjdk-8-jre openjdk-8-jre-headless shared-mime-info ucf x11-common\n  x11proto-core-dev x11proto-input-dev x11proto-kb-dev xorg-sgml-doctools\n  xtrans-dev\n0 upgraded, 102 newly installed, 0 to remove and 36 not upgraded.\nNeed to get 71.9 MB of archives.\nAfter this operation, 404 MB of additional disk space will be used.\nGet:1 http://archive.ubuntu.com/ubuntu xenial-updates/main amd64 libx11-data all 2:1.6.3-1ubuntu2.1 [113 kB]\nGet:2 http://archive.ubuntu.com/ubuntu xenial-updates/main amd64 libx11-6 amd64 2:1.6.3-1ubuntu2.1 [570 kB]\nGet:3 http://archive.ubuntu.com/ubuntu xenial/main amd64 libxext6 amd64 2:1.3.3-1 [29.4 kB]\nGet:4 http://archive.ubuntu.com/ubuntu xenial/main amd64 fonts-dejavu-core all 2.35-1 [1039 kB]\nGet:5 http://archive.ubuntu.com/ubuntu xenial/main amd64 ucf all 3.0036 [52.9 kB]\nGet:6 http://archive.ubuntu.com/ubuntu xenial-updates/main amd64 fontconfig-config all 2.11.94-0ubuntu1.1 [49.9 kB]\nGet:7 http://archive.ubuntu.com/ubuntu xenial-updates/main amd64 libfreetype6 amd64 2.6.1-0.1ubuntu2.4 [315 kB]\nGet:8 http://archive.ubuntu.com/ubuntu xenial-updates/main amd64 libfontconfig1 amd64 2.11.94-0ubuntu1.1 [131 kB]\nGet:9 http://archive.ubuntu.com/ubuntu xenial-updates/main amd64 fontconfig amd64 2.11.94-0ubuntu1.1 [178 kB]\nGet:10 http://archive.ubuntu.com/ubuntu xenial-updates/main amd64 x11-common all 1:7.7+13ubuntu3.1 [22.9 kB]\nGet:11 http://archive.ubuntu.com/ubuntu xenial/main amd64 libice6 amd64 2:1.0.9-1 [39.2 kB]\nGet:12 http://archive.ubuntu.com/ubuntu xenial-updates/main amd64 libjpeg-turbo8 amd64 1.4.2-0ubuntu3.4 [111 kB]\nGet:13 http://archive.ubuntu.com/ubuntu xenial/main amd64 libsm6 amd64 2:1.2.2-1 [15.8 kB]\nGet:14 http://archive.ubuntu.com/ubuntu xenial/main amd64 libxcomposite1 amd64 1:0.4.4-1 [7714 B]\nGet:15 http://archive.ubuntu.com/ubuntu xenial/main amd64 libxdamage1 amd64 1:1.1.4-2 [6946 B]\nGet:16 http://archive.ubuntu.com/ubuntu xenial/main amd64 libxfixes3 amd64 1:5.0.1-2 [11.1 kB]\nGet:17 http://archive.ubuntu.com/ubuntu xenial/main amd64 libxinerama1 amd64 2:1.1.3-1 [7908 B]\nGet:18 http://archive.ubuntu.com/ubuntu xenial/main amd64 libxshmfence1 amd64 1.2-1 [5042 B]\nGet:19 http://archive.ubuntu.com/ubuntu xenial/main amd64 libxtst6 amd64 2:1.2.2-1 [14.1 kB]\nGet:20 http://archive.ubuntu.com/ubuntu xenial/main amd64 libxxf86vm1 amd64 1:1.1.4-1 [10.6 kB]\nGet:21 http://archive.ubuntu.com/ubuntu xenial/main amd64 libjbig0 amd64 2.1-3.1 [26.6 kB]\nGet:22 http://archive.ubuntu.com/ubuntu xenial/main amd64 libtxc-dxtn-s2tc0 amd64 0~git20131104-1.1 [51.8 kB]\nGet:23 http://archive.ubuntu.com/ubuntu xenial-updates/main amd64 libbsd0 amd64 0.8.2-1ubuntu0.1 [42.0 kB]\nGet:24 http://archive.ubuntu.com/ubuntu xenial-updates/main amd64 libdrm-common all 2.4.91-2~16.04.1 [4764 B]\nGet:25 http://archive.ubuntu.com/ubuntu xenial-updates/main amd64 libdrm2 amd64 2.4.91-2~16.04.1 [30.8 kB]\nGet:26 http://archive.ubuntu.com/ubuntu xenial/main amd64 libedit2 amd64 3.1-20150325-1ubuntu2 [76.5 kB]\nGet:27 http://archive.ubuntu.com/ubuntu xenial-updates/main amd64 libelf1 amd64 0.165-3ubuntu1.2 [43.5 kB]\nGet:28 http://archive.ubuntu.com/ubuntu xenial-updates/main amd64 shared-mime-info amd64 1.5-2ubuntu0.2 [405 kB]\nGet:29 http://archive.ubuntu.com/ubuntu xenial/main amd64 java-common all 0.56ubuntu2 [7742 B]\nGet:30 http://archive.ubuntu.com/ubuntu xenial-updates/main amd64 libavahi-common-data amd64 0.6.32~rc+dfsg-1ubuntu2.3 [21.5 kB]\nGet:31 http://archive.ubuntu.com/ubuntu xenial-updates/main amd64 libavahi-common3 amd64 0.6.32~rc+dfsg-1ubuntu2.3 [21.7 kB]\nGet:32 http://archive.ubuntu.com/ubuntu xenial-updates/main amd64 libavahi-client3 amd64 0.6.32~rc+dfsg-1ubuntu2.3 [25.3 kB]\nGet:33 http://archive.ubuntu.com/ubuntu xenial-updates/main amd64 libcups2 amd64 2.1.3-4ubuntu0.11 [197 kB]\nGet:34 http://archive.ubuntu.com/ubuntu xenial-updates/main amd64 liblcms2-2 amd64 2.6-3ubuntu2.1 [136 kB]\nGet:35 http://archive.ubuntu.com/ubuntu xenial/main amd64 libjpeg8 amd64 8c-2ubuntu8 [2194 B]\nGet:36 http://archive.ubuntu.com/ubuntu xenial-updates/main amd64 libnspr4 amd64 2:4.13.1-0ubuntu0.16.04.1 [112 kB]\nGet:37 http://archive.ubuntu.com/ubuntu xenial-updates/main amd64 libnss3-nssdb all 2:3.28.4-0ubuntu0.16.04.11 [10.6 kB]\nGet:38 http://archive.ubuntu.com/ubuntu xenial-updates/main amd64 libnss3 amd64 2:3.28.4-0ubuntu0.16.04.11 [1148 kB]\nGet:39 http://archive.ubuntu.com/ubuntu xenial-updates/main amd64 libpcsclite1 amd64 1.8.14-1ubuntu1.16.04.1 [21.4 kB]\nGet:40 http://archive.ubuntu.com/ubuntu xenial/main amd64 libxi6 amd64 2:1.7.6-1 [28.6 kB]\nGet:41 http://archive.ubuntu.com/ubuntu xenial/main amd64 libxrender1 amd64 1:0.9.9-0ubuntu1 [18.5 kB]\nGet:42 http://archive.ubuntu.com/ubuntu xenial-updates/main amd64 openjdk-8-jre-headless amd64 8u252-b09-1~16.04 [27.2 MB]\nGet:43 http://archive.ubuntu.com/ubuntu xenial-updates/main amd64 ca-certificates-java all 20160321ubuntu1 [12.5 kB]\nGet:44 http://archive.ubuntu.com/ubuntu xenial/main amd64 fonts-dejavu-extra all 2.35-1 [1749 kB]\nGet:45 http://archive.ubuntu.com/ubuntu xenial-updates/main amd64 hicolor-icon-theme all 0.15-0ubuntu1.1 [7698 B]\nGet:46 http://archive.ubuntu.com/ubuntu xenial/main amd64 libatk1.0-data all 2.18.0-1 [17.1 kB]\nGet:47 http://archive.ubuntu.com/ubuntu xenial/main amd64 libatk1.0-0 amd64 2.18.0-1 [56.9 kB]\nGet:48 http://archive.ubuntu.com/ubuntu xenial/main amd64 libpixman-1-0 amd64 0.33.6-1 [231 kB]\nGet:49 http://archive.ubuntu.com/ubuntu xenial/main amd64 libxcb-render0 amd64 1.11.1-1ubuntu1 [11.4 kB]\nGet:50 http://archive.ubuntu.com/ubuntu xenial/main amd64 libxcb-shm0 amd64 1.11.1-1ubuntu1 [5588 B]\nGet:51 http://archive.ubuntu.com/ubuntu xenial/main amd64 libcairo2 amd64 1.14.6-1 [555 kB]\nGet:52 http://archive.ubuntu.com/ubuntu xenial/main amd64 libdatrie1 amd64 0.2.10-2 [17.3 kB]\nGet:53 http://archive.ubuntu.com/ubuntu xenial-updates/main amd64 libdrm-amdgpu1 amd64 2.4.91-2~16.04.1 [18.9 kB]\nGet:54 http://archive.ubuntu.com/ubuntu xenial/main amd64 libpciaccess0 amd64 0.13.4-1 [18.1 kB]\nGet:55 http://archive.ubuntu.com/ubuntu xenial-updates/main amd64 libdrm-intel1 amd64 2.4.91-2~16.04.1 [59.9 kB]\nGet:56 http://archive.ubuntu.com/ubuntu xenial-updates/main amd64 libdrm-nouveau2 amd64 2.4.91-2~16.04.1 [16.3 kB]\nGet:57 http://archive.ubuntu.com/ubuntu xenial-updates/main amd64 libdrm-radeon1 amd64 2.4.91-2~16.04.1 [21.5 kB]\nGet:58 http://archive.ubuntu.com/ubuntu xenial-updates/main amd64 libtiff5 amd64 4.0.6-1ubuntu0.7 [149 kB]\nGet:59 http://archive.ubuntu.com/ubuntu xenial-updates/main amd64 libgdk-pixbuf2.0-common all 2.32.2-1ubuntu1.6 [10.3 kB]\nGet:60 http://archive.ubuntu.com/ubuntu xenial-updates/main amd64 libgdk-pixbuf2.0-0 amd64 2.32.2-1ubuntu1.6 [159 kB]\nGet:61 http://archive.ubuntu.com/ubuntu xenial-updates/main amd64 libgif7 amd64 5.1.4-0.3~16.04.1 [30.5 kB]\nGet:62 http://archive.ubuntu.com/ubuntu xenial-updates/main amd64 libglapi-mesa amd64 18.0.5-0ubuntu0~16.04.1 [23.4 kB]\nGet:63 http://archive.ubuntu.com/ubuntu xenial-updates/main amd64 libllvm6.0 amd64 1:6.0-1ubuntu2~16.04.1 [14.3 MB]\nGet:64 http://archive.ubuntu.com/ubuntu xenial/main amd64 libsensors4 amd64 1:3.4.0-2 [28.4 kB]\nGet:65 http://archive.ubuntu.com/ubuntu xenial-updates/main amd64 libgl1-mesa-dri amd64 18.0.5-0ubuntu0~16.04.1 [6080 kB]\nGet:66 http://archive.ubuntu.com/ubuntu xenial-updates/main amd64 libx11-xcb1 amd64 2:1.6.3-1ubuntu2.1 [9044 B]\nGet:67 http://archive.ubuntu.com/ubuntu xenial/main amd64 libxcb-dri2-0 amd64 1.11.1-1ubuntu1 [6882 B]\nGet:68 http://archive.ubuntu.com/ubuntu xenial/main amd64 libxcb-dri3-0 amd64 1.11.1-1ubuntu1 [5218 B]\nGet:69 http://archive.ubuntu.com/ubuntu xenial/main amd64 libxcb-glx0 amd64 1.11.1-1ubuntu1 [20.9 kB]\nGet:70 http://archive.ubuntu.com/ubuntu xenial/main amd64 libxcb-present0 amd64 1.11.1-1ubuntu1 [5218 B]\nGet:71 http://archive.ubuntu.com/ubuntu xenial/main amd64 libxcb-sync1 amd64 1.11.1-1ubuntu1 [8324 B]\nGet:72 http://archive.ubuntu.com/ubuntu xenial-updates/main amd64 libgl1-mesa-glx amd64 18.0.5-0ubuntu0~16.04.1 [132 kB]\nGet:73 http://archive.ubuntu.com/ubuntu xenial-updates/main amd64 libgraphite2-3 amd64 1.3.10-0ubuntu0.16.04.1 [71.7 kB]\nGet:74 http://archive.ubuntu.com/ubuntu xenial-updates/main amd64 libgtk2.0-common all 2.24.30-1ubuntu1.16.04.2 [123 kB]\nGet:75 http://archive.ubuntu.com/ubuntu xenial/main amd64 libthai-data all 0.1.24-2 [131 kB]\nGet:76 http://archive.ubuntu.com/ubuntu xenial/main amd64 libthai0 amd64 0.1.24-2 [17.3 kB]\nGet:77 http://archive.ubuntu.com/ubuntu xenial/main amd64 libpango-1.0-0 amd64 1.38.1-1 [148 kB]\nGet:78 http://archive.ubuntu.com/ubuntu xenial-updates/main amd64 libharfbuzz0b amd64 1.0.1-1ubuntu0.1 [140 kB]\nGet:79 http://archive.ubuntu.com/ubuntu xenial/main amd64 libpangoft2-1.0-0 amd64 1.38.1-1 [33.3 kB]\nGet:80 http://archive.ubuntu.com/ubuntu xenial/main amd64 libpangocairo-1.0-0 amd64 1.38.1-1 [20.5 kB]\nGet:81 http://archive.ubuntu.com/ubuntu xenial-updates/main amd64 libxcursor1 amd64 1:1.1.14-1ubuntu0.16.04.2 [19.9 kB]\nGet:82 http://archive.ubuntu.com/ubuntu xenial/main amd64 libxrandr2 amd64 2:1.5.0-1 [17.6 kB]\nGet:83 http://archive.ubuntu.com/ubuntu xenial-updates/main amd64 libgtk2.0-0 amd64 2.24.30-1ubuntu1.16.04.2 [1775 kB]\nGet:84 http://archive.ubuntu.com/ubuntu xenial-updates/main amd64 libgtk2.0-bin amd64 2.24.30-1ubuntu1.16.04.2 [9834 B]\nGet:85 http://archive.ubuntu.com/ubuntu xenial/main amd64 xorg-sgml-doctools all 1:1.11-1 [12.9 kB]\nGet:86 http://archive.ubuntu.com/ubuntu xenial-updates/main amd64 x11proto-core-dev all 7.0.31-1~ubuntu16.04.2 [254 kB]\nGet:87 http://archive.ubuntu.com/ubuntu xenial/main amd64 libice-dev amd64 2:1.0.9-1 [44.9 kB]\nGet:88 http://archive.ubuntu.com/ubuntu xenial/main amd64 libpthread-stubs0-dev amd64 0.3-4 [4068 B]\nGet:89 http://archive.ubuntu.com/ubuntu xenial/main amd64 libsm-dev amd64 2:1.2.2-1 [16.2 kB]\nGet:90 http://archive.ubuntu.com/ubuntu xenial/main amd64 libxau-dev amd64 1:1.0.8-1 [11.1 kB]\nGet:91 http://archive.ubuntu.com/ubuntu xenial/main amd64 libxdmcp-dev amd64 1:1.1.2-1.1 [25.1 kB]\nGet:92 http://archive.ubuntu.com/ubuntu xenial/main amd64 x11proto-input-dev all 2.3.1-1 [118 kB]\nGet:93 http://archive.ubuntu.com/ubuntu xenial/main amd64 x11proto-kb-dev all 1.0.7-0ubuntu1 [224 kB]\nGet:94 http://archive.ubuntu.com/ubuntu xenial/main amd64 xtrans-dev all 1.3.5-1 [70.5 kB]\nGet:95 http://archive.ubuntu.com/ubuntu xenial/main amd64 libxcb1-dev amd64 1.11.1-1ubuntu1 [74.2 kB]\nGet:96 http://archive.ubuntu.com/ubuntu xenial-updates/main amd64 libx11-dev amd64 2:1.6.3-1ubuntu2.1 [640 kB]\nGet:97 http://archive.ubuntu.com/ubuntu xenial-updates/main amd64 libx11-doc all 2:1.6.3-1ubuntu2.1 [1470 kB]\nGet:98 http://archive.ubuntu.com/ubuntu xenial/main amd64 libxt6 amd64 1:1.1.5-0ubuntu1 [160 kB]\nGet:99 http://archive.ubuntu.com/ubuntu xenial/main amd64 libxt-dev amd64 1:1.1.5-0ubuntu1 [394 kB]\nGet:100 http://archive.ubuntu.com/ubuntu xenial-updates/main amd64 openjdk-8-jre amd64 8u252-b09-1~16.04 [69.2 kB]\nGet:101 http://archive.ubuntu.com/ubuntu xenial-updates/main amd64 openjdk-8-jdk-headless amd64 8u252-b09-1~16.04 [8205 kB]\nGet:102 http://archive.ubuntu.com/ubuntu xenial-updates/main amd64 openjdk-8-jdk amd64 8u252-b09-1~16.04 [1480 kB]\n\u001b[91mdebconf: delaying package configuration, since apt-utils is not installed\n\u001b[0mFetched 71.9 MB in 5s (13.3 MB/s)\nSelecting previously unselected package libx11-data.\r\n(Reading database ... \r(Reading database ... 5%\r(Reading database ... 10%\r(Reading database ... 15%\r(Reading database ... 20%\r(Reading database ... 25%\r(Reading database ... 30%\r(Reading database ... 35%\r(Reading database ... 40%\r(Reading database ... 45%\r(Reading database ... 50%\r(Reading database ... 55%\r(Reading database ... 60%\r(Reading database ... 65%\r(Reading database ... 70%\r(Reading database ... 75%\r(Reading database ... 80%\r(Reading database ... 85%\r(Reading database ... 90%\r(Reading database ... 95%\r(Reading database ... 100%\r(Reading database ... 32269 files and directories currently installed.)\r\nPreparing to unpack .../libx11-data_2%3a1.6.3-1ubuntu2.1_all.deb ...\r\nUnpacking libx11-data (2:1.6.3-1ubuntu2.1) ...\r\nSelecting previously unselected package libx11-6:amd64.\r\nPreparing to unpack .../libx11-6_2%3a1.6.3-1ubuntu2.1_amd64.deb ...\r\nUnpacking libx11-6:amd64 (2:1.6.3-1ubuntu2.1) ...\r\nSelecting previously unselected package libxext6:amd64.\r\nPreparing to unpack .../libxext6_2%3a1.3.3-1_amd64.deb ...\r\nUnpacking libxext6:amd64 (2:1.3.3-1) ...\r\nSelecting previously unselected package fonts-dejavu-core.\r\nPreparing to unpack .../fonts-dejavu-core_2.35-1_all.deb ...\r\nUnpacking fonts-dejavu-core (2.35-1) ...\r\nSelecting previously unselected package ucf.\r\nPreparing to unpack .../archives/ucf_3.0036_all.deb ...\r\nMoving old data out of the way\r\nUnpacking ucf (3.0036) ...\r\nSelecting previously unselected package fontconfig-config.\r\nPreparing to unpack .../fontconfig-config_2.11.94-0ubuntu1.1_all.deb ...\r\nUnpacking fontconfig-config (2.11.94-0ubuntu1.1) ...\r\nSelecting previously unselected package libfreetype6:amd64.\r\nPreparing to unpack .../libfreetype6_2.6.1-0.1ubuntu2.4_amd64.deb ...\r\nUnpacking libfreetype6:amd64 (2.6.1-0.1ubuntu2.4) ...\r\nSelecting previously unselected package libfontconfig1:amd64.\r\nPreparing to unpack .../libfontconfig1_2.11.94-0ubuntu1.1_amd64.deb ...\r\nUnpacking libfontconfig1:amd64 (2.11.94-0ubuntu1.1) ...\r\nSelecting previously unselected package fontconfig.\r\nPreparing to unpack .../fontconfig_2.11.94-0ubuntu1.1_amd64.deb ...\r\nUnpacking fontconfig (2.11.94-0ubuntu1.1) ...\r\nSelecting previously unselected package x11-common.\r\nPreparing to unpack .../x11-common_1%3a7.7+13ubuntu3.1_all.deb ...\r\ndpkg-query: no packages found matching nux-tools\r\nUnpacking x11-common (1:7.7+13ubuntu3.1) ...\r\nSelecting previously unselected package libice6:amd64.\r\nPreparing to unpack .../libice6_2%3a1.0.9-1_amd64.deb ...\r\nUnpacking libice6:amd64 (2:1.0.9-1) ...\r\nSelecting previously unselected package libjpeg-turbo8:amd64.\r\nPreparing to unpack .../libjpeg-turbo8_1.4.2-0ubuntu3.4_amd64.deb ...\r\nUnpacking libjpeg-turbo8:amd64 (1.4.2-0ubuntu3.4) ...\r\nSelecting previously unselected package libsm6:amd64.\r\nPreparing to unpack .../libsm6_2%3a1.2.2-1_amd64.deb ...\r\nUnpacking libsm6:amd64 (2:1.2.2-1) ...\r\nSelecting previously unselected package libxcomposite1:amd64.\r\nPreparing to unpack .../libxcomposite1_1%3a0.4.4-1_amd64.deb ...\r\nUnpacking libxcomposite1:amd64 (1:0.4.4-1) ...\r\nSelecting previously unselected package libxdamage1:amd64.\r\nPreparing to unpack .../libxdamage1_1%3a1.1.4-2_amd64.deb ...\r\nUnpacking libxdamage1:amd64 (1:1.1.4-2) ...\r\nSelecting previously unselected package libxfixes3:amd64.\r\nPreparing to unpack .../libxfixes3_1%3a5.0.1-2_amd64.deb ...\r\nUnpacking libxfixes3:amd64 (1:5.0.1-2) ...\r\nSelecting previously unselected package libxinerama1:amd64.\r\nPreparing to unpack .../libxinerama1_2%3a1.1.3-1_amd64.deb ...\r\nUnpacking libxinerama1:amd64 (2:1.1.3-1) ...\r\nSelecting previously unselected package libxshmfence1:amd64.\r\nPreparing to unpack .../libxshmfence1_1.2-1_amd64.deb ...\r\nUnpacking libxshmfence1:amd64 (1.2-1) ...\r\nSelecting previously unselected package libxtst6:amd64.\r\nPreparing to unpack .../libxtst6_2%3a1.2.2-1_amd64.deb ...\r\nUnpacking libxtst6:amd64 (2:1.2.2-1) ...\r\nSelecting previously unselected package libxxf86vm1:amd64.\r\nPreparing to unpack .../libxxf86vm1_1%3a1.1.4-1_amd64.deb ...\r\nUnpacking libxxf86vm1:amd64 (1:1.1.4-1) ...\r\nSelecting previously unselected package libjbig0:amd64.\r\nPreparing to unpack .../libjbig0_2.1-3.1_amd64.deb ...\r\nUnpacking libjbig0:amd64 (2.1-3.1) ...\r\nSelecting previously unselected package libtxc-dxtn-s2tc0:amd64.\r\nPreparing to unpack .../libtxc-dxtn-s2tc0_0~git20131104-1.1_amd64.deb ...\r\nUnpacking libtxc-dxtn-s2tc0:amd64 (0~git20131104-1.1) ...\r\nSelecting previously unselected package libbsd0:amd64.\r\nPreparing to unpack .../libbsd0_0.8.2-1ubuntu0.1_amd64.deb ...\r\nUnpacking libbsd0:amd64 (0.8.2-1ubuntu0.1) ...\r\nSelecting previously unselected package libdrm-common.\r\nPreparing to unpack .../libdrm-common_2.4.91-2~16.04.1_all.deb ...\r\nUnpacking libdrm-common (2.4.91-2~16.04.1) ...\r\nSelecting previously unselected package libdrm2:amd64.\r\nPreparing to unpack .../libdrm2_2.4.91-2~16.04.1_amd64.deb ...\r\nUnpacking libdrm2:amd64 (2.4.91-2~16.04.1) ...\r\nSelecting previously unselected package libedit2:amd64.\r\nPreparing to unpack .../libedit2_3.1-20150325-1ubuntu2_amd64.deb ...\r\nUnpacking libedit2:amd64 (3.1-20150325-1ubuntu2) ...\r\nSelecting previously unselected package libelf1:amd64.\r\nPreparing to unpack .../libelf1_0.165-3ubuntu1.2_amd64.deb ...\r\nUnpacking libelf1:amd64 (0.165-3ubuntu1.2) ...\r\nSelecting previously unselected package shared-mime-info.\r\nPreparing to unpack .../shared-mime-info_1.5-2ubuntu0.2_amd64.deb ...\r\nUnpacking shared-mime-info (1.5-2ubuntu0.2) ...\r\nSelecting previously unselected package java-common.\r\nPreparing to unpack .../java-common_0.56ubuntu2_all.deb ...\r\nUnpacking java-common (0.56ubuntu2) ...\r\nSelecting previously unselected package libavahi-common-data:amd64.\r\nPreparing to unpack .../libavahi-common-data_0.6.32~rc+dfsg-1ubuntu2.3_amd64.deb ...\r\nUnpacking libavahi-common-data:amd64 (0.6.32~rc+dfsg-1ubuntu2.3) ...\r\nSelecting previously unselected package libavahi-common3:amd64.\r\nPreparing to unpack .../libavahi-common3_0.6.32~rc+dfsg-1ubuntu2.3_amd64.deb ...\r\nUnpacking libavahi-common3:amd64 (0.6.32~rc+dfsg-1ubuntu2.3) ...\r\nSelecting previously unselected package libavahi-client3:amd64.\r\nPreparing to unpack .../libavahi-client3_0.6.32~rc+dfsg-1ubuntu2.3_amd64.deb ...\r\nUnpacking libavahi-client3:amd64 (0.6.32~rc+dfsg-1ubuntu2.3) ...\r\nSelecting previously unselected package libcups2:amd64.\r\nPreparing to unpack .../libcups2_2.1.3-4ubuntu0.11_amd64.deb ...\r\nUnpacking libcups2:amd64 (2.1.3-4ubuntu0.11) ...\r\nSelecting previously unselected package liblcms2-2:amd64.\r\nPreparing to unpack .../liblcms2-2_2.6-3ubuntu2.1_amd64.deb ...\r\nUnpacking liblcms2-2:amd64 (2.6-3ubuntu2.1) ...\r\nSelecting previously unselected package libjpeg8:amd64.\r\nPreparing to unpack .../libjpeg8_8c-2ubuntu8_amd64.deb ...\r\nUnpacking libjpeg8:amd64 (8c-2ubuntu8) ...\r\nSelecting previously unselected package libnspr4:amd64.\r\nPreparing to unpack .../libnspr4_2%3a4.13.1-0ubuntu0.16.04.1_amd64.deb ...\r\nUnpacking libnspr4:amd64 (2:4.13.1-0ubuntu0.16.04.1) ...\r\nSelecting previously unselected package libnss3-nssdb.\r\nPreparing to unpack .../libnss3-nssdb_2%3a3.28.4-0ubuntu0.16.04.11_all.deb ...\r\nUnpacking libnss3-nssdb (2:3.28.4-0ubuntu0.16.04.11) ...\r\nSelecting previously unselected package libnss3:amd64.\r\nPreparing to unpack .../libnss3_2%3a3.28.4-0ubuntu0.16.04.11_amd64.deb ...\r\nUnpacking libnss3:amd64 (2:3.28.4-0ubuntu0.16.04.11) ...\r\nSelecting previously unselected package libpcsclite1:amd64.\r\nPreparing to unpack .../libpcsclite1_1.8.14-1ubuntu1.16.04.1_amd64.deb ...\r\nUnpacking libpcsclite1:amd64 (1.8.14-1ubuntu1.16.04.1) ...\r\nSelecting previously unselected package libxi6:amd64.\r\nPreparing to unpack .../libxi6_2%3a1.7.6-1_amd64.deb ...\r\nUnpacking libxi6:amd64 (2:1.7.6-1) ...\r\nSelecting previously unselected package libxrender1:amd64.\r\nPreparing to unpack .../libxrender1_1%3a0.9.9-0ubuntu1_amd64.deb ...\r\nUnpacking libxrender1:amd64 (1:0.9.9-0ubuntu1) ...\r\nSelecting previously unselected package openjdk-8-jre-headless:amd64.\r\nPreparing to unpack .../openjdk-8-jre-headless_8u252-b09-1~16.04_amd64.deb ...\r\nUnpacking openjdk-8-jre-headless:amd64 (8u252-b09-1~16.04) ...\r\nSelecting previously unselected package ca-certificates-java.\r\nPreparing to unpack .../ca-certificates-java_20160321ubuntu1_all.deb ...\r\nUnpacking ca-certificates-java (20160321ubuntu1) ...\r\nSelecting previously unselected package fonts-dejavu-extra.\r\nPreparing to unpack .../fonts-dejavu-extra_2.35-1_all.deb ...\r\nUnpacking fonts-dejavu-extra (2.35-1) ...\r\nSelecting previously unselected package hicolor-icon-theme.\r\nPreparing to unpack .../hicolor-icon-theme_0.15-0ubuntu1.1_all.deb ...\r\nUnpacking hicolor-icon-theme (0.15-0ubuntu1.1) ...\r\nSelecting previously unselected package libatk1.0-data.\r\nPreparing to unpack .../libatk1.0-data_2.18.0-1_all.deb ...\r\nUnpacking libatk1.0-data (2.18.0-1) ...\r\nSelecting previously unselected package libatk1.0-0:amd64.\r\nPreparing to unpack .../libatk1.0-0_2.18.0-1_amd64.deb ...\r\nUnpacking libatk1.0-0:amd64 (2.18.0-1) ...\r\nSelecting previously unselected package libpixman-1-0:amd64.\r\nPreparing to unpack .../libpixman-1-0_0.33.6-1_amd64.deb ...\r\nUnpacking libpixman-1-0:amd64 (0.33.6-1) ...\r\nSelecting previously unselected package libxcb-render0:amd64.\r\nPreparing to unpack .../libxcb-render0_1.11.1-1ubuntu1_amd64.deb ...\r\nUnpacking libxcb-render0:amd64 (1.11.1-1ubuntu1) ...\r\nSelecting previously unselected package libxcb-shm0:amd64.\r\nPreparing to unpack .../libxcb-shm0_1.11.1-1ubuntu1_amd64.deb ...\r\nUnpacking libxcb-shm0:amd64 (1.11.1-1ubuntu1) ...\r\nSelecting previously unselected package libcairo2:amd64.\r\nPreparing to unpack .../libcairo2_1.14.6-1_amd64.deb ...\r\nUnpacking libcairo2:amd64 (1.14.6-1) ...\r\nSelecting previously unselected package libdatrie1:amd64.\r\nPreparing to unpack .../libdatrie1_0.2.10-2_amd64.deb ...\r\nUnpacking libdatrie1:amd64 (0.2.10-2) ...\r\nSelecting previously unselected package libdrm-amdgpu1:amd64.\r\nPreparing to unpack .../libdrm-amdgpu1_2.4.91-2~16.04.1_amd64.deb ...\r\nUnpacking libdrm-amdgpu1:amd64 (2.4.91-2~16.04.1) ...\r\nSelecting previously unselected package libpciaccess0:amd64.\r\nPreparing to unpack .../libpciaccess0_0.13.4-1_amd64.deb ...\r\nUnpacking libpciaccess0:amd64 (0.13.4-1) ...\r\nSelecting previously unselected package libdrm-intel1:amd64.\r\nPreparing to unpack .../libdrm-intel1_2.4.91-2~16.04.1_amd64.deb ...\r\nUnpacking libdrm-intel1:amd64 (2.4.91-2~16.04.1) ...\r\nSelecting previously unselected package libdrm-nouveau2:amd64.\r\nPreparing to unpack .../libdrm-nouveau2_2.4.91-2~16.04.1_amd64.deb ...\r\nUnpacking libdrm-nouveau2:amd64 (2.4.91-2~16.04.1) ...\r\nSelecting previously unselected package libdrm-radeon1:amd64.\r\nPreparing to unpack .../libdrm-radeon1_2.4.91-2~16.04.1_amd64.deb ...\r\nUnpacking libdrm-radeon1:amd64 (2.4.91-2~16.04.1) ...\r\nSelecting previously unselected package libtiff5:amd64.\r\nPreparing to unpack .../libtiff5_4.0.6-1ubuntu0.7_amd64.deb ...\r\nUnpacking libtiff5:amd64 (4.0.6-1ubuntu0.7) ...\r\nSelecting previously unselected package libgdk-pixbuf2.0-common.\r\nPreparing to unpack .../libgdk-pixbuf2.0-common_2.32.2-1ubuntu1.6_all.deb ...\r\nUnpacking libgdk-pixbuf2.0-common (2.32.2-1ubuntu1.6) ...\r\nSelecting previously unselected package libgdk-pixbuf2.0-0:amd64.\r\nPreparing to unpack .../libgdk-pixbuf2.0-0_2.32.2-1ubuntu1.6_amd64.deb ...\r\nUnpacking libgdk-pixbuf2.0-0:amd64 (2.32.2-1ubuntu1.6) ...\r\nSelecting previously unselected package libgif7:amd64.\r\nPreparing to unpack .../libgif7_5.1.4-0.3~16.04.1_amd64.deb ...\r\nUnpacking libgif7:amd64 (5.1.4-0.3~16.04.1) ...\r\nSelecting previously unselected package libglapi-mesa:amd64.\r\nPreparing to unpack .../libglapi-mesa_18.0.5-0ubuntu0~16.04.1_amd64.deb ...\r\nUnpacking libglapi-mesa:amd64 (18.0.5-0ubuntu0~16.04.1) ...\r\nSelecting previously unselected package libllvm6.0:amd64.\r\nPreparing to unpack .../libllvm6.0_1%3a6.0-1ubuntu2~16.04.1_amd64.deb ...\r\nUnpacking libllvm6.0:amd64 (1:6.0-1ubuntu2~16.04.1) ...\r\nSelecting previously unselected package libsensors4:amd64.\r\nPreparing to unpack .../libsensors4_1%3a3.4.0-2_amd64.deb ...\r\nUnpacking libsensors4:amd64 (1:3.4.0-2) ...\r\nSelecting previously unselected package libgl1-mesa-dri:amd64.\r\nPreparing to unpack .../libgl1-mesa-dri_18.0.5-0ubuntu0~16.04.1_amd64.deb ...\r\nUnpacking libgl1-mesa-dri:amd64 (18.0.5-0ubuntu0~16.04.1) ...\r\nSelecting previously unselected package libx11-xcb1:amd64.\r\nPreparing to unpack .../libx11-xcb1_2%3a1.6.3-1ubuntu2.1_amd64.deb ...\r\nUnpacking libx11-xcb1:amd64 (2:1.6.3-1ubuntu2.1) ...\r\nSelecting previously unselected package libxcb-dri2-0:amd64.\r\nPreparing to unpack .../libxcb-dri2-0_1.11.1-1ubuntu1_amd64.deb ...\r\nUnpacking libxcb-dri2-0:amd64 (1.11.1-1ubuntu1) ...\r\nSelecting previously unselected package libxcb-dri3-0:amd64.\r\nPreparing to unpack .../libxcb-dri3-0_1.11.1-1ubuntu1_amd64.deb ...\r\nUnpacking libxcb-dri3-0:amd64 (1.11.1-1ubuntu1) ...\r\nSelecting previously unselected package libxcb-glx0:amd64.\r\nPreparing to unpack .../libxcb-glx0_1.11.1-1ubuntu1_amd64.deb ...\r\nUnpacking libxcb-glx0:amd64 (1.11.1-1ubuntu1) ...\r\nSelecting previously unselected package libxcb-present0:amd64.\r\nPreparing to unpack .../libxcb-present0_1.11.1-1ubuntu1_amd64.deb ...\r\nUnpacking libxcb-present0:amd64 (1.11.1-1ubuntu1) ...\r\nSelecting previously unselected package libxcb-sync1:amd64.\r\nPreparing to unpack .../libxcb-sync1_1.11.1-1ubuntu1_amd64.deb ...\r\nUnpacking libxcb-sync1:amd64 (1.11.1-1ubuntu1) ...\r\nSelecting previously unselected package libgl1-mesa-glx:amd64.\r\nPreparing to unpack .../libgl1-mesa-glx_18.0.5-0ubuntu0~16.04.1_amd64.deb ...\r\nUnpacking libgl1-mesa-glx:amd64 (18.0.5-0ubuntu0~16.04.1) ...\r\nSelecting previously unselected package libgraphite2-3:amd64.\r\nPreparing to unpack .../libgraphite2-3_1.3.10-0ubuntu0.16.04.1_amd64.deb ...\r\nUnpacking libgraphite2-3:amd64 (1.3.10-0ubuntu0.16.04.1) ...\r\nSelecting previously unselected package libgtk2.0-common.\r\nPreparing to unpack .../libgtk2.0-common_2.24.30-1ubuntu1.16.04.2_all.deb ...\r\nUnpacking libgtk2.0-common (2.24.30-1ubuntu1.16.04.2) ...\r\nSelecting previously unselected package libthai-data.\r\nPreparing to unpack .../libthai-data_0.1.24-2_all.deb ...\r\nUnpacking libthai-data (0.1.24-2) ...\r\nSelecting previously unselected package libthai0:amd64.\r\nPreparing to unpack .../libthai0_0.1.24-2_amd64.deb ...\r\nUnpacking libthai0:amd64 (0.1.24-2) ...\r\nSelecting previously unselected package libpango-1.0-0:amd64.\r\nPreparing to unpack .../libpango-1.0-0_1.38.1-1_amd64.deb ...\r\nUnpacking libpango-1.0-0:amd64 (1.38.1-1) ...\r\nSelecting previously unselected package libharfbuzz0b:amd64.\r\nPreparing to unpack .../libharfbuzz0b_1.0.1-1ubuntu0.1_amd64.deb ...\r\nUnpacking libharfbuzz0b:amd64 (1.0.1-1ubuntu0.1) ...\r\nSelecting previously unselected package libpangoft2-1.0-0:amd64.\r\nPreparing to unpack .../libpangoft2-1.0-0_1.38.1-1_amd64.deb ...\r\nUnpacking libpangoft2-1.0-0:amd64 (1.38.1-1) ...\r\nSelecting previously unselected package libpangocairo-1.0-0:amd64.\r\nPreparing to unpack .../libpangocairo-1.0-0_1.38.1-1_amd64.deb ...\r\nUnpacking libpangocairo-1.0-0:amd64 (1.38.1-1) ...\r\nSelecting previously unselected package libxcursor1:amd64.\r\nPreparing to unpack .../libxcursor1_1%3a1.1.14-1ubuntu0.16.04.2_amd64.deb ...\r\nUnpacking libxcursor1:amd64 (1:1.1.14-1ubuntu0.16.04.2) ...\r\nSelecting previously unselected package libxrandr2:amd64.\r\nPreparing to unpack .../libxrandr2_2%3a1.5.0-1_amd64.deb ...\r\nUnpacking libxrandr2:amd64 (2:1.5.0-1) ...\r\nSelecting previously unselected package libgtk2.0-0:amd64.\r\nPreparing to unpack .../libgtk2.0-0_2.24.30-1ubuntu1.16.04.2_amd64.deb ...\r\nUnpacking libgtk2.0-0:amd64 (2.24.30-1ubuntu1.16.04.2) ...\r\nSelecting previously unselected package libgtk2.0-bin.\r\nPreparing to unpack .../libgtk2.0-bin_2.24.30-1ubuntu1.16.04.2_amd64.deb ...\r\nUnpacking libgtk2.0-bin (2.24.30-1ubuntu1.16.04.2) ...\r\nSelecting previously unselected package xorg-sgml-doctools.\r\nPreparing to unpack .../xorg-sgml-doctools_1%3a1.11-1_all.deb ...\r\nUnpacking xorg-sgml-doctools (1:1.11-1) ...\r\nSelecting previously unselected package x11proto-core-dev.\r\nPreparing to unpack .../x11proto-core-dev_7.0.31-1~ubuntu16.04.2_all.deb ...\r\nUnpacking x11proto-core-dev (7.0.31-1~ubuntu16.04.2) ...\r\nSelecting previously unselected package libice-dev:amd64.\r\nPreparing to unpack .../libice-dev_2%3a1.0.9-1_amd64.deb ...\r\nUnpacking libice-dev:amd64 (2:1.0.9-1) ...\r\nSelecting previously unselected package libpthread-stubs0-dev:amd64.\r\nPreparing to unpack .../libpthread-stubs0-dev_0.3-4_amd64.deb ...\r\nUnpacking libpthread-stubs0-dev:amd64 (0.3-4) ...\r\nSelecting previously unselected package libsm-dev:amd64.\r\nPreparing to unpack .../libsm-dev_2%3a1.2.2-1_amd64.deb ...\r\nUnpacking libsm-dev:amd64 (2:1.2.2-1) ...\r\nSelecting previously unselected package libxau-dev:amd64.\r\nPreparing to unpack .../libxau-dev_1%3a1.0.8-1_amd64.deb ...\r\nUnpacking libxau-dev:amd64 (1:1.0.8-1) ...\r\nSelecting previously unselected package libxdmcp-dev:amd64.\r\nPreparing to unpack .../libxdmcp-dev_1%3a1.1.2-1.1_amd64.deb ...\r\nUnpacking libxdmcp-dev:amd64 (1:1.1.2-1.1) ...\r\nSelecting previously unselected package x11proto-input-dev.\r\nPreparing to unpack .../x11proto-input-dev_2.3.1-1_all.deb ...\r\nUnpacking x11proto-input-dev (2.3.1-1) ...\r\nSelecting previously unselected package x11proto-kb-dev.\r\nPreparing to unpack .../x11proto-kb-dev_1.0.7-0ubuntu1_all.deb ...\r\nUnpacking x11proto-kb-dev (1.0.7-0ubuntu1) ...\r\nSelecting previously unselected package xtrans-dev.\r\nPreparing to unpack .../xtrans-dev_1.3.5-1_all.deb ...\r\nUnpacking xtrans-dev (1.3.5-1) ...\r\nSelecting previously unselected package libxcb1-dev:amd64.\r\nPreparing to unpack .../libxcb1-dev_1.11.1-1ubuntu1_amd64.deb ...\r\nUnpacking libxcb1-dev:amd64 (1.11.1-1ubuntu1) ...\r\nSelecting previously unselected package libx11-dev:amd64.\r\nPreparing to unpack .../libx11-dev_2%3a1.6.3-1ubuntu2.1_amd64.deb ...\r\nUnpacking libx11-dev:amd64 (2:1.6.3-1ubuntu2.1) ...\r\nSelecting previously unselected package libx11-doc.\r\nPreparing to unpack .../libx11-doc_2%3a1.6.3-1ubuntu2.1_all.deb ...\r\nUnpacking libx11-doc (2:1.6.3-1ubuntu2.1) ...\r\nSelecting previously unselected package libxt6:amd64.\r\nPreparing to unpack .../libxt6_1%3a1.1.5-0ubuntu1_amd64.deb ...\r\nUnpacking libxt6:amd64 (1:1.1.5-0ubuntu1) ...\r\nSelecting previously unselected package libxt-dev:amd64.\r\nPreparing to unpack .../libxt-dev_1%3a1.1.5-0ubuntu1_amd64.deb ...\r\nUnpacking libxt-dev:amd64 (1:1.1.5-0ubuntu1) ...\r\nSelecting previously unselected package openjdk-8-jre:amd64.\r\nPreparing to unpack .../openjdk-8-jre_8u252-b09-1~16.04_amd64.deb ...\r\nUnpacking openjdk-8-jre:amd64 (8u252-b09-1~16.04) ...\r\nSelecting previously unselected package openjdk-8-jdk-headless:amd64.\r\nPreparing to unpack .../openjdk-8-jdk-headless_8u252-b09-1~16.04_amd64.deb ...\r\nUnpacking openjdk-8-jdk-headless:amd64 (8u252-b09-1~16.04) ...\r\nSelecting previously unselected package openjdk-8-jdk:amd64.\r\nPreparing to unpack .../openjdk-8-jdk_8u252-b09-1~16.04_amd64.deb ...\r\nUnpacking openjdk-8-jdk:amd64 (8u252-b09-1~16.04) ...\r\nProcessing triggers for libc-bin (2.23-0ubuntu11) ...\r\nProcessing triggers for systemd (229-4ubuntu21.22) ...\r\nProcessing triggers for ca-certificates (20190110~16.04.1) ...\r\nUpdating certificates in /etc/ssl/certs...\r\n0 added, 0 removed; done.\r\nRunning hooks in /etc/ca-certificates/update.d...\r\ndone.\r\nProcessing triggers for mime-support (3.59ubuntu1) ...\r\nSetting up libx11-data (2:1.6.3-1ubuntu2.1) ...\r\nSetting up libx11-6:amd64 (2:1.6.3-1ubuntu2.1) ...\r\nSetting up libxext6:amd64 (2:1.3.3-1) ...\r\nSetting up fonts-dejavu-core (2.35-1) ...\r\nSetting up ucf (3.0036) ...\r\ndebconf: unable to initialize frontend: Dialog\r\ndebconf: (TERM is not set, so the dialog frontend is not usable.)\r\ndebconf: falling back to frontend: Readline\r\nSetting up fontconfig-config (2.11.94-0ubuntu1.1) ...\r\nSetting up libfreetype6:amd64 (2.6.1-0.1ubuntu2.4) ...\r\nSetting up libfontconfig1:amd64 (2.11.94-0ubuntu1.1) ...\r\nSetting up fontconfig (2.11.94-0ubuntu1.1) ...\r\nRegenerating fonts cache... done.\r\nSetting up x11-common (1:7.7+13ubuntu3.1) ...\r\ndebconf: unable to initialize frontend: Dialog\r\ndebconf: (TERM is not set, so the dialog frontend is not usable.)\r\ndebconf: falling back to frontend: Readline\r\nupdate-rc.d: warning: start and stop actions are no longer supported; falling back to defaults\r\ninvoke-rc.d: could not determine current runlevel\r\ninvoke-rc.d: policy-rc.d denied execution of start.\r\nSetting up libice6:amd64 (2:1.0.9-1) ...\r\nSetting up libjpeg-turbo8:amd64 (1.4.2-0ubuntu3.4) ...\r\nSetting up libsm6:amd64 (2:1.2.2-1) ...\r\nSetting up libxcomposite1:amd64 (1:0.4.4-1) ...\r\nSetting up libxdamage1:amd64 (1:1.1.4-2) ...\r\nSetting up libxfixes3:amd64 (1:5.0.1-2) ...\r\nSetting up libxinerama1:amd64 (2:1.1.3-1) ...\r\nSetting up libxshmfence1:amd64 (1.2-1) ...\r\nSetting up libxtst6:amd64 (2:1.2.2-1) ...\r\nSetting up libxxf86vm1:amd64 (1:1.1.4-1) ...\r\nSetting up libjbig0:amd64 (2.1-3.1) ...\r\nSetting up libtxc-dxtn-s2tc0:amd64 (0~git20131104-1.1) ...\r\nupdate-alternatives: using /usr/lib/x86_64-linux-gnu/libtxc_dxtn_s2tc.so.0 to provide /usr/lib/x86_64-linux-gnu/libtxc_dxtn.so (libtxc-dxtn-x86_64-linux-gnu) in auto mode\r\nSetting up libbsd0:amd64 (0.8.2-1ubuntu0.1) ...\r\nSetting up libdrm-common (2.4.91-2~16.04.1) ...\r\nSetting up libdrm2:amd64 (2.4.91-2~16.04.1) ...\r\nSetting up libedit2:amd64 (3.1-20150325-1ubuntu2) ...\r\nSetting up libelf1:amd64 (0.165-3ubuntu1.2) ...\r\nSetting up shared-mime-info (1.5-2ubuntu0.2) ...\r\nSetting up java-common (0.56ubuntu2) ...\r\nSetting up libavahi-common-data:amd64 (0.6.32~rc+dfsg-1ubuntu2.3) ...\r\nSetting up libavahi-common3:amd64 (0.6.32~rc+dfsg-1ubuntu2.3) ...\r\nSetting up libavahi-client3:amd64 (0.6.32~rc+dfsg-1ubuntu2.3) ...\r\nSetting up libcups2:amd64 (2.1.3-4ubuntu0.11) ...\r\nSetting up liblcms2-2:amd64 (2.6-3ubuntu2.1) ...\r\nSetting up libjpeg8:amd64 (8c-2ubuntu8) ...\r\nSetting up libnspr4:amd64 (2:4.13.1-0ubuntu0.16.04.1) ...\r\nSetting up libpcsclite1:amd64 (1.8.14-1ubuntu1.16.04.1) ...\r\nSetting up libxi6:amd64 (2:1.7.6-1) ...\r\nSetting up libxrender1:amd64 (1:0.9.9-0ubuntu1) ...\r\nSetting up fonts-dejavu-extra (2.35-1) ...\r\nSetting up hicolor-icon-theme (0.15-0ubuntu1.1) ...\r\nSetting up libatk1.0-data (2.18.0-1) ...\r\nSetting up libatk1.0-0:amd64 (2.18.0-1) ...\r\nSetting up libpixman-1-0:amd64 (0.33.6-1) ...\r\nSetting up libxcb-render0:amd64 (1.11.1-1ubuntu1) ...\r\nSetting up libxcb-shm0:amd64 (1.11.1-1ubuntu1) ...\r\nSetting up libcairo2:amd64 (1.14.6-1) ...\r\nSetting up libdatrie1:amd64 (0.2.10-2) ...\r\nSetting up libdrm-amdgpu1:amd64 (2.4.91-2~16.04.1) ...\r\nSetting up libpciaccess0:amd64 (0.13.4-1) ...\r\nSetting up libdrm-intel1:amd64 (2.4.91-2~16.04.1) ...\r\nSetting up libdrm-nouveau2:amd64 (2.4.91-2~16.04.1) ...\r\nSetting up libdrm-radeon1:amd64 (2.4.91-2~16.04.1) ...\r\nSetting up libtiff5:amd64 (4.0.6-1ubuntu0.7) ...\r\nSetting up libgdk-pixbuf2.0-common (2.32.2-1ubuntu1.6) ...\r\nSetting up libgdk-pixbuf2.0-0:amd64 (2.32.2-1ubuntu1.6) ...\r\nSetting up libgif7:amd64 (5.1.4-0.3~16.04.1) ...\r\nSetting up libglapi-mesa:amd64 (18.0.5-0ubuntu0~16.04.1) ...\r\nSetting up libllvm6.0:amd64 (1:6.0-1ubuntu2~16.04.1) ...\r\nSetting up libsensors4:amd64 (1:3.4.0-2) ...\r\nSetting up libgl1-mesa-dri:amd64 (18.0.5-0ubuntu0~16.04.1) ...\r\nSetting up libx11-xcb1:amd64 (2:1.6.3-1ubuntu2.1) ...\r\nSetting up libxcb-dri2-0:amd64 (1.11.1-1ubuntu1) ...\r\nSetting up libxcb-dri3-0:amd64 (1.11.1-1ubuntu1) ...\r\nSetting up libxcb-glx0:amd64 (1.11.1-1ubuntu1) ...\r\nSetting up libxcb-present0:amd64 (1.11.1-1ubuntu1) ...\r\nSetting up libxcb-sync1:amd64 (1.11.1-1ubuntu1) ...\r\nSetting up libgl1-mesa-glx:amd64 (18.0.5-0ubuntu0~16.04.1) ...\r\nupdate-alternatives: using /usr/lib/x86_64-linux-gnu/mesa/ld.so.conf to provide /etc/ld.so.conf.d/x86_64-linux-gnu_GL.conf (x86_64-linux-gnu_gl_conf) in auto mode\r\nSetting up libgraphite2-3:amd64 (1.3.10-0ubuntu0.16.04.1) ...\r\nSetting up libgtk2.0-common (2.24.30-1ubuntu1.16.04.2) ...\r\nSetting up libthai-data (0.1.24-2) ...\r\nSetting up libthai0:amd64 (0.1.24-2) ...\r\nSetting up libpango-1.0-0:amd64 (1.38.1-1) ...\r\nSetting up libharfbuzz0b:amd64 (1.0.1-1ubuntu0.1) ...\r\nSetting up libpangoft2-1.0-0:amd64 (1.38.1-1) ...\r\nSetting up libpangocairo-1.0-0:amd64 (1.38.1-1) ...\r\nSetting up libxcursor1:amd64 (1:1.1.14-1ubuntu0.16.04.2) ...\r\nSetting up libxrandr2:amd64 (2:1.5.0-1) ...\r\nSetting up libgtk2.0-0:amd64 (2.24.30-1ubuntu1.16.04.2) ...\r\nSetting up libgtk2.0-bin (2.24.30-1ubuntu1.16.04.2) ...\r\nSetting up xorg-sgml-doctools (1:1.11-1) ...\r\nSetting up x11proto-core-dev (7.0.31-1~ubuntu16.04.2) ...\r\nSetting up libice-dev:amd64 (2:1.0.9-1) ...\r\nSetting up libpthread-stubs0-dev:amd64 (0.3-4) ...\r\nSetting up libsm-dev:amd64 (2:1.2.2-1) ...\r\nSetting up libxau-dev:amd64 (1:1.0.8-1) ...\r\nSetting up libxdmcp-dev:amd64 (1:1.1.2-1.1) ...\r\nSetting up x11proto-input-dev (2.3.1-1) ...\r\nSetting up x11proto-kb-dev (1.0.7-0ubuntu1) ...\r\nSetting up xtrans-dev (1.3.5-1) ...\r\nSetting up libxcb1-dev:amd64 (1.11.1-1ubuntu1) ...\r\nSetting up libx11-dev:amd64 (2:1.6.3-1ubuntu2.1) ...\r\nSetting up libx11-doc (2:1.6.3-1ubuntu2.1) ...\r\nSetting up libxt6:amd64 (1:1.1.5-0ubuntu1) ...\r\nSetting up libxt-dev:amd64 (1:1.1.5-0ubuntu1) ...\r\nSetting up libnss3-nssdb (2:3.28.4-0ubuntu0.16.04.11) ...\r\nSetting up libnss3:amd64 (2:3.28.4-0ubuntu0.16.04.11) ...\r\nSetting up openjdk-8-jre-headless:amd64 (8u252-b09-1~16.04) ...\r\nupdate-alternatives: using /usr/lib/jvm/java-8-openjdk-amd64/jre/bin/rmid to provide /usr/bin/rmid (rmid) in auto mode\r\nupdate-alternatives: using /usr/lib/jvm/java-8-openjdk-amd64/jre/bin/java to provide /usr/bin/java (java) in auto mode\r\nupdate-alternatives: using /usr/lib/jvm/java-8-openjdk-amd64/jre/bin/keytool to provide /usr/bin/keytool (keytool) in auto mode\r\nupdate-alternatives: using /usr/lib/jvm/java-8-openjdk-amd64/jre/bin/jjs to provide /usr/bin/jjs (jjs) in auto mode\r\nupdate-alternatives: using /usr/lib/jvm/java-8-openjdk-amd64/jre/bin/pack200 to provide /usr/bin/pack200 (pack200) in auto mode\r\nupdate-alternatives: using /usr/lib/jvm/java-8-openjdk-amd64/jre/bin/rmiregistry to provide /usr/bin/rmiregistry (rmiregistry) in auto mode\r\nupdate-alternatives: using /usr/lib/jvm/java-8-openjdk-amd64/jre/bin/unpack200 to provide /usr/bin/unpack200 (unpack200) in auto mode\r\nupdate-alternatives: using /usr/lib/jvm/java-8-openjdk-amd64/jre/bin/orbd to provide /usr/bin/orbd (orbd) in auto mode\r\nupdate-alternatives: using /usr/lib/jvm/java-8-openjdk-amd64/jre/bin/servertool to provide /usr/bin/servertool (servertool) in auto mode\r\nupdate-alternatives: using /usr/lib/jvm/java-8-openjdk-amd64/jre/bin/tnameserv to provide /usr/bin/tnameserv (tnameserv) in auto mode\r\nupdate-alternatives: using /usr/lib/jvm/java-8-openjdk-amd64/jre/lib/jexec to provide /usr/bin/jexec (jexec) in auto mode\r\nSetting up ca-certificates-java (20160321ubuntu1) ...\r\nAdding debian:GDCA_TrustAUTH_R5_ROOT.pem\r\nAdding debian:GlobalSign_Root_CA_-_R6.pem\r\nAdding debian:OISTE_WISeKey_Global_Root_GC_CA.pem\r\nAdding debian:SSL.com_EV_Root_Certification_Authority_ECC.pem\r\nAdding debian:TrustCor_ECA-1.pem\r\nAdding debian:SSL.com_EV_Root_Certification_Authority_RSA_R2.pem\r\nAdding debian:SSL.com_Root_Certification_Authority_ECC.pem\r\nAdding debian:SSL.com_Root_Certification_Authority_RSA.pem\r\nAdding debian:TrustCor_RootCert_CA-1.pem\r\nAdding debian:TrustCor_RootCert_CA-2.pem\r\nAdding debian:ACCVRAIZ1.pem\r\nAdding debian:AC_RAIZ_FNMT-RCM.pem\r\nAdding debian:Actalis_Authentication_Root_CA.pem\r\nAdding debian:AffirmTrust_Commercial.pem\r\nAdding debian:AffirmTrust_Networking.pem\r\nAdding debian:AffirmTrust_Premium.pem\r\nAdding debian:AffirmTrust_Premium_ECC.pem\r\nAdding debian:Amazon_Root_CA_1.pem\r\nAdding debian:Amazon_Root_CA_2.pem\r\nAdding debian:Amazon_Root_CA_3.pem\r\nAdding debian:Amazon_Root_CA_4.pem\r\nAdding debian:Atos_TrustedRoot_2011.pem\r\nAdding debian:Autoridad_de_Certificacion_Firmaprofesional_CIF_A62634068.pem\r\nAdding debian:Baltimore_CyberTrust_Root.pem\r\nAdding debian:Buypass_Class_2_Root_CA.pem\r\nAdding debian:Buypass_Class_3_Root_CA.pem\r\nAdding debian:CA_Disig_Root_R2.pem\r\nAdding debian:CFCA_EV_ROOT.pem\r\nAdding debian:COMODO_Certification_Authority.pem\r\nAdding debian:COMODO_ECC_Certification_Authority.pem\r\nAdding debian:COMODO_RSA_Certification_Authority.pem\r\nAdding debian:Certigna.pem\r\nAdding debian:Certinomis_-_Root_CA.pem\r\nAdding debian:Certplus_Class_2_Primary_CA.pem\r\nAdding debian:Certum_Trusted_Network_CA.pem\r\nAdding debian:Certum_Trusted_Network_CA_2.pem\r\nAdding debian:Chambers_of_Commerce_Root_-_2008.pem\r\nAdding debian:Comodo_AAA_Services_root.pem\r\nAdding debian:Cybertrust_Global_Root.pem\r\nAdding debian:D-TRUST_Root_Class_3_CA_2_2009.pem\r\nAdding debian:D-TRUST_Root_Class_3_CA_2_EV_2009.pem\r\nAdding debian:DST_Root_CA_X3.pem\r\nAdding debian:Deutsche_Telekom_Root_CA_2.pem\r\nAdding debian:DigiCert_Assured_ID_Root_CA.pem\r\nAdding debian:DigiCert_Assured_ID_Root_G2.pem\r\nAdding debian:DigiCert_Assured_ID_Root_G3.pem\r\nAdding debian:DigiCert_Global_Root_CA.pem\r\nAdding debian:DigiCert_Global_Root_G2.pem\r\nAdding debian:DigiCert_Global_Root_G3.pem\r\nAdding debian:DigiCert_High_Assurance_EV_Root_CA.pem\r\nAdding debian:DigiCert_Trusted_Root_G4.pem\r\nAdding debian:E-Tugra_Certification_Authority.pem\r\nAdding debian:EC-ACC.pem\r\nAdding debian:EE_Certification_Centre_Root_CA.pem\r\nAdding debian:Entrust.net_Premium_2048_Secure_Server_CA.pem\r\nAdding debian:Entrust_Root_Certification_Authority.pem\r\nAdding debian:Entrust_Root_Certification_Authority_-_EC1.pem\r\nAdding debian:Entrust_Root_Certification_Authority_-_G2.pem\r\nAdding debian:GeoTrust_Global_CA.pem\r\nAdding debian:GeoTrust_Primary_Certification_Authority.pem\r\nAdding debian:GeoTrust_Primary_Certification_Authority_-_G2.pem\r\nAdding debian:GeoTrust_Primary_Certification_Authority_-_G3.pem\r\nAdding debian:GeoTrust_Universal_CA.pem\r\nAdding debian:GeoTrust_Universal_CA_2.pem\r\nAdding debian:GlobalSign_ECC_Root_CA_-_R4.pem\r\nAdding debian:GlobalSign_ECC_Root_CA_-_R5.pem\r\nAdding debian:GlobalSign_Root_CA.pem\r\nAdding debian:GlobalSign_Root_CA_-_R2.pem\r\nAdding debian:GlobalSign_Root_CA_-_R3.pem\r\nAdding debian:Global_Chambersign_Root_-_2008.pem\r\nAdding debian:Go_Daddy_Class_2_CA.pem\r\nAdding debian:Hongkong_Post_Root_CA_1.pem\r\nAdding debian:Go_Daddy_Root_Certificate_Authority_-_G2.pem\r\nAdding debian:Hellenic_Academic_and_Research_Institutions_ECC_RootCA_2015.pem\r\nAdding debian:Hellenic_Academic_and_Research_Institutions_RootCA_2011.pem\r\nAdding debian:Hellenic_Academic_and_Research_Institutions_RootCA_2015.pem\r\nAdding debian:ISRG_Root_X1.pem\r\nAdding debian:IdenTrust_Commercial_Root_CA_1.pem\r\nAdding debian:IdenTrust_Public_Sector_Root_CA_1.pem\r\nAdding debian:Izenpe.com.pem\r\nAdding debian:LuxTrust_Global_Root_2.pem\r\nAdding debian:Microsec_e-Szigno_Root_CA_2009.pem\r\nAdding debian:NetLock_Arany_=Class_Gold=_Ftanstvny.pem\r\nAdding debian:Network_Solutions_Certificate_Authority.pem\r\nAdding debian:OISTE_WISeKey_Global_Root_GA_CA.pem\r\nAdding debian:OISTE_WISeKey_Global_Root_GB_CA.pem\r\nAdding debian:QuoVadis_Root_CA.pem\r\nAdding debian:QuoVadis_Root_CA_1_G3.pem\r\nAdding debian:QuoVadis_Root_CA_2.pem\r\nAdding debian:QuoVadis_Root_CA_2_G3.pem\r\nAdding debian:QuoVadis_Root_CA_3.pem\r\nAdding debian:QuoVadis_Root_CA_3_G3.pem\r\nAdding debian:SZAFIR_ROOT_CA2.pem\r\nAdding debian:SecureSign_RootCA11.pem\r\nAdding debian:SecureTrust_CA.pem\r\nAdding debian:Secure_Global_CA.pem\r\nAdding debian:Security_Communication_RootCA2.pem\r\nAdding debian:Security_Communication_Root_CA.pem\r\nAdding debian:Sonera_Class_2_Root_CA.pem\r\nAdding debian:Staat_der_Nederlanden_EV_Root_CA.pem\r\nAdding debian:Staat_der_Nederlanden_Root_CA_-_G2.pem\r\nAdding debian:Staat_der_Nederlanden_Root_CA_-_G3.pem\r\nAdding debian:Starfield_Class_2_CA.pem\r\nAdding debian:Starfield_Root_Certificate_Authority_-_G2.pem\r\nAdding debian:Starfield_Services_Root_Certificate_Authority_-_G2.pem\r\nAdding debian:SwissSign_Gold_CA_-_G2.pem\r\nAdding debian:SwissSign_Silver_CA_-_G2.pem\r\nAdding debian:T-TeleSec_GlobalRoot_Class_2.pem\r\nAdding debian:T-TeleSec_GlobalRoot_Class_3.pem\r\nAdding debian:TUBITAK_Kamu_SM_SSL_Kok_Sertifikasi_-_Surum_1.pem\r\nAdding debian:TWCA_Global_Root_CA.pem\r\nAdding debian:TWCA_Root_Certification_Authority.pem\r\nAdding debian:Taiwan_GRCA.pem\r\nAdding debian:TeliaSonera_Root_CA_v1.pem\r\nAdding debian:Trustis_FPS_Root_CA.pem\r\nAdding debian:USERTrust_ECC_Certification_Authority.pem\r\nAdding debian:USERTrust_RSA_Certification_Authority.pem\r\nAdding debian:VeriSign_Class_3_Public_Primary_Certification_Authority_-_G4.pem\r\nAdding debian:VeriSign_Class_3_Public_Primary_Certification_Authority_-_G5.pem\r\nAdding debian:VeriSign_Universal_Root_Certification_Authority.pem\r\nAdding debian:Verisign_Class_3_Public_Primary_Certification_Authority_-_G3.pem\r\nAdding debian:XRamp_Global_CA_Root.pem\r\nAdding debian:certSIGN_ROOT_CA.pem\r\nAdding debian:ePKI_Root_Certification_Authority.pem\r\nAdding debian:thawte_Primary_Root_CA.pem\r\nAdding debian:thawte_Primary_Root_CA_-_G2.pem\r\nAdding debian:thawte_Primary_Root_CA_-_G3.pem\r\ndone.\r\nSetting up openjdk-8-jre:amd64 (8u252-b09-1~16.04) ...\r\nupdate-alternatives: using /usr/lib/jvm/java-8-openjdk-amd64/jre/bin/policytool to provide /usr/bin/policytool (policytool) in auto mode\r\nSetting up openjdk-8-jdk-headless:amd64 (8u252-b09-1~16.04) ...\r\nupdate-alternatives: using /usr/lib/jvm/java-8-openjdk-amd64/bin/idlj to provide /usr/bin/idlj (idlj) in auto mode\r\nupdate-alternatives: using /usr/lib/jvm/java-8-openjdk-amd64/bin/jdeps to provide /usr/bin/jdeps (jdeps) in auto mode\r\nupdate-alternatives: using /usr/lib/jvm/java-8-openjdk-amd64/bin/wsimport to provide /usr/bin/wsimport (wsimport) in auto mode\r\nupdate-alternatives: using /usr/lib/jvm/java-8-openjdk-amd64/bin/rmic to provide /usr/bin/rmic (rmic) in auto mode\r\nupdate-alternatives: using /usr/lib/jvm/java-8-openjdk-amd64/bin/jinfo to provide /usr/bin/jinfo (jinfo) in auto mode\r\nupdate-alternatives: using /usr/lib/jvm/java-8-openjdk-amd64/bin/jsadebugd to provide /usr/bin/jsadebugd (jsadebugd) in auto mode\r\nupdate-alternatives: using /usr/lib/jvm/java-8-openjdk-amd64/bin/native2ascii to provide /usr/bin/native2ascii (native2ascii) in auto mode\r\nupdate-alternatives: using /usr/lib/jvm/java-8-openjdk-amd64/bin/jstat to provide /usr/bin/jstat (jstat) in auto mode\r\nupdate-alternatives: using /usr/lib/jvm/java-8-openjdk-amd64/bin/javadoc to provide /usr/bin/javadoc (javadoc) in auto mode\r\nupdate-alternatives: using /usr/lib/jvm/java-8-openjdk-amd64/bin/javah to provide /usr/bin/javah (javah) in auto mode\r\nupdate-alternatives: using /usr/lib/jvm/java-8-openjdk-amd64/bin/clhsdb to provide /usr/bin/clhsdb (clhsdb) in auto mode\r\nupdate-alternatives: using /usr/lib/jvm/java-8-openjdk-amd64/bin/jstack to provide /usr/bin/jstack (jstack) in auto mode\r\nupdate-alternatives: using /usr/lib/jvm/java-8-openjdk-amd64/bin/jrunscript to provide /usr/bin/jrunscript (jrunscript) in auto mode\r\nupdate-alternatives: using /usr/lib/jvm/java-8-openjdk-amd64/bin/javac to provide /usr/bin/javac (javac) in auto mode\r\nupdate-alternatives: using /usr/lib/jvm/java-8-openjdk-amd64/bin/javap to provide /usr/bin/javap (javap) in auto mode\r\nupdate-alternatives: using /usr/lib/jvm/java-8-openjdk-amd64/bin/jar to provide /usr/bin/jar (jar) in auto mode\r\nupdate-alternatives: using /usr/lib/jvm/java-8-openjdk-amd64/bin/extcheck to provide /usr/bin/extcheck (extcheck) in auto mode\r\nupdate-alternatives: using /usr/lib/jvm/java-8-openjdk-amd64/bin/hsdb to provide /usr/bin/hsdb (hsdb) in auto mode\r\nupdate-alternatives: using /usr/lib/jvm/java-8-openjdk-amd64/bin/schemagen to provide /usr/bin/schemagen (schemagen) in auto mode\r\nupdate-alternatives: using /usr/lib/jvm/java-8-openjdk-amd64/bin/jps to provide /usr/bin/jps (jps) in auto mode\r\nupdate-alternatives: using /usr/lib/jvm/java-8-openjdk-amd64/bin/xjc to provide /usr/bin/xjc (xjc) in auto mode\r\nupdate-alternatives: using /usr/lib/jvm/java-8-openjdk-amd64/bin/jmap to provide /usr/bin/jmap (jmap) in auto mode\r\nupdate-alternatives: using /usr/lib/jvm/java-8-openjdk-amd64/bin/jstatd to provide /usr/bin/jstatd (jstatd) in auto mode\r\nupdate-alternatives: using /usr/lib/jvm/java-8-openjdk-amd64/bin/jhat to provide /usr/bin/jhat (jhat) in auto mode\r\nupdate-alternatives: using /usr/lib/jvm/java-8-openjdk-amd64/bin/jdb to provide /usr/bin/jdb (jdb) in auto mode\r\nupdate-alternatives: using /usr/lib/jvm/java-8-openjdk-amd64/bin/serialver to provide /usr/bin/serialver (serialver) in auto mode\r\nupdate-alternatives: using /usr/lib/jvm/java-8-openjdk-amd64/bin/wsgen to provide /usr/bin/wsgen (wsgen) in auto mode\r\nupdate-alternatives: using /usr/lib/jvm/java-8-openjdk-amd64/bin/jcmd to provide /usr/bin/jcmd (jcmd) in auto mode\r\nupdate-alternatives: using /usr/lib/jvm/java-8-openjdk-amd64/bin/jarsigner to provide /usr/bin/jarsigner (jarsigner) in auto mode\r\nSetting up openjdk-8-jdk:amd64 (8u252-b09-1~16.04) ...\r\nupdate-alternatives: using /usr/lib/jvm/java-8-openjdk-amd64/bin/appletviewer to provide /usr/bin/appletviewer (appletviewer) in auto mode\r\nupdate-alternatives: using /usr/lib/jvm/java-8-openjdk-amd64/bin/jconsole to provide /usr/bin/jconsole (jconsole) in auto mode\r\nProcessing triggers for libc-bin (2.23-0ubuntu11) ...\r\nProcessing triggers for systemd (229-4ubuntu21.22) ...\r\nProcessing triggers for ca-certificates (20190110~16.04.1) ...\r\nUpdating certificates in /etc/ssl/certs...\r\n0 added, 0 removed; done.\r\nRunning hooks in /etc/ca-certificates/update.d...\r\n\r\ndone.\r\ndone.\r\nRemoving intermediate container 07452644268c\n ---> 58dfb62da9ef\nStep 4/62 : RUN apt-get install -y --no-install-recommends bash-completion g++ zlib1g-dev\n ---> Running in 06648e840693\nReading package lists...\nBuilding dependency tree...\nReading state information...\ng++ is already the newest version (4:5.3.1-1ubuntu1).\ng++ set to manually installed.\nzlib1g-dev is already the newest version (1:1.2.8.dfsg-2ubuntu4.3).\nThe following NEW packages will be installed:\n  bash-completion\n0 upgraded, 1 newly installed, 0 to remove and 36 not upgraded.\nNeed to get 152 kB of archives.\nAfter this operation, 1256 kB of additional disk space will be used.\nGet:1 http://archive.ubuntu.com/ubuntu xenial-updates/main amd64 bash-completion all 1:2.1-4.2ubuntu1.1 [152 kB]\n\u001b[91mdebconf: delaying package configuration, since apt-utils is not installed\n\u001b[0mFetched 152 kB in 0s (264 kB/s)\nSelecting previously unselected package bash-completion.\r\n(Reading database ... \r(Reading database ... 5%\r(Reading database ... 10%\r(Reading database ... 15%\r(Reading database ... 20%\r(Reading database ... 25%\r(Reading database ... 30%\r(Reading database ... 35%\r(Reading database ... 40%\r(Reading database ... 45%\r(Reading database ... 50%\r(Reading database ... 55%\r(Reading database ... 60%\r(Reading database ... 65%\r(Reading database ... 70%\r(Reading database ... 75%\r(Reading database ... 80%\r(Reading database ... 85%\r(Reading database ... 90%\r(Reading database ... 95%\r(Reading database ... 100%\r(Reading database ... 35499 files and directories currently installed.)\r\nPreparing to unpack .../bash-completion_1%3a2.1-4.2ubuntu1.1_all.deb ...\r\nUnpacking bash-completion (1:2.1-4.2ubuntu1.1) ...\r\nReplaced by files in installed package apt (1.2.32) ...\r\nSetting up bash-completion (1:2.1-4.2ubuntu1.1) ...\r\nRemoving intermediate container 06648e840693\n ---> 7563572cd16e\nStep 5/62 : RUN curl -LO \"https://github.com/bazelbuild/bazel/releases/download/0.11.1/bazel_0.11.1-linux-x86_64.deb\"\n ---> Running in 7bb937ed1df0\n\u001b[91m  % Total    % Received % Xferd  Average Speed   Time    Time     Time  Current\n                                 Dload  Upl\u001b[0m\u001b[91moad   Total \u001b[0m\u001b[91m  Spent    Left  Speed\n\r  0     0    0     0    0     0      0      0 --:--:-- --:--:-- --:--:\u001b[0m\u001b[91m--     0\u001b[0m\u001b[91m\r100   640  100   640    0     0   1373      0 --:--:-- --:--:-- --:--:--  1376\n\u001b[0m\u001b[91m\r  0 84.1M    0  237k    0     0   259k      0  0:05:32 --:--:--  0:05:32  259k\u001b[0m\u001b[91m\r 85 84.1M   85 72.2M    0     0  37.7M      0  0:00:02  0:0\u001b[0m\u001b[91m0:01  0:00:01 72.2M\u001b[0m\u001b[91m\r100 84.1M  100 84.1M    0     0  40.7M      0  0:00:02  0:00:02 --:--:-- 73.2M\n\u001b[0mRemoving intermediate container 7bb937ed1df0\n ---> c425795a97b7\nStep 6/62 : RUN dpkg -i bazel_*.deb\n ---> Running in cbddd0c1f052\nSelecting previously unselected package bazel.\n(Reading database ... 36076 files and directories currently installed.)\nPreparing to unpack bazel_0.11.1-linux-x86_64.deb ...\nUnpacking bazel (0.11.1) ...\nSetting up bazel (0.11.1) ...\nRemoving intermediate container cbddd0c1f052\n ---> 5011f76d3cd6\nStep 7/62 : RUN apt-get install -y cuda-command-line-tools-9-0\n ---> Running in 34e294118a96\nReading package lists...\nBuilding dependency tree...\nReading state information...\ncuda-command-line-tools-9-0 is already the newest version (9.0.176-1).\n0 upgraded, 0 newly installed, 0 to remove and 36 not upgraded.\nRemoving intermediate container 34e294118a96\n ---> 61ec31a8d8c2\nStep 8/62 : RUN wget https://bootstrap.pypa.io/get-pip.py &&     python get-pip.py &&     rm get-pip.py\n ---> Running in b20b0944dd78\n\u001b[91m--2020-07-03 18:08:45--  https://bootstrap.pypa.io/get-pip.py\n\u001b[0m\u001b[91mResolving bootstrap.pypa.io (bootstrap.pypa.io)... \u001b[0m\u001b[91m151.101.184.175, 2a04:4e42:2c::175\nConnecting to bootstrap.pypa.io (bootstrap.pypa.io)|151.101.184.175|:443... \u001b[0m\u001b[91mconnected.\n\u001b[0m\u001b[91mHTTP request sent, awaiting response... \u001b[0m\u001b[91m200 OK\nLength: 1869136 (1.8M) [text/x-python]\n\u001b[0m\u001b[91mSaving to: 'get-pip.py'\n\u001b[0m\u001b[91m\n     0K ....\u001b[0m\u001b[91m..\u001b[0m\u001b[91m..\u001b[0m\u001b[91m..\u001b[0m\u001b[91m ..\u001b[0m\u001b[91m.....\u001b[0m\u001b[91m... .\u001b[0m\u001b[91m....\u001b[0m\u001b[91m...\u001b[0m\u001b[91m.\u001b[0m\u001b[91m.\u001b[0m\u001b[91m ...\u001b[0m\u001b[91m...\u001b[0m\u001b[91m.\u001b[0m\u001b[91m.\u001b[0m\u001b[91m.. .\u001b[0m\u001b[91m.\u001b[0m\u001b[91m..\u001b[0m\u001b[91m..\u001b[0m\u001b[91m..\u001b[0m\u001b[91m.\u001b[0m\u001b[91m.  2% 1.31M 1s\u001b[0m\u001b[91m\n    50K ...\u001b[0m\u001b[91m.\u001b[0m\u001b[91m...\u001b[0m\u001b[91m...\u001b[0m\u001b[91m .\u001b[0m\u001b[91m.\u001b[0m\u001b[91m...\u001b[0m\u001b[91m.\u001b[0m\u001b[91m...\u001b[0m\u001b[91m.\u001b[0m\u001b[91m ..\u001b[0m\u001b[91m.\u001b[0m\u001b[91m.\u001b[0m\u001b[91m...\u001b[0m\u001b[91m...\u001b[0m\u001b[91m .\u001b[0m\u001b[91m...\u001b[0m\u001b[91m.\u001b[0m\u001b[91m..\u001b[0m\u001b[91m..\u001b[0m\u001b[91m. .\u001b[0m\u001b[91m....\u001b[0m\u001b[91m.\u001b[0m\u001b[91m.\u001b[0m\u001b[91m...\u001b[0m\u001b[91m  5% 2.90M\u001b[0m\u001b[91m 1s\n   100K .\u001b[0m\u001b[91m..\u001b[0m\u001b[91m..\u001b[0m\u001b[91m..\u001b[0m\u001b[91m.\u001b[0m\u001b[91m.. .\u001b[0m\u001b[91m.\u001b[0m\u001b[91m.\u001b[0m\u001b[91m....\u001b[0m\u001b[91m..\u001b[0m\u001b[91m.\u001b[0m\u001b[91m ....\u001b[0m\u001b[91m.\u001b[0m\u001b[91m..\u001b[0m\u001b[91m..\u001b[0m\u001b[91m. ..\u001b[0m\u001b[91m.\u001b[0m\u001b[91m...\u001b[0m\u001b[91m...\u001b[0m\u001b[91m.\u001b[0m\u001b[91m ...\u001b[0m\u001b[91m..\u001b[0m\u001b[91m..\u001b[0m\u001b[91m.\u001b[0m\u001b[91m..  8% 6.85M 1s\n   150K .\u001b[0m\u001b[91m..\u001b[0m\u001b[91m..\u001b[0m\u001b[91m..... ...\u001b[0m\u001b[91m...\u001b[0m\u001b[91m.\u001b[0m\u001b[91m... .\u001b[0m\u001b[91m.\u001b[0m\u001b[91m...\u001b[0m\u001b[91m.....\u001b[0m\u001b[91m ..\u001b[0m\u001b[91m.\u001b[0m\u001b[91m....\u001b[0m\u001b[91m...\u001b[0m\u001b[91m .\u001b[0m\u001b[91m.\u001b[0m\u001b[91m..\u001b[0m\u001b[91m.\u001b[0m\u001b[91m.\u001b[0m\u001b[91m..\u001b[0m\u001b[91m.\u001b[0m\u001b[91m. 10% 4.05M 1s\u001b[0m\u001b[91m\n   200K ..\u001b[0m\u001b[91m.\u001b[0m\u001b[91m....\u001b[0m\u001b[91m.\u001b[0m\u001b[91m.. .\u001b[0m\u001b[91m...\u001b[0m\u001b[91m..\u001b[0m\u001b[91m....\u001b[0m\u001b[91m ..\u001b[0m\u001b[91m.\u001b[0m\u001b[91m....\u001b[0m\u001b[91m.\u001b[0m\u001b[91m.. .\u001b[0m\u001b[91m.\u001b[0m\u001b[91m..\u001b[0m\u001b[91m..\u001b[0m\u001b[91m..\u001b[0m\u001b[91m.\u001b[0m\u001b[91m. ..\u001b[0m\u001b[91m.\u001b[0m\u001b[91m..\u001b[0m\u001b[91m....\u001b[0m\u001b[91m. 13% 5.58M 1s\n   250K \u001b[0m\u001b[91m.\u001b[0m\u001b[91m...\u001b[0m\u001b[91m.\u001b[0m\u001b[91m....\u001b[0m\u001b[91m. ...\u001b[0m\u001b[91m..\u001b[0m\u001b[91m....\u001b[0m\u001b[91m.\u001b[0m\u001b[91m ...\u001b[0m\u001b[91m.\u001b[0m\u001b[91m.\u001b[0m\u001b[91m...\u001b[0m\u001b[91m.\u001b[0m\u001b[91m. ..\u001b[0m\u001b[91m...\u001b[0m\u001b[91m.\u001b[0m\u001b[91m...\u001b[0m\u001b[91m.\u001b[0m\u001b[91m ....\u001b[0m\u001b[91m.\u001b[0m\u001b[91m..\u001b[0m\u001b[91m..\u001b[0m\u001b[91m. 16% 5.47M 0s\n   300K .\u001b[0m\u001b[91m.....\u001b[0m\u001b[91m.\u001b[0m\u001b[91m...\u001b[0m\u001b[91m .\u001b[0m\u001b[91m..\u001b[0m\u001b[91m....\u001b[0m\u001b[91m..\u001b[0m\u001b[91m.\u001b[0m\u001b[91m .......... ......\u001b[0m\u001b[91m.... .......... 19% 5.25M 0s\n   350K ..\u001b[0m\u001b[91m........ ........\u001b[0m\u001b[91m.. .......... ....\u001b[0m\u001b[91m...... .......... 21% 7.03M 0s\u001b[0m\u001b[91m\n   400K .......... ......\u001b[0m\u001b[91m.... .......... ..\u001b[0m\u001b[91m........ ........\u001b[0m\u001b[91m.. 24% 4.55M 0s\n   450K .......... ....\u001b[0m\u001b[91m...... ..........\u001b[0m\u001b[91m .......... ......\u001b[0m\u001b[91m.... 27% 6.32M 0s\n   500K .......... ..\u001b[0m\u001b[91m........ ........\u001b[0m\u001b[91m.. ....\u001b[0m\u001b[91m...... .......... 30% 6.72M 0s\u001b[0m\u001b[91m\n   550K .......... ......\u001b[0m\u001b[91m.... .......... ..\u001b[0m\u001b[91m........ ........\u001b[0m\u001b[91m.. 32% 5.36M 0s\n   600K .......... ....\u001b[0m\u001b[91m...... ..........\u001b[0m\u001b[91m .......... ......\u001b[0m\u001b[91m.... 35% 5.68M 0s\n   650K .......... ..\u001b[0m\u001b[91m........ ........\u001b[0m\u001b[91m.. .......... ....\u001b[0m\u001b[91m...... 38% 8.26M 0s\n   700K ..........\u001b[0m\u001b[91m .......... ......\u001b[0m\u001b[91m.... .......... ..\u001b[0m\u001b[91m........ 41% 7.80M 0s\n   750K ........\u001b[0m\u001b[91m.. .......... ....\u001b[0m\u001b[91m...... ..........\u001b[0m\u001b[91m .......... 43% 5.91M 0s\n   800K ......\u001b[0m\u001b[91m.... .......... ..\u001b[0m\u001b[91m........ ........\u001b[0m\u001b[91m.. .......... 46% 8.31M 0s\n   850K ....\u001b[0m\u001b[91m...... ..........\u001b[0m\u001b[91m .......... ......\u001b[0m\u001b[91m.... .......... 49% 7.55M 0s\n   900K ..\u001b[0m\u001b[91m........ ........\u001b[0m\u001b[91m.. .......... ....\u001b[0m\u001b[91m...... .......... 52% 6.81M 0s\u001b[0m\u001b[91m\n   950K ........\u001b[0m\u001b[91m.. ......\u001b[0m\u001b[91m.... .......... ..\u001b[0m\u001b[91m........ ........\u001b[0m\u001b[91m.. 54% 6.98M 0s\n  1000K .......... ....\u001b[0m\u001b[91m...... ..........\u001b[0m\u001b[91m .......... ....\u001b[0m\u001b[91m..\u001b[0m\u001b[91m.... 57% 6.50M 0s\n  1050K .......... ..\u001b[0m\u001b[91m........ ........\u001b[0m\u001b[91m.. .......... ....\u001b[0m\u001b[91m...... 60% 8.26M 0s\n  1100K ..........\u001b[0m\u001b[91m .......... ......\u001b[0m\u001b[91m.... .......... ..\u001b[0m\u001b[91m........ 63% 9.66M 0s\n  1150K ........\u001b[0m\u001b[91m.. .......... ....\u001b[0m\u001b[91m...... ..........\u001b[0m\u001b[91m .......... 65% 6.32M 0s\n  1200K ......\u001b[0m\u001b[91m.... .......... ..\u001b[0m\u001b[91m........ ........\u001b[0m\u001b[91m.. ........\u001b[0m\u001b[91m.. 68% 7.06M 0s\n  1250K .......... ....\u001b[0m\u001b[91m...... ..........\u001b[0m\u001b[91m .......... ......\u001b[0m\u001b[91m.... 71% 11.8M 0s\n  1300K .......... ..\u001b[0m\u001b[91m........ ........\u001b[0m\u001b[91m.. .......... ....\u001b[0m\u001b[91m...... 73% 6.56M 0s\n  1350K ..\u001b[0m\u001b[91m........\u001b[0m\u001b[91m .......... ......\u001b[0m\u001b[91m.... .......... ..\u001b[0m\u001b[91m........ 76% 8.80M 0s\n  1400K ........\u001b[0m\u001b[91m.. .......... ....\u001b[0m\u001b[91m...... ..........\u001b[0m\u001b[91m .......... 79% 10.1M 0s\n  1450K ......\u001b[0m\u001b[91m.... ..\u001b[0m\u001b[91m........ ........\u001b[0m\u001b[91m.. .......... ...\u001b[0m\u001b[91m.\u001b[0m\u001b[91m...... 82% 6.18M 0s\n  1500K ..........\u001b[0m\u001b[91m .......... ......\u001b[0m\u001b[91m.... .......... ..\u001b[0m\u001b[91m........ 84% 11.0M 0s\n  1550K ........\u001b[0m\u001b[91m.. .......... ....\u001b[0m\u001b[91m...... ..........\u001b[0m\u001b[91m .......... 87% 8.72M 0s\n  1600K ......\u001b[0m\u001b[91m.... .......... ..\u001b[0m\u001b[91m........ ........\u001b[0m\u001b[91m.. .......... 90% 10.8M 0s\n  1650K ....\u001b[0m\u001b[91m...... ..........\u001b[0m\u001b[91m ........\u001b[0m\u001b[91m.. ......\u001b[0m\u001b[91m.... .......... 93% 7.61M 0s\n  1700K ..\u001b[0m\u001b[91m........ ........\u001b[0m\u001b[91m.. .......... ....\u001b[0m\u001b[91m...... .......... 95% 10.2M 0s\u001b[0m\u001b[91m\n  1750K .......... ......\u001b[0m\u001b[91m.... .......... ..\u001b[0m\u001b[91m........ ........\u001b[0m\u001b[91m.. 98% 8.56M 0s\n  1800K ......\u001b[0m\u001b[91m.... ....\u001b[0m\u001b[91m...... .....                           100% 24.5M=0.3s\n\n\u001b[0m\u001b[91m2020-07-03 18:08:45 (6.08 MB/s) - 'get-pip.py' saved [1869136/1869136]\n\n\u001b[0m\u001b[91mDEPRECATION: Python 2.7 reached the end of its life on January 1st, 2020. Please upgrade your Python as Python 2.7 is no longer maintained. pip 21.0 will drop support for Python 2.7 in January 2021. More details about Python 2 support in pip, can be found at https://pip.pypa.io/en/latest/development/release-process/#python-2-support\n\u001b[0mCollecting pip\n  Downloading pip-20.1.1-py2.py3-none-any.whl (1.5 MB)\nCollecting setuptools\n  Downloading setuptools-44.1.1-py2.py3-none-any.whl (583 kB)\nInstalling collected packages: pip, setuptools\n  Attempting uninstall: pip\n    Found existing installation: pip 8.1.1\n    Uninstalling pip-8.1.1:\n      Successfully uninstalled pip-8.1.1\nSuccessfully installed pip-20.1.1 setuptools-44.1.1\nRemoving intermediate container b20b0944dd78\n ---> e7484cadc1be\nStep 9/62 : RUN git clone https://github.com/mozilla/tensorflow/\n ---> Running in 5c5092c341a6\n\u001b[91mCloning into 'tensorflow'...\n\u001b[0m\u001b[91mChecking out files:   7% (1255/16472)   \r\u001b[0m\u001b[91mChecking out files:   8% (1318/16472)   \r\u001b[0m\u001b[91mChecking out files:   9% (1483/16472)   \r\u001b[0m\u001b[91mChecking out files:  10% (1648/16472)   \r\u001b[0m\u001b[91mChecking out files:  11% (1812/16472)   \r\u001b[0m\u001b[91mChecking out files:  12% (1977/16472)   \r\u001b[0m\u001b[91mChecking out files:  13% (2142/16472)   \r\u001b[0m\u001b[91mChecking out files:  14% (2307/16472)   \r\u001b[0m\u001b[91mChecking out files:  14% (2432/16472)   \r\u001b[0m\u001b[91mChecking out files:  15% (2471/16472)   \r\u001b[0m\u001b[91mChecking out files:  16% (2636/16472)   \r\u001b[0m\u001b[91mChecking out files:  17% (2801/16472)   \r\u001b[0m\u001b[91mChecking out files:  18% (2965/16472)   \r\u001b[0m\u001b[91mChecking out files:  19% (3130/16472)   \r\u001b[0m\u001b[91mChecking out files:  20% (3295/16472)   \r\u001b[0m\u001b[91mChecking out files:  21% (3460/16472)   \r\u001b[0m\u001b[91mChecking out files:  22% (3624/16472)   \r\u001b[0m\u001b[91mChecking out files:  22% (3739/16472)   \r\u001b[0m\u001b[91mChecking out files:  23% (3789/16472)   \r\u001b[0m\u001b[91mChecking out files:  24% (3954/16472)   \r\u001b[0m\u001b[91mChecking out files:  25% (4118/16472)   \r\u001b[0m\u001b[91mChecking out files:  26% (4283/16472)   \r\u001b[0m\u001b[91mChecking out files:  27% (4448/16472)   \r\u001b[0m\u001b[91mChecking out files:  28% (4613/16472)   \r\u001b[0m\u001b[91mChecking out files:  29% (4777/16472)   \r\u001b[0m\u001b[91mChecking out files:  30% (4942/16472)   \r\u001b[0m\u001b[91mChecking out files:  31% (5107/16472)   \r\u001b[0m\u001b[91mChecking out files:  32% (5272/16472)   \r\u001b[0m\u001b[91mChecking out files:  33% (5436/16472)   \r\u001b[0m\u001b[91mChecking out files:  34% (5601/16472)   \r\u001b[0m\u001b[91mChecking out files:  35% (5766/16472)   \r\u001b[0m\u001b[91mChecking out files:  36% (5930/16472)   \r\u001b[0m\u001b[91mChecking out files:  37% (6095/16472)   \r\u001b[0m\u001b[91mChecking out files:  38% (6260/16472)   \r\u001b[0m\u001b[91mChecking out files:  39% (6425/16472)   \r\u001b[0m\u001b[91mChecking out files:  40% (6589/16472)   \r\u001b[0m\u001b[91mChecking out files:  41% (6754/16472)   \r\u001b[0m\u001b[91mChecking out files:  42% (6919/16472)   \r\u001b[0m\u001b[91mChecking out files:  43% (7083/16472)   \r\u001b[0m\u001b[91mChecking out files:  44% (7248/16472)   \r\u001b[0m\u001b[91mChecking out files:  45% (7413/16472)   \r\u001b[0m\u001b[91mChecking out files:  46% (7578/16472)   \r\u001b[0m\u001b[91mChecking out files:  47% (7742/16472)   \r\u001b[0m\u001b[91mChecking out files:  48% (7907/16472)   \r\u001b[0m\u001b[91mChecking out files:  49% (8072/16472)   \r\u001b[0m\u001b[91mChecking out files:  50% (8236/16472)   \r\u001b[0m\u001b[91mChecking out files:  50% (8323/16472)   \r\u001b[0m\u001b[91mChecking out files:  51% (8401/16472)   \r\u001b[0m\u001b[91mChecking out files:  52% (8566/16472)   \r\u001b[0m\u001b[91mChecking out files:  53% (8731/16472)   \r\u001b[0m\u001b[91mChecking out files:  54% (8895/16472)   \r\u001b[0m\u001b[91mChecking out files:  55% (9060/16472)   \r\u001b[0m\u001b[91mChecking out files:  56% (9225/16472)   \r\u001b[0m\u001b[91mChecking out files:  57% (9390/16472)   \r\u001b[0m\u001b[91mChecking out files:  58% (9554/16472)   \r\u001b[0m\u001b[91mChecking out files:  58% (9556/16472)   \r\u001b[0m\u001b[91mChecking out files:  59% (9719/16472)   \r\u001b[0m\u001b[91mChecking out files:  60% (9884/16472)   \r\u001b[0m\u001b[91mChecking out files:  61% (10048/16472)   \r\u001b[0m\u001b[91mChecking out files:  62% (10213/16472)   \r\u001b[0m\u001b[91mChecking out files:  63% (10378/16472)   \r\u001b[0m\u001b[91mChecking out files:  64% (10543/16472)   \r\u001b[0m\u001b[91mChecking out files:  65% (10707/16472)   \r\u001b[0m\u001b[91mChecking out files:  66% (10872/16472)   \r\u001b[0m\u001b[91mChecking out files:  67% (11037/16472)   \r\u001b[0m\u001b[91mChecking out files:  68% (11201/16472)   \r\u001b[0m\u001b[91mChecking out files:  69% (11366/16472)   \r\u001b[0m\u001b[91mChecking out files:  70% (11531/16472)   \r\u001b[0m\u001b[91mChecking out files:  70% (11543/16472)   \r\u001b[0m\u001b[91mChecking out files:  71% (11696/16472)   \r\u001b[0m\u001b[91mChecking out files:  72% (11860/16472)   \r\u001b[0m\u001b[91mChecking out files:  73% (12025/16472)   \r\u001b[0m\u001b[91mChecking out files:  74% (12190/16472)   \r\u001b[0m\u001b[91mChecking out files:  75% (12354/16472)   \r\u001b[0m\u001b[91mChecking out files:  76% (12519/16472)   \r\u001b[0m\u001b[91mChecking out files:  77% (12684/16472)   \r\u001b[0m\u001b[91mChecking out files:  78% (12849/16472)   \r\u001b[0m\u001b[91mChecking out files:  79% (13013/16472)   \r\u001b[0m\u001b[91mChecking out files:  80% (13178/16472)   \r\u001b[0m\u001b[91mChecking out files:  81% (13343/16472)   \r\u001b[0m\u001b[91mChecking out files:  82% (13508/16472)   \r\u001b[0m\u001b[91mChecking out files:  83% (13672/16472)   \r\u001b[0m\u001b[91mChecking out files:  84% (13837/16472)   \r\u001b[0m\u001b[91mChecking out files:  84% (13986/16472)   \r\u001b[0m\u001b[91mChecking out files:  85% (14002/16472)   \r\u001b[0m\u001b[91mChecking out files:  86% (14166/16472)   \r\u001b[0m\u001b[91mChecking out files:  87% (14331/16472)   \r\u001b[0m\u001b[91mChecking out files:  88% (14496/16472)   \r\u001b[0m\u001b[91mChecking out files:  89% (14661/16472)   \r\u001b[0m\u001b[91mChecking out files:  90% (14825/16472)   \r\u001b[0m\u001b[91mChecking out files:  91% (14990/16472)   \r\u001b[0m\u001b[91mChecking out files:  92% (15155/16472)   \r\u001b[0m\u001b[91mChecking out files:  93% (15319/16472)   \r\u001b[0m\u001b[91mChecking out files:  94% (15484/16472)   \r\u001b[0m\u001b[91mChecking out files:  95% (15649/16472)   \r\u001b[0m\u001b[91mChecking out files:  96% (15814/16472)   \r\u001b[0m\u001b[91mChecking out files:  97% (15978/16472)   \r\u001b[0m\u001b[91mChecking out files:  98% (16143/16472)   \r\u001b[0m\u001b[91mChecking out files:  99% (16308/16472)   \r\u001b[0m\u001b[91mChecking out files: 100% (16472/16472)   \r\u001b[0m\u001b[91mChecking out files: 100% (16472/16472), done.\n\u001b[0mRemoving intermediate container 5c5092c341a6\n ---> 4c23b05ee471\nStep 10/62 : WORKDIR /tensorflow\nRemoving intermediate container e0b1c89f8097\n ---> 849b6187eb71\nStep 11/62 : RUN git checkout r1.6\n ---> Running in f650a6832634\n\u001b[91mSwitched to a new branch 'r1.6'\n\u001b[0mBranch r1.6 set up to track remote branch r1.6 from origin.\nRemoving intermediate container f650a6832634\n ---> e998c3fa1301\nStep 12/62 : ENV TF_NEED_CUDA 1\n ---> Running in 674ea526d657\nRemoving intermediate container 674ea526d657\n ---> 37cae214d27c\nStep 13/62 : ENV CUDA_TOOLKIT_PATH /usr/local/cuda\n ---> Running in 23c993513054\nRemoving intermediate container 23c993513054\n ---> b9026fdd3509\nStep 14/62 : ENV CUDA_PKG_VERSION 9-0=9.0.176-1\n ---> Running in f4ea5a1dff1f\nRemoving intermediate container f4ea5a1dff1f\n ---> e8436134e1f7\nStep 15/62 : ENV CUDA_VERSION 9.0.176\n ---> Running in ab10071273bd\nRemoving intermediate container ab10071273bd\n ---> a94119440125\nStep 16/62 : ENV TF_CUDA_VERSION 9.0\n ---> Running in ee830c4ec9d7\nRemoving intermediate container ee830c4ec9d7\n ---> 4190c933aa30\nStep 17/62 : ENV TF_CUDNN_VERSION 7.1.1\n ---> Running in b919eb0f5344\nRemoving intermediate container b919eb0f5344\n ---> 724d6ef6d613\nStep 18/62 : ENV CUDNN_INSTALL_PATH /usr/lib/x86_64-linux-gnu/\n ---> Running in 925406f28d86\nRemoving intermediate container 925406f28d86\n ---> 09c5de69001a\nStep 19/62 : ENV TF_CUDA_COMPUTE_CAPABILITIES 6.0\n ---> Running in 9f012cfd2e5b\nRemoving intermediate container 9f012cfd2e5b\n ---> dfd59cb49580\nStep 20/62 : ENV TF_BUILD_CONTAINER_TYPE GPU\n ---> Running in 0d0135ec5aac\nRemoving intermediate container 0d0135ec5aac\n ---> 2960fa8f9413\nStep 21/62 : ENV TF_BUILD_OPTIONS OPT\n ---> Running in 5d26b6e4285d\nRemoving intermediate container 5d26b6e4285d\n ---> 985010b2deb5\nStep 22/62 : ENV TF_BUILD_DISABLE_GCP 1\n ---> Running in e8bb9649a3c7\nRemoving intermediate container e8bb9649a3c7\n ---> dac86673e6ab\nStep 23/62 : ENV TF_BUILD_ENABLE_XLA 0\n ---> Running in 32d7575e7c55\nRemoving intermediate container 32d7575e7c55\n ---> 0008202c4d47\nStep 24/62 : ENV TF_BUILD_PYTHON_VERSION PYTHON2\n ---> Running in 14446d94be00\nRemoving intermediate container 14446d94be00\n ---> 011bd04d82e5\nStep 25/62 : ENV TF_BUILD_IS_OPT OPT\n ---> Running in 251841ee7379\nRemoving intermediate container 251841ee7379\n ---> 0ca324b7a6da\nStep 26/62 : ENV TF_BUILD_IS_PIP PIP\n ---> Running in e25a631bbe43\nRemoving intermediate container e25a631bbe43\n ---> d95cc5223ded\nStep 27/62 : ENV CC_OPT_FLAGS -mavx -mavx2 -msse4.1 -msse4.2 -mfma\n ---> Running in b7604da7fe2c\nRemoving intermediate container b7604da7fe2c\n ---> 847eef8f8657\nStep 28/62 : ENV TF_NEED_GCP 0\n ---> Running in 9061db5daa20\nRemoving intermediate container 9061db5daa20\n ---> 5c034b629242\nStep 29/62 : ENV TF_NEED_HDFS 0\n ---> Running in 63e565172342\nRemoving intermediate container 63e565172342\n ---> 74d1d810e738\nStep 30/62 : ENV TF_NEED_JEMALLOC 1\n ---> Running in 8fd52b0237af\nRemoving intermediate container 8fd52b0237af\n ---> 5937d3e66365\nStep 31/62 : ENV TF_NEED_OPENCL 0\n ---> Running in 523ae19001f1\nRemoving intermediate container 523ae19001f1\n ---> 42df9cc1ef13\nStep 32/62 : ENV TF_CUDA_CLANG 0\n ---> Running in 5e27aefaf26a\nRemoving intermediate container 5e27aefaf26a\n ---> a05f9b47639f\nStep 33/62 : ENV TF_NEED_MKL 0\n ---> Running in f8c9fd61e484\nRemoving intermediate container f8c9fd61e484\n ---> ba7d1c465e01\nStep 34/62 : ENV TF_ENABLE_XLA 0\n ---> Running in fa905d1d4743\nRemoving intermediate container fa905d1d4743\n ---> 3397c86817ca\nStep 35/62 : ENV PYTHON_BIN_PATH /usr/bin/python2.7\n ---> Running in 1450609fb4e1\nRemoving intermediate container 1450609fb4e1\n ---> e5708e55572e\nStep 36/62 : ENV PYTHON_LIB_PATH /usr/lib/python2.7/dist-packages\n ---> Running in ef27249de24d\nRemoving intermediate container ef27249de24d\n ---> 2cb3c650a300\nStep 37/62 : RUN echo \"startup --batch\" >>/etc/bazel.bazelrc\n ---> Running in 05dc310b3371\nRemoving intermediate container 05dc310b3371\n ---> ee653c3a347d\nStep 38/62 : RUN echo \"build --spawn_strategy=standalone --genrule_strategy=standalone\"     >>/etc/bazel.bazelrc\n ---> Running in c6121dabcc48\nRemoving intermediate container c6121dabcc48\n ---> 3fcc3c187675\nStep 39/62 : RUN ln -s /usr/local/cuda/lib64/stubs/libcuda.so /usr/local/cuda/lib64/stubs/libcuda.so.1\n ---> Running in b37e227e8414\nRemoving intermediate container b37e227e8414\n ---> e459a5eaaf9c\nStep 40/62 : RUN cp /usr/include/cudnn.h /usr/local/cuda/include/cudnn.h\n ---> Running in b9f7873a1457\nRemoving intermediate container b9f7873a1457\n ---> a2311621c3e2\nStep 41/62 : ENV LD_LIBRARY_PATH $LD_LIBRARY_PATH:/usr/local/cuda/extras/CUPTI/lib64:/usr/local/cuda/lib64:/usr/lib/x86_64-linux-gnu/:/usr/local/cuda/lib64/stubs/\n ---> Running in cc65a7a20813\nRemoving intermediate container cc65a7a20813\n ---> 2282c5db34b0\nStep 42/62 : COPY . /DeepSpeech/\n ---> d77ccc75f80b\nStep 43/62 : WORKDIR /DeepSpeech\nRemoving intermediate container 77c67b8e44b4\n ---> 657e2a8bb449\nStep 44/62 : RUN pip --no-cache-dir install -r requirements.txt\n ---> Running in 455e1ee4220c\n\u001b[91mDEPRECATION: Python 2.7 reached the end of its life on January 1st, 2020. Please upgrade your Python as Python 2.7 is no longer maintained. pip 21.0 will drop support for Python 2.7 in January 2021. More details about Python 2 support in pip, can be found at https://pip.pypa.io/en/latest/development/release-process/#python-2-support\n\u001b[0mCollecting 3to2==1.1.1\n  Downloading 3to2-1.1.1.zip (78 kB)\nCollecting absl-py==0.2.0\n  Downloading absl-py-0.2.0.tar.gz (82 kB)\nCollecting altgraph==0.15\n  Downloading altgraph-0.15-py2.py3-none-any.whl (23 kB)\nCollecting asn1crypto==0.24.0\n  Downloading asn1crypto-0.24.0-py2.py3-none-any.whl (101 kB)\nCollecting astor==0.6.2\n  Downloading astor-0.6.2-py2.py3-none-any.whl (26 kB)\nCollecting backports.functools-lru-cache==1.5\n  Downloading backports.functools_lru_cache-1.5-py2.py3-none-any.whl (7.0 kB)\nCollecting backports.weakref==1.0.post1\n  Downloading backports.weakref-1.0.post1-py2.py3-none-any.whl (5.2 kB)\nCollecting bcrypt==3.1.4\n  Downloading bcrypt-3.1.4-cp27-cp27mu-manylinux1_x86_64.whl (57 kB)\nCollecting beautifulsoup4==4.6.0\n  Downloading beautifulsoup4-4.6.0-py2-none-any.whl (86 kB)\nCollecting bleach==1.5.0\n  Downloading bleach-1.5.0-py2.py3-none-any.whl (17 kB)\nCollecting bs4==0.0.1\n  Downloading bs4-0.0.1.tar.gz (1.1 kB)\nCollecting certifi==2018.1.18\n  Downloading certifi-2018.1.18-py2.py3-none-any.whl (151 kB)\nCollecting cffi==1.11.5\n  Downloading cffi-1.11.5-cp27-cp27mu-manylinux1_x86_64.whl (407 kB)\nCollecting chardet==3.0.4\n  Downloading chardet-3.0.4-py2.py3-none-any.whl (133 kB)\nCollecting click==6.7\n  Downloading click-6.7-py2.py3-none-any.whl (71 kB)\nCollecting cryptography==2.2.2\n  Downloading cryptography-2.2.2-cp27-cp27mu-manylinux1_x86_64.whl (2.2 MB)\nCollecting cycler==0.10.0\n  Downloading cycler-0.10.0-py2.py3-none-any.whl (6.5 kB)\nCollecting deepspeech==0.1.1\n  Downloading deepspeech-0.1.1-cp27-cp27mu-manylinux1_x86_64.whl (16.2 MB)\nCollecting dis3==0.1.2\n  Downloading dis3-0.1.2.tar.gz (14 kB)\nCollecting enum34==1.1.6\n  Downloading enum34-1.1.6-py2-none-any.whl (12 kB)\nCollecting Flask==1.0.2\n  Downloading Flask-1.0.2-py2.py3-none-any.whl (91 kB)\nCollecting funcsigs==1.0.2\n  Downloading funcsigs-1.0.2-py2.py3-none-any.whl (17 kB)\nCollecting future==0.16.0\n  Downloading future-0.16.0.tar.gz (824 kB)\nCollecting futures==3.2.0\n  Downloading futures-3.2.0-py2-none-any.whl (15 kB)\nCollecting gast==0.2.0\n  Downloading gast-0.2.0.tar.gz (9.4 kB)\nCollecting grpcio==1.11.0\n  Downloading grpcio-1.11.0-cp27-cp27mu-manylinux1_x86_64.whl (8.7 MB)\nCollecting html5lib==0.9999999\n  Downloading html5lib-0.9999999.tar.gz (889 kB)\nCollecting idna==2.6\n  Downloading idna-2.6-py2.py3-none-any.whl (56 kB)\nCollecting ipaddress==1.0.22\n  Downloading ipaddress-1.0.22-py2.py3-none-any.whl (18 kB)\nCollecting itsdangerous==0.24\n  Downloading itsdangerous-0.24.tar.gz (46 kB)\nCollecting Jinja2==2.10\n  Downloading Jinja2-2.10-py2.py3-none-any.whl (126 kB)\nCollecting kiwisolver==1.0.1\n  Downloading kiwisolver-1.0.1-cp27-cp27mu-manylinux1_x86_64.whl (951 kB)\nCollecting language-check==1.1\n  Downloading language-check-1.1.tar.gz (33 kB)\nCollecting macholib==1.9\n  Downloading macholib-1.9-py2.py3-none-any.whl (40 kB)\nCollecting Markdown==2.6.11\n  Downloading Markdown-2.6.11-py2.py3-none-any.whl (78 kB)\nCollecting MarkupSafe==1.0\n  Downloading MarkupSafe-1.0.tar.gz (14 kB)\nCollecting matplotlib==2.2.2\n  Downloading matplotlib-2.2.2-cp27-cp27mu-manylinux1_x86_64.whl (12.6 MB)\nCollecting mock==2.0.0\n  Downloading mock-2.0.0-py2.py3-none-any.whl (56 kB)\nCollecting numpy==1.14.3\n  Downloading numpy-1.14.3-cp27-cp27mu-manylinux1_x86_64.whl (12.1 MB)\nCollecting pafy==0.5.4\n  Downloading pafy-0.5.4-py2.py3-none-any.whl (35 kB)\nCollecting pandas==0.22.0\n  Downloading pandas-0.22.0-cp27-cp27mu-manylinux1_x86_64.whl (24.3 MB)\nCollecting paramiko==2.4.1\n  Downloading paramiko-2.4.1-py2.py3-none-any.whl (194 kB)\nCollecting pbr==4.0.2\n  Downloading pbr-4.0.2-py2.py3-none-any.whl (98 kB)\nCollecting pefile==2017.11.5\n  Downloading pefile-2017.11.5.tar.gz (61 kB)\nCollecting progressbar2==3.37.1\n  Downloading progressbar2-3.37.1-py2.py3-none-any.whl (19 kB)\nCollecting protobuf==3.5.2.post1\n  Downloading protobuf-3.5.2.post1-cp27-cp27mu-manylinux1_x86_64.whl (6.4 MB)\nCollecting psutil==5.4.6\n  Downloading psutil-5.4.6.tar.gz (418 kB)\nCollecting pyasn1==0.4.2\n  Downloading pyasn1-0.4.2-py2.py3-none-any.whl (71 kB)\nCollecting PyAudio==0.2.11\n  Downloading PyAudio-0.2.11.tar.gz (37 kB)\nCollecting pycparser==2.18\n  Downloading pycparser-2.18.tar.gz (245 kB)\nCollecting PyInstaller==3.3.1\n  Downloading PyInstaller-3.3.1.tar.gz (3.5 MB)\nCollecting PyNaCl==1.2.1\n  Downloading PyNaCl-1.2.1-cp27-cp27mu-manylinux1_x86_64.whl (696 kB)\nCollecting pyparsing==2.2.0\n  Downloading pyparsing-2.2.0-py2.py3-none-any.whl (56 kB)\nCollecting PyPrind==2.11.2\n  Downloading PyPrind-2.11.2.tar.gz (11 kB)\nCollecting pysftp==0.2.9\n  Downloading pysftp-0.2.9.tar.gz (25 kB)\nCollecting PyStemmer==1.3.0\n  Downloading PyStemmer-1.3.0.tar.gz (360 kB)\nCollecting python-dateutil==2.7.2\n  Downloading python_dateutil-2.7.2-py2.py3-none-any.whl (212 kB)\nCollecting python-speech-features==0.6\n  Downloading python_speech_features-0.6.tar.gz (5.6 kB)\nCollecting python-telegram-bot==10.0.1\n  Downloading python_telegram_bot-10.0.1-py2.py3-none-any.whl (300 kB)\nCollecting python-utils==2.3.0\n  Downloading python_utils-2.3.0-py2.py3-none-any.whl (12 kB)\nCollecting pytz==2018.4\n  Downloading pytz-2018.4-py2.py3-none-any.whl (510 kB)\nCollecting pyxdg==0.26\n  Downloading pyxdg-0.26-py2.py3-none-any.whl (40 kB)\nCollecting requests==2.18.4\n  Downloading requests-2.18.4-py2.py3-none-any.whl (88 kB)\nCollecting scipy==1.0.1\n  Downloading scipy-1.0.1-cp27-cp27mu-manylinux1_x86_64.whl (46.7 MB)\nCollecting six==1.11.0\n  Downloading six-1.11.0-py2.py3-none-any.whl (10 kB)\nCollecting sox==1.3.3\n  Downloading sox-1.3.3-py2.py3-none-any.whl (34 kB)\nCollecting SQLAlchemy==1.2.7\n  Downloading SQLAlchemy-1.2.7.tar.gz (5.6 MB)\nCollecting subprocess32==3.2.7\n  Downloading subprocess32-3.2.7.tar.gz (54 kB)\nCollecting tensorboard==1.6.0\n  Downloading tensorboard-1.6.0-py2-none-any.whl (3.0 MB)\nCollecting tensorflow==1.6.0\n  Downloading tensorflow-1.6.0-cp27-cp27mu-manylinux1_x86_64.whl (45.9 MB)\nCollecting termcolor==1.1.0\n  Downloading termcolor-1.1.0.tar.gz (3.9 kB)\nCollecting tqdm==4.23.4\n  Downloading tqdm-4.23.4-py2.py3-none-any.whl (42 kB)\nCollecting urllib3==1.22\n  Downloading urllib3-1.22-py2.py3-none-any.whl (132 kB)\nCollecting webrtcvad==2.0.10\n  Downloading webrtcvad-2.0.10.tar.gz (66 kB)\nCollecting Werkzeug==0.14.1\n  Downloading Werkzeug-0.14.1-py2.py3-none-any.whl (322 kB)\nCollecting Whoosh==2.7.4\n  Downloading Whoosh-2.7.4-py2.py3-none-any.whl (468 kB)\nCollecting youtube-dl==2018.5.9\n  Downloading youtube_dl-2018.5.9-py2.py3-none-any.whl (1.7 MB)\nRequirement already satisfied: setuptools in /usr/local/lib/python2.7/dist-packages (from kiwisolver==1.0.1->-r requirements.txt (line 32)) (44.1.1)\nRequirement already satisfied: wheel; python_version < \"3\" in /usr/lib/python2.7/dist-packages (from tensorboard==1.6.0->-r requirements.txt (line 69)) (0.29.0)\nBuilding wheels for collected packages: 3to2, absl-py, bs4, dis3, future, gast, html5lib, itsdangerous, language-check, MarkupSafe, pefile, psutil, PyAudio, pycparser, PyInstaller, PyPrind, pysftp, PyStemmer, python-speech-features, SQLAlchemy, subprocess32, termcolor, webrtcvad\n  Building wheel for 3to2 (setup.py): started\n  Building wheel for 3to2 (setup.py): finished with status 'done'\n  Created wheel for 3to2: filename=3to2-1.1.1-py2-none-any.whl size=79710 sha256=41c60e8bb814e344a7b5767a11eb9ce7cee2d2ac008ce913bab4ac0cb77f0274\n  Stored in directory: /tmp/pip-ephem-wheel-cache-A2Vn0x/wheels/e6/41/1e/26a93a4fb95c1563beed59d12cfa6bf40fb901f842769659e5\n  Building wheel for absl-py (setup.py): started\n  Building wheel for absl-py (setup.py): finished with status 'done'\n  Created wheel for absl-py: filename=absl_py-0.2.0-py2-none-any.whl size=99039 sha256=943a35a8b53b3b079d57a6b518b2649c71e166772dba61a9e4d6a950f3405b89\n  Stored in directory: /tmp/pip-ephem-wheel-cache-A2Vn0x/wheels/6c/a6/17/f5bc271e2665d146efee754b299517afa0cf4273a00b766d85\n  Building wheel for bs4 (setup.py): started\n  Building wheel for bs4 (setup.py): finished with status 'done'\n  Created wheel for bs4: filename=bs4-0.0.1-py2-none-any.whl size=2249 sha256=c4b1874eb376ad38568a9466ae3fd62e6922293312322b71dbbe8c5b0e84f31c\n  Stored in directory: /tmp/pip-ephem-wheel-cache-A2Vn0x/wheels/98/b9/dc/90f1e36fc6bf9564491a69c9c3d7ae38b8f72986256e416be6\n  Building wheel for dis3 (setup.py): started\n  Building wheel for dis3 (setup.py): finished with status 'done'\n  Created wheel for dis3: filename=dis3-0.1.2-py2-none-any.whl size=7344 sha256=028f50e79a6282c7b2c287a583cda6306bebba15aa53c9316433660b80bb2f40\n  Stored in directory: /tmp/pip-ephem-wheel-cache-A2Vn0x/wheels/02/d4/96/b312c28bd8fb2de9c52589c97d66611acc8e34b2da253c0140\n  Building wheel for future (setup.py): started\n  Building wheel for future (setup.py): finished with status 'done'\n  Created wheel for future: filename=future-0.16.0-py2-none-any.whl size=500586 sha256=92496e1dea12bb70e15af6c9d194070b7a48548dd54c10ff4e9ebafb6eee4742\n  Stored in directory: /tmp/pip-ephem-wheel-cache-A2Vn0x/wheels/79/88/2d/28d52e54dae1d3efe7290c07acd32702dc08d368cdbcf47196\n  Building wheel for gast (setup.py): started\n  Building wheel for gast (setup.py): finished with status 'done'\n  Created wheel for gast: filename=gast-0.2.0-py2-none-any.whl size=7625 sha256=f4a3f624edb67e80c427ca3f4e860b6866fe995e616cfe2a39fa9d4e6c68a8ae\n  Stored in directory: /tmp/pip-ephem-wheel-cache-A2Vn0x/wheels/7e/92/de/75a70a987ae97b470fcf28aa3a82588427df7fba84558a0ee3\n  Building wheel for html5lib (setup.py): started\n  Building wheel for html5lib (setup.py): finished with status 'done'\n  Created wheel for html5lib: filename=html5lib-0.9999999-py2-none-any.whl size=111295 sha256=c02111238afe7a4b1ba2fc3c844a748d7d71a3c095c34a3a8bebfa8f5dad0bd0\n  Stored in directory: /tmp/pip-ephem-wheel-cache-A2Vn0x/wheels/57/cc/a0/fbe3b508c937e8b5c85d75423be716e7f0c0413676db93b334\n  Building wheel for itsdangerous (setup.py): started\n  Building wheel for itsdangerous (setup.py): finished with status 'done'\n  Created wheel for itsdangerous: filename=itsdangerous-0.24-py2-none-any.whl size=10432 sha256=5807179b6730089232111e1bf9c88a5415a2c7892c1fe3e8e5f1cbc39e006a79\n  Stored in directory: /tmp/pip-ephem-wheel-cache-A2Vn0x/wheels/a1/51/f9/d3a5c89c941efb961e535b45c6d2cd2402c68972061f7d5847\n  Building wheel for language-check (setup.py): started\n  Building wheel for language-check (setup.py): finished with status 'error'\n\u001b[91m  ERROR: Command errored out with exit status 1:\n   command: /usr/bin/python -u -c 'import sys, setuptools, tokenize; sys.argv[0] = '\"'\"'/tmp/pip-install-E3yxzC/language-check/setup.py'\"'\"'; __file__='\"'\"'/tmp/pip-install-E3yxzC/language-check/setup.py'\"'\"';f=getattr(tokenize, '\"'\"'open'\"'\"', open)(__file__);code=f.read().replace('\"'\"'\\r\\n'\"'\"', '\"'\"'\\n'\"'\"');f.close();exec(compile(code, __file__, '\"'\"'exec'\"'\"'))' bdist_wheel -d /tmp/pip-wheel-Q9my2D\n       cwd: /tmp/pip-install-E3yxzC/language-check/\n  Complete output (17 lines):\n  Downloading 'LanguageTool-3.2.zip' (87.3 MiB)...\n  \r  1%\r  2%\r  3%\r  4%\r  5%\r  6%\r  7%\r  8%\r  9%\r  10%\r  11%\r  12%\r  13%\r  14%\r  15%\r  16%\r  17%\r  18%\r  19%\r  20%\r  21%\r  22%\r  23%\r  24%\r  25%\r  26%\r  27%\r  28%\r  29%\r  30%\r  31%\r  32%\r  33%\r  34%\r  35%\r  36%\r  37%\r  38%\r  39%\r  40%\r  41%\r  42%\r  43%\r  44%\r  45%\r  46%\r  47%\r  48%\r  49%\r  50%\r  51%\r  52%\r  53%\r  54%\r  55%\r  56%\r  57%\r  58%\r  59%\r  60%\r  61%\r  62%\r  63%\r  64%\r  65%\r  66%\r  67%\r  68%\r  69%\r  70%\r  71%\r  72%\r  73%\r  74%\r  75%\r  76%\r  77%\r  78%\r  79%\r  80%\r  81%\r  82%\r  83%\r  84%\r  85%\r  86%\r  87%\r  88%\r  89%\r  90%\r  91%\r  92%\r  93%\r  94%\r  95%\r  96%\r  97%\r  98%\r  99%\r  100%\r  100%\n  Traceback (most recent call last):\n    File \"<string>\", line 1, in <module>\n    File \"/tmp/pip-install-E3yxzC/language-check/setup.py\", line 595, in <module>\n      sys.exit(main())\n    File \"/tmp/pip-install-E3yxzC/language-check/setup.py\", line 590, in main\n      run_setup_hooks(config)\n    File \"/tmp/pip-install-E3yxzC/language-check/setup.py\", line 562, in run_setup_hooks\n      default_hook(config)\n    File \"/tmp/pip-install-E3yxzC/language-check/setup.py\", line 573, in default_hook\n      generate_py2k(config)\n    File \"/tmp/pip-install-E3yxzC/language-check/setup.py\", line 542, in generate_py2k\n      run_3to2(copied_py_files)\n    File \"/tmp/pip-install-E3yxzC/language-check/setup.py\", line 375, in run_3to2\n      raise OSError('3to2 script is unavailable.')\n  OSError: 3to2 script is unavailable.\n  ----------------------------------------\n  ERROR: Failed building wheel for language-check\n\u001b[0m  Running setup.py clean for language-check\n  Building wheel for MarkupSafe (setup.py): started\n  Building wheel for MarkupSafe (setup.py): finished with status 'done'\n  Created wheel for MarkupSafe: filename=MarkupSafe-1.0-cp27-cp27mu-linux_x86_64.whl size=25491 sha256=56b504924c4d11af5d30de4ad7fa817c9364d2005feabb1be6bd5c7f462d5003\n  Stored in directory: /tmp/pip-ephem-wheel-cache-A2Vn0x/wheels/76/15/57/811ea135285057c7b50def09e7a35222f174964c573baa7348\n  Building wheel for pefile (setup.py): started\n  Building wheel for pefile (setup.py): finished with status 'done'\n  Created wheel for pefile: filename=pefile-2017.11.5-py2-none-any.whl size=60418 sha256=f7e517a3bf1da874b5f78092f34e6967d8c8d7a6057f05e1bdf952e00ece52e1\n  Stored in directory: /tmp/pip-ephem-wheel-cache-A2Vn0x/wheels/27/fe/42/bf20c90155f4db031c2fca96af5037418d6019ad33d54d7226\n  Building wheel for psutil (setup.py): started\n  Building wheel for psutil (setup.py): finished with status 'done'\n  Created wheel for psutil: filename=psutil-5.4.6-cp27-cp27mu-linux_x86_64.whl size=252681 sha256=8582c25803e072f9f0f26a31f187d53a4dbf1f9faa7e7d67a12c0bc634709ab8\n  Stored in directory: /tmp/pip-ephem-wheel-cache-A2Vn0x/wheels/18/69/9f/9043d3bb2e167f03e234c02d5d0fb9afab0e0865955e01bf8d\n  Building wheel for PyAudio (setup.py): started\n  Building wheel for PyAudio (setup.py): finished with status 'error'\n\u001b[91m  ERROR: Command errored out with exit status 1:\n   command: /usr/bin/python -u -c 'import sys, setuptools, tokenize; sys.argv[0] = '\"'\"'/tmp/pip-install-E3yxzC/PyAudio/setup.py'\"'\"'; __file__='\"'\"'/tmp/pip-install-E3yxzC/PyAudio/setup.py'\"'\"';f=getattr(tokenize, '\"'\"'open'\"'\"', open)(__file__);code=f.read().replace('\"'\"'\\r\\n'\"'\"', '\"'\"'\\n'\"'\"');f.close();exec(compile(code, __file__, '\"'\"'exec'\"'\"'))' bdist_wheel -d /tmp/pip-wheel-wRFMcU\n       cwd: /tmp/pip-install-E3yxzC/PyAudio/\n  Complete output (14 lines):\n  running bdist_wheel\n  running build\n  running build_py\n  creating build\n  creating build/lib.linux-x86_64-2.7\n  copying src/pyaudio.py -> build/lib.linux-x86_64-2.7\n  running build_ext\n  building '_portaudio' extension\n  creating build/temp.linux-x86_64-2.7\n  creating build/temp.linux-x86_64-2.7/src\n  x86_64-linux-gnu-gcc -pthread -DNDEBUG -g -fwrapv -O2 -Wall -Wstrict-prototypes -fno-strict-aliasing -Wdate-time -D_FORTIFY_SOURCE=2 -g -fstack-protector-strong -Wformat -Werror=format-security -fPIC -I/usr/include/python2.7 -c src/_portaudiomodule.c -o build/temp.linux-x86_64-2.7/src/_portaudiomodule.o\n  src/_portaudiomodule.c:29:23: fatal error: portaudio.h: No such file or directory\n  compilation terminated.\n  error: command 'x86_64-linux-gnu-gcc' failed with exit status 1\n  ----------------------------------------\n\u001b[0m\u001b[91m  ERROR: Failed building wheel for PyAudio\n\u001b[0m  Running setup.py clean for PyAudio\n  Building wheel for pycparser (setup.py): started\n  Building wheel for pycparser (setup.py): finished with status 'done'\n  Created wheel for pycparser: filename=pycparser-2.18-py2.py3-none-any.whl size=206851 sha256=cfbbb337a73555f206ecace2220e22bafc4d78fbdf9c03288b93cfef0a9867ce\n  Stored in directory: /tmp/pip-ephem-wheel-cache-A2Vn0x/wheels/d1/18/87/d62e6c95da0e3ab3ccc8a8fb24a4569cd180c1d4f2ef7bbce2\n  Building wheel for PyInstaller (setup.py): started\n  Building wheel for PyInstaller (setup.py): finished with status 'done'\n  Created wheel for PyInstaller: filename=PyInstaller-3.3.1-py2-none-any.whl size=2831603 sha256=27b05f428ae43a90b65c0d6c6f2408e846da7597492b8d54ae7ac3f7736b0511\n  Stored in directory: /tmp/pip-ephem-wheel-cache-A2Vn0x/wheels/08/c2/4e/1a6e26f74098235a8aeab99bd4cb656167c3ec4a59e4bc733f\n  Building wheel for PyPrind (setup.py): started\n  Building wheel for PyPrind (setup.py): finished with status 'done'\n  Created wheel for PyPrind: filename=PyPrind-2.11.2-py2-none-any.whl size=8600 sha256=ebabfbe89d60ac633b8fa42b3b862ae4ffbe12bd7455bc087aecb09698f16238\n  Stored in directory: /tmp/pip-ephem-wheel-cache-A2Vn0x/wheels/4d/f2/16/ee6ea905cec95ecfb9965e24c09e3d04fd898f239e2248acdf\n  Building wheel for pysftp (setup.py): started\n  Building wheel for pysftp (setup.py): finished with status 'done'\n  Created wheel for pysftp: filename=pysftp-0.2.9-py2-none-any.whl size=17707 sha256=5598cb32ae3763d1bb4111f02891c8b2224601db9ced53465fe00e496261bffa\n  Stored in directory: /tmp/pip-ephem-wheel-cache-A2Vn0x/wheels/5c/fa/42/67db66025f7f2de3c82585f4fc6d9817de0b6c6012fc93a398\n  Building wheel for PyStemmer (setup.py): started\n  Building wheel for PyStemmer (setup.py): finished with status 'done'\n  Created wheel for PyStemmer: filename=PyStemmer-1.3.0-cp27-cp27mu-linux_x86_64.whl size=236395 sha256=d93d5c6cc733b227af3f9570cf7c0c5614d7ba0ae68a289df3d215181c13d0c7\n  Stored in directory: /tmp/pip-ephem-wheel-cache-A2Vn0x/wheels/d4/92/bd/1a1dc23460130baf4c4e37f9b1270a7dc69dd0ef7b4696e15f\n  Building wheel for python-speech-features (setup.py): started\n  Building wheel for python-speech-features (setup.py): finished with status 'done'\n  Created wheel for python-speech-features: filename=python_speech_features-0.6-py2-none-any.whl size=6644 sha256=647a265c1d5db4f67551a89c16c7f51834f6bac9cfd664a727de3b1117665105\n  Stored in directory: /tmp/pip-ephem-wheel-cache-A2Vn0x/wheels/2f/52/3e/d6049653897c94fd654804ee984ef0ace6150e3cbabfb1ece0\n  Building wheel for SQLAlchemy (setup.py): started\n  Building wheel for SQLAlchemy (setup.py): finished with status 'done'\n  Created wheel for SQLAlchemy: filename=SQLAlchemy-1.2.7-cp27-cp27mu-linux_x86_64.whl size=1119039 sha256=fdd1faa0381b6601dd648a16b73a27b6570f4830339391373c99949e5019171d\n  Stored in directory: /tmp/pip-ephem-wheel-cache-A2Vn0x/wheels/b1/22/97/37170fb3a58506ebeb98018137ed7ca3b99de0aec9798a28de\n  Building wheel for subprocess32 (setup.py): started\n  Building wheel for subprocess32 (setup.py): finished with status 'done'\n  Created wheel for subprocess32: filename=subprocess32-3.2.7-cp27-cp27mu-linux_x86_64.whl size=46039 sha256=ac9e1661ab6e95a82386be2ab51375af8757f4e178b7010dec22f0aa075cb8ea\n  Stored in directory: /tmp/pip-ephem-wheel-cache-A2Vn0x/wheels/c9/b6/39/8e214cca6751383d5ce35392dcccb6172adf79b7c00ba056dc\n  Building wheel for termcolor (setup.py): started\n  Building wheel for termcolor (setup.py): finished with status 'done'\n  Created wheel for termcolor: filename=termcolor-1.1.0-py2-none-any.whl size=5680 sha256=5d82a13ae7e5875641e607a5e36f24254d66ce8be9187b7d0801d6c1c54b996f\n  Stored in directory: /tmp/pip-ephem-wheel-cache-A2Vn0x/wheels/48/54/87/2f4d1a48c87e43906477a3c93d9663c49ca092046d5a4b00b4\n  Building wheel for webrtcvad (setup.py): started\n  Building wheel for webrtcvad (setup.py): finished with status 'done'\n  Created wheel for webrtcvad: filename=webrtcvad-2.0.10-cp27-cp27mu-linux_x86_64.whl size=64005 sha256=c2b7d2c448054241ca57b37122672cbfdab594a4bfbc747273af8e9b8db38808\n  Stored in directory: /tmp/pip-ephem-wheel-cache-A2Vn0x/wheels/8d/b0/68/3b1a540868c3de5ceec8bed26c4887f743605a8746333c3eef\nSuccessfully built 3to2 absl-py bs4 dis3 future gast html5lib itsdangerous MarkupSafe pefile psutil pycparser PyInstaller PyPrind pysftp PyStemmer python-speech-features SQLAlchemy subprocess32 termcolor webrtcvad\nFailed to build language-check PyAudio\nInstalling collected packages: 3to2, six, absl-py, altgraph, asn1crypto, astor, backports.functools-lru-cache, backports.weakref, pycparser, cffi, bcrypt, beautifulsoup4, html5lib, bleach, bs4, certifi, chardet, click, idna, ipaddress, enum34, cryptography, cycler, numpy, scipy, deepspeech, dis3, itsdangerous, MarkupSafe, Jinja2, Werkzeug, Flask, funcsigs, future, futures, gast, protobuf, grpcio, kiwisolver, language-check, macholib, Markdown, python-dateutil, pyparsing, pytz, subprocess32, matplotlib, pbr, mock, pafy, pandas, pyasn1, PyNaCl, paramiko, pefile, python-utils, progressbar2, psutil, PyAudio, PyInstaller, PyPrind, pysftp, PyStemmer, python-speech-features, python-telegram-bot, pyxdg, urllib3, requests, sox, SQLAlchemy, tensorboard, termcolor, tensorflow, tqdm, webrtcvad, Whoosh, youtube-dl\n  Attempting uninstall: numpy\n    Found existing installation: numpy 1.11.0\n    Uninstalling numpy-1.11.0:\n      Successfully uninstalled numpy-1.11.0\n    Running setup.py install for language-check: started\n    Running setup.py install for language-check: finished with status 'done'\n    Running setup.py install for PyAudio: started\n    Running setup.py install for PyAudio: finished with status 'error'\n\u001b[91m    ERROR: Command errored out with exit status 1:\n     command: /usr/bin/python -u -c 'import sys, setuptools, tokenize; sys.argv[0] = '\"'\"'/tmp/pip-install-E3yxzC/PyAudio/setup.py'\"'\"'; __file__='\"'\"'/tmp/pip-install-E3yxzC/PyAudio/setup.py'\"'\"';f=getattr(tokenize, '\"'\"'open'\"'\"', open)(__file__);code=f.read().replace('\"'\"'\\r\\n'\"'\"', '\"'\"'\\n'\"'\"');f.close();exec(compile(code, __file__, '\"'\"'exec'\"'\"'))' install --record /tmp/pip-record-O0R5QQ/install-record.txt --single-version-externally-managed --compile --install-headers /usr/local/include/python2.7/PyAudio\n         cwd: /tmp/pip-install-E3yxzC/PyAudio/\n    Complete output (14 lines):\n    running install\n    running build\n    running build_py\n    creating build\n    creating build/lib.linux-x86_64-2.7\n    copying src/pyaudio.py -> build/lib.linux-x86_64-2.7\n    running build_ext\n    building '_portaudio' extension\n    creating build/temp.linux-x86_64-2.7\n    creating build/temp.linux-x86_64-2.7/src\n    x86_64-linux-gnu-gcc -pthread -DNDEBUG -g -fwrapv -O2 -Wall -Wstrict-prototypes -fno-strict-aliasing -Wdate-time -D_FORTIFY_SOURCE=2 -g -fstack-protector-strong -Wformat -Werror=format-security -fPIC -I/usr/include/python2.7 -c src/_portaudiomodule.c -o build/temp.linux-x86_64-2.7/src/_portaudiomodule.o\n    src/_portaudiomodule.c:29:23: fatal error: portaudio.h: No such file or directory\n    compilation terminated.\n    error: command 'x86_64-linux-gnu-gcc' failed with exit status 1\n    ----------------------------------------\n\u001b[0m\u001b[91mERROR: Command errored out with exit status 1: /usr/bin/python -u -c 'import sys, setuptools, tokenize; sys.argv[0] = '\"'\"'/tmp/pip-install-E3yxzC/PyAudio/setup.py'\"'\"'; __file__='\"'\"'/tmp/pip-install-E3yxzC/PyAudio/setup.py'\"'\"';f=getattr(tokenize, '\"'\"'open'\"'\"', open)(__file__);code=f.read().replace('\"'\"'\\r\\n'\"'\"', '\"'\"'\\n'\"'\"');f.close();exec(compile(code, __file__, '\"'\"'exec'\"'\"'))' install --record /tmp/pip-record-O0R5QQ/install-record.txt --single-version-externally-managed --compile --install-headers /usr/local/include/python2.7/PyAudio Check the logs for full command output.\n\u001b[0m",
    "raw_stderr_log": "The command '/bin/sh -c pip --no-cache-dir install -r requirements.txt' returned a non-zero code: 1",
    "html_url": "https://github.com/GeorgeFedoseev/DeepSpeech",
    "repo_commit": "f8a8ea9b0eae5ae36e4b4d345c05af6ea1923855",
    "repo_id": 124229500
  },
  {
    "raw_dockerfile": "FROM python:3.7-alpine\nRUN mkdir -p /aiotunnel\nCOPY requirements.txt /aiotunnel\nRUN pip install -r /aiotunnel/requirements.txt --no-cache-dir\nADD . /aiotunnel\nWORKDIR /aiotunnel\nCMD aiotunnel server -r",
    "raw_stdout_log": "Sending build context to Docker daemon  124.9kB\r\r\nStep 1/7 : FROM python:3.7-alpine\n3.7-alpine: Pulling from library/python\ndf20fa9351a1: Already exists\n36b3adc4ff6f: Already exists\n158d3630f7f4: Already exists\n656e733c2e63: Already exists\n069d7d2ffc1e: Already exists\nDigest: sha256:4bc145d0bfababffd78b6106abd41000aa5dcc28cd0cfe5f988a415d1985667f\nStatus: Downloaded newer image for python:3.7-alpine\n ---> 6a5ca85ed89b\nStep 2/7 : RUN mkdir -p /aiotunnel\n ---> Running in b0c3c42ebbcd\nRemoving intermediate container b0c3c42ebbcd\n ---> 6daf4c500a19\nStep 3/7 : COPY requirements.txt /aiotunnel\n ---> ac1d5d47cb0d\nStep 4/7 : RUN pip install -r /aiotunnel/requirements.txt --no-cache-dir\n ---> Running in 4b020c84c3ef\nCollecting aiohttp\n  Downloading aiohttp-3.6.2-py3-none-any.whl (441 kB)\nCollecting async-timeout<4.0,>=3.0\n  Downloading async_timeout-3.0.1-py3-none-any.whl (8.2 kB)\nCollecting chardet<4.0,>=2.0\n  Downloading chardet-3.0.4-py2.py3-none-any.whl (133 kB)\nCollecting multidict<5.0,>=4.5\n  Downloading multidict-4.7.6.tar.gz (50 kB)\n  Installing build dependencies: started\n  Installing build dependencies: finished with status 'done'\n  Getting requirements to build wheel: started\n  Getting requirements to build wheel: finished with status 'done'\n    Preparing wheel metadata: started\n    Preparing wheel metadata: finished with status 'done'\nCollecting yarl<2.0,>=1.0\n  Downloading yarl-1.4.2.tar.gz (163 kB)\nCollecting attrs>=17.3.0\n  Downloading attrs-19.3.0-py2.py3-none-any.whl (39 kB)\nCollecting idna>=2.0\n  Downloading idna-2.9-py2.py3-none-any.whl (58 kB)\nBuilding wheels for collected packages: multidict, yarl\n  Building wheel for multidict (PEP 517): started\n  Building wheel for multidict (PEP 517): finished with status 'error'\n\u001b[91m  ERROR: Command errored out with exit status 1:\n   command: /usr/local/bin/python /usr/local/lib/python3.7/site-packages/pip/_vendor/pep517/_in_process.py build_wheel /tmp/tmpc4otb024\n       cwd: /tmp/pip-install-5hb11zun/multidict\n  Complete output (43 lines):\n  **********************\n  * Accellerated build *\n  **********************\n  running bdist_wheel\n  running build\n  running build_py\n  creating build\n  creating build/lib.linux-x86_64-3.7\n  creating build/lib.linux-x86_64-3.7/multidict\n  copying multidict/__init__.py -> build/lib.linux-x86_64-3.7/multidict\n  copying multidict/_abc.py -> build/lib.linux-x86_64-3.7/multidict\n  copying multidict/_compat.py -> build/lib.linux-x86_64-3.7/multidict\n  copying multidict/_multidict_base.py -> build/lib.linux-x86_64-3.7/multidict\n  copying multidict/_multidict_py.py -> build/lib.linux-x86_64-3.7/multidict\n  running egg_info\n  writing multidict.egg-info/PKG-INFO\n  writing dependency_links to multidict.egg-info/dependency_links.txt\n  writing top-level names to multidict.egg-info/top_level.txt\n  reading manifest file 'multidict.egg-info/SOURCES.txt'\n  reading manifest template 'MANIFEST.in'\n  warning: no previously-included files matching '*.pyc' found anywhere in distribution\n  warning: no previously-included files found matching 'multidict/_multidict.html'\n  warning: no previously-included files found matching 'multidict/*.so'\n  warning: no previously-included files found matching 'multidict/*.pyd'\n  warning: no previously-included files found matching 'multidict/*.pyd'\n  no previously-included directories found matching 'docs/_build'\n  writing manifest file 'multidict.egg-info/SOURCES.txt'\n  copying multidict/__init__.pyi -> build/lib.linux-x86_64-3.7/multidict\n  copying multidict/_multidict.c -> build/lib.linux-x86_64-3.7/multidict\n  copying multidict/py.typed -> build/lib.linux-x86_64-3.7/multidict\n  creating build/lib.linux-x86_64-3.7/multidict/_multilib\n  copying multidict/_multilib/defs.h -> build/lib.linux-x86_64-3.7/multidict/_multilib\n  copying multidict/_multilib/dict.h -> build/lib.linux-x86_64-3.7/multidict/_multilib\n  copying multidict/_multilib/istr.h -> build/lib.linux-x86_64-3.7/multidict/_multilib\n  copying multidict/_multilib/iter.h -> build/lib.linux-x86_64-3.7/multidict/_multilib\n  copying multidict/_multilib/pair_list.h -> build/lib.linux-x86_64-3.7/multidict/_multilib\n  copying multidict/_multilib/views.h -> build/lib.linux-x86_64-3.7/multidict/_multilib\n  running build_ext\n  building 'multidict._multidict' extension\n  creating build/temp.linux-x86_64-3.7\n  creating build/temp.linux-x86_64-3.7/multidict\n  gcc -Wno-unused-result -Wsign-compare -DNDEBUG -g -fwrapv -O3 -Wall -DTHREAD_STACK_SIZE=0x100000 -fPIC -I/usr/local/include/python3.7m -c multidict/_multidict.c -o build/temp.linux-x86_64-3.7/multidict/_multidict.o -O2 -std=c99 -Wall -Wsign-compare -Wconversion -fno-strict-aliasing -pedantic\n  error: command 'gcc' failed with exit status 1\n  ----------------------------------------\n\u001b[0m\u001b[91m  ERROR: Failed building wheel for multidict\n\u001b[0m  Building wheel for yarl (setup.py): started\n  Building wheel for yarl (setup.py): finished with status 'error'\n\u001b[91m  ERROR: Command errored out with exit status 1:\n   command: /usr/local/bin/python -u -c 'import sys, setuptools, tokenize; sys.argv[0] = '\"'\"'/tmp/pip-install-5hb11zun/yarl/setup.py'\"'\"'; __file__='\"'\"'/tmp/pip-install-5hb11zun/yarl/setup.py'\"'\"';f=getattr(tokenize, '\"'\"'open'\"'\"', open)(__file__);code=f.read().replace('\"'\"'\\r\\n'\"'\"', '\"'\"'\\n'\"'\"');f.close();exec(compile(code, __file__, '\"'\"'exec'\"'\"'))' bdist_wheel -d /tmp/pip-wheel-alh4q6md\n       cwd: /tmp/pip-install-5hb11zun/yarl/\n  Complete output (37 lines):\n  **********************\n  * Accellerated build *\n  **********************\n  running bdist_wheel\n  running build\n  running build_py\n  creating build\n  creating build/lib.linux-x86_64-3.7\n  creating build/lib.linux-x86_64-3.7/yarl\n  copying yarl/__init__.py -> build/lib.linux-x86_64-3.7/yarl\n  copying yarl/quoting.py -> build/lib.linux-x86_64-3.7/yarl\n  running egg_info\n  writing yarl.egg-info/PKG-INFO\n  writing dependency_links to yarl.egg-info/dependency_links.txt\n  writing requirements to yarl.egg-info/requires.txt\n  writing top-level names to yarl.egg-info/top_level.txt\n  reading manifest file 'yarl.egg-info/SOURCES.txt'\n  reading manifest template 'MANIFEST.in'\n  warning: no previously-included files matching '*.pyc' found anywhere in distribution\n  warning: no previously-included files matching '*.cache' found anywhere in distribution\n  warning: no previously-included files found matching 'yarl/_quoting.html'\n  warning: no previously-included files found matching 'yarl/_quoting.*.so'\n  warning: no previously-included files found matching 'yarl/_quoting.pyd'\n  warning: no previously-included files found matching 'yarl/_quoting.*.pyd'\n  no previously-included directories found matching 'docs/_build'\n  writing manifest file 'yarl.egg-info/SOURCES.txt'\n  copying yarl/__init__.pyi -> build/lib.linux-x86_64-3.7/yarl\n  copying yarl/_quoting.c -> build/lib.linux-x86_64-3.7/yarl\n  copying yarl/_quoting.pyx -> build/lib.linux-x86_64-3.7/yarl\n  copying yarl/py.typed -> build/lib.linux-x86_64-3.7/yarl\n  running build_ext\n  building 'yarl._quoting' extension\n  creating build/temp.linux-x86_64-3.7\n  creating build/temp.linux-x86_64-3.7/yarl\n  gcc -Wno-unused-result -Wsign-compare -DNDEBUG -g -fwrapv -O3 -Wall -DTHREAD_STACK_SIZE=0x100000 -fPIC -I/usr/local/include/python3.7m -c yarl/_quoting.c -o build/temp.linux-x86_64-3.7/yarl/_quoting.o\n  unable to execute 'gcc': No such file or directory\n  error: command 'gcc' failed with exit status 1\n  ----------------------------------------\n\u001b[0m\u001b[91m  ERROR: Failed building wheel for yarl\n\u001b[0m  Running setup.py clean for yarl\nFailed to build multidict yarl\n\u001b[91mERROR: Could not build wheels for multidict which use PEP 517 and cannot be installed directly\n\u001b[0m",
    "raw_stderr_log": "The command '/bin/sh -c pip install -r /aiotunnel/requirements.txt --no-cache-dir' returned a non-zero code: 1",
    "html_url": "https://github.com/codepr/aiotunnel",
    "repo_commit": "231b4a83259d33315007e22071e2e613a3bf3650",
    "repo_id": 152994440
  },
  {
    "raw_dockerfile": "FROM alpine:3.11 as base\nRUN apk add -U --no-cache \\\n    python3 py3-virtualenv cairo libpq\n\n\nFROM base as builder\nWORKDIR /c3bottles\nRUN apk add -U --no-cache \\\n    python3-dev nodejs yarn py3-pip libffi-dev gcc libc-dev zlib-dev postgresql-dev \\\n    && virtualenv -p python3 /c3bottles/venv\nENV PATH=/c3bottles/venv/bin:$PATH\nCOPY requirements/docker.txt requirements/production.txt /c3bottles/requirements/\nRUN pip install -r requirements/docker.txt --no-cache-dir\nCOPY package.json yarn.lock /c3bottles/\nRUN yarn\nCOPY . /c3bottles\nRUN yarn build ; rm -r /c3bottles/node_modules/\n\n\nFROM base as fontloader\nRUN apk add --no-cache wget zip \\\n    && mkdir -p /usr/share/fonts \\\n    && wget https://github.com/google/fonts/raw/master/ofl/montserrat/Montserrat-Black.ttf -O /usr/share/fonts/Montserrat-Black.ttf \\\n    && wget https://github.com/google/fonts/raw/master/ofl/montserrat/Montserrat-Light.ttf -O /usr/share/fonts/Montserrat-Light.ttf \\\n    && wget https://events.ccc.de/congress/2019/wiki/images/6/61/Blackout_Midnight_Umlauts.ttf.zip -O /usr/share/fonts/Blackout_Midnight_Umlauts.ttf.zip \\\n    && cd /usr/share/fonts && unzip Blackout_Midnight_Umlauts.ttf.zip && rm -rf Blackout_Midnight_Umlauts.ttf.zip\n\n\nFROM base\nCOPY --from=fontloader /usr/share/fonts/ /usr/share/fonts/\nRUN apk --no-cache add msttcorefonts-installer fontconfig && \\\n    update-ms-fonts && \\\n    fc-cache -f\nRUN find / -name .exe -exec rm -rf {} \\;\nRUN addgroup -S c3bottles && adduser -S -G c3bottles c3bottles\nCOPY --from=builder --chown=c3bottles:c3bottles /c3bottles /c3bottles\nUSER c3bottles\nWORKDIR /c3bottles\nVOLUME /c3bottles/static\nENV PATH=/c3bottles/venv/bin:$PATH\nEXPOSE 5000\nEXPOSE 9567\nCMD gunicorn -b 0.0.0.0:5000 wsgi",
    "raw_stdout_log": "Sending build context to Docker daemon  2.158MB\r\r\nStep 1/27 : FROM alpine:3.11 as base\n3.11: Pulling from library/alpine\ncbdbe7a5bc2a: Already exists\nDigest: sha256:9a839e63dad54c3a6d1834e29692c8492d93f90c59c978c1ed79109ea4fb9a54\nStatus: Downloaded newer image for alpine:3.11\n ---> f70734b6a266\nStep 2/27 : RUN apk add -U --no-cache     python3 py3-virtualenv cairo libpq\n ---> Running in 51c577e843f5\nfetch http://dl-cdn.alpinelinux.org/alpine/v3.11/main/x86_64/APKINDEX.tar.gz\nfetch http://dl-cdn.alpinelinux.org/alpine/v3.11/community/x86_64/APKINDEX.tar.gz\n(1/28) Installing libxau (1.0.9-r0)\n(2/28) Installing libbsd (0.10.0-r0)\n(3/28) Installing libxdmcp (1.1.3-r0)\n(4/28) Installing libxcb (1.13.1-r0)\n(5/28) Installing libx11 (1.6.9-r0)\n(6/28) Installing libxext (1.3.4-r0)\n(7/28) Installing libxrender (0.9.10-r3)\n(8/28) Installing expat (2.2.9-r1)\n(9/28) Installing libbz2 (1.0.8-r1)\n(10/28) Installing libpng (1.6.37-r1)\n(11/28) Installing freetype (2.10.1-r0)\n(12/28) Installing libuuid (2.34-r1)\n(13/28) Installing fontconfig (2.13.1-r2)\n(14/28) Installing pixman (0.38.4-r0)\n(15/28) Installing cairo (1.16.0-r2)\n(16/28) Installing db (5.3.28-r1)\n(17/28) Installing libsasl (2.1.27-r5)\n(18/28) Installing libldap (2.4.48-r2)\n(19/28) Installing libpq (12.2-r0)\n(20/28) Installing libffi (3.2.1-r6)\n(21/28) Installing gdbm (1.13-r1)\n(22/28) Installing xz-libs (5.2.4-r0)\n(23/28) Installing ncurses-terminfo-base (6.1_p20200118-r4)\n(24/28) Installing ncurses-libs (6.1_p20200118-r4)\n(25/28) Installing readline (8.0.1-r0)\n(26/28) Installing sqlite-libs (3.30.1-r2)\n(27/28) Installing python3 (3.8.2-r0)\n(28/28) Installing py3-virtualenv (16.7.8-r0)\nExecuting busybox-1.31.1-r9.trigger\nOK: 78 MiB in 42 packages\nRemoving intermediate container 51c577e843f5\n ---> de11781955c1\nStep 3/27 : FROM base as builder\n ---> de11781955c1\nStep 4/27 : WORKDIR /c3bottles\nRemoving intermediate container 05259847c6c8\n ---> a76a37f0dfe3\nStep 5/27 : RUN apk add -U --no-cache     python3-dev nodejs yarn py3-pip libffi-dev gcc libc-dev zlib-dev postgresql-dev     && virtualenv -p python3 /c3bottles/venv\n ---> Running in a382d18e3f90\nfetch http://dl-cdn.alpinelinux.org/alpine/v3.11/main/x86_64/APKINDEX.tar.gz\nfetch http://dl-cdn.alpinelinux.org/alpine/v3.11/community/x86_64/APKINDEX.tar.gz\n(1/26) Installing libgcc (9.2.0-r4)\n(2/26) Installing libstdc++ (9.2.0-r4)\n(3/26) Installing binutils (2.33.1-r0)\n(4/26) Installing gmp (6.1.2-r1)\n(5/26) Installing isl (0.18-r0)\n(6/26) Installing libgomp (9.2.0-r4)\n(7/26) Installing libatomic (9.2.0-r4)\n(8/26) Installing mpfr4 (4.0.2-r1)\n(9/26) Installing mpc1 (1.1.0-r1)\n(10/26) Installing gcc (9.2.0-r4)\n(11/26) Installing musl-dev (1.1.24-r2)\n(12/26) Installing libc-dev (0.7.2-r0)\n(13/26) Installing linux-headers (4.19.36-r0)\n(14/26) Installing pkgconf (1.6.3-r0)\n(15/26) Installing libffi-dev (3.2.1-r6)\n(16/26) Installing ca-certificates (20191127-r2)\n(17/26) Installing c-ares (1.15.0-r0)\n(18/26) Installing nghttp2-libs (1.40.0-r1)\n(19/26) Installing libuv (1.34.0-r0)\n(20/26) Installing nodejs (12.15.0-r1)\n(21/26) Installing openssl-dev (1.1.1g-r0)\n(22/26) Installing postgresql-libs (12.2-r0)\n(23/26) Installing postgresql-dev (12.2-r0)\n(24/26) Installing python3-dev (3.8.2-r0)\n(25/26) Installing yarn (1.19.2-r0)\n(26/26) Installing zlib-dev (1.2.11-r3)\nExecuting busybox-1.31.1-r9.trigger\nExecuting ca-certificates-20191127-r2.trigger\nOK: 281 MiB in 68 packages\nAlready using interpreter /usr/bin/python3\nUsing base prefix '/usr'\nNew python executable in /c3bottles/venv/bin/python3\nAlso creating executable in /c3bottles/venv/bin/python\nInstalling setuptools, pip, wheel...\ndone.\nRemoving intermediate container a382d18e3f90\n ---> 17ab423fea63\nStep 6/27 : ENV PATH=/c3bottles/venv/bin:$PATH\n ---> Running in 03889785563d\nRemoving intermediate container 03889785563d\n ---> aa8836880453\nStep 7/27 : COPY requirements/docker.txt requirements/production.txt /c3bottles/requirements/\n ---> 0c96bc45ec61\nStep 8/27 : RUN pip install -r requirements/docker.txt --no-cache-dir\n ---> Running in 1d5a385bc3a0\nCollecting pillow>=6.1.0\n  Downloading Pillow-7.1.2.tar.gz (38.9 MB)\nCollecting gunicorn>=19.9.0\n  Downloading gunicorn-20.0.4.tar.gz (373 kB)\nCollecting Babel>=2.7.0\n  Downloading Babel-2.8.0.tar.gz (8.4 MB)\nCollecting CairoSVG>=2.4.2\n  Downloading CairoSVG-2.4.2.tar.gz (38 kB)\nCollecting click>=7.0\n  Downloading click-7.1.2.tar.gz (297 kB)\nCollecting Flask>=1.1.1\n  Downloading Flask-1.1.2.tar.gz (637 kB)\nCollecting Flask-Babel>=0.12.2\n  Downloading Flask-Babel-1.0.0.tar.gz (49 kB)\nCollecting Flask-Bcrypt>=0.7.1\n  Downloading Flask-Bcrypt-0.7.1.tar.gz (5.1 kB)\nCollecting Flask-Compress>=1.4.0\n  Downloading Flask-Compress-1.5.0.tar.gz (6.5 kB)\nCollecting Flask-Login>=0.4.1\n  Downloading Flask-Login-0.5.0.tar.gz (41 kB)\nCollecting Flask-SQLAlchemy>=2.4.1\n  Downloading Flask-SQLAlchemy-2.4.3.tar.gz (132 kB)\nCollecting Flask-WTF>=0.14.2\n  Downloading Flask-WTF-0.14.3.tar.gz (44 kB)\nCollecting prometheus-client>=0.7.1\n  Downloading prometheus_client-0.8.0.tar.gz (148 kB)\nCollecting psycopg2-binary>=2.8.3\n  Downloading psycopg2-binary-2.8.5.tar.gz (381 kB)\nCollecting pwgen>=0.7\n  Downloading pwgen-0.8.2.post0.tar.gz (2.9 kB)\nCollecting pyPDF2>=1.26.0\n  Downloading PyPDF2-1.26.0.tar.gz (77 kB)\nCollecting qrcode>=6.1\n  Downloading qrcode-6.1.tar.gz (29 kB)\nCollecting werkzeug>=0.16.0\n  Downloading Werkzeug-1.0.1.tar.gz (904 kB)\nCollecting stringcase>=1.2.0\n  Downloading stringcase-1.2.0.tar.gz (3.0 kB)\nRequirement already satisfied: setuptools>=3.0 in ./venv/lib/python3.8/site-packages (from gunicorn>=19.9.0->-r requirements/docker.txt (line 3)) (47.3.1)\nCollecting pytz>=2015.7\n  Downloading pytz-2020.1.tar.gz (311 kB)\nCollecting cairocffi\n  Downloading cairocffi-1.1.0.tar.gz (68 kB)\nCollecting cssselect2\n  Downloading cssselect2-0.3.0.tar.gz (29 kB)\nCollecting defusedxml\n  Downloading defusedxml-0.6.0.tar.gz (62 kB)\nCollecting tinycss2\n  Downloading tinycss2-1.0.2.tar.gz (57 kB)\nCollecting Jinja2>=2.10.1\n  Downloading Jinja2-2.11.2.tar.gz (257 kB)\nCollecting itsdangerous>=0.24\n  Downloading itsdangerous-1.1.0.tar.gz (53 kB)\nCollecting bcrypt\n  Downloading bcrypt-3.1.7.tar.gz (42 kB)\n  Installing build dependencies: started\n  Installing build dependencies: finished with status 'done'\n  Getting requirements to build wheel: started\n  Getting requirements to build wheel: finished with status 'done'\n    Preparing wheel metadata: started\n    Preparing wheel metadata: finished with status 'done'\nCollecting brotli\n  Downloading Brotli-1.0.7.zip (496 kB)\nCollecting SQLAlchemy>=0.8.0\n  Downloading SQLAlchemy-1.3.18.tar.gz (6.0 MB)\nCollecting WTForms\n  Downloading WTForms-2.3.1.tar.gz (162 kB)\nCollecting six\n  Downloading six-1.15.0.tar.gz (33 kB)\nCollecting cffi>=1.1.0\n  Downloading cffi-1.14.0.tar.gz (463 kB)\nCollecting webencodings\n  Downloading webencodings-0.5.1.tar.gz (9.7 kB)\nCollecting MarkupSafe>=0.23\n  Downloading MarkupSafe-1.1.1.tar.gz (19 kB)\nCollecting pycparser\n  Downloading pycparser-2.20.tar.gz (161 kB)\nSkipping wheel build for pillow, due to binaries being disabled for it.\nSkipping wheel build for gunicorn, due to binaries being disabled for it.\nSkipping wheel build for Babel, due to binaries being disabled for it.\nSkipping wheel build for CairoSVG, due to binaries being disabled for it.\nSkipping wheel build for click, due to binaries being disabled for it.\nSkipping wheel build for Flask, due to binaries being disabled for it.\nSkipping wheel build for Flask-Babel, due to binaries being disabled for it.\nSkipping wheel build for Flask-Bcrypt, due to binaries being disabled for it.\nSkipping wheel build for Flask-Compress, due to binaries being disabled for it.\nSkipping wheel build for Flask-Login, due to binaries being disabled for it.\nSkipping wheel build for Flask-SQLAlchemy, due to binaries being disabled for it.\nSkipping wheel build for Flask-WTF, due to binaries being disabled for it.\nSkipping wheel build for prometheus-client, due to binaries being disabled for it.\nSkipping wheel build for psycopg2-binary, due to binaries being disabled for it.\nSkipping wheel build for pwgen, due to binaries being disabled for it.\nSkipping wheel build for pyPDF2, due to binaries being disabled for it.\nSkipping wheel build for qrcode, due to binaries being disabled for it.\nSkipping wheel build for werkzeug, due to binaries being disabled for it.\nSkipping wheel build for stringcase, due to binaries being disabled for it.\nSkipping wheel build for pytz, due to binaries being disabled for it.\nSkipping wheel build for cairocffi, due to binaries being disabled for it.\nSkipping wheel build for cssselect2, due to binaries being disabled for it.\nSkipping wheel build for defusedxml, due to binaries being disabled for it.\nSkipping wheel build for tinycss2, due to binaries being disabled for it.\nSkipping wheel build for Jinja2, due to binaries being disabled for it.\nSkipping wheel build for itsdangerous, due to binaries being disabled for it.\nSkipping wheel build for brotli, due to binaries being disabled for it.\nSkipping wheel build for SQLAlchemy, due to binaries being disabled for it.\nSkipping wheel build for WTForms, due to binaries being disabled for it.\nSkipping wheel build for six, due to binaries being disabled for it.\nSkipping wheel build for cffi, due to binaries being disabled for it.\nSkipping wheel build for webencodings, due to binaries being disabled for it.\nSkipping wheel build for MarkupSafe, due to binaries being disabled for it.\nSkipping wheel build for pycparser, due to binaries being disabled for it.\nBuilding wheels for collected packages: bcrypt\n  Building wheel for bcrypt (PEP 517): started\n  Building wheel for bcrypt (PEP 517): finished with status 'done'\n  Created wheel for bcrypt: filename=bcrypt-3.1.7-cp38-cp38-linux_x86_64.whl size=56282 sha256=b6a2ae76afaf720eb593272a9bed2e44e20531d93a428a096f2aa5b314376659\n  Stored in directory: /tmp/pip-ephem-wheel-cache-agohdre3/wheels/08/dd/04/63fe9a4002c36105c358f90221e4882825a264edb9d8554163\nSuccessfully built bcrypt\nInstalling collected packages: pillow, gunicorn, pytz, Babel, pycparser, cffi, cairocffi, webencodings, tinycss2, cssselect2, defusedxml, CairoSVG, click, werkzeug, MarkupSafe, Jinja2, itsdangerous, Flask, Flask-Babel, six, bcrypt, Flask-Bcrypt, brotli, Flask-Compress, Flask-Login, SQLAlchemy, Flask-SQLAlchemy, WTForms, Flask-WTF, prometheus-client, psycopg2-binary, pwgen, pyPDF2, qrcode, stringcase\n    Running setup.py install for pillow: started\n    Running setup.py install for pillow: finished with status 'done'\n    Running setup.py install for gunicorn: started\n    Running setup.py install for gunicorn: finished with status 'done'\n    Running setup.py install for pytz: started\n    Running setup.py install for pytz: finished with status 'done'\n    Running setup.py install for Babel: started\n    Running setup.py install for Babel: finished with status 'done'\n    Running setup.py install for pycparser: started\n    Running setup.py install for pycparser: finished with status 'done'\n    Running setup.py install for cffi: started\n    Running setup.py install for cffi: finished with status 'done'\n    Running setup.py install for cairocffi: started\n    Running setup.py install for cairocffi: finished with status 'done'\n    Running setup.py install for webencodings: started\n    Running setup.py install for webencodings: finished with status 'done'\n    Running setup.py install for tinycss2: started\n    Running setup.py install for tinycss2: finished with status 'done'\n    Running setup.py install for cssselect2: started\n    Running setup.py install for cssselect2: finished with status 'done'\n    Running setup.py install for defusedxml: started\n    Running setup.py install for defusedxml: finished with status 'done'\n    Running setup.py install for CairoSVG: started\n    Running setup.py install for CairoSVG: finished with status 'done'\n    Running setup.py install for click: started\n    Running setup.py install for click: finished with status 'done'\n    Running setup.py install for werkzeug: started\n    Running setup.py install for werkzeug: finished with status 'done'\n    Running setup.py install for MarkupSafe: started\n    Running setup.py install for MarkupSafe: finished with status 'done'\n    Running setup.py install for Jinja2: started\n    Running setup.py install for Jinja2: finished with status 'done'\n    Running setup.py install for itsdangerous: started\n    Running setup.py install for itsdangerous: finished with status 'done'\n    Running setup.py install for Flask: started\n    Running setup.py install for Flask: finished with status 'done'\n    Running setup.py install for Flask-Babel: started\n    Running setup.py install for Flask-Babel: finished with status 'done'\n    Running setup.py install for six: started\n    Running setup.py install for six: finished with status 'done'\n    Running setup.py install for Flask-Bcrypt: started\n    Running setup.py install for Flask-Bcrypt: finished with status 'done'\n    Running setup.py install for brotli: started\n    Running setup.py install for brotli: finished with status 'error'\n\u001b[91m/c3bottles/venv/lib/python3.8/site-packages/pip/_internal/req/req_file.py:200: UserWarning: Disabling all use of wheels due to the use of --build-option / --global-option / --install-option.\n  cmdoptions.check_install_build_global(options, line.opts)\n    ERROR: Command errored out with exit status 1:\n     command: /c3bottles/venv/bin/python3 -u -c 'import sys, setuptools, tokenize; sys.argv[0] = '\"'\"'/tmp/pip-install-daks65aa/brotli/setup.py'\"'\"'; __file__='\"'\"'/tmp/pip-install-daks65aa/brotli/setup.py'\"'\"';f=getattr(tokenize, '\"'\"'open'\"'\"', open)(__file__);code=f.read().replace('\"'\"'\\r\\n'\"'\"', '\"'\"'\\n'\"'\"');f.close();exec(compile(code, __file__, '\"'\"'exec'\"'\"'))' install --record /tmp/pip-record-_quydwo_/install-record.txt --single-version-externally-managed --compile --install-headers /c3bottles/venv/include/site/python3.8/brotli\n         cwd: /tmp/pip-install-daks65aa/brotli/\n    Complete output (42 lines):\n    running install\n    running build\n    running build_py\n    creating bin\n    creating bin/lib.linux-x86_64-3.8\n    copying python/brotli.py -> bin/lib.linux-x86_64-3.8\n    running build_ext\n    building '_brotli' extension\n    creating bin/temp.linux-x86_64-3.8\n    creating bin/temp.linux-x86_64-3.8/c\n    creating bin/temp.linux-x86_64-3.8/c/common\n    creating bin/temp.linux-x86_64-3.8/c/dec\n    creating bin/temp.linux-x86_64-3.8/c/enc\n    gcc -Wno-unused-result -Wsign-compare -DNDEBUG -g -fwrapv -O3 -Wall -Os -fomit-frame-pointer -g -Os -fomit-frame-pointer -g -Os -fomit-frame-pointer -g -DTHREAD_STACK_SIZE=0x100000 -fPIC -Ic/include -I/usr/include/python3.8 -c c/common/dictionary.c -o bin/temp.linux-x86_64-3.8/c/common/dictionary.o\n    gcc -Wno-unused-result -Wsign-compare -DNDEBUG -g -fwrapv -O3 -Wall -Os -fomit-frame-pointer -g -Os -fomit-frame-pointer -g -Os -fomit-frame-pointer -g -DTHREAD_STACK_SIZE=0x100000 -fPIC -Ic/include -I/usr/include/python3.8 -c c/common/transform.c -o bin/temp.linux-x86_64-3.8/c/common/transform.o\n    gcc -Wno-unused-result -Wsign-compare -DNDEBUG -g -fwrapv -O3 -Wall -Os -fomit-frame-pointer -g -Os -fomit-frame-pointer -g -Os -fomit-frame-pointer -g -DTHREAD_STACK_SIZE=0x100000 -fPIC -Ic/include -I/usr/include/python3.8 -c c/dec/bit_reader.c -o bin/temp.linux-x86_64-3.8/c/dec/bit_reader.o\n    gcc -Wno-unused-result -Wsign-compare -DNDEBUG -g -fwrapv -O3 -Wall -Os -fomit-frame-pointer -g -Os -fomit-frame-pointer -g -Os -fomit-frame-pointer -g -DTHREAD_STACK_SIZE=0x100000 -fPIC -Ic/include -I/usr/include/python3.8 -c c/dec/decode.c -o bin/temp.linux-x86_64-3.8/c/dec/decode.o\n    gcc -Wno-unused-result -Wsign-compare -DNDEBUG -g -fwrapv -O3 -Wall -Os -fomit-frame-pointer -g -Os -fomit-frame-pointer -g -Os -fomit-frame-pointer -g -DTHREAD_STACK_SIZE=0x100000 -fPIC -Ic/include -I/usr/include/python3.8 -c c/dec/huffman.c -o bin/temp.linux-x86_64-3.8/c/dec/huffman.o\n    gcc -Wno-unused-result -Wsign-compare -DNDEBUG -g -fwrapv -O3 -Wall -Os -fomit-frame-pointer -g -Os -fomit-frame-pointer -g -Os -fomit-frame-pointer -g -DTHREAD_STACK_SIZE=0x100000 -fPIC -Ic/include -I/usr/include/python3.8 -c c/dec/state.c -o bin/temp.linux-x86_64-3.8/c/dec/state.o\n    gcc -Wno-unused-result -Wsign-compare -DNDEBUG -g -fwrapv -O3 -Wall -Os -fomit-frame-pointer -g -Os -fomit-frame-pointer -g -Os -fomit-frame-pointer -g -DTHREAD_STACK_SIZE=0x100000 -fPIC -Ic/include -I/usr/include/python3.8 -c c/enc/backward_references.c -o bin/temp.linux-x86_64-3.8/c/enc/backward_references.o\n    gcc -Wno-unused-result -Wsign-compare -DNDEBUG -g -fwrapv -O3 -Wall -Os -fomit-frame-pointer -g -Os -fomit-frame-pointer -g -Os -fomit-frame-pointer -g -DTHREAD_STACK_SIZE=0x100000 -fPIC -Ic/include -I/usr/include/python3.8 -c c/enc/backward_references_hq.c -o bin/temp.linux-x86_64-3.8/c/enc/backward_references_hq.o\n    gcc -Wno-unused-result -Wsign-compare -DNDEBUG -g -fwrapv -O3 -Wall -Os -fomit-frame-pointer -g -Os -fomit-frame-pointer -g -Os -fomit-frame-pointer -g -DTHREAD_STACK_SIZE=0x100000 -fPIC -Ic/include -I/usr/include/python3.8 -c c/enc/bit_cost.c -o bin/temp.linux-x86_64-3.8/c/enc/bit_cost.o\n    gcc -Wno-unused-result -Wsign-compare -DNDEBUG -g -fwrapv -O3 -Wall -Os -fomit-frame-pointer -g -Os -fomit-frame-pointer -g -Os -fomit-frame-pointer -g -DTHREAD_STACK_SIZE=0x100000 -fPIC -Ic/include -I/usr/include/python3.8 -c c/enc/block_splitter.c -o bin/temp.linux-x86_64-3.8/c/enc/block_splitter.o\n    gcc -Wno-unused-result -Wsign-compare -DNDEBUG -g -fwrapv -O3 -Wall -Os -fomit-frame-pointer -g -Os -fomit-frame-pointer -g -Os -fomit-frame-pointer -g -DTHREAD_STACK_SIZE=0x100000 -fPIC -Ic/include -I/usr/include/python3.8 -c c/enc/brotli_bit_stream.c -o bin/temp.linux-x86_64-3.8/c/enc/brotli_bit_stream.o\n    gcc -Wno-unused-result -Wsign-compare -DNDEBUG -g -fwrapv -O3 -Wall -Os -fomit-frame-pointer -g -Os -fomit-frame-pointer -g -Os -fomit-frame-pointer -g -DTHREAD_STACK_SIZE=0x100000 -fPIC -Ic/include -I/usr/include/python3.8 -c c/enc/cluster.c -o bin/temp.linux-x86_64-3.8/c/enc/cluster.o\n    gcc -Wno-unused-result -Wsign-compare -DNDEBUG -g -fwrapv -O3 -Wall -Os -fomit-frame-pointer -g -Os -fomit-frame-pointer -g -Os -fomit-frame-pointer -g -DTHREAD_STACK_SIZE=0x100000 -fPIC -Ic/include -I/usr/include/python3.8 -c c/enc/compress_fragment.c -o bin/temp.linux-x86_64-3.8/c/enc/compress_fragment.o\n    gcc -Wno-unused-result -Wsign-compare -DNDEBUG -g -fwrapv -O3 -Wall -Os -fomit-frame-pointer -g -Os -fomit-frame-pointer -g -Os -fomit-frame-pointer -g -DTHREAD_STACK_SIZE=0x100000 -fPIC -Ic/include -I/usr/include/python3.8 -c c/enc/compress_fragment_two_pass.c -o bin/temp.linux-x86_64-3.8/c/enc/compress_fragment_two_pass.o\n    gcc -Wno-unused-result -Wsign-compare -DNDEBUG -g -fwrapv -O3 -Wall -Os -fomit-frame-pointer -g -Os -fomit-frame-pointer -g -Os -fomit-frame-pointer -g -DTHREAD_STACK_SIZE=0x100000 -fPIC -Ic/include -I/usr/include/python3.8 -c c/enc/dictionary_hash.c -o bin/temp.linux-x86_64-3.8/c/enc/dictionary_hash.o\n    gcc -Wno-unused-result -Wsign-compare -DNDEBUG -g -fwrapv -O3 -Wall -Os -fomit-frame-pointer -g -Os -fomit-frame-pointer -g -Os -fomit-frame-pointer -g -DTHREAD_STACK_SIZE=0x100000 -fPIC -Ic/include -I/usr/include/python3.8 -c c/enc/encode.c -o bin/temp.linux-x86_64-3.8/c/enc/encode.o\n    gcc -Wno-unused-result -Wsign-compare -DNDEBUG -g -fwrapv -O3 -Wall -Os -fomit-frame-pointer -g -Os -fomit-frame-pointer -g -Os -fomit-frame-pointer -g -DTHREAD_STACK_SIZE=0x100000 -fPIC -Ic/include -I/usr/include/python3.8 -c c/enc/encoder_dict.c -o bin/temp.linux-x86_64-3.8/c/enc/encoder_dict.o\n    gcc -Wno-unused-result -Wsign-compare -DNDEBUG -g -fwrapv -O3 -Wall -Os -fomit-frame-pointer -g -Os -fomit-frame-pointer -g -Os -fomit-frame-pointer -g -DTHREAD_STACK_SIZE=0x100000 -fPIC -Ic/include -I/usr/include/python3.8 -c c/enc/entropy_encode.c -o bin/temp.linux-x86_64-3.8/c/enc/entropy_encode.o\n    gcc -Wno-unused-result -Wsign-compare -DNDEBUG -g -fwrapv -O3 -Wall -Os -fomit-frame-pointer -g -Os -fomit-frame-pointer -g -Os -fomit-frame-pointer -g -DTHREAD_STACK_SIZE=0x100000 -fPIC -Ic/include -I/usr/include/python3.8 -c c/enc/histogram.c -o bin/temp.linux-x86_64-3.8/c/enc/histogram.o\n    gcc -Wno-unused-result -Wsign-compare -DNDEBUG -g -fwrapv -O3 -Wall -Os -fomit-frame-pointer -g -Os -fomit-frame-pointer -g -Os -fomit-frame-pointer -g -DTHREAD_STACK_SIZE=0x100000 -fPIC -Ic/include -I/usr/include/python3.8 -c c/enc/literal_cost.c -o bin/temp.linux-x86_64-3.8/c/enc/literal_cost.o\n    gcc -Wno-unused-result -Wsign-compare -DNDEBUG -g -fwrapv -O3 -Wall -Os -fomit-frame-pointer -g -Os -fomit-frame-pointer -g -Os -fomit-frame-pointer -g -DTHREAD_STACK_SIZE=0x100000 -fPIC -Ic/include -I/usr/include/python3.8 -c c/enc/memory.c -o bin/temp.linux-x86_64-3.8/c/enc/memory.o\n    gcc -Wno-unused-result -Wsign-compare -DNDEBUG -g -fwrapv -O3 -Wall -Os -fomit-frame-pointer -g -Os -fomit-frame-pointer -g -Os -fomit-frame-pointer -g -DTHREAD_STACK_SIZE=0x100000 -fPIC -Ic/include -I/usr/include/python3.8 -c c/enc/metablock.c -o bin/temp.linux-x86_64-3.8/c/enc/metablock.o\n    gcc -Wno-unused-result -Wsign-compare -DNDEBUG -g -fwrapv -O3 -Wall -Os -fomit-frame-pointer -g -Os -fomit-frame-pointer -g -Os -fomit-frame-pointer -g -DTHREAD_STACK_SIZE=0x100000 -fPIC -Ic/include -I/usr/include/python3.8 -c c/enc/static_dict.c -o bin/temp.linux-x86_64-3.8/c/enc/static_dict.o\n    gcc -Wno-unused-result -Wsign-compare -DNDEBUG -g -fwrapv -O3 -Wall -Os -fomit-frame-pointer -g -Os -fomit-frame-pointer -g -Os -fomit-frame-pointer -g -DTHREAD_STACK_SIZE=0x100000 -fPIC -Ic/include -I/usr/include/python3.8 -c c/enc/utf8_util.c -o bin/temp.linux-x86_64-3.8/c/enc/utf8_util.o\n    creating bin/temp.linux-x86_64-3.8/python\n    gcc -Wno-unused-result -Wsign-compare -DNDEBUG -g -fwrapv -O3 -Wall -Os -fomit-frame-pointer -g -Os -fomit-frame-pointer -g -Os -fomit-frame-pointer -g -DTHREAD_STACK_SIZE=0x100000 -fPIC -Ic/include -I/usr/include/python3.8 -c python/_brotli.cc -o bin/temp.linux-x86_64-3.8/python/_brotli.o\n    gcc: fatal error: cannot execute 'cc1plus': execvp: No such file or directory\n    compilation terminated.\n    error: command 'gcc' failed with exit status 1\n    ----------------------------------------\n\u001b[0m\u001b[91mERROR: Command errored out with exit status 1: /c3bottles/venv/bin/python3 -u -c 'import sys, setuptools, tokenize; sys.argv[0] = '\"'\"'/tmp/pip-install-daks65aa/brotli/setup.py'\"'\"'; __file__='\"'\"'/tmp/pip-install-daks65aa/brotli/setup.py'\"'\"';f=getattr(tokenize, '\"'\"'open'\"'\"', open)(__file__);code=f.read().replace('\"'\"'\\r\\n'\"'\"', '\"'\"'\\n'\"'\"');f.close();exec(compile(code, __file__, '\"'\"'exec'\"'\"'))' install --record /tmp/pip-record-_quydwo_/install-record.txt --single-version-externally-managed --compile --install-headers /c3bottles/venv/include/site/python3.8/brotli Check the logs for full command output.\n\u001b[0m",
    "raw_stderr_log": "The command '/bin/sh -c pip install -r requirements/docker.txt --no-cache-dir' returned a non-zero code: 1",
    "html_url": "https://github.com/c3bottles/c3bottles",
    "repo_commit": "6d7d51101eed8282ef741bb96b369b131ef9f33f",
    "repo_id": 32449036
  },
  {
    "raw_dockerfile": "FROM tiangolo/uwsgi-nginx-flask:python3.6\n\nCOPY requirements.txt /\n\nWORKDIR /\n\nRUN pip install -r ./requirements.txt --no-cache-dir\n\nCOPY app/ /app/\n\nWORKDIR /app\n\nENV FLASK_APP=app.py\nCMD flask db upgrade && flask run -h 0.0.0.0 -p 5000",
    "raw_stdout_log": "Sending build context to Docker daemon  99.84kB\r\r\nStep 1/8 : FROM tiangolo/uwsgi-nginx-flask:python3.6\npython3.6: Pulling from tiangolo/uwsgi-nginx-flask\n90fe46dd8199: Pulling fs layer\n35a4f1977689: Pulling fs layer\nbbc37f14aded: Pulling fs layer\n74e27dc593d4: Pulling fs layer\n4352dcff7819: Pulling fs layer\n1847e662e737: Pulling fs layer\n11d40aa4a4d0: Pulling fs layer\n423a225c2f8b: Pulling fs layer\n730abf0e8db7: Pulling fs layer\n2f2c1f99caec: Pulling fs layer\n74e27dc593d4: Waiting\n117b2bb6b9f5: Pulling fs layer\n24cf85cbbf19: Pulling fs layer\n1847e662e737: Waiting\n11d40aa4a4d0: Waiting\n117b2bb6b9f5: Waiting\ne5b1d4c157be: Pulling fs layer\n730abf0e8db7: Waiting\n41ed8631c488: Pulling fs layer\n24cf85cbbf19: Waiting\ne5b1d4c157be: Waiting\n4cea017a23a1: Pulling fs layer\n41ed8631c488: Waiting\n634fcb400bb1: Pulling fs layer\n751c69d0afb6: Pulling fs layer\n4cea017a23a1: Waiting\nd5a08367e03a: Pulling fs layer\nd9cd7fb23581: Pulling fs layer\nd5a08367e03a: Waiting\nf81f7e2c0189: Pulling fs layer\n751c69d0afb6: Waiting\nd9cd7fb23581: Waiting\ncd58b8e863a0: Pulling fs layer\nb7c3f7736a2e: Pulling fs layer\nf81f7e2c0189: Waiting\nf0b64ede661e: Pulling fs layer\nde9811782277: Pulling fs layer\n94d8b415f201: Pulling fs layer\nf0b64ede661e: Waiting\nde9811782277: Waiting\n8f57ef833d5c: Pulling fs layer\n94d8b415f201: Waiting\n8f57ef833d5c: Waiting\n35a4f1977689: Verifying Checksum\n35a4f1977689: Download complete\nbbc37f14aded: Verifying Checksum\nbbc37f14aded: Download complete\n90fe46dd8199: Download complete\n4352dcff7819: Verifying Checksum\n4352dcff7819: Download complete\n90fe46dd8199: Pull complete\n1847e662e737: Verifying Checksum\n1847e662e737: Download complete\n423a225c2f8b: Verifying Checksum\n423a225c2f8b: Download complete\n35a4f1977689: Pull complete\n11d40aa4a4d0: Verifying Checksum\n11d40aa4a4d0: Download complete\n74e27dc593d4: Verifying Checksum\n74e27dc593d4: Download complete\n730abf0e8db7: Verifying Checksum\n730abf0e8db7: Download complete\n117b2bb6b9f5: Verifying Checksum\n117b2bb6b9f5: Download complete\ne5b1d4c157be: Download complete\n24cf85cbbf19: Verifying Checksum\n24cf85cbbf19: Download complete\n41ed8631c488: Download complete\n634fcb400bb1: Download complete\n4cea017a23a1: Verifying Checksum\n4cea017a23a1: Download complete\n751c69d0afb6: Verifying Checksum\n751c69d0afb6: Download complete\nd9cd7fb23581: Download complete\nf81f7e2c0189: Download complete\ncd58b8e863a0: Verifying Checksum\ncd58b8e863a0: Download complete\nb7c3f7736a2e: Verifying Checksum\nb7c3f7736a2e: Download complete\nf0b64ede661e: Download complete\nde9811782277: Download complete\n94d8b415f201: Download complete\n8f57ef833d5c: Download complete\nbbc37f14aded: Pull complete\n74e27dc593d4: Pull complete\n4352dcff7819: Pull complete\n1847e662e737: Pull complete\n11d40aa4a4d0: Pull complete\n423a225c2f8b: Pull complete\n730abf0e8db7: Pull complete\n2f2c1f99caec: Pull complete\n117b2bb6b9f5: Pull complete\n24cf85cbbf19: Pull complete\ne5b1d4c157be: Pull complete\n41ed8631c488: Pull complete\n4cea017a23a1: Pull complete\n634fcb400bb1: Pull complete\n751c69d0afb6: Pull complete\nd5a08367e03a: Pull complete\nd9cd7fb23581: Pull complete\nf81f7e2c0189: Pull complete\ncd58b8e863a0: Pull complete\nb7c3f7736a2e: Pull complete\nf0b64ede661e: Pull complete\nde9811782277: Pull complete\n94d8b415f201: Pull complete\n8f57ef833d5c: Pull complete\nDigest: sha256:9679e04e7fd04c51e3d84b7c94d5f643c69b7effb1c844e4d57cd229413c8227\nStatus: Downloaded newer image for tiangolo/uwsgi-nginx-flask:python3.6\n ---> 42c10a01539f\nStep 2/8 : COPY requirements.txt /\n ---> f930c57a13ae\nStep 3/8 : WORKDIR /\nRemoving intermediate container b136fbb35ccf\n ---> e6c02c0ba9e5\nStep 4/8 : RUN pip install -r ./requirements.txt --no-cache-dir\n ---> Running in 37a135c48fca\nCollecting alembic==0.9.1\n  Downloading alembic-0.9.1.tar.gz (999 kB)\nCollecting appdirs==1.4.3\n  Downloading appdirs-1.4.3-py2.py3-none-any.whl (12 kB)\nCollecting click==6.7\n  Downloading click-6.7-py2.py3-none-any.whl (71 kB)\nCollecting Flask==0.12.1\n  Downloading Flask-0.12.1-py2.py3-none-any.whl (82 kB)\nCollecting Flask-Migrate==2.0.3\n  Downloading Flask-Migrate-2.0.3.tar.gz (15 kB)\nCollecting Flask-Script==2.0.5\n  Downloading Flask-Script-2.0.5.tar.gz (42 kB)\nCollecting Flask-SQLAlchemy==2.2\n  Downloading Flask_SQLAlchemy-2.2-py2.py3-none-any.whl (14 kB)\nCollecting itsdangerous==0.24\n  Downloading itsdangerous-0.24.tar.gz (46 kB)\nCollecting Jinja2==2.9.6\n  Downloading Jinja2-2.9.6-py2.py3-none-any.whl (340 kB)\nCollecting Mako==1.0.6\n  Downloading Mako-1.0.6.tar.gz (575 kB)\nCollecting MarkupSafe==1.0\n  Downloading MarkupSafe-1.0.tar.gz (14 kB)\n\u001b[91m    ERROR: Command errored out with exit status 1:\n     command: /usr/local/bin/python -c 'import sys, setuptools, tokenize; sys.argv[0] = '\"'\"'/tmp/pip-install-4orunlou/MarkupSafe/setup.py'\"'\"'; __file__='\"'\"'/tmp/pip-install-4orunlou/MarkupSafe/setup.py'\"'\"';f=getattr(tokenize, '\"'\"'open'\"'\"', open)(__file__);code=f.read().replace('\"'\"'\\r\\n'\"'\"', '\"'\"'\\n'\"'\"');f.close();exec(compile(code, __file__, '\"'\"'exec'\"'\"'))' egg_info --egg-base /tmp/pip-pip-egg-info-q0id_qbz\n         cwd: /tmp/pip-install-4orunlou/MarkupSafe/\n    Complete output (5 lines):\n    Traceback (most recent call last):\n      File \"<string>\", line 1, in <module>\n      File \"/tmp/pip-install-4orunlou/MarkupSafe/setup.py\", line 6, in <module>\n        from setuptools import setup, Extension, Feature\n    ImportError: cannot import name 'Feature'\n    ----------------------------------------\n\u001b[0m\u001b[91mERROR: Command errored out with exit status 1: python setup.py egg_info Check the logs for full command output.\n\u001b[0m\u001b[91mWARNING: You are using pip version 20.1; however, version 20.1.1 is available.\nYou should consider upgrading via the '/usr/local/bin/python -m pip install --upgrade pip' command.\n\u001b[0m",
    "raw_stderr_log": "The command '/bin/sh -c pip install -r ./requirements.txt --no-cache-dir' returned a non-zero code: 1",
    "html_url": "https://github.com/Azure-Samples/docker-flask-postgres",
    "repo_commit": "10be54e2248f5910101ebcabb6faf90470be2121",
    "repo_id": 90177010
  }
]