[
  {
    "raw_dockerfile": "FROM node:9\n\nADD package.json /app/package.json\nWORKDIR /app\nRUN yarn install\n\nADD . /app\nRUN yarn build\nEXPOSE 3000\n\nCMD [\"yarn\", \"start-server\"]",
    "raw_stdout_log": "Sending build context to Docker daemon  2.949MB\r\r\nStep 1/8 : FROM node:9\n9: Pulling from library/node\nd660b1f15b9b: Pulling fs layer\n46dde23c37b3: Pulling fs layer\n6ebaeb074589: Pulling fs layer\ne7428f935583: Pulling fs layer\neda527043444: Pulling fs layer\nf3088daa8887: Pulling fs layer\n1ded38ff7fdc: Pulling fs layer\nda44c9274f48: Pulling fs layer\ne7428f935583: Waiting\neda527043444: Waiting\nda44c9274f48: Waiting\n1ded38ff7fdc: Waiting\nf3088daa8887: Waiting\n46dde23c37b3: Verifying Checksum\n46dde23c37b3: Download complete\nd660b1f15b9b: Verifying Checksum\nd660b1f15b9b: Download complete\n6ebaeb074589: Verifying Checksum\n6ebaeb074589: Download complete\neda527043444: Download complete\nf3088daa8887: Verifying Checksum\nf3088daa8887: Download complete\nda44c9274f48: Download complete\n1ded38ff7fdc: Verifying Checksum\n1ded38ff7fdc: Download complete\ne7428f935583: Verifying Checksum\ne7428f935583: Download complete\nd660b1f15b9b: Pull complete\n46dde23c37b3: Pull complete\n6ebaeb074589: Pull complete\ne7428f935583: Pull complete\neda527043444: Pull complete\nf3088daa8887: Pull complete\n1ded38ff7fdc: Pull complete\nda44c9274f48: Pull complete\nDigest: sha256:cddc729ef8326f7e8966c246ba2e87bad4c15365494ff3d681fa6f022cdab041\nStatus: Downloaded newer image for node:9\n ---> 08a8c8089ab1\nStep 2/8 : ADD package.json /app/package.json\n ---> 673f72359ade\nStep 3/8 : WORKDIR /app\nRemoving intermediate container 6a5ea02d3911\n ---> 56069fc9b954\nStep 4/8 : RUN yarn install\n ---> Running in 9a6ec7f08a3b\nyarn install v1.5.1\ninfo No lockfile found.\n[1/4] Resolving packages...\n\u001b[91mwarning bs-apollo-server-express > apollo-server-express > apollo-server-core > graphql-extensions > core-js@2.6.11: core-js@<3 is no longer maintained and not recommended for usage due to the number of issues. Please, upgrade your dependencies to the actual version of core-js@3.\n\u001b[0m\u001b[91mwarning reason-apollo > fbjs > core-js@1.2.7: core-js@<3 is no longer maintained and not recommended for usage due to the number of issues. Please, upgrade your dependencies to the actual version of core-js@3.\n\u001b[0m\u001b[91mwarning @glennsl/bs-jest > jest > jest-cli > @jest/core > jest-haste-map > fsevents@1.2.13: fsevents 1 will break on node v14+ and could be using insecure binaries. Upgrade to fsevents 2.\n\u001b[0m\u001b[91mwarning @glennsl/bs-jest > jest > jest-cli > jest-config > jest-environment-jsdom > jsdom > left-pad@1.3.0: use String.prototype.padStart()\n\u001b[0m\u001b[91mwarning @glennsl/bs-jest > jest > jest-cli > jest-config > jest-environment-jsdom > jsdom > request@2.88.2: request has been deprecated, see https://github.com/request/request/issues/3142\n\u001b[0m\u001b[91mwarning @glennsl/bs-jest > jest > jest-cli > @jest/core > micromatch > snapdragon > source-map-resolve > resolve-url@0.2.1: https://github.com/lydell/resolve-url#deprecated\n\u001b[0m\u001b[91mwarning @glennsl/bs-jest > jest > jest-cli > @jest/core > micromatch > snapdragon > source-map-resolve > urix@0.1.0: Please see https://github.com/lydell/urix#deprecated\n\u001b[0m\u001b[91mwarning graphql_ppx > request@2.88.2: request has been deprecated, see https://github.com/request/request/issues/3142\n\u001b[0m\u001b[91mwarning jest > jest-cli > jest-haste-map > sane > fsevents@1.2.13: fsevents 1 will break on node v14+ and could be using insecure binaries. Upgrade to fsevents 2.\n\u001b[0m\u001b[91mwarning jest > jest-cli > istanbul-lib-instrument > babel-template > babel-runtime > core-js@2.6.11: core-js@<3 is no longer maintained and not recommended for usage due to the number of issues. Please, upgrade your dependencies to the actual version of core-js@3.\n\u001b[0m\u001b[91mwarning jest > jest-cli > jest-runtime > babel-core > babel-register > core-js@2.6.11: core-js@<3 is no longer maintained and not recommended for usage due to the number of issues. Please, upgrade your dependencies to the actual version of core-js@3.\n\u001b[0m\u001b[91mwarning nodemon > chokidar@2.1.8: Chokidar 2 will break on node v14+. Upgrade to chokidar 3 with 15x less dependencies.\n\u001b[0m\u001b[91mwarning nodemon > chokidar > fsevents@1.2.13: fsevents 1 will break on node v14+ and could be using insecure binaries. Upgrade to fsevents 2.\n\u001b[0m\u001b[91mwarning webpack > watchpack > watchpack-chokidar2 > chokidar@2.1.8: Chokidar 2 will break on node v14+. Upgrade to chokidar 3 with 15x less dependencies.\n\u001b[0m\u001b[91mwarning webpack-cli > jscodeshift > nomnom@1.8.1: Package no longer supported. Contact support@npmjs.com for more info.\nwarning webpack-cli > webpack-addons > jscodeshift > nomnom@1.8.1: Package no longer supported. Contact support@npmjs.com for more info.\n\u001b[0m\u001b[91mwarning webpack-cli > webpack-addons > jscodeshift > recast > core-js@2.6.11: core-js@<3 is no longer maintained and not recommended for usage due to the number of issues. Please, upgrade your dependencies to the actual version of core-js@3.\n\u001b[0m\u001b[91mwarning webpack-cli > yeoman-environment > npm-api > request@2.88.2: request has been deprecated, see https://github.com/request/request/issues/3142\n\u001b[0m\u001b[91mwarning webpack-cli > jscodeshift > babel-preset-es2015@6.24.1: ðŸ™Œ  Thanks for using Babel: we recommend using babel-preset-env now: please read https://babeljs.io/env to update!\nwarning webpack-cli > webpack-addons > jscodeshift > babel-preset-es2015@6.24.1: ðŸ™Œ  Thanks for using Babel: we recommend using babel-preset-env now: please read https://babeljs.io/env to update!\n\u001b[0m[2/4] Fetching packages...\n\u001b[91merror get-caller-file@2.0.5: The engine \"node\" is incompatible with this module. Expected version \"6.* || 8.* || >= 10.*\".\n\u001b[0m\u001b[91merror An unexpected error occurred: \"Found incompatible module\".\n\u001b[0minfo If you think this is a bug, please open a bug report with the information provided in \"/app/yarn-error.log\".\ninfo Visit https://yarnpkg.com/en/docs/cli/install for documentation about this command.",
    "raw_stderr_log": "The command '/bin/sh -c yarn install' returned a non-zero code: 1",
    "html_url": "https://github.com/Hehk/30s-of-reason",
    "repo_commit": "f0cf4f9678d0b380cf964a0cf07239efea04c118",
    "repo_id": 118387420
  },
  {
    "raw_dockerfile": "FROM node:8.9.4-alpine\n\nRUN npm install nodemon -g\n\n# Create app directory\nRUN mkdir -p /usr/src/app\nWORKDIR /usr/src/app\n\n# Install app dependencies\nCOPY package.json /usr/src/app/\nCOPY nodemon.json /usr/src/app/\nCOPY tsconfig.json /usr/src/app/\nCOPY ormconfig.json /usr/src/app/\n\nRUN npm install -g -s --no-progress yarn\nRUN yarn install\n\nRUN ls\n\nENV PORT 3000\nEXPOSE $PORT 8080 9229\n\nCMD [ \"yarn\", \"start\" ]",
    "raw_stdout_log": "Sending build context to Docker daemon  417.8kB\r\r\nStep 1/14 : FROM node:8.9.4-alpine\n8.9.4-alpine: Pulling from library/node\n605ce1bd3f31: Already exists\n79b85b1676b5: Pulling fs layer\n20865485d0c2: Pulling fs layer\n20865485d0c2: Verifying Checksum\n20865485d0c2: Download complete\n79b85b1676b5: Verifying Checksum\n79b85b1676b5: Download complete\n79b85b1676b5: Pull complete\n20865485d0c2: Pull complete\nDigest: sha256:6bb963d58da845cf66a22bc5a48bb8c686f91d30240f0798feb0d61a2832fc46\nStatus: Downloaded newer image for node:8.9.4-alpine\n ---> 406f227b21f5\nStep 2/14 : RUN npm install nodemon -g\n ---> Running in ed3885f1bb12\n/usr/local/bin/nodemon -> /usr/local/lib/node_modules/nodemon/bin/nodemon.js\n\n> nodemon@2.0.4 postinstall /usr/local/lib/node_modules/nodemon\n> node bin/postinstall || exit 0\n\n\u001b[32mLove nodemon? You can now support the project via the open collective:\u001b[22m\u001b[39m\n > \u001b[96m\u001b[1mhttps://opencollective.com/nodemon/donate\u001b[0m\n\n\u001b[91mnpm WARN optional SKIPPING OPTIONAL DEPENDENCY: fsevents@~2.1.2 (node_modules/nodemon/node_modules/chokidar/node_modules/fsevents):\nnpm WARN \u001b[0m\u001b[91mnotsup SKIPPING OPTIONAL DEPENDENCY: Unsupported platform for fsevents@2.1.3: wanted {\"os\":\"darwin\",\"arch\":\"any\"} (current: {\"os\":\"linux\",\"arch\":\"x64\"})\n\u001b[0m\u001b[91m\n\u001b[0m+ nodemon@2.0.4\nadded 120 packages in 7.611s\nRemoving intermediate container ed3885f1bb12\n ---> 6e6064480864\nStep 3/14 : RUN mkdir -p /usr/src/app\n ---> Running in 94c6cc3a1b3b\nError removing intermediate container 94c6cc3a1b3b: No such container: 94c6cc3a1b3bf8d77b3725bd1fa3187278c2c54ea6d0bf74612b1f99ba11238b\n ---> 31684e86f8c4\nStep 4/14 : WORKDIR /usr/src/app\nError removing intermediate container 94c6cc3a1b3b: No such container: 94c6cc3a1b3bf8d77b3725bd1fa3187278c2c54ea6d0bf74612b1f99ba11238b\n ---> d9d423e13b7b\nStep 5/14 : COPY package.json /usr/src/app/\nError removing intermediate container 94c6cc3a1b3b: No such container: 94c6cc3a1b3bf8d77b3725bd1fa3187278c2c54ea6d0bf74612b1f99ba11238b\n ---> 399a131488c1\nStep 6/14 : COPY nodemon.json /usr/src/app/\nError removing intermediate container 94c6cc3a1b3b: No such container: 94c6cc3a1b3bf8d77b3725bd1fa3187278c2c54ea6d0bf74612b1f99ba11238b\n ---> ab62d8f2f255\nStep 7/14 : COPY tsconfig.json /usr/src/app/\nError removing intermediate container 94c6cc3a1b3b: No such container: 94c6cc3a1b3bf8d77b3725bd1fa3187278c2c54ea6d0bf74612b1f99ba11238b\n ---> 22d62d631c13\nStep 8/14 : COPY ormconfig.json /usr/src/app/\nError removing intermediate container 94c6cc3a1b3b: No such container: 94c6cc3a1b3bf8d77b3725bd1fa3187278c2c54ea6d0bf74612b1f99ba11238b\n ---> be80fab3cd74\nStep 9/14 : RUN npm install -g -s --no-progress yarn\n ---> Running in 346feca78598\n/usr/local/bin/yarn -> /usr/local/lib/node_modules/yarn/bin/yarn.js\n/usr/local/bin/yarnpkg -> /usr/local/lib/node_modules/yarn/bin/yarn.js\n+ yarn@1.22.4\nadded 1 package in 0.913s\nError removing intermediate container 94c6cc3a1b3b: No such container: 94c6cc3a1b3bf8d77b3725bd1fa3187278c2c54ea6d0bf74612b1f99ba11238b\n ---> 5bf0500942bf\nStep 10/14 : RUN yarn install\n ---> Running in 5ccdb273e719\nyarn install v1.22.4\ninfo No lockfile found.\n[1/4] Resolving packages...\n\u001b[91mwarning nodemon > chokidar@2.1.8: Chokidar 2 will break on node v14+. Upgrade to chokidar 3 with 15x less dependencies.\n\u001b[0m\u001b[91mwarning nodemon > chokidar > fsevents@1.2.13: fsevents 1 will break on node v14+ and could be using insecure binaries. Upgrade to fsevents 2.\n\u001b[0m\u001b[91mwarning nodemon > chokidar > braces > snapdragon > source-map-resolve > resolve-url@0.2.1: https://github.com/lydell/resolve-url#deprecated\n\u001b[0m\u001b[91mwarning nodemon > chokidar > braces > snapdragon > source-map-resolve > urix@0.1.0: Please see https://github.com/lydell/urix#deprecated\n\u001b[0m[2/4] Fetching packages...\n\u001b[91merror mkdirp@1.0.4: The engine \"node\" is incompatible with this module. Expected version \">=10\". Got \"8.9.4\"\n\u001b[0m\u001b[91merror Found incompatible module.\n\u001b[0minfo Visit https://yarnpkg.com/en/docs/cli/install for documentation about this command.",
    "raw_stderr_log": "The command '/bin/sh -c yarn install' returned a non-zero code: 1",
    "html_url": "https://github.com/scalio/nest-workshop-backend",
    "repo_commit": "dc0990be0c5d25cf0f04ec2f3cb6bc0060163406",
    "repo_id": 119438561
  },
  {
    "raw_dockerfile": "# Dockerfile\nFROM node:8.14 As builder\nLABEL maintainer=\"luffyZh\"\nCOPY . .\nRUN yarn install\nRUN yarn build\nCMD yarn prod",
    "raw_stdout_log": "Sending build context to Docker daemon  2.477MB\r\r\nStep 1/6 : FROM node:8.14 As builder\n8.14: Pulling from library/node\n54f7e8ac135a: Pulling fs layer\nd6341e30912f: Pulling fs layer\n087a57faf949: Pulling fs layer\n5d71636fb824: Pulling fs layer\n0c1db9598990: Pulling fs layer\n89669bc2deb2: Pulling fs layer\n054b6753329a: Pulling fs layer\naf512a86183f: Pulling fs layer\n54f7e8ac135a: Waiting\nd6341e30912f: Waiting\n89669bc2deb2: Waiting\n0c1db9598990: Waiting\n5d71636fb824: Waiting\naf512a86183f: Waiting\n054b6753329a: Waiting\n087a57faf949: Waiting\nd6341e30912f: Verifying Checksum\nd6341e30912f: Download complete\n087a57faf949: Verifying Checksum\n087a57faf949: Download complete\n54f7e8ac135a: Download complete\n5d71636fb824: Verifying Checksum\n5d71636fb824: Download complete\n89669bc2deb2: Download complete\naf512a86183f: Verifying Checksum\naf512a86183f: Download complete\n054b6753329a: Verifying Checksum\n054b6753329a: Download complete\n54f7e8ac135a: Pull complete\n0c1db9598990: Verifying Checksum\n0c1db9598990: Download complete\nd6341e30912f: Pull complete\n087a57faf949: Pull complete\n5d71636fb824: Pull complete\n0c1db9598990: Pull complete\n89669bc2deb2: Pull complete\n054b6753329a: Pull complete\naf512a86183f: Pull complete\nDigest: sha256:c2bf519e9ccf3b24dbd2465cb5e2022f02e2d59c773df7cb1819fb9e665d6e85\nStatus: Downloaded newer image for node:8.14\n ---> 5ecc5dd8387d\nStep 2/6 : LABEL maintainer=\"luffyZh\"\n ---> Running in d61528901de1\nRemoving intermediate container d61528901de1\n ---> 7b6eb032ba51\nStep 3/6 : COPY . .\n ---> 0af6875e0315\nStep 4/6 : RUN yarn install\n ---> Running in 739d7055580f\nyarn install v1.12.3\n[1/4] Resolving packages...\n[2/4] Fetching packages...\ninfo There appears to be trouble with your network connection. Retrying...\ninfo There appears to be trouble with your network connection. Retrying...\n\u001b[91merror next@9.3.5: The engine \"node\" is incompatible with this module. Expected version \">=10.13.0\". Got \"8.14.1\"\n\u001b[0m\u001b[91merror Found incompatible module\n\u001b[0minfo Visit https://yarnpkg.com/en/docs/cli/install for documentation about this command.",
    "raw_stderr_log": "The command '/bin/sh -c yarn install' returned a non-zero code: 1",
    "html_url": "https://github.com/luffyZh/next-antd-scaffold",
    "repo_commit": "f52352ff511e7dbaa08f3ab94a09574bf9b7a1c9",
    "repo_id": 146429622
  },
  {
    "raw_dockerfile": "FROM node:lts as node\n\nCOPY . /root\n\nWORKDIR /root/web/static/app\nRUN curl -o- -L https://yarnpkg.com/install.sh | sh\nRUN yarn install\nRUN yarn build\n\nFROM golang as go\n\nCOPY --from=node /root /root\n\nWORKDIR /root\nRUN curl -sfL https://install.goreleaser.com/github.com/golangci/golangci-lint.sh | sh -s -- -b $(go env GOPATH)/bin v1.19.1\nRUN go get -u github.com/gobuffalo/packr/v2/packr2\n\nWORKDIR /root\nENV GO111MODULE on\n\nCMD [\"./build.sh\", \"all\"]",
    "raw_stdout_log": "Sending build context to Docker daemon   9.13MB\r\r\nStep 1/14 : FROM node:lts as node\nlts: Pulling from library/node\n81fc19181915: Already exists\nee49ee6a23d1: Already exists\n828510924538: Already exists\na8f58c4fcca0: Already exists\n33699d7df21e: Already exists\n923705ffa8f8: Already exists\n5fa4fa08e10b: Already exists\n7f3e893e40e2: Already exists\n1b42cd4fbcb0: Already exists\nDigest: sha256:2b85f4981f92ee034b51a3c8bb22dbb451d650d5c12b6439a169f8adc750e4b6\nStatus: Downloaded newer image for node:lts\n ---> f5be1883c8e0\nStep 2/14 : COPY . /root\n ---> 9ea159c17691\nStep 3/14 : WORKDIR /root/web/static/app\nRemoving intermediate container d970aedab1a0\n ---> b843299b3759\nStep 4/14 : RUN curl -o- -L https://yarnpkg.com/install.sh | sh\n ---> Running in 635b18d8a81e\n\u001b[91m  % Total    % Received % Xferd  Average Speed   Time    Time     Time  Current\n                                 Dload  Upload   Total   Spent    Left  Speed\n\r\u001b[0m\u001b[91m  0     0    0     0    0     0      0      0 --:--:-- --:-\u001b[0m\u001b[91m-:-- --:--:--     0\u001b[0m\u001b[91m\r  0     0    0     0    0     0      0      0 --:--:-- --:--:-\u001b[0m\u001b[91m- --:--:--     0\u001b[0m\u001b[91m\r100    54  100    54    0     0    163      0 --:--:-- --:--:-- --:--:--   163\n\u001b[0m\u001b[91m\r100  7152  100  7152    0     0  10819      0 --:--:-- --:--:-- --:--:-- 10819\n\u001b[0m\u001b[37mInstalling Yarn!\u001b[0m\n\u001b[36m> Downloading tarball...\u001b[0m\n\u001b[91m\n[1/2]: https://yarnpkg.com/latest.tar.gz --> /tmp/yarn.tar.gz.zg5CDGAZ5l\n\u001b[0m\u001b[91m  % Total    % Received % Xferd  Av\u001b[0m\u001b[91merage Spe\u001b[0m\u001b[91med   Time    Time\u001b[0m\u001b[91m     Time  Current\n           \u001b[0m\u001b[91m                      Dload  Upload\u001b[0m\u001b[91m   Total   Spent  \u001b[0m\u001b[91m  Left  Speed\n\u001b[0m\u001b[91m\r  0     0    0   \u001b[0m\u001b[91m  0   \u001b[0m\u001b[91m 0     0     \u001b[0m\u001b[91m 0      0 --:--:-- --:--:-- --:--\u001b[0m\u001b[91m:--     0\u001b[0m\u001b[91m\r100    57  100    57    0     0    271      0 --:--:-- --:--:-- --:--:--   272\n\u001b[0m\u001b[91m\r  0     0    0     0    0     0      0      0 --:--:-- --:--:-- --:--:--     0\u001b[0m\u001b[91m\r100    93  100    93    0     0    173      0 --:--:--\u001b[0m\u001b[91m --:--:-- --:--:-- 9\u001b[0m\u001b[91m3000\n\u001b[0m\u001b[91m\r100   630  100   630    0     0    890      0 --:--:-- --:--:-- --:--:--   890\n\u001b[0m\u001b[91m\r100 1215k  100 1215k    0     0  1154k      0  0:00:01  0:00:01 --:--:-- 1154k\n\n[2/2]: htt\u001b[0m\u001b[91mps://yarnpkg.com/latest.tar.gz.asc --> /tmp/yarn.tar\u001b[0m\u001b[91m.gz.zg5CDGAZ5l.asc\n\u001b[0m\u001b[91m\r100    61  100    61    0     0   1297      0 --:--:-- --:--:-- --:--:--  1297\n\u001b[0m\u001b[91m\r100    97  100    97    0     0   1029      0 --:--:-- --:--:-- --:--:--  1029\n\u001b[0m\u001b[91m\r100   634  100   634    0     0   4653      0 -\u001b[0m\u001b[91m-:--:-- --:--:-- --:--:--  \u001b[0m\u001b[91m4653\u001b[0m\u001b[91m\n\u001b[0m\u001b[91m\r100  1028  100  1028    0     0   6020      0 --:--:-- --:--:-- --:--:--  \u001b[0m\u001b[91m6020\n\u001b[0m\u001b[91msh: 52: [[: not found\nsh: 57: [: unexpected operator\n\u001b[0m\u001b[36m> Verifying integrity...\u001b[0m\n\u001b[91mgpg: Signature made Mon Mar  9 15:52:13 2020 UTC\ngpg:                using RSA key 6D98490C6F1ACDDD448E45954F77679369475BAA\n\u001b[0m\u001b[91mgpg: Good signature from \"Yarn Packaging <yarn@dan.cx>\" [unknown]\n\u001b[0m\u001b[91mgpg: WARNING: This key is not certified with a trusted signature!\ngpg:          There is no indication that the signature belongs to the owner.\nPrimary key fingerprint: 72EC F46A 56B4 AD39 C907  BBB7 1646 B01B 86E5 0310\n     Subkey fingerprint: 6D98 490C 6F1A CDDD 448E  4595 4F77 6793 6947 5BAA\n\u001b[0m\u001b[32m> GPG signature looks good\u001b[0m\n\u001b[36m> Extracting to ~/.yarn...\u001b[0m\n\u001b[36m> Adding to $PATH...\u001b[0m\n\u001b[91msh: 95: [[: not found\n\u001b[0m\u001b[36m> We've added the following to your /root/.profile\n> If this isn't the profile of your current shell then please add the following to your correct profile:\n   \nexport PATH=\"$HOME/.yarn/bin:$HOME/.config/yarn/global/node_modules/.bin:$PATH\"\n\u001b[0m\n\u001b[32m> Successfully installed Yarn 1.22.4! Please open another terminal where the `yarn` command will now be available.\u001b[0m\nRemoving intermediate container 635b18d8a81e\n ---> 490534c08fa5\nStep 5/14 : RUN yarn install\n ---> Running in 54ae2af87eb4\nyarn install v1.22.4\n\u001b[91mwarning package-lock.json found. Your project contains lock files generated by tools other than Yarn. It is advised not to mix package managers in order to avoid resolution inconsistencies caused by unsynchronized lock files. To clear this warning, remove package-lock.json.\n\u001b[0m[1/4] Resolving packages...\n[2/4] Fetching packages...\ninfo fsevents@1.2.7: The platform \"linux\" is incompatible with this module.\ninfo \"fsevents@1.2.7\" is an optional dependency and failed compatibility check. Excluding it from installation.\n[3/4] Linking dependencies...\n\u001b[91mwarning \" > stylelint-webpack-plugin@0.10.5\" has incorrect peer dependency \"stylelint@^8.0.0\".\n\u001b[0m[4/4] Building fresh packages...\ninfo Visit https://yarnpkg.com/en/docs/cli/install for documentation about this command.\n\u001b[91merror /root/web/static/app/node_modules/node-sass: Command failed.\nExit code: 1\nCommand: node scripts/build.js\nArguments: \nDirectory: /root/web/static/app/node_modules/node-sass\nOutput:\nBuilding: /usr/local/bin/node /root/web/static/app/node_modules/node-gyp/bin/node-gyp.js rebuild --verbose --libsass_ext= --libsass_cflags= --libsass_ldflags= --libsass_library=\ngyp info it worked if it ends with ok\ngyp verb cli [\ngyp verb cli   '/usr/local/bin/node',\ngyp verb cli   '/root/web/static/app/node_modules/node-gyp/bin/node-gyp.js',\ngyp verb cli   'rebuild',\ngyp verb cli   '--verbose',\ngyp verb cli   '--libsass_ext=',\ngyp verb cli   '--libsass_cflags=',\ngyp verb cli   '--libsass_ldflags=',\ngyp verb cli   '--libsass_library='\ngyp verb cli ]\ngyp info using node-gyp@3.8.0\ngyp info using node@12.18.1 | linux | x64\ngyp verb command rebuild []\ngyp verb command clean []\ngyp verb clean removing \"build\" directory\ngyp verb command configure []\ngyp verb check python checking for Python executable \"python2\" in the PATH\ngyp verb `which` succeeded python2 /usr/bin/python2\ngyp verb check python version `/usr/bin/python2 -c \"import sys; print \"2.7.13\ngyp verb check python version .%s.%s\" % sys.version_info[:3];\"` returned: %j\ngyp verb get node dir no --target version specified, falling back to host node version: 12.18.1\ngyp verb command install [ '12.18.1' ]\ngyp verb install input version string \"12.18.1\"\ngyp verb install installing version: 12.18.1\ngyp verb install --ensure was passed, so won't reinstall if already installed\ngyp verb install version not already installed, continuing with install 12.18.1\ngyp verb ensuring nodedir is created /root/.node-gyp/12.18.1\ngyp verb created nodedir /root/.node-gyp\ngyp http GET https://nodejs.org/download/release/v12.18.1/node-v12.18.1-headers.tar.gz\ngyp http 200 https://nodejs.org/download/release/v12.18.1/node-v12.18.1-headers.tar.gz\ngyp verb extracted file from tarball include/node/common.gypi\ngyp verb extracted file from tarball include/node/config.gypi\ngyp verb extracted file from tarball include/node/node.h\ngyp verb extracted file from tarball include/node/node_api.h\ngyp verb extracted file from tarball include/node/js_native_api.h\ngyp verb extracted file from tarball include/node/js_native_api_types.h\ngyp verb extracted file from tarball include/node/node_api_types.h\ngyp verb extracted file from tarball include/node/node_buffer.h\ngyp verb extracted file from tarball include/node/node_object_wrap.h\ngyp verb extracted file from tarball include/node/node_version.h\ngyp verb extracted file from tarball include/node/v8-value-serializer-version.h\ngyp verb extracted file from tarball include/node/v8-internal.h\ngyp verb extracted file from tarball include/node/v8-platform.h\ngyp verb extracted file from tarball include/node/v8-profiler.h\ngyp verb extracted file from tarball include/node/v8-testing.h\ngyp verb extracted file from tarball include/node/v8-util.h\ngyp verb extracted file from tarball include/node/v8-version-string.h\ngyp verb extracted file from tarball include/node/v8-version.h\ngyp verb extracted file from tarball include/node/v8-wasm-trap-handler-posix.h\ngyp verb extracted file from tarball include/node/v8-wasm-trap-handler-win.h\ngyp verb extracted file from tarball include/node/v8.h\ngyp verb extracted file from tarball include/node/v8config.h\ngyp verb extracted file from tarball include/node/libplatform/libplatform-export.h\ngyp verb extracted file from tarball include/node/libplatform/libplatform.h\ngyp verb extracted file from tarball include/node/libplatform/v8-tracing.h\ngyp verb extracted file from tarball include/node/uv/aix.h\ngyp verb extracted file from tarball include/node/uv/android-ifaddrs.h\ngyp verb extracted file from tarball include/node/uv/bsd.h\ngyp verb extracted file from tarball include/node/uv/darwin.h\ngyp verb extracted file from tarball include/node/uv/errno.h\ngyp verb extracted file from tarball include/node/uv/linux.h\ngyp verb extracted file from tarball include/node/uv/os390.h\ngyp verb extracted file from tarball include/node/uv/posix.h\ngyp verb extracted file from tarball include/node/uv/stdint-msvc2008.h\ngyp verb extracted file from tarball include/node/uv/sunos.h\ngyp verb extracted file from tarball include/node/uv/threadpool.h\ngyp verb extracted file from tarball include/node/uv/tree.h\ngyp verb extracted file from tarball include/node/uv/unix.h\ngyp verb extracted file from tarball include/node/uv/version.h\ngyp verb extracted file from tarball include/node/uv/win.h\ngyp verb extracted file from tarball include/node/uv.h\ngyp verb extracted file from tarball include/node/openssl/aes.h\ngyp verb extracted file from tarball include/node/openssl/asn1.h\ngyp verb extracted file from tarball include/node/openssl/asn1_mac.h\ngyp verb extracted file from tarball include/node/openssl/asn1err.h\ngyp verb extracted file from tarball include/node/openssl/asn1t.h\ngyp verb extracted file from tarball include/node/openssl/async.h\ngyp verb extracted file from tarball include/node/openssl/asyncerr.h\ngyp verb extracted file from tarball include/node/openssl/bio.h\ngyp verb extracted file from tarball include/node/openssl/bioerr.h\ngyp verb extracted file from tarball include/node/openssl/blowfish.h\ngyp verb extracted file from tarball include/node/openssl/bn.h\ngyp verb extracted file from tarball include/node/openssl/bnerr.h\ngyp verb extracted file from tarball include/node/openssl/buffer.h\ngyp verb extracted file from tarball include/node/openssl/buffererr.h\ngyp verb extracted file from tarball include/node/openssl/camellia.h\ngyp verb extracted file from tarball include/node/openssl/cast.h\ngyp verb extracted file from tarball include/node/openssl/cmac.h\ngyp verb extracted file from tarball include/node/openssl/cms.h\ngyp verb extracted file from tarball include/node/openssl/cmserr.h\ngyp verb extracted file from tarball include/node/openssl/comp.h\ngyp verb extracted file from tarball include/node/openssl/comperr.h\ngyp verb extracted file from tarball include/node/openssl/conf.h\ngyp verb extracted file from tarball include/node/openssl/conf_api.h\ngyp verb extracted file from tarball include/node/openssl/conferr.h\ngyp verb extracted file from tarball include/node/openssl/crypto.h\ngyp verb extracted file from tarball include/node/openssl/cryptoerr.h\ngyp verb extracted file from tarball include/node/openssl/ct.h\ngyp verb extracted file from tarball include/node/openssl/cterr.h\ngyp verb extracted file from tarball include/node/openssl/des.h\ngyp verb extracted file from tarball include/node/openssl/dh.h\ngyp verb extracted file from tarball include/node/openssl/dherr.h\ngyp verb extracted file from tarball include/node/openssl/dsa.h\ngyp verb extracted file from tarball include/node/openssl/dsaerr.h\ngyp verb extracted file from tarball include/node/openssl/dtls1.h\ngyp verb extracted file from tarball include/node/openssl/e_os2.h\ngyp verb extracted file from tarball include/node/openssl/ebcdic.h\ngyp verb extracted file from tarball include/node/openssl/ec.h\ngyp verb extracted file from tarball include/node/openssl/ecdh.h\ngyp verb extracted file from tarball include/node/openssl/ecdsa.h\ngyp verb extracted file from tarball include/node/openssl/ecerr.h\ngyp verb extracted file from tarball include/node/openssl/engine.h\ngyp verb extracted file from tarball include/node/openssl/engineerr.h\ngyp verb extracted file from tarball include/node/openssl/err.h\ngyp verb extracted file from tarball include/node/openssl/evp.h\ngyp verb extracted file from tarball include/node/openssl/evperr.h\ngyp verb extracted file from tarball include/node/openssl/hmac.h\ngyp verb extracted file from tarball include/node/openssl/idea.h\ngyp verb extracted file from tarball include/node/openssl/kdf.h\ngyp verb extracted file from tarball include/node/openssl/kdferr.h\ngyp verb extracted file from tarball include/node/openssl/lhash.h\ngyp verb extracted file from tarball include/node/openssl/md2.h\ngyp verb extracted file from tarball include/node/openssl/md4.h\ngyp verb extracted file from tarball include/node/openssl/md5.h\ngyp verb extracted file from tarball include/node/openssl/mdc2.h\ngyp verb extracted file from tarball include/node/openssl/modes.h\ngyp verb extracted file from tarball include/node/openssl/obj_mac.h\ngyp verb extracted file from tarball include/node/openssl/objects.h\ngyp verb extracted file from tarball include/node/openssl/objectserr.h\ngyp verb extracted file from tarball include/node/openssl/ocsp.h\ngyp verb extracted file from tarball include/node/openssl/ocsperr.h\ngyp verb extracted file from tarball include/node/openssl/ossl_typ.h\ngyp verb extracted file from tarball include/node/openssl/pem.h\ngyp verb extracted file from tarball include/node/openssl/pem2.h\ngyp verb extracted file from tarball include/node/openssl/pemerr.h\ngyp verb extracted file from tarball include/node/openssl/pkcs12.h\ngyp verb extracted file from tarball include/node/openssl/pkcs12err.h\ngyp verb extracted file from tarball include/node/openssl/pkcs7.h\ngyp verb extracted file from tarball include/node/openssl/pkcs7err.h\ngyp verb extracted file from tarball include/node/openssl/rand.h\ngyp verb extracted file from tarball include/node/openssl/rand_drbg.h\ngyp verb extracted file from tarball include/node/openssl/randerr.h\ngyp verb extracted file from tarball include/node/openssl/rc2.h\ngyp verb extracted file from tarball include/node/openssl/rc4.h\ngyp verb extracted file from tarball include/node/openssl/rc5.h\ngyp verb extracted file from tarball include/node/openssl/ripemd.h\ngyp verb extracted file from tarball include/node/openssl/rsa.h\ngyp verb extracted file from tarball include/node/openssl/rsaerr.h\ngyp verb extracted file from tarball include/node/openssl/safestack.h\ngyp verb extracted file from tarball include/node/openssl/seed.h\ngyp verb extracted file from tarball include/node/openssl/sha.h\ngyp verb extracted file from tarball include/node/openssl/srp.h\ngyp verb extracted file from tarball include/node/openssl/srtp.h\ngyp verb extracted file from tarball include/node/openssl/ssl.h\ngyp verb extracted file from tarball include/node/openssl/ssl2.h\ngyp verb extracted file from tarball include/node/openssl/ssl3.h\ngyp verb extracted file from tarball include/node/openssl/stack.h\ngyp verb extracted file from tarball include/node/openssl/store.h\ngyp verb extracted file from tarball include/node/openssl/storeerr.h\ngyp verb extracted file from tarball include/node/openssl/symhacks.h\ngyp verb extracted file from tarball include/node/openssl/tls1.h\ngyp verb extracted file from tarball include/node/openssl/ts.h\ngyp verb extracted file from tarball include/node/openssl/tserr.h\ngyp verb extracted file from tarball include/node/openssl/txt_db.h\ngyp verb extracted file from tarball include/node/openssl/ui.h\ngyp verb extracted file from tarball include/node/openssl/uierr.h\ngyp verb extracted file from tarball include/node/openssl/whrlpool.h\ngyp verb extracted file from tarball include/node/openssl/x509.h\ngyp verb extracted file from tarball include/node/openssl/x509_vfy.h\ngyp verb extracted file from tarball include/node/openssl/x509err.h\ngyp verb extracted file from tarball include/node/openssl/x509v3.h\ngyp verb extracted file from tarball include/node/openssl/x509v3err.h\ngyp verb extracted file from tarball include/node/openssl/opensslv.h\ngyp verb extracted file from tarball include/node/openssl/sslerr.h\ngyp verb extracted file from tarball include/node/openssl/archs/linux-elf/no-asm/crypto/include/internal/bn_conf.h\ngyp verb extracted file from tarball include/node/openssl/archs/linux-elf/no-asm/crypto/include/internal/dso_conf.h\ngyp verb extracted file from tarball include/node/openssl/archs/linux-elf/no-asm/crypto/buildinf.h\ngyp verb extracted file from tarball include/node/openssl/archs/linux-elf/no-asm/include/openssl/opensslconf.h\ngyp verb extracted file from tarball include/node/openssl/archs/linux-elf/no-asm/include/progs.h\ngyp verb extracted file from tarball include/node/openssl/archs/linux-elf/asm/crypto/include/internal/bn_conf.h\ngyp verb extracted file from tarball include/node/openssl/archs/linux-elf/asm/crypto/include/internal/dso_conf.h\ngyp verb extracted file from tarball include/node/openssl/archs/linux-elf/asm/crypto/buildinf.h\ngyp verb extracted file from tarball include/node/openssl/archs/linux-elf/asm/include/openssl/opensslconf.h\ngyp verb extracted file from tarball include/node/openssl/archs/linux-elf/asm/include/progs.h\ngyp verb extracted file from tarball include/node/openssl/archs/linux-elf/asm_avx2/crypto/include/internal/bn_conf.h\ngyp verb extracted file from tarball include/node/openssl/archs/linux-elf/asm_avx2/crypto/include/internal/dso_conf.h\ngyp verb extracted file from tarball include/node/openssl/archs/linux-elf/asm_avx2/crypto/buildinf.h\ngyp verb extracted file from tarball include/node/openssl/archs/linux-elf/asm_avx2/include/openssl/opensslconf.h\ngyp verb extracted file from tarball include/node/openssl/archs/linux-elf/asm_avx2/include/progs.h\ngyp verb extracted file from tarball include/node/openssl/archs/linux-ppc64le/asm/crypto/include/internal/bn_conf.h\ngyp verb extracted file from tarball include/node/openssl/archs/linux-ppc64le/asm/crypto/include/internal/dso_conf.h\ngyp verb extracted file from tarball include/node/openssl/archs/linux-ppc64le/asm/crypto/buildinf.h\ngyp verb extracted file from tarball include/node/openssl/archs/linux-ppc64le/asm/include/openssl/opensslconf.h\ngyp verb extracted file from tarball include/node/openssl/archs/linux-ppc64le/asm/include/progs.h\ngyp verb extracted file from tarball include/node/openssl/archs/linux-ppc64le/no-asm/include/openssl/opensslconf.h\ngyp verb extracted file from tarball include/node/openssl/archs/linux-ppc64le/no-asm/include/progs.h\ngyp verb extracted file from tarball include/node/openssl/archs/linux-ppc64le/no-asm/crypto/include/internal/bn_conf.h\ngyp verb extracted file from tarball include/node/openssl/archs/linux-ppc64le/no-asm/crypto/include/internal/dso_conf.h\ngyp verb extracted file from tarball include/node/openssl/archs/linux-ppc64le/no-asm/crypto/buildinf.h\ngyp verb extracted file from tarball include/node/openssl/archs/linux-ppc64le/asm_avx2/include/openssl/opensslconf.h\ngyp verb extracted file from tarball include/node/openssl/archs/linux-ppc64le/asm_avx2/include/progs.h\ngyp verb extracted file from tarball include/node/openssl/archs/linux-ppc64le/asm_avx2/crypto/include/internal/bn_conf.h\ngyp verb extracted file from tarball include/node/openssl/archs/linux-ppc64le/asm_avx2/crypto/include/internal/dso_conf.h\ngyp verb extracted file from tarball include/node/openssl/archs/linux-ppc64le/asm_avx2/crypto/buildinf.h\ngyp verb extracted file from tarball include/node/openssl/archs/BSD-x86_64/asm/include/openssl/opensslconf.h\ngyp verb extracted file from tarball include/node/openssl/archs/BSD-x86_64/asm/include/progs.h\ngyp verb extracted file from tarball include/node/openssl/archs/BSD-x86_64/asm/crypto/include/internal/bn_conf.h\ngyp verb extracted file from tarball include/node/openssl/archs/BSD-x86_64/asm/crypto/include/internal/dso_conf.h\ngyp verb extracted file from tarball include/node/openssl/archs/BSD-x86_64/asm/crypto/buildinf.h\ngyp verb extracted file from tarball include/node/openssl/archs/BSD-x86_64/asm_avx2/include/openssl/opensslconf.h\ngyp verb extracted file from tarball include/node/openssl/archs/BSD-x86_64/asm_avx2/include/progs.h\ngyp verb extracted file from tarball include/node/openssl/archs/BSD-x86_64/asm_avx2/crypto/include/internal/bn_conf.h\ngyp verb extracted file from tarball include/node/openssl/archs/BSD-x86_64/asm_avx2/crypto/include/internal/dso_conf.h\ngyp verb extracted file from tarball include/node/openssl/archs/BSD-x86_64/asm_avx2/crypto/buildinf.h\ngyp verb extracted file from tarball include/node/openssl/archs/BSD-x86_64/no-asm/include/openssl/opensslconf.h\ngyp verb extracted file from tarball include/node/openssl/archs/BSD-x86_64/no-asm/include/progs.h\ngyp verb extracted file from tarball include/node/openssl/archs/BSD-x86_64/no-asm/crypto/include/internal/bn_conf.h\ngyp verb extracted file from tarball include/node/openssl/archs/BSD-x86_64/no-asm/crypto/include/internal/dso_conf.h\ngyp verb extracted file from tarball include/node/openssl/archs/BSD-x86_64/no-asm/crypto/buildinf.h\ngyp verb extracted file from tarball include/node/openssl/archs/VC-WIN64A/asm/include/openssl/opensslconf.h\ngyp verb extracted file from tarball include/node/openssl/archs/VC-WIN64A/asm/include/progs.h\ngyp verb extracted file from tarball include/node/openssl/archs/VC-WIN64A/asm/crypto/include/internal/bn_conf.h\ngyp verb extracted file from tarball include/node/openssl/archs/VC-WIN64A/asm/crypto/include/internal/dso_conf.h\ngyp verb extracted file from tarball include/node/openssl/archs/VC-WIN64A/asm/crypto/buildinf.h\ngyp verb extracted file from tarball include/node/openssl/archs/VC-WIN64A/no-asm/crypto/include/internal/bn_conf.h\ngyp verb extracted file from tarball include/node/openssl/archs/VC-WIN64A/no-asm/crypto/include/internal/dso_conf.h\ngyp verb extracted file from tarball include/node/openssl/archs/VC-WIN64A/no-asm/crypto/buildinf.h\ngyp verb extracted file from tarball include/node/openssl/archs/VC-WIN64A/no-asm/include/openssl/opensslconf.h\ngyp verb extracted file from tarball include/node/openssl/archs/VC-WIN64A/no-asm/include/progs.h\ngyp verb extracted file from tarball include/node/openssl/archs/VC-WIN64A/asm_avx2/crypto/include/internal/bn_conf.h\ngyp verb extracted file from tarball include/node/openssl/archs/VC-WIN64A/asm_avx2/crypto/include/internal/dso_conf.h\ngyp verb extracted file from tarball include/node/openssl/archs/VC-WIN64A/asm_avx2/crypto/buildinf.h\ngyp verb extracted file from tarball include/node/openssl/archs/VC-WIN64A/asm_avx2/include/openssl/opensslconf.h\ngyp verb extracted file from tarball include/node/openssl/archs/VC-WIN64A/asm_avx2/include/progs.h\ngyp verb extracted file from tarball include/node/openssl/archs/aix64-gcc/asm_avx2/crypto/include/internal/bn_conf.h\ngyp verb extracted file from tarball include/node/openssl/archs/aix64-gcc/asm_avx2/crypto/include/internal/dso_conf.h\ngyp verb extracted file from tarball include/node/openssl/archs/aix64-gcc/asm_avx2/crypto/buildinf.h\ngyp verb extracted file from tarball include/node/openssl/archs/aix64-gcc/asm_avx2/include/openssl/opensslconf.h\ngyp verb extracted file from tarball include/node/openssl/archs/aix64-gcc/asm_avx2/include/progs.h\ngyp verb extracted file from tarball include/node/openssl/archs/aix64-gcc/asm/crypto/include/internal/bn_conf.h\ngyp verb extracted file from tarball include/node/openssl/archs/aix64-gcc/asm/crypto/include/internal/dso_conf.h\ngyp verb extracted file from tarball include/node/openssl/archs/aix64-gcc/asm/crypto/buildinf.h\ngyp verb extracted file from tarball include/node/openssl/archs/aix64-gcc/asm/include/openssl/opensslconf.h\ngyp verb extracted file from tarball include/node/openssl/archs/aix64-gcc/asm/include/progs.h\ngyp verb extracted file from tarball include/node/openssl/archs/aix64-gcc/no-asm/include/openssl/opensslconf.h\ngyp verb extracted file from tarball include/node/openssl/archs/aix64-gcc/no-asm/include/progs.h\ngyp verb extracted file from tarball include/node/openssl/archs/aix64-gcc/no-asm/crypto/include/internal/bn_conf.h\ngyp verb extracted file from tarball include/node/openssl/archs/aix64-gcc/no-asm/crypto/include/internal/dso_conf.h\ngyp verb extracted file from tarball include/node/openssl/archs/aix64-gcc/no-asm/crypto/buildinf.h\ngyp verb extracted file from tarball include/node/openssl/archs/linux-ppc/asm_avx2/crypto/include/internal/bn_conf.h\ngyp verb extracted file from tarball include/node/openssl/archs/linux-ppc/asm_avx2/crypto/include/internal/dso_conf.h\ngyp verb extracted file from tarball include/node/openssl/archs/linux-ppc/asm_avx2/crypto/buildinf.h\ngyp verb extracted file from tarball include/node/openssl/archs/linux-ppc/asm_avx2/include/openssl/opensslconf.h\ngyp verb extracted file from tarball include/node/openssl/archs/linux-ppc/asm_avx2/include/progs.h\ngyp verb extracted file from tarball include/node/openssl/archs/linux-ppc/no-asm/crypto/include/internal/bn_conf.h\ngyp verb extracted file from tarball include/node/openssl/archs/linux-ppc/no-asm/crypto/include/internal/dso_conf.h\ngyp verb extracted file from tarball include/node/openssl/archs/linux-ppc/no-asm/crypto/buildinf.h\ngyp verb extracted file from tarball include/node/openssl/archs/linux-ppc/no-asm/include/openssl/opensslconf.h\ngyp verb extracted file from tarball include/node/openssl/archs/linux-ppc/no-asm/include/progs.h\ngyp verb extracted file from tarball include/node/openssl/archs/linux-ppc/asm/include/openssl/opensslconf.h\ngyp verb extracted file from tarball include/node/openssl/archs/linux-ppc/asm/include/progs.h\ngyp verb extracted file from tarball include/node/openssl/archs/linux-ppc/asm/crypto/include/internal/bn_conf.h\ngyp verb extracted file from tarball include/node/openssl/archs/linux-ppc/asm/crypto/include/internal/dso_conf.h\ngyp verb extracted file from tarball include/node/openssl/archs/linux-ppc/asm/crypto/buildinf.h\ngyp verb extracted file from tarball include/node/openssl/archs/darwin64-x86_64-cc/no-asm/crypto/include/internal/bn_conf.h\ngyp verb extracted file from tarball include/node/openssl/archs/darwin64-x86_64-cc/no-asm/crypto/include/internal/dso_conf.h\ngyp verb extracted file from tarball include/node/openssl/archs/darwin64-x86_64-cc/no-asm/crypto/buildinf.h\ngyp verb extracted file from tarball include/node/openssl/archs/darwin64-x86_64-cc/no-asm/include/openssl/opensslconf.h\ngyp verb extracted file from tarball include/node/openssl/archs/darwin64-x86_64-cc/no-asm/include/progs.h\ngyp verb extracted file from tarball include/node/openssl/archs/darwin64-x86_64-cc/asm/include/openssl/opensslconf.h\ngyp verb extracted file from tarball include/node/openssl/archs/darwin64-x86_64-cc/asm/include/progs.h\ngyp verb extracted file from tarball include/node/openssl/archs/darwin64-x86_64-cc/asm/crypto/include/internal/bn_conf.h\ngyp verb extracted file from tarball include/node/openssl/archs/darwin64-x86_64-cc/asm/crypto/include/internal/dso_conf.h\ngyp verb extracted file from tarball include/node/openssl/archs/darwin64-x86_64-cc/asm/crypto/buildinf.h\ngyp verb extracted file from tarball include/node/openssl/archs/darwin64-x86_64-cc/asm_avx2/crypto/include/internal/bn_conf.h\ngyp verb extracted file from tarball include/node/openssl/archs/darwin64-x86_64-cc/asm_avx2/crypto/include/internal/dso_conf.h\ngyp verb extracted file from tarball include/node/openssl/archs/darwin64-x86_64-cc/asm_avx2/crypto/buildinf.h\ngyp verb extracted file from tarball include/node/openssl/archs/darwin64-x86_64-cc/asm_avx2/include/openssl/opensslconf.h\ngyp verb extracted file from tarball include/node/openssl/archs/darwin64-x86_64-cc/asm_avx2/include/progs.h\ngyp verb extracted file from tarball include/node/openssl/archs/aix-gcc/asm_avx2/include/openssl/opensslconf.h\ngyp verb extracted file from tarball include/node/openssl/archs/aix-gcc/asm_avx2/include/progs.h\ngyp verb extracted file from tarball include/node/openssl/archs/aix-gcc/asm_avx2/crypto/include/internal/bn_conf.h\ngyp verb extracted file from tarball include/node/openssl/archs/aix-gcc/asm_avx2/crypto/include/internal/dso_conf.h\ngyp verb extracted file from tarball include/node/openssl/archs/aix-gcc/asm_avx2/crypto/buildinf.h\ngyp verb extracted file from tarball include/node/openssl/archs/aix-gcc/no-asm/include/openssl/opensslconf.h\ngyp verb extracted file from tarball include/node/openssl/archs/aix-gcc/no-asm/include/progs.h\ngyp verb extracted file from tarball include/node/openssl/archs/aix-gcc/no-asm/crypto/include/internal/bn_conf.h\ngyp verb extracted file from tarball include/node/openssl/archs/aix-gcc/no-asm/crypto/include/internal/dso_conf.h\ngyp verb extracted file from tarball include/node/openssl/archs/aix-gcc/no-asm/crypto/buildinf.h\ngyp verb extracted file from tarball include/node/openssl/archs/aix-gcc/asm/crypto/include/internal/bn_conf.h\ngyp verb extracted file from tarball include/node/openssl/archs/aix-gcc/asm/crypto/include/internal/dso_conf.h\ngyp verb extracted file from tarball include/node/openssl/archs/aix-gcc/asm/crypto/buildinf.h\ngyp verb extracted file from tarball include/node/openssl/archs/aix-gcc/asm/include/openssl/opensslconf.h\ngyp verb extracted file from tarball include/node/openssl/archs/aix-gcc/asm/include/progs.h\ngyp verb extracted file from tarball include/node/openssl/archs/linux-x86_64/asm_avx2/include/openssl/opensslconf.h\ngyp verb extracted file from tarball include/node/openssl/archs/linux-x86_64/asm_avx2/include/progs.h\ngyp verb extracted file from tarball include/node/openssl/archs/linux-x86_64/asm_avx2/crypto/include/internal/bn_conf.h\ngyp verb extracted file from tarball include/node/openssl/archs/linux-x86_64/asm_avx2/crypto/include/internal/dso_conf.h\ngyp verb extracted file from tarball include/node/openssl/archs/linux-x86_64/asm_avx2/crypto/buildinf.h\ngyp verb extracted file from tarball include/node/openssl/archs/linux-x86_64/no-asm/include/openssl/opensslconf.h\ngyp verb extracted file from tarball include/node/openssl/archs/linux-x86_64/no-asm/include/progs.h\ngyp verb extracted file from tarball include/node/openssl/archs/linux-x86_64/no-asm/crypto/include/internal/bn_conf.h\ngyp verb extracted file from tarball include/node/openssl/archs/linux-x86_64/no-asm/crypto/include/internal/dso_conf.h\ngyp verb extracted file from tarball include/node/openssl/archs/linux-x86_64/no-asm/crypto/buildinf.h\ngyp verb extracted file from tarball include/node/openssl/archs/linux-x86_64/asm/crypto/include/internal/bn_conf.h\ngyp verb extracted file from tarball include/node/openssl/archs/linux-x86_64/asm/crypto/include/internal/dso_conf.h\ngyp verb extracted file from tarball include/node/openssl/archs/linux-x86_64/asm/crypto/buildinf.h\ngyp verb extracted file from tarball include/node/openssl/archs/linux-x86_64/asm/include/openssl/opensslconf.h\ngyp verb extracted file from tarball include/node/openssl/archs/linux-x86_64/asm/include/progs.h\ngyp verb extracted file from tarball include/node/openssl/archs/solaris64-x86_64-gcc/no-asm/include/openssl/opensslconf.h\ngyp verb extracted file from tarball include/node/openssl/archs/solaris64-x86_64-gcc/no-asm/include/progs.h\ngyp verb extracted file from tarball include/node/openssl/archs/solaris64-x86_64-gcc/no-asm/crypto/include/internal/bn_conf.h\ngyp verb extracted file from tarball include/node/openssl/archs/solaris64-x86_64-gcc/no-asm/crypto/include/internal/dso_conf.h\ngyp verb extracted file from tarball include/node/openssl/archs/solaris64-x86_64-gcc/no-asm/crypto/buildinf.h\ngyp verb extracted file from tarball include/node/openssl/archs/solaris64-x86_64-gcc/asm_avx2/include/openssl/opensslconf.h\ngyp verb extracted file from tarball include/node/openssl/archs/solaris64-x86_64-gcc/asm_avx2/include/progs.h\ngyp verb extracted file from tarball include/node/openssl/archs/solaris64-x86_64-gcc/asm_avx2/crypto/include/internal/bn_conf.h\ngyp verb extracted file from tarball include/node/openssl/archs/solaris64-x86_64-gcc/asm_avx2/crypto/include/internal/dso_conf.h\ngyp verb extracted file from tarball include/node/openssl/archs/solaris64-x86_64-gcc/asm_avx2/crypto/buildinf.h\ngyp verb extracted file from tarball include/node/openssl/archs/solaris64-x86_64-gcc/asm/crypto/include/internal/bn_conf.h\ngyp verb extracted file from tarball include/node/openssl/archs/solaris64-x86_64-gcc/asm/crypto/include/internal/dso_conf.h\ngyp verb extracted file from tarball include/node/openssl/archs/solaris64-x86_64-gcc/asm/crypto/buildinf.h\ngyp verb extracted file from tarball include/node/openssl/archs/solaris64-x86_64-gcc/asm/include/openssl/opensslconf.h\ngyp verb extracted file from tarball include/node/openssl/archs/solaris64-x86_64-gcc/asm/include/progs.h\ngyp verb extracted file from tarball include/node/openssl/archs/BSD-x86/asm_avx2/crypto/include/internal/bn_conf.h\ngyp verb extracted file from tarball include/node/openssl/archs/BSD-x86/asm_avx2/crypto/include/internal/dso_conf.h\ngyp verb extracted file from tarball include/node/openssl/archs/BSD-x86/asm_avx2/crypto/buildinf.h\ngyp verb extracted file from tarball include/node/openssl/archs/BSD-x86/asm_avx2/include/openssl/opensslconf.h\ngyp verb extracted file from tarball include/node/openssl/archs/BSD-x86/asm_avx2/include/progs.h\ngyp verb extracted file from tarball include/node/openssl/archs/BSD-x86/asm/crypto/include/internal/bn_conf.h\ngyp verb extracted file from tarball include/node/openssl/archs/BSD-x86/asm/crypto/include/internal/dso_conf.h\ngyp verb extracted file from tarball include/node/openssl/archs/BSD-x86/asm/crypto/buildinf.h\ngyp verb extracted file from tarball include/node/openssl/archs/BSD-x86/asm/include/openssl/opensslconf.h\ngyp verb extracted file from tarball include/node/openssl/archs/BSD-x86/asm/include/progs.h\ngyp verb extracted file from tarball include/node/openssl/archs/BSD-x86/no-asm/crypto/include/internal/bn_conf.h\ngyp verb extracted file from tarball include/node/openssl/archs/BSD-x86/no-asm/crypto/include/internal/dso_conf.h\ngyp verb extracted file from tarball include/node/openssl/archs/BSD-x86/no-asm/crypto/buildinf.h\ngyp verb extracted file from tarball include/node/openssl/archs/BSD-x86/no-asm/include/openssl/opensslconf.h\ngyp verb extracted file from tarball include/node/openssl/archs/BSD-x86/no-asm/include/progs.h\ngyp verb extracted file from tarball include/node/openssl/archs/linux-aarch64/asm/crypto/include/internal/bn_conf.h\ngyp verb extracted file from tarball include/node/openssl/archs/linux-aarch64/asm/crypto/include/internal/dso_conf.h\ngyp verb extracted file from tarball include/node/openssl/archs/linux-aarch64/asm/crypto/buildinf.h\ngyp verb extracted file from tarball include/node/openssl/archs/linux-aarch64/asm/include/openssl/opensslconf.h\ngyp verb extracted file from tarball include/node/openssl/archs/linux-aarch64/asm/include/progs.h\ngyp verb extracted file from tarball include/node/openssl/archs/linux-aarch64/asm_avx2/crypto/include/internal/bn_conf.h\ngyp verb extracted file from tarball include/node/openssl/archs/linux-aarch64/asm_avx2/crypto/include/internal/dso_conf.h\ngyp verb extracted file from tarball include/node/openssl/archs/linux-aarch64/asm_avx2/crypto/buildinf.h\ngyp verb extracted file from tarball include/node/openssl/archs/linux-aarch64/asm_avx2/include/openssl/opensslconf.h\ngyp verb extracted file from tarball include/node/openssl/archs/linux-aarch64/asm_avx2/include/progs.h\ngyp verb extracted file from tarball include/node/openssl/archs/linux-aarch64/no-asm/crypto/include/internal/bn_conf.h\ngyp verb extracted file from tarball include/node/openssl/archs/linux-aarch64/no-asm/crypto/include/internal/dso_conf.h\ngyp verb extracted file from tarball include/node/openssl/archs/linux-aarch64/no-asm/crypto/buildinf.h\ngyp verb extracted file from tarball include/node/openssl/archs/linux-aarch64/no-asm/include/openssl/opensslconf.h\ngyp verb extracted file from tarball include/node/openssl/archs/linux-aarch64/no-asm/include/progs.h\ngyp verb extracted file from tarball include/node/openssl/archs/linux-armv4/no-asm/include/openssl/opensslconf.h\ngyp verb extracted file from tarball include/node/openssl/archs/linux-armv4/no-asm/include/progs.h\ngyp verb extracted file from tarball include/node/openssl/archs/linux-armv4/no-asm/crypto/include/internal/bn_conf.h\ngyp verb extracted file from tarball include/node/openssl/archs/linux-armv4/no-asm/crypto/include/internal/dso_conf.h\ngyp verb extracted file from tarball include/node/openssl/archs/linux-armv4/no-asm/crypto/buildinf.h\ngyp verb extracted file from tarball include/node/openssl/archs/linux-armv4/asm_avx2/crypto/include/internal/bn_conf.h\ngyp verb extracted file from tarball include/node/openssl/archs/linux-armv4/asm_avx2/crypto/include/internal/dso_conf.h\ngyp verb extracted file from tarball include/node/openssl/archs/linux-armv4/asm_avx2/crypto/buildinf.h\ngyp verb extracted file from tarball include/node/openssl/archs/linux-armv4/asm_avx2/include/openssl/opensslconf.h\ngyp verb extracted file from tarball include/node/openssl/archs/linux-armv4/asm_avx2/include/progs.h\ngyp verb extracted file from tarball include/node/openssl/archs/linux-armv4/asm/include/openssl/opensslconf.h\ngyp verb extracted file from tarball include/node/openssl/archs/linux-armv4/asm/include/progs.h\ngyp verb extracted file from tarball include/node/openssl/archs/linux-armv4/asm/crypto/include/internal/bn_conf.h\ngyp verb extracted file from tarball include/node/openssl/archs/linux-armv4/asm/crypto/include/internal/dso_conf.h\ngyp verb extracted file from tarball include/node/openssl/archs/linux-armv4/asm/crypto/buildinf.h\ngyp verb extracted fil\u001b[0m\u001b[91me from tarball include/node/openssl/archs/solaris-x86-gcc/no-asm/include/openssl/opensslconf.h\ngyp verb extracted file from tarball include/node/openssl/archs/solaris-x86-gcc/no-asm/include/progs.h\ngyp verb extracted file from tarball include/node/openssl/archs/solaris-x86-gcc/no-asm/crypto/include/internal/bn_conf.h\ngyp verb extracted file from tarball include/node/openssl/archs/solaris-x86-gcc/no-asm/crypto/include/internal/dso_conf.h\ngyp verb extracted file from tarball include/node/openssl/archs/solaris-x86-gcc/no-asm/crypto/buildinf.h\ngyp verb extracted file from tarball include/node/openssl/archs/solaris-x86-gcc/asm_avx2/crypto/include/internal/bn_conf.h\ngyp verb extracted file from tarball include/node/openssl/archs/solaris-x86-gcc/asm_avx2/crypto/include/internal/dso_conf.h\ngyp verb extracted file from tarball include/node/openssl/archs/solaris-x86-gcc/asm_avx2/crypto/buildinf.h\ngyp verb extracted file from tarball include/node/openssl/archs/solaris-x86-gcc/asm_avx2/include/openssl/opensslconf.h\ngyp verb extracted file from tarball include/node/openssl/archs/solaris-x86-gcc/asm_avx2/include/progs.h\ngyp verb extracted file from tarball include/node/openssl/archs/solaris-x86-gcc/asm/include/openssl/opensslconf.h\ngyp verb extracted file from tarball include/node/openssl/archs/solaris-x86-gcc/asm/include/progs.h\ngyp verb extracted file from tarball include/node/openssl/archs/solaris-x86-gcc/asm/crypto/include/internal/bn_conf.h\ngyp verb extracted file from tarball include/node/openssl/archs/solaris-x86-gcc/asm/crypto/include/internal/dso_conf.h\ngyp verb extracted file from tarball include/node/openssl/archs/solaris-x86-gcc/asm/crypto/buildinf.h\ngyp verb extracted file from tarball include/node/openssl/archs/linux64-mips64/asm_avx2/include/openssl/opensslconf.h\ngyp verb extracted file from tarball include/node/openssl/archs/linux64-mips64/asm_avx2/include/progs.h\ngyp verb extracted file from tarball include/node/openssl/archs/linux64-mips64/asm_avx2/crypto/include/internal/bn_conf.h\ngyp verb extracted file from tarball include/node/openssl/archs/linux64-mips64/asm_avx2/crypto/include/internal/dso_conf.h\ngyp verb extracted file from tarball include/node/openssl/archs/linux64-mips64/asm_avx2/crypto/buildinf.h\ngyp verb extracted file from tarball include/node/openssl/archs/linux64-mips64/no-asm/include/openssl/opensslconf.h\ngyp verb extracted file from tarball include/node/openssl/archs/linux64-mips64/no-asm/include/progs.h\ngyp verb extracted file from tarball include/node/openssl/archs/linux64-mips64/no-asm/crypto/include/internal/bn_conf.h\ngyp verb extracted file from tarball include/node/openssl/archs/linux64-mips64/no-asm/crypto/include/internal/dso_conf.h\ngyp verb extracted file from tarball include/node/openssl/archs/linux64-mips64/no-asm/crypto/buildinf.h\ngyp verb extracted file from tarball include/node/openssl/archs/linux64-mips64/asm/include/openssl/opensslconf.h\ngyp verb extracted file from tarball include/node/openssl/archs/linux64-mips64/asm/include/progs.h\ngyp verb extracted file from tarball include/node/openssl/archs/linux64-mips64/asm/crypto/include/internal/bn_conf.h\ngyp verb extracted file from tarball include/node/openssl/archs/linux64-mips64/asm/crypto/include/internal/dso_conf.h\ngyp verb extracted file from tarball include/node/openssl/archs/linux64-mips64/asm/crypto/buildinf.h\ngyp verb extracted file from tarball include/node/openssl/archs/darwin-i386-cc/no-asm/include/openssl/opensslconf.h\ngyp verb extracted file from tarball include/node/openssl/archs/darwin-i386-cc/no-asm/include/progs.h\ngyp verb extracted file from tarball include/node/openssl/archs/darwin-i386-cc/no-asm/crypto/include/internal/bn_conf.h\ngyp verb extracted file from tarball include/node/openssl/archs/darwin-i386-cc/no-asm/crypto/include/internal/dso_conf.h\ngyp verb extracted file from tarball include/node/openssl/archs/darwin-i386-cc/no-asm/crypto/buildinf.h\ngyp verb extracted file from tarball include/node/openssl/archs/darwin-i386-cc/asm/include/openssl/opensslconf.h\ngyp verb extracted file from tarball include/node/openssl/archs/darwin-i386-cc/asm/include/progs.h\ngyp verb extracted file from tarball include/node/openssl/archs/darwin-i386-cc/asm/crypto/include/internal/bn_conf.h\ngyp verb extracted file from tarball include/node/openssl/archs/darwin-i386-cc/asm/crypto/include/internal/dso_conf.h\ngyp verb extracted file from tarball include/node/openssl/archs/darwin-i386-cc/asm/crypto/buildinf.h\ngyp verb extracted file from tarball include/node/openssl/archs/darwin-i386-cc/asm_avx2/include/openssl/opensslconf.h\ngyp verb extracted file from tarball include/node/openssl/archs/darwin-i386-cc/asm_avx2/include/progs.h\ngyp verb extracted file from tarball include/node/openssl/archs/darwin-i386-cc/asm_avx2/crypto/include/internal/bn_conf.h\ngyp verb extracted file from tarball include/node/openssl/archs/darwin-i386-cc/asm_avx2/crypto/include/internal/dso_conf.h\ngyp verb extracted file from tarball include/node/openssl/archs/darwin-i386-cc/asm_avx2/crypto/buildinf.h\ngyp verb extracted file from tarball include/node/openssl/archs/linux-ppc64/asm_avx2/include/openssl/opensslconf.h\ngyp verb extracted file from tarball include/node/openssl/archs/linux-ppc64/asm_avx2/include/progs.h\ngyp verb extracted file from tarball include/node/openssl/archs/linux-ppc64/asm_avx2/crypto/include/internal/bn_conf.h\ngyp verb extracted file from tarball include/node/openssl/archs/linux-ppc64/asm_avx2/crypto/include/internal/dso_conf.h\ngyp verb extracted file from tarball include/node/openssl/archs/linux-ppc64/asm_avx2/crypto/buildinf.h\ngyp verb extracted file from tarball include/node/openssl/archs/linux-ppc64/asm/include/openssl/opensslconf.h\ngyp verb extracted file from tarball include/node/openssl/archs/linux-ppc64/asm/include/progs.h\ngyp verb extracted file from tarball include/node/openssl/archs/linux-ppc64/asm/crypto/include/internal/bn_conf.h\ngyp verb extracted file from tarball include/node/openssl/archs/linux-ppc64/asm/crypto/include/internal/dso_conf.h\ngyp verb extracted file from tarball include/node/openssl/archs/linux-ppc64/asm/crypto/buildinf.h\ngyp verb extracted file from tarball include/node/openssl/archs/linux-ppc64/no-asm/crypto/include/internal/bn_conf.h\ngyp verb extracted file from tarball include/node/openssl/archs/linux-ppc64/no-asm/crypto/include/internal/dso_conf.h\ngyp verb extracted file from tarball include/node/openssl/archs/linux-ppc64/no-asm/crypto/buildinf.h\ngyp verb extracted file from tarball include/node/openssl/archs/linux-ppc64/no-asm/include/openssl/opensslconf.h\ngyp verb extracted file from tarball include/node/openssl/archs/linux-ppc64/no-asm/include/progs.h\ngyp verb extracted file from tarball include/node/openssl/archs/linux-x32/no-asm/crypto/include/internal/bn_conf.h\ngyp verb extracted file from tarball include/node/openssl/archs/linux-x32/no-asm/crypto/include/internal/dso_conf.h\ngyp verb extracted file from tarball include/node/openssl/archs/linux-x32/no-asm/crypto/buildinf.h\ngyp verb extracted file from tarball include/node/openssl/archs/linux-x32/no-asm/include/openssl/opensslconf.h\ngyp verb extracted file from tarball include/node/openssl/archs/linux-x32/no-asm/include/progs.h\ngyp verb extracted file from tarball include/node/openssl/archs/linux-x32/asm/crypto/include/internal/bn_conf.h\ngyp verb extracted file from tarball include/node/openssl/archs/linux-x32/asm/crypto/include/internal/dso_conf.h\ngyp verb extracted file from tarball include/node/openssl/archs/linux-x32/asm/crypto/buildinf.h\ngyp verb extracted file from tarball include/node/openssl/archs/linux-x32/asm/include/openssl/opensslconf.h\ngyp verb content checksum node-v12.18.1-headers.tar.gz ee79ef8156c02bfba3960391e85966a49c311317fe08195de52bd94b89d5efc8\ngyp verb extracted file from tarball include/node/openssl/archs/linux-x32/asm/include/progs.h\ngyp verb extracted file from tarball include/node/openssl/archs/linux-x32/asm_avx2/crypto/include/internal/bn_conf.h\ngyp verb extracted file from tarball include/node/openssl/archs/linux-x32/asm_avx2/crypto/include/internal/dso_conf.h\ngyp verb extracted file from tarball include/node/openssl/archs/linux-x32/asm_avx2/crypto/buildinf.h\ngyp verb extracted file from tarball include/node/openssl/archs/linux-x32/asm_avx2/include/openssl/opensslconf.h\ngyp verb extracted file from tarball include/node/openssl/archs/linux-x32/asm_avx2/include/progs.h\ngyp verb extracted file from tarball include/node/openssl/archs/VC-WIN32/asm/include/openssl/opensslconf.h\ngyp verb extracted file from tarball include/node/openssl/archs/VC-WIN32/asm/include/progs.h\ngyp verb extracted file from tarball include/node/openssl/archs/VC-WIN32/asm/crypto/include/internal/bn_conf.h\ngyp verb extracted file from tarball include/node/openssl/archs/VC-WIN32/asm/crypto/include/internal/dso_conf.h\ngyp verb extracted file from tarball include/node/openssl/archs/VC-WIN32/asm/crypto/buildinf.h\ngyp verb extracted file from tarball include/node/openssl/archs/VC-WIN32/no-asm/crypto/include/internal/bn_conf.h\ngyp verb extracted file from tarball include/node/openssl/archs/VC-WIN32/no-asm/crypto/include/internal/dso_conf.h\ngyp verb extracted file from tarball include/node/openssl/archs/VC-WIN32/no-asm/crypto/buildinf.h\ngyp verb extracted file from tarball include/node/openssl/archs/VC-WIN32/no-asm/include/openssl/opensslconf.h\ngyp verb extracted file from tarball include/node/openssl/archs/VC-WIN32/no-asm/include/progs.h\ngyp verb extracted file from tarball include/node/openssl/archs/VC-WIN32/asm_avx2/include/openssl/opensslconf.h\ngyp verb extracted file from tarball include/node/openssl/archs/VC-WIN32/asm_avx2/include/progs.h\ngyp verb extracted file from tarball include/node/openssl/archs/VC-WIN32/asm_avx2/crypto/include/internal/bn_conf.h\ngyp verb extracted file from tarball include/node/openssl/archs/VC-WIN32/asm_avx2/crypto/include/internal/dso_conf.h\ngyp verb extracted file from tarball include/node/openssl/archs/VC-WIN32/asm_avx2/crypto/buildinf.h\ngyp verb extracted file from tarball include/node/openssl/archs/linux64-s390x/no-asm/include/openssl/opensslconf.h\ngyp verb extracted file from tarball include/node/openssl/archs/linux64-s390x/no-asm/include/progs.h\ngyp verb extracted file from tarball include/node/openssl/archs/linux64-s390x/no-asm/crypto/include/internal/bn_conf.h\ngyp verb extracted file from tarball include/node/openssl/archs/linux64-s390x/no-asm/crypto/include/internal/dso_conf.h\ngyp verb extracted file from tarball include/node/openssl/archs/linux64-s390x/no-asm/crypto/buildinf.h\ngyp verb extracted file from tarball include/node/openssl/archs/linux64-s390x/asm_avx2/include/openssl/opensslconf.h\ngyp verb extracted file from tarball include/node/openssl/archs/linux64-s390x/asm_avx2/include/progs.h\ngyp verb extracted file from tarball include/node/openssl/archs/linux64-s390x/asm_avx2/crypto/include/internal/bn_conf.h\ngyp verb extracted file from tarball include/node/openssl/archs/linux64-s390x/asm_avx2/crypto/include/internal/dso_conf.h\ngyp verb extracted file from tarball include/node/openssl/archs/linux64-s390x/asm_avx2/crypto/buildinf.h\ngyp verb extracted file from tarball include/node/openssl/archs/linux64-s390x/asm/include/openssl/opensslconf.h\ngyp verb extracted file from tarball include/node/openssl/archs/linux64-s390x/asm/include/progs.h\ngyp verb extracted file from tarball include/node/openssl/archs/linux64-s390x/asm/crypto/include/internal/bn_conf.h\ngyp verb extracted file from tarball include/node/openssl/archs/linux64-s390x/asm/crypto/include/internal/dso_conf.h\ngyp verb extracted file from tarball include/node/openssl/archs/linux64-s390x/asm/crypto/buildinf.h\ngyp verb extracted file from tarball include/node/openssl/archs/linux32-s390x/asm_avx2/crypto/include/internal/bn_conf.h\ngyp verb extracted file from tarball include/node/openssl/archs/linux32-s390x/asm_avx2/crypto/include/internal/dso_conf.h\ngyp verb extracted file from tarball include/node/openssl/archs/linux32-s390x/asm_avx2/crypto/buildinf.h\ngyp verb extracted file from tarball include/node/openssl/archs/linux32-s390x/asm_avx2/include/openssl/opensslconf.h\ngyp verb extracted file from tarball include/node/openssl/archs/linux32-s390x/asm_avx2/include/progs.h\ngyp verb extracted file from tarball include/node/openssl/archs/linux32-s390x/no-asm/include/openssl/opensslconf.h\ngyp verb extracted file from tarball include/node/openssl/archs/linux32-s390x/no-asm/include/progs.h\ngyp verb extracted file from tarball include/node/openssl/archs/linux32-s390x/no-asm/crypto/include/internal/bn_conf.h\ngyp verb extracted file from tarball include/node/openssl/archs/linux32-s390x/no-asm/crypto/include/internal/dso_conf.h\ngyp verb extracted file from tarball include/node/openssl/archs/linux32-s390x/no-asm/crypto/buildinf.h\ngyp verb extracted file from tarball include/node/openssl/archs/linux32-s390x/asm/include/openssl/opensslconf.h\ngyp verb extracted file from tarball include/node/openssl/archs/linux32-s390x/asm/include/progs.h\ngyp verb extracted file from tarball include/node/openssl/archs/linux32-s390x/asm/crypto/include/internal/bn_conf.h\ngyp verb extracted file from tarball include/node/openssl/archs/linux32-s390x/asm/crypto/include/internal/dso_conf.h\ngyp verb extracted file from tarball include/node/openssl/archs/linux32-s390x/asm/crypto/buildinf.h\ngyp verb extracted file from tarball include/node/openssl/archs/VC-WIN64-ARM/no-asm/crypto/include/internal/bn_conf.h\ngyp verb extracted file from tarball include/node/openssl/archs/VC-WIN64-ARM/no-asm/crypto/include/internal/dso_conf.h\ngyp verb extracted file from tarball include/node/openssl/archs/VC-WIN64-ARM/no-asm/crypto/buildinf.h\ngyp verb extracted file from tarball include/node/openssl/archs/VC-WIN64-ARM/no-asm/include/openssl/opensslconf.h\ngyp verb extracted file from tarball include/node/openssl/archs/VC-WIN64-ARM/no-asm/include/progs.h\ngyp verb extracted file from tarball include/node/openssl/bn_conf.h\ngyp verb extracted file from tarball include/node/openssl/bn_conf_asm.h\ngyp verb extracted file from tarball include/node/openssl/bn_conf_no-asm.h\ngyp verb extracted file from tarball include/node/openssl/dso_conf.h\ngyp verb extracted file from tarball include/node/openssl/dso_conf_asm.h\ngyp verb extracted file from tarball include/node/openssl/dso_conf_no-asm.h\ngyp verb extracted file from tarball include/node/openssl/opensslconf.h\ngyp verb extracted file from tarball include/node/openssl/opensslconf_asm.h\ngyp verb extracted file from tarball include/node/openssl/opensslconf_no-asm.h\ngyp verb extracted file from tarball include/node/zconf.h\ngyp verb extracted file from tarball include/node/zlib.h\ngyp verb tarball done parsing tarball\ngyp verb check download content checksum, need to download `SHASUMS256.txt`... \ngyp verb checksum url https://nodejs.org/download/release/v12.18.1/SHASUMS256.txt\ngyp http GET https://nodejs.org/download/release/v12.18.1/SHASUMS256.txt\ngyp http 200 https://nodejs.org/download/release/v12.18.1/SHASUMS256.txt\ngyp verb checksum data {\"node-v12.18.1-aix-ppc64.tar.gz\":\"ff5ff4f96630cff7c7aa8fe54f42bdae6ada43ac8043badb4fb4ed3ae3e5b3e9\",\"node-v12.18.1-darwin-x64.tar.gz\":\"80e1d644fe78838da47cd16de234b612c20e06ffe14447125db9622e381ed1ba\",\"node-v12.18.1-darwin-x64.tar.xz\":\"f7829470fce27686c4e91c5c84ba5f4488fbbb88e222116cc0a960531cedf708\",\"node-v12.18.1-headers.tar.gz\":\"ee79ef8156c02bfba3960391e85966a49c311317fe08195de52bd94b89d5efc8\",\"node-v12.18.1-headers.tar.xz\":\"4693c672dfe1442c01f606bb6bd37c54c69bc5de262d69b68d5bffd462e78607\",\"node-v12.18.1-linux-arm64.tar.gz\":\"b78fc542858b83a96d712d6a2f493ae87e1af55040bc55fb68671af191016d19\",\"node-v12.18.1-linux-arm64.tar.xz\":\"b6683e6e887c6c44a3fe9ff419e80d36eaafed39eb2c2d1b04ee54b440a03217\",\"node-v12.18.1-linux-armv7l.tar.gz\":\"8222c9f2a191a6c18c634261aa8fd3af240ff5c2480fa93b618b6f15101ad054\",\"node-v12.18.1-linux-armv7l.tar.xz\":\"c9e982b061e69208672319b7621d8c99e08f41cae986b2f62dfa3c704bbda0fa\",\"node-v12.18.1-linux-ppc64le.tar.gz\":\"6f11fdad35c73916445783babed82b797f811758a473d7a7cc4335a2165d112b\",\"node-v12.18.1-linux-ppc64le.tar.xz\":\"a1da92aadd5445490be343e16fbf26b7d095eeb44d23a4edec6cb9d3a323cada\",\"node-v12.18.1-linux-s390x.tar.gz\":\"91ce06e9f24339f9d27f57e9b215f923f2c23be7b1eaace5d3132c323faa09f6\",\"node-v12.18.1-linux-s390x.tar.xz\":\"0623ddfa7b8f76dc23eacc80961ebfd8a45eb29183c8af17b29ab41982d30d8e\",\"node-v12.18.1-linux-x64.tar.gz\":\"b89a0d497674f388705c877ad4f57766695cfe26ea6c6c9d3ad6ff98827edbfe\",\"node-v12.18.1-linux-x64.tar.xz\":\"863f816967e297c9eb221ad3cf32521f7ac46fffc66750e60f159ed63809affa\",\"node-v12.18.1.pkg\":\"18426243bc47411865b79e8945b6e07ae42ece0afcd6723014045f398602c4d1\",\"node-v12.18.1-sunos-x64.tar.gz\":\"c759d4d6565671c427a75c1251b701616cefb217a7fb28bb9c668a28c63f23c7\",\"node-v12.18.1-sunos-x64.tar.xz\":\"f7d33d47848541ac1a15913883bdc8376865aab48914144c19259ee45081b126\",\"node-v12.18.1.tar.gz\":\"be532894112d06e671cb3d9388e2a3fa2c690d40bdfa9e432921a9e078b3f241\",\"node-v12.18.1.tar.xz\":\"ca59051c7a307841c15b4fe141c74354cb191964106e1bdfe405551a3d6a5c7a\",\"node-v12.18.1-win-x64.7z\":\"a1842ce62132483d4fe3f7bf16639fa656c5d7ece9ecc09df3958a93a9a6d54e\",\"node-v12.18.1-win-x64.zip\":\"93039ebfc7c5bfad168b015f77667757925070fff3ae84c3eb73348b3123a82a\",\"node-v12.18.1-win-x86.7z\":\"0e7f814063785bb9a108d88bcc15c31d826c21cd3ef22920f9fe5eb54490dde0\",\"node-v12.18.1-win-x86.zip\":\"d0b955201949a8da102affa0a9cdda167718f2538f2aaf4f3acd53f098bc0764\",\"node-v12.18.1-x64.msi\":\"f318bb719bd956d4734247c58b3937daef04a01dbee4abdfe6217bdea87932f4\",\"node-v12.18.1-x86.msi\":\"f4a2fc3406e9208b3f8be30c7ae46427d76fcea18cf878368ca7a8fa47dc7ea6\",\"win-x64/node.exe\":\"3455deb066f79080b8fa8bc76196d54ff8908bafd933fe73dea29b7e8b0c05c7\",\"win-x64/node.lib\":\"125affc115fe2b0162dfb4c8b12967d0b584d171c19dc820babe89ba64ea6b83\",\"win-x64/node_pdb.7z\":\"e8ce4e64f68aa989e0055eb613bb0ccbd093bc484c3c77a6594da53092cf1747\",\"win-x64/node_pdb.zip\":\"a7d746a835b4d5bec065661b5d278eabdfe5c82dbaf9e4346b68118cd4420023\",\"win-x86/node.exe\":\"f889e45bb1024ade94c30d12ba70a92ff673802715a315035bd6a1d7a3e1afa2\",\"win-x86/node.lib\":\"213e2183bb108a0f64c9e37f144ddd7d8b14718858112c3ccabd09eed16621ca\",\"win-x86/node_pdb.7z\":\"8d9d7053c1b729bd84dfa90f6d90580e845e22886f34a86599847875814ad895\",\"win-x86/node_pdb.zip\":\"eaae14543facc5355279f7cd2df1300418fcb157c0c0c4fbc80cb20022c93067\"}\ngyp verb download contents checksum {\"node-v12.18.1-headers.tar.gz\":\"ee79ef8156c02bfba3960391e85966a49c311317fe08195de52bd94b89d5efc8\"}\ngyp verb validating download checksum for node-v12.18.1-headers.tar.gz (ee79ef8156c02bfba3960391e85966a49c311317fe08195de52bd94b89d5efc8 == ee79ef8156c02bfba3960391e85966a49c311317fe08195de52bd94b89d5efc8)\ngyp verb get node dir target node version installed: 12.18.1\ngyp verb build dir attempting to create \"build\" dir: /root/web/static/app/node_modules/node-sass/build\ngyp verb build dir \"build\" dir needed to be created? /root/web/static/app/node_modules/node-sass/build\ngyp verb build/config.gypi creating config file\ngyp verb build/config.gypi writing out config file: /root/web/static/app/node_modules/node-sass/build/config.gypi\ngyp verb config.gypi checking for gypi file: /root/web/static/app/node_modules/node-sass/config.gypi\ngyp verb common.gypi checking for gypi file: /root/web/static/app/node_modules/node-sass/common.gypi\ngyp verb gyp gyp format was not specified; forcing \"make\"\ngyp info spawn /usr/bin/python2\ngyp info spawn args [\ngyp info spawn args   '/root/web/static/app/node_modules/node-gyp/gyp/gyp_main.py',\ngyp info spawn args   'binding.gyp',\ngyp info spawn args   '-f',\ngyp info spawn args   'make',\ngyp info spawn args   '-I',\ngyp info spawn args   '/root/web/static/app/node_modules/node-sass/build/config.gypi',\ngyp info spawn args   '-I',\ngyp info spawn args   '/root/web/static/app/node_modules/node-gyp/addon.gypi',\ngyp info spawn args   '-I',\ngyp info spawn args   '/root/.node-gyp/12.18.1/include/node/common.gypi',\ngyp info spawn args   '-Dlibrary=shared_library',\ngyp info spawn args   '-Dvisibility=default',\ngyp info spawn args   '-Dnode_root_dir=/root/.node-gyp/12.18.1',\ngyp info spawn args   '-Dnode_gyp_dir=/root/web/static/app/node_modules/node-gyp',\ngyp info spawn args   '-Dnode_lib_file=/root/.node-gyp/12.18.1/<(target_arch)/node.lib',\ngyp info spawn args   '-Dmodule_root_dir=/root/web/static/app/node_modules/node-sass',\ngyp info spawn args   '-Dnode_engine=v8',\ngyp info spawn args   '--depth=.',\ngyp info spawn args   '--no-parallel',\ngyp info spawn args   '--generator-output',\ngyp info spawn args   'build',\ngyp info spawn args   '-Goutput_dir=.'\ngyp info spawn args ]\ngyp verb command build []\ngyp verb build type Release\ngyp verb architecture x64\ngyp verb node dev dir /root/.node-gyp/12.18.1\ngyp verb `which` succeeded for `make` /usr/bin/make\ngyp info spawn make\ngyp info spawn args [ 'V=1', 'BUILDTYPE=Release', '-C', 'build' ]\nmake: Entering directory '/root/web/static/app/node_modules/node-sass/build'\n  g++ '-DNODE_GYP_MODULE_NAME=libsass' '-DUSING_UV_SHARED=1' '-DUSING_V8_SHARED=1' '-DV8_DEPRECATION_WARNINGS=1' '-DV8_DEPRECATION_WARNINGS' '-DV8_IMMINENT_DEPRECATION_WARNINGS' '-D_LARGEFILE_SOURCE' '-D_FILE_OFFSET_BITS=64' '-D__STDC_FORMAT_MACROS' '-DOPENSSL_NO_PINSHARED' '-DOPENSSL_THREADS' '-DLIBSASS_VERSION=\"3.5.4\"' -I/root/.node-gyp/12.18.1/include/node -I/root/.node-gyp/12.18.1/src -I/root/.node-gyp/12.18.1/deps/openssl/config -I/root/.node-gyp/12.18.1/deps/openssl/openssl/include -I/root/.node-gyp/12.18.1/deps/uv/include -I/root/.node-gyp/12.18.1/deps/zlib -I/root/.node-gyp/12.18.1/deps/v8/include -I../src/libsass/include  -fPIC -pthread -Wall -Wextra -Wno-unused-parameter -m64 -O3 -fno-omit-frame-pointer -std=gnu++1y -std=c++0x -fexceptions -frtti -MMD -MF ./Release/.deps/Release/obj.target/libsass/src/libsass/src/ast.o.d.raw   -c -o Release/obj.target/libsass/src/libsass/src/ast.o ../src/libsass/src/ast.cpp\n  g++ '-DNODE_GYP_MODULE_NAME=libsass' '-DUSING_UV_SHARED=1' '-DUSING_V8_SHARED=1' '-DV8_DEPRECATION_WARNINGS=1' '-DV8_DEPRECATION_WARNINGS' '-DV8_IMMINENT_DEPRECATION_WARNINGS' '-D_LARGEFILE_SOURCE' '-D_FILE_OFFSET_BITS=64' '-D__STDC_FORMAT_MACROS' '-DOPENSSL_NO_PINSHARED' '-DOPENSSL_THREADS' '-DLIBSASS_VERSION=\"3.5.4\"' -I/root/.node-gyp/12.18.1/include/node -I/root/.node-gyp/12.18.1/src -I/root/.node-gyp/12.18.1/deps/openssl/config -I/root/.node-gyp/12.18.1/deps/openssl/openssl/include -I/root/.node-gyp/12.18.1/deps/uv/include -I/root/.node-gyp/12.18.1/deps/zlib -I/root/.node-gyp/12.18.1/deps/v8/include -I../src/libsass/include  -fPIC -pthread -Wall -Wextra -Wno-unused-parameter -m64 -O3 -fno-omit-frame-pointer -std=gnu++1y -std=c++0x -fexceptions -frtti -MMD -MF ./Release/.deps/Release/obj.target/libsass/src/libsass/src/ast_fwd_decl.o.d.raw   -c -o Release/obj.target/libsass/src/libsass/src/ast_fwd_decl.o ../src/libsass/src/ast_fwd_decl.cpp\n  g++ '-DNODE_GYP_MODULE_NAME=libsass' '-DUSING_UV_SHARED=1' '-DUSING_V8_SHARED=1' '-DV8_DEPRECATION_WARNINGS=1' '-DV8_DEPRECATION_WARNINGS' '-DV8_IMMINENT_DEPRECATION_WARNINGS' '-D_LARGEFILE_SOURCE' '-D_FILE_OFFSET_BITS=64' '-D__STDC_FORMAT_MACROS' '-DOPENSSL_NO_PINSHARED' '-DOPENSSL_THREADS' '-DLIBSASS_VERSION=\"3.5.4\"' -I/root/.node-gyp/12.18.1/include/node -I/root/.node-gyp/12.18.1/src -I/root/.node-gyp/12.18.1/deps/openssl/config -I/root/.node-gyp/12.18.1/deps/openssl/openssl/include -I/root/.node-gyp/12.18.1/deps/uv/include -I/root/.node-gyp/12.18.1/deps/zlib -I/root/.node-gyp/12.18.1/deps/v8/include -I../src/libsass/include  -fPIC -pthread -Wall -Wextra -Wno-unused-parameter -m64 -O3 -fno-omit-frame-pointer -std=gnu++1y -std=c++0x -fexceptions -frtti -MMD -MF ./Release/.deps/Release/obj.target/libsass/src/libsass/src/backtrace.o.d.raw   -c -o Release/obj.target/libsass/src/libsass/src/backtrace.o ../src/libsass/src/backtrace.cpp\n  g++ '-DNODE_GYP_MODULE_NAME=libsass' '-DUSING_UV_SHARED=1' '-DUSING_V8_SHARED=1' '-DV8_DEPRECATION_WARNINGS=1' '-DV8_DEPRECATION_WARNINGS' '-DV8_IMMINENT_DEPRECATION_WARNINGS' '-D_LARGEFILE_SOURCE' '-D_FILE_OFFSET_BITS=64' '-D__STDC_FORMAT_MACROS' '-DOPENSSL_NO_PINSHARED' '-DOPENSSL_THREADS' '-DLIBSASS_VERSION=\"3.5.4\"' -I/root/.node-gyp/12.18.1/include/node -I/root/.node-gyp/12.18.1/src -I/root/.node-gyp/12.18.1/deps/openssl/config -I/root/.node-gyp/12.18.1/deps/openssl/openssl/include -I/root/.node-gyp/12.18.1/deps/uv/include -I/root/.node-gyp/12.18.1/deps/zlib -I/root/.node-gyp/12.18.1/deps/v8/include -I../src/libsass/include  -fPIC -pthread -Wall -Wextra -Wno-unused-parameter -m64 -O3 -fno-omit-frame-pointer -std=gnu++1y -std=c++0x -fexceptions -frtti -MMD -MF ./Release/.deps/Release/obj.target/libsass/src/libsass/src/base64vlq.o.d.raw   -c -o Release/obj.target/libsass/src/libsass/src/base64vlq.o ../src/libsass/src/base64vlq.cpp\n  g++ '-DNODE_GYP_MODULE_NAME=libsass' '-DUSING_UV_SHARED=1' '-DUSING_V8_SHARED=1' '-DV8_DEPRECATION_WARNINGS=1' '-DV8_DEPRECATION_WARNINGS' '-DV8_IMMINENT_DEPRECATION_WARNINGS' '-D_LARGEFILE_SOURCE' '-D_FILE_OFFSET_BITS=64' '-D__STDC_FORMAT_MACROS' '-DOPENSSL_NO_PINSHARED' '-DOPENSSL_THREADS' '-DLIBSASS_VERSION=\"3.5.4\"' -I/root/.node-gyp/12.18.1/include/node -I/root/.node-gyp/12.18.1/src -I/root/.node-gyp/12.18.1/deps/openssl/config -I/root/.node-gyp/12.18.1/deps/openssl/openssl/include -I/root/.node-gyp/12.18.1/deps/uv/include -I/root/.node-gyp/12.18.1/deps/zlib -I/root/.node-gyp/12.18.1/deps/v8/include -I../src/libsass/include  -fPIC -pthread -Wall -Wextra -Wno-unused-parameter -m64 -O3 -fno-omit-frame-pointer -std=gnu++1y -std=c++0x -fexceptions -frtti -MMD -MF ./Release/.deps/Release/obj.target/libsass/src/libsass/src/bind.o.d.raw   -c -o Release/obj.target/libsass/src/libsass/src/bind.o ../src/libsass/src/bind.cpp\n  cc '-DNODE_GYP_MODULE_NAME=libsass' '-DUSING_UV_SHARED=1' '-DUSING_V8_SHARED=1' '-DV8_DEPRECATION_WARNINGS=1' '-DV8_DEPRECATION_WARNINGS' '-DV8_IMMINENT_DEPRECATION_WARNINGS' '-D_LARGEFILE_SOURCE' '-D_FILE_OFFSET_BITS=64' '-D__STDC_FORMAT_MACROS' '-DOPENSSL_NO_PINSHARED' '-DOPENSSL_THREADS' '-DLIBSASS_VERSION=\"3.5.4\"' -I/root/.node-gyp/12.18.1/include/node -I/root/.node-gyp/12.18.1/src -I/root/.node-gyp/12.18.1/deps/openssl/config -I/root/.node-gyp/12.18.1/deps/openssl/openssl/include -I/root/.node-gyp/12.18.1/deps/uv/include -I/root/.node-gyp/12.18.1/deps/zlib -I/root/.node-gyp/12.18.1/deps/v8/include -I../src/libsass/include  -fPIC -pthread -Wall -Wextra -Wno-unused-parameter -m64 -O3 -fno-omit-frame-pointer  -MMD -MF ./Release/.deps/Release/obj.target/libsass/src/libsass/src/cencode.o.d.raw   -c -o Release/obj.target/libsass/src/libsass/src/cencode.o ../src/libsass/src/cencode.c\n  g++ '-DNODE_GYP_MODULE_NAME=libsass' '-DUSING_UV_SHARED=1' '-DUSING_V8_SHARED=1' '-DV8_DEPRECATION_WARNINGS=1' '-DV8_DEPRECATION_WARNINGS' '-DV8_IMMINENT_DEPRECATION_WARNINGS' '-D_LARGEFILE_SOURCE' '-D_FILE_OFFSET_BITS=64' '-D__STDC_FORMAT_MACROS' '-DOPENSSL_NO_PINSHARED' '-DOPENSSL_THREADS' '-DLIBSASS_VERSION=\"3.5.4\"' -I/root/.node-gyp/12.18.1/include/node -I/root/.node-gyp/12.18.1/src -I/root/.node-gyp/12.18.1/deps/openssl/config -I/root/.node-gyp/12.18.1/deps/openssl/openssl/include -I/root/.node-gyp/12.18.1/deps/uv/include -I/root/.node-gyp/12.18.1/deps/zlib -I/root/.node-gyp/12.18.1/deps/v8/include -I../src/libsass/include  -fPIC -pthread -Wall -Wextra -Wno-unused-parameter -m64 -O3 -fno-omit-frame-pointer -std=gnu++1y -std=c++0x -fexceptions -frtti -MMD -MF ./Release/.deps/Release/obj.target/libsass/src/libsass/src/check_nesting.o.d.raw   -c -o Release/obj.target/libsass/src/libsass/src/check_nesting.o ../src/libsass/src/check_nesting.cpp\n  g++ '-DNODE_GYP_MODULE_NAME=libsass' '-DUSING_UV_SHARED=1' '-DUSING_V8_SHARED=1' '-DV8_DEPRECATION_WARNINGS=1' '-DV8_DEPRECATION_WARNINGS' '-DV8_IMMINENT_DEPRECATION_WARNINGS' '-D_LARGEFILE_SOURCE' '-D_FILE_OFFSET_BITS=64' '-D__STDC_FORMAT_MACROS' '-DOPENSSL_NO_PINSHARED' '-DOPENSSL_THREADS' '-DLIBSASS_VERSION=\"3.5.4\"' -I/root/.node-gyp/12.18.1/include/node -I/root/.node-gyp/12.18.1/src -I/root/.node-gyp/12.18.1/deps/openssl/config -I/root/.node-gyp/12.18.1/deps/openssl/openssl/include -I/root/.node-gyp/12.18.1/deps/uv/include -I/root/.node-gyp/12.18.1/deps/zlib -I/root/.node-gyp/12.18.1/deps/v8/include -I../src/libsass/include  -fPIC -pthread -Wall -Wextra -Wno-unused-parameter -m64 -O3 -fno-omit-frame-pointer -std=gnu++1y -std=c++0x -fexceptions -frtti -MMD -MF ./Release/.deps/Release/obj.target/libsass/src/libsass/src/color_maps.o.d.raw   -c -o Release/obj.target/libsass/src/libsass/src/color_maps.o ../src/libsass/src/color_maps.cpp\n  g++ '-DNODE_GYP_MODULE_NAME=libsass' '-DUSING_UV_SHARED=1' '-DUSING_V8_SHARED=1' '-DV8_DEPRECATION_WARNINGS=1' '-DV8_DEPRECATION_WARNINGS' '-DV8_IMMINENT_DEPRECATION_WARNINGS' '-D_LARGEFILE_SOURCE' '-D_FILE_OFFSET_BITS=64' '-D__STDC_FORMAT_MACROS' '-DOPENSSL_NO_PINSHARED' '-DOPENSSL_THREADS' '-DLIBSASS_VERSION=\"3.5.4\"' -I/root/.node-gyp/12.18.1/include/node -I/root/.node-gyp/12.18.1/src -I/root/.node-gyp/12.18.1/deps/openssl/config -I/root/.node-gyp/12.18.1/deps/openssl/openssl/include -I/root/.node-gyp/12.18.1/deps/uv/include -I/root/.node-gyp/12.18.1/deps/zlib -I/root/.node-gyp/12.18.1/deps/v8/include -I../src/libsass/include  -fPIC -pthread -Wall -Wextra -Wno-unused-parameter -m64 -O3 -fno-omit-frame-pointer -std=gnu++1y -std=c++0x -fexceptions -frtti -MMD -MF ./Release/.deps/Release/obj.target/libsass/src/libsass/src/constants.o.d.raw   -c -o Release/obj.target/libsass/src/libsass/src/constants.o ../src/libsass/src/constants.cpp\n  g++ '-DNODE_GYP_MODULE_NAME=libsass' '-DUSING_UV_SHARED=1' '-DUSING_V8_SHARED=1' '-DV8_DEPRECATION_WARNINGS=1' '-DV8_DEPRECATION_WARNINGS' '-DV8_IMMINENT_DEPRECATION_WARNINGS' '-D_LARGEFILE_SOURCE' '-D_FILE_OFFSET_BITS=64' '-D__STDC_FORMAT_MACROS' '-DOPENSSL_NO_PINSHARED' '-DOPENSSL_THREADS' '-DLIBSASS_VERSION=\"3.5.4\"' -I/root/.node-gyp/12.18.1/include/node -I/root/.node-gyp/12.18.1/src -I/root/.node-gyp/12.18.1/deps/openssl/config -I/root/.node-gyp/12.18.1/deps/openssl/openssl/include -I/root/.node-gyp/12.18.1/deps/uv/include -I/root/.node-gyp/12.18.1/deps/zlib -I/root/.node-gyp/12.18.1/deps/v8/include -I../src/libsass/include  -fPIC -pthread -Wall -Wextra -Wno-unused-parameter -m64 -O3 -fno-omit-frame-pointer -std=gnu++1y -std=c++0x -fexceptions -frtti -MMD -MF ./Release/.deps/Release/obj.target/libsass/src/libsass/src/context.o.d.raw   -c -o Release/obj.target/libsass/src/libsass/src/context.o ../src/libsass/src/context.cpp\n  g++ '-DNODE_GYP_MODULE_NAME=libsass' '-DUSING_UV_SHARED=1' '-DUSING_V8_SHARED=1' '-DV8_DEPRECATION_WARNINGS=1' '-DV8_DEPRECATION_WARNINGS' '-DV8_IMMINENT_DEPRECATION_WARNINGS' '-D_LARGEFILE_SOURCE' '-D_FILE_OFFSET_BITS=64' '-D__STDC_FORMAT_MACROS' '-DOPENSSL_NO_PINSHARED' '-DOPENSSL_THREADS' '-DLIBSASS_VERSION=\"3.5.4\"' -I/root/.node-gyp/12.18.1/include/node -I/root/.node-gyp/12.18.1/src -I/root/.node-gyp/12.18.1/deps/openssl/config -I/root/.node-gyp/12.18.1/deps/openssl/openssl/include -I/root/.node-gyp/12.18.1/deps/uv/include -I/root/.node-gyp/12.18.1/deps/zlib -I/root/.node-gyp/12.18.1/deps/v8/include -I../src/libsass/include  -fPIC -pthread -Wall -Wextra -Wno-unused-parameter -m64 -O3 -fno-omit-frame-pointer -std=gnu++1y -std=c++0x -fexceptions -frtti -MMD -MF ./Release/.deps/Release/obj.target/libsass/src/libsass/src/cssize.o.d.raw   -c -o Release/obj.target/libsass/src/libsass/src/cssize.o ../src/libsass/src/cssize.cpp\n  g++ '-DNODE_GYP_MODULE_NAME=libsass' '-DUSING_UV_SHARED=1' '-DUSING_V8_SHARED=1' '-DV8_DEPRECATION_WARNINGS=1' '-DV8_DEPRECATION_WARNINGS' '-DV8_IMMINENT_DEPRECATION_WARNINGS' '-D_LARGEFILE_SOURCE' '-D_FILE_OFFSET_BITS=64' '-D__STDC_FORMAT_MACROS' '-DOPENSSL_NO_PINSHARED' '-DOPENSSL_THREADS' '-DLIBSASS_VERSION=\"3.5.4\"' -I/root/.node-gyp/12.18.1/include/node -I/root/.node-gyp/12.18.1/src -I/root/.node-gyp/12.18.1/deps/openssl/config -I/root/.node-gyp/12.18.1/deps/openssl/openssl/include -I/root/.node-gyp/12.18.1/deps/uv/include -I/root/.node-gyp/12.18.1/deps/zlib -I/root/.node-gyp/12.18.1/deps/v8/include -I../src/libsass/include  -fPIC -pthread -Wall -Wextra -Wno-unused-parameter -m64 -O3 -fno-omit-frame-pointer -std=gnu++1y -std=c++0x -fexceptions -frtti -MMD -MF ./Release/.deps/Release/obj.target/libsass/src/libsass/src/emitter.o.d.raw   -c -o Release/obj.target/libsass/src/libsass/src/emitter.o ../src/libsass/src/emitter.cpp\n  g++ '-DNODE_GYP_MODULE_NAME=libsass' '-DUSING_UV_SHARED=1' '-DUSING_V8_SHARED=1' '-DV8_DEPRECATION_WARNINGS=1' '-DV8_DEPRECATION_WARNINGS' '-DV8_IMMINENT_DEPRECATION_WARNINGS' '-D_LARGEFILE_SOURCE' '-D_FILE_OFFSET_BITS=64' '-D__STDC_FORMAT_MACROS' '-DOPENSSL_NO_PINSHARED' '-DOPENSSL_THREADS' '-DLIBSASS_VERSION=\"3.5.4\"' -I/root/.node-gyp/12.18.1/include/node -I/root/.node-gyp/12.18.1/src -I/root/.node-gyp/12.18.1/deps/openssl/config -I/root/.node-gyp/12.18.1/deps/openssl/openssl/include -I/root/.node-gyp/12.18.1/deps/uv/include -I/root/.node-gyp/12.18.1/deps/zl\u001b[0m\u001b[91mib -I/root/.node-gyp/12.18.1/deps/v8/include -I../src/libsass/include  -fPIC -pthread -Wall -Wextra -Wno-unused-parameter -m64 -O3 -fno-omit-frame-pointer -std=gnu++1y -std=c++0x -fexceptions -frtti -MMD -MF ./Release/.deps/Release/obj.target/libsass/src/libsass/src/environment.o.d.raw   -c -o Release/obj.target/libsass/src/libsass/src/environment.o ../src/libsass/src/environment.cpp\n  g++ '-DNODE_GYP_MODULE_NAME=libsass' '-DUSING_UV_SHARED=1' '-DUSING_V8_SHARED=1' '-DV8_DEPRECATION_WARNINGS=1' '-DV8_DEPRECATION_WARNINGS' '-DV8_IMMINENT_DEPRECATION_WARNINGS' '-D_LARGEFILE_SOURCE' '-D_FILE_OFFSET_BITS=64' '-D__STDC_FORMAT_MACROS' '-DOPENSSL_NO_PINSHARED' '-DOPENSSL_THREADS' '-DLIBSASS_VERSION=\"3.5.4\"' -I/root/.node-gyp/12.18.1/include/node -I/root/.node-gyp/12.18.1/src -I/root/.node-gyp/12.18.1/deps/openssl/config -I/root/.node-gyp/12.18.1/deps/openssl/openssl/include -I/root/.node-gyp/12.18.1/deps/uv/include -I/root/.node-gyp/12.18.1/deps/zlib -I/root/.node-gyp/12.18.1/deps/v8/include -I../src/libsass/include  -fPIC -pthread -Wall -Wextra -Wno-unused-parameter -m64 -O3 -fno-omit-frame-pointer -std=gnu++1y -std=c++0x -fexceptions -frtti -MMD -MF ./Release/.deps/Release/obj.target/libsass/src/libsass/src/error_handling.o.d.raw   -c -o Release/obj.target/libsass/src/libsass/src/error_handling.o ../src/libsass/src/error_handling.cpp\n  g++ '-DNODE_GYP_MODULE_NAME=libsass' '-DUSING_UV_SHARED=1' '-DUSING_V8_SHARED=1' '-DV8_DEPRECATION_WARNINGS=1' '-DV8_DEPRECATION_WARNINGS' '-DV8_IMMINENT_DEPRECATION_WARNINGS' '-D_LARGEFILE_SOURCE' '-D_FILE_OFFSET_BITS=64' '-D__STDC_FORMAT_MACROS' '-DOPENSSL_NO_PINSHARED' '-DOPENSSL_THREADS' '-DLIBSASS_VERSION=\"3.5.4\"' -I/root/.node-gyp/12.18.1/include/node -I/root/.node-gyp/12.18.1/src -I/root/.node-gyp/12.18.1/deps/openssl/config -I/root/.node-gyp/12.18.1/deps/openssl/openssl/include -I/root/.node-gyp/12.18.1/deps/uv/include -I/root/.node-gyp/12.18.1/deps/zlib -I/root/.node-gyp/12.18.1/deps/v8/include -I../src/libsass/include  -fPIC -pthread -Wall -Wextra -Wno-unused-parameter -m64 -O3 -fno-omit-frame-pointer -std=gnu++1y -std=c++0x -fexceptions -frtti -MMD -MF ./Release/.deps/Release/obj.target/libsass/src/libsass/src/eval.o.d.raw   -c -o Release/obj.target/libsass/src/libsass/src/eval.o ../src/libsass/src/eval.cpp\n  g++ '-DNODE_GYP_MODULE_NAME=libsass' '-DUSING_UV_SHARED=1' '-DUSING_V8_SHARED=1' '-DV8_DEPRECATION_WARNINGS=1' '-DV8_DEPRECATION_WARNINGS' '-DV8_IMMINENT_DEPRECATION_WARNINGS' '-D_LARGEFILE_SOURCE' '-D_FILE_OFFSET_BITS=64' '-D__STDC_FORMAT_MACROS' '-DOPENSSL_NO_PINSHARED' '-DOPENSSL_THREADS' '-DLIBSASS_VERSION=\"3.5.4\"' -I/root/.node-gyp/12.18.1/include/node -I/root/.node-gyp/12.18.1/src -I/root/.node-gyp/12.18.1/deps/openssl/config -I/root/.node-gyp/12.18.1/deps/openssl/openssl/include -I/root/.node-gyp/12.18.1/deps/uv/include -I/root/.node-gyp/12.18.1/deps/zlib -I/root/.node-gyp/12.18.1/deps/v8/include -I../src/libsass/include  -fPIC -pthread -Wall -Wextra -Wno-unused-parameter -m64 -O3 -fno-omit-frame-pointer -std=gnu++1y -std=c++0x -fexceptions -frtti -MMD -MF ./Release/.deps/Release/obj.target/libsass/src/libsass/src/expand.o.d.raw   -c -o Release/obj.target/libsass/src/libsass/src/expand.o ../src/libsass/src/expand.cpp\n  g++ '-DNODE_GYP_MODULE_NAME=libsass' '-DUSING_UV_SHARED=1' '-DUSING_V8_SHARED=1' '-DV8_DEPRECATION_WARNINGS=1' '-DV8_DEPRECATION_WARNINGS' '-DV8_IMMINENT_DEPRECATION_WARNINGS' '-D_LARGEFILE_SOURCE' '-D_FILE_OFFSET_BITS=64' '-D__STDC_FORMAT_MACROS' '-DOPENSSL_NO_PINSHARED' '-DOPENSSL_THREADS' '-DLIBSASS_VERSION=\"3.5.4\"' -I/root/.node-gyp/12.18.1/include/node -I/root/.node-gyp/12.18.1/src -I/root/.node-gyp/12.18.1/deps/openssl/config -I/root/.node-gyp/12.18.1/deps/openssl/openssl/include -I/root/.node-gyp/12.18.1/deps/uv/include -I/root/.node-gyp/12.18.1/deps/zlib -I/root/.node-gyp/12.18.1/deps/v8/include -I../src/libsass/include  -fPIC -pthread -Wall -Wextra -Wno-unused-parameter -m64 -O3 -fno-omit-frame-pointer -std=gnu++1y -std=c++0x -fexceptions -frtti -MMD -MF ./Release/.deps/Release/obj.target/libsass/src/libsass/src/extend.o.d.raw   -c -o Release/obj.target/libsass/src/libsass/src/extend.o ../src/libsass/src/extend.cpp\n  g++ '-DNODE_GYP_MODULE_NAME=libsass' '-DUSING_UV_SHARED=1' '-DUSING_V8_SHARED=1' '-DV8_DEPRECATION_WARNINGS=1' '-DV8_DEPRECATION_WARNINGS' '-DV8_IMMINENT_DEPRECATION_WARNINGS' '-D_LARGEFILE_SOURCE' '-D_FILE_OFFSET_BITS=64' '-D__STDC_FORMAT_MACROS' '-DOPENSSL_NO_PINSHARED' '-DOPENSSL_THREADS' '-DLIBSASS_VERSION=\"3.5.4\"' -I/root/.node-gyp/12.18.1/include/node -I/root/.node-gyp/12.18.1/src -I/root/.node-gyp/12.18.1/deps/openssl/config -I/root/.node-gyp/12.18.1/deps/openssl/openssl/include -I/root/.node-gyp/12.18.1/deps/uv/include -I/root/.node-gyp/12.18.1/deps/zlib -I/root/.node-gyp/12.18.1/deps/v8/include -I../src/libsass/include  -fPIC -pthread -Wall -Wextra -Wno-unused-parameter -m64 -O3 -fno-omit-frame-pointer -std=gnu++1y -std=c++0x -fexceptions -frtti -MMD -MF ./Release/.deps/Release/obj.target/libsass/src/libsass/src/file.o.d.raw   -c -o Release/obj.target/libsass/src/libsass/src/file.o ../src/libsass/src/file.cpp\n  g++ '-DNODE_GYP_MODULE_NAME=libsass' '-DUSING_UV_SHARED=1' '-DUSING_V8_SHARED=1' '-DV8_DEPRECATION_WARNINGS=1' '-DV8_DEPRECATION_WARNINGS' '-DV8_IMMINENT_DEPRECATION_WARNINGS' '-D_LARGEFILE_SOURCE' '-D_FILE_OFFSET_BITS=64' '-D__STDC_FORMAT_MACROS' '-DOPENSSL_NO_PINSHARED' '-DOPENSSL_THREADS' '-DLIBSASS_VERSION=\"3.5.4\"' -I/root/.node-gyp/12.18.1/include/node -I/root/.node-gyp/12.18.1/src -I/root/.node-gyp/12.18.1/deps/openssl/config -I/root/.node-gyp/12.18.1/deps/openssl/openssl/include -I/root/.node-gyp/12.18.1/deps/uv/include -I/root/.node-gyp/12.18.1/deps/zlib -I/root/.node-gyp/12.18.1/deps/v8/include -I../src/libsass/include  -fPIC -pthread -Wall -Wextra -Wno-unused-parameter -m64 -O3 -fno-omit-frame-pointer -std=gnu++1y -std=c++0x -fexceptions -frtti -MMD -MF ./Release/.deps/Release/obj.target/libsass/src/libsass/src/functions.o.d.raw   -c -o Release/obj.target/libsass/src/libsass/src/functions.o ../src/libsass/src/functions.cpp\n  g++ '-DNODE_GYP_MODULE_NAME=libsass' '-DUSING_UV_SHARED=1' '-DUSING_V8_SHARED=1' '-DV8_DEPRECATION_WARNINGS=1' '-DV8_DEPRECATION_WARNINGS' '-DV8_IMMINENT_DEPRECATION_WARNINGS' '-D_LARGEFILE_SOURCE' '-D_FILE_OFFSET_BITS=64' '-D__STDC_FORMAT_MACROS' '-DOPENSSL_NO_PINSHARED' '-DOPENSSL_THREADS' '-DLIBSASS_VERSION=\"3.5.4\"' -I/root/.node-gyp/12.18.1/include/node -I/root/.node-gyp/12.18.1/src -I/root/.node-gyp/12.18.1/deps/openssl/config -I/root/.node-gyp/12.18.1/deps/openssl/openssl/include -I/root/.node-gyp/12.18.1/deps/uv/include -I/root/.node-gyp/12.18.1/deps/zlib -I/root/.node-gyp/12.18.1/deps/v8/include -I../src/libsass/include  -fPIC -pthread -Wall -Wextra -Wno-unused-parameter -m64 -O3 -fno-omit-frame-pointer -std=gnu++1y -std=c++0x -fexceptions -frtti -MMD -MF ./Release/.deps/Release/obj.target/libsass/src/libsass/src/inspect.o.d.raw   -c -o Release/obj.target/libsass/src/libsass/src/inspect.o ../src/libsass/src/inspect.cpp\n  g++ '-DNODE_GYP_MODULE_NAME=libsass' '-DUSING_UV_SHARED=1' '-DUSING_V8_SHARED=1' '-DV8_DEPRECATION_WARNINGS=1' '-DV8_DEPRECATION_WARNINGS' '-DV8_IMMINENT_DEPRECATION_WARNINGS' '-D_LARGEFILE_SOURCE' '-D_FILE_OFFSET_BITS=64' '-D__STDC_FORMAT_MACROS' '-DOPENSSL_NO_PINSHARED' '-DOPENSSL_THREADS' '-DLIBSASS_VERSION=\"3.5.4\"' -I/root/.node-gyp/12.18.1/include/node -I/root/.node-gyp/12.18.1/src -I/root/.node-gyp/12.18.1/deps/openssl/config -I/root/.node-gyp/12.18.1/deps/openssl/openssl/include -I/root/.node-gyp/12.18.1/deps/uv/include -I/root/.node-gyp/12.18.1/deps/zlib -I/root/.node-gyp/12.18.1/deps/v8/include -I../src/libsass/include  -fPIC -pthread -Wall -Wextra -Wno-unused-parameter -m64 -O3 -fno-omit-frame-pointer -std=gnu++1y -std=c++0x -fexceptions -frtti -MMD -MF ./Release/.deps/Release/obj.target/libsass/src/libsass/src/json.o.d.raw   -c -o Release/obj.target/libsass/src/libsass/src/json.o ../src/libsass/src/json.cpp\n  g++ '-DNODE_GYP_MODULE_NAME=libsass' '-DUSING_UV_SHARED=1' '-DUSING_V8_SHARED=1' '-DV8_DEPRECATION_WARNINGS=1' '-DV8_DEPRECATION_WARNINGS' '-DV8_IMMINENT_DEPRECATION_WARNINGS' '-D_LARGEFILE_SOURCE' '-D_FILE_OFFSET_BITS=64' '-D__STDC_FORMAT_MACROS' '-DOPENSSL_NO_PINSHARED' '-DOPENSSL_THREADS' '-DLIBSASS_VERSION=\"3.5.4\"' -I/root/.node-gyp/12.18.1/include/node -I/root/.node-gyp/12.18.1/src -I/root/.node-gyp/12.18.1/deps/openssl/config -I/root/.node-gyp/12.18.1/deps/openssl/openssl/include -I/root/.node-gyp/12.18.1/deps/uv/include -I/root/.node-gyp/12.18.1/deps/zlib -I/root/.node-gyp/12.18.1/deps/v8/include -I../src/libsass/include  -fPIC -pthread -Wall -Wextra -Wno-unused-parameter -m64 -O3 -fno-omit-frame-pointer -std=gnu++1y -std=c++0x -fexceptions -frtti -MMD -MF ./Release/.deps/Release/obj.target/libsass/src/libsass/src/lexer.o.d.raw   -c -o Release/obj.target/libsass/src/libsass/src/lexer.o ../src/libsass/src/lexer.cpp\n  g++ '-DNODE_GYP_MODULE_NAME=libsass' '-DUSING_UV_SHARED=1' '-DUSING_V8_SHARED=1' '-DV8_DEPRECATION_WARNINGS=1' '-DV8_DEPRECATION_WARNINGS' '-DV8_IMMINENT_DEPRECATION_WARNINGS' '-D_LARGEFILE_SOURCE' '-D_FILE_OFFSET_BITS=64' '-D__STDC_FORMAT_MACROS' '-DOPENSSL_NO_PINSHARED' '-DOPENSSL_THREADS' '-DLIBSASS_VERSION=\"3.5.4\"' -I/root/.node-gyp/12.18.1/include/node -I/root/.node-gyp/12.18.1/src -I/root/.node-gyp/12.18.1/deps/openssl/config -I/root/.node-gyp/12.18.1/deps/openssl/openssl/include -I/root/.node-gyp/12.18.1/deps/uv/include -I/root/.node-gyp/12.18.1/deps/zlib -I/root/.node-gyp/12.18.1/deps/v8/include -I../src/libsass/include  -fPIC -pthread -Wall -Wextra -Wno-unused-parameter -m64 -O3 -fno-omit-frame-pointer -std=gnu++1y -std=c++0x -fexceptions -frtti -MMD -MF ./Release/.deps/Release/obj.target/libsass/src/libsass/src/listize.o.d.raw   -c -o Release/obj.target/libsass/src/libsass/src/listize.o ../src/libsass/src/listize.cpp\n  g++ '-DNODE_GYP_MODULE_NAME=libsass' '-DUSING_UV_SHARED=1' '-DUSING_V8_SHARED=1' '-DV8_DEPRECATION_WARNINGS=1' '-DV8_DEPRECATION_WARNINGS' '-DV8_IMMINENT_DEPRECATION_WARNINGS' '-D_LARGEFILE_SOURCE' '-D_FILE_OFFSET_BITS=64' '-D__STDC_FORMAT_MACROS' '-DOPENSSL_NO_PINSHARED' '-DOPENSSL_THREADS' '-DLIBSASS_VERSION=\"3.5.4\"' -I/root/.node-gyp/12.18.1/include/node -I/root/.node-gyp/12.18.1/src -I/root/.node-gyp/12.18.1/deps/openssl/config -I/root/.node-gyp/12.18.1/deps/openssl/openssl/include -I/root/.node-gyp/12.18.1/deps/uv/include -I/root/.node-gyp/12.18.1/deps/zlib -I/root/.node-gyp/12.18.1/deps/v8/include -I../src/libsass/include  -fPIC -pthread -Wall -Wextra -Wno-unused-parameter -m64 -O3 -fno-omit-frame-pointer -std=gnu++1y -std=c++0x -fexceptions -frtti -MMD -MF ./Release/.deps/Release/obj.target/libsass/src/libsass/src/memory/SharedPtr.o.d.raw   -c -o Release/obj.target/libsass/src/libsass/src/memory/SharedPtr.o ../src/libsass/src/memory/SharedPtr.cpp\n  g++ '-DNODE_GYP_MODULE_NAME=libsass' '-DUSING_UV_SHARED=1' '-DUSING_V8_SHARED=1' '-DV8_DEPRECATION_WARNINGS=1' '-DV8_DEPRECATION_WARNINGS' '-DV8_IMMINENT_DEPRECATION_WARNINGS' '-D_LARGEFILE_SOURCE' '-D_FILE_OFFSET_BITS=64' '-D__STDC_FORMAT_MACROS' '-DOPENSSL_NO_PINSHARED' '-DOPENSSL_THREADS' '-DLIBSASS_VERSION=\"3.5.4\"' -I/root/.node-gyp/12.18.1/include/node -I/root/.node-gyp/12.18.1/src -I/root/.node-gyp/12.18.1/deps/openssl/config -I/root/.node-gyp/12.18.1/deps/openssl/openssl/include -I/root/.node-gyp/12.18.1/deps/uv/include -I/root/.node-gyp/12.18.1/deps/zlib -I/root/.node-gyp/12.18.1/deps/v8/include -I../src/libsass/include  -fPIC -pthread -Wall -Wextra -Wno-unused-parameter -m64 -O3 -fno-omit-frame-pointer -std=gnu++1y -std=c++0x -fexceptions -frtti -MMD -MF ./Release/.deps/Release/obj.target/libsass/src/libsass/src/node.o.d.raw   -c -o Release/obj.target/libsass/src/libsass/src/node.o ../src/libsass/src/node.cpp\n  g++ '-DNODE_GYP_MODULE_NAME=libsass' '-DUSING_UV_SHARED=1' '-DUSING_V8_SHARED=1' '-DV8_DEPRECATION_WARNINGS=1' '-DV8_DEPRECATION_WARNINGS' '-DV8_IMMINENT_DEPRECATION_WARNINGS' '-D_LARGEFILE_SOURCE' '-D_FILE_OFFSET_BITS=64' '-D__STDC_FORMAT_MACROS' '-DOPENSSL_NO_PINSHARED' '-DOPENSSL_THREADS' '-DLIBSASS_VERSION=\"3.5.4\"' -I/root/.node-gyp/12.18.1/include/node -I/root/.node-gyp/12.18.1/src -I/root/.node-gyp/12.18.1/deps/openssl/config -I/root/.node-gyp/12.18.1/deps/openssl/openssl/include -I/root/.node-gyp/12.18.1/deps/uv/include -I/root/.node-gyp/12.18.1/deps/zlib -I/root/.node-gyp/12.18.1/deps/v8/include -I../src/libsass/include  -fPIC -pthread -Wall -Wextra -Wno-unused-parameter -m64 -O3 -fno-omit-frame-pointer -std=gnu++1y -std=c++0x -fexceptions -frtti -MMD -MF ./Release/.deps/Release/obj.target/libsass/src/libsass/src/operators.o.d.raw   -c -o Release/obj.target/libsass/src/libsass/src/operators.o ../src/libsass/src/operators.cpp\n  g++ '-DNODE_GYP_MODULE_NAME=libsass' '-DUSING_UV_SHARED=1' '-DUSING_V8_SHARED=1' '-DV8_DEPRECATION_WARNINGS=1' '-DV8_DEPRECATION_WARNINGS' '-DV8_IMMINENT_DEPRECATION_WARNINGS' '-D_LARGEFILE_SOURCE' '-D_FILE_OFFSET_BITS=64' '-D__STDC_FORMAT_MACROS' '-DOPENSSL_NO_PINSHARED' '-DOPENSSL_THREADS' '-DLIBSASS_VERSION=\"3.5.4\"' -I/root/.node-gyp/12.18.1/include/node -I/root/.node-gyp/12.18.1/src -I/root/.node-gyp/12.18.1/deps/openssl/config -I/root/.node-gyp/12.18.1/deps/openssl/openssl/include -I/root/.node-gyp/12.18.1/deps/uv/include -I/root/.node-gyp/12.18.1/deps/zlib -I/root/.node-gyp/12.18.1/deps/v8/include -I../src/libsass/include  -fPIC -pthread -Wall -Wextra -Wno-unused-parameter -m64 -O3 -fno-omit-frame-pointer -std=gnu++1y -std=c++0x -fexceptions -frtti -MMD -MF ./Release/.deps/Release/obj.target/libsass/src/libsass/src/output.o.d.raw   -c -o Release/obj.target/libsass/src/libsass/src/output.o ../src/libsass/src/output.cpp\n  g++ '-DNODE_GYP_MODULE_NAME=libsass' '-DUSING_UV_SHARED=1' '-DUSING_V8_SHARED=1' '-DV8_DEPRECATION_WARNINGS=1' '-DV8_DEPRECATION_WARNINGS' '-DV8_IMMINENT_DEPRECATION_WARNINGS' '-D_LARGEFILE_SOURCE' '-D_FILE_OFFSET_BITS=64' '-D__STDC_FORMAT_MACROS' '-DOPENSSL_NO_PINSHARED' '-DOPENSSL_THREADS' '-DLIBSASS_VERSION=\"3.5.4\"' -I/root/.node-gyp/12.18.1/include/node -I/root/.node-gyp/12.18.1/src -I/root/.node-gyp/12.18.1/deps/openssl/config -I/root/.node-gyp/12.18.1/deps/openssl/openssl/include -I/root/.node-gyp/12.18.1/deps/uv/include -I/root/.node-gyp/12.18.1/deps/zlib -I/root/.node-gyp/12.18.1/deps/v8/include -I../src/libsass/include  -fPIC -pthread -Wall -Wextra -Wno-unused-parameter -m64 -O3 -fno-omit-frame-pointer -std=gnu++1y -std=c++0x -fexceptions -frtti -MMD -MF ./Release/.deps/Release/obj.target/libsass/src/libsass/src/parser.o.d.raw   -c -o Release/obj.target/libsass/src/libsass/src/parser.o ../src/libsass/src/parser.cpp\n  g++ '-DNODE_GYP_MODULE_NAME=libsass' '-DUSING_UV_SHARED=1' '-DUSING_V8_SHARED=1' '-DV8_DEPRECATION_WARNINGS=1' '-DV8_DEPRECATION_WARNINGS' '-DV8_IMMINENT_DEPRECATION_WARNINGS' '-D_LARGEFILE_SOURCE' '-D_FILE_OFFSET_BITS=64' '-D__STDC_FORMAT_MACROS' '-DOPENSSL_NO_PINSHARED' '-DOPENSSL_THREADS' '-DLIBSASS_VERSION=\"3.5.4\"' -I/root/.node-gyp/12.18.1/include/node -I/root/.node-gyp/12.18.1/src -I/root/.node-gyp/12.18.1/deps/openssl/config -I/root/.node-gyp/12.18.1/deps/openssl/openssl/include -I/root/.node-gyp/12.18.1/deps/uv/include -I/root/.node-gyp/12.18.1/deps/zlib -I/root/.node-gyp/12.18.1/deps/v8/include -I../src/libsass/include  -fPIC -pthread -Wall -Wextra -Wno-unused-parameter -m64 -O3 -fno-omit-frame-pointer -std=gnu++1y -std=c++0x -fexceptions -frtti -MMD -MF ./Release/.deps/Release/obj.target/libsass/src/libsass/src/plugins.o.d.raw   -c -o Release/obj.target/libsass/src/libsass/src/plugins.o ../src/libsass/src/plugins.cpp\n  g++ '-DNODE_GYP_MODULE_NAME=libsass' '-DUSING_UV_SHARED=1' '-DUSING_V8_SHARED=1' '-DV8_DEPRECATION_WARNINGS=1' '-DV8_DEPRECATION_WARNINGS' '-DV8_IMMINENT_DEPRECATION_WARNINGS' '-D_LARGEFILE_SOURCE' '-D_FILE_OFFSET_BITS=64' '-D__STDC_FORMAT_MACROS' '-DOPENSSL_NO_PINSHARED' '-DOPENSSL_THREADS' '-DLIBSASS_VERSION=\"3.5.4\"' -I/root/.node-gyp/12.18.1/include/node -I/root/.node-gyp/12.18.1/src -I/root/.node-gyp/12.18.1/deps/openssl/config -I/root/.node-gyp/12.18.1/deps/openssl/openssl/include -I/root/.node-gyp/12.18.1/deps/uv/include -I/root/.node-gyp/12.18.1/deps/zlib -I/root/.node-gyp/12.18.1/deps/v8/include -I../src/libsass/include  -fPIC -pthread -Wall -Wextra -Wno-unused-parameter -m64 -O3 -fno-omit-frame-pointer -std=gnu++1y -std=c++0x -fexceptions -frtti -MMD -MF ./Release/.deps/Release/obj.target/libsass/src/libsass/src/position.o.d.raw   -c -o Release/obj.target/libsass/src/libsass/src/position.o ../src/libsass/src/position.cpp\n  g++ '-DNODE_GYP_MODULE_NAME=libsass' '-DUSING_UV_SHARED=1' '-DUSING_V8_SHARED=1' '-DV8_DEPRECATION_WARNINGS=1' '-DV8_DEPRECATION_WARNINGS' '-DV8_IMMINENT_DEPRECATION_WARNINGS' '-D_LARGEFILE_SOURCE' '-D_FILE_OFFSET_BITS=64' '-D__STDC_FORMAT_MACROS' '-DOPENSSL_NO_PINSHARED' '-DOPENSSL_THREADS' '-DLIBSASS_VERSION=\"3.5.4\"' -I/root/.node-gyp/12.18.1/include/node -I/root/.node-gyp/12.18.1/src -I/root/.node-gyp/12.18.1/deps/openssl/config -I/root/.node-gyp/12.18.1/deps/openssl/openssl/include -I/root/.node-gyp/12.18.1/deps/uv/include -I/root/.node-gyp/12.18.1/deps/zlib -I/root/.node-gyp/12.18.1/deps/v8/include -I../src/libsass/include  -fPIC -pthread -Wall -Wextra -Wno-unused-parameter -m64 -O3 -fno-omit-frame-pointer -std=gnu++1y -std=c++0x -fexceptions -frtti -MMD -MF ./Release/.deps/Release/obj.target/libsass/src/libsass/src/prelexer.o.d.raw   -c -o Release/obj.target/libsass/src/libsass/src/prelexer.o ../src/libsass/src/prelexer.cpp\n  g++ '-DNODE_GYP_MODULE_NAME=libsass' '-DUSING_UV_SHARED=1' '-DUSING_V8_SHARED=1' '-DV8_DEPRECATION_WARNINGS=1' '-DV8_DEPRECATION_WARNINGS' '-DV8_IMMINENT_DEPRECATION_WARNINGS' '-D_LARGEFILE_SOURCE' '-D_FILE_OFFSET_BITS=64' '-D__STDC_FORMAT_MACROS' '-DOPENSSL_NO_PINSHARED' '-DOPENSSL_THREADS' '-DLIBSASS_VERSION=\"3.5.4\"' -I/root/.node-gyp/12.18.1/include/node -I/root/.node-gyp/12.18.1/src -I/root/.node-gyp/12.18.1/deps/openssl/config -I/root/.node-gyp/12.18.1/deps/openssl/openssl/include -I/root/.node-gyp/12.18.1/deps/uv/include -I/root/.node-gyp/12.18.1/deps/zlib -I/root/.node-gyp/12.18.1/deps/v8/include -I../src/libsass/include  -fPIC -pthread -Wall -Wextra -Wno-unused-parameter -m64 -O3 -fno-omit-frame-pointer -std=gnu++1y -std=c++0x -fexceptions -frtti -MMD -MF ./Release/.deps/Release/obj.target/libsass/src/libsass/src/remove_placeholders.o.d.raw   -c -o Release/obj.target/libsass/src/libsass/src/remove_placeholders.o ../src/libsass/src/remove_placeholders.cpp\n  g++ '-DNODE_GYP_MODULE_NAME=libsass' '-DUSING_UV_SHARED=1' '-DUSING_V8_SHARED=1' '-DV8_DEPRECATION_WARNINGS=1' '-DV8_DEPRECATION_WARNINGS' '-DV8_IMMINENT_DEPRECATION_WARNINGS' '-D_LARGEFILE_SOURCE' '-D_FILE_OFFSET_BITS=64' '-D__STDC_FORMAT_MACROS' '-DOPENSSL_NO_PINSHARED' '-DOPENSSL_THREADS' '-DLIBSASS_VERSION=\"3.5.4\"' -I/root/.node-gyp/12.18.1/include/node -I/root/.node-gyp/12.18.1/src -I/root/.node-gyp/12.18.1/deps/openssl/config -I/root/.node-gyp/12.18.1/deps/openssl/openssl/include -I/root/.node-gyp/12.18.1/deps/uv/include -I/root/.node-gyp/12.18.1/deps/zlib -I/root/.node-gyp/12.18.1/deps/v8/include -I../src/libsass/include  -fPIC -pthread -Wall -Wextra -Wno-unused-parameter -m64 -O3 -fno-omit-frame-pointer -std=gnu++1y -std=c++0x -fexceptions -frtti -MMD -MF ./Release/.deps/Release/obj.target/libsass/src/libsass/src/sass.o.d.raw   -c -o Release/obj.target/libsass/src/libsass/src/sass.o ../src/libsass/src/sass.cpp\n  g++ '-DNODE_GYP_MODULE_NAME=libsass' '-DUSING_UV_SHARED=1' '-DUSING_V8_SHARED=1' '-DV8_DEPRECATION_WARNINGS=1' '-DV8_DEPRECATION_WARNINGS' '-DV8_IMMINENT_DEPRECATION_WARNINGS' '-D_LARGEFILE_SOURCE' '-D_FILE_OFFSET_BITS=64' '-D__STDC_FORMAT_MACROS' '-DOPENSSL_NO_PINSHARED' '-DOPENSSL_THREADS' '-DLIBSASS_VERSION=\"3.5.4\"' -I/root/.node-gyp/12.18.1/include/node -I/root/.node-gyp/12.18.1/src -I/root/.node-gyp/12.18.1/deps/openssl/config -I/root/.node-gyp/12.18.1/deps/openssl/openssl/include -I/root/.node-gyp/12.18.1/deps/uv/include -I/root/.node-gyp/12.18.1/deps/zlib -I/root/.node-gyp/12.18.1/deps/v8/include -I../src/libsass/include  -fPIC -pthread -Wall -Wextra -Wno-unused-parameter -m64 -O3 -fno-omit-frame-pointer -std=gnu++1y -std=c++0x -fexceptions -frtti -MMD -MF ./Release/.deps/Release/obj.target/libsass/src/libsass/src/sass2scss.o.d.raw   -c -o Release/obj.target/libsass/src/libsass/src/sass2scss.o ../src/libsass/src/sass2scss.cpp\n  g++ '-DNODE_GYP_MODULE_NAME=libsass' '-DUSING_UV_SHARED=1' '-DUSING_V8_SHARED=1' '-DV8_DEPRECATION_WARNINGS=1' '-DV8_DEPRECATION_WARNINGS' '-DV8_IMMINENT_DEPRECATION_WARNINGS' '-D_LARGEFILE_SOURCE' '-D_FILE_OFFSET_BITS=64' '-D__STDC_FORMAT_MACROS' '-DOPENSSL_NO_PINSHARED' '-DOPENSSL_THREADS' '-DLIBSASS_VERSION=\"3.5.4\"' -I/root/.node-gyp/12.18.1/include/node -I/root/.node-gyp/12.18.1/src -I/root/.node-gyp/12.18.1/deps/openssl/config -I/root/.node-gyp/12.18.1/deps/openssl/openssl/include -I/root/.node-gyp/12.18.1/deps/uv/include -I/root/.node-gyp/12.18.1/deps/zlib -I/root/.node-gyp/12.18.1/deps/v8/include -I../src/libsass/include  -fPIC -pthread -Wall -Wextra -Wno-unused-parameter -m64 -O3 -fno-omit-frame-pointer -std=gnu++1y -std=c++0x -fexceptions -frtti -MMD -MF ./Release/.deps/Release/obj.target/libsass/src/libsass/src/sass_context.o.d.raw   -c -o Release/obj.target/libsass/src/libsass/src/sass_context.o ../src/libsass/src/sass_context.cpp\n  g++ '-DNODE_GYP_MODULE_NAME=libsass' '-DUSING_UV_SHARED=1' '-DUSING_V8_SHARED=1' '-DV8_DEPRECATION_WARNINGS=1' '-DV8_DEPRECATION_WARNINGS' '-DV8_IMMINENT_DEPRECATION_WARNINGS' '-D_LARGEFILE_SOURCE' '-D_FILE_OFFSET_BITS=64' '-D__STDC_FORMAT_MACROS' '-DOPENSSL_NO_PINSHARED' '-DOPENSSL_THREADS' '-DLIBSASS_VERSION=\"3.5.4\"' -I/root/.node-gyp/12.18.1/include/node -I/root/.node-gyp/12.18.1/src -I/root/.node-gyp/12.18.1/deps/openssl/config -I/root/.node-gyp/12.18.1/deps/openssl/openssl/include -I/root/.node-gyp/12.18.1/deps/uv/include -I/root/.node-gyp/12.18.1/deps/zlib -I/root/.node-gyp/12.18.1/deps/v8/include -I../src/libsass/include  -fPIC -pthread -Wall -Wextra -Wno-unused-parameter -m64 -O3 -fno-omit-frame-pointer -std=gnu++1y -std=c++0x -fexceptions -frtti -MMD -MF ./Release/.deps/Release/obj.target/libsass/src/libsass/src/sass_functions.o.d.raw   -c -o Release/obj.target/libsass/src/libsass/src/sass_functions.o ../src/libsass/src/sass_functions.cpp\n  g++ '-DNODE_GYP_MODULE_NAME=libsass' '-DUSING_UV_SHARED=1' '-DUSING_V8_SHARED=1' '-DV8_DEPRECATION_WARNINGS=1' '-DV8_DEPRECATION_WARNINGS' '-DV8_IMMINENT_DEPRECATION_WARNINGS' '-D_LARGEFILE_SOURCE' '-D_FILE_OFFSET_BITS=64' '-D__STDC_FORMAT_MACROS' '-DOPENSSL_NO_PINSHARED' '-DOPENSSL_THREADS' '-DLIBSASS_VERSION=\"3.5.4\"' -I/root/.node-gyp/12.18.1/include/node -I/root/.node-gyp/12.18.1/src -I/root/.node-gyp/12.18.1/deps/openssl/config -I/root/.node-gyp/12.18.1/deps/openssl/openssl/include -I/root/.node-gyp/12.18.1/deps/uv/include -I/root/.node-gyp/12.18.1/deps/zlib -I/root/.node-gyp/12.18.1/deps/v8/include -I../src/libsass/include  -fPIC -pthread -Wall -Wextra -Wno-unused-parameter -m64 -O3 -fno-omit-frame-pointer -std=gnu++1y -std=c++0x -fexceptions -frtti -MMD -MF ./Release/.deps/Release/obj.target/libsass/src/libsass/src/sass_util.o.d.raw   -c -o Release/obj.target/libsass/src/libsass/src/sass_util.o ../src/libsass/src/sass_util.cpp\n  g++ '-DNODE_GYP_MODULE_NAME=libsass' '-DUSING_UV_SHARED=1' '-DUSING_V8_SHARED=1' '-DV8_DEPRECATION_WARNINGS=1' '-DV8_DEPRECATION_WARNINGS' '-DV8_IMMINENT_DEPRECATION_WARNINGS' '-D_LARGEFILE_SOURCE' '-D_FILE_OFFSET_BITS=64' '-D__STDC_FORMAT_MACROS' '-DOPENSSL_NO_PINSHARED' '-DOPENSSL_THREADS' '-DLIBSASS_VERSION=\"3.5.4\"' -I/root/.node-gyp/12.18.1/include/node -I/root/.node-gyp/12.18.1/src -I/root/.node-gyp/12.18.1/deps/openssl/config -I/root/.node-gyp/12.18.1/deps/openssl/openssl/include -I/root/.node-gyp/12.18.1/deps/uv/include -I/root/.node-gyp/12.18.1/deps/zlib -I/root/.node-gyp/12.18.1/deps/v8/include -I../src/libsass/include  -fPIC -pthread -Wall -Wextra -Wno-unused-parameter -m64 -O3 -fno-omit-frame-pointer -std=gnu++1y -std=c++0x -fexceptions -frtti -MMD -MF ./Release/.deps/Release/obj.target/libsass/src/libsass/src/sass_values.o.d.raw   -c -o Release/obj.target/libsass/src/libsass/src/sass_values.o ../src/libsass/src/sass_values.cpp\n  g++ '-DNODE_GYP_MODULE_NAME=libsass' '-DUSING_UV_SHARED=1' '-DUSING_V8_SHARED=1' '-DV8_DEPRECATION_WARNINGS=1' '-DV8_DEPRECATION_WARNINGS' '-DV8_IMMINENT_DEPRECATION_WARNINGS' '-D_LARGEFILE_SOURCE' '-D_FILE_OFFSET_BITS=64' '-D__STDC_FORMAT_MACROS' '-DOPENSSL_NO_PINSHARED' '-DOPENSSL_THREADS' '-DLIBSASS_VERSION=\"3.5.4\"' -I/root/.node-gyp/12.18.1/include/node -I/root/.node-gyp/12.18.1/src -I/root/.node-gyp/12.18.1/deps/openssl/config -I/root/.node-gyp/12.18.1/deps/openssl/openssl/include -I/root/.node-gyp/12.18.1/deps/uv/include -I/root/.node-gyp/12.18.1/deps/zlib -I/root/.node-gyp/12.18.1/deps/v8/include -I../src/libsass/include  -fPIC -pthread -Wall -Wextra -Wno-unused-parameter -m64 -O3 -fno-omit-frame-pointer -std=gnu++1y -std=c++0x -fexceptions -frtti -MMD -MF ./Release/.deps/Release/obj.target/libsass/src/libsass/src/source_map.o.d.raw   -c -o Release/obj.target/libsass/src/libsass/src/source_map.o ../src/libsass/src/source_map.cpp\n  g++ '-DNODE_GYP_MODULE_NAME=libsass' '-DUSING_UV_SHARED=1' '-DUSING_V8_SHARED=1' '-DV8_DEPRECATION_WARNINGS=1' '-DV8_DEPRECATION_WARNINGS' '-DV8_IMMINENT_DEPRECATION_WARNINGS' '-D_LARGEFILE_SOURCE' '-D_FILE_OFFSET_BITS=64' '-D__STDC_FORMAT_MACROS' '-DOPENSSL_NO_PINSHARED' '-DOPENSSL_THREADS' '-DLIBSASS_VERSION=\"3.5.4\"' -I/root/.node-gyp/12.18.1/include/node -I/root/.node-gyp/12.18.1/src -I/root/.node-gyp/12.18.1/deps/openssl/config -I/root/.node-gyp/12.18.1/deps/openssl/openssl/include -I/root/.node-gyp/12.18.1/deps/uv/include -I/root/.node-gyp/12.18.1/deps/zlib -I/root/.node-gyp/12.18.1/deps/v8/include -I../src/libsass/include  -fPIC -pthread -Wall -Wextra -Wno-unused-parameter -m64 -O3 -fno-omit-frame-pointer -std=gnu++1y -std=c++0x -fexceptions -frtti -MMD -MF ./Release/.deps/Release/obj.target/libsass/src/libsass/src/subset_map.o.d.raw   -c -o Release/obj.target/libsass/src/libsass/src/subset_map.o ../src/libsass/src/subset_map.cpp\n  g++ '-DNODE_GYP_MODULE_NAME=libsass' '-DUSING_UV_SHARED=1' '-DUSING_V8_SHARED=1' '-DV8_DEPRECATION_WARNINGS=1' '-DV8_DEPRECATION_WARNINGS' '-DV8_IMMINENT_DEPRECATION_WARNINGS' '-D_LARGEFILE_SOURCE' '-D_FILE_OFFSET_BITS=64' '-D__STDC_FORMAT_MACROS' '-DOPENSSL_NO_PINSHARED' '-DOPENSSL_THREADS' '-DLIBSASS_VERSION=\"3.5.4\"' -I/root/.node-gyp/12.18.1/include/node -I/root/.node-gyp/12.18.1/src -I/root/.node-gyp/12.18.1/deps/openssl/config -I/root/.node-gyp/12.18.1/deps/openssl/openssl/include -I/root/.node-gyp/12.18.1/deps/uv/include -I/root/.node-gyp/12.18.1/deps/zlib -I/root/.node-gyp/12.18.1/deps/v8/include -I../src/libsass/include  -fPIC -pthread -Wall -Wextra -Wno-unused-parameter -m64 -O3 -fno-omit-frame-pointer -std=gnu++1y -std=c++0x -fexceptions -frtti -MMD -MF ./Release/.deps/Release/obj.target/libsass/src/libsass/src/to_c.o.d.raw   -c -o Release/obj.target/libsass/src/libsass/src/to_c.o ../src/libsass/src/to_c.cpp\n  g++ '-DNODE_GYP_MODULE_NAME=libsass' '-DUSING_UV_SHARED=1' '-DUSING_V8_SHARED=1' '-DV8_DEPRECATION_WARNINGS=1' '-DV8_DEPRECATION_WARNINGS' '-DV8_IMMINENT_DEPRECATION_WARNINGS' '-D_LARGEFILE_SOURCE' '-D_FILE_OFFSET_BITS=64' '-D__STDC_FORMAT_MACROS' '-DOPENSSL_NO_PINSHARED' '-DOPENSSL_THREADS' '-DLIBSASS_VERSION=\"3.5.4\"' -I/root/.node-gyp/12.18.1/include/node -I/root/.node-gyp/12.18.1/src -I/root/.node-gyp/12.18.1/deps/openssl/config -I/root/.node-gyp/12.18.1/deps/openssl/openssl/include -I/root/.node-gyp/12.18.1/deps/uv/include -I/root/.node-gyp/12.18.1/deps/zlib -I/root/.node-gyp/12.18.1/deps/v8/include -I../src/libsass/include  -fPIC -pthread -Wall -Wextra -Wno-unused-parameter -m64 -O3 -fno-omit-frame-pointer -std=gnu++1y -std=c++0x -fexceptions -frtti -MMD -MF ./Release/.deps/Release/obj.target/libsass/src/libsass/src/to_value.o.d.raw   -c -o Release/obj.target/libsass/src/libsass/src/to_value.o ../src/libsass/src/to_value.cpp\n  g++ '-DNODE_GYP_MODULE_NAME=libsass' '-DUSING_UV_SHARED=1' '-DUSING_V8_SHARED=1' '-DV8_DEPRECATION_WARNINGS=1' '-DV8_DEPRECATION_WARNINGS' '-DV8_IMMINENT_DEPRECATION_WARNINGS' '-D_LARGEFILE_SOURCE' '-D_FILE_OFFSET_BITS=64' '-D__STDC_FORMAT_MACROS' '-DOPENSSL_NO_PINSHARED' '-DOPENSSL_THREADS' '-DLIBSASS_VERSION=\"3.5.4\"' -I/root/.node-gyp/12.18.1/include/node -I/root/.node-gyp/12.18.1/src -I/root/.node-gyp/12.18.1/deps/openssl/config -I/root/.node-gyp/12.18.1/deps/openssl/openssl/include -I/root/.node-gyp/12.18.1/deps/uv/include -I/root/.node-gyp/12.18.1/deps/zlib -I/root/.node-gyp/12.18.1/deps/v8/include -I../src/libsass/include  -fPIC -pthread -Wall -Wextra -Wno-unused-parameter -m64 -O3 -fno-omit-frame-pointer -std=gnu++1y -std=c++0x -fexceptions -frtti -MMD -MF ./Release/.deps/Release/obj.target/libsass/src/libsass/src/units.o.d.raw   -c -o Release/obj.target/libsass/src/libsass/src/units.o ../src/libsass/src/units.cpp\n  g++ '-DNODE_GYP_MODULE_NAME=libsass' '-DUSING_UV_SHARED=1' '-DUSING_V8_SHARED=1' '-DV8_DEPRECATION_WARNINGS=1' '-DV8_DEPRECATION_WARNINGS' '-DV8_IMMINENT_DEPRECATION_WARNINGS' '-D_LARGEFILE_SOURCE' '-D_FILE_OFFSET_BITS=64' '-D__STDC_FORMAT_MACROS' '-DOPENSSL_NO_PINSHARED' '-DOPENSSL_THREADS' '-DLIBSASS_VERSION=\"3.5.4\"' -I/root/.node-gyp/12.18.1/include/node -I/root/.node-gyp/12.18.1/src -I/root/.node-gyp/12.18.1/deps/openssl/config -I/root/.node-gyp/12.18.1/deps/openssl/openssl/include -I/root/.node-gyp/12.18.1/deps/uv/include -I/root/.node-gyp/12.18.1/deps/zlib -I/root/.node-gyp/12.18.1/deps/v8/include -I../src/libsass/include  -fPIC -pthread -Wall -Wextra -Wno-unused-parameter -m64 -O3 -fno-omit-frame-pointer -std=gnu++1y -std=c++0x -fexceptions -frtti -MMD -MF ./Release/.deps/Release/obj.target/libsass/src/libsass/src/utf8_string.o.d.raw   -c -o Release/obj.target/libsass/src/libsass/src/utf8_string.o ../src/libsass/src/utf8_string.cpp\n  g++ '-DNODE_GYP_MODULE_NAME=libsass' '-DUSING_UV_SHARED=1' '-DUSING_V8_SHARED=1' '-DV8_DEPRECATION_WARNINGS=1' '-DV8_DEPRECATION_WARNINGS' '-DV8_IMMINENT_DEPRECATION_WARNINGS' '-D_LARGEFILE_SOURCE' '-D_FILE_OFFSET_BITS=64' '-D__STDC_FORMAT_MACROS' '-DOPENSSL_NO_PINSHARED' '-DOPENSSL_THREADS' '-DLIBSASS_VERSION=\"3.5.4\"' -I/root/.node-gyp/12.18.1/include/node -I/root/.node-gyp/12.18.1/src -I/root/.node-gyp/12.18.1/deps/openssl/config -I/root/.node-gyp/12.18.1/deps/openssl/openssl/include -I/root/.node-gyp/12.18.1/deps/uv/include -I/root/.node-gyp/12.18.1/deps/zlib -I/root/.node-gyp/12.18.1/deps/v8/include -I../src/libsass/include  -fPIC -pthread -Wall -Wextra -Wno-unused-parameter -m64 -O3 -fno-omit-frame-pointer -std=gnu++1y -std=c++0x -fexceptions -frtti -MMD -MF ./Release/.deps/Release/obj.target/libsass/src/libsass/src/util.o.d.raw   -c -o Release/obj.target/libsass/src/libsass/src/util.o ../src/libsass/src/util.cpp\n  g++ '-DNODE_GYP_MODULE_NAME=libsass' '-DUSING_UV_SHARED=1' '-DUSING_V8_SHARED=1' '-DV8_DEPRECATION_WARNINGS=1' '-DV8_DEPRECATION_WARNINGS' '-DV8_IMMINENT_DEPRECATION_WARNINGS' '-D_LARGEFILE_SOURCE' '-D_FILE_OFFSET_BITS=64' '-D__STDC_FORMAT_MACROS' '-DOPENSSL_NO_PINSHARED' '-DOPENSSL_THREADS' '-DLIBSASS_VERSION=\"3.5.4\"' -I/root/.node-gyp/12.18.1/include/node -I/root/.node-gyp/12.18.1/src -I/root/.node-gyp/12.18.1/deps/openssl/config -I/root/.node-gyp/12.18.1/deps/openssl/openssl/include -I/root/.node-gyp/12.18.1/deps/uv/include -I/root/.node-gyp/12.18.1/deps/zlib -I/root/.node-gyp/12.18.1/deps/v8/include -I../src/libsass/include  -fPIC -pthread -Wall -Wextra -Wno-unused-parameter -m64 -O3 -fno-omit-frame-pointer -std=gnu++1y -std=c++0x -fexceptions -frtti -MMD -MF ./Release/.deps/Release/obj.target/libsass/src/libsass/src/values.o.d.raw   -c -o Release/obj.target/libsass/src/libsass/src/values.o ../src/libsass/src/values.cpp\n  rm -f Release/obj.target/src/sass.a && ar crs Release/obj.target/src/sass.a Release/obj.target/libsass/src/libsass/src/ast.o Release/obj.target/libsass/src/libsass/src/ast_fwd_decl.o Release/obj.target/libsass/src/libsass/src/backtrace.o Release/obj.target/libsass/src/libsass/src/base64vlq.o Release/obj.target/libsass/src/libsass/src/bind.o Release/obj.target/libsass/src/libsass/src/cencode.o Release/obj.target/libsass/src/libsass/src/check_nesting.o Release/obj.target/libsass/src/libsass/src/color_maps.o Release/obj.target/libsass/src/libsass/src/constants.o Release/obj.target/libsass/src/libsass/src/context.o Release/obj.target/libsass/src/libsass/src/cssize.o Release/obj.target/libsass/src/libsass/src/emitter.o Release/obj.target/libsass/src/libsass/src/environment.o Release/obj.target/libsass/src/libsass/src/error_handling.o Release/obj.target/libsass/src/libsass/src/eval.o Release/obj.target/libsass/src/libsass/src/expand.o Release/obj.target/libsass/src/libsass/src/extend.o Release/obj.target/libsass/src/libsass/src/file.o Release/obj.target/libsass/src/libsass/src/functions.o Release/obj.target/libsass/src/libsass/src/inspect.o Re\u001b[0m\u001b[91mlease/obj.target/libsass/src/libsass/src/json.o Release/obj.target/libsass/src/libsass/src/lexer.o Release/obj.target/libsass/src/libsass/src/listize.o Release/obj.target/libsass/src/libsass/src/memory/SharedPtr.o Release/obj.target/libsass/src/libsass/src/node.o Release/obj.target/libsass/src/libsass/src/operators.o Release/obj.target/libsass/src/libsass/src/output.o Release/obj.target/libsass/src/libsass/src/parser.o Release/obj.target/libsass/src/libsass/src/plugins.o Release/obj.target/libsass/src/libsass/src/position.o Release/obj.target/libsass/src/libsass/src/prelexer.o Release/obj.target/libsass/src/libsass/src/remove_placeholders.o Release/obj.target/libsass/src/libsass/src/sass.o Release/obj.target/libsass/src/libsass/src/sass2scss.o Release/obj.target/libsass/src/libsass/src/sass_context.o Release/obj.target/libsass/src/libsass/src/sass_functions.o Release/obj.target/libsass/src/libsass/src/sass_util.o Release/obj.target/libsass/src/libsass/src/sass_values.o Release/obj.target/libsass/src/libsass/src/source_map.o Release/obj.target/libsass/src/libsass/src/subset_map.o Release/obj.target/libsass/src/libsass/src/to_c.o Release/obj.target/libsass/src/libsass/src/to_value.o Release/obj.target/libsass/src/libsass/src/units.o Release/obj.target/libsass/src/libsass/src/utf8_string.o Release/obj.target/libsass/src/libsass/src/util.o Release/obj.target/libsass/src/libsass/src/values.o\n  rm -rf \"Release/sass.a\" && cp -af \"Release/obj.target/src/sass.a\" \"Release/sass.a\"\n  g++ '-DNODE_GYP_MODULE_NAME=binding' '-DUSING_UV_SHARED=1' '-DUSING_V8_SHARED=1' '-DV8_DEPRECATION_WARNINGS=1' '-DV8_DEPRECATION_WARNINGS' '-DV8_IMMINENT_DEPRECATION_WARNINGS' '-D_LARGEFILE_SOURCE' '-D_FILE_OFFSET_BITS=64' '-D__STDC_FORMAT_MACROS' '-DOPENSSL_NO_PINSHARED' '-DOPENSSL_THREADS' '-DBUILDING_NODE_EXTENSION' -I/root/.node-gyp/12.18.1/include/node -I/root/.node-gyp/12.18.1/src -I/root/.node-gyp/12.18.1/deps/openssl/config -I/root/.node-gyp/12.18.1/deps/openssl/openssl/include -I/root/.node-gyp/12.18.1/deps/uv/include -I/root/.node-gyp/12.18.1/deps/zlib -I/root/.node-gyp/12.18.1/deps/v8/include -I../../nan -I../src/libsass/include  -fPIC -pthread -Wall -Wextra -Wno-unused-parameter -m64 -O3 -fno-omit-frame-pointer -fno-rtti -fno-exceptions -std=gnu++1y -std=c++0x -MMD -MF ./Release/.deps/Release/obj.target/binding/src/binding.o.d.raw   -c -o Release/obj.target/binding/src/binding.o ../src/binding.cpp\nIn file included from ../../nan/nan_converters.h:67:0,\n                 from ../../nan/nan.h:222,\n                 from ../src/binding.cpp:1:\n../../nan/nan_converters_43_inl.h: In static member function 'static Nan::imp::ToFactoryBase<v8::Boolean>::return_t Nan::imp::ToFactory<v8::Boolean>::convert(v8::Local<v8::Value>)':\n../../nan/nan_converters_43_inl.h:18:51: warning: 'v8::MaybeLocal<v8::Boolean> v8::Value::ToBoolean(v8::Local<v8::Context>) const' is deprecated: ToBoolean can never throw. Use Local version. [-Wdeprecated-declarations]\n       val->To ## TYPE(isolate->GetCurrentContext())                            \\\n                                                   ^\n../../nan/nan_converters_43_inl.h:22:1: note: in expansion of macro 'X'\n X(Boolean)\n ^\nIn file included from /root/.node-gyp/12.18.1/include/node/v8-internal.h:14:0,\n                 from /root/.node-gyp/12.18.1/include/node/v8.h:27,\n                 from /root/.node-gyp/12.18.1/include/node/node.h:67,\n                 from ../../nan/nan.h:53,\n                 from ../src/binding.cpp:1:\n/root/.node-gyp/12.18.1/include/node/v8.h:2664:59: note: declared here\n                 V8_WARN_UNUSED_RESULT MaybeLocal<Boolean> ToBoolean(\n                                                           ^\n/root/.node-gyp/12.18.1/include/node/v8config.h:328:3: note: in definition of macro 'V8_DEPRECATED'\n   declarator __attribute__((deprecated(message)))\n   ^~~~~~~~~~\nIn file included from ../../nan/nan_converters.h:67:0,\n                 from ../../nan/nan.h:222,\n                 from ../src/binding.cpp:1:\n../../nan/nan_converters_43_inl.h: In static member function 'static Nan::imp::ValueFactoryBase<bool>::return_t Nan::imp::ToFactory<bool>::convert(v8::Local<v8::Value>)':\n../../nan/nan_converters_43_inl.h:37:57: warning: 'v8::Maybe<bool> v8::Value::BooleanValue(v8::Local<v8::Context>) const' is deprecated: BooleanValue can never throw. Use Isolate version. [-Wdeprecated-declarations]\n   return val->NAME ## Value(isolate->GetCurrentContext());                     \\\n                                                         ^\n../../nan/nan_converters_43_inl.h:40:1: note: in expansion of macro 'X'\n X(bool, Boolean)\n ^\nIn file included from /root/.node-gyp/12.18.1/include/node/v8-internal.h:14:0,\n                 from /root/.node-gyp/12.18.1/include/node/v8.h:27,\n                 from /root/.node-gyp/12.18.1/include/node/node.h:67,\n                 from ../../nan/nan.h:53,\n                 from ../src/binding.cpp:1:\n/root/.node-gyp/12.18.1/include/node/v8.h:2702:51: note: declared here\n                 V8_WARN_UNUSED_RESULT Maybe<bool> BooleanValue(\n                                                   ^\n/root/.node-gyp/12.18.1/include/node/v8config.h:328:3: note: in definition of macro 'V8_DEPRECATED'\n   declarator __attribute__((deprecated(message)))\n   ^~~~~~~~~~\nIn file included from ../../nan/nan_new.h:189:0,\n                 from ../../nan/nan.h:223,\n                 from ../src/binding.cpp:1:\n../../nan/nan_implementation_12_inl.h: In static member function 'static Nan::imp::FactoryBase<v8::StringObject>::return_t Nan::imp::Factory<v8::StringObject>::New(v8::Local<v8::String>)':\n../../nan/nan_implementation_12_inl.h:356:37: error: no matching function for call to 'v8::StringObject::New(v8::Local<v8::String>&)'\n   return v8::StringObject::New(value).As<v8::StringObject>();\n                                     ^\nIn file included from /root/.node-gyp/12.18.1/include/node/node.h:67:0,\n                 from ../../nan/nan.h:53,\n                 from ../src/binding.cpp:1:\n/root/.node-gyp/12.18.1/include/node/v8.h:5531:23: note: candidate: static v8::Local<v8::Value> v8::StringObject::New(v8::Isolate*, v8::Local<v8::String>)\n   static Local<Value> New(Isolate* isolate, Local<String> value);\n                       ^~~\n/root/.node-gyp/12.18.1/include/node/v8.h:5531:23: note:   candidate expects 2 arguments, 1 provided\nIn file included from ../../nan/nan_new.h:189:0,\n                 from ../../nan/nan.h:223,\n                 from ../src/binding.cpp:1:\n../../nan/nan_implementation_12_inl.h:356:58: error: expected primary-expression before '>' token\n   return v8::StringObject::New(value).As<v8::StringObject>();\n                                                          ^\n../../nan/nan_implementation_12_inl.h:356:60: error: expected primary-expression before ')' token\n   return v8::StringObject::New(value).As<v8::StringObject>();\n                                                            ^\nIn file included from /usr/include/c++/6/cassert:44:0,\n                 from /root/.node-gyp/12.18.1/include/node/node_object_wrap.h:26,\n                 from ../../nan/nan.h:55,\n                 from ../src/binding.cpp:1:\n../../nan/nan_object_wrap.h: In destructor 'virtual Nan::ObjectWrap::~ObjectWrap()':\n../../nan/nan_object_wrap.h:24:25: error: 'class Nan::Persistent<v8::Object>' has no member named 'IsNearDeath'\n     assert(persistent().IsNearDeath());\n                         ^\n../../nan/nan_object_wrap.h: In static member function 'static void Nan::ObjectWrap::WeakCallback(const v8::WeakCallbackInfo<Nan::ObjectWrap>&)':\n../../nan/nan_object_wrap.h:127:26: error: 'class Nan::Persistent<v8::Object>' has no member named 'IsNearDeath'\n     assert(wrap->handle_.IsNearDeath());\n                          ^\nbinding.target.mk:131: recipe for target 'Release/obj.target/binding/src/binding.o' failed\nmake: Leaving directory '/root/web/static/app/node_modules/node-sass/build'\nmake: *** [Release/obj.target/binding/src/binding.o] Error 1\ngyp ERR! build error \ngyp ERR! stack Error: `make` failed with exit code: 2\ngyp ERR! stack     at ChildProcess.onExit (/root/web/static/app/node_modules/node-gyp/lib/build.js:262:23)\ngyp ERR! stack     at ChildProcess.emit (events.js:315:20)\ngyp ERR! stack     at Process.ChildProcess._handle.onexit (internal/child_process.js:275:12)\ngyp ERR! System Linux 3.10.0-693.17.1.el7.x86_64\ngyp ERR! command \"/usr/local/bin/node\" \"/root/web/static/app/node_modules/node-gyp/bin/node-gyp.js\" \"rebuild\" \"--verbose\" \"--libsass_ext=\" \"--libsass_cflags=\" \"--libsass_ldflags=\" \"--libsass_library=\"\ngyp ERR! cwd /root/web/static/app/node_modules/node-sass\ngyp ERR! node -v v12.18.1\ngyp ERR! node-gyp -v v3.8.0\ngyp ERR! not ok \nBuild failed with error code: 1\n\u001b[0m",
    "raw_stderr_log": "The command '/bin/sh -c yarn install' returned a non-zero code: 1",
    "html_url": "https://github.com/raedahgroup/godcr-old",
    "repo_commit": "d41651a66ae394ed85d2e17d913a424e1df87ba9",
    "repo_id": 148720201
  },
  {
    "raw_dockerfile": "# I move this to \"old\" so I could test on now.\n# This was part of the serverless example https://github.com/skriems/next-material\n# But I am not actually sure how it is used\n\nFROM mhart/alpine-node\n\nWORKDIR /app\nCOPY . .\n\nRUN yarn install\nRUN yarn build\n\nEXPOSE 3000\nCMD [\"yarn\", \"start\"]",
    "raw_stdout_log": "Sending build context to Docker daemon  3.763MB\r\r\nStep 1/7 : FROM mhart/alpine-node\nlatest: Pulling from mhart/alpine-node\ncbdbe7a5bc2a: Already exists\nf7023c07f000: Pulling fs layer\nf7023c07f000: Download complete\nf7023c07f000: Pull complete\nDigest: sha256:9d83e81fbbe68bbfd9b75412ec9d8b40662deb92e3759081fc4aca27afe87f8c\nStatus: Downloaded newer image for mhart/alpine-node:latest\n ---> 5e3fc68c445c\nStep 2/7 : WORKDIR /app\nRemoving intermediate container 208d23b9114f\n ---> c7f403a47be2\nStep 3/7 : COPY . .\n ---> 7b8a641a0b73\nStep 4/7 : RUN yarn install\n ---> Running in d4f3a235ce46\nyarn install v1.22.4\ninfo No lockfile found.\n\u001b[91mwarning package-lock.json found. Your project contains lock files generated by tools other than Yarn. It is advised not to mix package managers in order to avoid resolution inconsistencies caused by unsynchronized lock files. To clear this warning, remove package-lock.json.\n\u001b[0m[1/4] Resolving packages...\n\u001b[91mwarning antd > babel-runtime > core-js@2.6.11: core-js@<3 is no longer maintained and not recommended for usage due to the number of issues. Please, upgrade your dependencies to the actual version of core-js@3.\n\u001b[0m\u001b[91mwarning antd > create-react-class > fbjs > core-js@1.2.7: core-js@<3 is no longer maintained and not recommended for usage due to the number of issues. Please, upgrade your dependencies to the actual version of core-js@3.\n\u001b[0m\u001b[91mwarning antd > @ant-design/icons-react > ant-design-palettes@1.1.3: Please use @ant-design/colors to replace ant-design-palettes\n\u001b[0m\u001b[91mwarning less > request@2.88.2: request has been deprecated, see https://github.com/request/request/issues/3142\n\u001b[0m\u001b[91mwarning next > @babel/runtime-corejs2 > core-js@2.6.11: core-js@<3 is no longer maintained and not recommended for usage due to the number of issues. Please, upgrade your dependencies to the actual version of core-js@3.\n\u001b[0m\u001b[91mwarning next > webpack > watchpack > watchpack-chokidar2 > chokidar@2.1.8: Chokidar 2 will break on node v14+. Upgrade to chokidar 3 with 15x less dependencies.\n\u001b[0m\u001b[91mwarning next > webpack > watchpack > watchpack-chokidar2 > chokidar > fsevents@1.2.13: fsevents 1 will break on node v14+ and could be using insecure binaries. Upgrade to fsevents 2.\n\u001b[0m\u001b[91mwarning next > webpack > micromatch > snapdragon > source-map-resolve > resolve-url@0.2.1: https://github.com/lydell/resolve-url#deprecated\n\u001b[0m\u001b[91mwarning next > webpack > micromatch > snapdragon > source-map-resolve > urix@0.1.0: Please see https://github.com/lydell/urix#deprecated\n\u001b[0m\u001b[91mwarning next-offline > workbox-webpack-plugin > workbox-build > joi@11.4.0: This version has been deprecated in accordance with the hapi support policy (hapi.im/support). Please upgrade to the latest version to get the best features, bug fixes, and security patches. If you are unable to upgrade at this time, paid support is available for older versions (hapi.im/commercial).\n\u001b[0m\u001b[91mwarning next-offline > workbox-webpack-plugin > workbox-build > joi > topo@2.0.2: This version has been deprecated in accordance with the hapi support policy (hapi.im/support). Please upgrade to the latest version to get the best features, bug fixes, and security patches. If you are unable to upgrade at this time, paid support is available for older versions (hapi.im/commercial).\n\u001b[0m\u001b[91mwarning next-offline > workbox-webpack-plugin > workbox-build > joi > hoek@4.2.1: This version has been deprecated in accordance with the hapi support policy (hapi.im/support). Please upgrade to the latest version to get the best features, bug fixes, and security patches. If you are unable to upgrade at this time, paid support is available for older versions (hapi.im/commercial).\nwarning next-offline > workbox-webpack-plugin > workbox-build > joi > topo > hoek@4.2.1: This version has been deprecated in accordance with the hapi support policy (hapi.im/support). Please upgrade to the latest version to get the best features, bug fixes, and security patches. If you are unable to upgrade at this time, paid support is available for older versions (hapi.im/commercial).\n\u001b[0m\u001b[91mwarning next-plugin-transpile-modules@1.1.0: This project has been renamed to next-transpile-modules\n\u001b[0m\u001b[91mwarning pm2 > chokidar@2.1.8: Chokidar 2 will break on node v14+. Upgrade to chokidar 3 with 15x less dependencies.\nwarning pm2 > mkdirp@0.5.1: Legacy versions of mkdirp are no longer supported. Please update to mkdirp 1.x. (Note that the API surface has changed to use Promises in 1.x.)\n\u001b[0m\u001b[91mwarning react-intl > intl-relativeformat@2.2.0: This package has been deprecated, please see migration guide at 'https://github.com/formatjs/formatjs/tree/master/packages/intl-relativeformat#migration-guide'\n\u001b[0m\u001b[91mwarning reason-apollo > react-apollo > fbjs > core-js@2.6.11: core-js@<3 is no longer maintained and not recommended for usage due to the number of issues. Please, upgrade your dependencies to the actual version of core-js@3.\n\u001b[0m\u001b[91mwarning shrink-ray-current > iltorb@2.4.5: The zlib module provides APIs for brotli compression/decompression starting with Node.js v10.16.0, please use it over iltorb\n\u001b[0m\u001b[91mwarning shrink-ray-current > node-zopfli-es > node-gyp > request@2.88.2: request has been deprecated, see https://github.com/request/request/issues/3142\n\u001b[0m\u001b[91mwarning stylus > css-parse > css > urix@0.1.0: Please see https://github.com/lydell/urix#deprecated\n\u001b[0m\u001b[91mwarning @storybook/addon-actions > core-js@2.6.11: core-js@<3 is no longer maintained and not recommended for usage due to the number of issues. Please, upgrade your dependencies to the actual version of core-js@3.\n\u001b[0m\u001b[91mwarning @storybook/addon-links > core-js@2.6.11: core-js@<3 is no longer maintained and not recommended for usage due to the number of issues. Please, upgrade your dependencies to the actual version of core-js@3.\n\u001b[0m\u001b[91mwarning @storybook/react > core-js@2.6.11: core-js@<3 is no longer maintained and not recommended for usage due to the number of issues. Please, upgrade your dependencies to the actual version of core-js@3.\n\u001b[0m\u001b[91mwarning @storybook/react > @storybook/node-logger > core-js@2.6.11: core-js@<3 is no longer maintained and not recommended for usage due to the number of issues. Please, upgrade your dependencies to the actual version of core-js@3.\n\u001b[0m\u001b[91mwarning @storybook/react > @storybook/core > core-js@2.6.11: core-js@<3 is no longer maintained and not recommended for usage due to the number of issues. Please, upgrade your dependencies to the actual version of core-js@3.\n\u001b[0m\u001b[91mwarning @storybook/react > @storybook/core > lazy-universal-dotenv > core-js@2.6.11: core-js@<3 is no longer maintained and not recommended for usage due to the number of issues. Please, upgrade your dependencies to the actual version of core-js@3.\n\u001b[0m\u001b[91mwarning eslint-plugin-graphql > graphql-config > graphql-import@0.7.1: GraphQL Import has been deprecated and merged into GraphQL Tools, so it will no longer get updates. Use GraphQL Tools instead to stay up-to-date! Check out https://www.graphql-tools.com/docs/migration-from-import for migration and https://the-guild.dev/blog/graphql-tools-v6 for new changes.\n\u001b[0m\u001b[91mwarning eslint-watch > chokidar@2.1.8: Chokidar 2 will break on node v14+. Upgrade to chokidar 3 with 15x less dependencies.\n\u001b[0m\u001b[91mwarning eslint-watch > @babel/polyfill > core-js@2.6.11: core-js@<3 is no longer maintained and not recommended for usage due to the number of issues. Please, upgrade your dependencies to the actual version of core-js@3.\n\u001b[0m\u001b[91mwarning graphql_ppx > request@2.88.2: request has been deprecated, see https://github.com/request/request/issues/3142\n\u001b[0m\u001b[91mwarning jest > jest-cli > prompts > kleur@2.0.2: Please upgrade to kleur@3 or migrate to 'ansi-colors' if you prefer the old syntax. Visit <https://github.com/lukeed/kleur/releases/tag/v3.0.0\\> for migration path(s).\n\u001b[0m\u001b[91mwarning jest > jest-cli > jest-config > babel-core > babel-register > core-js@2.6.11: core-js@<3 is no longer maintained and not recommended for usage due to the number of issues. Please, upgrade your dependencies to the actual version of core-js@3.\n\u001b[0m\u001b[91mwarning jest > jest-cli > jest-environment-jsdom > jsdom > request@2.88.2: request has been deprecated, see https://github.com/request/request/issues/3142\n\u001b[0m\u001b[91mwarning jest > jest-cli > jest-haste-map > sane > fsevents@1.2.13: fsevents 1 will break on node v14+ and could be using insecure binaries. Upgrade to fsevents 2.\n\u001b[0m\u001b[91mwarning jest > jest-cli > jest-environment-jsdom > jsdom > left-pad@1.3.0: use String.prototype.padStart()\n\u001b[0m\u001b[91mwarning ngrok > request@2.88.2: request has been deprecated, see https://github.com/request/request/issues/3142\n\u001b[0m\u001b[91mwarning targets-webpack-plugin > core-js@2.6.11: core-js@<3 is no longer maintained and not recommended for usage due to the number of issues. Please, upgrade your dependencies to the actual version of core-js@3.\n\u001b[0m\u001b[91mwarning targets-webpack-plugin > rollup-plugin-commonjs@9.3.4: This package has been deprecated and is no longer maintained. Please use @rollup/plugin-commonjs.\n\u001b[0m\u001b[91mwarning targets-webpack-plugin > rollup-plugin-node-resolve@3.4.0: This package has been deprecated and is no longer maintained. Please use @rollup/plugin-node-resolve.\n\u001b[0m[2/4] Fetching packages...\n\u001b[91mwarning terser-webpack-plugin@1.0.2: Invalid bin field for \"terser-webpack-plugin\".\n\u001b[0m\u001b[91mwarning mini-css-extract-plugin@0.4.5: Invalid bin field for \"mini-css-extract-plugin\".\n\u001b[0m\u001b[91mwarning file-loader@2.0.0: Invalid bin field for \"file-loader\".\n\u001b[0m\u001b[91mwarning url-loader@1.1.2: Invalid bin field for \"url-loader\".\n\u001b[0minfo fsevents@2.1.3: The platform \"linux\" is incompatible with this module.\ninfo \"fsevents@2.1.3\" is an optional dependency and failed compatibility check. Excluding it from installation.\ninfo fsevents@1.2.13: The platform \"linux\" is incompatible with this module.\ninfo \"fsevents@1.2.13\" is an optional dependency and failed compatibility check. Excluding it from installation.\n[3/4] Linking dependencies...\n\u001b[91mwarning \" > next-rum@1.1.1\" has unmet peer dependency \"prop-types@x.x.x\".\n\u001b[0m\u001b[91mwarning \" > next-seo@1.12.0\" has unmet peer dependency \"prop-types@^15.6.0\".\n\u001b[0m\u001b[91mwarning \" > react-apollo@2.5.8\" has unmet peer dependency \"apollo-client@^2.6.3\".\n\u001b[0m\u001b[91mwarning \" > react-intl@2.9.0\" has unmet peer dependency \"prop-types@^15.5.4\".\n\u001b[0m\u001b[91mwarning \"reason-apollo > subscriptions-transport-ws@0.9.0\" has incorrect peer dependency \"graphql@^0.10.0 || ^0.11.0\".\n\u001b[0m\u001b[91mwarning \"svg-sprite-loader > html-webpack-plugin@3.2.0\" has unmet peer dependency \"webpack@^1.0.0 || ^2.0.0 || ^3.0.0 || ^4.0.0\".\n\u001b[0m\u001b[91mwarning \"@zeit/next-css > css-loader@1.0.0\" has unmet peer dependency \"webpack@^4.0.0\".\nwarning \"@zeit/next-css > optimize-css-assets-webpack-plugin@5.0.3\" has unmet peer dependency \"webpack@^4.0.0\".\nwarning \"@zeit/next-css > extract-css-chunks-webpack-plugin@3.3.3\" has unmet peer dependency \"webpack@^4.4.0\".\n\u001b[0m\u001b[91mwarning \" > @zeit/next-less@1.0.2-canary.2\" has incorrect peer dependency \"less@^2.7.3\".\n\u001b[0m\u001b[91mwarning \"@zeit/next-less > less-loader@4.1.0\" has unmet peer dependency \"webpack@^2.0.0 || ^3.0.0 || ^4.0.0\".\n\u001b[0m\u001b[91mwarning \" > babel-jest@23.6.0\" has unmet peer dependency \"babel-core@^6.0.0 || ^7.0.0-0\".\n\u001b[0m\u001b[91mwarning \" > babel-loader@8.1.0\" has unmet peer dependency \"webpack@>=2\".\n\u001b[0m\u001b[91mwarning \"bs-ant-design-alt > bs-moment@0.4.5\" has unmet peer dependency \"moment@^2.24.0\".\n\u001b[0m\u001b[91mwarning \"bs-ant-design-mobile > bs-moment@0.3.2\" has unmet peer dependency \"moment@^2.20.1\".\n\u001b[0m\u001b[91mwarning \" > eslint-loader@2.2.1\" has unmet peer dependency \"webpack@>=2.0.0 <5.0.0\".\n\u001b[0m\u001b[91mwarning \"next-purgecss > purgecss-webpack-plugin@1.6.0\" has unmet peer dependency \"webpack@^4 || ^3\".\nwarning \" > react-addons-test-utils@15.6.2\" has incorrect peer dependency \"react-dom@^15.4.2\".\n\u001b[0m[4/4] Building fresh packages...\ninfo Visit https://yarnpkg.com/en/docs/cli/install for documentation about this command.\n\u001b[91merror /app/node_modules/iltorb: Command failed.\nExit code: 1\nCommand: node ./scripts/install.js || node-gyp rebuild\nArguments: \nDirectory: /app/node_modules/iltorb\nOutput:\ninfo npm cache directory missing, creating it... \ninfo looking for cached prebuild @ /root/.npm/_prebuilds/80989c-iltorb-v2.4.5-node-v83-linuxmusl-x64.tar.gz\nhttp request GET https://github.com/nstepien/iltorb/releases/download/v2.4.5/iltorb-v2.4.5-node-v83-linuxmusl-x64.tar.gz\nhttp 404 https://github.com/nstepien/iltorb/releases/download/v2.4.5/iltorb-v2.4.5-node-v83-linuxmusl-x64.tar.gz\nWARN install No prebuilt binaries found (target=14.4.0 runtime=node arch=x64 libc=musl platform=linux)\ngyp info it worked if it ends with ok\ngyp info using node-gyp@5.1.0\ngyp info using node@14.4.0 | linux | x64\ngyp ERR! find Python \ngyp ERR! find Python Python is not set from command line or npm configuration\ngyp ERR! find Python Python is not set from environment variable PYTHON\ngyp ERR! find Python checking if \"python\" can be used\ngyp ERR! find Python - \"python\" is not in PATH or produced an error\ngyp ERR! find Python checking if \"python2\" can be used\ngyp ERR! find Python - \"python2\" is not in PATH or produced an error\ngyp ERR! find Python checking if \"python3\" can be used\ngyp ERR! find Python - \"python3\" is not in PATH or produced an error\ngyp ERR! find Python \ngyp ERR! find Python **********************************************************\ngyp ERR! find Python You need to install the latest version of Python.\ngyp ERR! find Python Node-gyp should be able to find and use Python. If not,\ngyp ERR! find Python you can try one of the following options:\ngyp ERR! find Python - Use the switch --python=\"/path/to/pythonexecutable\"\ngyp ERR! find Python   (accepted by both node-gyp and npm)\ngyp ERR! find Python - Set the environment variable PYTHON\ngyp ERR! find Python - Set the npm configuration variable python:\ngyp ERR! find Python   npm config set python \"/path/to/pythonexecutable\"\ngyp ERR! find Python For more information consult the documentation at:\ngyp ERR! find Python https://github.com/nodejs/node-gyp#installation\ngyp ERR! find Python **********************************************************\ngyp ERR! find Python \ngyp ERR! configure error \ngyp ERR! stack Error: Could not find any Python installation to use\ngyp ERR! stack     at PythonFinder.fail (/usr/lib/node_modules/npm/node_modules/node-gyp/lib/find-python.js:307:47)\ngyp ERR! stack     at PythonFinder.runChecks (/usr/lib/node_modules/npm/node_modules/node-gyp/lib/find-python.js:136:21)\ngyp ERR! stack     at PythonFinder.<anonymous> (/usr/lib/node_modules/npm/node_modules/node-gyp/lib/find-python.js:179:16)\ngyp ERR! stack     at PythonFinder.execFileCallback (/usr/lib/node_modules/npm/node_modules/node-gyp/lib/find-python.js:271:16)\ngyp ERR! stack     at exithandler (child_process.js:310:5)\ngyp ERR! stack     at ChildProcess.errorhandler (child_process.js:322:5)\ngyp ERR! stack     at ChildProcess.emit (events.js:315:20)\ngyp ERR! stack     at Process.ChildProcess._handle.onexit (internal/child_process.js:274:12)\ngyp ERR! stack     at onErrorNT (internal/child_process.js:468:16)\ngyp ERR! stack     at processTicksAndRejections (internal/process/task_queues.js:84:21)\ngyp ERR! System Linux 3.10.0-693.17.1.el7.x86_64\ngyp ERR! command \"/usr/bin/node\" \"/usr/lib/node_modules/npm/node_modules/node-gyp/bin/node-gyp.js\" \"rebuild\"\ngyp ERR! cwd /app/node_modules/iltorb\ngyp ERR! node -v v14.4.0\ngyp ERR! node-gyp -v v5.1.0\n\u001b[0m",
    "raw_stderr_log": "The command '/bin/sh -c yarn install' returned a non-zero code: 1",
    "html_url": "https://github.com/Enalmada/next-reason-boilerplate",
    "repo_commit": "1b4dd63295eabe2a0aee432578f93cebd16f16bb",
    "repo_id": 152150655
  },
  {
    "raw_dockerfile": "FROM python:3.7-alpine\r\n\r\n# Container setup\r\nEXPOSE 4040\r\nVOLUME /config\r\nVOLUME /archive\r\n\r\n# Copy project to build context\r\nWORKDIR /app\r\nCOPY . /app\r\n\r\n# Install Python dependencies\r\nRUN apk add --update --no-cache g++ gcc libxslt-dev\r\nRUN pip install -r requirements.txt\r\n\r\n# Install Node, npm and install dependencies\r\nWORKDIR /app/datahoarder-ui\r\nRUN apk add --update nodejs nodejs-npm yarn\r\nRUN yarn install\r\nRUN yarn build\r\nWORKDIR /app\r\n\r\n# Start Datahoarder\r\nCMD python app.py",
    "raw_stdout_log": "Sending build context to Docker daemon  2.897MB\r\r\nStep 1/14 : FROM python:3.7-alpine\n3.7-alpine: Pulling from library/python\ndf20fa9351a1: Already exists\n36b3adc4ff6f: Already exists\n158d3630f7f4: Already exists\n656e733c2e63: Already exists\n069d7d2ffc1e: Already exists\nDigest: sha256:4bc145d0bfababffd78b6106abd41000aa5dcc28cd0cfe5f988a415d1985667f\nStatus: Downloaded newer image for python:3.7-alpine\n ---> 6a5ca85ed89b\nStep 2/14 : EXPOSE 4040\n ---> Running in 6af6eff145bb\nRemoving intermediate container 6af6eff145bb\n ---> e3556ab37de4\nStep 3/14 : VOLUME /config\n ---> Running in 4d0c9f19c63e\nRemoving intermediate container 4d0c9f19c63e\n ---> 4b03ea4c14c1\nStep 4/14 : VOLUME /archive\n ---> Running in 43c226e92b8b\nRemoving intermediate container 43c226e92b8b\n ---> 83f49d261ced\nStep 5/14 : WORKDIR /app\nRemoving intermediate container 0fd998a0099f\n ---> 5d0854e4a7d2\nStep 6/14 : COPY . /app\n ---> 3b7c5e9aa8f5\nStep 7/14 : RUN apk add --update --no-cache g++ gcc libxslt-dev\n ---> Running in fed096ac6b7e\nfetch http://dl-cdn.alpinelinux.org/alpine/v3.12/main/x86_64/APKINDEX.tar.gz\nfetch http://dl-cdn.alpinelinux.org/alpine/v3.12/community/x86_64/APKINDEX.tar.gz\n(1/24) Upgrading musl (1.1.24-r8 -> 1.1.24-r9)\n(2/24) Installing libgcc (9.3.0-r2)\n(3/24) Installing libstdc++ (9.3.0-r2)\n(4/24) Installing binutils (2.34-r1)\n(5/24) Installing gmp (6.2.0-r0)\n(6/24) Installing isl (0.18-r0)\n(7/24) Installing libgomp (9.3.0-r2)\n(8/24) Installing libatomic (9.3.0-r2)\n(9/24) Installing libgphobos (9.3.0-r2)\n(10/24) Installing mpfr4 (4.0.2-r4)\n(11/24) Installing mpc1 (1.1.0-r1)\n(12/24) Installing gcc (9.3.0-r2)\n(13/24) Installing musl-dev (1.1.24-r9)\n(14/24) Installing libc-dev (0.7.2-r3)\n(15/24) Installing g++ (9.3.0-r2)\n(16/24) Installing libgpg-error (1.37-r0)\n(17/24) Installing libgcrypt (1.8.5-r0)\n(18/24) Installing libxml2 (2.9.10-r4)\n(19/24) Installing libxslt (1.1.34-r0)\n(20/24) Installing pkgconf (1.7.2-r0)\n(21/24) Installing zlib-dev (1.2.11-r3)\n(22/24) Installing xz-dev (5.2.5-r0)\n(23/24) Installing libxml2-dev (2.9.10-r4)\n(24/24) Installing libxslt-dev (1.1.34-r0)\nExecuting busybox-1.31.1-r16.trigger\nOK: 216 MiB in 58 packages\nRemoving intermediate container fed096ac6b7e\n ---> 823bd835d825\nStep 8/14 : RUN pip install -r requirements.txt\n ---> Running in 07756339f103\nCollecting atomicwrites>=1.3.0\n  Downloading atomicwrites-1.4.0-py2.py3-none-any.whl (6.8 kB)\nCollecting attrs>=19.1.0\n  Downloading attrs-19.3.0-py2.py3-none-any.whl (39 kB)\nCollecting beautifulsoup4>=4.7.1\n  Downloading beautifulsoup4-4.9.1-py3-none-any.whl (115 kB)\nCollecting cachetools>=3.1.0\n  Downloading cachetools-4.1.1-py3-none-any.whl (10 kB)\nCollecting certifi>=2019.3.9\n  Downloading certifi-2020.6.20-py2.py3-none-any.whl (156 kB)\nCollecting chardet>=3.0.4\n  Downloading chardet-3.0.4-py2.py3-none-any.whl (133 kB)\nCollecting Click>=7.0\n  Downloading click-7.1.2-py2.py3-none-any.whl (82 kB)\nCollecting colorama>=0.4.1\n  Downloading colorama-0.4.3-py2.py3-none-any.whl (15 kB)\nCollecting colorclass>=2.2.0\n  Downloading colorclass-2.2.0.tar.gz (17 kB)\nCollecting docopt>=0.6.2\n  Downloading docopt-0.6.2.tar.gz (25 kB)\nCollecting filelock>=3.0.12\n  Downloading filelock-3.0.12-py3-none-any.whl (7.6 kB)\nCollecting Flask>=1.0.3\n  Downloading Flask-1.1.2-py2.py3-none-any.whl (94 kB)\nCollecting Flask-Cors>=3.0.7\n  Downloading Flask_Cors-3.0.8-py2.py3-none-any.whl (14 kB)\nCollecting idna>=2.8\n  Downloading idna-2.10-py2.py3-none-any.whl (58 kB)\nCollecting itsdangerous>=1.1.0\n  Downloading itsdangerous-1.1.0-py2.py3-none-any.whl (16 kB)\nCollecting Jinja2>=2.10.1\n  Downloading Jinja2-2.11.2-py2.py3-none-any.whl (125 kB)\nCollecting lxml>=4.3.3\n  Downloading lxml-4.5.1.tar.gz (4.5 MB)\nCollecting MarkupSafe>=1.1.1\n  Downloading MarkupSafe-1.1.1.tar.gz (19 kB)\nCollecting more-itertools>=7.0.0\n  Downloading more_itertools-8.4.0-py3-none-any.whl (43 kB)\nCollecting observable>=1.0.3\n  Downloading observable-1.0.3-py2.py3-none-any.whl (8.1 kB)\nCollecting packaging>=19.0\n  Downloading packaging-20.4-py2.py3-none-any.whl (37 kB)\nCollecting peewee>=3.9.5\n  Downloading peewee-3.13.3.tar.gz (2.3 MB)\nCollecting pip-upgrader>=1.4.12\n  Downloading pip_upgrader-1.4.15-py2.py3-none-any.whl (16 kB)\nCollecting pluggy>=0.11.0\n  Downloading pluggy-0.13.1-py2.py3-none-any.whl (18 kB)\nCollecting py>=1.8.0\n  Downloading py-1.9.0-py2.py3-none-any.whl (99 kB)\nCollecting pyparsing>=2.4.0\n  Downloading pyparsing-2.4.7-py2.py3-none-any.whl (67 kB)\nCollecting pytest>=4.5.0\n  Downloading pytest-5.4.3-py3-none-any.whl (248 kB)\nCollecting pytube>=9.5.0\n  Downloading pytube-9.6.0-py3-none-any.whl (32 kB)\nCollecting requests>=2.22.0\n  Downloading requests-2.24.0-py2.py3-none-any.whl (61 kB)\nCollecting six>=1.12.0\n  Downloading six-1.15.0-py2.py3-none-any.whl (10 kB)\nCollecting soupsieve>=1.9.1\n  Downloading soupsieve-2.0.1-py3-none-any.whl (32 kB)\nCollecting terminaltables>=3.1.0\n  Downloading terminaltables-3.1.0.tar.gz (12 kB)\nCollecting toml>=0.10.0\n  Downloading toml-0.10.1-py2.py3-none-any.whl (19 kB)\nCollecting tox>=3.11.1\n  Downloading tox-3.16.1-py2.py3-none-any.whl (137 kB)\nCollecting urllib3>=1.25.2\n  Downloading urllib3-1.25.9-py2.py3-none-any.whl (126 kB)\nCollecting virtualenv>=16.6.0\n  Downloading virtualenv-20.0.25-py2.py3-none-any.whl (4.7 MB)\nCollecting wcwidth>=0.1.7\n  Downloading wcwidth-0.2.5-py2.py3-none-any.whl (30 kB)\nCollecting Werkzeug>=0.15.4\n  Downloading Werkzeug-1.0.1-py2.py3-none-any.whl (298 kB)\nCollecting wget>=3.2\n  Downloading wget-3.2.zip (10 kB)\nCollecting youtube-dl\n  Downloading youtube_dl-2020.6.16.1-py2.py3-none-any.whl (1.8 MB)\nCollecting importlib-metadata>=0.12; python_version < \"3.8\"\n  Downloading importlib_metadata-1.7.0-py2.py3-none-any.whl (31 kB)\nCollecting distlib<1,>=0.3.0\n  Downloading distlib-0.3.1-py2.py3-none-any.whl (335 kB)\nCollecting appdirs<2,>=1.4.3\n  Downloading appdirs-1.4.4-py2.py3-none-any.whl (9.6 kB)\nCollecting zipp>=0.5\n  Downloading zipp-3.1.0-py3-none-any.whl (4.9 kB)\nBuilding wheels for collected packages: colorclass, docopt, lxml, MarkupSafe, peewee, terminaltables, wget\n  Building wheel for colorclass (setup.py): started\n  Building wheel for colorclass (setup.py): finished with status 'done'\n  Created wheel for colorclass: filename=colorclass-2.2.0-py3-none-any.whl size=19395 sha256=b6b46f8728f4bebad8ab3010626d26d7ab999c5e3537a5fab20924b43f5c1359\n  Stored in directory: /root/.cache/pip/wheels/fe/96/67/750617a6039bb687b993830c5852beba03d777e2d5b0b06938\n  Building wheel for docopt (setup.py): started\n  Building wheel for docopt (setup.py): finished with status 'done'\n  Created wheel for docopt: filename=docopt-0.6.2-py2.py3-none-any.whl size=13704 sha256=ac14396373153b693f934f05bb36e71d9da78a65cea06e5382cd48a3675d0748\n  Stored in directory: /root/.cache/pip/wheels/72/b0/3f/1d95f96ff986c7dfffe46ce2be4062f38ebd04b506c77c81b9\n  Building wheel for lxml (setup.py): started\n  Building wheel for lxml (setup.py): still running...\n  Building wheel for lxml (setup.py): still running...\n  Building wheel for lxml (setup.py): finished with status 'done'\n  Created wheel for lxml: filename=lxml-4.5.1-cp37-cp37m-linux_x86_64.whl size=1602347 sha256=f24a29b234684a6511c9666c3b35a581f82ab879e4bddbfb8cb34c8c4fc55559\n  Stored in directory: /root/.cache/pip/wheels/ff/9d/02/16a8a65eec8aaf132bc22214eb40890a030daa1ed44a45df2b\n  Building wheel for MarkupSafe (setup.py): started\n  Building wheel for MarkupSafe (setup.py): finished with status 'done'\n  Created wheel for MarkupSafe: filename=MarkupSafe-1.1.1-cp37-cp37m-linux_x86_64.whl size=16912 sha256=3320f8f465a1d8aa0063be402a2c4a8038968b742acaf6d741c3503961e21ae2\n  Stored in directory: /root/.cache/pip/wheels/b9/d9/ae/63bf9056b0a22b13ade9f6b9e08187c1bb71c47ef21a8c9924\n  Building wheel for peewee (setup.py): started\n  Building wheel for peewee (setup.py): finished with status 'done'\n  Created wheel for peewee: filename=peewee-3.13.3-py3-none-any.whl size=127265 sha256=ad55f3fb95d328b94d20c262d03686df636a9bb596c2c3ce274804a8bc446573\n  Stored in directory: /root/.cache/pip/wheels/fa/c2/f9/3e8ca7e14368b03928bab7b5909c415414b6594ca051a64835\n  Building wheel for terminaltables (setup.py): started\n  Building wheel for terminaltables (setup.py): finished with status 'done'\n  Created wheel for terminaltables: filename=terminaltables-3.1.0-py3-none-any.whl size=15354 sha256=608c9516f66f55b4fb589ca022226011bf9ca4c2eb0a31bfedf6904aabcdcd5f\n  Stored in directory: /root/.cache/pip/wheels/ba/ad/c8/2d98360791161cd3db6daf6b5e730f34021fc9367d5879f497\n  Building wheel for wget (setup.py): started\n  Building wheel for wget (setup.py): finished with status 'done'\n  Created wheel for wget: filename=wget-3.2-py3-none-any.whl size=9681 sha256=c06bd266233ccbda2e9b9845960b8fc03fc89d47088b108f16f358347992c95e\n  Stored in directory: /root/.cache/pip/wheels/a1/b6/7c/0e63e34eb06634181c63adacca38b79ff8f35c37e3c13e3c02\nSuccessfully built colorclass docopt lxml MarkupSafe peewee terminaltables wget\nInstalling collected packages: atomicwrites, attrs, soupsieve, beautifulsoup4, cachetools, certifi, chardet, Click, colorama, colorclass, docopt, filelock, itsdangerous, MarkupSafe, Jinja2, Werkzeug, Flask, six, Flask-Cors, idna, lxml, more-itertools, observable, pyparsing, packaging, peewee, urllib3, requests, terminaltables, pip-upgrader, zipp, importlib-metadata, pluggy, py, wcwidth, pytest, pytube, toml, distlib, appdirs, virtualenv, tox, wget, youtube-dl\nSuccessfully installed Click-7.1.2 Flask-1.1.2 Flask-Cors-3.0.8 Jinja2-2.11.2 MarkupSafe-1.1.1 Werkzeug-1.0.1 appdirs-1.4.4 atomicwrites-1.4.0 attrs-19.3.0 beautifulsoup4-4.9.1 cachetools-4.1.1 certifi-2020.6.20 chardet-3.0.4 colorama-0.4.3 colorclass-2.2.0 distlib-0.3.1 docopt-0.6.2 filelock-3.0.12 idna-2.10 importlib-metadata-1.7.0 itsdangerous-1.1.0 lxml-4.5.1 more-itertools-8.4.0 observable-1.0.3 packaging-20.4 peewee-3.13.3 pip-upgrader-1.4.15 pluggy-0.13.1 py-1.9.0 pyparsing-2.4.7 pytest-5.4.3 pytube-9.6.0 requests-2.24.0 six-1.15.0 soupsieve-2.0.1 terminaltables-3.1.0 toml-0.10.1 tox-3.16.1 urllib3-1.25.9 virtualenv-20.0.25 wcwidth-0.2.5 wget-3.2 youtube-dl-2020.6.16.1 zipp-3.1.0\nRemoving intermediate container 07756339f103\n ---> eaf8ef19c123\nStep 9/14 : WORKDIR /app/datahoarder-ui\nRemoving intermediate container 5160e4be0b5a\n ---> 04171298cb86\nStep 10/14 : RUN apk add --update nodejs nodejs-npm yarn\n ---> Running in e0d7590a1359\nfetch http://dl-cdn.alpinelinux.org/alpine/v3.12/main/x86_64/APKINDEX.tar.gz\nfetch http://dl-cdn.alpinelinux.org/alpine/v3.12/community/x86_64/APKINDEX.tar.gz\n(1/7) Installing brotli-libs (1.0.7-r5)\n(2/7) Installing c-ares (1.16.1-r0)\n(3/7) Installing nghttp2-libs (1.41.0-r0)\n(4/7) Installing libuv (1.37.0-r0)\n(5/7) Installing nodejs (12.17.0-r0)\n(6/7) Installing npm (12.17.0-r0)\n(7/7) Installing yarn (1.22.4-r0)\nExecuting busybox-1.31.1-r16.trigger\nOK: 278 MiB in 65 packages\nRemoving intermediate container e0d7590a1359\n ---> 6cdd8a569575\nStep 11/14 : RUN yarn install\n ---> Running in e93a93d85c65\nyarn install v1.22.4\n[1/4] Resolving packages...\n[2/4] Fetching packages...\n\u001b[91mwarning file-loader@2.0.0: Invalid bin field for \"file-loader\".\n\u001b[0m\u001b[91mwarning mini-css-extract-plugin@0.4.5: Invalid bin field for \"mini-css-extract-plugin\".\n\u001b[0m\u001b[91mwarning url-loader@1.1.2: Invalid bin field for \"url-loader\".\n\u001b[0m\u001b[91mwarning terser-webpack-plugin@1.1.0: Invalid bin field for \"terser-webpack-plugin\".\n\u001b[0minfo fsevents@1.2.4: The platform \"linux\" is incompatible with this module.\ninfo \"fsevents@1.2.4\" is an optional dependency and failed compatibility check. Excluding it from installation.\n[3/4] Linking dependencies...\n\u001b[91mwarning \" > bootstrap@4.3.1\" has unmet peer dependency \"jquery@1.9.1 - 3\".\nwarning \" > bootstrap@4.3.1\" has unmet peer dependency \"popper.js@^1.14.7\".\n\u001b[0m\u001b[91mwarning \"@vue/cli-plugin-babel > babel-loader@8.0.4\" has unmet peer dependency \"webpack@>=2\".\n\u001b[0m\u001b[91mwarning \"@vue/cli-plugin-eslint > eslint-loader@2.1.1\" has unmet peer dependency \"webpack@>=2.0.0 <5.0.0\".\n\u001b[0m\u001b[91mwarning \"@vue/cli-plugin-pwa > workbox-webpack-plugin@3.6.3\" has unmet peer dependency \"webpack@^2.0.0 || ^3.0.0 || ^4.0.0\".\n\u001b[0m\u001b[91mwarning \" > sass-loader@7.1.0\" has unmet peer dependency \"webpack@^3.0.0 || ^4.0.0\".\n\u001b[0m[4/4] Building fresh packages...\ninfo Visit https://yarnpkg.com/en/docs/cli/install for documentation about this command.\n\u001b[91merror /app/datahoarder-ui/node_modules/node-sass: Command failed.\nExit code: 1\nCommand: node scripts/build.js\nArguments: \nDirectory: /app/datahoarder-ui/node_modules/node-sass\nOutput:\nBuilding: /usr/bin/node /app/datahoarder-ui/node_modules/node-gyp/bin/node-gyp.js rebuild --verbose --libsass_ext= --libsass_cflags= --libsass_ldflags= --libsass_library=\ngyp info it worked if it ends with ok\ngyp verb cli [\ngyp verb cli   '/usr/bin/node',\ngyp verb cli   '/app/datahoarder-ui/node_modules/node-gyp/bin/node-gyp.js',\ngyp verb cli   'rebuild',\ngyp verb cli   '--verbose',\ngyp verb cli   '--libsass_ext=',\ngyp verb cli   '--libsass_cflags=',\ngyp verb cli   '--libsass_ldflags=',\ngyp verb cli   '--libsass_library='\ngyp verb cli ]\ngyp info using node-gyp@3.8.0\ngyp info using node@12.17.0 | linux | x64\ngyp verb command rebuild []\ngyp verb command clean []\ngyp verb clean removing \"build\" directory\ngyp verb command configure []\ngyp verb check python checking for Python executable \"python2\" in the PATH\ngyp verb `which` failed Error: not found: python2\ngyp verb `which` failed     at getNotFoundError (/app/datahoarder-ui/node_modules/which/which.js:13:12)\ngyp verb `which` failed     at F (/app/datahoarder-ui/node_modules/which/which.js:68:19)\ngyp verb `which` failed     at E (/app/datahoarder-ui/node_modules/which/which.js:80:29)\ngyp verb `which` failed     at /app/datahoarder-ui/node_modules/which/which.js:89:16\ngyp verb `which` failed     at /app/datahoarder-ui/node_modules/isexe/index.js:42:5\ngyp verb `which` failed     at /app/datahoarder-ui/node_modules/isexe/mode.js:8:5\ngyp verb `which` failed     at FSReqCallback.oncomplete (fs.js:167:21)\ngyp verb `which` failed  python2 Error: not found: python2\ngyp verb `which` failed     at getNotFoundError (/app/datahoarder-ui/node_modules/which/which.js:13:12)\ngyp verb `which` failed     at F (/app/datahoarder-ui/node_modules/which/which.js:68:19)\ngyp verb `which` failed     at E (/app/datahoarder-ui/node_modules/which/which.js:80:29)\ngyp verb `which` failed     at /app/datahoarder-ui/node_modules/which/which.js:89:16\ngyp verb `which` failed     at /app/datahoarder-ui/node_modules/isexe/index.js:42:5\ngyp verb `which` failed     at /app/datahoarder-ui/node_modules/isexe/mode.js:8:5\ngyp verb `which` failed     at FSReqCallback.oncomplete (fs.js:167:21) {\ngyp verb `which` failed   code: 'ENOENT'\ngyp verb `which` failed }\ngyp verb check python checking for Python executable \"python\" in the PATH\ngyp verb `which` succeeded python /usr/local/bin/python\ngyp ERR! configure error \ngyp ERR! stack Error: Command failed: /usr/local/bin/python -c import sys; print \"%s.%s.%s\" % sys.version_info[:3];\ngyp ERR! stack   File \"<string>\", line 1\ngyp ERR! stack     import sys; print \"%s.%s.%s\" % sys.version_info[:3];\ngyp ERR! stack                                ^\ngyp ERR! stack SyntaxError: invalid syntax\ngyp ERR! stack \ngyp ERR! stack     at ChildProcess.exithandler (child_process.js:303:12)\ngyp ERR! stack     at ChildProcess.emit (events.js:315:20)\ngyp ERR! stack     at maybeClose (internal/child_process.js:1021:16)\ngyp ERR! stack     at Process.ChildProcess._handle.onexit (internal/child_process.js:286:5)\ngyp ERR! System Linux 3.10.0-693.17.1.el7.x86_64\ngyp ERR! command \"/usr/bin/node\" \"/app/datahoarder-ui/node_modules/node-gyp/bin/node-gyp.js\" \"rebuild\" \"--verbose\" \"--libsass_ext=\" \"--libsass_cflags=\" \"--libsass_ldflags=\" \"--libsass_library=\"\ngyp ERR! cwd /app/datahoarder-ui/node_modules/node-sass\ngyp ERR! node -v v12.17.0\ngyp ERR! node-gyp -v v3.8.0\ngyp ERR! not ok \nBuild failed with error code: 1\n\u001b[0m",
    "raw_stderr_log": "The command '/bin/sh -c yarn install' returned a non-zero code: 1",
    "html_url": "https://github.com/simse/datahoarder",
    "repo_commit": "78f66ba09f9a7ed9ee6bfdcb681f270bcfab17f5",
    "repo_id": 161069032
  },
  {
    "raw_dockerfile": "FROM node:8.11.4\n\nWORKDIR /app/website\n\nEXPOSE 3000 35729\nCOPY ./docs /app/docs\nCOPY ./website /app/website\nRUN yarn install\n\nCMD [\"yarn\", \"start\"]",
    "raw_stdout_log": "Sending build context to Docker daemon  76.93MB\r\r\nStep 1/7 : FROM node:8.11.4\n8.11.4: Pulling from library/node\nf189db1b88b3: Pulling fs layer\n3d06cf2f1b5e: Pulling fs layer\n687ebdda822c: Pulling fs layer\n99119ca3f34e: Pulling fs layer\ne771d6006054: Pulling fs layer\nb0cc28d0be2c: Pulling fs layer\n9bbe77ca0944: Pulling fs layer\n75f7d70e2d07: Pulling fs layer\n687ebdda822c: Waiting\ne771d6006054: Waiting\n99119ca3f34e: Waiting\nb0cc28d0be2c: Waiting\nf189db1b88b3: Waiting\n9bbe77ca0944: Waiting\n75f7d70e2d07: Waiting\n3d06cf2f1b5e: Waiting\nf189db1b88b3: Verifying Checksum\nf189db1b88b3: Download complete\n3d06cf2f1b5e: Verifying Checksum\n3d06cf2f1b5e: Download complete\n687ebdda822c: Verifying Checksum\n687ebdda822c: Download complete\ne771d6006054: Download complete\n99119ca3f34e: Verifying Checksum\n99119ca3f34e: Download complete\n9bbe77ca0944: Verifying Checksum\n9bbe77ca0944: Download complete\nf189db1b88b3: Pull complete\n3d06cf2f1b5e: Pull complete\nb0cc28d0be2c: Verifying Checksum\nb0cc28d0be2c: Download complete\n75f7d70e2d07: Verifying Checksum\n75f7d70e2d07: Download complete\n687ebdda822c: Pull complete\n99119ca3f34e: Pull complete\ne771d6006054: Pull complete\nb0cc28d0be2c: Pull complete\n9bbe77ca0944: Pull complete\n75f7d70e2d07: Pull complete\nDigest: sha256:3422df4f7532b26b55275ad7b6dc17ec35f77192b04ce22e62e43541f3d28eb3\nStatus: Downloaded newer image for node:8.11.4\n ---> 8198006b2b57\nStep 2/7 : WORKDIR /app/website\nRemoving intermediate container e4ee19b6dce5\n ---> 7f1466d18046\nStep 3/7 : EXPOSE 3000 35729\n ---> Running in 1cfb7077d9ad\nRemoving intermediate container 1cfb7077d9ad\n ---> b6a97a77cf47\nStep 4/7 : COPY ./docs /app/docs\n ---> c91765b1fe60\nStep 5/7 : COPY ./website /app/website\n ---> 4c15a583278d\nStep 6/7 : RUN yarn install\n ---> Running in 12e9cd9a8a1d\nyarn install v1.6.0\n\u001b[91mwarning package.json: No license field\n\u001b[0m\u001b[91mwarning No license field\n\u001b[0m[1/4] Resolving packages...\n\u001b[91merror Couldn't find any versions for \"highlight.js\" that matches \"9.15.0\"\n\u001b[0minfo Visit https://yarnpkg.com/en/docs/cli/install for documentation about this command.",
    "raw_stderr_log": "The command '/bin/sh -c yarn install' returned a non-zero code: 1",
    "html_url": "https://github.com/JohnCoene/chirp",
    "repo_commit": "1a0d3b8100ab028fdcf02fa9e6daee530baa316f",
    "repo_id": 164939104
  },
  {
    "raw_dockerfile": "FROM node:10.15-alpine\n\nLABEL maintainer=\"info@appvia.io\"\nLABEL source=\"https://github.com/appvia/mock-oidc-user-server\"\n\nWORKDIR /app\n\n# Update packages in base image\nRUN apk update && apk upgrade && apk add git\n\nCOPY . .\n\nRUN yarn install --force\n\n# User 1000 is already provided in the base image (as 'node')\n\nRUN chown -R node:node /app\n\nUSER 1000\n\nCMD [ \"yarn\", \"start\" ]",
    "raw_stdout_log": "Sending build context to Docker daemon  248.3kB\r\r\nStep 1/10 : FROM node:10.15-alpine\n10.15-alpine: Pulling from library/node\ne7c96db7181b: Already exists\ndf9eac31dfef: Pulling fs layer\n0a20433d95a4: Pulling fs layer\n0a20433d95a4: Verifying Checksum\n0a20433d95a4: Download complete\ndf9eac31dfef: Verifying Checksum\ndf9eac31dfef: Download complete\ndf9eac31dfef: Pull complete\n0a20433d95a4: Pull complete\nDigest: sha256:aa28f3b6b4087b3f289bebaca8d3fb82b93137ae739aa67df3a04892d521958e\nStatus: Downloaded newer image for node:10.15-alpine\n ---> 56bc3a1ed035\nStep 2/10 : LABEL maintainer=\"info@appvia.io\"\n ---> Running in 26684b794e32\nRemoving intermediate container 26684b794e32\n ---> 198553161468\nStep 3/10 : LABEL source=\"https://github.com/appvia/mock-oidc-user-server\"\n ---> Running in de516ffdde13\nRemoving intermediate container de516ffdde13\n ---> 8853751f5cfb\nStep 4/10 : WORKDIR /app\nRemoving intermediate container 693391b3eab8\n ---> 5cad0ccf52cf\nStep 5/10 : RUN apk update && apk upgrade && apk add git\n ---> Running in 0d0bb356c336\nfetch http://dl-cdn.alpinelinux.org/alpine/v3.9/main/x86_64/APKINDEX.tar.gz\nfetch http://dl-cdn.alpinelinux.org/alpine/v3.9/community/x86_64/APKINDEX.tar.gz\nv3.9.6-41-gfb13b1c2d8 [http://dl-cdn.alpinelinux.org/alpine/v3.9/main]\nv3.9.6-37-g4a8b4cfd7e [http://dl-cdn.alpinelinux.org/alpine/v3.9/community]\nOK: 9779 distinct packages available\n(1/5) Upgrading musl (1.1.20-r4 -> 1.1.20-r5)\n(2/5) Upgrading libcrypto1.1 (1.1.1b-r1 -> 1.1.1g-r0)\n(3/5) Upgrading libssl1.1 (1.1.1b-r1 -> 1.1.1g-r0)\n(4/5) Upgrading ca-certificates-cacert (20190108-r0 -> 20191127-r2)\n(5/5) Upgrading musl-utils (1.1.20-r4 -> 1.1.20-r5)\nExecuting busybox-1.29.3-r10.trigger\nOK: 7 MiB in 16 packages\n(1/7) Installing ca-certificates (20191127-r2)\n(2/7) Installing nghttp2-libs (1.35.1-r2)\n(3/7) Installing libssh2 (1.9.0-r1)\n(4/7) Installing libcurl (7.64.0-r3)\n(5/7) Installing expat (2.2.8-r0)\n(6/7) Installing pcre2 (10.32-r1)\n(7/7) Installing git (2.20.4-r0)\nExecuting busybox-1.29.3-r10.trigger\nExecuting ca-certificates-20191127-r2.trigger\nOK: 22 MiB in 23 packages\nRemoving intermediate container 0d0bb356c336\n ---> a0cbafba1325\nStep 6/10 : COPY . .\n ---> d6a451911c82\nStep 7/10 : RUN yarn install --force\n ---> Running in 0928bf5632da\nyarn install v1.13.0\n[1/5] Validating package.json...\n[2/5] Resolving packages...\n[3/5] Fetching packages...\n\u001b[91merror An unexpected error occurred: \"https://registry.yarnpkg.com/es-abstract/-/es-abstract-1.14.0.tgz: Request failed \\\"404 Not Found\\\"\".\n\u001b[0minfo If you think this is a bug, please open a bug report with the information provided in \"/app/yarn-error.log\".\ninfo Visit https://yarnpkg.com/en/docs/cli/install for documentation about this command.",
    "raw_stderr_log": "The command '/bin/sh -c yarn install --force' returned a non-zero code: 1",
    "html_url": "https://github.com/appvia/mock-oidc-user-server",
    "repo_commit": "25ca735b8a0c37c074d586c80176057761d27a4d",
    "repo_id": 165264748
  },
  {
    "raw_dockerfile": "FROM node:lts-alpine as build-stage\n\nWORKDIR /app\n\nCOPY package.json yarn.lock ./\n\nRUN yarn install\n\nCOPY . .\n\nRUN yarn run build:prd\n\n# production stage\nFROM nginx:stable-alpine as production-stage\n\n# Create the directories we will need\nRUN mkdir -p /var/log/nginx\nRUN mkdir -p /var/www/html\n\n# Copy the respective nginx configuration files\nCOPY nginx_config/nginx.conf /etc/nginx/nginx.conf\nCOPY nginx_config/default.conf /etc/nginx/conf.d/default.conf\n\nCOPY --from=build-stage /app/dist /var/www/html\nRUN chown nginx:nginx /var/www/html\n\nEXPOSE 80\n\nCMD [\"nginx\", \"-g\", \"daemon off;\"]",
    "raw_stdout_log": "Sending build context to Docker daemon  4.092MB\r\r\nStep 1/15 : FROM node:lts-alpine as build-stage\nlts-alpine: Pulling from library/node\ncbdbe7a5bc2a: Already exists\nbd07af9ed1a4: Pulling fs layer\n3556ccf180b2: Pulling fs layer\n089d4748da74: Pulling fs layer\n089d4748da74: Download complete\n3556ccf180b2: Verifying Checksum\n3556ccf180b2: Download complete\nbd07af9ed1a4: Verifying Checksum\nbd07af9ed1a4: Download complete\nbd07af9ed1a4: Pull complete\n3556ccf180b2: Pull complete\n089d4748da74: Pull complete\nDigest: sha256:1660c1b9d3fd9711eb9936e66d4656954cd14b0d2b23a2185c39587dad0239b4\nStatus: Downloaded newer image for node:lts-alpine\n ---> 057fa4cc38c2\nStep 2/15 : WORKDIR /app\nRemoving intermediate container 8fbc27b05d6f\n ---> a6248f16d035\nStep 3/15 : COPY package.json yarn.lock ./\n ---> 0068cf4b92a8\nStep 4/15 : RUN yarn install\n ---> Running in 844ad0fd2230\nyarn install v1.22.4\n[1/4] Resolving packages...\n[2/4] Fetching packages...\n\u001b[91mwarning file-loader@2.0.0: Invalid bin field for \"file-loader\".\n\u001b[0m\u001b[91mwarning mini-css-extract-plugin@0.5.0: Invalid bin field for \"mini-css-extract-plugin\".\n\u001b[0m\u001b[91mwarning url-loader@1.1.2: Invalid bin field for \"url-loader\".\n\u001b[0m\u001b[91mwarning mini-css-extract-plugin@0.4.1: Invalid bin field for \"mini-css-extract-plugin\".\n\u001b[0minfo fsevents@1.2.4: The platform \"linux\" is incompatible with this module.\ninfo \"fsevents@1.2.4\" is an optional dependency and failed compatibility check. Excluding it from installation.\n[3/4] Linking dependencies...\n\u001b[91mwarning \" > @babel/plugin-syntax-dynamic-import@7.2.0\" has unmet peer dependency \"@babel/core@^7.0.0-0\".\n\u001b[0m\u001b[91mwarning \"@vue/cli-plugin-babel > babel-loader@8.0.4\" has unmet peer dependency \"webpack@>=2\".\n\u001b[0m\u001b[91mwarning \"@vue/cli-plugin-babel > @vue/babel-preset-app > @vue/babel-preset-jsx@1.0.0-beta.1\" has unmet peer dependency \"@vue/babel-helper-vue-jsx-merge-props@^0.1.0\".\n\u001b[0m\u001b[91mwarning \"@vue/cli-plugin-babel > @vue/babel-preset-app > @vue/babel-preset-jsx > @vue/babel-plugin-transform-vue-jsx@1.0.0-beta.1\" has incorrect peer dependency \"@vue/babel-helper-vue-jsx-merge-props@^0.1.0\".\n\u001b[0m\u001b[91mwarning \"@vue/cli-plugin-eslint > eslint-loader@2.1.1\" has unmet peer dependency \"webpack@>=2.0.0 <5.0.0\".\n\u001b[0m\u001b[91mwarning \" > eslint-plugin-prettier@3.0.1\" has unmet peer dependency \"prettier@>= 1.13.0\".\n\u001b[0m\u001b[91mwarning \" > sass-loader@7.1.0\" has unmet peer dependency \"webpack@^3.0.0 || ^4.0.0\".\n\u001b[0m\u001b[91mwarning \" > style-resources-loader@1.2.1\" has unmet peer dependency \"webpack@^3.0.0 || ^4.0.0\".\n\u001b[0m[4/4] Building fresh packages...\ninfo Visit https://yarnpkg.com/en/docs/cli/install for documentation about this command.\n\u001b[91merror /app/node_modules/node-sass: Command failed.\nExit code: 1\nCommand: node scripts/build.js\nArguments: \nDirectory: /app/node_modules/node-sass\nOutput:\nBuilding: /usr/local/bin/node /app/node_modules/node-gyp/bin/node-gyp.js rebuild --verbose --libsass_ext= --libsass_cflags= --libsass_ldflags= --libsass_library=\ngyp info it worked if it ends with ok\ngyp verb cli [\ngyp verb cli   '/usr/local/bin/node',\ngyp verb cli   '/app/node_modules/node-gyp/bin/node-gyp.js',\ngyp verb cli   'rebuild',\ngyp verb cli   '--verbose',\ngyp verb cli   '--libsass_ext=',\ngyp verb cli   '--libsass_cflags=',\ngyp verb cli   '--libsass_ldflags=',\ngyp verb cli   '--libsass_library='\ngyp verb cli ]\ngyp info using node-gyp@3.8.0\ngyp info using node@12.18.2 | linux | x64\ngyp verb command rebuild []\ngyp verb command clean []\ngyp verb clean removing \"build\" directory\ngyp verb command configure []\ngyp verb check python checking for Python executable \"python2\" in the PATH\ngyp verb `which` failed Error: not found: python2\ngyp verb `which` failed     at getNotFoundError (/app/node_modules/which/which.js:13:12)\ngyp verb `which` failed     at F (/app/node_modules/which/which.js:68:19)\ngyp verb `which` failed     at E (/app/node_modules/which/which.js:80:29)\ngyp verb `which` failed     at /app/node_modules/which/which.js:89:16\ngyp verb `which` failed     at /app/node_modules/isexe/index.js:42:5\ngyp verb `which` failed     at /app/node_modules/isexe/mode.js:8:5\ngyp verb `which` failed     at FSReqCallback.oncomplete (fs.js:167:21)\ngyp verb `which` failed  python2 Error: not found: python2\ngyp verb `which` failed     at getNotFoundError (/app/node_modules/which/which.js:13:12)\ngyp verb `which` failed     at F (/app/node_modules/which/which.js:68:19)\ngyp verb `which` failed     at E (/app/node_modules/which/which.js:80:29)\ngyp verb `which` failed     at /app/node_modules/which/which.js:89:16\ngyp verb `which` failed     at /app/node_modules/isexe/index.js:42:5\ngyp verb `which` failed     at /app/node_modules/isexe/mode.js:8:5\ngyp verb `which` failed     at FSReqCallback.oncomplete (fs.js:167:21) {\ngyp verb `which` failed   code: 'ENOENT'\ngyp verb `which` failed }\ngyp verb check python checking for Python executable \"python\" in the PATH\ngyp verb `which` failed Error: not found: python\ngyp verb `which` failed     at getNotFoundError (/app/node_modules/which/which.js:13:12)\ngyp verb `which` failed     at F (/app/node_modules/which/which.js:68:19)\ngyp verb `which` failed     at E (/app/node_modules/which/which.js:80:29)\ngyp verb `which` failed     at /app/node_modules/which/which.js:89:16\ngyp verb `which` failed     at /app/node_modules/isexe/index.js:42:5\ngyp verb `which` failed     at /app/node_modules/isexe/mode.js:8:5\ngyp verb `which` failed     at FSReqCallback.oncomplete (fs.js:167:21)\ngyp verb `which` failed  python Error: not found: python\ngyp verb `which` failed     at getNotFoundError (/app/node_modules/which/which.js:13:12)\ngyp verb `which` failed     at F (/app/node_modules/which/which.js:68:19)\ngyp verb `which` failed     at E (/app/node_modules/which/which.js:80:29)\ngyp verb `which` failed     at /app/node_modules/which/which.js:89:16\ngyp verb `which` failed     at /app/node_modules/isexe/index.js:42:5\ngyp verb `which` failed     at /app/node_modules/isexe/mode.js:8:5\ngyp verb `which` failed     at FSReqCallback.oncomplete (fs.js:167:21) {\ngyp verb `which` failed   code: 'ENOENT'\ngyp verb `which` failed }\ngyp ERR! configure error \ngyp ERR! stack Error: Can't find Python executable \"python\", you can set the PYTHON env variable.\ngyp ERR! stack     at PythonFinder.failNoPython (/app/node_modules/node-gyp/lib/configure.js:484:19)\ngyp ERR! stack     at PythonFinder.<anonymous> (/app/node_modules/node-gyp/lib/configure.js:406:16)\ngyp ERR! stack     at F (/app/node_modules/which/which.js:68:16)\ngyp ERR! stack     at E (/app/node_modules/which/which.js:80:29)\ngyp ERR! stack     at /app/node_modules/which/which.js:89:16\ngyp ERR! stack     at /app/node_modules/isexe/index.js:42:5\ngyp ERR! stack     at /app/node_modules/isexe/mode.js:8:5\ngyp ERR! stack     at FSReqCallback.oncomplete (fs.js:167:21)\ngyp ERR! System Linux 3.10.0-693.17.1.el7.x86_64\ngyp ERR! command \"/usr/local/bin/node\" \"/app/node_modules/node-gyp/bin/node-gyp.js\" \"rebuild\" \"--verbose\" \"--libsass_ext=\" \"--libsass_cflags=\" \"--libsass_ldflags=\" \"--libsass_library=\"\ngyp ERR! cwd /app/node_modules/node-sass\ngyp ERR! node -v v12.18.2\ngyp ERR! node-gyp -v v3.8.0\ngyp ERR! not ok \nBuild failed with error code: 1\n\u001b[0m",
    "raw_stderr_log": "The command '/bin/sh -c yarn install' returned a non-zero code: 1",
    "html_url": "https://github.com/NarHakobyan/awesome-vue-boilerplate",
    "repo_commit": "aa4babfa020ce27a4b9a401b717b57dd69370a37",
    "repo_id": 168334803
  },
  {
    "raw_dockerfile": "FROM node:8.11.4\n\nWORKDIR /app/website\n\nEXPOSE 3000 35729\nCOPY ./docs /app/docs\nCOPY ./website /app/website\nRUN yarn install\n\nCMD [\"yarn\", \"start\"]",
    "raw_stdout_log": "Sending build context to Docker daemon  13.13MB\r\r\nStep 1/7 : FROM node:8.11.4\n8.11.4: Pulling from library/node\nf189db1b88b3: Pulling fs layer\n3d06cf2f1b5e: Pulling fs layer\n687ebdda822c: Pulling fs layer\n99119ca3f34e: Pulling fs layer\ne771d6006054: Pulling fs layer\nb0cc28d0be2c: Pulling fs layer\n9bbe77ca0944: Pulling fs layer\n75f7d70e2d07: Pulling fs layer\n99119ca3f34e: Waiting\ne771d6006054: Waiting\n75f7d70e2d07: Waiting\n3d06cf2f1b5e: Verifying Checksum\n3d06cf2f1b5e: Download complete\nf189db1b88b3: Verifying Checksum\nf189db1b88b3: Download complete\n687ebdda822c: Verifying Checksum\n687ebdda822c: Download complete\ne771d6006054: Verifying Checksum\ne771d6006054: Download complete\nb0cc28d0be2c: Download complete\n75f7d70e2d07: Verifying Checksum\n75f7d70e2d07: Download complete\n9bbe77ca0944: Verifying Checksum\n9bbe77ca0944: Download complete\n99119ca3f34e: Verifying Checksum\n99119ca3f34e: Download complete\nf189db1b88b3: Pull complete\n3d06cf2f1b5e: Pull complete\n687ebdda822c: Pull complete\n99119ca3f34e: Pull complete\ne771d6006054: Pull complete\nb0cc28d0be2c: Pull complete\n9bbe77ca0944: Pull complete\n75f7d70e2d07: Pull complete\nDigest: sha256:3422df4f7532b26b55275ad7b6dc17ec35f77192b04ce22e62e43541f3d28eb3\nStatus: Downloaded newer image for node:8.11.4\n ---> 8198006b2b57\nStep 2/7 : WORKDIR /app/website\nRemoving intermediate container 3dfdcd787b78\n ---> 916d1f69dcbc\nStep 3/7 : EXPOSE 3000 35729\n ---> Running in 4c57d553e08c\nRemoving intermediate container 4c57d553e08c\n ---> 667e7745e9bb\nStep 4/7 : COPY ./docs /app/docs\n ---> 05f67d89ceb1\nStep 5/7 : COPY ./website /app/website\n ---> 2ec08b23dd7d\nStep 6/7 : RUN yarn install\n ---> Running in 4ac8f148b35e\nyarn install v1.6.0\n\u001b[91mwarning package.json: No license field\n\u001b[0minfo No lockfile found.\n\u001b[91mwarning No license field\n\u001b[0m[1/4] Resolving packages...\n\u001b[91mwarning @docusaurus/core > core-js@2.6.11: core-js@<3 is no longer maintained and not recommended for usage due to the number of issues. Please, upgrade your dependencies to the actual version of core-js@3.\n\u001b[0m\u001b[91mwarning @docusaurus/core > webpack-dev-server > chokidar@2.1.8: Chokidar 2 will break on node v14+. Upgrade to chokidar 3 with 15x less dependencies.\n\u001b[0m\u001b[91mwarning @docusaurus/core > webpack-dev-server > chokidar > fsevents@1.2.13: fsevents 1 will break on node v14+ and could be using insecure binaries. Upgrade to fsevents 2.\n\u001b[0m\u001b[91mwarning @docusaurus/core > webpack > watchpack > watchpack-chokidar2 > chokidar@2.1.8: Chokidar 2 will break on node v14+. Upgrade to chokidar 3 with 15x less dependencies.\n\u001b[0m\u001b[91mwarning @docusaurus/core > webpack-dev-server > chokidar > braces > snapdragon > source-map-resolve > resolve-url@0.2.1: https://github.com/lydell/resolve-url#deprecated\n\u001b[0m\u001b[91mwarning @docusaurus/core > webpack-dev-server > chokidar > braces > snapdragon > source-map-resolve > urix@0.1.0: Please see https://github.com/lydell/urix#deprecated\n\u001b[0m\u001b[91mwarning @docusaurus/preset-classic > @docusaurus/theme-search-algolia > docsearch.js > hogan.js > mkdirp@0.3.0: Legacy versions of mkdirp are no longer supported. Please update to mkdirp 1.x. (Note that the API surface has changed to use Promises in 1.x.)\n\u001b[0m\u001b[91mwarning @docusaurus/preset-classic > @docusaurus/theme-search-algolia > docsearch.js > request@2.88.2: request has been deprecated, see https://github.com/request/request/issues/3142\n\u001b[0m[2/4] Fetching packages...\n\u001b[91merror @docusaurus/core@2.0.0-alpha.58: The engine \"node\" is incompatible with this module. Expected version \">=10.15.1\".\n\u001b[0m\u001b[91merror Found incompatible module\n\u001b[0minfo Visit https://yarnpkg.com/en/docs/cli/install for documentation about this command.",
    "raw_stderr_log": "The command '/bin/sh -c yarn install' returned a non-zero code: 1",
    "html_url": "https://github.com/wix/react-native-notifications",
    "repo_commit": "6e83d07aee6364f091c35d1606225fce2a45a25a",
    "repo_id": 55607504
  },
  {
    "raw_dockerfile": "FROM gcr.io/google_appengine/nodejs\n\n# Undo the env variable setting from the google nodejs env.\n# We set NODE_ENV ourself when we run the server, rather than have a global\n# setting which messes with npm install.\nENV NODE_ENV ''\n\nRUN apt-get -q update && \\\n    apt-get install --no-install-recommends -y -q \\\n      nano less memcached rsync vim\n\n# Install node/npm using LTS version\n#\nRUN install_node 8.9.0\n\n# Install Yarn.\n# Note: because this is running as super-user in docker, we need to specify the\n# --unsafe-perm flag to allow npm not to worry about downgrading its\n# permissions.\n#\nRUN npm install --unsafe-perm -g yarn\n\n# `angular-cli` is used to build the app.\n# `ts-node` allows typesscipt scripts to executed inline, like node/js.\n# `typescript` is the programming language and compiler for javascript.\n# `typings` provides type definitions for typescript needed to compile code.\nRUN yarn global add \\\n  angular-cli \\\n  ts-node \\\n  typescript@2.2.2 \\\n  typings\n\n# Add local files into the docker filespace.\n# Assumes that .dockerfile ignores nodes node_modules\nADD . /app/\n\nWORKDIR /app/\n\nRUN yarn install\nRUN yarn run build:prod\n\n# Assumes: `EXPOSE 8080` and `ENV PORT 8080`\nCMD yarn start:prod-server",
    "raw_stdout_log": "Sending build context to Docker daemon  3.455MB\r\r\nStep 1/11 : FROM gcr.io/google_appengine/nodejs\nlatest: Pulling from google_appengine/nodejs\na20f52fbcce3: Pulling fs layer\naa9e34f5af47: Pulling fs layer\n3c2cba919283: Pulling fs layer\n91065052545f: Pulling fs layer\nf670b8200730: Pulling fs layer\n1a3fe115ecc5: Pulling fs layer\nb7d6dcdb89fd: Pulling fs layer\nb9b1881cfd7a: Pulling fs layer\n2717519d4b02: Pulling fs layer\n9eb827332416: Pulling fs layer\nb9b1881cfd7a: Waiting\n2717519d4b02: Waiting\n9eb827332416: Waiting\n91065052545f: Waiting\nb7d6dcdb89fd: Waiting\n3c2cba919283: Download complete\naa9e34f5af47: Verifying Checksum\naa9e34f5af47: Download complete\na20f52fbcce3: Verifying Checksum\na20f52fbcce3: Download complete\n91065052545f: Verifying Checksum\n91065052545f: Download complete\na20f52fbcce3: Pull complete\naa9e34f5af47: Pull complete\n3c2cba919283: Pull complete\n1a3fe115ecc5: Verifying Checksum\n1a3fe115ecc5: Download complete\nf670b8200730: Verifying Checksum\nf670b8200730: Download complete\n2717519d4b02: Verifying Checksum\n2717519d4b02: Download complete\nb7d6dcdb89fd: Verifying Checksum\nb7d6dcdb89fd: Download complete\n9eb827332416: Download complete\nb9b1881cfd7a: Verifying Checksum\nb9b1881cfd7a: Download complete\n91065052545f: Pull complete\nf670b8200730: Pull complete\n1a3fe115ecc5: Pull complete\nb7d6dcdb89fd: Pull complete\nb9b1881cfd7a: Pull complete\n2717519d4b02: Pull complete\n9eb827332416: Pull complete\nDigest: sha256:361fff782ea98545dee3909398bb1646f7972110af96436e93f0c66550cae911\nStatus: Downloaded newer image for gcr.io/google_appengine/nodejs:latest\n ---> 34da1d97a5b6\nStep 2/11 : ENV NODE_ENV ''\n ---> Running in affa9525b4d6\nRemoving intermediate container affa9525b4d6\n ---> 1e83fb2e2946\nStep 3/11 : RUN apt-get -q update &&     apt-get install --no-install-recommends -y -q       nano less memcached rsync vim\n ---> Running in 84ecd34de8b1\nHit:1 https://dl.yarnpkg.com/debian stable InRelease\nGet:2 http://security.ubuntu.com/ubuntu xenial-security InRelease [109 kB]\nHit:3 http://archive.ubuntu.com/ubuntu xenial InRelease\nGet:4 http://archive.ubuntu.com/ubuntu xenial-updates InRelease [109 kB]\nGet:5 http://archive.ubuntu.com/ubuntu xenial-backports InRelease [107 kB]\nGet:6 http://security.ubuntu.com/ubuntu xenial-security/main amd64 Packages [884 kB]\nGet:7 http://archive.ubuntu.com/ubuntu xenial-updates/main amd64 Packages [1161 kB]\nGet:8 http://security.ubuntu.com/ubuntu xenial-security/main Translation-en [331 kB]\nGet:9 http://security.ubuntu.com/ubuntu xenial-security/universe amd64 Packages [494 kB]\nGet:10 http://security.ubuntu.com/ubuntu xenial-security/universe Translation-en [203 kB]\nGet:11 http://archive.ubuntu.com/ubuntu xenial-updates/universe amd64 Packages [799 kB]\nFetched 4197 kB in 2s (1813 kB/s)\nReading package lists...\nReading package lists...\nBuilding dependency tree...\nReading state information...\nThe following additional packages will be installed:\n  libevent-2.0-5 libgpm2 libmpdec2 libpopt0 libpython3.5 libpython3.5-minimal\n  libpython3.5-stdlib vim-common vim-runtime\nSuggested packages:\n  gpm libcache-memcached-perl libmemcached libanyevent-perl libyaml-perl\n  libterm-readkey-perl spell openssh-client openssh-server ctags vim-doc\n  vim-scripts vim-gnome-py2 | vim-gtk-py2 | vim-gtk3-py2 | vim-athena-py2\n  | vim-nox-py2\nThe following NEW packages will be installed:\n  less libevent-2.0-5 libgpm2 libmpdec2 libpopt0 libpython3.5\n  libpython3.5-minimal libpython3.5-stdlib memcached nano rsync vim vim-common\n  vim-runtime\n0 upgraded, 14 newly installed, 0 to remove and 3 not upgraded.\nNeed to get 11.3 MB of archives.\nAfter this operation, 51.6 MB of additional disk space will be used.\nGet:1 http://archive.ubuntu.com/ubuntu xenial/main amd64 libpopt0 amd64 1.16-10 [26.0 kB]\nGet:2 http://archive.ubuntu.com/ubuntu xenial/main amd64 libgpm2 amd64 1.20.4-6.1 [16.5 kB]\nGet:3 http://archive.ubuntu.com/ubuntu xenial-updates/main amd64 less amd64 481-2.1ubuntu0.2 [110 kB]\nGet:4 http://archive.ubuntu.com/ubuntu xenial/main amd64 libmpdec2 amd64 2.4.2-1 [82.6 kB]\nGet:5 http://archive.ubuntu.com/ubuntu xenial-updates/main amd64 libpython3.5-minimal amd64 3.5.2-2ubuntu0~16.04.10 [525 kB]\nGet:6 http://archive.ubuntu.com/ubuntu xenial-updates/main amd64 libpython3.5-stdlib amd64 3.5.2-2ubuntu0~16.04.10 [2135 kB]\nGet:7 http://archive.ubuntu.com/ubuntu xenial-updates/main amd64 vim-common amd64 2:7.4.1689-3ubuntu1.4 [103 kB]\nGet:8 http://archive.ubuntu.com/ubuntu xenial-updates/main amd64 nano amd64 2.5.3-2ubuntu2 [191 kB]\nGet:9 http://archive.ubuntu.com/ubuntu xenial-updates/main amd64 rsync amd64 3.1.1-3ubuntu1.3 [329 kB]\nGet:10 http://archive.ubuntu.com/ubuntu xenial-updates/main amd64 libevent-2.0-5 amd64 2.0.21-stable-2ubuntu0.16.04.1 [114 kB]\nGet:11 http://archive.ubuntu.com/ubuntu xenial-updates/main amd64 libpython3.5 amd64 3.5.2-2ubuntu0~16.04.10 [1360 kB]\nGet:12 http://archive.ubuntu.com/ubuntu xenial-updates/main amd64 memcached amd64 1.4.25-2ubuntu1.5 [89.4 kB]\nGet:13 http://archive.ubuntu.com/ubuntu xenial-updates/main amd64 vim-runtime all 2:7.4.1689-3ubuntu1.4 [5169 kB]\nGet:14 http://archive.ubuntu.com/ubuntu xenial-updates/main amd64 vim amd64 2:7.4.1689-3ubuntu1.4 [1036 kB]\n\u001b[91mdebconf: delaying package configuration, since apt-utils is not installed\n\u001b[0mFetched 11.3 MB in 2s (4507 kB/s)\nSelecting previously unselected package libpopt0:amd64.\r\n(Reading database ... \r(Reading database ... 5%\r(Reading database ... 10%\r(Reading database ... 15%\r(Reading database ... 20%\r(Reading database ... 25%\r(Reading database ... 30%\r(Reading database ... 35%\r(Reading database ... 40%\r(Reading database ... 45%\r(Reading database ... 50%\r(Reading database ... 55%\r(Reading database ... 60%\r(Reading database ... 65%\r(Reading database ... 70%\r(Reading database ... 75%\r(Reading database ... 80%\r(Reading database ... 85%\r(Reading database ... 90%\r(Reading database ... 95%\r(Reading database ... 100%\r(Reading database ... 13270 files and directories currently installed.)\r\nPreparing to unpack .../libpopt0_1.16-10_amd64.deb ...\r\nUnpacking libpopt0:amd64 (1.16-10) ...\r\nSelecting previously unselected package libgpm2:amd64.\r\nPreparing to unpack .../libgpm2_1.20.4-6.1_amd64.deb ...\r\nUnpacking libgpm2:amd64 (1.20.4-6.1) ...\r\nSelecting previously unselected package less.\r\nPreparing to unpack .../less_481-2.1ubuntu0.2_amd64.deb ...\r\nUnpacking less (481-2.1ubuntu0.2) ...\r\nSelecting previously unselected package libmpdec2:amd64.\r\nPreparing to unpack .../libmpdec2_2.4.2-1_amd64.deb ...\r\nUnpacking libmpdec2:amd64 (2.4.2-1) ...\r\nSelecting previously unselected package libpython3.5-minimal:amd64.\r\nPreparing to unpack .../libpython3.5-minimal_3.5.2-2ubuntu0~16.04.10_amd64.deb ...\r\nUnpacking libpython3.5-minimal:amd64 (3.5.2-2ubuntu0~16.04.10) ...\r\nSelecting previously unselected package libpython3.5-stdlib:amd64.\r\nPreparing to unpack .../libpython3.5-stdlib_3.5.2-2ubuntu0~16.04.10_amd64.deb ...\r\nUnpacking libpython3.5-stdlib:amd64 (3.5.2-2ubuntu0~16.04.10) ...\r\nSelecting previously unselected package vim-common.\r\nPreparing to unpack .../vim-common_2%3a7.4.1689-3ubuntu1.4_amd64.deb ...\r\nUnpacking vim-common (2:7.4.1689-3ubuntu1.4) ...\r\nSelecting previously unselected package nano.\r\nPreparing to unpack .../nano_2.5.3-2ubuntu2_amd64.deb ...\r\nUnpacking nano (2.5.3-2ubuntu2) ...\r\nSelecting previously unselected package rsync.\r\nPreparing to unpack .../rsync_3.1.1-3ubuntu1.3_amd64.deb ...\r\nUnpacking rsync (3.1.1-3ubuntu1.3) ...\r\nSelecting previously unselected package libevent-2.0-5:amd64.\r\nPreparing to unpack .../libevent-2.0-5_2.0.21-stable-2ubuntu0.16.04.1_amd64.deb ...\r\nUnpacking libevent-2.0-5:amd64 (2.0.21-stable-2ubuntu0.16.04.1) ...\r\nSelecting previously unselected package libpython3.5:amd64.\r\nPreparing to unpack .../libpython3.5_3.5.2-2ubuntu0~16.04.10_amd64.deb ...\r\nUnpacking libpython3.5:amd64 (3.5.2-2ubuntu0~16.04.10) ...\r\nSelecting previously unselected package memcached.\r\nPreparing to unpack .../memcached_1.4.25-2ubuntu1.5_amd64.deb ...\r\nUnpacking memcached (1.4.25-2ubuntu1.5) ...\r\nSelecting previously unselected package vim-runtime.\r\nPreparing to unpack .../vim-runtime_2%3a7.4.1689-3ubuntu1.4_all.deb ...\r\nAdding 'diversion of /usr/share/vim/vim74/doc/help.txt to /usr/share/vim/vim74/doc/help.txt.vim-tiny by vim-runtime'\r\nAdding 'diversion of /usr/share/vim/vim74/doc/tags to /usr/share/vim/vim74/doc/tags.vim-tiny by vim-runtime'\r\nUnpacking vim-runtime (2:7.4.1689-3ubuntu1.4) ...\r\nSelecting previously unselected package vim.\r\nPreparing to unpack .../vim_2%3a7.4.1689-3ubuntu1.4_amd64.deb ...\r\nUnpacking vim (2:7.4.1689-3ubuntu1.4) ...\r\nProcessing triggers for mime-support (3.59ubuntu1) ...\r\nProcessing triggers for libc-bin (2.23-0ubuntu11) ...\r\nProcessing triggers for hicolor-icon-theme (0.15-0ubuntu1.1) ...\r\nProcessing triggers for systemd (229-4ubuntu21.28) ...\r\nSetting up libpopt0:amd64 (1.16-10) ...\r\nSetting up libgpm2:amd64 (1.20.4-6.1) ...\r\nSetting up less (481-2.1ubuntu0.2) ...\r\nSetting up libmpdec2:amd64 (2.4.2-1) ...\r\nSetting up libpython3.5-minimal:amd64 (3.5.2-2ubuntu0~16.04.10) ...\r\nSetting up libpython3.5-stdlib:amd64 (3.5.2-2ubuntu0~16.04.10) ...\r\nSetting up vim-common (2:7.4.1689-3ubuntu1.4) ...\r\nSetting up nano (2.5.3-2ubuntu2) ...\r\nupdate-alternatives: using /bin/nano to provide /usr/bin/editor (editor) in auto mode\r\nupdate-alternatives: using /bin/nano to provide /usr/bin/pico (pico) in auto mode\r\nSetting up rsync (3.1.1-3ubuntu1.3) ...\r\ninvoke-rc.d: could not determine current runlevel\r\nSetting up libevent-2.0-5:amd64 (2.0.21-stable-2ubuntu0.16.04.1) ...\r\nSetting up libpython3.5:amd64 (3.5.2-2ubuntu0~16.04.10) ...\r\nSetting up memcached (1.4.25-2ubuntu1.5) ...\r\ninvoke-rc.d: could not determine current runlevel\r\nSetting up vim-runtime (2:7.4.1689-3ubuntu1.4) ...\r\nSetting up vim (2:7.4.1689-3ubuntu1.4) ...\r\nupdate-alternatives: using /usr/bin/vim.basic to provide /usr/bin/vim (vim) in auto mode\r\nupdate-alternatives: using /usr/bin/vim.basic to provide /usr/bin/vimdiff (vimdiff) in auto mode\r\nupdate-alternatives: using /usr/bin/vim.basic to provide /usr/bin/rvim (rvim) in auto mode\r\nupdate-alternatives: using /usr/bin/vim.basic to provide /usr/bin/rview (rview) in auto mode\r\nupdate-alternatives: using /usr/bin/vim.basic to provide /usr/bin/vi (vi) in auto mode\r\nupdate-alternatives: using /usr/bin/vim.basic to provide /usr/bin/view (view) in auto mode\r\nupdate-alternatives: using /usr/bin/vim.basic to provide /usr/bin/ex (ex) in auto mode\r\nProcessing triggers for libc-bin (2.23-0ubuntu11) ...\r\nProcessing triggers for systemd (229-4ubuntu21.28) ...\r\nRemoving intermediate container 84ecd34de8b1\n ---> 9be85c1e0f41\nStep 4/11 : RUN install_node 8.9.0\n ---> Running in aea70b96d6c8\n\u001b[91m  % Total    % Received % Xferd  Average Speed   Time    Time     Time  Current\n                                 \u001b[0m\u001b[91mDload  Upload   Total   Spent    Left  Speed\n\r  0     0    0     0    0     0      0      0 --:--:-- --:--:-- --:--:--     0\u001b[0m\u001b[91m\r  0 17.0M    0   440    0     0    800      0  6:12:48 --:--:--  6:12:48   800\u001b[0m\u001b[91m\r100 17.0M  100 17.0M    0     0  15.8M      0  0:00:01  0:00:01 --:--:-- 15.8M\n\u001b[0m\u001b[91m  % Total    % Received % Xferd  Average Speed   Time    Time     Time  Cu\u001b[0m\u001b[91mrrent\n                                 Dload  Upload   Total   Spent    Left  Speed\n\r  0     0    0     0    0     0      0      0 --:--:-- --:--:-- --:--:--     0\u001b[0m\u001b[91m\r  9  4733    9   462    0     0   1208      0  0:00:03 --:--:--  0:00:03  1206\u001b[0m\u001b[91m\r100  4733  100  4733    0     0  12371      0 --:--:-- --:--:-- --:--:-- 12357\n\u001b[0mnode-v8.9.0-linux-x64.tar.gz: OK\nInstalled Node.js v8.9.0\nRemoving intermediate container aea70b96d6c8\n ---> 78e28362af17\nStep 5/11 : RUN npm install --unsafe-perm -g yarn\n ---> Running in 6ffd33a96719\n/nodejs/bin/yarn -> /nodejs/lib/node_modules/yarn/bin/yarn.js\n/nodejs/bin/yarnpkg -> /nodejs/lib/node_modules/yarn/bin/yarn.js\n+ yarn@1.22.4\nadded 1 package in 0.894s\nRemoving intermediate container 6ffd33a96719\n ---> 6eb3fd1a771c\nStep 6/11 : RUN yarn global add   angular-cli   ts-node   typescript@2.2.2   typings\n ---> Running in 2669b0500e2f\nyarn global v1.22.4\n[1/4] Resolving packages...\n\u001b[91mwarning angular-cli@1.0.0-beta.28.3: angular-cli has been renamed to @angular/cli. Please update your dependencies.\n\u001b[0m\u001b[91mwarning angular-cli > exists-sync@0.0.3: Please replace with usage of fs.existsSync\n\u001b[0m\u001b[91mwarning angular-cli > extract-text-webpack-plugin@2.1.2: Deprecated. Please use https://github.com/webpack-contrib/mini-css-extract-plugin\n\u001b[0m\u001b[91mwarning angular-cli > autoprefixer > browserslist@1.7.7: Browserslist 2 could fail on reading Browserslist >3.0 config used in other tools.\n\u001b[0m\u001b[91mwarning angular-cli > cssnano > postcss-merge-rules > browserslist@1.7.7: Browserslist 2 could fail on reading Browserslist >3.0 config used in other tools.\n\u001b[0m\u001b[91mwarning angular-cli > less > request@2.81.0: request has been deprecated, see https://github.com/request/request/issues/3142\nwarning angular-cli > node-sass > request@2.88.2: request has been deprecated, see https://github.com/request/request/issues/3142\n\u001b[0m\u001b[91mwarning angular-cli > node-sass > node-gyp > request@2.88.2: request has been deprecated, see https://github.com/request/request/issues/3142\n\u001b[0m\u001b[91mwarning angular-cli > remap-istanbul > gulp-util@3.0.7: gulp-util is deprecated - replace it, following the guidelines at https://medium.com/gulpjs/gulp-util-ca3b1f9f9ac5\n\u001b[0m\u001b[91mwarning angular-cli > remap-istanbul > istanbul@0.4.3: This module is no longer maintained, try this instead:\n  npm i nyc\nVisit https://istanbul.js.org/integrations for other alternatives.\nwarning angular-cli > sourcemap-istanbul-instrumenter-loader > istanbul@0.4.5: This module is no longer maintained, try this instead:\n  npm i nyc\nVisit https://istanbul.js.org/integrations for other alternatives.\n\u001b[0m\u001b[91mwarning angular-cli > webpack-dev-server > chokidar@1.7.0: Chokidar 2 will break on node v14+. Upgrade to chokidar 3 with 15x less dependencies.\n\u001b[0m\u001b[91mwarning angular-cli > cssnano > postcss-merge-rules > caniuse-api > browserslist@1.7.7: Browserslist 2 could fail on reading Browserslist >3.0 config used in other tools.\n\u001b[0m\u001b[91mwarning angular-cli > less > request > hawk@3.1.3: This module moved to @hapi/hawk. Please make sure to switch over as this distribution is no longer supported and may contain bugs and critical security issues.\n\u001b[0m\u001b[91mwarning angular-cli > remap-istanbul > istanbul > fileset > minimatch@2.0.10: Please update to minimatch 3.0.2 or higher to avoid a RegExp DoS issue\n\u001b[0m\u001b[91mwarning angular-cli > webpack > watchpack > watchpack-chokidar2 > chokidar@2.1.8: Chokidar 2 will break on node v14+. Upgrade to chokidar 3 with 15x less dependencies.\n\u001b[0m\u001b[91mwarning angular-cli > webpack-dev-server > chokidar > fsevents@1.2.13: fsevents 1 will break on node v14+ and could be using insecure binaries. Upgrade to fsevents 2.\nwarning angular-cli > webpack > watchpack > watchpack-chokidar2 > chokidar > fsevents@1.2.13: fsevents 1 will break on node v14+ and could be using insecure binaries. Upgrade to fsevents 2.\n\u001b[0m\u001b[91mwarning angular-cli > less > request > hawk > hoek@2.16.3: This version has been deprecated in accordance with the hapi support policy (hapi.im/support). Please upgrade to the latest version to get the best features, bug fixes, and security patches. If you are unable to upgrade at this time, paid support is available for older versions (hapi.im/commercial).\n\u001b[0m\u001b[91mwarning angular-cli > less > request > hawk > boom@2.10.1: This version has been deprecated in accordance with the hapi support policy (hapi.im/support). Please upgrade to the latest version to get the best features, bug fixes, and security patches. If you are unable to upgrade at this time, paid support is available for older versions (hapi.im/commercial).\n\u001b[0m\u001b[91mwarning angular-cli > less > request > hawk > boom > hoek@2.16.3: This version has been deprecated in accordance with the hapi support policy (hapi.im/support). Please upgrade to the latest version to get the best features, bug fixes, and security patches. If you are unable to upgrade at this time, paid support is available for older versions (hapi.im/commercial).\n\u001b[0m\u001b[91mwarning angular-cli > less > request > hawk > cryptiles@2.0.5: This version has been deprecated in accordance with the hapi support policy (hapi.im/support). Please upgrade to the latest version to get the best features, bug fixes, and security patches. If you are unable to upgrade at this time, paid support is available for older versions (hapi.im/commercial).\n\u001b[0m\u001b[91mwarning angular-cli > less > request > hawk > cryptiles > boom@2.10.1: This version has been deprecated in accordance with the hapi support policy (hapi.im/support). Please upgrade to the latest version to get the best features, bug fixes, and security patches. If you are unable to upgrade at this time, paid support is available for older versions (hapi.im/commercial).\n\u001b[0m\u001b[91mwarning angular-cli > less > request > hawk > sntp@1.0.9: This module moved to @hapi/sntp. Please make sure to switch over as this distribution is no longer supported and may contain bugs and critical security issues.\n\u001b[0m\u001b[91mwarning angular-cli > less > request > hawk > sntp > hoek@2.16.3: This version has been deprecated in accordance with the hapi support policy (hapi.im/support). Please upgrade to the latest version to get the best features, bug fixes, and security patches. If you are unable to upgrade at this time, paid support is available for older versions (hapi.im/commercial).\n\u001b[0m\u001b[91mwarning angular-cli > stylus > css-parse > css > urix@0.1.0: Please see https://github.com/lydell/urix#deprecated\nwarning angular-cli > stylus > css-parse > css > source-map-resolve > urix@0.1.0: Please see https://github.com/lydell/urix#deprecated\n\u001b[0m\u001b[91mwarning angular-cli > stylus > css-parse > css > source-map-resolve > resolve-url@0.2.1: https://github.com/lydell/resolve-url#deprecated\n\u001b[0m\u001b[91mwarning typings@2.1.1: Typings is deprecated in favor of NPM @types -- see README for more information\n\u001b[0m\u001b[91mwarning typings > typings-core > popsicle-proxy-agent@3.0.0: Use `agent` option with `popsicle` directly\n\u001b[0m[2/4] Fetching packages...\ninfo chokidar@3.4.0: The engine \"node\" is incompatible with this module. Expected version \">= 8.10.0\". Got \"8.9.0\"\ninfo \"chokidar@3.4.0\" is an optional dependency and failed compatibility check. Excluding it from installation.\ninfo fsevents@1.2.13: The platform \"linux\" is incompatible with this module.\ninfo \"fsevents@1.2.13\" is an optional dependency and failed compatibility check. Excluding it from installation.\ninfo fsevents@2.1.3: The platform \"linux\" is incompatible with this module.\ninfo \"fsevents@2.1.3\" is an optional dependency and failed compatibility check. Excluding it from installation.\ninfo fsevents@2.1.3: The engine \"node\" is incompatible with this module. Expected version \"^8.16.0 || ^10.6.0 || >=11.0.0\". Got \"8.9.0\"\ninfo readdirp@3.4.0: The engine \"node\" is incompatible with this module. Expected version \">=8.10.0\". Got \"8.9.0\"\ninfo \"readdirp@3.4.0\" is an optional dependency and failed compatibility check. Excluding it from installation.\n[3/4] Linking dependencies...\n\u001b[91mwarning \"angular-cli > @angular/core@2.4.10\" has unmet peer dependency \"rxjs@^5.0.1\".\n\u001b[0m\u001b[91mwarning \" > ts-node@8.10.2\" has incorrect peer dependency \"typescript@>=2.7\".\n\u001b[0m[4/4] Building fresh packages...\nsuccess Installed \"angular-cli@1.0.0-beta.28.3\" with binaries:\n      - ng\nsuccess Installed \"ts-node@8.10.2\" with binaries:\n      - ts-node\n      - ts-script\n      - ts-node-script\n      - ts-node-transpile-only\nsuccess Installed \"typescript@2.2.2\" with binaries:\n      - tsc\n      - tsserver\nsuccess Installed \"typings@2.1.1\" with binaries:\n      - typings\nDone in 36.72s.\nRemoving intermediate container 2669b0500e2f\n ---> 57bd3beda8eb\nStep 7/11 : ADD . /app/\n ---> 9ac8bd9cc056\nStep 8/11 : WORKDIR /app/\nRemoving intermediate container be4ba915b245\n ---> 86c3687f757c\nStep 9/11 : RUN yarn install\n ---> Running in 40dfb7410403\nyarn install v1.22.4\n[1/4] Resolving packages...\n[2/4] Fetching packages...\n\u001b[91merror @google-cloud/debug-agent@4.1.0: The engine \"node\" is incompatible with this module. Expected version \">=8.10.0\". Got \"8.9.0\"\n\u001b[0m\u001b[91merror Found incompatible module.\n\u001b[0minfo Visit https://yarnpkg.com/en/docs/cli/install for documentation about this command.",
    "raw_stderr_log": "The command '/bin/sh -c yarn install' returned a non-zero code: 1",
    "html_url": "https://github.com/conversationai/perspectiveapi-authorship-demo",
    "repo_commit": "df5c61a2f00038d188145e943b2280851681ac16",
    "repo_id": 88899650
  },
  {
    "raw_dockerfile": "FROM node:6.10\n\nWORKDIR /app\nCOPY . /app\nRUN yarn install\n\nENTRYPOINT '/bin/bash'",
    "raw_stdout_log": "Sending build context to Docker daemon  528.9kB\r\r\nStep 1/5 : FROM node:6.10\n6.10: Pulling from library/node\n10a267c67f42: Pulling fs layer\nfb5937da9414: Pulling fs layer\n9021b2326a1e: Pulling fs layer\ndbed9b09434e: Pulling fs layer\n74bb2fc384c6: Pulling fs layer\n9b0a326fab3b: Pulling fs layer\n8089dfd0519a: Pulling fs layer\nf2be1898eb92: Pulling fs layer\ndbed9b09434e: Waiting\n8089dfd0519a: Waiting\nf2be1898eb92: Waiting\n74bb2fc384c6: Waiting\n9b0a326fab3b: Waiting\nfb5937da9414: Verifying Checksum\nfb5937da9414: Download complete\n10a267c67f42: Verifying Checksum\n10a267c67f42: Download complete\n74bb2fc384c6: Verifying Checksum\n74bb2fc384c6: Download complete\n9021b2326a1e: Verifying Checksum\n9021b2326a1e: Download complete\n9b0a326fab3b: Verifying Checksum\n9b0a326fab3b: Download complete\nf2be1898eb92: Verifying Checksum\nf2be1898eb92: Download complete\n8089dfd0519a: Verifying Checksum\n8089dfd0519a: Download complete\ndbed9b09434e: Verifying Checksum\ndbed9b09434e: Download complete\n10a267c67f42: Pull complete\nfb5937da9414: Pull complete\n9021b2326a1e: Pull complete\ndbed9b09434e: Pull complete\n74bb2fc384c6: Pull complete\n9b0a326fab3b: Pull complete\n8089dfd0519a: Pull complete\nf2be1898eb92: Pull complete\nDigest: sha256:39c92a576b42e5bee1b46bd283c7b260f8c364d8826ee07738f77ba74cc5d355\nStatus: Downloaded newer image for node:6.10\n ---> 3f3928767182\nStep 2/5 : WORKDIR /app\nRemoving intermediate container 5fd1be6f2c67\n ---> 3713fa71f6c1\nStep 3/5 : COPY . /app\n ---> 653459c5349d\nStep 4/5 : RUN yarn install\n ---> Running in 447e41c36914\nyarn install v0.24.4\n[1/4] Resolving packages...\n\u001b[91mwarning nodemon > chokidar@2.1.8: Chokidar 2 will break on node v14+. Upgrade to chokidar 3 with 15x less dependencies.\n\u001b[0m\u001b[91mwarning nodemon > chokidar > fsevents@1.2.13: fsevents 1 will break on node v14+ and could be using insecure binaries. Upgrade to fsevents 2.\n\u001b[0m\u001b[91mwarning serverless > nanomatch > snapdragon > source-map-resolve > resolve-url@0.2.1: https://github.com/lydell/resolve-url#deprecated\n\u001b[0m\u001b[91mwarning serverless > nanomatch > snapdragon > source-map-resolve > urix@0.1.0: Please see https://github.com/lydell/urix#deprecated\n\u001b[0m\u001b[91mwarning serverless > @serverless/components > @serverless/platform-client-china > @serverless/utils-china > @tencent-sdk/capi > @types/chalk@2.2.0: This is a stub types definition for chalk (https://github.com/chalk/chalk). chalk provides its own type definitions, so you don't need @types/chalk installed!\n\u001b[0m[2/4] Fetching packages...\n\u001b[91merror chokidar@3.4.0: The engine \"node\" is incompatible with this module. Expected version \">= 8.10.0\".\n\u001b[0m\u001b[91merror Found incompatible module\n\u001b[0minfo Visit https://yarnpkg.com/en/docs/cli/install for documentation about this command.",
    "raw_stderr_log": "The command '/bin/sh -c yarn install' returned a non-zero code: 1",
    "html_url": "https://github.com/temyers/serverless-localstack",
    "repo_commit": "666edd1d50f31632589d0b0e7eb5d84917c64c53",
    "repo_id": 92579292
  }
]