[
  {
    "raw_dockerfile": "FROM golang\n\nRUN mkdir -p /go/src/github.com/chop-dbhi/origins\nWORKDIR /go/src/github.com/chop-dbhi/origins\n\nCOPY . /go/src/github.com/chop-dbhi/origins\n\nRUN make install\nRUN make build\n\nEXPOSE 49110\n\nENTRYPOINT [\"/go/bin/origins\"]",
    "raw_stdout_log": "Sending build context to Docker daemon  4.332MB\r\r\nStep 1/8 : FROM golang\n ---> 00d970a31ef2\nStep 2/8 : RUN mkdir -p /go/src/github.com/chop-dbhi/origins\n ---> Running in 0c19c73664c1\nRemoving intermediate container 0c19c73664c1\n ---> 4aea3a347d63\nStep 3/8 : WORKDIR /go/src/github.com/chop-dbhi/origins\nRemoving intermediate container ee83d1cb22e2\n ---> bc94f1d641c9\nStep 4/8 : COPY . /go/src/github.com/chop-dbhi/origins\n ---> 904595ef7e50\nStep 5/8 : RUN make install\n ---> Running in eb98fcd1db80\ngo get github.com/Sirupsen/logrus\ngo get github.com/boltdb/bolt\ngo get github.com/golang/protobuf/proto\ngo get github.com/golang/protobuf/protoc-gen-go\ngo get github.com/spf13/viper\ngo get github.com/spf13/cobra\ngo get github.com/psilva261/timsort\ngo get github.com/satori/go.uuid\ngo get github.com/labstack/echo\ngo get github.com/rs/cors\ngo get github.com/jteeuwen/go-bindata/...\ngo get github.com/Workiva/go-datastructures/...\nRemoving intermediate container eb98fcd1db80\n ---> 2a63b4a56e7f\nStep 6/8 : RUN make build\n ---> Running in 3a145eaab90b\ngo build -o /go/bin/origins ./cmd/origins\n\u001b[91m../../labstack/echo/middleware/jwt.go:9:2: cannot find package \"github.com/dgrijalva/jwt-go\" in any of:\n\t/usr/local/go/src/github.com/dgrijalva/jwt-go (from $GOROOT)\n\t/go/src/github.com/dgrijalva/jwt-go (from $GOPATH)\n\u001b[0m\u001b[91mmake: *** [Makefile:49: build] Error 1\n\u001b[0m",
    "raw_stderr_log": "The command '/bin/sh -c make build' returned a non-zero code: 2",
    "html_url": "https://github.com/chop-dbhi/origins",
    "repo_commit": "f714a01712f1d2c31c3c3d95492cd96b58a4b845",
    "repo_id": 14527478
  },
  {
    "raw_dockerfile": "FROM golang:1.7\n\nRUN apt-get update && apt-get install -y --no-install-recommends \\\n\t\tnodejs \\\n\t\tnpm \\\n\t&& npm install --global grunt-cli bower \\\n\t&& rm -rf /vr/lib/apt/lists/* \\\n\t&& ln -s \"$(which nodejs)\" /usr/bin/node\n\nENV PORT 80\n\nADD . $GOPATH/src/github.com/jingweno/jqplay\nWORKDIR $GOPATH/src/github.com/jingweno/jqplay\nRUN bin/build\nEXPOSE 80\n\nCMD [\"bin/jqplay\"]",
    "raw_stdout_log": "Sending build context to Docker daemon  28.37MB\r\r\nStep 1/8 : FROM golang:1.7\n1.7: Pulling from library/golang\nad74af05f5a2: Pulling fs layer\n2b032b8bbe8b: Pulling fs layer\na9a5b35f6ead: Pulling fs layer\n25d9840c55bc: Pulling fs layer\nabeecada453e: Pulling fs layer\n98b5f0802231: Pulling fs layer\naca2591b4a7e: Pulling fs layer\n25d9840c55bc: Waiting\nabeecada453e: Waiting\n98b5f0802231: Waiting\naca2591b4a7e: Waiting\n2b032b8bbe8b: Download complete\na9a5b35f6ead: Verifying Checksum\na9a5b35f6ead: Download complete\nad74af05f5a2: Verifying Checksum\nad74af05f5a2: Download complete\n98b5f0802231: Verifying Checksum\n98b5f0802231: Download complete\naca2591b4a7e: Download complete\n25d9840c55bc: Verifying Checksum\n25d9840c55bc: Download complete\nabeecada453e: Verifying Checksum\nabeecada453e: Download complete\nad74af05f5a2: Pull complete\n2b032b8bbe8b: Pull complete\na9a5b35f6ead: Pull complete\n25d9840c55bc: Pull complete\nabeecada453e: Pull complete\n98b5f0802231: Pull complete\naca2591b4a7e: Pull complete\nDigest: sha256:93b2b52f1212e97b6650bde1f20f6a359b08c117c57a848970d615fe88623a3d\nStatus: Downloaded newer image for golang:1.7\n ---> 225948c9a8b1\nStep 2/8 : RUN apt-get update && apt-get install -y --no-install-recommends \t\tnodejs \t\tnpm \t&& npm install --global grunt-cli bower \t&& rm -rf /vr/lib/apt/lists/* \t&& ln -s \"$(which nodejs)\" /usr/bin/node\n ---> Running in 985f7bae6383\nIgn http://deb.debian.org jessie InRelease\nGet:1 http://deb.debian.org jessie-updates InRelease [16.3 kB]\nGet:2 http://security.debian.org jessie/updates InRelease [44.9 kB]\nGet:3 http://deb.debian.org jessie Release.gpg [1652 B]\nGet:4 http://deb.debian.org jessie Release [77.3 kB]\nGet:5 http://deb.debian.org jessie-updates/main amd64 Packages [20 B]\nGet:6 http://deb.debian.org jessie/main amd64 Packages [9098 kB]\nGet:7 http://security.debian.org jessie/updates/main amd64 Packages [992 kB]\nFetched 10.2 MB in 4s (2282 kB/s)\nReading package lists...\nReading package lists...\nBuilding dependency tree...\nReading state information...\nThe following extra packages will be installed:\n  gyp libc-ares-dev libc-ares2 libjs-node-uuid libjs-underscore libssl-dev\n  libssl1.0.0 libv8-3.14-dev libv8-3.14.5 node-abbrev node-ansi\n  node-ansi-color-table node-archy node-async node-block-stream\n  node-combined-stream node-cookie-jar node-delayed-stream node-forever-agent\n  node-form-data node-fstream node-fstream-ignore node-github-url-from-git\n  node-glob node-graceful-fs node-gyp node-inherits node-ini\n  node-json-stringify-safe node-lockfile node-lru-cache node-mime\n  node-minimatch node-mkdirp node-mute-stream node-node-uuid node-nopt\n  node-normalize-package-data node-npmlog node-once node-osenv node-qs\n  node-read node-read-package-json node-request node-retry node-rimraf\n  node-semver node-sha node-sigmund node-slide node-tar node-tunnel-agent\n  node-underscore node-which nodejs-dev python-pkg-resources zlib1g zlib1g-dev\nSuggested packages:\n  node-hawk node-aws-sign node-oauth-sign node-http-signature\n  python-distribute python-distribute-doc\nRecommended packages:\n  javascript-common libjs-jquery libssl-doc build-essential\nThe following NEW packages will be installed:\n  gyp libc-ares-dev libc-ares2 libjs-node-uuid libjs-underscore libssl-dev\n  libv8-3.14-dev libv8-3.14.5 node-abbrev node-ansi node-ansi-color-table\n  node-archy node-async node-block-stream node-combined-stream node-cookie-jar\n  node-delayed-stream node-forever-agent node-form-data node-fstream\n  node-fstream-ignore node-github-url-from-git node-glob node-graceful-fs\n  node-gyp node-inherits node-ini node-json-stringify-safe node-lockfile\n  node-lru-cache node-mime node-minimatch node-mkdirp node-mute-stream\n  node-node-uuid node-nopt node-normalize-package-data node-npmlog node-once\n  node-osenv node-qs node-read node-read-package-json node-request node-retry\n  node-rimraf node-semver node-sha node-sigmund node-slide node-tar\n  node-tunnel-agent node-underscore node-which nodejs nodejs-dev npm\n  python-pkg-resources zlib1g-dev\nThe following packages will be upgraded:\n  libssl1.0.0 zlib1g\n2 upgraded, 59 newly installed, 0 to remove and 85 not upgraded.\nNeed to get 6166 kB of archives.\nAfter this operation, 22.3 MB of additional disk space will be used.\nGet:1 http://deb.debian.org/debian/ jessie/main libc-ares2 amd64 1.10.0-2+deb8u2 [72.5 kB]\nGet:2 http://security.debian.org/ jessie/updates/main zlib1g amd64 1:1.2.8.dfsg-2+deb8u1 [88.3 kB]\nGet:3 http://deb.debian.org/debian/ jessie/main python-pkg-resources all 5.5.1-1 [64.4 kB]\nGet:4 http://security.debian.org/ jessie/updates/main libssl1.0.0 amd64 1.0.1t-1+deb8u12 [1049 kB]\nGet:5 http://deb.debian.org/debian/ jessie/main gyp all 0.1~svn1729-3 [201 kB]\nGet:6 http://deb.debian.org/debian/ jessie/main libjs-node-uuid all 1.4.0-1 [12.6 kB]\nGet:7 http://deb.debian.org/debian/ jessie/main libjs-underscore all 1.7.0~dfsg-1 [49.9 kB]\nGet:8 http://deb.debian.org/debian/ jessie/main libv8-3.14.5 amd64 3.14.5.8-8.1 [1269 kB]\nGet:9 http://security.debian.org/ jessie/updates/main zlib1g-dev amd64 1:1.2.8.dfsg-2+deb8u1 [206 kB]\nGet:10 http://deb.debian.org/debian/ jessie/main libv8-3.14-dev amd64 3.14.5.8-8.1 [109 kB]\nGet:11 http://security.debian.org/ jessie/updates/main libssl-dev amd64 1.0.1t-1+deb8u12 [1284 kB]\nGet:12 http://deb.debian.org/debian/ jessie/main nodejs amd64 0.10.29~dfsg-2 [648 kB]\nGet:13 http://deb.debian.org/debian/ jessie/main node-async all 0.8.0-1 [24.6 kB]\nGet:14 http://deb.debian.org/debian/ jessie/main node-node-uuid all 1.4.0-1 [9194 B]\nGet:15 http://deb.debian.org/debian/ jessie/main node-underscore all 1.7.0~dfsg-1 [34.2 kB]\nGet:16 http://deb.debian.org/debian/ jessie/main libc-ares-dev amd64 1.10.0-2+deb8u2 [137 kB]\nGet:17 http://deb.debian.org/debian/ jessie/main node-abbrev all 1.0.5-2 [3540 B]\nGet:18 http://deb.debian.org/debian/ jessie/main node-ansi all 0.3.0-2 [8608 B]\nGet:19 http://deb.debian.org/debian/ jessie/main node-ansi-color-table all 1.0.0-1 [4408 B]\nGet:20 http://deb.debian.org/debian/ jessie/main node-archy all 0.0.2-1 [3620 B]\nGet:21 http://deb.debian.org/debian/ jessie/main node-inherits all 2.0.1-1 [3230 B]\nGet:22 http://deb.debian.org/debian/ jessie/main node-block-stream all 0.0.7-1 [4550 B]\nGet:23 http://deb.debian.org/debian/ jessie/main node-delayed-stream all 0.0.5-1 [4482 B]\nGet:24 http://deb.debian.org/debian/ jessie/main node-combined-stream all 0.0.5-1 [4918 B]\nGet:25 http://deb.debian.org/debian/ jessie/main node-cookie-jar all 0.3.1-1 [3570 B]\nGet:26 http://deb.debian.org/debian/ jessie/main node-forever-agent all 0.5.1-1 [3066 B]\nGet:27 http://deb.debian.org/debian/ jessie/main node-mime all 1.2.11-1 [18.1 kB]\nGet:28 http://deb.debian.org/debian/ jessie/main node-form-data all 0.1.0-1 [6084 B]\nGet:29 http://deb.debian.org/debian/ jessie/main node-rimraf all 2.2.8-1 [5668 B]\nGet:30 http://deb.debian.org/debian/ jessie/main node-mkdirp all 0.5.0-1 [4634 B]\nGet:31 http://deb.debian.org/debian/ jessie/main node-graceful-fs all 3.0.2-1 [7070 B]\nGet:32 http://deb.debian.org/debian/ jessie/main node-fstream all 0.1.24-1 [17.5 kB]\nGet:33 http://deb.debian.org/debian/ jessie/main node-lru-cache all 2.3.1-1 [5344 B]\nGet:34 http://deb.debian.org/debian/ jessie/main node-sigmund all 1.0.0-1 [3750 B]\nGet:35 http://deb.debian.org/debian/ jessie/main node-minimatch all 1.0.0-1 [13.9 kB]\nGet:36 http://deb.debian.org/debian/ jessie/main node-fstream-ignore all 0.0.6-2 [5536 B]\nGet:37 http://deb.debian.org/debian/ jessie/main node-github-url-from-git all 1.1.1-1 [2986 B]\nGet:38 http://deb.debian.org/debian/ jessie/main node-once all 1.1.1-1 [2552 B]\nGet:39 http://deb.debian.org/debian/ jessie/main node-glob all 4.0.5-1 [13.1 kB]\nGet:40 http://deb.debian.org/debian/ jessie/main nodejs-dev amd64 0.10.29~dfsg-2 [248 kB]\nGet:41 http://deb.debian.org/debian/ jessie/main node-nopt all 3.0.1-1 [9484 B]\nGet:42 http://deb.debian.org/debian/ jessie/main node-npmlog all 0.0.4-1 [5516 B]\nGet:43 http://deb.debian.org/debian/ jessie/main node-osenv all 0.1.0-1 [3734 B]\nGet:44 http://deb.debian.org/debian/ jessie/main node-tunnel-agent all 0.3.1-1 [3840 B]\nGet:45 http://deb.debian.org/debian/ jessie/main node-json-stringify-safe all 5.0.0-1 [3356 B]\nGet:46 http://deb.debian.org/debian/ jessie/main node-qs all 2.2.4-1 [8474 B]\nGet:47 http://deb.debian.org/debian/ jessie/main node-request all 2.26.1-1 [15.7 kB]\nGet:48 http://deb.debian.org/debian/ jessie/main node-semver all 2.1.0-2 [14.9 kB]\nGet:49 http://deb.debian.org/debian/ jessie/main node-tar all 0.1.18-1 [16.9 kB]\nGet:50 http://deb.debian.org/debian/ jessie/main node-which all 1.0.5-2 [3610 B]\nGet:51 http://deb.debian.org/debian/ jessie/main node-gyp all 0.12.2+ds-1 [19.4 kB]\nGet:52 http://deb.debian.org/debian/ jessie/main node-ini all 1.1.0-1 [4720 B]\nGet:53 http://deb.debian.org/debian/ jessie/main node-lockfile all 0.4.1-1 [5150 B]\nGet:54 http://deb.debian.org/debian/ jessie/main node-mute-stream all 0.0.4-1 [4056 B]\nGet:55 http://deb.debian.org/debian/ jessie/main node-normalize-package-data all 0.2.2-1 [8604 B]\nGet:56 http://deb.debian.org/debian/ jessie/main node-read all 1.0.5-1 [4262 B]\nGet:57 http://deb.debian.org/debian/ jessie/main node-read-package-json all 1.2.4-1 [7740 B]\nGet:58 http://deb.debian.org/debian/ jessie/main node-retry all 0.6.0-1 [6124 B]\nGet:59 http://deb.debian.org/debian/ jessie/main node-sha all 1.2.3-1 [4064 B]\nGet:60 http://deb.debian.org/debian/ jessie/main node-slide all 1.1.4-1 [6078 B]\nGet:61 http://deb.debian.org/debian/ jessie/main npm all 1.4.21+ds-2 [354 kB]\n\u001b[91mdebconf: delaying package configuration, since apt-utils is not installed\n\u001b[0mFetched 6166 kB in 1s (3916 kB/s)\n(Reading database ... \r(Reading database ... 5%\r(Reading database ... 10%\r(Reading database ... 15%\r(Reading database ... 20%\r(Reading database ... 25%\r(Reading database ... 30%\r(Reading database ... 35%\r(Reading database ... 40%\r(Reading database ... 45%\r(Reading database ... 50%\r(Reading database ... 55%\r(Reading database ... 60%\r(Reading database ... 65%\r(Reading database ... 70%\r(Reading database ... 75%\r(Reading database ... 80%\r(Reading database ... 85%\r(Reading database ... 90%\r(Reading database ... 95%\r(Reading database ... 100%\r(Reading database ... 14784 files and directories currently installed.)\r\nPreparing to unpack .../zlib1g_1%3a1.2.8.dfsg-2+deb8u1_amd64.deb ...\r\nUnpacking zlib1g:amd64 (1:1.2.8.dfsg-2+deb8u1) over (1:1.2.8.dfsg-2+b1) ...\r\nSetting up zlib1g:amd64 (1:1.2.8.dfsg-2+deb8u1) ...\r\nProcessing triggers for libc-bin (2.19-18+deb8u10) ...\r\n(Reading database ... \r(Reading database ... 5%\r(Reading database ... 10%\r(Reading database ... 15%\r(Reading database ... 20%\r(Reading database ... 25%\r(Reading database ... 30%\r(Reading database ... 35%\r(Reading database ... 40%\r(Reading database ... 45%\r(Reading database ... 50%\r(Reading database ... 55%\r(Reading database ... 60%\r(Reading database ... 65%\r(Reading database ... 70%\r(Reading database ... 75%\r(Reading database ... 80%\r(Reading database ... 85%\r(Reading database ... 90%\r(Reading database ... 95%\r(Reading database ... 100%\r(Reading database ... 14783 files and directories currently installed.)\r\nPreparing to unpack .../libssl1.0.0_1.0.1t-1+deb8u12_amd64.deb ...\r\nUnpacking libssl1.0.0:amd64 (1.0.1t-1+deb8u12) over (1.0.1t-1+deb8u6) ...\r\nSelecting previously unselected package libc-ares2:amd64.\r\nPreparing to unpack .../libc-ares2_1.10.0-2+deb8u2_amd64.deb ...\r\nUnpacking libc-ares2:amd64 (1.10.0-2+deb8u2) ...\r\nSelecting previously unselected package python-pkg-resources.\r\nPreparing to unpack .../python-pkg-resources_5.5.1-1_all.deb ...\r\nUnpacking python-pkg-resources (5.5.1-1) ...\r\nSelecting previously unselected package gyp.\r\nPreparing to unpack .../gyp_0.1~svn1729-3_all.deb ...\r\nUnpacking gyp (0.1~svn1729-3) ...\r\nSelecting previously unselected package libjs-node-uuid.\r\nPreparing to unpack .../libjs-node-uuid_1.4.0-1_all.deb ...\r\nUnpacking libjs-node-uuid (1.4.0-1) ...\r\nSelecting previously unselected package libjs-underscore.\r\nPreparing to unpack .../libjs-underscore_1.7.0~dfsg-1_all.deb ...\r\nUnpacking libjs-underscore (1.7.0~dfsg-1) ...\r\nSelecting previously unselected package zlib1g-dev:amd64.\r\nPreparing to unpack .../zlib1g-dev_1%3a1.2.8.dfsg-2+deb8u1_amd64.deb ...\r\nUnpacking zlib1g-dev:amd64 (1:1.2.8.dfsg-2+deb8u1) ...\r\nSelecting previously unselected package libssl-dev:amd64.\r\nPreparing to unpack .../libssl-dev_1.0.1t-1+deb8u12_amd64.deb ...\r\nUnpacking libssl-dev:amd64 (1.0.1t-1+deb8u12) ...\r\nSelecting previously unselected package libv8-3.14.5.\r\nPreparing to unpack .../libv8-3.14.5_3.14.5.8-8.1_amd64.deb ...\r\nUnpacking libv8-3.14.5 (3.14.5.8-8.1) ...\r\nSelecting previously unselected package libv8-3.14-dev.\r\nPreparing to unpack .../libv8-3.14-dev_3.14.5.8-8.1_amd64.deb ...\r\nUnpacking libv8-3.14-dev (3.14.5.8-8.1) ...\r\nSelecting previously unselected package nodejs.\r\nPreparing to unpack .../nodejs_0.10.29~dfsg-2_amd64.deb ...\r\nUnpacking nodejs (0.10.29~dfsg-2) ...\r\nSelecting previously unselected package node-async.\r\nPreparing to unpack .../node-async_0.8.0-1_all.deb ...\r\nUnpacking node-async (0.8.0-1) ...\r\nSelecting previously unselected package node-node-uuid.\r\nPreparing to unpack .../node-node-uuid_1.4.0-1_all.deb ...\r\nUnpacking node-node-uuid (1.4.0-1) ...\r\nSelecting previously unselected package node-underscore.\r\nPreparing to unpack .../node-underscore_1.7.0~dfsg-1_all.deb ...\r\nUnpacking node-underscore (1.7.0~dfsg-1) ...\r\nSelecting previously unselected package libc-ares-dev:amd64.\r\nPreparing to unpack .../libc-ares-dev_1.10.0-2+deb8u2_amd64.deb ...\r\nUnpacking libc-ares-dev:amd64 (1.10.0-2+deb8u2) ...\r\nSelecting previously unselected package node-abbrev.\r\nPreparing to unpack .../node-abbrev_1.0.5-2_all.deb ...\r\nUnpacking node-abbrev (1.0.5-2) ...\r\nSelecting previously unselected package node-ansi.\r\nPreparing to unpack .../node-ansi_0.3.0-2_all.deb ...\r\nUnpacking node-ansi (0.3.0-2) ...\r\nSelecting previously unselected package node-ansi-color-table.\r\nPreparing to unpack .../node-ansi-color-table_1.0.0-1_all.deb ...\r\nUnpacking node-ansi-color-table (1.0.0-1) ...\r\nSelecting previously unselected package node-archy.\r\nPreparing to unpack .../node-archy_0.0.2-1_all.deb ...\r\nUnpacking node-archy (0.0.2-1) ...\r\nSelecting previously unselected package node-inherits.\r\nPreparing to unpack .../node-inherits_2.0.1-1_all.deb ...\r\nUnpacking node-inherits (2.0.1-1) ...\r\nSelecting previously unselected package node-block-stream.\r\nPreparing to unpack .../node-block-stream_0.0.7-1_all.deb ...\r\nUnpacking node-block-stream (0.0.7-1) ...\r\nSelecting previously unselected package node-delayed-stream.\r\nPreparing to unpack .../node-delayed-stream_0.0.5-1_all.deb ...\r\nUnpacking node-delayed-stream (0.0.5-1) ...\r\nSelecting previously unselected package node-combined-stream.\r\nPreparing to unpack .../node-combined-stream_0.0.5-1_all.deb ...\r\nUnpacking node-combined-stream (0.0.5-1) ...\r\nSelecting previously unselected package node-cookie-jar.\r\nPreparing to unpack .../node-cookie-jar_0.3.1-1_all.deb ...\r\nUnpacking node-cookie-jar (0.3.1-1) ...\r\nSelecting previously unselected package node-forever-agent.\r\nPreparing to unpack .../node-forever-agent_0.5.1-1_all.deb ...\r\nUnpacking node-forever-agent (0.5.1-1) ...\r\nSelecting previously unselected package node-mime.\r\nPreparing to unpack .../node-mime_1.2.11-1_all.deb ...\r\nUnpacking node-mime (1.2.11-1) ...\r\nSelecting previously unselected package node-form-data.\r\nPreparing to unpack .../node-form-data_0.1.0-1_all.deb ...\r\nUnpacking node-form-data (0.1.0-1) ...\r\nSelecting previously unselected package node-rimraf.\r\nPreparing to unpack .../node-rimraf_2.2.8-1_all.deb ...\r\nUnpacking node-rimraf (2.2.8-1) ...\r\nSelecting previously unselected package node-mkdirp.\r\nPreparing to unpack .../node-mkdirp_0.5.0-1_all.deb ...\r\nUnpacking node-mkdirp (0.5.0-1) ...\r\nSelecting previously unselected package node-graceful-fs.\r\nPreparing to unpack .../node-graceful-fs_3.0.2-1_all.deb ...\r\nUnpacking node-graceful-fs (3.0.2-1) ...\r\nSelecting previously unselected package node-fstream.\r\nPreparing to unpack .../node-fstream_0.1.24-1_all.deb ...\r\nUnpacking node-fstream (0.1.24-1) ...\r\nSelecting previously unselected package node-lru-cache.\r\nPreparing to unpack .../node-lru-cache_2.3.1-1_all.deb ...\r\nUnpacking node-lru-cache (2.3.1-1) ...\r\nSelecting previously unselected package node-sigmund.\r\nPreparing to unpack .../node-sigmund_1.0.0-1_all.deb ...\r\nUnpacking node-sigmund (1.0.0-1) ...\r\nSelecting previously unselected package node-minimatch.\r\nPreparing to unpack .../node-minimatch_1.0.0-1_all.deb ...\r\nUnpacking node-minimatch (1.0.0-1) ...\r\nSelecting previously unselected package node-fstream-ignore.\r\nPreparing to unpack .../node-fstream-ignore_0.0.6-2_all.deb ...\r\nUnpacking node-fstream-ignore (0.0.6-2) ...\r\nSelecting previously unselected package node-github-url-from-git.\r\nPreparing to unpack .../node-github-url-from-git_1.1.1-1_all.deb ...\r\nUnpacking node-github-url-from-git (1.1.1-1) ...\r\nSelecting previously unselected package node-once.\r\nPreparing to unpack .../node-once_1.1.1-1_all.deb ...\r\nUnpacking node-once (1.1.1-1) ...\r\nSelecting previously unselected package node-glob.\r\nPreparing to unpack .../node-glob_4.0.5-1_all.deb ...\r\nUnpacking node-glob (4.0.5-1) ...\r\nSelecting previously unselected package nodejs-dev.\r\nPreparing to unpack .../nodejs-dev_0.10.29~dfsg-2_amd64.deb ...\r\nUnpacking nodejs-dev (0.10.29~dfsg-2) ...\r\nSelecting previously unselected package node-nopt.\r\nPreparing to unpack .../node-nopt_3.0.1-1_all.deb ...\r\nUnpacking node-nopt (3.0.1-1) ...\r\nSelecting previously unselected package node-npmlog.\r\nPreparing to unpack .../node-npmlog_0.0.4-1_all.deb ...\r\nUnpacking node-npmlog (0.0.4-1) ...\r\nSelecting previously unselected package node-osenv.\r\nPreparing to unpack .../node-osenv_0.1.0-1_all.deb ...\r\nUnpacking node-osenv (0.1.0-1) ...\r\nSelecting previously unselected package node-tunnel-agent.\r\nPreparing to unpack .../node-tunnel-agent_0.3.1-1_all.deb ...\r\nUnpacking node-tunnel-agent (0.3.1-1) ...\r\nSelecting previously unselected package node-json-stringify-safe.\r\nPreparing to unpack .../node-json-stringify-safe_5.0.0-1_all.deb ...\r\nUnpacking node-json-stringify-safe (5.0.0-1) ...\r\nSelecting previously unselected package node-qs.\r\nPreparing to unpack .../node-qs_2.2.4-1_all.deb ...\r\nUnpacking node-qs (2.2.4-1) ...\r\nSelecting previously unselected package node-request.\r\nPreparing to unpack .../node-request_2.26.1-1_all.deb ...\r\nUnpacking node-request (2.26.1-1) ...\r\nSelecting previously unselected package node-semver.\r\nPreparing to unpack .../node-semver_2.1.0-2_all.deb ...\r\nUnpacking node-semver (2.1.0-2) ...\r\nSelecting previously unselected package node-tar.\r\nPreparing to unpack .../node-tar_0.1.18-1_all.deb ...\r\nUnpacking node-tar (0.1.18-1) ...\r\nSelecting previously unselected package node-which.\r\nPreparing to unpack .../node-which_1.0.5-2_all.deb ...\r\nUnpacking node-which (1.0.5-2) ...\r\nSelecting previously unselected package node-gyp.\r\nPreparing to unpack .../node-gyp_0.12.2+ds-1_all.deb ...\r\nUnpacking node-gyp (0.12.2+ds-1) ...\r\nSelecting previously unselected package node-ini.\r\nPreparing to unpack .../node-ini_1.1.0-1_all.deb ...\r\nUnpacking node-ini (1.1.0-1) ...\r\nSelecting previously unselected package node-lockfile.\r\nPreparing to unpack .../node-lockfile_0.4.1-1_all.deb ...\r\nUnpacking node-lockfile (0.4.1-1) ...\r\nSelecting previously unselected package node-mute-stream.\r\nPreparing to unpack .../node-mute-stream_0.0.4-1_all.deb ...\r\nUnpacking node-mute-stream (0.0.4-1) ...\r\nSelecting previously unselected package node-normalize-package-data.\r\nPreparing to unpack .../node-normalize-package-data_0.2.2-1_all.deb ...\r\nUnpacking node-normalize-package-data (0.2.2-1) ...\r\nSelecting previously unselected package node-read.\r\nPreparing to unpack .../node-read_1.0.5-1_all.deb ...\r\nUnpacking node-read (1.0.5-1) ...\r\nSelecting previously unselected package node-read-package-json.\r\nPreparing to unpack .../node-read-package-json_1.2.4-1_all.deb ...\r\nUnpacking node-read-package-json (1.2.4-1) ...\r\nSelecting previously unselected package node-retry.\r\nPreparing to unpack .../node-retry_0.6.0-1_all.deb ...\r\nUnpacking node-retry (0.6.0-1) ...\r\nSelecting previously unselected package node-sha.\r\nPreparing to unpack .../node-sha_1.2.3-1_all.deb ...\r\nUnpacking node-sha (1.2.3-1) ...\r\nSelecting previously unselected package node-slide.\r\nPreparing to unpack .../node-slide_1.1.4-1_all.deb ...\r\nUnpacking node-slide (1.1.4-1) ...\r\nSelecting previously unselected package npm.\r\nPreparing to unpack .../npm_1.4.21+ds-2_all.deb ...\r\nUnpacking npm (1.4.21+ds-2) ...\r\nSetting up libssl1.0.0:amd64 (1.0.1t-1+deb8u12) ...\r\ndebconf: unable to initialize frontend: Dialog\r\ndebconf: (TERM is not set, so the dialog frontend is not usable.)\r\ndebconf: falling back to frontend: Readline\r\nSetting up libc-ares2:amd64 (1.10.0-2+deb8u2) ...\r\nSetting up python-pkg-resources (5.5.1-1) ...\r\nSetting up gyp (0.1~svn1729-3) ...\r\nSetting up libjs-node-uuid (1.4.0-1) ...\r\nSetting up libjs-underscore (1.7.0~dfsg-1) ...\r\nSetting up zlib1g-dev:amd64 (1:1.2.8.dfsg-2+deb8u1) ...\r\nSetting up libssl-dev:amd64 (1.0.1t-1+deb8u12) ...\r\nSetting up libv8-3.14.5 (3.14.5.8-8.1) ...\r\nSetting up libv8-3.14-dev (3.14.5.8-8.1) ...\r\nSetting up nodejs (0.10.29~dfsg-2) ...\r\nupdate-alternatives: using /usr/bin/nodejs to provide /usr/bin/js (js) in auto mode\r\nSetting up node-async (0.8.0-1) ...\r\nSetting up node-node-uuid (1.4.0-1) ...\r\nSetting up node-underscore (1.7.0~dfsg-1) ...\r\nSetting up libc-ares-dev:amd64 (1.10.0-2+deb8u2) ...\r\nSetting up node-abbrev (1.0.5-2) ...\r\nSetting up node-ansi (0.3.0-2) ...\r\nSetting up node-ansi-color-table (1.0.0-1) ...\r\nSetting up node-archy (0.0.2-1) ...\r\nSetting up node-inherits (2.0.1-1) ...\r\nSetting up node-block-stream (0.0.7-1) ...\r\nSetting up node-delayed-stream (0.0.5-1) ...\r\nSetting up node-combined-stream (0.0.5-1) ...\r\nSetting up node-cookie-jar (0.3.1-1) ...\r\nSetting up node-forever-agent (0.5.1-1) ...\r\nSetting up node-mime (1.2.11-1) ...\r\nSetting up node-form-data (0.1.0-1) ...\r\nSetting up node-rimraf (2.2.8-1) ...\r\nSetting up node-mkdirp (0.5.0-1) ...\r\nSetting up node-graceful-fs (3.0.2-1) ...\r\nSetting up node-fstream (0.1.24-1) ...\r\nSetting up node-lru-cache (2.3.1-1) ...\r\nSetting up node-sigmund (1.0.0-1) ...\r\nSetting up node-minimatch (1.0.0-1) ...\r\nSetting up node-fstream-ignore (0.0.6-2) ...\r\nSetting up node-github-url-from-git (1.1.1-1) ...\r\nSetting up node-once (1.1.1-1) ...\r\nSetting up node-glob (4.0.5-1) ...\r\nSetting up nodejs-dev (0.10.29~dfsg-2) ...\r\nSetting up node-nopt (3.0.1-1) ...\r\nSetting up node-npmlog (0.0.4-1) ...\r\nSetting up node-osenv (0.1.0-1) ...\r\nSetting up node-tunnel-agent (0.3.1-1) ...\r\nSetting up node-json-stringify-safe (5.0.0-1) ...\r\nSetting up node-qs (2.2.4-1) ...\r\nSetting up node-request (2.26.1-1) ...\r\nSetting up node-semver (2.1.0-2) ...\r\nSetting up node-tar (0.1.18-1) ...\r\nSetting up node-which (1.0.5-2) ...\r\nSetting up node-gyp (0.12.2+ds-1) ...\r\nSetting up node-ini (1.1.0-1) ...\r\nSetting up node-lockfile (0.4.1-1) ...\r\nSetting up node-mute-stream (0.0.4-1) ...\r\nSetting up node-normalize-package-data (0.2.2-1) ...\r\nSetting up node-read (1.0.5-1) ...\r\nSetting up node-read-package-json (1.2.4-1) ...\r\nSetting up node-retry (0.6.0-1) ...\r\nSetting up node-sha (1.2.3-1) ...\r\nSetting up node-slide (1.1.4-1) ...\r\nSetting up npm (1.4.21+ds-2) ...\r\nProcessing triggers for libc-bin (2.19-18+deb8u10) ...\r\n\u001b[91mnpm\u001b[0m\u001b[91m \u001b[0m\u001b[91mWARN\u001b[0m\u001b[91m \u001b[0m\u001b[91mdeprecated bower@1.8.8: We don't recommend using Bower for new projects. Please consider Yarn and Webpack or Parcel. You can read how to migrate legacy project here: https://bower.io/blog/2017/how-to-migrate-away-from-bower/\n\u001b[0m\u001b[91mnpm WARN engine grunt-cli@1.3.2: wanted: {\"node\":\">=4\"} (current: {\"node\":\"0.10.29\",\"npm\":\"1.4.21\"})\n\u001b[0m\u001b[91mnpm\u001b[0m\u001b[91m WARN \u001b[0m\u001b[91mengine ret@0.1.15: wanted: {\"node\":\">=0.12\"} (current: {\"node\":\"0.10.29\",\"npm\":\"1.4.21\"})\n\u001b[0m\u001b[91mnpm WARN engine ret@0.1.15: wanted: {\"node\":\">=0.12\"} (current: {\"node\":\"0.10.29\",\"npm\":\"1.4.21\"})\n\u001b[0m\u001b[91mnpm WARN deprecated resolve-url@0.2.1: https://github.com/lydell/resolve-url#deprecated\n\u001b[0m\u001b[91mnpm WARN deprecated urix@0.1.0: Please see https://github.com/lydell/urix#deprecated\n\u001b[0m\u001b[91mnpm WARN engine atob@2.1.2: wanted: {\"node\":\">= 4.5.0\"} (current: {\"node\":\"0.10.29\",\"npm\":\"1.4.21\"})\n\u001b[0m/usr/local/bin/grunt -> /usr/local/lib/node_modules/grunt-cli/bin/grunt\n/usr/local/bin/bower -> /usr/local/lib/node_modules/bower/bin/bower\ngrunt-cli@1.3.2 /usr/local/lib/node_modules/grunt-cli\n├── grunt-known-options@1.1.1\n├── interpret@1.1.0\n├── v8flags@3.1.3 (homedir-polyfill@1.0.3)\n├── nopt@4.0.3 (abbrev@1.1.1, osenv@0.1.5)\n└── liftoff@2.5.0 (flagged-respawn@1.0.1, rechoir@0.6.2, extend@3.0.2, is-plain-object@2.0.4, object.map@1.0.1, fined@1.2.0, resolve@1.17.0, findup-sync@2.0.0)\n\nbower@1.8.8 /usr/local/lib/node_modules/bower\nRemoving intermediate container 985f7bae6383\n ---> 426c5f90316c\nStep 3/8 : ENV PORT 80\n ---> Running in 90bdcc64590e\nRemoving intermediate container 90bdcc64590e\n ---> 14149b98a1f2\nStep 4/8 : ADD . $GOPATH/src/github.com/jingweno/jqplay\n ---> 581f42370e9a\nStep 5/8 : WORKDIR $GOPATH/src/github.com/jingweno/jqplay\nRemoving intermediate container 076db827c881\n ---> 94c83d9cd1bb\nStep 6/8 : RUN bin/build\n ---> Running in f0ea298561bd\n\u001b[91m# github.com/jingweno/jqplay/server\nserver/server.go:83: srv.Shutdown undefined (type *http.Server has no field or method Shutdown)\n\u001b[0m",
    "raw_stderr_log": "The command '/bin/sh -c bin/build' returned a non-zero code: 2",
    "html_url": "https://github.com/jingweno/jqplay",
    "repo_commit": "a3182f0ee17df621e68dc8afb394880a3e8e2c8c",
    "repo_id": 17960964
  },
  {
    "raw_dockerfile": "FROM golang:alpine AS builder\nRUN apk --no-cache add git make\nADD . /src/replicant\nWORKDIR /src/replicant\nRUN make build\n\nFROM alpine\n# FROM gcr.io/distroless/base\nWORKDIR /app\nCOPY --from=builder /src/replicant/replicant /app/\nCMD [\"/app/replicant\"]",
    "raw_stdout_log": "Sending build context to Docker daemon   15.3MB\r\r\nStep 1/9 : FROM golang:alpine AS builder\nalpine: Pulling from library/golang\ndf20fa9351a1: Already exists\ned8968b2872e: Pulling fs layer\na92cc7c5fd73: Pulling fs layer\n9e0cccf56431: Pulling fs layer\ncbe0275821fc: Pulling fs layer\ncbe0275821fc: Waiting\na92cc7c5fd73: Download complete\ned8968b2872e: Verifying Checksum\ned8968b2872e: Download complete\ncbe0275821fc: Verifying Checksum\ned8968b2872e: Pull complete\na92cc7c5fd73: Pull complete\n9e0cccf56431: Verifying Checksum\n9e0cccf56431: Download complete\n9e0cccf56431: Pull complete\ncbe0275821fc: Pull complete\nDigest: sha256:6042b9cfb4eb303f3bdcbfeaba79b45130d170939318de85ac5b9508cb6f0f7e\nStatus: Downloaded newer image for golang:alpine\n ---> 3289bf11c284\nStep 2/9 : RUN apk --no-cache add git make\n ---> Running in 8d8601016afc\nfetch http://dl-cdn.alpinelinux.org/alpine/v3.12/main/x86_64/APKINDEX.tar.gz\nfetch http://dl-cdn.alpinelinux.org/alpine/v3.12/community/x86_64/APKINDEX.tar.gz\n(1/6) Installing nghttp2-libs (1.41.0-r0)\n(2/6) Installing libcurl (7.69.1-r0)\n(3/6) Installing expat (2.2.9-r1)\n(4/6) Installing pcre2 (10.35-r0)\n(5/6) Installing git (2.26.2-r0)\n(6/6) Installing make (4.3-r0)\nExecuting busybox-1.31.1-r16.trigger\nOK: 22 MiB in 21 packages\nRemoving intermediate container 8d8601016afc\n ---> 756e788526d6\nStep 3/9 : ADD . /src/replicant\n ---> 3e96166d9e16\nStep 4/9 : WORKDIR /src/replicant\nRemoving intermediate container de2ae43af03f\n ---> a7766ba9b158\nStep 5/9 : RUN make build\n ---> Running in 208ab37a2b92\nCGO_ENABLED=0 go build -mod=vendor -ldflags \"-w -extldflags \"-static\" -X main.Version=v0.1.13-32-g2b4c2c8 -X main.GitCommit=2b4c2c862db18a212e08438f90bb0224e6cfc60e -X main.BuildTime=2020-06-17T04:56:14Z\" -o replicant cmd/replicant/*.go\n\u001b[91mstore/s3/s3.go:9:2: cannot find package \".\" in:\n\t/src/replicant/vendor/github.com/aws/aws-sdk-go/aws\nstore/s3/s3.go:10:2: cannot find package \".\" in:\n\t/src/replicant/vendor/github.com/aws/aws-sdk-go/aws/awserr\nstore/s3/s3.go:11:2: cannot find package \".\" in:\n\t/src/replicant/vendor/github.com/aws/aws-sdk-go/aws/credentials\nstore/s3/s3.go:12:2: cannot find package \".\" in:\n\t/src/replicant/vendor/github.com/aws/aws-sdk-go/aws/session\nstore/s3/s3.go:13:2: cannot find package \".\" in:\n\t/src/replicant/vendor/github.com/aws/aws-sdk-go/service/s3\nstore/s3/s3.go:14:2: cannot find package \".\" in:\n\t/src/replicant/vendor/github.com/aws/aws-sdk-go/service/s3/s3iface\ndriver/go/driver.go:26:2: build constraints exclude all Go files in /src/replicant/vendor/github.com/containous/yaegi/stdlib\n\u001b[0m\u001b[91mmake: *** [Makefile:8: build] Error 1\n\u001b[0m",
    "raw_stderr_log": "The command '/bin/sh -c make build' returned a non-zero code: 2",
    "html_url": "https://github.com/brunotm/replicant",
    "repo_commit": "2b4c2c862db18a212e08438f90bb0224e6cfc60e",
    "repo_id": 218053466
  },
  {
    "raw_dockerfile": "ARG RUST_VERSION=1.42.0\n\n\nFROM rust:${RUST_VERSION}-slim-stretch AS builder\n\nWORKDIR /repo\n\nRUN set -ex \\\n    && apt-get update \\\n    && apt-get install -y --no-install-recommends \\\n        build-essential \\\n        cmake \\\n        # For protobuf\n        golang-go \\\n    && apt-get clean \\\n    && rm -rf /var/lib/apt/lists/*\n\nCOPY . ./\nRUN make build\n\n\nFROM debian:stretch-slim\n\nWORKDIR /\n\nRUN set -ex \\\n    && apt-get update \\\n    && apt-get clean \\\n    && rm -rf /var/lib/apt/lists/*\n\nRUN mkdir -p /data\n\nCOPY --from=builder /repo/bin /usr/local/bin\nCOPY --from=builder /repo/etc/* /etc/\n\nEXPOSE 5000 7000\n\nENTRYPOINT [ \"bayard\" ]\nCMD [ \"start\" ]",
    "raw_stdout_log": "Sending build context to Docker daemon  5.253MB\r\r\nStep 1/15 : ARG RUST_VERSION=1.42.0\nStep 2/15 : FROM rust:${RUST_VERSION}-slim-stretch AS builder\n1.42.0-slim-stretch: Pulling from library/rust\n5e35bd43cf78: Pulling fs layer\n92fc8306bf3c: Pulling fs layer\n5e35bd43cf78: Download complete\n5e35bd43cf78: Pull complete\n92fc8306bf3c: Verifying Checksum\n92fc8306bf3c: Download complete\n92fc8306bf3c: Pull complete\nDigest: sha256:01d9a14e32cce6a4c081d77764176a66c402e969f5212be4810fc54221487f0c\nStatus: Downloaded newer image for rust:1.42.0-slim-stretch\n ---> a8cfaa2537f6\nStep 3/15 : WORKDIR /repo\nRemoving intermediate container 3ea47f023ab7\n ---> e370c622cb40\nStep 4/15 : RUN set -ex     && apt-get update     && apt-get install -y --no-install-recommends         build-essential         cmake         golang-go     && apt-get clean     && rm -rf /var/lib/apt/lists/*\n ---> Running in d4aae2e07ef7\n\u001b[91m+ apt-get update\n\u001b[0mIgn:1 http://deb.debian.org/debian stretch InRelease\nGet:2 http://deb.debian.org/debian stretch-updates InRelease [93.6 kB]\nGet:3 http://deb.debian.org/debian stretch Release [118 kB]\nGet:4 http://security.debian.org/debian-security stretch/updates InRelease [94.3 kB]\nGet:5 http://deb.debian.org/debian stretch Release.gpg [2410 B]\nGet:6 http://deb.debian.org/debian stretch-updates/main amd64 Packages [28.2 kB]\nGet:7 http://deb.debian.org/debian stretch/main amd64 Packages [7083 kB]\nGet:8 http://security.debian.org/debian-security stretch/updates/main amd64 Packages [529 kB]\nFetched 7948 kB in 2s (2918 kB/s)\nReading package lists...\n\u001b[91m+ apt-get install -y --no-install-recommends build-essential cmake golang-go\n\u001b[0mReading package lists...\nBuilding dependency tree...\nReading state information...\nThe following additional packages will be installed:\n  bzip2 cmake-data dpkg-dev g++ g++-6 golang-1.7-go golang-1.7-src golang-src\n  libarchive13 libcurl3 libdpkg-perl libexpat1 libffi6 libgdbm3 libgnutls30\n  libgssapi-krb5-2 libhogweed4 libicu57 libidn11 libidn2-0 libjsoncpp1\n  libk5crypto3 libkeyutils1 libkrb5-3 libkrb5support0 libldap-2.4-2\n  libldap-common liblzo2-2 libncurses5 libnettle6 libnghttp2-14 libp11-kit0\n  libperl5.24 libprocps6 libpsl5 librtmp1 libsasl2-2 libsasl2-modules-db\n  libssh2-1 libssl1.0.2 libstdc++-6-dev libtasn1-6 libunistring0 libuv1\n  libxml2 make patch perl perl-modules-5.24 procps xz-utils\nSuggested packages:\n  bzip2-doc codeblocks eclipse ninja-build debian-keyring g++-multilib\n  g++-6-multilib gcc-6-doc libstdc++6-6-dbg bzr git mercurial subversion lrzip\n  gnupg | gnupg2 gnutls-bin krb5-doc krb5-user libstdc++-6-doc make-doc ed\n  diffutils-doc perl-doc libterm-readline-gnu-perl\n  | libterm-readline-perl-perl\nRecommended packages:\n  fakeroot gnupg | gnupg2 libalgorithm-merge-perl pkg-config\n  libfile-fcntllock-perl liblocale-gettext-perl krb5-locales libgpm2\n  publicsuffix libsasl2-modules xml-core netbase rename psmisc\nThe following NEW packages will be installed:\n  build-essential bzip2 cmake cmake-data dpkg-dev g++ g++-6 golang-1.7-go\n  golang-1.7-src golang-go golang-src libarchive13 libcurl3 libdpkg-perl\n  libexpat1 libffi6 libgdbm3 libgnutls30 libgssapi-krb5-2 libhogweed4 libicu57\n  libidn11 libidn2-0 libjsoncpp1 libk5crypto3 libkeyutils1 libkrb5-3\n  libkrb5support0 libldap-2.4-2 libldap-common liblzo2-2 libncurses5\n  libnettle6 libnghttp2-14 libp11-kit0 libperl5.24 libprocps6 libpsl5 librtmp1\n  libsasl2-2 libsasl2-modules-db libssh2-1 libssl1.0.2 libstdc++-6-dev\n  libtasn1-6 libunistring0 libuv1 libxml2 make patch perl perl-modules-5.24\n  procps xz-utils\n0 upgraded, 54 newly installed, 0 to remove and 4 not upgraded.\nNeed to get 64.5 MB of archives.\nAfter this operation, 301 MB of additional disk space will be used.\nGet:1 http://deb.debian.org/debian stretch/main amd64 perl-modules-5.24 all 5.24.1-3+deb9u6 [2725 kB]\nGet:2 http://security.debian.org/debian-security stretch/updates/main amd64 libicu57 amd64 57.1-6+deb9u4 [7699 kB]\nGet:3 http://deb.debian.org/debian stretch/main amd64 libgdbm3 amd64 1.8.3-14 [30.0 kB]\nGet:4 http://deb.debian.org/debian stretch/main amd64 libperl5.24 amd64 5.24.1-3+deb9u6 [3525 kB]\nGet:5 http://deb.debian.org/debian stretch/main amd64 perl amd64 5.24.1-3+deb9u6 [218 kB]\nGet:6 http://deb.debian.org/debian stretch/main amd64 cmake-data all 3.7.2-1 [1216 kB]\nGet:7 http://deb.debian.org/debian stretch/main amd64 libncurses5 amd64 6.0+20161126-1+deb9u2 [93.4 kB]\nGet:8 http://deb.debian.org/debian stretch/main amd64 libprocps6 amd64 2:3.3.12-3+deb9u1 [58.5 kB]\nGet:9 http://deb.debian.org/debian stretch/main amd64 procps amd64 2:3.3.12-3+deb9u1 [250 kB]\nGet:10 http://deb.debian.org/debian stretch/main amd64 liblzo2-2 amd64 2.08-1.2+b2 [55.0 kB]\nGet:11 http://deb.debian.org/debian stretch/main amd64 libnettle6 amd64 3.3-1+b2 [192 kB]\nGet:12 http://deb.debian.org/debian stretch/main amd64 libxml2 amd64 2.9.4+dfsg1-2.2+deb9u2 [920 kB]\nGet:13 http://deb.debian.org/debian stretch/main amd64 libarchive13 amd64 3.2.2-2+deb9u2 [294 kB]\nGet:14 http://deb.debian.org/debian stretch/main amd64 libkeyutils1 amd64 1.5.9-9 [12.4 kB]\nGet:15 http://deb.debian.org/debian stretch/main amd64 libkrb5support0 amd64 1.15-1+deb9u1 [61.9 kB]\nGet:16 http://deb.debian.org/debian stretch/main amd64 libk5crypto3 amd64 1.15-1+deb9u1 [119 kB]\nGet:17 http://deb.debian.org/debian stretch/main amd64 libkrb5-3 amd64 1.15-1+deb9u1 [311 kB]\nGet:18 http://deb.debian.org/debian stretch/main amd64 libgssapi-krb5-2 amd64 1.15-1+deb9u1 [155 kB]\nGet:19 http://deb.debian.org/debian stretch/main amd64 libunistring0 amd64 0.9.6+really0.9.3-0.1 [279 kB]\nGet:20 http://deb.debian.org/debian stretch/main amd64 libidn2-0 amd64 0.16-1+deb9u1 [60.7 kB]\nGet:21 http://deb.debian.org/debian stretch/main amd64 libhogweed4 amd64 3.3-1+b2 [136 kB]\nGet:22 http://deb.debian.org/debian stretch/main amd64 libidn11 amd64 1.33-1+deb9u1 [115 kB]\nGet:23 http://deb.debian.org/debian stretch/main amd64 libffi6 amd64 3.2.1-6 [20.4 kB]\nGet:24 http://deb.debian.org/debian stretch/main amd64 libp11-kit0 amd64 0.23.3-2 [111 kB]\nGet:25 http://deb.debian.org/debian stretch/main amd64 libtasn1-6 amd64 4.10-1.1+deb9u1 [50.6 kB]\nGet:26 http://deb.debian.org/debian stretch/main amd64 libgnutls30 amd64 3.5.8-5+deb9u4 [896 kB]\nGet:27 http://deb.debian.org/debian stretch/main amd64 libsasl2-modules-db amd64 2.1.27~101-g0780600+dfsg-3+deb9u1 [68.4 kB]\nGet:28 http://deb.debian.org/debian stretch/main amd64 libsasl2-2 amd64 2.1.27~101-g0780600+dfsg-3+deb9u1 [105 kB]\nGet:29 http://deb.debian.org/debian stretch/main amd64 libnghttp2-14 amd64 1.18.1-1+deb9u1 [79.2 kB]\nGet:30 http://deb.debian.org/debian stretch/main amd64 libpsl5 amd64 0.17.0-3 [41.8 kB]\nGet:31 http://deb.debian.org/debian stretch/main amd64 librtmp1 amd64 2.4+20151223.gitfa8646d.1-1+b1 [60.4 kB]\nGet:32 http://deb.debian.org/debian stretch/main amd64 libssh2-1 amd64 1.7.0-1+deb9u1 [139 kB]\nGet:33 http://deb.debian.org/debian stretch/main amd64 libssl1.0.2 amd64 1.0.2u-1~deb9u1 [1304 kB]\nGet:34 http://deb.debian.org/debian stretch/main amd64 libexpat1 amd64 2.2.0-2+deb9u3 [83.7 kB]\nGet:35 http://deb.debian.org/debian stretch/main amd64 libjsoncpp1 amd64 1.7.4-3 [75.6 kB]\nGet:36 http://deb.debian.org/debian stretch/main amd64 libuv1 amd64 1.9.1-3 [84.4 kB]\nGet:37 http://deb.debian.org/debian stretch/main amd64 cmake amd64 3.7.2-1 [3038 kB]\nGet:38 http://deb.debian.org/debian stretch/main amd64 bzip2 amd64 1.0.6-8.1 [47.5 kB]\nGet:39 http://deb.debian.org/debian stretch/main amd64 xz-utils amd64 5.2.2-1.2+b1 [266 kB]\nGet:40 http://deb.debian.org/debian stretch/main amd64 libstdc++-6-dev amd64 6.3.0-18+deb9u1 [1420 kB]\nGet:41 http://deb.debian.org/debian stretch/main amd64 g++-6 amd64 6.3.0-18+deb9u1 [7094 kB]\nGet:42 http://deb.debian.org/debian stretch/main amd64 g++ amd64 4:6.3.0-4 [1546 B]\nGet:43 http://deb.debian.org/debian stretch/main amd64 make amd64 4.1-9.1 [302 kB]\nGet:44 http://deb.debian.org/debian stretch/main amd64 libdpkg-perl all 1.18.25 [1287 kB]\nGet:45 http://deb.debian.org/debian stretch/main amd64 patch amd64 2.7.5-1+deb9u2 [112 kB]\nGet:46 http://deb.debian.org/debian stretch/main amd64 dpkg-dev all 1.18.25 [1595 kB]\nGet:47 http://deb.debian.org/debian stretch/main amd64 build-essential amd64 12.3 [7346 B]\nGet:48 http://deb.debian.org/debian stretch/main amd64 golang-src amd64 2:1.7~5 [3560 B]\nGet:49 http://deb.debian.org/debian stretch/main amd64 golang-go amd64 2:1.7~5 [22.7 kB]\nGet:50 http://security.debian.org/debian-security stretch/updates/main amd64 libldap-common all 2.4.44+dfsg-5+deb9u4 [85.7 kB]\nGet:51 http://security.debian.org/debian-security stretch/updates/main amd64 libldap-2.4-2 amd64 2.4.44+dfsg-5+deb9u4 [219 kB]\nGet:52 http://security.debian.org/debian-security stretch/updates/main amd64 libcurl3 amd64 7.52.1-5+deb9u10 [292 kB]\nGet:53 http://security.debian.org/debian-security stretch/updates/main amd64 golang-1.7-src amd64 1.7.4-2+deb9u1 [7677 kB]\nGet:54 http://security.debian.org/debian-security stretch/updates/main amd64 golang-1.7-go amd64 1.7.4-2+deb9u1 [19.4 MB]\n\u001b[91mdebconf: delaying package configuration, since apt-utils is not installed\n\u001b[0mFetched 64.5 MB in 2s (27.2 MB/s)\nSelecting previously unselected package perl-modules-5.24.\r\n(Reading database ... \r(Reading database ... 5%\r(Reading database ... 10%\r(Reading database ... 15%\r(Reading database ... 20%\r(Reading database ... 25%\r(Reading database ... 30%\r(Reading database ... 35%\r(Reading database ... 40%\r(Reading database ... 45%\r(Reading database ... 50%\r(Reading database ... 55%\r(Reading database ... 60%\r(Reading database ... 65%\r(Reading database ... 70%\r(Reading database ... 75%\r(Reading database ... 80%\r(Reading database ... 85%\r(Reading database ... 90%\r(Reading database ... 95%\r(Reading database ... 100%\r(Reading database ... 8605 files and directories currently installed.)\r\nPreparing to unpack .../00-perl-modules-5.24_5.24.1-3+deb9u6_all.deb ...\r\nUnpacking perl-modules-5.24 (5.24.1-3+deb9u6) ...\r\nSelecting previously unselected package libgdbm3:amd64.\r\nPreparing to unpack .../01-libgdbm3_1.8.3-14_amd64.deb ...\r\nUnpacking libgdbm3:amd64 (1.8.3-14) ...\r\nSelecting previously unselected package libperl5.24:amd64.\r\nPreparing to unpack .../02-libperl5.24_5.24.1-3+deb9u6_amd64.deb ...\r\nUnpacking libperl5.24:amd64 (5.24.1-3+deb9u6) ...\r\nSelecting previously unselected package perl.\r\nPreparing to unpack .../03-perl_5.24.1-3+deb9u6_amd64.deb ...\r\nUnpacking perl (5.24.1-3+deb9u6) ...\r\nSelecting previously unselected package cmake-data.\r\nPreparing to unpack .../04-cmake-data_3.7.2-1_all.deb ...\r\nUnpacking cmake-data (3.7.2-1) ...\r\nSelecting previously unselected package libncurses5:amd64.\r\nPreparing to unpack .../05-libncurses5_6.0+20161126-1+deb9u2_amd64.deb ...\r\nUnpacking libncurses5:amd64 (6.0+20161126-1+deb9u2) ...\r\nSelecting previously unselected package libprocps6:amd64.\r\nPreparing to unpack .../06-libprocps6_2%3a3.3.12-3+deb9u1_amd64.deb ...\r\nUnpacking libprocps6:amd64 (2:3.3.12-3+deb9u1) ...\r\nSelecting previously unselected package procps.\r\nPreparing to unpack .../07-procps_2%3a3.3.12-3+deb9u1_amd64.deb ...\r\nUnpacking procps (2:3.3.12-3+deb9u1) ...\r\nSelecting previously unselected package liblzo2-2:amd64.\r\nPreparing to unpack .../08-liblzo2-2_2.08-1.2+b2_amd64.deb ...\r\nUnpacking liblzo2-2:amd64 (2.08-1.2+b2) ...\r\nSelecting previously unselected package libnettle6:amd64.\r\nPreparing to unpack .../09-libnettle6_3.3-1+b2_amd64.deb ...\r\nUnpacking libnettle6:amd64 (3.3-1+b2) ...\r\nSelecting previously unselected package libicu57:amd64.\r\nPreparing to unpack .../10-libicu57_57.1-6+deb9u4_amd64.deb ...\r\nUnpacking libicu57:amd64 (57.1-6+deb9u4) ...\r\nSelecting previously unselected package libxml2:amd64.\r\nPreparing to unpack .../11-libxml2_2.9.4+dfsg1-2.2+deb9u2_amd64.deb ...\r\nUnpacking libxml2:amd64 (2.9.4+dfsg1-2.2+deb9u2) ...\r\nSelecting previously unselected package libarchive13:amd64.\r\nPreparing to unpack .../12-libarchive13_3.2.2-2+deb9u2_amd64.deb ...\r\nUnpacking libarchive13:amd64 (3.2.2-2+deb9u2) ...\r\nSelecting previously unselected package libkeyutils1:amd64.\r\nPreparing to unpack .../13-libkeyutils1_1.5.9-9_amd64.deb ...\r\nUnpacking libkeyutils1:amd64 (1.5.9-9) ...\r\nSelecting previously unselected package libkrb5support0:amd64.\r\nPreparing to unpack .../14-libkrb5support0_1.15-1+deb9u1_amd64.deb ...\r\nUnpacking libkrb5support0:amd64 (1.15-1+deb9u1) ...\r\nSelecting previously unselected package libk5crypto3:amd64.\r\nPreparing to unpack .../15-libk5crypto3_1.15-1+deb9u1_amd64.deb ...\r\nUnpacking libk5crypto3:amd64 (1.15-1+deb9u1) ...\r\nSelecting previously unselected package libkrb5-3:amd64.\r\nPreparing to unpack .../16-libkrb5-3_1.15-1+deb9u1_amd64.deb ...\r\nUnpacking libkrb5-3:amd64 (1.15-1+deb9u1) ...\r\nSelecting previously unselected package libgssapi-krb5-2:amd64.\r\nPreparing to unpack .../17-libgssapi-krb5-2_1.15-1+deb9u1_amd64.deb ...\r\nUnpacking libgssapi-krb5-2:amd64 (1.15-1+deb9u1) ...\r\nSelecting previously unselected package libunistring0:amd64.\r\nPreparing to unpack .../18-libunistring0_0.9.6+really0.9.3-0.1_amd64.deb ...\r\nUnpacking libunistring0:amd64 (0.9.6+really0.9.3-0.1) ...\r\nSelecting previously unselected package libidn2-0:amd64.\r\nPreparing to unpack .../19-libidn2-0_0.16-1+deb9u1_amd64.deb ...\r\nUnpacking libidn2-0:amd64 (0.16-1+deb9u1) ...\r\nSelecting previously unselected package libhogweed4:amd64.\r\nPreparing to unpack .../20-libhogweed4_3.3-1+b2_amd64.deb ...\r\nUnpacking libhogweed4:amd64 (3.3-1+b2) ...\r\nSelecting previously unselected package libidn11:amd64.\r\nPreparing to unpack .../21-libidn11_1.33-1+deb9u1_amd64.deb ...\r\nUnpacking libidn11:amd64 (1.33-1+deb9u1) ...\r\nSelecting previously unselected package libffi6:amd64.\r\nPreparing to unpack .../22-libffi6_3.2.1-6_amd64.deb ...\r\nUnpacking libffi6:amd64 (3.2.1-6) ...\r\nSelecting previously unselected package libp11-kit0:amd64.\r\nPreparing to unpack .../23-libp11-kit0_0.23.3-2_amd64.deb ...\r\nUnpacking libp11-kit0:amd64 (0.23.3-2) ...\r\nSelecting previously unselected package libtasn1-6:amd64.\r\nPreparing to unpack .../24-libtasn1-6_4.10-1.1+deb9u1_amd64.deb ...\r\nUnpacking libtasn1-6:amd64 (4.10-1.1+deb9u1) ...\r\nSelecting previously unselected package libgnutls30:amd64.\r\nPreparing to unpack .../25-libgnutls30_3.5.8-5+deb9u4_amd64.deb ...\r\nUnpacking libgnutls30:amd64 (3.5.8-5+deb9u4) ...\r\nSelecting previously unselected package libsasl2-modules-db:amd64.\r\nPreparing to unpack .../26-libsasl2-modules-db_2.1.27~101-g0780600+dfsg-3+deb9u1_amd64.deb ...\r\nUnpacking libsasl2-modules-db:amd64 (2.1.27~101-g0780600+dfsg-3+deb9u1) ...\r\nSelecting previously unselected package libsasl2-2:amd64.\r\nPreparing to unpack .../27-libsasl2-2_2.1.27~101-g0780600+dfsg-3+deb9u1_amd64.deb ...\r\nUnpacking libsasl2-2:amd64 (2.1.27~101-g0780600+dfsg-3+deb9u1) ...\r\nSelecting previously unselected package libldap-common.\r\nPreparing to unpack .../28-libldap-common_2.4.44+dfsg-5+deb9u4_all.deb ...\r\nUnpacking libldap-common (2.4.44+dfsg-5+deb9u4) ...\r\nSelecting previously unselected package libldap-2.4-2:amd64.\r\nPreparing to unpack .../29-libldap-2.4-2_2.4.44+dfsg-5+deb9u4_amd64.deb ...\r\nUnpacking libldap-2.4-2:amd64 (2.4.44+dfsg-5+deb9u4) ...\r\nSelecting previously unselected package libnghttp2-14:amd64.\r\nPreparing to unpack .../30-libnghttp2-14_1.18.1-1+deb9u1_amd64.deb ...\r\nUnpacking libnghttp2-14:amd64 (1.18.1-1+deb9u1) ...\r\nSelecting previously unselected package libpsl5:amd64.\r\nPreparing to unpack .../31-libpsl5_0.17.0-3_amd64.deb ...\r\nUnpacking libpsl5:amd64 (0.17.0-3) ...\r\nSelecting previously unselected package librtmp1:amd64.\r\nPreparing to unpack .../32-librtmp1_2.4+20151223.gitfa8646d.1-1+b1_amd64.deb ...\r\nUnpacking librtmp1:amd64 (2.4+20151223.gitfa8646d.1-1+b1) ...\r\nSelecting previously unselected package libssh2-1:amd64.\r\nPreparing to unpack .../33-libssh2-1_1.7.0-1+deb9u1_amd64.deb ...\r\nUnpacking libssh2-1:amd64 (1.7.0-1+deb9u1) ...\r\nSelecting previously unselected package libssl1.0.2:amd64.\r\nPreparing to unpack .../34-libssl1.0.2_1.0.2u-1~deb9u1_amd64.deb ...\r\nUnpacking libssl1.0.2:amd64 (1.0.2u-1~deb9u1) ...\r\nSelecting previously unselected package libcurl3:amd64.\r\nPreparing to unpack .../35-libcurl3_7.52.1-5+deb9u10_amd64.deb ...\r\nUnpacking libcurl3:amd64 (7.52.1-5+deb9u10) ...\r\nSelecting previously unselected package libexpat1:amd64.\r\nPreparing to unpack .../36-libexpat1_2.2.0-2+deb9u3_amd64.deb ...\r\nUnpacking libexpat1:amd64 (2.2.0-2+deb9u3) ...\r\nSelecting previously unselected package libjsoncpp1:amd64.\r\nPreparing to unpack .../37-libjsoncpp1_1.7.4-3_amd64.deb ...\r\nUnpacking libjsoncpp1:amd64 (1.7.4-3) ...\r\nSelecting previously unselected package libuv1:amd64.\r\nPreparing to unpack .../38-libuv1_1.9.1-3_amd64.deb ...\r\nUnpacking libuv1:amd64 (1.9.1-3) ...\r\nSelecting previously unselected package cmake.\r\nPreparing to unpack .../39-cmake_3.7.2-1_amd64.deb ...\r\nUnpacking cmake (3.7.2-1) ...\r\nSelecting previously unselected package bzip2.\r\nPreparing to unpack .../40-bzip2_1.0.6-8.1_amd64.deb ...\r\nUnpacking bzip2 (1.0.6-8.1) ...\r\nSelecting previously unselected package xz-utils.\r\nPreparing to unpack .../41-xz-utils_5.2.2-1.2+b1_amd64.deb ...\r\nUnpacking xz-utils (5.2.2-1.2+b1) ...\r\nSelecting previously unselected package libstdc++-6-dev:amd64.\r\nPreparing to unpack .../42-libstdc++-6-dev_6.3.0-18+deb9u1_amd64.deb ...\r\nUnpacking libstdc++-6-dev:amd64 (6.3.0-18+deb9u1) ...\r\nSelecting previously unselected package g++-6.\r\nPreparing to unpack .../43-g++-6_6.3.0-18+deb9u1_amd64.deb ...\r\nUnpacking g++-6 (6.3.0-18+deb9u1) ...\r\nSelecting previously unselected package g++.\r\nPreparing to unpack .../44-g++_4%3a6.3.0-4_amd64.deb ...\r\nUnpacking g++ (4:6.3.0-4) ...\r\nSelecting previously unselected package make.\r\nPreparing to unpack .../45-make_4.1-9.1_amd64.deb ...\r\nUnpacking make (4.1-9.1) ...\r\nSelecting previously unselected package libdpkg-perl.\r\nPreparing to unpack .../46-libdpkg-perl_1.18.25_all.deb ...\r\nUnpacking libdpkg-perl (1.18.25) ...\r\nSelecting previously unselected package patch.\r\nPreparing to unpack .../47-patch_2.7.5-1+deb9u2_amd64.deb ...\r\nUnpacking patch (2.7.5-1+deb9u2) ...\r\nSelecting previously unselected package dpkg-dev.\r\nPreparing to unpack .../48-dpkg-dev_1.18.25_all.deb ...\r\nUnpacking dpkg-dev (1.18.25) ...\r\nSelecting previously unselected package build-essential.\r\nPreparing to unpack .../49-build-essential_12.3_amd64.deb ...\r\nUnpacking build-essential (12.3) ...\r\nSelecting previously unselected package golang-1.7-src.\r\nPreparing to unpack .../50-golang-1.7-src_1.7.4-2+deb9u1_amd64.deb ...\r\nUnpacking golang-1.7-src (1.7.4-2+deb9u1) ...\r\nSelecting previously unselected package golang-1.7-go.\r\nPreparing to unpack .../51-golang-1.7-go_1.7.4-2+deb9u1_amd64.deb ...\r\nUnpacking golang-1.7-go (1.7.4-2+deb9u1) ...\r\nSelecting previously unselected package golang-src.\r\nPreparing to unpack .../52-golang-src_2%3a1.7~5_amd64.deb ...\r\nUnpacking golang-src (2:1.7~5) ...\r\nSelecting previously unselected package golang-go.\r\nPreparing to unpack .../53-golang-go_2%3a1.7~5_amd64.deb ...\r\nUnpacking golang-go (2:1.7~5) ...\r\nSetting up libncurses5:amd64 (6.0+20161126-1+deb9u2) ...\r\nSetting up perl-modules-5.24 (5.24.1-3+deb9u6) ...\r\nSetting up libgdbm3:amd64 (1.8.3-14) ...\r\nSetting up libperl5.24:amd64 (5.24.1-3+deb9u6) ...\r\nSetting up libnettle6:amd64 (3.3-1+b2) ...\r\nSetting up libexpat1:amd64 (2.2.0-2+deb9u3) ...\r\nSetting up make (4.1-9.1) ...\r\nSetting up libstdc++-6-dev:amd64 (6.3.0-18+deb9u1) ...\r\nSetting up libnghttp2-14:amd64 (1.18.1-1+deb9u1) ...\r\nSetting up libldap-common (2.4.44+dfsg-5+deb9u4) ...\r\nSetting up libuv1:amd64 (1.9.1-3) ...\r\nSetting up libsasl2-modules-db:amd64 (2.1.27~101-g0780600+dfsg-3+deb9u1) ...\r\nSetting up libsasl2-2:amd64 (2.1.27~101-g0780600+dfsg-3+deb9u1) ...\r\nSetting up cmake-data (3.7.2-1) ...\r\nSetting up libicu57:amd64 (57.1-6+deb9u4) ...\r\nSetting up libprocps6:amd64 (2:3.3.12-3+deb9u1) ...\r\nSetting up libxml2:amd64 (2.9.4+dfsg1-2.2+deb9u2) ...\r\nSetting up libtasn1-6:amd64 (4.10-1.1+deb9u1) ...\r\nSetting up bzip2 (1.0.6-8.1) ...\r\nSetting up libhogweed4:amd64 (3.3-1+b2) ...\r\nSetting up procps (2:3.3.12-3+deb9u1) ...\r\nupdate-alternatives: using /usr/bin/w.procps to provide /usr/bin/w (w) in auto mode\r\nupdate-alternatives: warning: skip creation of /usr/share/man/man1/w.1.gz because associated file /usr/share/man/man1/w.procps.1.gz (of link group w) doesn't exist\r\nSetting up g++-6 (6.3.0-18+deb9u1) ...\r\nSetting up perl (5.24.1-3+deb9u6) ...\r\nupdate-alternatives: using /usr/bin/prename to provide /usr/bin/rename (rename) in auto mode\r\nupdate-alternatives: warning: skip creation of /usr/share/man/man1/rename.1.gz because associated file /usr/share/man/man1/prename.1.gz (of link group rename) doesn't exist\r\nSetting up libssl1.0.2:amd64 (1.0.2u-1~deb9u1) ...\r\ndebconf: unable to initialize frontend: Dialog\r\ndebconf: (TERM is not set, so the dialog frontend is not usable.)\r\ndebconf: falling back to frontend: Readline\r\nSetting up libssh2-1:amd64 (1.7.0-1+deb9u1) ...\r\nSetting up patch (2.7.5-1+deb9u2) ...\r\nProcessing triggers for libc-bin (2.24-11+deb9u4) ...\r\nSetting up libunistring0:amd64 (0.9.6+really0.9.3-0.1) ...\r\nSetting up xz-utils (5.2.2-1.2+b1) ...\r\nupdate-alternatives: using /usr/bin/xz to provide /usr/bin/lzma (lzma) in auto mode\r\nupdate-alternatives: warning: skip creation of /usr/share/man/man1/lzma.1.gz because associated file /usr/share/man/man1/xz.1.gz (of link group lzma) doesn't exist\r\nupdate-alternatives: warning: skip creation of /usr/share/man/man1/unlzma.1.gz because associated file /usr/share/man/man1/unxz.1.gz (of link group lzma) doesn't exist\r\nupdate-alternatives: warning: skip creation of /usr/share/man/man1/lzcat.1.gz because associated file /usr/share/man/man1/xzcat.1.gz (of link group lzma) doesn't exist\r\nupdate-alternatives: warning: skip creation of /usr/share/man/man1/lzmore.1.gz because associated file /usr/share/man/man1/xzmore.1.gz (of link group lzma) doesn't exist\r\nupdate-alternatives: warning: skip creation of /usr/share/man/man1/lzless.1.gz because associated file /usr/share/man/man1/xzless.1.gz (of link group lzma) doesn't exist\r\nupdate-alternatives: warning: skip creation of /usr/share/man/man1/lzdiff.1.gz because associated file /usr/share/man/man1/xzdiff.1.gz (of link group lzma) doesn't exist\r\nupdate-alternatives: warning: skip creation of /usr/share/man/man1/lzcmp.1.gz because associated file /usr/share/man/man1/xzcmp.1.gz (of link group lzma) doesn't exist\r\nupdate-alternatives: warning: skip creation of /usr/share/man/man1/lzgrep.1.gz because associated file /usr/share/man/man1/xzgrep.1.gz (of link group lzma) doesn't exist\r\nupdate-alternatives: warning: skip creation of /usr/share/man/man1/lzegrep.1.gz because associated file /usr/share/man/man1/xzegrep.1.gz (of link group lzma) doesn't exist\r\nupdate-alternatives: warning: skip creation of /usr/share/man/man1/lzfgrep.1.gz because associated file /usr/share/man/man1/xzfgrep.1.gz (of link group lzma) doesn't exist\r\nSetting up g++ (4:6.3.0-4) ...\r\nupdate-alternatives: using /usr/bin/g++ to provide /usr/bin/c++ (c++) in auto mode\r\nSetting up libffi6:amd64 (3.2.1-6) ...\r\nSetting up golang-1.7-src (1.7.4-2+deb9u1) ...\r\nSetting up libkeyutils1:amd64 (1.5.9-9) ...\r\nSetting up libidn11:amd64 (1.33-1+deb9u1) ...\r\nSetting up liblzo2-2:amd64 (2.08-1.2+b2) ...\r\nSetting up libjsoncpp1:amd64 (1.7.4-3) ...\r\nSetting up libidn2-0:amd64 (0.16-1+deb9u1) ...\r\nSetting up libarchive13:amd64 (3.2.2-2+deb9u2) ...\r\nSetting up golang-src (2:1.7~5) ...\r\nSetting up libpsl5:amd64 (0.17.0-3) ...\r\nSetting up libdpkg-perl (1.18.25) ...\r\nSetting up libkrb5support0:amd64 (1.15-1+deb9u1) ...\r\nSetting up dpkg-dev (1.18.25) ...\r\nSetting up golang-1.7-go (1.7.4-2+deb9u1) ...\r\nSetting up libp11-kit0:amd64 (0.23.3-2) ...\r\nSetting up libk5crypto3:amd64 (1.15-1+deb9u1) ...\r\nSetting up build-essential (12.3) ...\r\nSetting up libgnutls30:amd64 (3.5.8-5+deb9u4) ...\r\nSetting up librtmp1:amd64 (2.4+20151223.gitfa8646d.1-1+b1) ...\r\nSetting up golang-go (2:1.7~5) ...\r\nSetting up libldap-2.4-2:amd64 (2.4.44+dfsg-5+deb9u4) ...\r\nSetting up libkrb5-3:amd64 (1.15-1+deb9u1) ...\r\nSetting up libgssapi-krb5-2:amd64 (1.15-1+deb9u1) ...\r\nSetting up libcurl3:amd64 (7.52.1-5+deb9u10) ...\r\nSetting up cmake (3.7.2-1) ...\r\nProcessing triggers for libc-bin (2.24-11+deb9u4) ...\r\n\u001b[91m+ apt-get clean\n\u001b[0m\u001b[91m+ rm -rf /var/lib/apt/lists/deb.debian.org_debian_dists_stretch-updates_InRelease /var/lib/apt/lists/deb.debian.org_debian_dists_stretch-updates_main_binary-amd64_Packages.lz4 /var/lib/apt/lists/deb.debian.org_debian_dists_stretch_Release /var/lib/apt/lists/deb.debian.org_debian_dists_stretch_Release.gpg /var/lib/apt/lists/deb.debian.org_debian_dists_stretch_main_binary-amd64_Packages.lz4 /var/lib/apt/lists/lock /var/lib/apt/lists/partial /var/lib/apt/lists/security.debian.org_debian-security_dists_stretch_updates_InRelease /var/lib/apt/lists/security.debian.org_debian-security_dists_stretch_updates_main_binary-amd64_Packages.lz4\n\u001b[0mRemoving intermediate container d4aae2e07ef7\n ---> 236444d8b44e\nStep 5/15 : COPY . ./\n ---> 0b8eeff9d860\nStep 6/15 : RUN make build\n ---> Running in 42ad1c554754\n\u001b[91m/bin/sh: 1: jq: not found\n\u001b[0m\u001b[91mthread 'main' panicked at 'failed printing to stdout: Broken pipe (os error 32)', src/libstd/io/stdio.rs:805:9\nnote: run with `RUST_BACKTRACE=1` environment variable to display a backtrace\n\u001b[0m\u001b[91m/bin/sh: 1: jq: not found\n\u001b[0m\u001b[91mUsage: grep [OPTION]... PATTERN [FILE]...\nTry 'grep --help' for more information.\n\u001b[0m\u001b[91merror: no such subcommand: `show`\n\n\tDid you mean `doc`?\n\u001b[0m\u001b[91m/bin/sh: 1: jq: not found\n\u001b[0m\u001b[91mthread 'main' panicked at 'failed printing to stdout: Broken pipe (os error 32)', src/libstd/io/stdio.rs:805:9\nnote: run with `RUST_BACKTRACE=1` environment variable to display a backtrace\n\u001b[0m\u001b[91m/bin/sh: 1: jq: not found\n\u001b[0m\u001b[91mUsage: grep [OPTION]... PATTERN [FILE]...\nTry 'grep --help' for more information.\n\u001b[0m\u001b[91merror: no such subcommand: `show`\n\n\tDid you mean `doc`?\n\u001b[0m\u001b[91m/bin/sh: 1: jq: not found\n\u001b[0m\u001b[91mthread 'main' panicked at 'failed printing to stdout: Broken pipe (os error 32)', src/libstd/io/stdio.rs:805:9\nnote: run with `RUST_BACKTRACE=1` environment variable to display a backtrace\n\u001b[0m\u001b[91m/bin/sh: 1: jq: not found\n\u001b[0m\u001b[91mUsage: grep [OPTION]... PATTERN [FILE]...\nTry 'grep --help' for more information.\n\u001b[0m\u001b[91merror: no such subcommand: `show`\n\n\tDid you mean `doc`?\n\u001b[0m\u001b[91m/bin/sh: 1: jq: not found\n\u001b[0m\u001b[91mthread 'main' panicked at 'failed printing to stdout: Broken pipe (os error 32)', src/libstd/io/stdio.rs:805:9\nnote: run with `RUST_BACKTRACE=1` environment variable to display a backtrace\n\u001b[0m\u001b[91m/bin/sh: 1: jq: not found\n\u001b[0m\u001b[91mUsage: grep [OPTION]... PATTERN [FILE]...\nTry 'grep --help' for more information.\n\u001b[0m\u001b[91merror: no such subcommand: `show`\n\n\tDid you mean `doc`?\n\u001b[0mcargo fmt\n\u001b[91merror: 'cargo-fmt' is not installed for the toolchain '1.42.0-x86_64-unknown-linux-gnu'\nTo install, run `rustup component add rustfmt --toolchain 1.42.0-x86_64-unknown-linux-gnu`\n\u001b[0m\u001b[91mmake: *** [format] Error 1\n\u001b[0mMakefile:15: recipe for target 'format' failed",
    "raw_stderr_log": "The command '/bin/sh -c make build' returned a non-zero code: 2",
    "html_url": "https://github.com/bayard-search/bayard",
    "repo_commit": "36dcd5d78ef1a6f373fb8437b47e0b0e55ad4a88",
    "repo_id": 218959323
  },
  {
    "raw_dockerfile": "FROM golang:1.10-alpine as builder\n\nRUN apk add --update make git gcc musl-dev\nWORKDIR /go/src/github.com/xrstf/hosty/\nCOPY . .\nRUN make deps build\n\nFROM alpine:3.7\n\nRUN apk --no-cache add ca-certificates py-pygments\nWORKDIR /app\nCOPY --from=builder /go/src/github.com/xrstf/hosty/hosty .\nCOPY --from=builder /go/src/github.com/xrstf/hosty/www www\nCOPY --from=builder /go/src/github.com/xrstf/hosty/resources resources\nEXPOSE 80\nENTRYPOINT [\"./hosty\"]",
    "raw_stdout_log": "Sending build context to Docker daemon  6.252MB\r\r\nStep 1/13 : FROM golang:1.10-alpine as builder\n1.10-alpine: Pulling from library/golang\n6c40cc604d8e: Pulling fs layer\n51d6d4c96fd3: Pulling fs layer\n945d978b4f19: Pulling fs layer\n74ebde557090: Pulling fs layer\ne6618267e614: Pulling fs layer\n74ebde557090: Waiting\ne6618267e614: Waiting\n945d978b4f19: Verifying Checksum\n945d978b4f19: Download complete\n51d6d4c96fd3: Download complete\n6c40cc604d8e: Download complete\ne6618267e614: Download complete\n6c40cc604d8e: Pull complete\n51d6d4c96fd3: Pull complete\n74ebde557090: Verifying Checksum\n74ebde557090: Download complete\n945d978b4f19: Pull complete\n74ebde557090: Pull complete\ne6618267e614: Pull complete\nDigest: sha256:549535d72baf28b3d1470ef9fcc6d4e0cb52c7fc3012655a659b65eaf942ec63\nStatus: Downloaded newer image for golang:1.10-alpine\n ---> 7b53e4a31d21\nStep 2/13 : RUN apk add --update make git gcc musl-dev\n ---> Running in 1e37135ce5ab\nfetch http://dl-cdn.alpinelinux.org/alpine/v3.9/main/x86_64/APKINDEX.tar.gz\nfetch http://dl-cdn.alpinelinux.org/alpine/v3.9/community/x86_64/APKINDEX.tar.gz\n(1/20) Upgrading musl (1.1.20-r3 -> 1.1.20-r5)\n(2/20) Installing binutils (2.31.1-r2)\n(3/20) Installing gmp (6.1.2-r1)\n(4/20) Installing isl (0.18-r0)\n(5/20) Installing libgomp (8.3.0-r0)\n(6/20) Installing libatomic (8.3.0-r0)\n(7/20) Installing libgcc (8.3.0-r0)\n(8/20) Installing mpfr3 (3.1.5-r1)\n(9/20) Installing mpc1 (1.0.3-r1)\n(10/20) Installing libstdc++ (8.3.0-r0)\n(11/20) Installing gcc (8.3.0-r0)\n(12/20) Installing nghttp2-libs (1.35.1-r2)\n(13/20) Installing libssh2 (1.9.0-r1)\n(14/20) Installing libcurl (7.64.0-r3)\n(15/20) Installing expat (2.2.8-r0)\n(16/20) Installing pcre2 (10.32-r1)\n(17/20) Installing git (2.20.4-r0)\n(18/20) Upgrading musl-utils (1.1.20-r3 -> 1.1.20-r5)\n(19/20) Installing make (4.2.1-r2)\n(20/20) Installing musl-dev (1.1.20-r5)\nExecuting busybox-1.29.3-r10.trigger\nOK: 118 MiB in 33 packages\nRemoving intermediate container 1e37135ce5ab\n ---> aa1be934fdcc\nStep 3/13 : WORKDIR /go/src/github.com/xrstf/hosty/\nRemoving intermediate container fb36e4331318\n ---> 086556c127cd\nStep 4/13 : COPY . .\n ---> 36726bb70a36\nStep 5/13 : RUN make deps build\n ---> Running in 52f6bbda3e32\ngo get github.com/gin-gonic/gin\n\u001b[91m# github.com/gin-gonic/gin\n../../gin-gonic/gin/context.go:80:11: undefined: http.SameSite\n\u001b[0m\u001b[91mmake: *** [Makefile:12: deps] Error 2\n\u001b[0m",
    "raw_stderr_log": "The command '/bin/sh -c make deps build' returned a non-zero code: 2",
    "html_url": "https://github.com/xrstf/hosty",
    "repo_commit": "cfbf39e892fcb5a5d86445cb455572b0fe86d0f5",
    "repo_id": 54925701
  },
  {
    "raw_dockerfile": "FROM golang:1.10.2 as builder\nRUN mkdir -p /go/src/github.com/puppetlabs/lumogon/\nCOPY . /go/src/github.com/puppetlabs/lumogon/\nWORKDIR /go/src/github.com/puppetlabs/lumogon/\nRUN make build\n\nFROM scratch\nCOPY --from=builder /go/src/github.com/puppetlabs/lumogon/bin/lumogon /\nCOPY --from=builder /go/src/github.com/puppetlabs/lumogon/certs/ca-certificates.crt /etc/ssl/certs/\nENTRYPOINT [\"/lumogon\"]",
    "raw_stdout_log": "Sending build context to Docker daemon  10.96MB\r\r\nStep 1/9 : FROM golang:1.10.2 as builder\n1.10.2: Pulling from library/golang\ncc1a78bfd46b: Already exists\nd2c05365ee2a: Already exists\n231cb0e216d3: Already exists\n3d2aa70286b8: Already exists\n6b387538c1ae: Pulling fs layer\n39f9c30eddc9: Pulling fs layer\nf4e296016ab6: Pulling fs layer\nf4e296016ab6: Verifying Checksum\nf4e296016ab6: Download complete\n6b387538c1ae: Verifying Checksum\n6b387538c1ae: Download complete\n39f9c30eddc9: Verifying Checksum\n39f9c30eddc9: Download complete\n6b387538c1ae: Pull complete\n39f9c30eddc9: Pull complete\nf4e296016ab6: Pull complete\nDigest: sha256:8b3ed28f0d8bfc47159744481fa58b6f89867579de3b724bd328862a8dcded43\nStatus: Downloaded newer image for golang:1.10.2\n ---> 3f30f1fc3c43\nStep 2/9 : RUN mkdir -p /go/src/github.com/puppetlabs/lumogon/\n ---> Running in 350f582e5fcf\nRemoving intermediate container 350f582e5fcf\n ---> 085d6f29d955\nStep 3/9 : COPY . /go/src/github.com/puppetlabs/lumogon/\n ---> 36d19691a00a\nStep 4/9 : WORKDIR /go/src/github.com/puppetlabs/lumogon/\nRemoving intermediate container cfdd8d2703aa\n ---> b7c7a6020e18\nStep 5/9 : RUN make build\n ---> Running in b351bfd82e0c\ngo get -u golang.org/x/lint/golint\ngo get -u github.com/pmezard/licenses\ngo get -u github.com/smartystreets/goconvey\n\u001b[91m# github.com/smartystreets/assertions\n../../smartystreets/assertions/panic.go:81:36: undefined: errors.Is\n../../smartystreets/assertions/panic.go:116:36: undefined: errors.Is\n../../smartystreets/assertions/type.go:146:6: undefined: errors.Is\n\u001b[0m\u001b[91mmake: *** [/go/bin/goconvey] Error 2\n\u001b[0mMakefile:67: recipe for target '/go/bin/goconvey' failed",
    "raw_stderr_log": "The command '/bin/sh -c make build' returned a non-zero code: 2",
    "html_url": "https://github.com/puppetlabs/lumogon",
    "repo_commit": "7f4d65f4f38ec1244d5b4dd6eadd8573570b7aa0",
    "repo_id": 90065086
  },
  {
    "raw_dockerfile": "FROM golang:1.10\n\nWORKDIR /go/src/github.com/patrobinson/go-fish\nCOPY . /go/src/github.com/patrobinson/go-fish\nRUN make build",
    "raw_stdout_log": "Sending build context to Docker daemon  13.26MB\r\r\nStep 1/4 : FROM golang:1.10\n1.10: Pulling from library/golang\n741437d97401: Already exists\n34d8874714d7: Already exists\n0a108aa26679: Already exists\n7f0334c36886: Already exists\nd35724ed4672: Already exists\nc0eaf021aeaf: Already exists\nd3d9c96611f1: Already exists\nDigest: sha256:6d5e79878a3e4f1b30b7aa4d24fb6ee6184e905a9b172fc72593935633be4c46\nStatus: Downloaded newer image for golang:1.10\n ---> 6fd1f7edb6ab\nStep 2/4 : WORKDIR /go/src/github.com/patrobinson/go-fish\nRemoving intermediate container 1d476abea4d0\n ---> 9c9299397d03\nStep 3/4 : COPY . /go/src/github.com/patrobinson/go-fish\n ---> 8b75f9509ab1\nStep 4/4 : RUN make build\n ---> Running in a2147e207cde\n\u001b[91mvendor/github.com/patrobinson/gokini/checkpointer.go:14:2: cannot find package \"github.com/sirupsen/logrus\" in any of:\n\t/go/src/github.com/patrobinson/go-fish/vendor/github.com/sirupsen/logrus (vendor tree)\n\t/usr/local/go/src/github.com/sirupsen/logrus (from $GOROOT)\n\t/go/src/github.com/sirupsen/logrus (from $GOPATH)\n\u001b[0m\u001b[91mmake: *** [build] Error 1\n\u001b[0mMakefile:11: recipe for target 'build' failed",
    "raw_stderr_log": "The command '/bin/sh -c make build' returned a non-zero code: 2",
    "html_url": "https://github.com/patrobinson/go-fish",
    "repo_commit": "c682be1adba3223adb9e941c77f72b0883ab55d9",
    "repo_id": 91327967
  },
  {
    "raw_dockerfile": "FROM golang\n\nMAINTAINER Husni Adil Makmur <husni.adil@gmail.com>\n\nCOPY src /go/src\nCOPY vendor/manifest /go/vendor/manifest\nCOPY Makefile /go/Makefile\nCOPY README.md /go/Dockerfile\nCOPY LICENSE /go/LICENSE\nCOPY README.md /go/README.md\n\nWORKDIR /go\n\nRUN make setup\nRUN make build\n\nENTRYPOINT /go/bin/gsm\n\nEXPOSE 8080",
    "raw_stdout_log": "Sending build context to Docker daemon  171.5kB\r\r\nStep 1/13 : FROM golang\nlatest: Pulling from library/golang\ne9afc4f90ab0: Already exists\n989e6b19a265: Already exists\naf14b6c2f878: Already exists\n5573c4b30949: Already exists\nd4020e2aa747: Already exists\n85383fed8a84: Already exists\n0bdb3996894f: Already exists\nDigest: sha256:d31a307a7e42116adb00d8d70971dbf228460904dd9b6217e911d088aa4b650c\nStatus: Downloaded newer image for golang:latest\n ---> 00d970a31ef2\nStep 2/13 : MAINTAINER Husni Adil Makmur <husni.adil@gmail.com>\n ---> Running in c83c8f54bdf0\nRemoving intermediate container c83c8f54bdf0\n ---> 881b8af534f0\nStep 3/13 : COPY src /go/src\n ---> 8229d8009573\nStep 4/13 : COPY vendor/manifest /go/vendor/manifest\n ---> fc054b81d0da\nStep 5/13 : COPY Makefile /go/Makefile\n ---> 1437f6f8edc6\nStep 6/13 : COPY README.md /go/Dockerfile\n ---> 6e447e737dd4\nStep 7/13 : COPY LICENSE /go/LICENSE\n ---> b06c1076387f\nStep 8/13 : COPY README.md /go/README.md\n ---> 4ad5c7349882\nStep 9/13 : WORKDIR /go\nRemoving intermediate container f6e16708c537\n ---> e43504a6694f\nStep 10/13 : RUN make setup\n ---> Running in 91e401888f57\ngo get github.com/constabulary/gb/...\ngb vendor restore\nGetting github.com/PuerkitoBio/goquery\nGetting github.com/mattn/go-isatty\nGetting github.com/fatih/color\nGetting github.com/justinas/alice\nGetting github.com/andybalholm/cascadia\nGetting github.com/mattn/go-colorable\nGetting github.com/azer/snakecase\nGetting github.com/gorilla/mux\nGetting github.com/rainycape/unidecode\nGetting golang.org/x/net/html\nRemoving intermediate container 91e401888f57\n ---> 74bbaa1c299b\nStep 11/13 : RUN make build\n ---> Running in 215df38a8f4c\ngb build\ngithub.com/mattn/go-isatty\ngithub.com/constabulary/gb/internal/version\ngithub.com/azer/snakecase\nhusniadil/gsm/model/brand\nhusniadil/gsm/model/device\nhusniadil/gsm/model/specification\nhusniadil/gsm/util/testing\ngithub.com/mattn/go-colorable\nhusniadil/gsm/util/response\ngolang.org/x/net/html/atom\ngithub.com/rainycape/unidecode\ngithub.com/justinas/alice\ngithub.com/constabulary/gb/cmd/gb/internal/match\ngithub.com/pkg/errors\nhusniadil/gsm/util/prettifier\ngithub.com/constabulary/gb/internal/fileutils\ngithub.com/constabulary/gb/internal/untar\ngithub.com/constabulary/gb/internal/depfile\ngithub.com/fatih/color\nhusniadil/gsm/util/logger\ngithub.com/gorilla/mux\ngithub.com/constabulary/gb/internal/vendor\ngolang.org/x/net/html\ngithub.com/constabulary/gb\ngithub.com/constabulary/gb/cmd\ngithub.com/constabulary/gb/test\ngithub.com/andybalholm/cascadia\ngithub.com/PuerkitoBio/goquery\nhusniadil/gsm/util/scraper\nhusniadil/gsm/service/brand\nhusniadil/gsm/service/device\nhusniadil/gsm/service/specification\nhusniadil/gsm/handler\n\u001b[91mruntime.main_main·f: function main is undeclared in the main package\n\u001b[0mhusniadil/gsm/server\ngithub.com/constabulary/gb/cmd/gb-vendor\n\u001b[91m# github.com/constabulary/gb/cmd/gb-vendor\n\u001b[0m\u001b[91mruntime.main_main·f: function main is undeclared in the main package\n\u001b[0m\u001b[91m# github.com/constabulary/gb/cmd/gb\n\u001b[0mgithub.com/constabulary/gb/cmd/gb\n\u001b[91mruntime.main_main·f: function main is undeclared in the main package\n\u001b[0mhusniadil/gsm\n\u001b[91m# husniadil/gsm\nFATAL: command \"build\" failed: exit status 2\n\u001b[0m\u001b[91mmake: *** [Makefile:17: build] Error 1\n\u001b[0m",
    "raw_stderr_log": "The command '/bin/sh -c make build' returned a non-zero code: 2",
    "html_url": "https://github.com/xpresservers/gsm",
    "repo_commit": "376203cc789072bd26bfc4cafad0ddb782f713fb",
    "repo_id": 91924684
  }
]