[
  {
    "raw_dockerfile": "FROM swift:5.0\nCOPY . /FitDataProtocol\nWORKDIR /FitDataProtocol\nRUN swift build",
    "raw_stdout_log": "Sending build context to Docker daemon  36.56MB\r\r\nStep 1/4 : FROM swift:5.0\n5.0: Pulling from library/swift\nd7c3167c320d: Already exists\n131f805ec7fd: Already exists\n322ed380e680: Already exists\n6ac240b13098: Already exists\nb6d5bd2a2852: Pulling fs layer\n24ea156cf8ef: Pulling fs layer\n24ea156cf8ef: Waiting\nb6d5bd2a2852: Download complete\n24ea156cf8ef: Verifying Checksum\n24ea156cf8ef: Download complete\nb6d5bd2a2852: Pull complete\n24ea156cf8ef: Pull complete\nDigest: sha256:fcbb57d5f041306c825e8a3d0e35475c747642573609d42a77be3c34679758c0\nStatus: Downloaded newer image for swift:5.0\n ---> 6acacdb106c3\nStep 2/4 : COPY . /FitDataProtocol\n ---> 8d635deda9ba\nStep 3/4 : WORKDIR /FitDataProtocol\nRemoving intermediate container d0b2cacf9b35\n ---> ea7d41ba096f\nStep 4/4 : RUN swift build\n ---> Running in 6442442eb454\n\u001b[91m/FitDataProtocol: error: package at '/FitDataProtocol' is using Swift tools version 5.1.0 but the installed version is 5.0.0\n\u001b[0m",
    "raw_stderr_log": "The command '/bin/sh -c swift build' returned a non-zero code: 1",
    "html_url": "https://github.com/FitnessKit/FitDataProtocol",
    "repo_commit": "9bb383a7739423eea5ea0bde17e0b096ae222f34",
    "repo_id": 119291226
  },
  {
    "raw_dockerfile": "FROM swiftdocker/swift:latest\n\nENV PATH /usr/bin:$PATH\n\nRUN mkdir -p /vapor\nWORKDIR /vapor\nADD . /vapor\nRUN swift build\n\nEXPOSE 8080\n\nCMD .build/debug/App",
    "raw_stdout_log": "Sending build context to Docker daemon  9.766MB\r\r\nStep 1/8 : FROM swiftdocker/swift:latest\nlatest: Pulling from swiftdocker/swift\n50aff78429b1: Pulling fs layer\nf6d82e297bce: Pulling fs layer\n275abb2c8a6f: Pulling fs layer\n9f15a39356d6: Pulling fs layer\nfc0342a94c89: Pulling fs layer\n2b53dcb0eee7: Pulling fs layer\n267fcb0a26f6: Pulling fs layer\nfc0342a94c89: Waiting\n2b53dcb0eee7: Waiting\n267fcb0a26f6: Waiting\n275abb2c8a6f: Download complete\nf6d82e297bce: Verifying Checksum\nf6d82e297bce: Download complete\nfc0342a94c89: Verifying Checksum\nfc0342a94c89: Download complete\n9f15a39356d6: Verifying Checksum\n9f15a39356d6: Download complete\n50aff78429b1: Verifying Checksum\n50aff78429b1: Download complete\n50aff78429b1: Pull complete\nf6d82e297bce: Pull complete\n2b53dcb0eee7: Verifying Checksum\n275abb2c8a6f: Pull complete\n9f15a39356d6: Pull complete\nfc0342a94c89: Pull complete\n267fcb0a26f6: Verifying Checksum\n267fcb0a26f6: Download complete\n2b53dcb0eee7: Pull complete\n267fcb0a26f6: Pull complete\nDigest: sha256:0b2ad4a26977a27bedd2cbbae1c8821b3816a7be8b1fb4ad783816be058f8e95\nStatus: Downloaded newer image for swiftdocker/swift:latest\n ---> 466addff05d1\nStep 2/8 : ENV PATH /usr/bin:$PATH\n ---> Running in 5ef13b4f1dcd\nRemoving intermediate container 5ef13b4f1dcd\n ---> c8b62ace1b2d\nStep 3/8 : RUN mkdir -p /vapor\n ---> Running in 31aad4af2e5d\nRemoving intermediate container 31aad4af2e5d\n ---> 7ef0fabbb513\nStep 4/8 : WORKDIR /vapor\nRemoving intermediate container 642a454cbf6c\n ---> d6d26a2464ea\nStep 5/8 : ADD . /vapor\n ---> 5585ec89a12e\nStep 6/8 : RUN swift build\n ---> Running in c06776244eda\nFetching https://github.com/qutheory/vapor.git\n\u001b[91merror: manifest parse error(s):\n/tmp/TemporaryFile.q5ocw9.swift:26:5: error: argument 'targets' must precede argument 'dependencies'\n    targets: [\n~~~~^~~~~~~~~~\n\u001b[0m",
    "raw_stderr_log": "The command '/bin/sh -c swift build' returned a non-zero code: 1",
    "html_url": "https://github.com/BalestraPatrick/EmergencyAPI",
    "repo_commit": "aa88b9d0180aadda750c6caf2a114f68b2911dd9",
    "repo_id": 56611200
  },
  {
    "raw_dockerfile": "FROM swiftdocker/swift:latest\n\nENV PATH /usr/bin:$PATH\n\nRUN mkdir -p /vapor\nWORKDIR /vapor\nADD . /vapor\nRUN swift build\n\nEXPOSE 8080\n\nCMD .build/debug/App",
    "raw_stdout_log": "Sending build context to Docker daemon    640kB\r\r\nStep 1/8 : FROM swiftdocker/swift:latest\nlatest: Pulling from swiftdocker/swift\n50aff78429b1: Pulling fs layer\nf6d82e297bce: Pulling fs layer\n275abb2c8a6f: Pulling fs layer\n9f15a39356d6: Pulling fs layer\nfc0342a94c89: Pulling fs layer\n2b53dcb0eee7: Pulling fs layer\n9f15a39356d6: Waiting\n267fcb0a26f6: Pulling fs layer\n275abb2c8a6f: Download complete\nf6d82e297bce: Verifying Checksum\nf6d82e297bce: Download complete\n9f15a39356d6: Verifying Checksum\n9f15a39356d6: Download complete\nfc0342a94c89: Download complete\n50aff78429b1: Verifying Checksum\n50aff78429b1: Download complete\n50aff78429b1: Pull complete\nf6d82e297bce: Pull complete\n267fcb0a26f6: Verifying Checksum\n267fcb0a26f6: Download complete\n275abb2c8a6f: Pull complete\n2b53dcb0eee7: Verifying Checksum\n2b53dcb0eee7: Download complete\n9f15a39356d6: Pull complete\nfc0342a94c89: Pull complete\n2b53dcb0eee7: Pull complete\n267fcb0a26f6: Pull complete\nDigest: sha256:0b2ad4a26977a27bedd2cbbae1c8821b3816a7be8b1fb4ad783816be058f8e95\nStatus: Downloaded newer image for swiftdocker/swift:latest\n ---> 466addff05d1\nStep 2/8 : ENV PATH /usr/bin:$PATH\n ---> Running in a619d806f333\nRemoving intermediate container a619d806f333\n ---> 3165eb8e22fb\nStep 3/8 : RUN mkdir -p /vapor\n ---> Running in 37dc3e7cc736\nRemoving intermediate container 37dc3e7cc736\n ---> 5ffd791632ef\nStep 4/8 : WORKDIR /vapor\nRemoving intermediate container df8830fd0fc2\n ---> 623e882aea6e\nStep 5/8 : ADD . /vapor\n ---> ffe57b012edf\nStep 6/8 : RUN swift build\n ---> Running in 7a631a0a0637\n\u001b[91merror: manifest parse error(s):\n/tmp/TemporaryFile.VCGfYf.swift:28:5: error: argument 'targets' must precede argument 'dependencies'\n    targets: [\n~~~~^~~~~~~~~~\n\u001b[0mFetching https://github.com/qutheory/vapor.git\nFetching https://github.com/PlanTeam/MongoKitten.git\nFetching https://github.com/zewo/Mustache.git",
    "raw_stderr_log": "The command '/bin/sh -c swift build' returned a non-zero code: 1",
    "html_url": "https://github.com/rosslebeau/bytefish",
    "repo_commit": "ff474849b63eb33fbf95bddac7c3c0c89af8a6e5",
    "repo_id": 58845020
  },
  {
    "raw_dockerfile": "FROM swiftdocker/swift:latest\n\nENV PATH /usr/bin:$PATH\n\nRUN mkdir -p /vapor\nWORKDIR /vapor\nADD . /vapor\nRUN swift build\n\nEXPOSE 8080\n\nCMD .build/debug/App",
    "raw_stdout_log": "Sending build context to Docker daemon  306.7kB\r\r\nStep 1/8 : FROM swiftdocker/swift:latest\nlatest: Pulling from swiftdocker/swift\n50aff78429b1: Pulling fs layer\nf6d82e297bce: Pulling fs layer\n275abb2c8a6f: Pulling fs layer\n9f15a39356d6: Pulling fs layer\nfc0342a94c89: Pulling fs layer\n2b53dcb0eee7: Pulling fs layer\n267fcb0a26f6: Pulling fs layer\nfc0342a94c89: Waiting\n267fcb0a26f6: Waiting\n2b53dcb0eee7: Waiting\n9f15a39356d6: Waiting\nf6d82e297bce: Download complete\n275abb2c8a6f: Verifying Checksum\n275abb2c8a6f: Download complete\n9f15a39356d6: Verifying Checksum\n9f15a39356d6: Download complete\nfc0342a94c89: Download complete\n50aff78429b1: Verifying Checksum\n50aff78429b1: Download complete\n50aff78429b1: Pull complete\nf6d82e297bce: Pull complete\n267fcb0a26f6: Verifying Checksum\n267fcb0a26f6: Download complete\n275abb2c8a6f: Pull complete\n2b53dcb0eee7: Verifying Checksum\n2b53dcb0eee7: Download complete\n9f15a39356d6: Pull complete\nfc0342a94c89: Pull complete\n2b53dcb0eee7: Pull complete\n267fcb0a26f6: Pull complete\nDigest: sha256:0b2ad4a26977a27bedd2cbbae1c8821b3816a7be8b1fb4ad783816be058f8e95\nStatus: Downloaded newer image for swiftdocker/swift:latest\n ---> 466addff05d1\nStep 2/8 : ENV PATH /usr/bin:$PATH\n ---> Running in 9b0454b18cc5\nRemoving intermediate container 9b0454b18cc5\n ---> 52a7c1c61edf\nStep 3/8 : RUN mkdir -p /vapor\n ---> Running in 539e2a38103f\nRemoving intermediate container 539e2a38103f\n ---> 3b2e94c1674c\nStep 4/8 : WORKDIR /vapor\nRemoving intermediate container 1d6f3e2717e7\n ---> f55d5356fefb\nStep 5/8 : ADD . /vapor\n ---> 416405aa37be\nStep 6/8 : RUN swift build\n ---> Running in 3decd515bac0\n\u001b[91merror: manifest parse error(s):\n/tmp/TemporaryFile.4MKdTl.swift:28:5: error: argument 'targets' must precede argument 'dependencies'\n    targets: [\n~~~~^~~~~~~~~~\n\u001b[0mFetching https://github.com/qutheory/vapor.git",
    "raw_stderr_log": "The command '/bin/sh -c swift build' returned a non-zero code: 1",
    "html_url": "https://github.com/missionkao/fb-chatbot-vapor-swift",
    "repo_commit": "861bfb4ccb4026d852154b1cb9b475796a23ffa7",
    "repo_id": 59231425
  },
  {
    "raw_dockerfile": "FROM swift:4.2\n\nRUN apt-get update && apt-get install -y \\\n\tbuild-essential \\\n\tlibserd-dev \\\n\tsqlite3 \\\n\tlibsqlite3-dev \\\n\t&& rm -rf /var/lib/apt/lists/*\n\nRUN mkdir /work\nWORKDIR /work\n\nCOPY Package.swift .\nCOPY Sources Sources\nCOPY Tests Tests\nCOPY rdf-tests rdf-tests\nRUN swift build\n\nENV KINEO_W3C_TEST_PATH /work/rdf-tests\nCMD [\"swift\", \"test\", \"--parallel\"]",
    "raw_stdout_log": "Sending build context to Docker daemon  2.701MB\r\r\nStep 1/11 : FROM swift:4.2\n4.2: Pulling from library/swift\nb5e173e44934: Already exists\n29047100b040: Already exists\n15743a713c2a: Already exists\n4b6bc9e29877: Already exists\nb125f8d2d044: Pulling fs layer\nc04526488707: Pulling fs layer\nc04526488707: Verifying Checksum\nc04526488707: Download complete\nb125f8d2d044: Verifying Checksum\nb125f8d2d044: Download complete\nb125f8d2d044: Pull complete\nc04526488707: Pull complete\nDigest: sha256:a01d5ab899cab508c6a79b1ce0bee06a22f4987c44ab0398ea746c93fdfea2df\nStatus: Downloaded newer image for swift:4.2\n ---> 24fc24f760ee\nStep 2/11 : RUN apt-get update && apt-get install -y \tbuild-essential \tlibserd-dev \tsqlite3 \tlibsqlite3-dev \t&& rm -rf /var/lib/apt/lists/*\n ---> Running in 4588e5fa1b94\nGet:1 http://archive.ubuntu.com/ubuntu xenial InRelease [247 kB]\nGet:2 http://security.ubuntu.com/ubuntu xenial-security InRelease [109 kB]\nGet:3 http://archive.ubuntu.com/ubuntu xenial-updates InRelease [109 kB]\nGet:4 http://security.ubuntu.com/ubuntu xenial-security/main amd64 Packages [1136 kB]\nGet:5 http://archive.ubuntu.com/ubuntu xenial-backports InRelease [107 kB]\nGet:6 http://archive.ubuntu.com/ubuntu xenial/main amd64 Packages [1558 kB]\nGet:7 http://archive.ubuntu.com/ubuntu xenial/restricted amd64 Packages [14.1 kB]\nGet:8 http://archive.ubuntu.com/ubuntu xenial/universe amd64 Packages [9827 kB]\nGet:9 http://security.ubuntu.com/ubuntu xenial-security/restricted amd64 Packages [12.7 kB]\nGet:10 http://security.ubuntu.com/ubuntu xenial-security/universe amd64 Packages [631 kB]\nGet:11 http://security.ubuntu.com/ubuntu xenial-security/multiverse amd64 Packages [6679 B]\nGet:12 http://archive.ubuntu.com/ubuntu xenial/multiverse amd64 Packages [176 kB]\nGet:13 http://archive.ubuntu.com/ubuntu xenial-updates/main amd64 Packages [1500 kB]\nGet:14 http://archive.ubuntu.com/ubuntu xenial-updates/restricted amd64 Packages [13.1 kB]\nGet:15 http://archive.ubuntu.com/ubuntu xenial-updates/universe amd64 Packages [1033 kB]\nGet:16 http://archive.ubuntu.com/ubuntu xenial-updates/multiverse amd64 Packages [19.7 kB]\nGet:17 http://archive.ubuntu.com/ubuntu xenial-backports/main amd64 Packages [7942 B]\nGet:18 http://archive.ubuntu.com/ubuntu xenial-backports/universe amd64 Packages [8807 B]\nFetched 16.5 MB in 3s (4554 kB/s)\nReading package lists...\nReading package lists...\nBuilding dependency tree...\nReading state information...\nbuild-essential is already the newest version (12.1ubuntu2).\nbuild-essential set to manually installed.\nSuggested packages:\n  serdi libserd-doc sqlite3-doc\nThe following NEW packages will be installed:\n  libserd-0-0 libserd-dev libsqlite3-dev sqlite3\n0 upgraded, 4 newly installed, 0 to remove and 8 not upgraded.\nNeed to get 1075 kB of archives.\nAfter this operation, 3825 kB of additional disk space will be used.\nGet:1 http://archive.ubuntu.com/ubuntu xenial/universe amd64 libserd-0-0 amd64 0.22.0~dfsg0-2 [38.3 kB]\nGet:2 http://archive.ubuntu.com/ubuntu xenial/universe amd64 libserd-dev amd64 0.22.0~dfsg0-2 [9432 B]\nGet:3 http://archive.ubuntu.com/ubuntu xenial-updates/main amd64 libsqlite3-dev amd64 3.11.0-1ubuntu1.5 [509 kB]\nGet:4 http://archive.ubuntu.com/ubuntu xenial-updates/main amd64 sqlite3 amd64 3.11.0-1ubuntu1.5 [518 kB]\n\u001b[91mdebconf: delaying package configuration, since apt-utils is not installed\n\u001b[0mFetched 1075 kB in 0s (1251 kB/s)\nSelecting previously unselected package libserd-0-0:amd64.\r\n(Reading database ... \r(Reading database ... 5%\r(Reading database ... 10%\r(Reading database ... 15%\r(Reading database ... 20%\r(Reading database ... 25%\r(Reading database ... 30%\r(Reading database ... 35%\r(Reading database ... 40%\r(Reading database ... 45%\r(Reading database ... 50%\r(Reading database ... 55%\r(Reading database ... 60%\r(Reading database ... 65%\r(Reading database ... 70%\r(Reading database ... 75%\r(Reading database ... 80%\r(Reading database ... 85%\r(Reading database ... 90%\r(Reading database ... 95%\r(Reading database ... 100%\r(Reading database ... 21173 files and directories currently installed.)\r\nPreparing to unpack .../libserd-0-0_0.22.0~dfsg0-2_amd64.deb ...\r\nUnpacking libserd-0-0:amd64 (0.22.0~dfsg0-2) ...\r\nSelecting previously unselected package libserd-dev:amd64.\r\nPreparing to unpack .../libserd-dev_0.22.0~dfsg0-2_amd64.deb ...\r\nUnpacking libserd-dev:amd64 (0.22.0~dfsg0-2) ...\r\nSelecting previously unselected package libsqlite3-dev:amd64.\r\nPreparing to unpack .../libsqlite3-dev_3.11.0-1ubuntu1.5_amd64.deb ...\r\nUnpacking libsqlite3-dev:amd64 (3.11.0-1ubuntu1.5) ...\r\nSelecting previously unselected package sqlite3.\r\nPreparing to unpack .../sqlite3_3.11.0-1ubuntu1.5_amd64.deb ...\r\nUnpacking sqlite3 (3.11.0-1ubuntu1.5) ...\r\nProcessing triggers for libc-bin (2.23-0ubuntu11) ...\r\nSetting up libserd-0-0:amd64 (0.22.0~dfsg0-2) ...\r\nSetting up libserd-dev:amd64 (0.22.0~dfsg0-2) ...\r\nSetting up libsqlite3-dev:amd64 (3.11.0-1ubuntu1.5) ...\r\nSetting up sqlite3 (3.11.0-1ubuntu1.5) ...\r\nProcessing triggers for libc-bin (2.23-0ubuntu11) ...\r\nRemoving intermediate container 4588e5fa1b94\n ---> c6bc2691594f\nStep 3/11 : RUN mkdir /work\n ---> Running in 0426a23f6277\nRemoving intermediate container 0426a23f6277\n ---> 0020994b9b17\nStep 4/11 : WORKDIR /work\nRemoving intermediate container ee3e4b5a3e74\n ---> 9e755cb02d3b\nStep 5/11 : COPY Package.swift .\n ---> 430abe3bb719\nStep 6/11 : COPY Sources Sources\n ---> eff645743a59\nStep 7/11 : COPY Tests Tests\n ---> 5fbaf1ff0968\nStep 8/11 : COPY rdf-tests rdf-tests\n ---> 48001eb1c693\nStep 9/11 : RUN swift build\n ---> Running in db91f503b47b\nFetching https://github.com/kasei/swift-sparql-syntax.git\nFetching https://github.com/kasei/swift-serd.git\nFetching https://github.com/krzyzanowskim/CryptoSwift.git\nFetching https://github.com/kasei/URITemplate.git\nFetching https://github.com/stephencelis/SQLite.swift.git\nFetching https://github.com/kylef/Spectre\nFetching https://github.com/kylef/PathKit\nFetching https://github.com/stephencelis/CSQLite.git\n\u001b[91mCompleted resolution in 4.97s\n\u001b[0mCloning https://github.com/kasei/swift-sparql-syntax.git\nResolving https://github.com/kasei/swift-sparql-syntax.git at 0.0.109\nCloning https://github.com/kylef/PathKit\nResolving https://github.com/kylef/PathKit at 0.9.2\nCloning https://github.com/stephencelis/SQLite.swift.git\nResolving https://github.com/stephencelis/SQLite.swift.git at 0.11.6\nCloning https://github.com/stephencelis/CSQLite.git\nResolving https://github.com/stephencelis/CSQLite.git at 0.0.3\nCloning https://github.com/kasei/URITemplate.git\nResolving https://github.com/kasei/URITemplate.git at 2.0.10\nCloning https://github.com/krzyzanowskim/CryptoSwift.git\nResolving https://github.com/krzyzanowskim/CryptoSwift.git at 1.0.0\nCloning https://github.com/kylef/Spectre\nResolving https://github.com/kylef/Spectre at 0.9.0\nCloning https://github.com/kasei/swift-serd.git\nResolving https://github.com/kasei/swift-serd.git at 0.0.3\nCompile Swift Module 'PathKit' (1 sources)\nCompile Swift Module 'SPARQLSyntax' (15 sources)\nCompile Swift Module 'SQLite' (20 sources)\nCompile Swift Module 'CryptoSwift' (75 sources)\nCompile Swift Module 'URITemplate' (1 sources)\n/work/.build/checkouts/swift-sparql-syntax.git-1414714168059319897/Sources/SPARQLSyntax/Query.swift:257:29: error: use of undeclared type 'Self'\n    public func join(_ rhs: Self<T>) -> Self<T>? {\n                            ^~~~\n/work/.build/checkouts/swift-sparql-syntax.git-1414714168059319897/Sources/SPARQLSyntax/Query.swift:257:41: error: use of undeclared type 'Self'\n    public func join(_ rhs: Self<T>) -> Self<T>? {\n                                        ^~~~\n/work/.build/checkouts/swift-sparql-syntax.git-1414714168059319897/Sources/SPARQLSyntax/Query.swift:274:54: error: use of undeclared type 'Self'\n    public func projected(variables: Set<String>) -> Self<T> {\n                                                     ^~~~\n/work/.build/checkouts/swift-sparql-syntax.git-1414714168059319897/Sources/SPARQLSyntax/Query.swift:320:64: error: use of undeclared type 'Self'\n    public func extended(variable: String, value: TermType) -> Self<T>? {\n                                                               ^~~~\n/work/.build/checkouts/swift-sparql-syntax.git-1414714168059319897/Sources/SPARQLSyntax/Query.swift:348:53: error: use of undeclared type 'Self'\n    public func removing(variables: Set<String>) -> Self<T> {\n                                                    ^~~~\n/work/.build/checkouts/swift-sparql-syntax.git-1414714168059319897/Sources/SPARQLSyntax/Query.swift:269:22: error: use of unresolved identifier 'Self'\n        let result = Self(bindings: b)\n                     ^~~~\n/work/.build/checkouts/swift-sparql-syntax.git-1414714168059319897/Sources/SPARQLSyntax/Query.swift:269:22: note: did you mean 'self'?\n        let result = Self(bindings: b)\n                     ^~~~\n                     self\nSwiftGlibc.ceilf:1:13: note: did you mean 'ceilf'?\npublic func ceilf(_ __x: Float) -> Float\n            ^\nSwiftGlibc.feof:1:13: note: did you mean 'feof'?\npublic func feof(_ __stream: UnsafeMutablePointer<FILE>!) -> Int32\n            ^\nSwiftGlibc.leaf:1:12: note: did you mean 'leaf'?\npublic var leaf: VISIT { get }\n           ^\n/work/.build/checkouts/SQLite.swift.git-6468461557782032087/Sources/SQLite/Foundation.swift:38:34: error: 'UnsafeRawBufferPointer' is not convertible to 'UnsafePointer<_>'\n        return withUnsafeBytes { (pointer: UnsafeRawBufferPointer) -> Blob in\n                                 ^\n\u001b[91merror: \u001b[0m\u001b[91mterminated(1): /usr/bin/swift-build-tool -f /work/.build/debug.yaml main output:\n    \n\n\u001b[0m",
    "raw_stderr_log": "The command '/bin/sh -c swift build' returned a non-zero code: 1",
    "html_url": "https://github.com/kasei/kineo",
    "repo_commit": "e33351f0bcddbcbae2b6da2650a365585f23209a",
    "repo_id": 65223723
  },
  {
    "raw_dockerfile": "FROM ibmcom/swift-ubuntu:latest\n\nLABEL name \"now-swift-example\"\n\nRUN mkdir /app\nWORKDIR /app\nCOPY Package.swift /app\nCOPY Sources /app\nCOPY .swift-version /app\nRUN swift build\n\nEXPOSE 3000\n\nUSER root\n\nCMD [\".build/debug/app\"]",
    "raw_stdout_log": "Sending build context to Docker daemon  57.86kB\r\r\nStep 1/11 : FROM ibmcom/swift-ubuntu:latest\nlatest: Pulling from ibmcom/swift-ubuntu\na7344f52cb74: Pulling fs layer\n515c9bb51536: Pulling fs layer\ne1eabe0537eb: Pulling fs layer\n4701f1215c13: Pulling fs layer\n486e42e95a29: Pulling fs layer\nf9cdf31e7fc5: Pulling fs layer\n2dfae3512c88: Pulling fs layer\n11c7d5f1e90b: Pulling fs layer\n00f4e11a9833: Pulling fs layer\n486e42e95a29: Waiting\nf9cdf31e7fc5: Waiting\n4701f1215c13: Waiting\n2dfae3512c88: Waiting\n515c9bb51536: Verifying Checksum\n515c9bb51536: Download complete\ne1eabe0537eb: Download complete\n4701f1215c13: Download complete\n486e42e95a29: Download complete\na7344f52cb74: Download complete\n11c7d5f1e90b: Verifying Checksum\n11c7d5f1e90b: Download complete\n00f4e11a9833: Download complete\nf9cdf31e7fc5: Verifying Checksum\nf9cdf31e7fc5: Download complete\n2dfae3512c88: Verifying Checksum\n2dfae3512c88: Download complete\na7344f52cb74: Pull complete\n515c9bb51536: Pull complete\ne1eabe0537eb: Pull complete\n4701f1215c13: Pull complete\n486e42e95a29: Pull complete\nf9cdf31e7fc5: Pull complete\n2dfae3512c88: Pull complete\n11c7d5f1e90b: Pull complete\n00f4e11a9833: Pull complete\nDigest: sha256:4d65c2b256282f81cc026aec1ffd57794fa55837b95912addb1962035a71c1e6\nStatus: Downloaded newer image for ibmcom/swift-ubuntu:latest\n ---> 702f992d42de\nStep 2/11 : LABEL name \"now-swift-example\"\n ---> Running in 1c43a3a9fd88\nRemoving intermediate container 1c43a3a9fd88\n ---> 56e530ee991d\nStep 3/11 : RUN mkdir /app\n ---> Running in e47bc84d4de3\nRemoving intermediate container e47bc84d4de3\n ---> 28a3e7f7d59c\nStep 4/11 : WORKDIR /app\nRemoving intermediate container 0182f1f9694c\n ---> 2b39e5fec472\nStep 5/11 : COPY Package.swift /app\n ---> d9adf93db4b2\nStep 6/11 : COPY Sources /app\n ---> 267a3f0cbc65\nStep 7/11 : COPY .swift-version /app\n ---> 32ba98bed9bf\nStep 8/11 : RUN swift build\n ---> Running in b76f29b367eb\n\u001b[91m/app: error: package at '/app' is using Swift tools version 3.1.0 which is no longer supported; use 4.0.0 or newer instead\n\u001b[0m",
    "raw_stderr_log": "The command '/bin/sh -c swift build' returned a non-zero code: 1",
    "html_url": "https://github.com/aranajhonny/now-swift-example",
    "repo_commit": "2fc7041219fa151f5f8ba315ffcda28bd5fcd0cb",
    "repo_id": 84489432
  }
]