[
  {
    "raw_dockerfile": "# Need to use an Alpine image that has python 3.5, since WAL-E doesn't\n# work well with newer Pythons\nFROM alpine:3.5\n\n# Add run dependencies in its own layer\nRUN apk add --no-cache --virtual .run-deps python3 lzo curl pv postgresql-client\n\nCOPY requirements.txt /\nRUN apk add --no-cache --virtual .build-deps gcc libc-dev lzo-dev python3-dev && \\\n    python3 -m pip install --no-cache-dir -r requirements.txt && \\\n    apk del .build-deps\n\nCOPY src/wale-rest.py .\nCOPY run.sh /\n\nCMD [ \"/run.sh\" ]",
    "raw_stdout_log": "Sending build context to Docker daemon  95.23kB\r\r\nStep 1/7 : FROM alpine:3.5\n3.5: Pulling from library/alpine\n8cae0e1ac61c: Pulling fs layer\n8cae0e1ac61c: Waiting\n8cae0e1ac61c: Verifying Checksum\n8cae0e1ac61c: Download complete\n8cae0e1ac61c: Pull complete\nDigest: sha256:66952b313e51c3bd1987d7c4ddf5dba9bc0fb6e524eed2448fa660246b3e76ec\nStatus: Downloaded newer image for alpine:3.5\n ---> f80194ae2e0c\nStep 2/7 : RUN apk add --no-cache --virtual .run-deps python3 lzo curl pv postgresql-client\n ---> Running in 1868cda15c04\nfetch http://dl-cdn.alpinelinux.org/alpine/v3.5/main/x86_64/APKINDEX.tar.gz\nfetch http://dl-cdn.alpinelinux.org/alpine/v3.5/community/x86_64/APKINDEX.tar.gz\n(1/24) Installing libbz2 (1.0.6-r5)\n(2/24) Installing expat (2.2.0-r1)\n(3/24) Installing libffi (3.2.1-r2)\n(4/24) Installing gdbm (1.12-r0)\n(5/24) Installing xz-libs (5.2.2-r1)\n(6/24) Installing ncurses-terminfo-base (6.0_p20171125-r1)\n(7/24) Installing ncurses-terminfo (6.0_p20171125-r1)\n(8/24) Installing ncurses-libs (6.0_p20171125-r1)\n(9/24) Installing readline (6.3.008-r4)\n(10/24) Installing sqlite-libs (3.15.2-r2)\n(11/24) Installing python3 (3.5.6-r0)\n(12/24) Installing lzo (2.09-r1)\n(13/24) Installing ca-certificates (20161130-r1)\n(14/24) Installing libssh2 (1.7.0-r2)\n(15/24) Installing libcurl (7.61.1-r1)\n(16/24) Installing curl (7.61.1-r1)\n(17/24) Installing pv (1.6.0-r1)\n(18/24) Installing libedit (20150325.3.1-r3)\n(19/24) Installing db (5.3.28-r0)\n(20/24) Installing libsasl (2.1.26-r8)\n(21/24) Installing libldap (2.4.44-r4)\n(22/24) Installing libpq (9.6.10-r0)\n(23/24) Installing postgresql-client (9.6.10-r0)\n(24/24) Installing .run-deps (0)\nExecuting busybox-1.25.1-r2.trigger\nExecuting ca-certificates-20161130-r1.trigger\nOK: 75 MiB in 35 packages\nRemoving intermediate container 1868cda15c04\n ---> 6bb4f7e87f85\nStep 3/7 : COPY requirements.txt /\n ---> e2d2056e029f\nStep 4/7 : RUN apk add --no-cache --virtual .build-deps gcc libc-dev lzo-dev python3-dev &&     python3 -m pip install --no-cache-dir -r requirements.txt &&     apk del .build-deps\n ---> Running in 283a4e24956b\nfetch http://dl-cdn.alpinelinux.org/alpine/v3.5/main/x86_64/APKINDEX.tar.gz\nfetch http://dl-cdn.alpinelinux.org/alpine/v3.5/community/x86_64/APKINDEX.tar.gz\n(1/17) Installing binutils-libs (2.27-r1)\n(2/17) Installing binutils (2.27-r1)\n(3/17) Installing gmp (6.1.1-r0)\n(4/17) Installing isl (0.17.1-r0)\n(5/17) Installing libgomp (6.2.1-r1)\n(6/17) Installing libatomic (6.2.1-r1)\n(7/17) Installing pkgconf (1.0.2-r0)\n(8/17) Installing libgcc (6.2.1-r1)\n(9/17) Installing mpfr3 (3.1.5-r0)\n(10/17) Installing mpc1 (1.0.3-r0)\n(11/17) Installing libstdc++ (6.2.1-r1)\n(12/17) Installing gcc (6.2.1-r1)\n(13/17) Installing musl-dev (1.1.15-r8)\n(14/17) Installing libc-dev (0.7-r1)\n(15/17) Installing lzo-dev (2.09-r1)\n(16/17) Installing python3-dev (3.5.6-r0)\n(17/17) Installing .build-deps (0)\nExecuting busybox-1.25.1-r2.trigger\nOK: 181 MiB in 52 packages\nCollecting flask (from -r requirements.txt (line 1))\n  Downloading https://files.pythonhosted.org/packages/f2/28/2a03252dfb9ebf377f40fba6a7841b47083260bf8bd8e737b0c6952df83f/Flask-1.1.2-py2.py3-none-any.whl (94kB)\nCollecting wal-e==1.1.0 (from -r requirements.txt (line 2))\n  Downloading https://files.pythonhosted.org/packages/d6/73/b210a8900d4fc8ef4e5b919f96358cdddcb2b909fcd81bf673b3c7f08aa6/wal-e-1.1.0.tar.gz (92kB)\nCollecting boto==2.42.0 (from -r requirements.txt (line 3))\n  Downloading https://files.pythonhosted.org/packages/bb/89/ea1b2239aa6dfc94629438901d2e5b1a7ccf16b3b0a87f1e9e69fb24084d/boto-2.42.0-py2.py3-none-any.whl (1.3MB)\nCollecting Jinja2>=2.10.1 (from flask->-r requirements.txt (line 1))\n  Downloading https://files.pythonhosted.org/packages/30/9e/f663a2aa66a09d838042ae1a2c5659828bb9b41ea3a6efa20a20fd92b121/Jinja2-2.11.2-py2.py3-none-any.whl (125kB)\nCollecting itsdangerous>=0.24 (from flask->-r requirements.txt (line 1))\n  Downloading https://files.pythonhosted.org/packages/76/ae/44b03b253d6fade317f32c24d100b3b35c2239807046a4c953c7b89fa49e/itsdangerous-1.1.0-py2.py3-none-any.whl\nCollecting Werkzeug>=0.15 (from flask->-r requirements.txt (line 1))\n  Downloading https://files.pythonhosted.org/packages/cc/94/5f7079a0e00bd6863ef8f1da638721e9da21e5bacee597595b318f71d62e/Werkzeug-1.0.1-py2.py3-none-any.whl (298kB)\nCollecting click>=5.1 (from flask->-r requirements.txt (line 1))\n  Downloading https://files.pythonhosted.org/packages/d2/3d/fa76db83bf75c4f8d338c2fd15c8d33fdd7ad23a9b5e57eb6c5de26b430e/click-7.1.2-py2.py3-none-any.whl (82kB)\nCollecting gevent>=1.1.1 (from wal-e==1.1.0->-r requirements.txt (line 2))\n  Downloading https://files.pythonhosted.org/packages/8e/f3/434c06bd285ce52a859a7239b7f03d8e02d49f4f39c7cc25536f39d7e4b1/gevent-20.6.2.tar.gz (5.8MB)\n\u001b[91m  Ignoring cffi: markers 'platform_python_implementation == \"CPython\" and sys_platform == \"win32\"' don't match your environment\n\u001b[0mCollecting MarkupSafe>=0.23 (from Jinja2>=2.10.1->flask->-r requirements.txt (line 1))\n  Downloading https://files.pythonhosted.org/packages/b9/2e/64db92e53b86efccfaea71321f597fa2e1b2bd3853d8ce658568f7a13094/MarkupSafe-1.1.1.tar.gz\nCollecting greenlet>=0.4.16; platform_python_implementation == \"CPython\" (from gevent>=1.1.1->wal-e==1.1.0->-r requirements.txt (line 2))\n  Downloading https://files.pythonhosted.org/packages/20/5e/b989a19f4597b825f44125345cd8a8574216fae7fafe69e2cb1238ebd18a/greenlet-0.4.16.tar.gz (60kB)\nCollecting zope.event (from gevent>=1.1.1->wal-e==1.1.0->-r requirements.txt (line 2))\n  Downloading https://files.pythonhosted.org/packages/c5/96/361edb421a077a4c208b4a5c212737d78ae03ce67fbbcd01621c49f332d1/zope.event-4.4-py2.py3-none-any.whl\nCollecting zope.interface (from gevent>=1.1.1->wal-e==1.1.0->-r requirements.txt (line 2))\n  Downloading https://files.pythonhosted.org/packages/af/d2/9675302d7ced7ec721481f4bbecd28a390a8db4ff753d28c64057b975396/zope.interface-5.1.0.tar.gz (225kB)\nRequirement already satisfied: setuptools in /usr/lib/python3.5/site-packages (from gevent>=1.1.1->wal-e==1.1.0->-r requirements.txt (line 2))\nInstalling collected packages: MarkupSafe, Jinja2, itsdangerous, Werkzeug, click, flask, greenlet, zope.event, zope.interface, gevent, wal-e, boto\n  Running setup.py install for MarkupSafe: started\n    Running setup.py install for MarkupSafe: finished with status 'done'\n  Running setup.py install for greenlet: started\n    Running setup.py install for greenlet: finished with status 'done'\n  Running setup.py install for zope.interface: started\n    Running setup.py install for zope.interface: finished with status 'done'\n  Running setup.py install for gevent: started\n    Running setup.py install for gevent: finished with status 'error'\n    Complete output from command /usr/bin/python3 -u -c \"import setuptools, tokenize;__file__='/tmp/pip-build-dy643sf8/gevent/setup.py';f=getattr(tokenize, 'open', open)(__file__);code=f.read().replace('\\r\\n', '\\n');f.close();exec(compile(code, __file__, 'exec'))\" install --record /tmp/pip-o06i774l-record/install-record.txt --single-version-externally-managed --compile:\n    /usr/lib/python3.5/distutils/dist.py:261: UserWarning: Unknown distribution option: 'project_urls'\n      warnings.warn(msg)\n    /usr/lib/python3.5/distutils/dist.py:261: UserWarning: Unknown distribution option: 'cffi_modules'\n      warnings.warn(msg)\n    running install\n    running build\n    running build_py\n    creating build\n    creating build/lib.linux-x86_64-3.5\n    creating build/lib.linux-x86_64-3.5/gevent\n    copying src/gevent/__init__.py -> build/lib.linux-x86_64-3.5/gevent\n    copying src/gevent/_abstract_linkable.py -> build/lib.linux-x86_64-3.5/gevent\n    copying src/gevent/_compat.py -> build/lib.linux-x86_64-3.5/gevent\n    copying src/gevent/_config.py -> build/lib.linux-x86_64-3.5/gevent\n    copying src/gevent/_fileobjectcommon.py -> build/lib.linux-x86_64-3.5/gevent\n    copying src/gevent/_fileobjectposix.py -> build/lib.linux-x86_64-3.5/gevent\n    copying src/gevent/_greenlet_primitives.py -> build/lib.linux-x86_64-3.5/gevent\n    copying src/gevent/_hub_local.py -> build/lib.linux-x86_64-3.5/gevent\n    copying src/gevent/_hub_primitives.py -> build/lib.linux-x86_64-3.5/gevent\n    copying src/gevent/_ident.py -> build/lib.linux-x86_64-3.5/gevent\n    copying src/gevent/_imap.py -> build/lib.linux-x86_64-3.5/gevent\n    copying src/gevent/_interfaces.py -> build/lib.linux-x86_64-3.5/gevent\n    copying src/gevent/_monitor.py -> build/lib.linux-x86_64-3.5/gevent\n    copying src/gevent/_patcher.py -> build/lib.linux-x86_64-3.5/gevent\n    copying src/gevent/_semaphore.py -> build/lib.linux-x86_64-3.5/gevent\n    copying src/gevent/_socket2.py -> build/lib.linux-x86_64-3.5/gevent\n    copying src/gevent/_socket3.py -> build/lib.linux-x86_64-3.5/gevent\n    copying src/gevent/_socketcommon.py -> build/lib.linux-x86_64-3.5/gevent\n    copying src/gevent/_ssl2.py -> build/lib.linux-x86_64-3.5/gevent\n    copying src/gevent/_ssl3.py -> build/lib.linux-x86_64-3.5/gevent\n    copying src/gevent/_sslgte279.py -> build/lib.linux-x86_64-3.5/gevent\n    copying src/gevent/_tblib.py -> build/lib.linux-x86_64-3.5/gevent\n    copying src/gevent/_threading.py -> build/lib.linux-x86_64-3.5/gevent\n    copying src/gevent/_tracer.py -> build/lib.linux-x86_64-3.5/gevent\n    copying src/gevent/_util.py -> build/lib.linux-x86_64-3.5/gevent\n    copying src/gevent/_util_py2.py -> build/lib.linux-x86_64-3.5/gevent\n    copying src/gevent/_waiter.py -> build/lib.linux-x86_64-3.5/gevent\n    copying src/gevent/ares.py -> build/lib.linux-x86_64-3.5/gevent\n    copying src/gevent/backdoor.py -> build/lib.linux-x86_64-3.5/gevent\n    copying src/gevent/baseserver.py -> build/lib.linux-x86_64-3.5/gevent\n    copying src/gevent/builtins.py -> build/lib.linux-x86_64-3.5/gevent\n    copying src/gevent/contextvars.py -> build/lib.linux-x86_64-3.5/gevent\n    copying src/gevent/core.py -> build/lib.linux-x86_64-3.5/gevent\n    copying src/gevent/event.py -> build/lib.linux-x86_64-3.5/gevent\n    copying src/gevent/events.py -> build/lib.linux-x86_64-3.5/gevent\n    copying src/gevent/exceptions.py -> build/lib.linux-x86_64-3.5/gevent\n    copying src/gevent/fileobject.py -> build/lib.linux-x86_64-3.5/gevent\n    copying src/gevent/greenlet.py -> build/lib.linux-x86_64-3.5/gevent\n    copying src/gevent/hub.py -> build/lib.linux-x86_64-3.5/gevent\n    copying src/gevent/local.py -> build/lib.linux-x86_64-3.5/gevent\n    copying src/gevent/lock.py -> build/lib.linux-x86_64-3.5/gevent\n    copying src/gevent/monkey.py -> build/lib.linux-x86_64-3.5/gevent\n    copying src/gevent/os.py -> build/lib.linux-x86_64-3.5/gevent\n    copying src/gevent/pool.py -> build/lib.linux-x86_64-3.5/gevent\n    copying src/gevent/pywsgi.py -> build/lib.linux-x86_64-3.5/gevent\n    copying src/gevent/queue.py -> build/lib.linux-x86_64-3.5/gevent\n    copying src/gevent/resolver_ares.py -> build/lib.linux-x86_64-3.5/gevent\n    copying src/gevent/resolver_thread.py -> build/lib.linux-x86_64-3.5/gevent\n    copying src/gevent/select.py -> build/lib.linux-x86_64-3.5/gevent\n    copying src/gevent/selectors.py -> build/lib.linux-x86_64-3.5/gevent\n    copying src/gevent/server.py -> build/lib.linux-x86_64-3.5/gevent\n    copying src/gevent/signal.py -> build/lib.linux-x86_64-3.5/gevent\n    copying src/gevent/socket.py -> build/lib.linux-x86_64-3.5/gevent\n    copying src/gevent/ssl.py -> build/lib.linux-x86_64-3.5/gevent\n    copying src/gevent/subprocess.py -> build/lib.linux-x86_64-3.5/gevent\n    copying src/gevent/thread.py -> build/lib.linux-x86_64-3.5/gevent\n    copying src/gevent/threading.py -> build/lib.linux-x86_64-3.5/gevent\n    copying src/gevent/threadpool.py -> build/lib.linux-x86_64-3.5/gevent\n    copying src/gevent/time.py -> build/lib.linux-x86_64-3.5/gevent\n    copying src/gevent/timeout.py -> build/lib.linux-x86_64-3.5/gevent\n    copying src/gevent/util.py -> build/lib.linux-x86_64-3.5/gevent\n    copying src/gevent/win32util.py -> build/lib.linux-x86_64-3.5/gevent\n    creating build/lib.linux-x86_64-3.5/gevent/_ffi\n    copying src/gevent/_ffi/__init__.py -> build/lib.linux-x86_64-3.5/gevent/_ffi\n    copying src/gevent/_ffi/callback.py -> build/lib.linux-x86_64-3.5/gevent/_ffi\n    copying src/gevent/_ffi/loop.py -> build/lib.linux-x86_64-3.5/gevent/_ffi\n    copying src/gevent/_ffi/watcher.py -> build/lib.linux-x86_64-3.5/gevent/_ffi\n    creating build/lib.linux-x86_64-3.5/gevent/libev\n    copying src/gevent/libev/__init__.py -> build/lib.linux-x86_64-3.5/gevent/libev\n    copying src/gevent/libev/_corecffi_build.py -> build/lib.linux-x86_64-3.5/gevent/libev\n    copying src/gevent/libev/corecffi.py -> build/lib.linux-x86_64-3.5/gevent/libev\n    copying src/gevent/libev/watcher.py -> build/lib.linux-x86_64-3.5/gevent/libev\n    creating build/lib.linux-x86_64-3.5/gevent/libuv\n    copying src/gevent/libuv/__init__.py -> build/lib.linux-x86_64-3.5/gevent/libuv\n    copying src/gevent/libuv/_corecffi_build.py -> build/lib.linux-x86_64-3.5/gevent/libuv\n    copying src/gevent/libuv/loop.py -> build/lib.linux-x86_64-3.5/gevent/libuv\n    copying src/gevent/libuv/watcher.py -> build/lib.linux-x86_64-3.5/gevent/libuv\n    creating build/lib.linux-x86_64-3.5/gevent/resolver\n    copying src/gevent/resolver/__init__.py -> build/lib.linux-x86_64-3.5/gevent/resolver\n    copying src/gevent/resolver/_addresses.py -> build/lib.linux-x86_64-3.5/gevent/resolver\n    copying src/gevent/resolver/_hostsfile.py -> build/lib.linux-x86_64-3.5/gevent/resolver\n    copying src/gevent/resolver/ares.py -> build/lib.linux-x86_64-3.5/gevent/resolver\n    copying src/gevent/resolver/blocking.py -> build/lib.linux-x86_64-3.5/gevent/resolver\n    copying src/gevent/resolver/dnspython.py -> build/lib.linux-x86_64-3.5/gevent/resolver\n    copying src/gevent/resolver/thread.py -> build/lib.linux-x86_64-3.5/gevent/resolver\n    creating build/lib.linux-x86_64-3.5/gevent/testing\n    copying src/gevent/testing/__init__.py -> build/lib.linux-x86_64-3.5/gevent/testing\n    copying src/gevent/testing/errorhandler.py -> build/lib.linux-x86_64-3.5/gevent/testing\n    copying src/gevent/testing/exception.py -> build/lib.linux-x86_64-3.5/gevent/testing\n    copying src/gevent/testing/flaky.py -> build/lib.linux-x86_64-3.5/gevent/testing\n    copying src/gevent/testing/hub.py -> build/lib.linux-x86_64-3.5/gevent/testing\n    copying src/gevent/testing/leakcheck.py -> build/lib.linux-x86_64-3.5/gevent/testing\n    copying src/gevent/testing/modules.py -> build/lib.linux-x86_64-3.5/gevent/testing\n    copying src/gevent/testing/monkey_test.py -> build/lib.linux-x86_64-3.5/gevent/testing\n    copying src/gevent/testing/openfiles.py -> build/lib.linux-x86_64-3.5/gevent/testing\n    copying src/gevent/testing/params.py -> build/lib.linux-x86_64-3.5/gevent/testing\n    copying src/gevent/testing/patched_tests_setup.py -> build/lib.linux-x86_64-3.5/gevent/testing\n    copying src/gevent/testing/resources.py -> build/lib.linux-x86_64-3.5/gevent/testing\n    copying src/gevent/testing/six.py -> build/lib.linux-x86_64-3.5/gevent/testing\n    copying src/gevent/testing/skipping.py -> build/lib.linux-x86_64-3.5/gevent/testing\n    copying src/gevent/testing/sockets.py -> build/lib.linux-x86_64-3.5/gevent/testing\n    copying src/gevent/testing/support.py -> build/lib.linux-x86_64-3.5/gevent/testing\n    copying src/gevent/testing/switching.py -> build/lib.linux-x86_64-3.5/gevent/testing\n    copying src/gevent/testing/sysinfo.py -> build/lib.linux-x86_64-3.5/gevent/testing\n    copying src/gevent/testing/testcase.py -> build/lib.linux-x86_64-3.5/gevent/testing\n    copying src/gevent/testing/testrunner.py -> build/lib.linux-x86_64-3.5/gevent/testing\n    copying src/gevent/testing/timing.py -> build/lib.linux-x86_64-3.5/gevent/testing\n    copying src/gevent/testing/travis.py -> build/lib.linux-x86_64-3.5/gevent/testing\n    copying src/gevent/testing/util.py -> build/lib.linux-x86_64-3.5/gevent/testing\n    creating build/lib.linux-x86_64-3.5/gevent/tests\n    copying src/gevent/tests/__init__.py -> build/lib.linux-x86_64-3.5/gevent/tests\n    copying src/gevent/tests/__main__.py -> build/lib.linux-x86_64-3.5/gevent/tests\n    copying src/gevent/tests/_blocks_at_top_level.py -> build/lib.linux-x86_64-3.5/gevent/tests\n    copying src/gevent/tests/_import_import_patch.py -> build/lib.linux-x86_64-3.5/gevent/tests\n    copying src/gevent/tests/_import_patch.py -> build/lib.linux-x86_64-3.5/gevent/tests\n    copying src/gevent/tests/_import_wait.py -> build/lib.linux-x86_64-3.5/gevent/tests\n    copying src/gevent/tests/_imports_at_top_level.py -> build/lib.linux-x86_64-3.5/gevent/tests\n    copying src/gevent/tests/_imports_imports_at_top_level.py -> build/lib.linux-x86_64-3.5/gevent/tests\n    copying src/gevent/tests/getaddrinfo_module.py -> build/lib.linux-x86_64-3.5/gevent/tests\n    copying src/gevent/tests/known_failures.py -> build/lib.linux-x86_64-3.5/gevent/tests\n    copying src/gevent/tests/lock_tests.py -> build/lib.linux-x86_64-3.5/gevent/tests\n    copying src/gevent/tests/test__GreenletExit.py -> build/lib.linux-x86_64-3.5/gevent/tests\n    copying src/gevent/tests/test___config.py -> build/lib.linux-x86_64-3.5/gevent/tests\n    copying src/gevent/tests/test___ident.py -> build/lib.linux-x86_64-3.5/gevent/tests\n    copying src/gevent/tests/test___monitor.py -> build/lib.linux-x86_64-3.5/gevent/tests\n    copying src/gevent/tests/test___monkey_patching.py -> build/lib.linux-x86_64-3.5/gevent/tests\n    copying src/gevent/tests/test__all__.py -> build/lib.linux-x86_64-3.5/gevent/tests\n    copying src/gevent/tests/test__api.py -> build/lib.linux-x86_64-3.5/gevent/tests\n    copying src/gevent/tests/test__api_timeout.py -> build/lib.linux-x86_64-3.5/gevent/tests\n    copying src/gevent/tests/test__ares_host_result.py -> build/lib.linux-x86_64-3.5/gevent/tests\n    copying src/gevent/tests/test__ares_timeout.py -> build/lib.linux-x86_64-3.5/gevent/tests\n    copying src/gevent/tests/test__backdoor.py -> build/lib.linux-x86_64-3.5/gevent/tests\n    copying src/gevent/tests/test__close_backend_fd.py -> build/lib.linux-x86_64-3.5/gevent/tests\n    copying src/gevent/tests/test__compat.py -> build/lib.linux-x86_64-3.5/gevent/tests\n    copying src/gevent/tests/test__core.py -> build/lib.linux-x86_64-3.5/gevent/tests\n    copying src/gevent/tests/test__core_async.py -> build/lib.linux-x86_64-3.5/gevent/tests\n    copying src/gevent/tests/test__core_callback.py -> build/lib.linux-x86_64-3.5/gevent/tests\n    copying src/gevent/tests/test__core_fork.py -> build/lib.linux-x86_64-3.5/gevent/tests\n    copying src/gevent/tests/test__core_loop_run.py -> build/lib.linux-x86_64-3.5/gevent/tests\n    copying src/gevent/tests/test__core_stat.py -> build/lib.linux-x86_64-3.5/gevent/tests\n    copying src/gevent/tests/test__core_timer.py -> build/lib.linux-x86_64-3.5/gevent/tests\n    copying src/gevent/tests/test__core_watcher.py -> build/lib.linux-x86_64-3.5/gevent/tests\n    copying src/gevent/tests/test__destroy.py -> build/lib.linux-x86_64-3.5/gevent/tests\n    copying src/gevent/tests/test__destroy_default_loop.py -> build/lib.linux-x86_64-3.5/gevent/tests\n    copying src/gevent/tests/test__doctests.py -> build/lib.linux-x86_64-3.5/gevent/tests\n    copying src/gevent/tests/test__environ.py -> build/lib.linux-x86_64-3.5/gevent/tests\n    copying src/gevent/tests/test__event.py -> build/lib.linux-x86_64-3.5/gevent/tests\n    copying src/gevent/tests/test__events.py -> build/lib.linux-x86_64-3.5/gevent/tests\n    copying src/gevent/tests/test__example_echoserver.py -> build/lib.linux-x86_64-3.5/gevent/tests\n    copying src/gevent/tests/test__example_portforwarder.py -> build/lib.linux-x86_64-3.5/gevent/tests\n    copying src/gevent/tests/test__example_udp_client.py -> build/lib.linux-x86_64-3.5/gevent/tests\n    copying src/gevent/tests/test__example_udp_server.py -> build/lib.linux-x86_64-3.5/gevent/tests\n    copying src/gevent/tests/test__example_webproxy.py -> build/lib.linux-x86_64-3.5/gevent/tests\n    copying src/gevent/tests/test__example_wsgiserver.py -> build/lib.linux-x86_64-3.5/gevent/tests\n    copying src/gevent/tests/test__example_wsgiserver_ssl.py -> build/lib.linux-x86_64-3.5/gevent/tests\n    copying src/gevent/tests/test__examples.py -> build/lib.linux-x86_64-3.5/gevent/tests\n    copying src/gevent/tests/test__exc_info.py -> build/lib.linux-x86_64-3.5/gevent/tests\n    copying src/gevent/tests/test__execmodules.py -> build/lib.linux-x86_64-3.5/gevent/tests\n    copying src/gevent/tests/test__fileobject.py -> build/lib.linux-x86_64-3.5/gevent/tests\n    copying src/gevent/tests/test__getaddrinfo_import.py -> build/lib.linux-x86_64-3.5/gevent/tests\n    copying src/gevent/tests/test__greenio.py -> build/lib.linux-x86_64-3.5/gevent/tests\n    copying src/gevent/tests/test__greenlet.py -> build/lib.linux-x86_64-3.5/gevent/tests\n    copying src/gevent/tests/test__greenletset.py -> build/lib.linux-x86_64-3.5/gevent/tests\n    copying src/gevent/tests/test__greenness.py -> build/lib.linux-x86_64-3.5/gevent/tests\n    copying src/gevent/tests/test__hub.py -> build/lib.linux-x86_64-3.5/gevent/tests\n    copying src/gevent/tests/test__hub_join.py -> build/lib.linux-x86_64-3.5/gevent/tests\n    copying src/gevent/tests/test__hub_join_timeout.py -> build/lib.linux-x86_64-3.5/gevent/tests\n    copying src/gevent/tests/test__import_blocking_in_greenlet.py -> build/lib.linux-x86_64-3.5/gevent/tests\n    copying src/gevent/tests/test__import_wait.py -> build/lib.linux-x86_64-3.5/gevent/tests\n    copying src/gevent/tests/test__issue112.py -> build/lib.linux-x86_64-3.5/gevent/tests\n    copying src/gevent/tests/test__issue230.py -> build/lib.linux-x86_64-3.5/gevent/tests\n    copying src/gevent/tests/test__issue330.py -> build/lib.linux-x86_64-3.5/gevent/tests\n    copying src/gevent/tests/test__issue467.py -> build/lib.linux-x86_64-3.5/gevent/tests\n    copying src/gevent/tests/test__issue6.py -> build/lib.linux-x86_64-3.5/gevent/tests\n    copying src/gevent/tests/test__issue600.py -> build/lib.linux-x86_64-3.5/gevent/tests\n    copying src/gevent/tests/test__issue607.py -> build/lib.linux-x86_64-3.5/gevent/tests\n    copying src/gevent/tests/test__issue639.py -> build/lib.linux-x86_64-3.5/gevent/tests\n    copying src/gevent/tests/test__issue_728.py -> build/lib.linux-x86_64-3.5/gevent/tests\n    copying src/gevent/tests/test__issues461_471.py -> build/lib.linux-x86_64-3.5/gevent/tests\n    copying src/gevent/tests/test__iwait.py -> build/lib.linux-x86_64-3.5/gevent/tests\n    copying src/gevent/tests/test__joinall.py -> build/lib.linux-x86_64-3.5/gevent/tests\n    copying src/gevent/tests/test__local.py -> build/lib.linux-x86_64-3.5/gevent/tests\n    copying src/gevent/tests/test__lock.py -> build/lib.linux-x86_64-3.5/gevent/tests\n    copying src/gevent/tests/test__loop_callback.py -> build/lib.linux-x86_64-3.5/gevent/tests\n    copying src/gevent/tests/test__makefile_ref.py -> build/lib.linux-x86_64-3.5/gevent/tests\n    copying src/gevent/tests/test__memleak.py -> build/lib.linux-x86_64-3.5/gevent/tests\n    copying src/gevent/tests/test__monkey.py -> build/lib.linux-x86_64-3.5/gevent/tests\n    copying src/gevent/tests/test__monkey_builtins_future.py -> build/lib.linux-x86_64-3.5/gevent/tests\n    copying src/gevent/tests/test__monkey_futures_thread.py -> build/lib.linux-x86_64-3.5/gevent/tests\n    copying src/gevent/tests/test__monkey_hub_in_thread.py -> build/lib.linux-x86_64-3.5/gevent/tests\n    copying src/gevent/tests/test__monkey_logging.py -> build/lib.linux-x86_64-3.5/gevent/tests\n    copying src/gevent/tests/test__monkey_module_run.py -> build/lib.linux-x86_64-3.5/gevent/tests\n    copying src/gevent/tests/test__monkey_multiple_imports.py -> build/lib.linux-x86_64-3.5/gevent/tests\n    copying src/gevent/tests/test__monkey_queue.py -> build/lib.linux-x86_64-3.5/gevent/tests\n    copying src/gevent/tests/test__monkey_select.py -> build/lib.linux-x86_64-3.5/gevent/tests\n    copying src/gevent/tests/test__monkey_selectors.py -> build/lib.linux-x86_64-3.5/gevent/tests\n    copying src/gevent/tests/test__monkey_sigchld.py -> build/lib.linux-x86_64-3.5/gevent/tests\n    copying src/gevent/tests/test__monkey_sigchld_2.py -> build/lib.linux-x86_64-3.5/gevent/tests\n    copying src/gevent/tests/test__monkey_sigchld_3.py -> build/lib.linux-x86_64-3.5/gevent/tests\n    copying src/gevent/tests/test__monkey_ssl_warning.py -> build/lib.linux-x86_64-3.5/gevent/tests\n    copying src/gevent/tests/test__monkey_ssl_warning2.py -> build/lib.linux-x86_64-3.5/gevent/tests\n    copying src/gevent/tests/test__monkey_ssl_warning3.py -> build/lib.linux-x86_64-3.5/gevent/tests\n    copying src/gevent/tests/test__nondefaultloop.py -> build/lib.linux-x86_64-3.5/gevent/tests\n    copying src/gevent/tests/test__order.py -> build/lib.linux-x86_64-3.5/gevent/tests\n    copying src/gevent/tests/test__os.py -> build/lib.linux-x86_64-3.5/gevent/tests\n    copying src/gevent/tests/test__pool.py -> build/lib.linux-x86_64-3.5/gevent/tests\n    copying src/gevent/tests/test__pywsgi.py -> build/lib.linux-x86_64-3.5/gevent/tests\n    copying src/gevent/tests/test__queue.py -> build/lib.linux-x86_64-3.5/gevent/tests\n    copying src/gevent/tests/test__real_greenlet.py -> build/lib.linux-x86_64-3.5/gevent/tests\n    copying src/gevent/tests/test__refcount.py -> build/lib.linux-x86_64-3.5/gevent/tests\n    copying src/gevent/tests/test__refcount_core.py -> build/lib.linux-x86_64-3.5/gevent/tests\n    copying src/gevent/tests/test__resolver_dnspython.py -> build/lib.linux-x86_64-3.5/gevent/tests\n    copying src/gevent/tests/test__ssl.py -> build/lib.linux-x86_64-3.5/gevent/tests\n    copying src/gevent/tests/test__select.py -> build/lib.linux-x86_64-3.5/gevent/tests\n    copying src/gevent/tests/test__selectors.py -> build/lib.linux-x86_64-3.5/gevent/tests\n    copying src/gevent/tests/test__semaphore.py -> build/lib.linux-x86_64-3.5/gevent/tests\n    copying src/gevent/tests/test__server.py -> build/lib.linux-x86_64-3.5/gevent/tests\n    copying src/gevent/tests/test__server_pywsgi.py -> build/lib.linux-x86_64-3.5/gevent/tests\n    copying src/gevent/tests/test__signal.py -> build/lib.linux-x86_64-3.5/gevent/tests\n    copying src/gevent/tests/test__sleep0.py -> build/lib.linux-x86_64-3.5/gevent/tests\n    copying src/gevent/tests/test__socket.py -> build/lib.linux-x86_64-3.5/gevent/tests\n    copying src/gevent/tests/test__socket_close.py -> build/lib.linux-x86_64-3.5/gevent/tests\n    copying src/gevent/tests/test__socket_dns.py -> build/lib.linux-x86_64-3.5/gevent/tests\n    copying src/gevent/tests/test__socket_dns6.py -> build/lib.linux-x86_64-3.5/gevent/tests\n    copying src/gevent/tests/test__socket_errors.py -> build/lib.linux-x86_64-3.5/gevent/tests\n    copying src/gevent/tests/test__socket_ex.py -> build/lib.linux-x86_64-3.5/gevent/tests\n    copying src/gevent/tests/test__socket_send_memoryview.py -> build/lib.linux-x86_64-3.5/gevent/tests\n    copying src/gevent/tests/test__socket_ssl.py -> build/lib.linux-x86_64-3.5/gevent/tests\n    copying src/gevent/tests/test__socket_timeout.py -> build/lib.linux-x86_64-3.5/gevent/tests\n    copying src/gevent/tests/test__socketpair.py -> build/lib.linux-x86_64-3.5/gevent/tests\n    copying src/gevent/tests/test__subprocess.py -> build/lib.linux-x86_64-3.5/gevent/tests\n    copying src/gevent/tests/test__subprocess_interrupted.py -> build/lib.linux-x86_64-3.5/gevent/tests\n    copying src/gevent/tests/test__subprocess_poll.py -> build/lib.linux-x86_64-3.5/gevent/tests\n    copying src/gevent/tests/test__systemerror.py -> build/lib.linux-x86_64-3.5/gevent/tests\n    copying src/gevent/tests/test__thread.py -> build/lib.linux-x86_64-3.5/gevent/tests\n    copying src/gevent/tests/test__threading.py -> build/lib.linux-x86_64-3.5/gevent/tests\n    copying src/gevent/tests/test__threading_2.py -> build/lib.linux-x86_64-3.5/gevent/tests\n    copying src/gevent/tests/test__threading_before_monkey.py -> build/lib.linux-x86_64-3.5/gevent/tests\n    copying src/gevent/tests/test__threading_holding_lock_while_monkey.py -> build/lib.linux-x86_64-3.5/gevent/tests\n    copying src/gevent/tests/test__threading_monkey_in_thread.py -> build/lib.linux-x86_64-3.5/gevent/tests\n    copying src/gevent/tests/test__threading_native_before_monkey.py -> build/lib.linux-x86_64-3.5/gevent/tests\n    copying src/gevent/tests/test__threading_patched_local.py -> build/lib.linux-x86_64-3.5/gevent/tests\n    copying src/gevent/tests/test__threading_vs_settrace.py -> build/lib.linux-x86_64-3.5/gevent/tests\n    copying src/gevent/tests/test__threadpool.py -> build/lib.linux-x86_64-3.5/gevent/tests\n    copying src/gevent/tests/test__threadpool_executor_patched.py -> build/lib.linux-x86_64-3.5/gevent/tests\n    copying src/gevent/tests/test__timeout.py -> build/lib.linux-x86_64-3.5/gevent/tests\n    copying src/gevent/tests/test__util.py -> build/lib.linux-x86_64-3.5/gevent/tests\n    creating build/lib.linux-x86_64-3.5/gevent/tests/monkey_package\n    copying src/gevent/tests/monkey_package/__init__.py -> build/lib.linux-x86_64-3.5/gevent/tests/monkey_package\n    copying src/gevent/tests/monkey_package/__main__.py -> build/lib.linux-x86_64-3.5/gevent/tests/monkey_package\n    copying src/gevent/tests/monkey_package/issue1526_no_monkey.py -> build/lib.linux-x86_64-3.5/gevent/tests/monkey_package\n    copying src/gevent/tests/monkey_package/issue1526_with_monkey.py -> build/lib.linux-x86_64-3.5/gevent/tests/monkey_package\n    copying src/gevent/tests/monkey_package/issue302monkey.py -> build/lib.linux-x86_64-3.5/gevent/tests/monkey_package\n    copying src/gevent/tests/monkey_package/script.py -> build/lib.linux-x86_64-3.5/gevent/tests/monkey_package\n    copying src/gevent/tests/monkey_package/threadpool_monkey_patches.py -> build/lib.linux-x86_64-3.5/gevent/tests/monkey_package\n    copying src/gevent/tests/monkey_package/threadpool_no_monkey.py -> build/lib.linux-x86_64-3.5/gevent/tests/monkey_package\n    creating build/lib.linux-x86_64-3.5/gevent/testing/coveragesite\n    copying src/gevent/testing/coveragesite/sitecustomize.py -> build/lib.linux-x86_64-3.5/gevent/testing/coveragesite\n    copying src/gevent/tests/2_7_keycert.pem -> build/lib.linux-x86_64-3.5/gevent/tests\n    copying src/gevent/tests/badcert.pem -> build/lib.linux-x86_64-3.5/gevent/tests\n    copying src/gevent/tests/badkey.pem -> build/lib.linux-x86_64-3.5/gevent/tests\n    copying src/gevent/tests/https_svn_python_org_root.pem -> build/lib.linux-x86_64-3.5/gevent/tests\n    copying src/gevent/tests/keycert.pem -> build/lib.linux-x86_64-3.5/gevent/tests\n    copying src/gevent/tests/nullcert.pem -> build/lib.linux-x86_64-3.5/gevent/tests\n    copying src/gevent/tests/sha256.pem -> build/lib.linux-x86_64-3.5/gevent/tests\n    copying src/gevent/tests/wrongcert.pem -> build/lib.linux-x86_64-3.5/gevent/tests\n    copying src/gevent/tests/server.crt -> build/lib.linux-x86_64-3.5/gevent/tests\n    copying src/gevent/tests/test_server.crt -> build/lib.linux-x86_64-3.5/gevent/tests\n    copying src/gevent/tests/hosts_file.txt -> build/lib.linux-x86_64-3.5/gevent/tests\n    copying src/gevent/tests/tests_that_dont_do_leakchecks.txt -> build/lib.linux-x86_64-3.5/gevent/tests\n    copying src/gevent/tests/tests_that_dont_monkeypatch.txt -> build/lib.linux-x86_64-3.5/gevent/tests\n    copying src/gevent/tests/tests_that_dont_use_resolver.txt -> build/lib.linux-x86_64-3.5/gevent/tests\n    copying src/gevent/tests/server.key -> build/lib.linux-x86_64-3.5/gevent/tests\n    copying src/gevent/tests/test_server.key -> build/lib.linux-x86_64-3.5/gevent/tests\n    running build_ext\n    Running '(cd  \"/tmp/pip-build-dy643sf8/gevent/deps/libev\"  && sh ./configure -C > configure-output.txt )' in /tmp/pip-build-dy643sf8/gevent\n    ./configure: ./configure.lineno: line 1: /usr/bin/file: not found\n    config.status: error: in `/tmp/pip-build-dy643sf8/gevent/deps/libev':\n    config.status: error: Something went wrong bootstrapping makefile fragments\n        for automatic dependency tracking.  Try re-running configure with the\n        '--disable-dependency-tracking' option to at least be able to build\n        the package (albeit without support for automatic dependency tracking).\n    See `config.log' for more details\n    Traceback (most recent call last):\n      File \"<string>\", line 1, in <module>\n      File \"/tmp/pip-build-dy643sf8/gevent/setup.py\", line 471, in <module>\n        run_setup(EXT_MODULES)\n      File \"/tmp/pip-build-dy643sf8/gevent/setup.py\", line 455, in run_setup\n        \"signal_os_incompat = gevent.monkey:_subscribe_signal_os\",\n      File \"/usr/lib/python3.5/distutils/core.py\", line 148, in setup\n        dist.run_commands()\n      File \"/usr/lib/python3.5/distutils/dist.py\", line 955, in run_commands\n        self.run_command(cmd)\n      File \"/usr/lib/python3.5/distutils/dist.py\", line 974, in run_command\n        cmd_obj.run()\n      File \"/usr/lib/python3.5/site-packages/setuptools/command/install.py\", line 61, in run\n        return orig.install.run(self)\n      File \"/usr/lib/python3.5/distutils/command/install.py\", line 539, in run\n        self.run_command('build')\n      File \"/usr/lib/python3.5/distutils/cmd.py\", line 313, in run_command\n        self.distribution.run_command(command)\n      File \"/usr/lib/python3.5/distutils/dist.py\", line 974, in run_command\n        cmd_obj.run()\n      File \"/usr/lib/python3.5/distutils/command/build.py\", line 135, in run\n        self.run_command(cmd_name)\n      File \"/usr/lib/python3.5/distutils/cmd.py\", line 313, in run_command\n        self.distribution.run_command(command)\n      File \"/usr/lib/python3.5/distutils/dist.py\", line 974, in run_command\n        cmd_obj.run()\n      File \"/usr/lib/python3.5/site-packages/setuptools/command/build_ext.py\", line 75, in run\n        _build_ext.run(self)\n      File \"/usr/lib/python3.5/distutils/command/build_ext.py\", line 339, in run\n        self.build_extensions()\n      File \"/usr/lib/python3.5/distutils/command/build_ext.py\", line 448, in build_extensions\n        self._build_extensions_serial()\n      File \"/usr/lib/python3.5/distutils/command/build_ext.py\", line 473, in _build_extensions_serial\n        self.build_extension(ext)\n      File \"/tmp/pip-build-dy643sf8/gevent/_setuputils.py\", line 350, in build_extension\n        self.gevent_prepare(ext)\n      File \"/tmp/pip-build-dy643sf8/gevent/_setuputils.py\", line 347, in gevent_prepare\n        configure(self, ext)\n      File \"/tmp/pip-build-dy643sf8/gevent/_setuplibev.py\", line 55, in configure_libev\n        system(libev_configure_command)\n      File \"/tmp/pip-build-dy643sf8/gevent/_setuputils.py\", line 194, in system\n        if _system(cmd, cwd=cwd, env=env, **kwargs):\n      File \"/tmp/pip-build-dy643sf8/gevent/_setuputils.py\", line 190, in _system\n        return check_call(cmd, cwd=cwd, env=env, **kwargs)\n      File \"/usr/lib/python3.5/subprocess.py\", line 271, in check_call\n        raise CalledProcessError(retcode, cmd)\n    subprocess.CalledProcessError: Command '(cd  \"/tmp/pip-build-dy643sf8/gevent/deps/libev\"  && sh ./configure -C > configure-output.txt )' returned non-zero exit status 1\n    \n    ----------------------------------------\n\u001b[91mCommand \"/usr/bin/python3 -u -c \"import setuptools, tokenize;__file__='/tmp/pip-build-dy643sf8/gevent/setup.py';f=getattr(tokenize, 'open', open)(__file__);code=f.read().replace('\\r\\n', '\\n');f.close();exec(compile(code, __file__, 'exec'))\" install --record /tmp/pip-o06i774l-record/install-record.txt --single-version-externally-managed --compile\" failed with error code 1 in /tmp/pip-build-dy643sf8/gevent/\n\u001b[0m\u001b[91mYou are using pip version 9.0.1, however version 20.1.1 is available.\nYou should consider upgrading via the 'pip install --upgrade pip' command.\n\u001b[0m",
    "raw_stderr_log": "The command '/bin/sh -c apk add --no-cache --virtual .build-deps gcc libc-dev lzo-dev python3-dev &&     python3 -m pip install --no-cache-dir -r requirements.txt &&     apk del .build-deps' returned a non-zero code: 1",
    "html_url": "https://github.com/timescale/timescaledb-wale",
    "repo_commit": "c0dcc0070a3b6ee5d7dc3678e9c1f94e7ad8734b",
    "repo_id": 114006221
  },
  {
    "raw_dockerfile": "FROM python:3.6-alpine\n\nADD . /code\nWORKDIR /code\n\nRUN echo \"http://dl-8.alpinelinux.org/alpine/edge/community\" >> /etc/apk/repositories\nRUN apk --no-cache --update-cache add \\\n  gcc \\\n  gfortran \\\n  python \\\n  python-dev \\\n  py-pip \\\n  build-base \\\n  wget \\\n  freetype-dev \\\n  libpng-dev \\\n  openblas-dev\n\nRUN ln -s /usr/include/locale.h /usr/include/xlocale.h\n\nRUN pip install --no-cache-dir -r requirements.txt\n\nCMD [\"python\", \"example.py\"]",
    "raw_stdout_log": "Sending build context to Docker daemon    150kB\r\r\nStep 1/8 : FROM python:3.6-alpine\n3.6-alpine: Pulling from library/python\ndf20fa9351a1: Already exists\n36b3adc4ff6f: Already exists\n221505d965db: Pulling fs layer\n90964838235d: Pulling fs layer\nb147bf3b3f5e: Pulling fs layer\n90964838235d: Download complete\nb147bf3b3f5e: Download complete\n221505d965db: Verifying Checksum\n221505d965db: Download complete\n221505d965db: Pull complete\n90964838235d: Pull complete\nb147bf3b3f5e: Pull complete\nDigest: sha256:b83faa3488a43b064fc644b867cedfe42c6284a8bef12f0071e48b407dc2089f\nStatus: Downloaded newer image for python:3.6-alpine\n ---> efea7dd49338\nStep 2/8 : ADD . /code\n ---> bb29ad556952\nStep 3/8 : WORKDIR /code\nRemoving intermediate container 74e61c419224\n ---> 7bebaa771fde\nStep 4/8 : RUN echo \"http://dl-8.alpinelinux.org/alpine/edge/community\" >> /etc/apk/repositories\n ---> Running in 0d8e112b083f\nRemoving intermediate container 0d8e112b083f\n ---> 57ee4bbc4820\nStep 5/8 : RUN apk --no-cache --update-cache add   gcc   gfortran   python   python-dev   py-pip   build-base   wget   freetype-dev   libpng-dev   openblas-dev\n ---> Running in 5ee9bd31d45d\nfetch http://dl-cdn.alpinelinux.org/alpine/v3.12/main/x86_64/APKINDEX.tar.gz\nfetch http://dl-cdn.alpinelinux.org/alpine/v3.12/community/x86_64/APKINDEX.tar.gz\nfetch http://dl-8.alpinelinux.org/alpine/edge/community/x86_64/APKINDEX.tar.gz\n\u001b[91mERROR: unsatisfiable constraints:\n\u001b[0m  python (missing):\n    required by: world[python]\n  python-dev (missing):\n    required by: world[python-dev]",
    "raw_stderr_log": "The command '/bin/sh -c apk --no-cache --update-cache add   gcc   gfortran   python   python-dev   py-pip   build-base   wget   freetype-dev   libpng-dev   openblas-dev' returned a non-zero code: 2",
    "html_url": "https://github.com/calum-mcg/gdax-tradingbot",
    "repo_commit": "8cb5cbbea6318afb4f59868e72876c2093ff76b6",
    "repo_id": 114758942
  },
  {
    "raw_dockerfile": "FROM python:3.6-alpine\n\nMAINTAINER zsnmwy <szlszl35622@gmail.com>\n\nENV LIBRARY_PATH=/lib:/usr/lib \\\n    USER_NAME='' \\\n    USER_PASSWORD=''\n\nWORKDIR /app\n\nRUN apk add --no-cache --virtual bili build-base python-dev py-pip jpeg-dev zlib-dev && \\\n    apk add --no-cache git && \\\n    git clone https://github.com/Dawnnnnnn/bilibili-live-tools.git /app && \\\n    pip install --no-cache-dir -r requirements.txt && \\\n    rm -r /var/cache/apk && \\\n    rm -r /usr/share/man && \\\n    apk del bili\n\nENTRYPOINT git pull && \\\n            pip install --no-cache-dir -r requirements.txt && \\\n            sed -i ''\"$(cat conf/bilibili.conf -n | grep \"username =\" | awk '{print $1}')\"'c '\"$(echo \"username = ${USER_NAME}\")\"'' conf/bilibili.conf && \\\n            sed -i ''\"$(cat conf/bilibili.conf -n | grep \"password =\" | awk '{print $1}')\"'c '\"$(echo \"password = ${USER_PASSWORD}\")\"'' conf/bilibili.conf && \\\n            python ./run.py",
    "raw_stdout_log": "Sending build context to Docker daemon  733.2kB\r\r\nStep 1/6 : FROM python:3.6-alpine\n3.6-alpine: Pulling from library/python\ndf20fa9351a1: Already exists\n36b3adc4ff6f: Already exists\n221505d965db: Pulling fs layer\n90964838235d: Pulling fs layer\nb147bf3b3f5e: Pulling fs layer\n90964838235d: Verifying Checksum\n90964838235d: Download complete\nb147bf3b3f5e: Verifying Checksum\nb147bf3b3f5e: Download complete\n221505d965db: Verifying Checksum\n221505d965db: Download complete\n221505d965db: Pull complete\n90964838235d: Pull complete\nb147bf3b3f5e: Pull complete\nDigest: sha256:b83faa3488a43b064fc644b867cedfe42c6284a8bef12f0071e48b407dc2089f\nStatus: Downloaded newer image for python:3.6-alpine\n ---> efea7dd49338\nStep 2/6 : MAINTAINER zsnmwy <szlszl35622@gmail.com>\n ---> Running in 2190a45412f4\nRemoving intermediate container 2190a45412f4\n ---> 0f51147c517e\nStep 3/6 : ENV LIBRARY_PATH=/lib:/usr/lib     USER_NAME=''     USER_PASSWORD=''\n ---> Running in 88e0c28ffb28\nRemoving intermediate container 88e0c28ffb28\n ---> 4dd6af7ec82b\nStep 4/6 : WORKDIR /app\nRemoving intermediate container 406fbe4d5759\n ---> 59af3c39f3b9\nStep 5/6 : RUN apk add --no-cache --virtual bili build-base python-dev py-pip jpeg-dev zlib-dev &&     apk add --no-cache git &&     git clone https://github.com/Dawnnnnnn/bilibili-live-tools.git /app &&     pip install --no-cache-dir -r requirements.txt &&     rm -r /var/cache/apk &&     rm -r /usr/share/man &&     apk del bili\n ---> Running in 328ca0b52fae\nfetch http://dl-cdn.alpinelinux.org/alpine/v3.12/main/x86_64/APKINDEX.tar.gz\nfetch http://dl-cdn.alpinelinux.org/alpine/v3.12/community/x86_64/APKINDEX.tar.gz\n\u001b[91mERROR: unsatisfiable constraints:\n\u001b[0m  python-dev (missing):\n    required by: bili-20200624.170935[python-dev]",
    "raw_stderr_log": "The command '/bin/sh -c apk add --no-cache --virtual bili build-base python-dev py-pip jpeg-dev zlib-dev &&     apk add --no-cache git &&     git clone https://github.com/Dawnnnnnn/bilibili-live-tools.git /app &&     pip install --no-cache-dir -r requirements.txt &&     rm -r /var/cache/apk &&     rm -r /usr/share/man &&     apk del bili' returned a non-zero code: 2",
    "html_url": "https://github.com/Dawnnnnnn/bilibili-live-tools",
    "repo_commit": "43710892de4a81d4fb39c3f36230474b4ff0bccb",
    "repo_id": 115218789
  },
  {
    "raw_dockerfile": "FROM alpine:edge\nLABEL maintainer \"Ilya Glotov <ilya@ilyaglotov.com>\"\n\nRUN apk add --update --no-cache --virtual .deps build-base \\\n                                                libffi-dev \\\n                                                py-pip \\\n                                                python-dev \\\n  && apk add --no-cache openssl-dev \\\n                        python \\\n  && pip install paramiko \\\n  && apk del .deps\n\nCOPY sshUsernameEnumExploit.py /sshUsernameEnumExploit.py\n\nRUN chmod +x /sshUsernameEnumExploit.py\n\nENTRYPOINT [\"python\", \"sshUsernameEnumExploit.py\"]",
    "raw_stdout_log": "Sending build context to Docker daemon  86.02kB\r\r\nStep 1/6 : FROM alpine:edge\nedge: Pulling from library/alpine\n0d6b48c80e92: Pulling fs layer\n0d6b48c80e92: Verifying Checksum\n0d6b48c80e92: Download complete\n0d6b48c80e92: Pull complete\nDigest: sha256:c22dc21793cd8d713df961ea1617b09de924f3dd5291970705037ff190f228a7\nStatus: Downloaded newer image for alpine:edge\n ---> 5737d7d248e9\nStep 2/6 : LABEL maintainer \"Ilya Glotov <ilya@ilyaglotov.com>\"\n ---> Running in 43950e5bfd7a\nRemoving intermediate container 43950e5bfd7a\n ---> 0df0258d2871\nStep 3/6 : RUN apk add --update --no-cache --virtual .deps build-base                                                 libffi-dev                                                 py-pip                                                 python-dev   && apk add --no-cache openssl-dev                         python   && pip install paramiko   && apk del .deps\n ---> Running in b232e3a3484a\nfetch http://dl-cdn.alpinelinux.org/alpine/edge/main/x86_64/APKINDEX.tar.gz\nfetch http://dl-cdn.alpinelinux.org/alpine/edge/community/x86_64/APKINDEX.tar.gz\n\u001b[91mERROR: unsatisfiable constraints:\n\u001b[0m  python-dev (missing):\n    required by: .deps-20200617.135058[python-dev]",
    "raw_stderr_log": "The command '/bin/sh -c apk add --update --no-cache --virtual .deps build-base                                                 libffi-dev                                                 py-pip                                                 python-dev   && apk add --no-cache openssl-dev                         python   && pip install paramiko   && apk del .deps' returned a non-zero code: 2",
    "html_url": "https://github.com/Rhynorater/CVE-2018-15473-Exploit",
    "repo_commit": "ae8cb417c4bf441cb36413a2f6d5669f61cbddce",
    "repo_id": 145483388
  },
  {
    "raw_dockerfile": "FROM python:3.7-alpine\nWORKDIR /opt/CTFd\nRUN mkdir -p /opt/CTFd /var/log/CTFd /var/uploads\n\nRUN apk update && \\\n    apk add --no-cache \\\n        python \\\n        python-dev \\\n        linux-headers \\\n        libffi-dev \\\n        gcc \\\n        make \\\n        musl-dev \\\n        py-pip \\\n        mysql-client \\\n        git \\\n        openssl-dev\n\nCOPY . /opt/CTFd\n\nRUN pip install -r requirements.txt --no-cache-dir\nRUN for d in CTFd/plugins/*; do \\\n        if [ -f \"$d/requirements.txt\" ]; then \\\n            pip install -r $d/requirements.txt --no-cache-dir; \\\n        fi; \\\n    done;\n\nRUN chmod +x /opt/CTFd/docker-entrypoint.sh\nRUN adduser -D -u 1001 -s /bin/sh ctfd\nRUN chown -R 1001:1001 /opt/CTFd /var/log/CTFd /var/uploads\n\nUSER 1001\nEXPOSE 8000\nENTRYPOINT [\"/opt/CTFd/docker-entrypoint.sh\"]",
    "raw_stdout_log": "Sending build context to Docker daemon  24.19MB\r\r\nStep 1/13 : FROM python:3.7-alpine\n3.7-alpine: Pulling from library/python\ndf20fa9351a1: Already exists\n36b3adc4ff6f: Pulling fs layer\n158d3630f7f4: Pulling fs layer\n656e733c2e63: Pulling fs layer\n069d7d2ffc1e: Pulling fs layer\n069d7d2ffc1e: Waiting\n656e733c2e63: Download complete\n36b3adc4ff6f: Verifying Checksum\n36b3adc4ff6f: Download complete\n158d3630f7f4: Verifying Checksum\n158d3630f7f4: Download complete\n069d7d2ffc1e: Verifying Checksum\n069d7d2ffc1e: Download complete\n36b3adc4ff6f: Pull complete\n158d3630f7f4: Pull complete\n656e733c2e63: Pull complete\n069d7d2ffc1e: Pull complete\nDigest: sha256:4bc145d0bfababffd78b6106abd41000aa5dcc28cd0cfe5f988a415d1985667f\nStatus: Downloaded newer image for python:3.7-alpine\n ---> 6a5ca85ed89b\nStep 2/13 : WORKDIR /opt/CTFd\nRemoving intermediate container 1e9710d6ef3d\n ---> b68b6a09e1d7\nStep 3/13 : RUN mkdir -p /opt/CTFd /var/log/CTFd /var/uploads\n ---> Running in 4683633efdb9\nRemoving intermediate container 4683633efdb9\n ---> 651b2afa3eff\nStep 4/13 : RUN apk update &&     apk add --no-cache         python         python-dev         linux-headers         libffi-dev         gcc         make         musl-dev         py-pip         mysql-client         git         openssl-dev\n ---> Running in b36529db369a\nfetch http://dl-cdn.alpinelinux.org/alpine/v3.12/main/x86_64/APKINDEX.tar.gz\nfetch http://dl-cdn.alpinelinux.org/alpine/v3.12/community/x86_64/APKINDEX.tar.gz\nv3.12.0-81-ge684959dd0 [http://dl-cdn.alpinelinux.org/alpine/v3.12/main]\nv3.12.0-78-gf595fd602b [http://dl-cdn.alpinelinux.org/alpine/v3.12/community]\nOK: 12736 distinct packages available\nfetch http://dl-cdn.alpinelinux.org/alpine/v3.12/main/x86_64/APKINDEX.tar.gz\nfetch http://dl-cdn.alpinelinux.org/alpine/v3.12/community/x86_64/APKINDEX.tar.gz\n\u001b[91mERROR: unsatisfiable constraints:\n\u001b[0m  python (missing):\n    required by: world[python]\n  python-dev (missing):\n    required by: world[python-dev]",
    "raw_stderr_log": "The command '/bin/sh -c apk update &&     apk add --no-cache         python         python-dev         linux-headers         libffi-dev         gcc         make         musl-dev         py-pip         mysql-client         git         openssl-dev' returned a non-zero code: 2",
    "html_url": "https://github.com/CTFd/CTFd",
    "repo_commit": "8e53db1617bd56631e2bb4427dbdfa58b760fbf9",
    "repo_id": 28681142
  },
  {
    "raw_dockerfile": "FROM docker:latest\n\nMAINTAINER Benjamin Schwarze <benjamin.schwarze@mailboxd.de>\n\nRUN apk add --no-cache \\\n    gcc \\\n    git \\\n    libffi-dev \\\n    make \\\n    musl-dev \\\n    openssl-dev \\\n    perl \\\n    py-pip \\\n    python \\\n    python-dev \\\n    sshpass \\\n    wget\n\nRUN pip install --upgrade pip && \\\n    pip install goodplay",
    "raw_stdout_log": "Sending build context to Docker daemon  692.7kB\r\r\nStep 1/4 : FROM docker:latest\nlatest: Pulling from library/docker\ndf20fa9351a1: Already exists\n25ad7478873d: Already exists\n4684f6177b5d: Already exists\n46e300cec669: Already exists\n63038576ad94: Already exists\n0fdb76c4706c: Already exists\ncb7edeffdfd5: Already exists\nDigest: sha256:f9a24a777e813e2692920a86530355e3840d0271464fd486bd8708aa018d0ac6\nStatus: Downloaded newer image for docker:latest\n ---> 81f5749c9058\nStep 2/4 : MAINTAINER Benjamin Schwarze <benjamin.schwarze@mailboxd.de>\n ---> Running in 8f91b87c2408\nRemoving intermediate container 8f91b87c2408\n ---> 5a2f836da9d7\nStep 3/4 : RUN apk add --no-cache     gcc     git     libffi-dev     make     musl-dev     openssl-dev     perl     py-pip     python     python-dev     sshpass     wget\n ---> Running in 9cd5554a9f4e\nfetch http://dl-cdn.alpinelinux.org/alpine/v3.12/main/x86_64/APKINDEX.tar.gz\nfetch http://dl-cdn.alpinelinux.org/alpine/v3.12/community/x86_64/APKINDEX.tar.gz\n\u001b[91mERROR: unsatisfiable constraints:\n\u001b[0m  python (missing):\n    required by: world[python]\n  python-dev (missing):\n    required by: world[python-dev]",
    "raw_stderr_log": "The command '/bin/sh -c apk add --no-cache     gcc     git     libffi-dev     make     musl-dev     openssl-dev     perl     py-pip     python     python-dev     sshpass     wget' returned a non-zero code: 2",
    "html_url": "https://github.com/goodplay/goodplay",
    "repo_commit": "dad71b2e2a27d2dc4ba8ce76ae2f927dda83daca",
    "repo_id": 39503838
  },
  {
    "raw_dockerfile": "FROM python:3.6-alpine\n\nRUN apk --update add --virtual build-dependencies \\\n      python-dev libffi-dev openssl-dev build-base && \\\n    pip install --upgrade pip cffi cryptography && \\\n    apk del build-dependencies && \\\n    apk add --no-cache bash git && \\\n    rm -rf /var/cache/apk/*\n\nCOPY production-requirements.txt /app/requirements.txt\nRUN pip install -r /app/requirements.txt\nCOPY . /app/\nWORKDIR /app",
    "raw_stdout_log": "Sending build context to Docker daemon  1.202MB\r\r\nStep 1/6 : FROM python:3.6-alpine\n3.6-alpine: Pulling from library/python\ndf20fa9351a1: Already exists\n36b3adc4ff6f: Already exists\n221505d965db: Pulling fs layer\n90964838235d: Pulling fs layer\nb147bf3b3f5e: Pulling fs layer\n90964838235d: Download complete\nb147bf3b3f5e: Verifying Checksum\nb147bf3b3f5e: Download complete\n221505d965db: Verifying Checksum\n221505d965db: Download complete\n221505d965db: Pull complete\n90964838235d: Pull complete\nb147bf3b3f5e: Pull complete\nDigest: sha256:b83faa3488a43b064fc644b867cedfe42c6284a8bef12f0071e48b407dc2089f\nStatus: Downloaded newer image for python:3.6-alpine\n ---> efea7dd49338\nStep 2/6 : RUN apk --update add --virtual build-dependencies       python-dev libffi-dev openssl-dev build-base &&     pip install --upgrade pip cffi cryptography &&     apk del build-dependencies &&     apk add --no-cache bash git &&     rm -rf /var/cache/apk/*\n ---> Running in a53c98f2cae4\nfetch http://dl-cdn.alpinelinux.org/alpine/v3.12/main/x86_64/APKINDEX.tar.gz\nfetch http://dl-cdn.alpinelinux.org/alpine/v3.12/community/x86_64/APKINDEX.tar.gz\n\u001b[91mERROR: unsatisfiable constraints:\n\u001b[0m  python-dev (missing):\n    required by: build-dependencies-20200621.100609[python-dev]",
    "raw_stderr_log": "The command '/bin/sh -c apk --update add --virtual build-dependencies       python-dev libffi-dev openssl-dev build-base &&     pip install --upgrade pip cffi cryptography &&     apk del build-dependencies &&     apk add --no-cache bash git &&     rm -rf /var/cache/apk/*' returned a non-zero code: 2",
    "html_url": "https://github.com/openai/kubernetes-ec2-autoscaler",
    "repo_commit": "1d4d1314e9ee2cb2ae0e17b8b8d8d7845fe8b168",
    "repo_id": 53072850
  },
  {
    "raw_dockerfile": "FROM alpine:3.4\nMAINTAINER Antoni Segura Puimedon \"toni@kuryr.org\"\nWORKDIR /\nCOPY . /opt/kuryr-libnetwork\nRUN \\\n  apk add --no-cache \\\n    bash \\\n    iproute2 \\\n    openvswitch \\\n    py-pip \\\n    python \\\n    uwsgi-python \\\n  && apk add --no-cache --virtual build-deps \\\n      gcc \\\n      git \\\n      linux-headers \\\n      musl-dev \\\n      python-dev \\\n  && pip install -U pip setuptools \\\n  \\\n  && cd /opt/kuryr-libnetwork \\\n  && pip install . \\\n  && cd / \\\n  && apk del build-deps\n\nENV SERVICE_USER=\"admin\"\nENV SERVICE_PROJECT_NAME=\"admin\"\nENV SERVICE_PASSWORD=\"pass\"\nENV SERVICE_DOMAIN_NAME=\"Default\"\nENV USER_DOMAIN_NAME=\"Default\"\nENV IDENTITY_URL=\"http://127.0.0.1:5000/v3\"\nENV CAPABILITY_SCOPE=\"local\"\nENV HTTP_SOCKET=\":23750\"\nENV LOG_LEVEL=\"INFO\"\nENV PROCESSES=2\n\nVOLUME /var/log/kuryr\n\nCMD [\"/opt/kuryr-libnetwork/contrib/docker/run_kuryr.sh\"]",
    "raw_stdout_log": "Sending build context to Docker daemon  3.786MB\r\r\nStep 1/17 : FROM alpine:3.4\n3.4: Pulling from library/alpine\nc1e54eec4b57: Pulling fs layer\nc1e54eec4b57: Verifying Checksum\nc1e54eec4b57: Download complete\nc1e54eec4b57: Pull complete\nDigest: sha256:b733d4a32c4da6a00a84df2ca32791bb03df95400243648d8c539e7b4cce329c\nStatus: Downloaded newer image for alpine:3.4\n ---> b7c5ffe56db7\nStep 2/17 : MAINTAINER Antoni Segura Puimedon \"toni@kuryr.org\"\n ---> Running in 742ac58e62ec\nRemoving intermediate container 742ac58e62ec\n ---> 611d7527e183\nStep 3/17 : WORKDIR /\nRemoving intermediate container 6e4ad7a85ae5\n ---> 196bb4445e61\nStep 4/17 : COPY . /opt/kuryr-libnetwork\n ---> 2dd798d0a59e\nStep 5/17 : RUN   apk add --no-cache     bash     iproute2     openvswitch     py-pip     python     uwsgi-python   && apk add --no-cache --virtual build-deps       gcc       git       linux-headers       musl-dev       python-dev   && pip install -U pip setuptools     && cd /opt/kuryr-libnetwork   && pip install .   && cd /   && apk del build-deps\n ---> Running in 43923004d2d0\nfetch http://dl-cdn.alpinelinux.org/alpine/v3.4/main/x86_64/APKINDEX.tar.gz\nfetch http://dl-cdn.alpinelinux.org/alpine/v3.4/community/x86_64/APKINDEX.tar.gz\n(1/22) Installing ncurses-terminfo-base (6.0_p20171125-r0)\n(2/22) Installing ncurses-terminfo (6.0_p20171125-r0)\n(3/22) Installing ncurses-libs (6.0_p20171125-r0)\n(4/22) Installing readline (6.3.008-r4)\n(5/22) Installing bash (4.3.42-r5)\nExecuting bash-4.3.42-r5.post-install\n(6/22) Installing libmnl (1.0.3-r1)\n(7/22) Installing libnftnl-libs (1.0.5-r0)\n(8/22) Installing iptables (1.6.0-r0)\n(9/22) Installing iproute2 (4.4.0-r1)\nExecuting iproute2-4.4.0-r1.post-install\n(10/22) Installing openvswitch (2.5.0-r0)\n(11/22) Installing libbz2 (1.0.6-r5)\n(12/22) Installing expat (2.2.0-r1)\n(13/22) Installing libffi (3.2.1-r2)\n(14/22) Installing gdbm (1.11-r1)\n(15/22) Installing sqlite-libs (3.13.0-r2)\n(16/22) Installing python (2.7.14-r0)\n(17/22) Installing py-setuptools (20.8.0-r0)\n(18/22) Installing py-pip (8.1.2-r0)\n(19/22) Installing mailcap (2.1.44-r0)\n(20/22) Installing pcre (8.38-r1)\n(21/22) Installing uwsgi (2.0.17-r0)\n(22/22) Installing uwsgi-python (2.0.17-r0)\nExecuting busybox-1.24.2-r14.trigger\nOK: 77 MiB in 33 packages\nfetch http://dl-cdn.alpinelinux.org/alpine/v3.4/main/x86_64/APKINDEX.tar.gz\nfetch http://dl-cdn.alpinelinux.org/alpine/v3.4/community/x86_64/APKINDEX.tar.gz\n(1/21) Installing binutils-libs (2.26-r1)\n(2/21) Installing binutils (2.26-r1)\n(3/21) Installing gmp (6.1.0-r0)\n(4/21) Installing isl (0.14.1-r0)\n(5/21) Installing libgomp (5.3.0-r0)\n(6/21) Installing libatomic (5.3.0-r0)\n(7/21) Installing libgcc (5.3.0-r0)\n(8/21) Installing pkgconf (0.9.12-r0)\n(9/21) Installing pkgconfig (0.25-r1)\n(10/21) Installing mpfr3 (3.1.2-r0)\n(11/21) Installing mpc1 (1.0.3-r0)\n(12/21) Installing libstdc++ (5.3.0-r0)\n(13/21) Installing gcc (5.3.0-r0)\n(14/21) Installing ca-certificates (20161130-r0)\n(15/21) Installing libssh2 (1.7.0-r0)\n(16/21) Installing libcurl (7.60.0-r1)\n(17/21) Installing git (2.8.6-r0)\n(18/21) Installing linux-headers (4.4.6-r1)\n(19/21) Installing musl-dev (1.1.14-r16)\n(20/21) Installing python-dev (2.7.14-r0)\n(21/21) Installing build-deps (0)\nExecuting busybox-1.24.2-r14.trigger\nExecuting ca-certificates-20161130-r0.trigger\nOK: 188 MiB in 54 packages\nCollecting pip\n  Downloading https://files.pythonhosted.org/packages/43/84/23ed6a1796480a6f1a2d38f2802901d078266bda38388954d01d3f2e821d/pip-20.1.1-py2.py3-none-any.whl (1.5MB)\nCollecting setuptools\n  Downloading https://files.pythonhosted.org/packages/95/fe/2687907be1d6291a84a9b51220595a4f89d9477032c57f21e7c633465540/setuptools-47.3.1.zip (869kB)\n    Complete output from command python setup.py egg_info:\n    pkg_resources/py2_warn.py:15: UserWarning: Setuptools no longer works on Python 2\n    ************************************************************\n    Encountered a version of Setuptools that no longer supports\n    this version of Python. Please head to\n    https://bit.ly/setuptools-py2-sunset for support.\n    ************************************************************\n      warnings.warn(pre + \"*\" * 60 + msg + \"*\" * 60)\n    \n    ----------------------------------------\n\u001b[91mCommand \"python setup.py egg_info\" failed with error code 32 in /tmp/pip-build-nN8ZsA/setuptools/\n\u001b[0m\u001b[91mYou are using pip version 8.1.2, however version 20.1.1 is available.\nYou should consider upgrading via the 'pip install --upgrade pip' command.\n\u001b[0m",
    "raw_stderr_log": "The command '/bin/sh -c apk add --no-cache     bash     iproute2     openvswitch     py-pip     python     uwsgi-python   && apk add --no-cache --virtual build-deps       gcc       git       linux-headers       musl-dev       python-dev   && pip install -U pip setuptools     && cd /opt/kuryr-libnetwork   && pip install .   && cd /   && apk del build-deps' returned a non-zero code: 1",
    "html_url": "https://github.com/openstack/kuryr-libnetwork",
    "repo_commit": "e6541de2bdbc92fa7a5a95776b50b63355e48324",
    "repo_id": 58626583
  },
  {
    "raw_dockerfile": "FROM python:3-alpine\n\nRUN apk --update add --virtual build-dependencies \\\n    python3-dev python-dev libffi-dev openssl-dev build-base && \\\n    pip install --upgrade pip cffi cryptography && \\\n    apk add --no-cache bash git && \\\n    rm -rf /var/cache/apk/*\n\nCOPY requirements.txt /app/requirements.txt\nWORKDIR /app\nRUN pip install -r /app/requirements.txt\n\nRUN apk del build-dependencies\nRUN apk --update add libffi-dev\n\n\nCOPY ./ /app/",
    "raw_stdout_log": "Sending build context to Docker daemon  1.807MB\r\r\nStep 1/8 : FROM python:3-alpine\n3-alpine: Pulling from library/python\ndf20fa9351a1: Already exists\n36b3adc4ff6f: Already exists\n7031d6d6c7f1: Already exists\n81b7f5a7444b: Already exists\n0f8a54c5d7c7: Already exists\nDigest: sha256:c5623df482648cacece4f9652a0ae04b51576c93773ccd43ad459e2a195906dd\nStatus: Downloaded newer image for python:3-alpine\n ---> 8ecf5a48c789\nStep 2/8 : RUN apk --update add --virtual build-dependencies     python3-dev python-dev libffi-dev openssl-dev build-base &&     pip install --upgrade pip cffi cryptography &&     apk add --no-cache bash git &&     rm -rf /var/cache/apk/*\n ---> Running in dca2e23cae16\nfetch http://dl-cdn.alpinelinux.org/alpine/v3.12/main/x86_64/APKINDEX.tar.gz\nfetch http://dl-cdn.alpinelinux.org/alpine/v3.12/community/x86_64/APKINDEX.tar.gz\n\u001b[91mERROR: unsatisfiable constraints:\n\u001b[0m  python-dev (missing):\n    required by: build-dependencies-20200626.130807[python-dev]",
    "raw_stderr_log": "The command '/bin/sh -c apk --update add --virtual build-dependencies     python3-dev python-dev libffi-dev openssl-dev build-base &&     pip install --upgrade pip cffi cryptography &&     apk add --no-cache bash git &&     rm -rf /var/cache/apk/*' returned a non-zero code: 2",
    "html_url": "https://github.com/wbuchwalter/Kubernetes-acs-engine-autoscaler",
    "repo_commit": "7c9dac821e3701b43843246fe22606a1658712ba",
    "repo_id": 85128973
  },
  {
    "raw_dockerfile": "FROM alpine:latest\nWORKDIR /app\nCOPY . /app\nRUN apk add --update --no-cache python2 py2-pip py2-gevent \\\n    py2-flask py2-requests py2-pygments py2-redis \\\n    py2-cffi py2-icu bash vim gawk sed \\\n    && apk add --no-cache --virtual build-deps python2-dev \\\n    build-base git \\\n    && pip install -r requirements.txt \\\n    && sh share/scripts/get-sheets.sh \\\n    && apk del build-deps\nENTRYPOINT [\"python2\"]\nCMD [\"bin/srv.py\"]",
    "raw_stdout_log": "Sending build context to Docker daemon  6.204MB\r\r\nStep 1/6 : FROM alpine:latest\n ---> a24bb4013296\nStep 2/6 : WORKDIR /app\nRemoving intermediate container 49aa7c7d6f0b\n ---> a80b08e8bbb0\nStep 3/6 : COPY . /app\n ---> b3fb3ea75798\nStep 4/6 : RUN apk add --update --no-cache python2 py2-pip py2-gevent     py2-flask py2-requests py2-pygments py2-redis     py2-cffi py2-icu bash vim gawk sed     && apk add --no-cache --virtual build-deps python2-dev     build-base git     && pip install -r requirements.txt     && sh share/scripts/get-sheets.sh     && apk del build-deps\n ---> Running in d43f79ae2e4b\nfetch http://dl-cdn.alpinelinux.org/alpine/v3.12/main/x86_64/APKINDEX.tar.gz\nfetch http://dl-cdn.alpinelinux.org/alpine/v3.12/community/x86_64/APKINDEX.tar.gz\n\u001b[91mERROR: unsatisfiable constraints:\n\u001b[0m  py2-cffi (missing):\n    required by: world[py2-cffi]\n  py2-flask (missing):\n    required by: world[py2-flask]\n  py2-gevent (missing):\n    required by: world[py2-gevent]\n  py2-icu (missing):\n    required by: world[py2-icu]\n  py2-pip (missing):\n    required by: world[py2-pip]\n  py2-pygments (missing):\n    required by: world[py2-pygments]\n  py2-redis (missing):\n    required by: world[py2-redis]\n  py2-requests (missing):\n    required by: world[py2-requests]",
    "raw_stderr_log": "The command '/bin/sh -c apk add --update --no-cache python2 py2-pip py2-gevent     py2-flask py2-requests py2-pygments py2-redis     py2-cffi py2-icu bash vim gawk sed     && apk add --no-cache --virtual build-deps python2-dev     build-base git     && pip install -r requirements.txt     && sh share/scripts/get-sheets.sh     && apk del build-deps' returned a non-zero code: 8",
    "html_url": "https://github.com/chubin/cheat.sh",
    "repo_commit": "882438b1b765b79389bacbba4c28edc1360ee81e",
    "repo_id": 90563585
  },
  {
    "raw_dockerfile": "FROM python:3.7.1-alpine3.8\n\nLABEL maintainer Aleksandr.Makhinov <monaxgt@gmail.com>\nENV GOOGLE_MAP_API_KEY='YOUR_GOOGLE_MAP_API_KEY'\n\nWORKDIR /usr/src/app\n\nCOPY requirements.txt ./\n\nRUN apk --no-cache --update-cache add gcc gfortran build-base freetype-dev libpng-dev py3-qt5 libxml2-dev libxslt-dev python-dev \\\n    && pip install --no-cache-dir setuptools \\\n    && pip install --no-cache-dir -r requirements.txt\n\nCOPY . .\n\nEXPOSE 5000\n\nVOLUME ./TweetAnalysis.db\n\n\nENTRYPOINT [\"/bin/sh\"]",
    "raw_stdout_log": "Sending build context to Docker daemon  9.226MB\r\r\nStep 1/10 : FROM python:3.7.1-alpine3.8\n3.7.1-alpine3.8: Pulling from library/python\ncd784148e348: Pulling fs layer\na5ca736b15eb: Pulling fs layer\n3d44b315b1eb: Pulling fs layer\n2ca0d283b583: Pulling fs layer\n68c9e0c02ab8: Pulling fs layer\n2ca0d283b583: Waiting\n68c9e0c02ab8: Waiting\na5ca736b15eb: Verifying Checksum\na5ca736b15eb: Download complete\ncd784148e348: Verifying Checksum\ncd784148e348: Download complete\n2ca0d283b583: Download complete\n3d44b315b1eb: Download complete\n68c9e0c02ab8: Verifying Checksum\n68c9e0c02ab8: Download complete\ncd784148e348: Pull complete\na5ca736b15eb: Pull complete\n3d44b315b1eb: Pull complete\n2ca0d283b583: Pull complete\n68c9e0c02ab8: Pull complete\nDigest: sha256:dcb518457b462cd2f1cec6202b5a44ddbb0ac50b6f024a06fe4671db5a119ff1\nStatus: Downloaded newer image for python:3.7.1-alpine3.8\n ---> 020295c920c6\nStep 2/10 : LABEL maintainer Aleksandr.Makhinov <monaxgt@gmail.com>\n ---> Running in 69254c00d130\nRemoving intermediate container 69254c00d130\n ---> 0b01c9857e1c\nStep 3/10 : ENV GOOGLE_MAP_API_KEY='YOUR_GOOGLE_MAP_API_KEY'\n ---> Running in 02ae5523bf76\nRemoving intermediate container 02ae5523bf76\n ---> 9aa6cda7a709\nStep 4/10 : WORKDIR /usr/src/app\nRemoving intermediate container e014bb28b39c\n ---> d8b4f30b03b8\nStep 5/10 : COPY requirements.txt ./\n ---> e8fea8b3ad8e\nStep 6/10 : RUN apk --no-cache --update-cache add gcc gfortran build-base freetype-dev libpng-dev py3-qt5 libxml2-dev libxslt-dev python-dev     && pip install --no-cache-dir setuptools     && pip install --no-cache-dir -r requirements.txt\n ---> Running in 747f6e3e997d\nfetch http://dl-cdn.alpinelinux.org/alpine/v3.8/main/x86_64/APKINDEX.tar.gz\nfetch http://dl-cdn.alpinelinux.org/alpine/v3.8/community/x86_64/APKINDEX.tar.gz\n(1/95) Upgrading musl (1.1.19-r10 -> 1.1.19-r11)\n(2/95) Installing binutils (2.30-r6)\n(3/95) Installing libmagic (5.32-r2)\n(4/95) Installing file (5.32-r2)\n(5/95) Installing gmp (6.1.2-r1)\n(6/95) Installing isl (0.18-r0)\n(7/95) Installing libgomp (6.4.0-r9)\n(8/95) Installing libatomic (6.4.0-r9)\n(9/95) Installing pkgconf (1.5.3-r0)\n(10/95) Installing libgcc (6.4.0-r9)\n(11/95) Installing mpfr3 (3.1.5-r1)\n(12/95) Installing mpc1 (1.0.3-r1)\n(13/95) Installing libstdc++ (6.4.0-r9)\n(14/95) Installing gcc (6.4.0-r9)\n(15/95) Installing musl-dev (1.1.19-r11)\n(16/95) Installing libc-dev (0.7.1-r0)\n(17/95) Installing g++ (6.4.0-r9)\n(18/95) Installing make (4.2.1-r2)\n(19/95) Installing fortify-headers (0.9-r0)\n(20/95) Installing build-base (0.5-r1)\n(21/95) Installing libpng (1.6.37-r0)\n(22/95) Installing freetype (2.9.1-r1)\n(23/95) Installing zlib-dev (1.2.11-r1)\n(24/95) Installing libpng-dev (1.6.37-r0)\n(25/95) Installing freetype-dev (2.9.1-r1)\n(26/95) Installing libquadmath (6.4.0-r9)\n(27/95) Installing libgfortran (6.4.0-r9)\n(28/95) Installing gfortran (6.4.0-r9)\n(29/95) Upgrading musl-utils (1.1.19-r10 -> 1.1.19-r11)\n(30/95) Installing libxml2 (2.9.8-r2)\n(31/95) Installing libxml2-dev (2.9.8-r2)\n(32/95) Installing libgpg-error (1.30-r0)\n(33/95) Installing libgcrypt (1.8.3-r2)\n(34/95) Installing libxslt (1.1.33-r3)\n(35/95) Installing libxslt-dev (1.1.33-r3)\n(36/95) Installing py-sip (4.19.7-r0)\n(37/95) Installing dbus-libs (1.10.28-r0)\n(38/95) Installing libblkid (2.32-r0)\n(39/95) Installing libmount (2.32-r0)\n(40/95) Installing pcre (8.42-r0)\n(41/95) Installing glib (2.56.1-r1)\n(42/95) Installing icu-libs (60.2-r3)\n(43/95) Installing libpcre2-16 (10.31-r0)\n(44/95) Installing qt5-qtbase (5.10.1-r0)\n(45/95) Installing hicolor-icon-theme (0.17-r0)\n(46/95) Installing libxau (1.0.8-r2)\n(47/95) Installing libbsd (0.8.6-r2)\n(48/95) Installing libxdmcp (1.1.2-r4)\n(49/95) Installing libxcb (1.13-r2)\n(50/95) Installing libx11 (1.6.6-r0)\n(51/95) Installing libpciaccess (0.13.5-r1)\n(52/95) Installing libdrm (2.4.92-r0)\n(53/95) Installing wayland-libs-server (1.15.0-r0)\n(54/95) Installing mesa-gbm (18.0.5-r0)\n(55/95) Installing mesa-glapi (18.0.5-r0)\n(56/95) Installing wayland-libs-client (1.15.0-r0)\n(57/95) Installing libxshmfence (1.2-r2)\n(58/95) Installing mesa-egl (18.0.5-r0)\n(59/95) Installing libxdamage (1.1.4-r1)\n(60/95) Installing libxext (1.3.3-r2)\n(61/95) Installing libxfixes (5.0.3-r1)\n(62/95) Installing libxxf86vm (1.1.4-r1)\n(63/95) Installing mesa-gl (18.0.5-r0)\n(64/95) Installing libice (1.0.9-r2)\n(65/95) Installing libsm (1.2.2-r1)\n(66/95) Installing libxi (1.7.9-r1)\n(67/95) Installing libxrender (0.9.10-r2)\n(68/95) Installing avahi-libs (0.7-r2)\n(69/95) Installing nettle (3.4.1-r0)\n(70/95) Installing p11-kit (0.23.10-r0)\n(71/95) Installing libtasn1 (4.14-r0)\n(72/95) Installing libunistring (0.9.7-r0)\n(73/95) Installing gnutls (3.6.14-r0)\n(74/95) Installing cups-libs (2.2.12-r0)\n(75/95) Installing fontconfig (2.12.6-r1)\n(76/95) Installing graphite2 (1.3.11-r1)\n(77/95) Installing harfbuzz (1.7.6-r1)\n(78/95) Installing libevdev (1.5.9-r0)\n(79/95) Installing mtdev (1.1.5-r2)\n(80/95) Installing eudev-libs (3.2.5-r2)\n(81/95) Installing libinput-libs (1.10.5-r0)\n(82/95) Installing libjpeg-turbo (1.5.3-r6)\n(83/95) Installing xcb-util-wm (0.4.1-r1)\n(84/95) Installing xcb-util (0.4.0-r1)\n(85/95) Installing xcb-util-image (0.4.0-r1)\n(86/95) Installing xcb-util-keysyms (0.4.0-r1)\n(87/95) Installing xcb-util-renderutil (0.3.9-r1)\n(88/95) Installing libxkbcommon (0.7.1-r1)\n(89/95) Installing qt5-qtbase-x11 (5.10.1-r0)\n(90/95) Installing qt5-qtsvg (5.10.1-r0)\n(91/95) Installing qt5-qtwebsockets (5.10.1-r1)\n(92/95) Installing py3-qt5 (5.10.1-r0)\n(93/95) Installing python2 (2.7.15-r3)\n(94/95) Installing py2-sip (4.19.7-r0)\n(95/95) Installing python2-dev (2.7.15-r3)\nExecuting busybox-1.28.4-r2.trigger\nExecuting glib-2.56.1-r1.trigger\nOK: 357 MiB in 127 packages\nRequirement already satisfied: setuptools in /usr/local/lib/python3.7/site-packages (40.6.3)\n\u001b[91mYou are using pip version 18.1, however version 20.2b1 is available.\nYou should consider upgrading via the 'pip install --upgrade pip' command.\n\u001b[0mCollecting lxml>=4.2.1 (from -r requirements.txt (line 1))\n  Downloading https://files.pythonhosted.org/packages/03/a8/73d795778143be51d8b86750b371b3efcd7139987f71618ad9f4b8b65543/lxml-4.5.1.tar.gz (4.5MB)\nCollecting pyquery>=1.4.0 (from -r requirements.txt (line 2))\n  Downloading https://files.pythonhosted.org/packages/78/43/95d42e386c61cb639d1a0b94f0c0b9f0b7d6b981ad3c043a836c8b5bc68b/pyquery-1.4.1-py2.py3-none-any.whl\nCollecting Flask>=0.12.3 (from -r requirements.txt (line 3))\n  Downloading https://files.pythonhosted.org/packages/f2/28/2a03252dfb9ebf377f40fba6a7841b47083260bf8bd8e737b0c6952df83f/Flask-1.1.2-py2.py3-none-any.whl (94kB)\nCollecting pandas>=0.22.0 (from -r requirements.txt (line 4))\n  Downloading https://files.pythonhosted.org/packages/31/29/ede692aa6547dfc1f07a4d69e8411b35225218bcfbe9787e78b67a35d103/pandas-1.0.5.tar.gz (5.0MB)\n  Installing build dependencies: started\n  Installing build dependencies: still running...\n  Installing build dependencies: still running...\n  Installing build dependencies: still running...\n  Installing build dependencies: still running...\n  Installing build dependencies: still running...\n  Installing build dependencies: finished with status 'done'\nCollecting termcolor>=1.1.0 (from -r requirements.txt (line 5))\n  Downloading https://files.pythonhosted.org/packages/8a/48/a76be51647d0eb9f10e2a4511bf3ffb8cc1e6b14e9e4fab46173aa79f981/termcolor-1.1.0.tar.gz\nCollecting geopy>=1.11.0 (from -r requirements.txt (line 6))\n  Downloading https://files.pythonhosted.org/packages/07/e1/9c72de674d5c2b8fcb0738a5ceeb5424941fefa080bfe4e240d0bacb5a38/geopy-2.0.0-py3-none-any.whl (111kB)\nCollecting requests>=2.19.1 (from -r requirements.txt (line 7))\n  Downloading https://files.pythonhosted.org/packages/45/1e/0c169c6a5381e241ba7404532c16a21d86ab872c9bed8bdcd4c423954103/requests-2.24.0-py2.py3-none-any.whl (61kB)\nCollecting numpy>=1.14.1 (from -r requirements.txt (line 8))\n  Downloading https://files.pythonhosted.org/packages/f1/2c/717bdd12404c73ec0c8c734c81a0bad7048866bc36a88a1b69fd52b01c07/numpy-1.19.0.zip (7.3MB)\n  Installing build dependencies: started\n  Installing build dependencies: finished with status 'done'\nCollecting matplotlib>=2.2.2 (from -r requirements.txt (line 9))\n  Downloading https://files.pythonhosted.org/packages/9c/4b/06f4aa9bef6b5e4f177881b4dedd94faa6e7cb3d95dfaeaa8a1a8b541095/matplotlib-3.2.2.tar.gz (40.3MB)\n    Complete output from command python setup.py egg_info:\n    Processing numpy/random/_bounded_integers.pxd.in\n    Processing numpy/random/_mt19937.pyx\n    Traceback (most recent call last):\n      File \"/tmp/easy_install-7grllf8_/numpy-1.19.0/tools/cythonize.py\", line 59, in process_pyx\n        from Cython.Compiler.Version import version as cython_version\n    ModuleNotFoundError: No module named 'Cython'\n    \n    During handling of the above exception, another exception occurred:\n    \n    Traceback (most recent call last):\n      File \"/tmp/easy_install-7grllf8_/numpy-1.19.0/tools/cythonize.py\", line 235, in <module>\n        main()\n      File \"/tmp/easy_install-7grllf8_/numpy-1.19.0/tools/cythonize.py\", line 231, in main\n        find_process_files(root_dir)\n      File \"/tmp/easy_install-7grllf8_/numpy-1.19.0/tools/cythonize.py\", line 222, in find_process_files\n        process(root_dir, fromfile, tofile, function, hash_db)\n      File \"/tmp/easy_install-7grllf8_/numpy-1.19.0/tools/cythonize.py\", line 188, in process\n        processor_function(fromfile, tofile)\n      File \"/tmp/easy_install-7grllf8_/numpy-1.19.0/tools/cythonize.py\", line 64, in process_pyx\n        raise OSError('Cython needs to be installed in Python as a module')\n    OSError: Cython needs to be installed in Python as a module\n    Running from numpy source directory.\n    /tmp/easy_install-7grllf8_/numpy-1.19.0/setup.py:460: UserWarning: Unrecognized setuptools command, proceeding with generating Cython sources and expanding templates\n      run_build = parse_setuppy_commands()\n    Traceback (most recent call last):\n      File \"/usr/local/lib/python3.7/site-packages/setuptools/sandbox.py\", line 154, in save_modules\n        yield saved\n      File \"/usr/local/lib/python3.7/site-packages/setuptools/sandbox.py\", line 195, in setup_context\n        yield\n      File \"/usr/local/lib/python3.7/site-packages/setuptools/sandbox.py\", line 250, in run_setup\n        _execfile(setup_script, ns)\n      File \"/usr/local/lib/python3.7/site-packages/setuptools/sandbox.py\", line 45, in _execfile\n        exec(code, globals, locals)\n      File \"/tmp/easy_install-7grllf8_/numpy-1.19.0/setup.py\", line 489, in <module>\n      File \"/tmp/easy_install-7grllf8_/numpy-1.19.0/setup.py\", line 469, in setup_package\n      File \"/tmp/easy_install-7grllf8_/numpy-1.19.0/setup.py\", line 274, in generate_cython\n        \"python-dateutil>=2.1\",\n    RuntimeError: Running cythonize failed!\n    \n    During handling of the above exception, another exception occurred:\n    \n    Traceback (most recent call last):\n      File \"<string>\", line 1, in <module>\n      File \"/tmp/pip-install-1mr9r96h/matplotlib/setup.py\", line 277, in <module>\n        cmdclass=cmdclass,\n      File \"/usr/local/lib/python3.7/site-packages/setuptools/__init__.py\", line 142, in setup\n        _install_setup_requires(attrs)\n      File \"/usr/local/lib/python3.7/site-packages/setuptools/__init__.py\", line 137, in _install_setup_requires\n        dist.fetch_build_eggs(dist.setup_requires)\n      File \"/usr/local/lib/python3.7/site-packages/setuptools/dist.py\", line 586, in fetch_build_eggs\n        replace_conflicting=True,\n      File \"/usr/local/lib/python3.7/site-packages/pkg_resources/__init__.py\", line 780, in resolve\n        replace_conflicting=replace_conflicting\n      File \"/usr/local/lib/python3.7/site-packages/pkg_resources/__init__.py\", line 1063, in best_match\n        return self.obtain(req, installer)\n      File \"/usr/local/lib/python3.7/site-packages/pkg_resources/__init__.py\", line 1075, in obtain\n        return installer(requirement)\n      File \"/usr/local/lib/python3.7/site-packages/setuptools/dist.py\", line 653, in fetch_build_egg\n        return cmd.easy_install(req)\n      File \"/usr/local/lib/python3.7/site-packages/setuptools/command/easy_install.py\", line 679, in easy_install\n        return self.install_item(spec, dist.location, tmpdir, deps)\n      File \"/usr/local/lib/python3.7/site-packages/setuptools/command/easy_install.py\", line 705, in install_item\n        dists = self.install_eggs(spec, download, tmpdir)\n      File \"/usr/local/lib/python3.7/site-packages/setuptools/command/easy_install.py\", line 890, in install_eggs\n        return self.build_and_install(setup_script, setup_base)\n      File \"/usr/local/lib/python3.7/site-packages/setuptools/command/easy_install.py\", line 1158, in build_and_install\n        self.run_setup(setup_script, setup_base, args)\n      File \"/usr/local/lib/python3.7/site-packages/setuptools/command/easy_install.py\", line 1144, in run_setup\n        run_setup(setup_script, args)\n      File \"/usr/local/lib/python3.7/site-packages/setuptools/sandbox.py\", line 253, in run_setup\n        raise\n      File \"/usr/local/lib/python3.7/contextlib.py\", line 130, in __exit__\n        self.gen.throw(type, value, traceback)\n      File \"/usr/local/lib/python3.7/site-packages/setuptools/sandbox.py\", line 195, in setup_context\n        yield\n      File \"/usr/local/lib/python3.7/contextlib.py\", line 130, in __exit__\n        self.gen.throw(type, value, traceback)\n      File \"/usr/local/lib/python3.7/site-packages/setuptools/sandbox.py\", line 166, in save_modules\n        saved_exc.resume()\n      File \"/usr/local/lib/python3.7/site-packages/setuptools/sandbox.py\", line 141, in resume\n        six.reraise(type, exc, self._tb)\n      File \"/usr/local/lib/python3.7/site-packages/setuptools/_vendor/six.py\", line 685, in reraise\n        raise value.with_traceback(tb)\n      File \"/usr/local/lib/python3.7/site-packages/setuptools/sandbox.py\", line 154, in save_modules\n        yield saved\n      File \"/usr/local/lib/python3.7/site-packages/setuptools/sandbox.py\", line 195, in setup_context\n        yield\n      File \"/usr/local/lib/python3.7/site-packages/setuptools/sandbox.py\", line 250, in run_setup\n        _execfile(setup_script, ns)\n      File \"/usr/local/lib/python3.7/site-packages/setuptools/sandbox.py\", line 45, in _execfile\n        exec(code, globals, locals)\n      File \"/tmp/easy_install-7grllf8_/numpy-1.19.0/setup.py\", line 489, in <module>\n      File \"/tmp/easy_install-7grllf8_/numpy-1.19.0/setup.py\", line 469, in setup_package\n      File \"/tmp/easy_install-7grllf8_/numpy-1.19.0/setup.py\", line 274, in generate_cython\n        \"python-dateutil>=2.1\",\n    RuntimeError: Running cythonize failed!\n    \n    Edit setup.cfg to change the build options; suppress output with --quiet.\n    \n    BUILDING MATPLOTLIB\n      matplotlib: yes [3.2.2]\n          python: yes [3.7.1 (default, Dec 21 2018, 03:21:42)  [GCC 6.4.0]]\n        platform: yes [linux]\n     sample_data: yes [installing]\n           tests: no  [skipping due to configuration]\n             agg: yes [installing]\n           tkagg: yes [installing; run-time loading from Python Tcl/Tk]\n          macosx: no  [Mac OS-X only]\n    \n    Cythonizing sources\n    \n    ----------------------------------------\n\u001b[91mCommand \"python setup.py egg_info\" failed with error code 1 in /tmp/pip-install-1mr9r96h/matplotlib/\n\u001b[0m\u001b[91mYou are using pip version 18.1, however version 20.2b1 is available.\nYou should consider upgrading via the 'pip install --upgrade pip' command.\n\u001b[0m",
    "raw_stderr_log": "The command '/bin/sh -c apk --no-cache --update-cache add gcc gfortran build-base freetype-dev libpng-dev py3-qt5 libxml2-dev libxslt-dev python-dev     && pip install --no-cache-dir setuptools     && pip install --no-cache-dir -r requirements.txt' returned a non-zero code: 1",
    "html_url": "https://github.com/batuhaniskr/twitter-intelligence",
    "repo_commit": "e49d0b75dbbf4c86fa3abd5cea917473a0669ecc",
    "repo_id": 92936435
  },
  {
    "raw_dockerfile": "FROM python:3-alpine\n\nRUN apk --update add --virtual build-dependencies \\\n    python3-dev python-dev libffi-dev openssl-dev build-base && \\\n    pip install --upgrade pip cffi cryptography && \\\n    apk add --no-cache bash git && \\\n    rm -rf /var/cache/apk/*\n\nCOPY requirements.txt /app/requirements.txt\nWORKDIR /app\nRUN pip install -r /app/requirements.txt\n\nRUN apk del build-dependencies\nRUN apk --update add libffi-dev\n\n\nCOPY ./ /app/",
    "raw_stdout_log": "Sending build context to Docker daemon  643.6kB\r\r\nStep 1/8 : FROM python:3-alpine\n3-alpine: Pulling from library/python\ndf20fa9351a1: Already exists\n36b3adc4ff6f: Already exists\n7031d6d6c7f1: Already exists\n81b7f5a7444b: Already exists\n0f8a54c5d7c7: Already exists\nDigest: sha256:c5623df482648cacece4f9652a0ae04b51576c93773ccd43ad459e2a195906dd\nStatus: Downloaded newer image for python:3-alpine\n ---> 8ecf5a48c789\nStep 2/8 : RUN apk --update add --virtual build-dependencies     python3-dev python-dev libffi-dev openssl-dev build-base &&     pip install --upgrade pip cffi cryptography &&     apk add --no-cache bash git &&     rm -rf /var/cache/apk/*\n ---> Running in de1e0077077e\nfetch http://dl-cdn.alpinelinux.org/alpine/v3.12/main/x86_64/APKINDEX.tar.gz\nfetch http://dl-cdn.alpinelinux.org/alpine/v3.12/community/x86_64/APKINDEX.tar.gz\n\u001b[91mERROR: unsatisfiable constraints:\n\u001b[0m  python-dev (missing):\n    required by: build-dependencies-20200708.014033[python-dev]",
    "raw_stderr_log": "The command '/bin/sh -c apk --update add --virtual build-dependencies     python3-dev python-dev libffi-dev openssl-dev build-base &&     pip install --upgrade pip cffi cryptography &&     apk add --no-cache bash git &&     rm -rf /var/cache/apk/*' returned a non-zero code: 2",
    "html_url": "https://github.com/julienstroheker/dcos-autoscaler",
    "repo_commit": "7a99f49e1976ba75fbba5e1a2b5abd2ed5e5ed96",
    "repo_id": 95251847
  }
]